      Step     Time          Energy          fmax
FIRE:    0 11:21:08      226.083752      155.712629
FIRE:    1 11:21:08      167.604888       90.647134
FIRE:    2 11:21:08      129.981719       50.052787
FIRE:    3 11:21:08      105.693691       39.226556
FIRE:    4 11:21:08       91.272862       28.378674
FIRE:    5 11:21:08       85.382812       29.920477
FIRE:    6 11:21:08       85.823652       53.797781
FIRE:    7 11:21:08       75.248915       26.103984
FIRE:    8 11:21:08       74.730640       27.084924
FIRE:    9 11:21:08       72.715505       24.867262
FIRE:   10 11:21:09       69.880400       24.221910
FIRE:   11 11:21:09       67.658239       23.822713
FIRE:   12 11:21:09       66.295373       23.667297
FIRE:   13 11:21:09       64.484259       23.285712
FIRE:   14 11:21:09       61.258255       22.356989
FIRE:   15 11:21:09       57.248679       21.071587
FIRE:   16 11:21:09       53.237606       19.686829
FIRE:   17 11:21:09       49.507641       18.362993
FIRE:   18 11:21:09       45.609535       17.029693
FIRE:   19 11:21:09       41.395389       15.651070
FIRE:   20 11:21:09       37.517863       14.426105
FIRE:   21 11:21:09       34.364401       13.433311
FIRE:   22 11:21:09       31.555110       12.465859
FIRE:   23 11:21:09       28.752510       11.371654
FIRE:   24 11:21:09       26.128546       10.233880
FIRE:   25 11:21:09       23.868375        9.170857
FIRE:   26 11:21:09       21.888321        8.195360
FIRE:   27 11:21:09       20.066343        7.284757
FIRE:   28 11:21:09       18.391455        6.444665
FIRE:   29 11:21:09       16.920500        5.691721
FIRE:   30 11:21:09       15.665202        5.007504
FIRE:   31 11:21:09       14.569272        4.347117
FIRE:   32 11:21:09       13.602958        3.694066
FIRE:   33 11:21:09       12.779628        3.068539
FIRE:   34 11:21:09       12.101101        2.490301
FIRE:   35 11:21:09       11.546204        1.962661
FIRE:   36 11:21:09       11.093012        1.484240
FIRE:   37 11:21:09       10.732200        1.055606
FIRE:   38 11:21:10       10.458707        0.774846
FIRE:   39 11:21:10       10.253894        0.802054
FIRE:   40 11:21:10       10.095911        0.809311
FIRE:   41 11:21:10        9.973844        0.791323
FIRE:   42 11:21:10        9.882658        0.743334
FIRE:   43 11:21:10        9.817952        0.661843
FIRE:   44 11:21:10        9.776010        0.638018
FIRE:   45 11:21:10        9.756805        0.709481
FIRE:   46 11:21:10        9.695952        0.675927
FIRE:   47 11:21:10        9.623167        0.580137
FIRE:   48 11:21:10        9.567763        0.427419
FIRE:   49 11:21:10        9.539320        0.230677
FIRE:   50 11:21:10        9.516162        0.264149
FIRE:   51 11:21:10        9.510623        0.285561
FIRE:   52 11:21:10        9.504484        0.234322
FIRE:   53 11:21:10        9.495410        0.228842
FIRE:   54 11:21:10        9.485733        0.213219
FIRE:   55 11:21:10        9.475390        0.183152
FIRE:   56 11:21:10        9.465121        0.139883
FIRE:   57 11:21:10        9.457174        0.141331
FIRE:   58 11:21:10        9.451864        0.188874
FIRE:   59 11:21:10        9.447426        0.230305
FIRE:   60 11:21:10        9.443949        0.262092
FIRE:   61 11:21:10        9.439893        0.286310
FIRE:   62 11:21:10        9.432162        0.303033
FIRE:   63 11:21:10        9.420141        0.302476
FIRE:   64 11:21:11        9.400890        0.274251
FIRE:   65 11:21:11        9.378044        0.226121
FIRE:   66 11:21:11        9.352380        0.192765
FIRE:   67 11:21:11        9.321898        0.163717
FIRE:   68 11:21:11        9.276142        0.189885
FIRE:   69 11:21:11        9.209023        0.287868
FIRE:   70 11:21:11        9.142112        0.357120
FIRE:   71 11:21:11        9.080558        0.567756
FIRE:   72 11:21:11        9.002354        0.717769
FIRE:   73 11:21:11        8.978698        0.487333
FIRE:   74 11:21:11        8.970322        0.476813
FIRE:   75 11:21:11        8.961562        0.458657
FIRE:   76 11:21:11        8.956659        0.439659
FIRE:   77 11:21:11        8.949237        0.428048
FIRE:   78 11:21:11        8.934454        0.426834
FIRE:   79 11:21:11        8.917034        0.433579
FIRE:   80 11:21:11        8.901573        0.441835
FIRE:   81 11:21:11        8.881617        0.445341
FIRE:   82 11:21:11        8.851273        0.441215
FIRE:   83 11:21:11        8.815103        0.435374
FIRE:   84 11:21:11        8.769094        0.448510
FIRE:   85 11:21:11        8.704227        0.491325
FIRE:   86 11:21:11        8.622748        0.541670
FIRE:   87 11:21:11        8.507794        0.574902
FIRE:   88 11:21:11        8.372424        0.617206
FIRE:   89 11:21:12        8.225791        0.670551
FIRE:   90 11:21:12        8.069358        0.700835
FIRE:   91 11:21:12        7.904787        0.720087
FIRE:   92 11:21:12        7.730369        0.748595
FIRE:   93 11:21:12        7.550569        0.771947
FIRE:   94 11:21:12        7.365824        0.782391
FIRE:   95 11:21:12        7.179767        0.782614
FIRE:   96 11:21:12        6.994777        0.777939
FIRE:   97 11:21:12        6.814160        0.765808
FIRE:   98 11:21:12        6.642125        0.732025
FIRE:   99 11:21:12        6.482989        0.687385
FIRE:  100 11:21:12        6.337759        0.635659
FIRE:  101 11:21:12        6.205479        0.576797
FIRE:  102 11:21:12        6.082638        0.516504
FIRE:  103 11:21:12        5.963590        0.463891
FIRE:  104 11:21:12        5.843840        0.422332
FIRE:  105 11:21:12        5.723742        0.390062
FIRE:  106 11:21:12        5.609236        0.363355
FIRE:  107 11:21:12        5.508638        0.334706
FIRE:  108 11:21:12        5.427104        0.336220
FIRE:  109 11:21:12        5.362381        0.332338
FIRE:  110 11:21:12        5.305675        0.324314
FIRE:  111 11:21:12        5.246814        0.309567
FIRE:  112 11:21:12        5.178837        0.284947
FIRE:  113 11:21:12        5.100739        0.286606
FIRE:  114 11:21:13        5.018875        0.247223
FIRE:  115 11:21:13        4.944888        0.207868
FIRE:  116 11:21:13        4.888779        0.232740
FIRE:  117 11:21:13        4.850768        0.245092
FIRE:  118 11:21:13        4.822061        0.244754
FIRE:  119 11:21:13        4.791179        0.290089
FIRE:  120 11:21:13        4.752153        0.270694
FIRE:  121 11:21:13        4.709465        0.174311
FIRE:  122 11:21:13        4.676385        0.114711
FIRE:  123 11:21:13        4.665324        0.124995
FIRE:  124 11:21:13        4.669579        0.217177
FIRE:  125 11:21:13        4.658520        0.076771
FIRE:  126 11:21:13        4.660693        0.135920
FIRE:  127 11:21:13        4.659034        0.109338
FIRE:  128 11:21:13        4.656916        0.061015
FIRE:  129 11:21:13        4.655773        0.049443
FIRE:  130 11:21:13        4.656019        0.055609
FIRE:  131 11:21:13        4.655935        0.053277
FIRE:  132 11:21:13        4.655783        0.053293
FIRE:  133 11:21:13        4.655587        0.053276
FIRE:  134 11:21:13        4.655377        0.053175
FIRE:  135 11:21:13        4.655181        0.052930
FIRE:  136 11:21:13        4.655015        0.052474
FIRE:  137 11:21:14        4.654883        0.051755
FIRE:  138 11:21:14        4.654757        0.050664
FIRE:  139 11:21:14        4.654615        0.049196
FIRE:  140 11:21:14        4.654420        0.047419
FIRE:  141 11:21:14        4.654137        0.045476
FIRE:  142 11:21:14        4.653753        0.043593
FIRE:  143 11:21:14        4.653290        0.042076
FIRE:  144 11:21:14        4.652804        0.041253
FIRE:  145 11:21:14        4.652308        0.041202
FIRE:  146 11:21:14        4.651723        0.041402
FIRE:  147 11:21:14        4.650971        0.040921
FIRE:  148 11:21:14        4.650127        0.038850
FIRE:  149 11:21:14        4.649259        0.035548
FIRE:  150 11:21:14        4.648207        0.033174
FIRE:  151 11:21:14        4.647020        0.033235
FIRE:  152 11:21:14        4.645682        0.035491
FIRE:  153 11:21:14        4.644039        0.039318
FIRE:  154 11:21:14        4.642048        0.039751
FIRE:  155 11:21:14        4.639679        0.085147
FIRE:  156 11:21:14        4.639270        0.237537
FIRE:  157 11:21:14        4.635393        0.046799
FIRE:  158 11:21:14        4.635305        0.046699
FIRE:  159 11:21:14        4.635171        0.046516
FIRE:  160 11:21:14        4.635028        0.046304
FIRE:  161 11:21:14        4.634863        0.046155
FIRE:  162 11:21:14        4.634633        0.046155
FIRE:  163 11:21:15        4.634327        0.046348
FIRE:  164 11:21:15        4.633974        0.046726
FIRE:  165 11:21:15        4.633552        0.047309
FIRE:  166 11:21:15        4.633013        0.048051
FIRE:  167 11:21:15        4.632288        0.048888
FIRE:  168 11:21:15        4.631377        0.049800
FIRE:  169 11:21:15        4.630220        0.050964
FIRE:  170 11:21:15        4.628686        0.052710
FIRE:  171 11:21:15        4.626727        0.055178
FIRE:  172 11:21:15        4.624119        0.058061
FIRE:  173 11:21:15        4.620715        0.060995
FIRE:  174 11:21:15        4.616201        0.064286
FIRE:  175 11:21:15        4.610240        0.068052
FIRE:  176 11:21:15        4.602429        0.073057
FIRE:  177 11:21:15        4.592371        0.076683
FIRE:  178 11:21:16        4.581781        0.222789
FIRE:  179 11:21:16        4.604678        0.866448
FIRE:  180 11:21:16        4.568315        0.336141
FIRE:  181 11:21:16        4.564375        0.229768
FIRE:  182 11:21:16        4.560947        0.100882
FIRE:  183 11:21:16        4.561544        0.145042
FIRE:  184 11:21:16        4.561284        0.132315
FIRE:  185 11:21:16        4.560835        0.108016
FIRE:  186 11:21:16        4.560318        0.097378
FIRE:  187 11:21:16        4.559856        0.097867
FIRE:  188 11:21:16        4.559528        0.098304
FIRE:  189 11:21:16        4.559323        0.098624
FIRE:  190 11:21:16        4.559150        0.098810
FIRE:  191 11:21:16        4.558872        0.098883
FIRE:  192 11:21:16        4.558372        0.098842
FIRE:  193 11:21:16        4.557602        0.098680
FIRE:  194 11:21:17        4.556636        0.098385
FIRE:  195 11:21:17        4.555637        0.097999
FIRE:  196 11:21:17        4.554609        0.097761
FIRE:  197 11:21:17        4.553244        0.098041
FIRE:  198 11:21:17        4.551305        0.099079
FIRE:  199 11:21:17        4.549039        0.100710
FIRE:  200 11:21:17        4.546489        0.102317
FIRE:  201 11:21:17        4.543036        0.103409
FIRE:  202 11:21:17        4.538894        0.103813
FIRE:  203 11:21:17        4.533849        0.104752
FIRE:  204 11:21:17        4.527473        0.107016
FIRE:  205 11:21:17        4.519712        0.108664
FIRE:  206 11:21:18        4.510339        0.109138
FIRE:  207 11:21:18        4.498810        0.112339
FIRE:  208 11:21:18        4.485301        0.110546
FIRE:  209 11:21:18        4.470393        0.109234
FIRE:  210 11:21:18        4.459184        0.297260
FIRE:  211 11:21:18        4.493133        0.919194
FIRE:  212 11:21:18        4.441304        0.148220
FIRE:  213 11:21:18        4.440560        0.104579
FIRE:  214 11:21:19        4.439784        0.084240
FIRE:  215 11:21:19        4.439561        0.083710
FIRE:  216 11:21:19        4.439516        0.083583
FIRE:  217 11:21:19        4.439432        0.083332
FIRE:  218 11:21:19        4.439321        0.082969
FIRE:  219 11:21:19        4.439193        0.082511
FIRE:  220 11:21:19        4.439058        0.081983
FIRE:  221 11:21:19        4.438918        0.081421
FIRE:  222 11:21:19        4.438767        0.080864
FIRE:  223 11:21:19        4.438576        0.080299
FIRE:  224 11:21:19        4.438326        0.079767
FIRE:  225 11:21:19        4.437999        0.079303
FIRE:  226 11:21:19        4.437589        0.078922
FIRE:  227 11:21:19        4.437102        0.078592
FIRE:  228 11:21:20        4.436532        0.078221
FIRE:  229 11:21:20        4.435841        0.077670
FIRE:  230 11:21:20        4.434982        0.076821
FIRE:  231 11:21:20        4.433959        0.075642
FIRE:  232 11:21:20        4.432775        0.074299
FIRE:  233 11:21:20        4.431359        0.073048
FIRE:  234 11:21:20        4.429706        0.071710
FIRE:  235 11:21:20        4.427812        0.069427
FIRE:  236 11:21:21        4.425621        0.065802
FIRE:  237 11:21:21        4.423154        0.062201
FIRE:  238 11:21:21        4.420397        0.059379
FIRE:  239 11:21:21        4.417341        0.054423
FIRE:  240 11:21:21        4.414032        0.050304
FIRE:  241 11:21:22        4.410569        0.043307
FIRE:  242 11:21:22        4.407574        0.096878
FIRE:  243 11:21:22        4.407847        0.251029
FIRE:  244 11:21:22        4.403500        0.030820
FIRE:  245 11:21:22        4.406810        0.222340
FIRE:  246 11:21:22        4.405341        0.169667
FIRE:  247 11:21:22        4.403705        0.076324
FIRE:  248 11:21:22        4.403350        0.035829
FIRE:  249 11:21:22        4.403336        0.033643
FIRE:  250 11:21:23        4.403311        0.029733
FIRE:  251 11:21:23        4.403279        0.029891
FIRE:  252 11:21:23        4.403246        0.030079
FIRE:  253 11:21:23        4.403215        0.030279
FIRE:  254 11:21:23        4.403190        0.030467
FIRE:  255 11:21:23        4.403169        0.030616
FIRE:  256 11:21:23        4.403147        0.030715
FIRE:  257 11:21:23        4.403118        0.030734
FIRE:  258 11:21:24        4.403074        0.030649
FIRE:  259 11:21:24        4.403010        0.030438
FIRE:  260 11:21:24        4.402928        0.030096
FIRE:  261 11:21:24        4.402836        0.029650
FIRE:  262 11:21:24        4.402736        0.029194
FIRE:  263 11:21:24        4.402615        0.028871
FIRE:  264 11:21:24        4.402452        0.028787
FIRE:  265 11:21:24        4.402250        0.028923
FIRE:  266 11:21:24        4.402021        0.029028
FIRE:  267 11:21:24        4.401735        0.028739
FIRE:  268 11:21:24        4.401376        0.027948
FIRE:  269 11:21:24        4.400956        0.027831
FIRE:  270 11:21:24        4.400423        0.028052
FIRE:  271 11:21:24        4.399790        0.028190
FIRE:  272 11:21:24        4.398993        0.029175
FIRE:  273 11:21:24        4.398022        0.030107
FIRE:  274 11:21:24        4.396825        0.030491
FIRE:  275 11:21:24        4.395351        0.032823
FIRE:  276 11:21:25        4.393604        0.053675
FIRE:  277 11:21:25        4.392064        0.116271
FIRE:  278 11:21:25        4.390955        0.036706
FIRE:  279 11:21:25        4.391556        0.105860
FIRE:  280 11:21:25        4.391196        0.080955
FIRE:  281 11:21:25        4.390781        0.037039
FIRE:  282 11:21:25        4.390642        0.037469
FIRE:  283 11:21:25        4.390634        0.037456
FIRE:  284 11:21:25        4.390619        0.037431
FIRE:  285 11:21:25        4.390598        0.037397
FIRE:  286 11:21:25        4.390572        0.037360
FIRE:  287 11:21:25        4.390541        0.037325
FIRE:  288 11:21:25        4.390507        0.037299
FIRE:  289 11:21:25        4.390470        0.037290
FIRE:  290 11:21:25        4.390423        0.037306
FIRE:  291 11:21:25        4.390363        0.037359
FIRE:  292 11:21:25        4.390286        0.037463
FIRE:  293 11:21:25        4.390188        0.037630
FIRE:  294 11:21:25        4.390064        0.037869
FIRE:  295 11:21:25        4.389913        0.038175
FIRE:  296 11:21:25        4.389727        0.038525
FIRE:  297 11:21:25        4.389495        0.038887
FIRE:  298 11:21:25        4.389202        0.039236
FIRE:  299 11:21:26        4.388839        0.039599
FIRE:  300 11:21:26        4.388389        0.040072
FIRE:  301 11:21:26        4.387824        0.040773
FIRE:  302 11:21:26        4.387113        0.041741
FIRE:  303 11:21:26        4.386222        0.042851
FIRE:  304 11:21:26        4.385087        0.044002
FIRE:  305 11:21:26        4.383642        0.045457
FIRE:  306 11:21:26        4.381777        0.047531
FIRE:  307 11:21:26        4.379353        0.049899
FIRE:  308 11:21:26        4.376163        0.052655
FIRE:  309 11:21:26        4.371922        0.056436
FIRE:  310 11:21:26        4.366272        0.059993
FIRE:  311 11:21:26        4.359332        0.098351
FIRE:  312 11:21:26        4.357052        0.336971
FIRE:  313 11:21:26        4.348288        0.068480
FIRE:  314 11:21:26        4.348103        0.068484
FIRE:  315 11:21:26        4.347827        0.068548
FIRE:  316 11:21:26        4.347534        0.068720
FIRE:  317 11:21:26        4.347190        0.068986
FIRE:  318 11:21:26        4.346707        0.069288
FIRE:  319 11:21:27        4.346070        0.069615
FIRE:  320 11:21:27        4.345349        0.070002
FIRE:  321 11:21:27        4.344499        0.070525
FIRE:  322 11:21:27        4.343414        0.071150
FIRE:  323 11:21:27        4.341974        0.071841
FIRE:  324 11:21:27        4.340213        0.072659
FIRE:  325 11:21:27        4.338015        0.073551
FIRE:  326 11:21:27        4.335185        0.074492
FIRE:  327 11:21:27        4.331700        0.075812
FIRE:  328 11:21:27        4.327225        0.077612
FIRE:  329 11:21:27        4.321613        0.079482
FIRE:  330 11:21:27        4.314521        0.081200
FIRE:  331 11:21:27        4.305627        0.083115
FIRE:  332 11:21:27        4.294909        0.079528
FIRE:  333 11:21:27        4.283641        0.144115
FIRE:  334 11:21:27        4.281144        0.434298
FIRE:  335 11:21:27        4.268289        0.076623
FIRE:  336 11:21:27        4.268177        0.076332
FIRE:  337 11:21:27        4.267964        0.075817
FIRE:  338 11:21:27        4.267662        0.075205
FIRE:  339 11:21:27        4.267271        0.074650
FIRE:  340 11:21:27        4.266784        0.074271
FIRE:  341 11:21:28        4.266201        0.074091
FIRE:  342 11:21:28        4.265528        0.074021
FIRE:  343 11:21:28        4.264691        0.073868
FIRE:  344 11:21:28        4.263651        0.073345
FIRE:  345 11:21:28        4.262353        0.072236
FIRE:  346 11:21:28        4.260750        0.070690
FIRE:  347 11:21:28        4.258779        0.069372
FIRE:  348 11:21:28        4.256342        0.068922
FIRE:  349 11:21:28        4.253355        0.068883
FIRE:  350 11:21:28        4.249694        0.068111
FIRE:  351 11:21:28        4.245250        0.067691
FIRE:  352 11:21:28        4.239874        0.069753
FIRE:  353 11:21:28        4.233394        0.070700
FIRE:  354 11:21:28        4.225563        0.074127
FIRE:  355 11:21:28        4.216203        0.075502
FIRE:  356 11:21:28        4.207232        0.243734
FIRE:  357 11:21:28        4.221845        0.757524
FIRE:  358 11:21:28        4.191197        0.123736
FIRE:  359 11:21:28        4.190672        0.088322
FIRE:  360 11:21:28        4.190051        0.080548
FIRE:  361 11:21:28        4.189709        0.080777
FIRE:  362 11:21:28        4.189494        0.081456
FIRE:  363 11:21:28        4.189011        0.082882
FIRE:  364 11:21:29        4.188180        0.083853
FIRE:  365 11:21:29        4.187270        0.084704
FIRE:  366 11:21:29        4.186394        0.084361
FIRE:  367 11:21:29        4.185311        0.082306
FIRE:  368 11:21:29        4.183721        0.079011
FIRE:  369 11:21:29        4.181916        0.076210
FIRE:  370 11:21:29        4.179753        0.076714
FIRE:  371 11:21:29        4.176794        0.080749
FIRE:  372 11:21:29        4.173473        0.083618
FIRE:  373 11:21:29        4.168986        0.081178
FIRE:  374 11:21:29        4.163667        0.079843
FIRE:  375 11:21:29        4.156982        0.084818
FIRE:  376 11:21:29        4.148561        0.083476
FIRE:  377 11:21:29        4.138163        0.092053
FIRE:  378 11:21:29        4.126864        0.213323
FIRE:  379 11:21:29        4.131415        0.709015
FIRE:  380 11:21:29        4.108694        0.183986
FIRE:  381 11:21:29        4.107547        0.139043
FIRE:  382 11:21:29        4.106263        0.085328
FIRE:  383 11:21:29        4.105789        0.090247
FIRE:  384 11:21:29        4.105720        0.090142
FIRE:  385 11:21:29        4.105591        0.089941
FIRE:  386 11:21:30        4.105414        0.089660
FIRE:  387 11:21:30        4.105205        0.089328
FIRE:  388 11:21:30        4.104974        0.088983
FIRE:  389 11:21:30        4.104722        0.088670
FIRE:  390 11:21:30        4.104443        0.088435
FIRE:  391 11:21:30        4.104089        0.088308
FIRE:  392 11:21:30        4.103629        0.088348
FIRE:  393 11:21:30        4.103031        0.088596
FIRE:  394 11:21:30        4.102273        0.089045
FIRE:  395 11:21:30        4.101347        0.089602
FIRE:  396 11:21:30        4.100227        0.090058
FIRE:  397 11:21:30        4.098843        0.090143
FIRE:  398 11:21:30        4.097097        0.089673
FIRE:  399 11:21:30        4.094940        0.088752
FIRE:  400 11:21:30        4.092319        0.087959
FIRE:  401 11:21:30        4.089063        0.088082
FIRE:  402 11:21:30        4.085043        0.089184
FIRE:  403 11:21:30        4.080132        0.089906
FIRE:  404 11:21:30        4.074059        0.088919
FIRE:  405 11:21:30        4.066660        0.087670
FIRE:  406 11:21:30        4.057636        0.087741
FIRE:  407 11:21:30        4.046741        0.084914
FIRE:  408 11:21:30        4.033813        0.081602
FIRE:  409 11:21:30        4.018903        0.074678
FIRE:  410 11:21:30        4.002813        0.061029
FIRE:  411 11:21:31        3.991898        0.310125
FIRE:  412 11:21:31        4.050056        1.036154
FIRE:  413 11:21:31        3.979149        0.163553
FIRE:  414 11:21:31        3.977672        0.104858
FIRE:  415 11:21:31        3.976294        0.042293
FIRE:  416 11:21:31        3.976315        0.084785
FIRE:  417 11:21:31        3.976250        0.078213
FIRE:  418 11:21:31        3.976138        0.065741
FIRE:  419 11:21:31        3.976011        0.048367
FIRE:  420 11:21:31        3.975905        0.027318
FIRE:  421 11:21:31        3.975845        0.026015
FIRE:  422 11:21:31        3.975834        0.026713
FIRE:  423 11:21:31        3.975832        0.026694
FIRE:  424 11:21:31        3.975828        0.026658
FIRE:  425 11:21:31        3.975822        0.026603
FIRE:  426 11:21:31        3.975815        0.026532
FIRE:  427 11:21:31        3.975806        0.026445
FIRE:  428 11:21:31        3.975796        0.026343
FIRE:  429 11:21:31        3.975785        0.026229
FIRE:  430 11:21:31        3.975773        0.026090
FIRE:  431 11:21:31        3.975759        0.025924
FIRE:  432 11:21:31        3.975742        0.025730
FIRE:  433 11:21:31        3.975723        0.025512
FIRE:  434 11:21:31        3.975700        0.025271
FIRE:  435 11:21:31        3.975672        0.025015
FIRE:  436 11:21:32        3.975637        0.024748
FIRE:  437 11:21:32        3.975593        0.024472
FIRE:  438 11:21:32        3.975538        0.024182
FIRE:  439 11:21:32        3.975472        0.023854
FIRE:  440 11:21:32        3.975395        0.023441
FIRE:  441 11:21:32        3.975305        0.022870
FIRE:  442 11:21:32        3.975197        0.022065
FIRE:  443 11:21:32        3.975067        0.021643
FIRE:  444 11:21:32        3.974916        0.021266
FIRE:  445 11:21:32        3.974743        0.020841
FIRE:  446 11:21:32        3.974543        0.020650
FIRE:  447 11:21:32        3.974316        0.020666
FIRE:  448 11:21:32        3.974067        0.020217
FIRE:  449 11:21:32        3.973794        0.018599
FIRE:  450 11:21:32        3.973512        0.016397
FIRE:  451 11:21:32        3.973231        0.014583
FIRE:  452 11:21:32        3.972973        0.010853
FIRE:  453 11:21:32        3.972770        0.007020
