      Step     Time          Energy          fmax
FIRE:    0 12:05:23       63.997427       24.548846
FIRE:    1 12:05:23       53.302791       20.531947
FIRE:    2 12:05:23       47.158043       19.493773
FIRE:    3 12:05:23       42.585483       18.250129
FIRE:    4 12:05:23       37.683526       16.380339
FIRE:    5 12:05:23       32.909672       14.279107
FIRE:    6 12:05:23       28.808027       12.300109
FIRE:    7 12:05:23       25.228547       10.477576
FIRE:    8 12:05:23       21.961881        8.762902
FIRE:    9 12:05:23       19.056832        7.171653
FIRE:   10 12:05:23       16.682211        5.759950
FIRE:   11 12:05:23       14.942426        4.568974
FIRE:   12 12:05:23       13.796736        3.601856
FIRE:   13 12:05:23       13.060576        3.155834
FIRE:   14 12:05:23       12.468251        3.521444
FIRE:   15 12:05:23       11.776762        3.454482
FIRE:   16 12:05:23       10.907932        2.937300
FIRE:   17 12:05:23        9.990979        2.120543
FIRE:   18 12:05:23        9.222004        1.512931
FIRE:   19 12:05:23        8.712940        1.158658
FIRE:   20 12:05:23        8.455156        0.876146
FIRE:   21 12:05:23        8.360600        0.731032
FIRE:   22 12:05:23        8.344139        0.954297
FIRE:   23 12:05:23        8.108053        0.574493
FIRE:   24 12:05:24        7.957283        0.547590
FIRE:   25 12:05:24        7.939632        0.526262
FIRE:   26 12:05:24        7.909537        0.489666
FIRE:   27 12:05:24        7.872646        0.447323
FIRE:   28 12:05:24        7.830033        0.408428
FIRE:   29 12:05:24        7.778158        0.378785
FIRE:   30 12:05:24        7.713420        0.360539
FIRE:   31 12:05:24        7.635609        0.353566
FIRE:   32 12:05:24        7.537212        0.356472
FIRE:   33 12:05:24        7.416859        0.363381
FIRE:   34 12:05:24        7.271246        0.358965
FIRE:   35 12:05:24        7.101400        0.329104
FIRE:   36 12:05:24        6.942271        0.283721
FIRE:   37 12:05:24        6.805194        0.273353
FIRE:   38 12:05:24        6.689960        0.279070
FIRE:   39 12:05:24        6.598591        0.277880
FIRE:   40 12:05:24        6.533267        0.268888
FIRE:   41 12:05:24        6.492532        0.246193
FIRE:   42 12:05:24        6.462732        0.232321
FIRE:   43 12:05:24        6.437809        0.255176
FIRE:   44 12:05:24        6.433197        0.214144
FIRE:   45 12:05:24        6.422339        0.203853
FIRE:   46 12:05:24        6.405437        0.183237
FIRE:   47 12:05:25        6.387159        0.155413
FIRE:   48 12:05:25        6.367658        0.134953
FIRE:   49 12:05:25        6.344853        0.131479
FIRE:   50 12:05:25        6.319450        0.119487
FIRE:   51 12:05:25        6.294573        0.110706
FIRE:   52 12:05:25        6.269685        0.114040
FIRE:   53 12:05:25        6.243864        0.138336
FIRE:   54 12:05:25        6.212204        0.139329
FIRE:   55 12:05:25        6.170622        0.105122
FIRE:   56 12:05:25        6.117675        0.144333
FIRE:   57 12:05:25        6.056255        0.102171
FIRE:   58 12:05:25        5.993006        0.145026
FIRE:   59 12:05:25        5.929201        0.171067
FIRE:   60 12:05:25        5.862999        0.171791
FIRE:   61 12:05:25        5.793707        0.167412
FIRE:   62 12:05:25        5.719671        0.183009
FIRE:   63 12:05:25        5.639575        0.216675
FIRE:   64 12:05:25        5.554056        0.247076
FIRE:   65 12:05:25        5.462608        0.265568
FIRE:   66 12:05:25        5.362425        0.274799
FIRE:   67 12:05:25        5.250401        0.281173
FIRE:   68 12:05:25        5.125331        0.288026
FIRE:   69 12:05:26        4.985728        0.299367
FIRE:   70 12:05:26        4.830508        0.312997
FIRE:   71 12:05:26        4.659587        0.325839
FIRE:   72 12:05:26        4.474888        0.344821
FIRE:   73 12:05:26        4.282601        0.351653
FIRE:   74 12:05:26        4.092836        0.337252
FIRE:   75 12:05:26        3.915420        0.305825
FIRE:   76 12:05:26        3.757359        0.298424
FIRE:   77 12:05:26        3.617731        0.397045
FIRE:   78 12:05:26        3.491435        0.437365
FIRE:   79 12:05:26        3.384209        0.397891
FIRE:   80 12:05:26        3.316745        0.292834
FIRE:   81 12:05:26        3.306503        0.345732
FIRE:   82 12:05:26        3.212606        0.265756
FIRE:   83 12:05:26        3.167672        0.427166
FIRE:   84 12:05:26        3.127909        0.212746
FIRE:   85 12:05:26        3.105459        0.404431
FIRE:   86 12:05:26        3.054547        0.199647
FIRE:   87 12:05:26        3.015161        0.326060
FIRE:   88 12:05:26        2.933424        0.219027
FIRE:   89 12:05:26        2.850155        0.324739
FIRE:   90 12:05:26        2.752494        0.239500
FIRE:   91 12:05:26        2.662791        0.279514
FIRE:   92 12:05:26        2.569370        0.204168
FIRE:   93 12:05:27        2.494175        0.210853
FIRE:   94 12:05:27        2.432226        0.195833
FIRE:   95 12:05:27        2.388781        0.202794
FIRE:   96 12:05:27        2.351676        0.178106
FIRE:   97 12:05:27        2.333664        0.193202
FIRE:   98 12:05:27        2.321936        0.112629
FIRE:   99 12:05:27        2.314295        0.158631
FIRE:  100 12:05:27        2.303762        0.091751
FIRE:  101 12:05:27        2.297303        0.106152
FIRE:  102 12:05:27        2.296161        0.094508
FIRE:  103 12:05:27        2.294568        0.092486
FIRE:  104 12:05:27        2.293268        0.089734
FIRE:  105 12:05:27        2.292377        0.086725
FIRE:  106 12:05:27        2.291457        0.083910
FIRE:  107 12:05:27        2.290217        0.081377
FIRE:  108 12:05:27        2.288764        0.078912
FIRE:  109 12:05:27        2.287101        0.075902
FIRE:  110 12:05:27        2.285042        0.072001
FIRE:  111 12:05:27        2.282280        0.067241
FIRE:  112 12:05:27        2.279300        0.062363
FIRE:  113 12:05:27        2.276327        0.059917
FIRE:  114 12:05:27        2.272024        0.062114
FIRE:  115 12:05:27        2.266934        0.067823
FIRE:  116 12:05:28        2.261273        0.071824
FIRE:  117 12:05:28        2.254484        0.071905
FIRE:  118 12:05:28        2.245631        0.071285
FIRE:  119 12:05:28        2.235576        0.069608
FIRE:  120 12:05:28        2.222558        0.067282
FIRE:  121 12:05:28        2.207305        0.090806
FIRE:  122 12:05:28        2.191930        0.190901
FIRE:  123 12:05:28        2.182436        0.090404
FIRE:  124 12:05:28        2.187005        0.175148
FIRE:  125 12:05:28        2.184018        0.133192
FIRE:  126 12:05:28        2.180542        0.091885
FIRE:  127 12:05:28        2.179230        0.092553
FIRE:  128 12:05:28        2.179159        0.092586
FIRE:  129 12:05:28        2.179021        0.092649
FIRE:  130 12:05:28        2.178823        0.092741
FIRE:  131 12:05:28        2.178573        0.092858
FIRE:  132 12:05:28        2.178278        0.092996
FIRE:  133 12:05:28        2.177941        0.093153
FIRE:  134 12:05:28        2.177561        0.093329
FIRE:  135 12:05:28        2.177084        0.093543
FIRE:  136 12:05:28        2.176481        0.093806
FIRE:  137 12:05:28        2.175711        0.094132
FIRE:  138 12:05:28        2.174730        0.094536
FIRE:  139 12:05:29        2.173500        0.095037
FIRE:  140 12:05:29        2.171980        0.095657
FIRE:  141 12:05:29        2.170107        0.096429
FIRE:  142 12:05:29        2.167776        0.097399
FIRE:  143 12:05:29        2.164850        0.098621
FIRE:  144 12:05:29        2.161202        0.100149
FIRE:  145 12:05:29        2.156669        0.102073
FIRE:  146 12:05:29        2.150965        0.104572
FIRE:  147 12:05:29        2.143753        0.107886
FIRE:  148 12:05:29        2.134609        0.112234
FIRE:  149 12:05:29        2.122826        0.117789
FIRE:  150 12:05:29        2.107506        0.124939
FIRE:  151 12:05:29        2.087139        0.134757
FIRE:  152 12:05:29        2.059456        0.148260
FIRE:  153 12:05:29        2.020655        0.166753
FIRE:  154 12:05:29        1.974471        0.188730
FIRE:  155 12:05:29        1.923253        0.208697
FIRE:  156 12:05:29        1.867341        0.227314
FIRE:  157 12:05:29        1.806811        0.248028
FIRE:  158 12:05:29        1.741868        0.264932
FIRE:  159 12:05:29        1.672824        0.280474
FIRE:  160 12:05:30        1.599912        0.295171
FIRE:  161 12:05:30        1.523580        0.304948
FIRE:  162 12:05:30        1.444877        0.308676
FIRE:  163 12:05:30        1.365132        0.305821
FIRE:  164 12:05:30        1.285738        0.294965
FIRE:  165 12:05:30        1.208149        0.276947
FIRE:  166 12:05:30        1.133798        0.250254
FIRE:  167 12:05:30        1.064269        0.216555
FIRE:  168 12:05:30        1.000457        0.180270
FIRE:  169 12:05:30        0.943079        0.139452
FIRE:  170 12:05:30        0.894280        0.097066
FIRE:  171 12:05:30        0.855975        0.074379
FIRE:  172 12:05:30        0.829865        0.063931
FIRE:  173 12:05:30        0.817621        0.079428
FIRE:  174 12:05:30        0.820454        0.140609
FIRE:  175 12:05:30        0.810604        0.095538
FIRE:  176 12:05:30        0.808249        0.210427
FIRE:  177 12:05:30        0.807115        0.190439
FIRE:  178 12:05:30        0.803786        0.102555
FIRE:  179 12:05:30        0.802593        0.050593
FIRE:  180 12:05:30        0.802518        0.045550
FIRE:  181 12:05:30        0.802391        0.039278
FIRE:  182 12:05:30        0.802247        0.038630
FIRE:  183 12:05:30        0.802115        0.037766
FIRE:  184 12:05:31        0.802001        0.036710
FIRE:  185 12:05:31        0.801884        0.035523
FIRE:  186 12:05:31        0.801740        0.034266
FIRE:  187 12:05:31        0.801535        0.034161
FIRE:  188 12:05:31        0.801271        0.034261
FIRE:  189 12:05:31        0.800981        0.034239
FIRE:  190 12:05:31        0.800696        0.034178
FIRE:  191 12:05:31        0.800380        0.034201
FIRE:  192 12:05:31        0.799979        0.034343
FIRE:  193 12:05:31        0.799541        0.034431
FIRE:  194 12:05:31        0.799120        0.033852
FIRE:  195 12:05:31        0.798627        0.031986
FIRE:  196 12:05:31        0.798152        0.028487
FIRE:  197 12:05:31        0.797705        0.023919
FIRE:  198 12:05:31        0.797333        0.018147
FIRE:  199 12:05:31        0.797036        0.009511
