      Step     Time          Energy          fmax
FIRE:    0 14:07:21      162.891740      112.603629
FIRE:    1 14:07:21      116.647687       64.498181
FIRE:    2 14:07:21       88.707901       36.656241
FIRE:    3 14:07:21       73.429974       22.882085
FIRE:    4 14:07:22       66.060788       23.679303
FIRE:    5 14:07:22       62.027856       31.793386
FIRE:    6 14:07:22       57.564503       34.534669
FIRE:    7 14:07:22       51.093734       31.562293
FIRE:    8 14:07:22       43.583523       23.215016
FIRE:    9 14:07:22       36.976198       13.392951
FIRE:   10 14:07:22       32.154461       12.225151
FIRE:   11 14:07:22       28.645545       10.936264
FIRE:   12 14:07:22       25.550918       12.067033
FIRE:   13 14:07:22       22.515187       11.006434
FIRE:   14 14:07:22       19.819527        8.066553
FIRE:   15 14:07:22       17.826197        4.968722
FIRE:   16 14:07:22       16.475759        5.736560
FIRE:   17 14:07:22       15.328911        6.355105
FIRE:   18 14:07:22       14.002274        6.139372
FIRE:   19 14:07:22       12.458047        5.207736
FIRE:   20 14:07:22       10.923179        4.173526
FIRE:   21 14:07:22        9.621129        3.386176
FIRE:   22 14:07:22        8.627535        2.877739
FIRE:   23 14:07:22        7.912467        2.713704
FIRE:   24 14:07:22        7.446073        2.141768
FIRE:   25 14:07:22        7.224934        1.785133
FIRE:   26 14:07:22        7.211705        2.379430
FIRE:   27 14:07:22        6.510469        0.951525
FIRE:   28 14:07:22        6.337564        0.857845
FIRE:   29 14:07:22        6.185519        0.731073
FIRE:   30 14:07:22        6.036829        0.644011
FIRE:   31 14:07:23        5.870007        0.671692
FIRE:   32 14:07:23        5.603103        0.639595
FIRE:   33 14:07:23        5.271276        0.608467
FIRE:   34 14:07:23        4.952522        0.740974
FIRE:   35 14:07:23        4.632844        0.838395
FIRE:   36 14:07:23        4.318663        0.896060
FIRE:   37 14:07:23        4.012204        0.915148
FIRE:   38 14:07:23        3.701461        0.907533
FIRE:   39 14:07:23        3.371621        0.886864
FIRE:   40 14:07:23        3.017522        0.853090
FIRE:   41 14:07:23        2.646042        0.809686
FIRE:   42 14:07:23        2.267816        0.797414
FIRE:   43 14:07:23        1.900423        0.801455
FIRE:   44 14:07:23        1.565236        0.786225
FIRE:   45 14:07:23        1.280463        0.751051
FIRE:   46 14:07:23        1.054790        0.695716
FIRE:   47 14:07:23        0.886805        0.640074
FIRE:   48 14:07:23        0.770068        0.522906
FIRE:   49 14:07:23        0.713396        0.442389
FIRE:   50 14:07:23        0.653303        0.377990
FIRE:   51 14:07:23        0.606387        0.367178
FIRE:   52 14:07:23        0.550640        0.345245
FIRE:   53 14:07:23        0.490597        0.313188
FIRE:   54 14:07:23        0.420344        0.253529
FIRE:   55 14:07:23        0.370019        0.182060
FIRE:   56 14:07:23        0.337365        0.180173
FIRE:   57 14:07:23        0.314204        0.142909
FIRE:   58 14:07:23        0.310950        0.134550
FIRE:   59 14:07:24        0.305796        0.089648
FIRE:   60 14:07:24        0.301814        0.072196
FIRE:   61 14:07:24        0.301698        0.094155
FIRE:   62 14:07:24        0.301181        0.084388
FIRE:   63 14:07:24        0.300355        0.066084
FIRE:   64 14:07:24        0.299536        0.059931
FIRE:   65 14:07:24        0.298990        0.059485
FIRE:   66 14:07:24        0.298768        0.058617
FIRE:   67 14:07:24        0.298675        0.057195
FIRE:   68 14:07:24        0.298634        0.057074
FIRE:   69 14:07:24        0.298555        0.056836
FIRE:   70 14:07:24        0.298445        0.056486
FIRE:   71 14:07:24        0.298313        0.056033
FIRE:   72 14:07:24        0.298168        0.055489
FIRE:   73 14:07:24        0.298020        0.054866
FIRE:   74 14:07:24        0.297876        0.054179
FIRE:   75 14:07:24        0.297727        0.053368
FIRE:   76 14:07:24        0.297574        0.052440
FIRE:   77 14:07:24        0.297412        0.051420
FIRE:   78 14:07:24        0.297223        0.050348
FIRE:   79 14:07:24        0.296981        0.049275
FIRE:   80 14:07:24        0.296660        0.048257
FIRE:   81 14:07:24        0.296245        0.047360
FIRE:   82 14:07:24        0.295746        0.046653
FIRE:   83 14:07:24        0.295184        0.046193
FIRE:   84 14:07:24        0.294555        0.045979
FIRE:   85 14:07:24        0.293796        0.045965
FIRE:   86 14:07:25        0.292830        0.046171
FIRE:   87 14:07:25        0.291644        0.046842
FIRE:   88 14:07:25        0.290222        0.048550
FIRE:   89 14:07:25        0.288428        0.051978
FIRE:   90 14:07:25        0.286135        0.057537
FIRE:   91 14:07:25        0.283212        0.064725
FIRE:   92 14:07:25        0.279354        0.072013
FIRE:   93 14:07:25        0.274231        0.078202
FIRE:   94 14:07:25        0.267293        0.083245
FIRE:   95 14:07:25        0.257919        0.086825
FIRE:   96 14:07:25        0.245417        0.087072
FIRE:   97 14:07:25        0.229189        0.084037
FIRE:   98 14:07:25        0.209819        0.082069
FIRE:   99 14:07:25        0.195660        0.193196
FIRE:  100 14:07:25        0.188151        0.073771
FIRE:  101 14:07:25        0.188005        0.073850
FIRE:  102 14:07:25        0.187730        0.073992
FIRE:  103 14:07:25        0.187341        0.074160
FIRE:  104 14:07:25        0.186837        0.074296
FIRE:  105 14:07:25        0.186207        0.074336
FIRE:  106 14:07:25        0.185451        0.074230
FIRE:  107 14:07:25        0.184580        0.073957
FIRE:  108 14:07:26        0.183501        0.073460
FIRE:  109 14:07:26        0.182171        0.072704
FIRE:  110 14:07:26        0.180530        0.071648
FIRE:  111 14:07:26        0.178549        0.070196
FIRE:  112 14:07:26        0.176192        0.068101
FIRE:  113 14:07:26        0.173415        0.064944
FIRE:  114 14:07:26        0.170233        0.060373
FIRE:  115 14:07:26        0.166665        0.054487
FIRE:  116 14:07:26        0.162827        0.047620
FIRE:  117 14:07:26        0.158928        0.039226
FIRE:  118 14:07:26        0.155388        0.029151
FIRE:  119 14:07:26        0.153139        0.062178
FIRE:  120 14:07:26        0.153647        0.124958
FIRE:  121 14:07:26        0.151257        0.022237
FIRE:  122 14:07:26        0.152685        0.099180
FIRE:  123 14:07:26        0.152127        0.078921
FIRE:  124 14:07:26        0.151445        0.042586
FIRE:  125 14:07:26        0.151166        0.004500
