      Step     Time          Energy          fmax
FIRE:    0 13:43:40      268.548428       93.778381
FIRE:    1 13:43:40      231.548668       72.738364
FIRE:    2 13:43:40      203.528687       56.567550
FIRE:    3 13:43:40      180.345695       44.525771
FIRE:    4 13:43:40      159.517466       37.415469
FIRE:    5 13:43:40      140.158241       34.167612
FIRE:    6 13:43:40      122.325199       31.109498
FIRE:    7 13:43:40      106.359210       28.277268
FIRE:    8 13:43:40       92.508972       25.701226
FIRE:    9 13:43:41       80.820471       23.378083
FIRE:   10 13:43:41       71.085822       21.259457
FIRE:   11 13:43:41       62.886291       19.246677
FIRE:   12 13:43:41       55.739613       17.247889
FIRE:   13 13:43:41       49.290010       15.229358
FIRE:   14 13:43:41       43.424617       13.222016
FIRE:   15 13:43:41       38.227412       11.305399
FIRE:   16 13:43:41       33.825867        9.564766
FIRE:   17 13:43:41       30.257762        8.046178
FIRE:   18 13:43:41       27.427844        6.754383
FIRE:   19 13:43:41       25.141685        5.670630
FIRE:   20 13:43:41       23.178934        4.918845
FIRE:   21 13:43:41       21.363963        4.586665
FIRE:   22 13:43:41       19.613435        4.150936
FIRE:   23 13:43:41       17.948015        3.599758
FIRE:   24 13:43:41       16.460153        3.318579
FIRE:   25 13:43:41       15.248768        3.121116
FIRE:   26 13:43:41       14.348535        2.911798
FIRE:   27 13:43:42       13.688236        2.659896
FIRE:   28 13:43:42       13.130424        2.337543
FIRE:   29 13:43:42       12.561068        2.405656
FIRE:   30 13:43:42       11.949127        2.163257
FIRE:   31 13:43:42       11.346617        1.693460
FIRE:   32 13:43:42       10.840973        1.145110
FIRE:   33 13:43:42       10.499714        0.629495
FIRE:   34 13:43:42       10.350656        0.615983
FIRE:   35 13:43:42       10.381827        0.898694
FIRE:   36 13:43:42       10.138316        0.730290
FIRE:   37 13:43:42        9.926722        0.645310
FIRE:   38 13:43:42        9.696756        0.644102
FIRE:   39 13:43:42        9.450799        0.680457
FIRE:   40 13:43:42        9.187145        0.721568
FIRE:   41 13:43:42        8.899155        0.750859
FIRE:   42 13:43:42        8.586483        0.755342
FIRE:   43 13:43:42        8.256376        0.734135
FIRE:   44 13:43:42        7.919117        0.691278
FIRE:   45 13:43:42        7.584607        0.635680
FIRE:   46 13:43:42        7.259220        0.581224
FIRE:   47 13:43:42        6.948450        0.620550
FIRE:   48 13:43:42        6.660102        0.704083
FIRE:   49 13:43:42        6.392707        0.784185
FIRE:   50 13:43:42        6.124273        0.841685
FIRE:   51 13:43:42        5.834153        0.860447
FIRE:   52 13:43:42        5.531591        0.826088
FIRE:   53 13:43:43        5.246039        0.742416
FIRE:   54 13:43:43        5.001170        0.629080
FIRE:   55 13:43:43        4.807843        0.605238
FIRE:   56 13:43:43        4.669183        0.534264
FIRE:   57 13:43:43        4.582856        0.436502
FIRE:   58 13:43:43        4.543017        0.444463
FIRE:   59 13:43:43        4.545809        0.419267
FIRE:   60 13:43:43        4.397031        0.225645
FIRE:   61 13:43:43        4.407349        0.258234
FIRE:   62 13:43:43        4.374216        0.137368
FIRE:   63 13:43:43        4.357738        0.139592
FIRE:   64 13:43:43        4.354987        0.108135
FIRE:   65 13:43:43        4.351393        0.088028
FIRE:   66 13:43:43        4.349059        0.078777
FIRE:   67 13:43:43        4.348034        0.077540
FIRE:   68 13:43:43        4.346419        0.100717
FIRE:   69 13:43:43        4.343028        0.089623
FIRE:   70 13:43:43        4.338639        0.103947
FIRE:   71 13:43:43        4.334592        0.124953
FIRE:   72 13:43:43        4.331361        0.142073
FIRE:   73 13:43:44        4.326466        0.148354
FIRE:   74 13:43:44        4.319039        0.141580
FIRE:   75 13:43:44        4.311882        0.128926
FIRE:   76 13:43:44        4.302212        0.132834
FIRE:   77 13:43:44        4.287383        0.162033
FIRE:   78 13:43:44        4.268264        0.194083
FIRE:   79 13:43:44        4.237261        0.208493
FIRE:   80 13:43:44        4.192785        0.240862
FIRE:   81 13:43:44        4.128838        0.310910
FIRE:   82 13:43:44        4.053999        0.331130
FIRE:   83 13:43:44        3.972326        0.340689
FIRE:   84 13:43:44        3.881909        0.369306
FIRE:   85 13:43:44        3.784613        0.391775
FIRE:   86 13:43:44        3.679814        0.403119
FIRE:   87 13:43:44        3.569593        0.415392
FIRE:   88 13:43:44        3.454852        0.427000
FIRE:   89 13:43:44        3.338800        0.427562
FIRE:   90 13:43:44        3.223156        0.414562
FIRE:   91 13:43:44        3.109384        0.391750
FIRE:   92 13:43:44        2.997893        0.364299
FIRE:   93 13:43:44        2.887917        0.334554
FIRE:   94 13:43:44        2.778029        0.302414
FIRE:   95 13:43:44        2.666553        0.292474
FIRE:   96 13:43:44        2.552382        0.301773
FIRE:   97 13:43:45        2.434740        0.306242
FIRE:   98 13:43:45        2.313065        0.305096
FIRE:   99 13:43:45        2.186937        0.335844
FIRE:  100 13:43:45        2.055877        0.396365
FIRE:  101 13:43:45        1.919702        0.452987
FIRE:  102 13:43:45        1.778946        0.503679
FIRE:  103 13:43:45        1.634912        0.546579
FIRE:  104 13:43:45        1.489784        0.580124
FIRE:  105 13:43:45        1.346367        0.603886
FIRE:  106 13:43:45        1.207581        0.617637
FIRE:  107 13:43:45        1.076271        0.620135
FIRE:  108 13:43:45        0.954751        0.611198
FIRE:  109 13:43:45        0.844189        0.592124
FIRE:  110 13:43:45        0.744318        0.564109
FIRE:  111 13:43:45        0.653515        0.528053
FIRE:  112 13:43:45        0.569136        0.484848
FIRE:  113 13:43:45        0.488101        0.435925
FIRE:  114 13:43:45        0.407543        0.382921
FIRE:  115 13:43:45        0.326031        0.321874
FIRE:  116 13:43:45        0.244772        0.250879
FIRE:  117 13:43:45        0.166477        0.190537
FIRE:  118 13:43:46        0.097286        0.185467
FIRE:  119 13:43:46        0.044884        0.168249
FIRE:  120 13:43:46        0.014595        0.156169
FIRE:  121 13:43:46        0.010276        0.230376
FIRE:  122 13:43:46       -0.026554        0.137525
FIRE:  123 13:43:46       -0.060635        0.132895
FIRE:  124 13:43:46       -0.062042        0.116934
FIRE:  125 13:43:46       -0.066941        0.104417
FIRE:  126 13:43:46       -0.066874        0.099300
FIRE:  127 13:43:46       -0.068123        0.079078
FIRE:  128 13:43:46       -0.069653        0.075985
FIRE:  129 13:43:46       -0.070420        0.070735
FIRE:  130 13:43:46       -0.070414        0.063384
FIRE:  131 13:43:46       -0.070527        0.063112
FIRE:  132 13:43:46       -0.070733        0.062563
FIRE:  133 13:43:46       -0.070997        0.061724
FIRE:  134 13:43:46       -0.071276        0.060578
FIRE:  135 13:43:46       -0.071532        0.059100
FIRE:  136 13:43:46       -0.071745        0.057269
FIRE:  137 13:43:46       -0.071916        0.055100
FIRE:  138 13:43:46       -0.072087        0.052393
FIRE:  139 13:43:46       -0.072300        0.049161
FIRE:  140 13:43:46       -0.072600        0.045420
FIRE:  141 13:43:47       -0.073009        0.041174
FIRE:  142 13:43:47       -0.073493        0.036408
FIRE:  143 13:43:47       -0.073961        0.036419
FIRE:  144 13:43:47       -0.074359        0.039502
FIRE:  145 13:43:47       -0.074778        0.042215
FIRE:  146 13:43:47       -0.075322        0.044164
FIRE:  147 13:43:47       -0.075897        0.044917
FIRE:  148 13:43:47       -0.076387        0.043834
FIRE:  149 13:43:47       -0.077005        0.040778
FIRE:  150 13:43:47       -0.077757        0.035726
FIRE:  151 13:43:47       -0.078477        0.028937
FIRE:  152 13:43:47       -0.079446        0.025726
FIRE:  153 13:43:47       -0.080396        0.027649
FIRE:  154 13:43:47       -0.081585        0.025679
FIRE:  155 13:43:47       -0.082610        0.019429
FIRE:  156 13:43:47       -0.083534        0.021065
FIRE:  157 13:43:47       -0.084323        0.019508
FIRE:  158 13:43:47       -0.085012        0.017164
FIRE:  159 13:43:47       -0.085451        0.036397
FIRE:  160 13:43:47       -0.085838        0.009135
