      Step     Time          Energy          fmax
FIRE:    0 11:19:53      241.426598      111.488031
FIRE:    1 11:19:53      191.797499       60.857891
FIRE:    2 11:19:53      164.092088       38.520836
FIRE:    3 11:19:53      148.876905       36.597362
FIRE:    4 11:19:53      140.182178       35.447782
FIRE:    5 11:19:53      134.344105       34.596894
FIRE:    6 11:19:53      129.195649       33.730088
FIRE:    7 11:19:53      123.480251       32.664101
FIRE:    8 11:19:53      116.623237       31.329794
FIRE:    9 11:19:53      108.834372       29.778908
FIRE:   10 11:19:53      100.777749       28.119793
FIRE:   11 11:19:53       93.039426       26.461623
FIRE:   12 11:19:53       85.872537       24.861130
FIRE:   13 11:19:54       79.270881       23.328314
FIRE:   14 11:19:54       73.131957       21.853635
FIRE:   15 11:19:54       67.361699       20.427761
FIRE:   16 11:19:54       61.905942       19.045748
FIRE:   17 11:19:54       56.745165       17.705729
FIRE:   18 11:19:54       51.879823       16.408928
FIRE:   19 11:19:54       47.318370       15.157651
FIRE:   20 11:19:54       43.070065       13.954433
FIRE:   21 11:19:54       39.140987       12.803372
FIRE:   22 11:19:54       35.531173       11.707893
FIRE:   23 11:19:54       32.235622       10.664527
FIRE:   24 11:19:54       29.244384        9.674152
FIRE:   25 11:19:54       26.541642        8.737027
FIRE:   26 11:19:54       24.108603        7.849227
FIRE:   27 11:19:54       21.926602        7.008488
FIRE:   28 11:19:54       19.978978        6.213587
FIRE:   29 11:19:54       18.252791        5.462953
FIRE:   30 11:19:55       16.738536        4.756664
FIRE:   31 11:19:55       15.427562        4.098287
FIRE:   32 11:19:55       14.308931        3.492823
FIRE:   33 11:19:55       13.367919        2.938256
FIRE:   34 11:19:55       12.586748        2.426821
FIRE:   35 11:19:55       11.944255        1.955448
FIRE:   36 11:19:55       11.416781        1.519907
FIRE:   37 11:19:55       10.983492        1.113712
FIRE:   38 11:19:55       10.628178        0.987111
FIRE:   39 11:19:55       10.339449        0.999874
FIRE:   40 11:19:55       10.108268        1.011146
FIRE:   41 11:19:55        9.924195        1.020430
FIRE:   42 11:19:55        9.773704        1.028467
FIRE:   43 11:19:55        9.640582        1.036248
FIRE:   44 11:19:55        9.506905        1.042232
FIRE:   45 11:19:55        9.353781        1.051819
FIRE:   46 11:19:55        9.164224        1.163766
FIRE:   47 11:19:55        8.924765        1.240766
FIRE:   48 11:19:55        8.626713        1.282051
FIRE:   49 11:19:56        8.268887        1.285015
FIRE:   50 11:19:56        7.860685        1.247227
FIRE:   51 11:19:56        7.429349        1.166744
FIRE:   52 11:19:56        7.024896        1.037263
FIRE:   53 11:19:56        6.723134        0.853441
FIRE:   54 11:19:56        6.624925        0.609827
FIRE:   55 11:19:56        6.340396        0.621153
FIRE:   56 11:19:56        6.123917        0.446720
FIRE:   57 11:19:56        5.978091        0.160784
FIRE:   58 11:19:56        5.934242        0.173360
FIRE:   59 11:19:56        5.924443        0.127838
FIRE:   60 11:19:56        5.910903        0.093253
FIRE:   61 11:19:56        5.894603        0.102523
FIRE:   62 11:19:56        5.876207        0.076317
FIRE:   63 11:19:56        5.863611        0.075637
FIRE:   64 11:19:56        5.861444        0.055704
FIRE:   65 11:19:56        5.860693        0.055332
FIRE:   66 11:19:56        5.859476        0.061586
FIRE:   67 11:19:56        5.858169        0.068674
FIRE:   68 11:19:57        5.856978        0.074062
FIRE:   69 11:19:57        5.855827        0.075242
FIRE:   70 11:19:57        5.854519        0.075330
FIRE:   71 11:19:57        5.853000        0.073802
FIRE:   72 11:19:57        5.851276        0.065388
FIRE:   73 11:19:57        5.849690        0.052414
FIRE:   74 11:19:57        5.848342        0.042599
FIRE:   75 11:19:57        5.846844        0.044000
FIRE:   76 11:19:57        5.845119        0.059117
FIRE:   77 11:19:57        5.843574        0.080104
FIRE:   78 11:19:57        5.841734        0.089683
FIRE:   79 11:19:57        5.839034        0.081237
FIRE:   80 11:19:57        5.835424        0.069839
FIRE:   81 11:19:57        5.829715        0.079193
FIRE:   82 11:19:57        5.822399        0.098367
FIRE:   83 11:19:57        5.812849        0.087307
FIRE:   84 11:19:57        5.801174        0.084756
FIRE:   85 11:19:57        5.784616        0.125009
FIRE:   86 11:19:57        5.759570        0.095248
FIRE:   87 11:19:57        5.729210        0.168109
FIRE:   88 11:19:57        5.694207        0.166820
FIRE:   89 11:19:58        5.653568        0.202068
FIRE:   90 11:19:58        5.605177        0.256507
FIRE:   91 11:19:58        5.547478        0.290501
FIRE:   92 11:19:58        5.482294        0.319812
FIRE:   93 11:19:58        5.409467        0.359881
FIRE:   94 11:19:58        5.327960        0.404244
FIRE:   95 11:19:58        5.235925        0.450381
FIRE:   96 11:19:58        5.131124        0.504048
FIRE:   97 11:19:58        5.012117        0.558987
FIRE:   98 11:19:58        4.880192        0.607180
FIRE:   99 11:19:58        4.736011        0.659665
FIRE:  100 11:19:58        4.578675        0.716923
FIRE:  101 11:19:58        4.407436        0.775927
FIRE:  102 11:19:58        4.221890        0.835376
FIRE:  103 11:19:58        4.022307        0.889761
FIRE:  104 11:19:58        3.810973        0.930535
FIRE:  105 11:19:58        3.591278        0.959706
FIRE:  106 11:19:58        3.366723        0.977817
FIRE:  107 11:19:58        3.141482        0.983738
FIRE:  108 11:19:58        2.919873        0.978196
FIRE:  109 11:19:59        2.705907        0.958239
FIRE:  110 11:19:59        2.503937        0.913407
FIRE:  111 11:19:59        2.317653        0.845694
FIRE:  112 11:19:59        2.146536        0.769539
FIRE:  113 11:19:59        1.985306        0.696885
FIRE:  114 11:19:59        1.826671        0.630053
FIRE:  115 11:19:59        1.666282        0.566531
FIRE:  116 11:19:59        1.502507        0.516648
FIRE:  117 11:19:59        1.335612        0.480987
FIRE:  118 11:19:59        1.168965        0.455480
FIRE:  119 11:19:59        1.007402        0.436471
FIRE:  120 11:19:59        0.854905        0.421211
FIRE:  121 11:19:59        0.713588        0.407924
FIRE:  122 11:19:59        0.583962        0.395327
FIRE:  123 11:19:59        0.466009        0.381714
FIRE:  124 11:19:59        0.360468        0.364390
FIRE:  125 11:19:59        0.269768        0.340759
FIRE:  126 11:19:59        0.198034        0.309564
FIRE:  127 11:19:59        0.149194        0.269988
FIRE:  128 11:20:00        0.124363        0.219286
FIRE:  129 11:20:00        0.118447        0.326060
FIRE:  130 11:20:00       -0.023723        0.235239
FIRE:  131 11:20:00       -0.048050        0.198685
FIRE:  132 11:20:00       -0.063005        0.201487
FIRE:  133 11:20:00       -0.080856        0.197763
FIRE:  134 11:20:00       -0.090163        0.178711
FIRE:  135 11:20:00       -0.092886        0.149092
FIRE:  136 11:20:01       -0.094862        0.149852
FIRE:  137 11:20:01       -0.098378        0.151012
FIRE:  138 11:20:01       -0.102692        0.151934
FIRE:  139 11:20:01       -0.106991        0.151862
FIRE:  140 11:20:01       -0.110663        0.150152
FIRE:  141 11:20:01       -0.113539        0.146576
FIRE:  142 11:20:01       -0.115984        0.141575
FIRE:  143 11:20:01       -0.118966        0.135379
FIRE:  144 11:20:01       -0.123359        0.128693
FIRE:  145 11:20:01       -0.129706        0.121864
FIRE:  146 11:20:01       -0.137505        0.114244
FIRE:  147 11:20:01       -0.145019        0.103916
FIRE:  148 11:20:01       -0.151154        0.089666
FIRE:  149 11:20:01       -0.157885        0.074275
FIRE:  150 11:20:02       -0.166547        0.059798
FIRE:  151 11:20:02       -0.172692        0.043450
FIRE:  152 11:20:02       -0.176714        0.056530
FIRE:  153 11:20:02       -0.181745        0.014375
FIRE:  154 11:20:02       -0.181521        0.054738
FIRE:  155 11:20:02       -0.182303        0.038029
FIRE:  156 11:20:02       -0.182985        0.009692
