      Step     Time          Energy          fmax
FIRE:    0 13:50:08      305.823662      194.707357
FIRE:    1 13:50:08      231.866968      144.912103
FIRE:    2 13:50:08      178.854703      105.640233
FIRE:    3 13:50:08      140.110462       74.946214
FIRE:    4 13:50:08      111.462605       51.047512
FIRE:    5 13:50:08       90.133004       42.767169
FIRE:    6 13:50:08       74.187945       41.614338
FIRE:    7 13:50:08       62.234770       39.472124
FIRE:    8 13:50:08       53.190873       36.709783
FIRE:    9 13:50:08       46.216312       32.912989
FIRE:   10 13:50:09       40.702192       27.450597
FIRE:   11 13:50:09       36.263915       20.488271
FIRE:   12 13:50:09       32.662064       13.075865
FIRE:   13 13:50:09       29.744539       12.718442
FIRE:   14 13:50:09       27.461652       10.789490
FIRE:   15 13:50:09       25.798124        9.480766
FIRE:   16 13:50:09       24.570842       13.228719
FIRE:   17 13:50:09       23.400076       15.144401
FIRE:   18 13:50:09       22.001561       13.999133
FIRE:   19 13:50:09       20.412343       10.802112
FIRE:   20 13:50:09       18.836242        7.504446
FIRE:   21 13:50:10       17.367063        7.020407
FIRE:   22 13:50:10       15.934212        6.773522
FIRE:   23 13:50:10       14.430441        6.331018
FIRE:   24 13:50:10       12.838886        5.688506
FIRE:   25 13:50:10       11.257788        5.530067
FIRE:   26 13:50:10        9.838324        4.637295
FIRE:   27 13:50:10        8.707537        3.264886
FIRE:   28 13:50:10        7.904701        2.444286
FIRE:   29 13:50:10        7.365857        2.541194
FIRE:   30 13:50:10        6.987803        2.459630
FIRE:   31 13:50:10        6.712238        2.001562
FIRE:   32 13:50:10        6.547735        1.382157
FIRE:   33 13:50:10        6.519004        0.987935
FIRE:   34 13:50:11        6.048289        0.920518
FIRE:   35 13:50:11        5.706038        0.828618
FIRE:   36 13:50:11        5.432540        0.689214
FIRE:   37 13:50:11        5.184584        0.560394
FIRE:   38 13:50:11        4.962471        0.466301
FIRE:   39 13:50:11        4.801899        0.489887
FIRE:   40 13:50:11        4.725723        0.558499
FIRE:   41 13:50:11        4.618913        0.432274
FIRE:   42 13:50:11        4.551481        0.330187
FIRE:   43 13:50:11        4.480536        0.325871
FIRE:   44 13:50:11        4.405546        0.326524
FIRE:   45 13:50:11        4.375868        0.718522
FIRE:   46 13:50:11        4.357628        0.585378
FIRE:   47 13:50:12        4.333050        0.379146
FIRE:   48 13:50:12        4.313921        0.177693
FIRE:   49 13:50:12        4.302594        0.238574
FIRE:   50 13:50:12        4.294242        0.271436
FIRE:   51 13:50:12        4.284550        0.265699
FIRE:   52 13:50:12        4.272145        0.270433
FIRE:   53 13:50:12        4.255255        0.262542
FIRE:   54 13:50:12        4.233684        0.225131
FIRE:   55 13:50:12        4.208582        0.152635
FIRE:   56 13:50:12        4.183787        0.234083
FIRE:   57 13:50:12        4.160156        0.251592
FIRE:   58 13:50:12        4.134904        0.223664
FIRE:   59 13:50:12        4.117341        0.230510
FIRE:   60 13:50:12        4.108881        0.199880
FIRE:   61 13:50:13        4.104676        0.181653
FIRE:   62 13:50:13        4.098083        0.149814
FIRE:   63 13:50:13        4.091473        0.116812
FIRE:   64 13:50:13        4.086111        0.123650
FIRE:   65 13:50:13        4.081515        0.128741
FIRE:   66 13:50:13        4.076621        0.130703
FIRE:   67 13:50:13        4.071066        0.129375
FIRE:   68 13:50:13        4.064527        0.124815
FIRE:   69 13:50:13        4.057339        0.118093
FIRE:   70 13:50:13        4.049426        0.111521
FIRE:   71 13:50:13        4.040386        0.109146
FIRE:   72 13:50:13        4.029323        0.104700
FIRE:   73 13:50:14        4.015716        0.100774
FIRE:   74 13:50:14        4.000216        0.096266
FIRE:   75 13:50:14        3.982731        0.075837
FIRE:   76 13:50:14        3.964325        0.114373
FIRE:   77 13:50:14        3.938049        0.146818
FIRE:   78 13:50:14        3.891638        0.205404
FIRE:   79 13:50:14        3.820796        0.214173
FIRE:   80 13:50:14        3.724272        0.255896
FIRE:   81 13:50:15        3.603378        0.240571
FIRE:   82 13:50:15        3.463230        0.263388
FIRE:   83 13:50:15        3.312897        0.252481
FIRE:   84 13:50:15        3.162021        0.259195
FIRE:   85 13:50:15        3.019673        0.265540
FIRE:   86 13:50:15        2.892893        0.222808
FIRE:   87 13:50:15        2.787650        0.203835
FIRE:   88 13:50:15        2.709403        0.156783
FIRE:   89 13:50:15        2.664779        0.152775
FIRE:   90 13:50:15        2.663279        0.160436
FIRE:   91 13:50:16        2.649925        0.142441
FIRE:   92 13:50:16        2.644669        0.074974
FIRE:   93 13:50:16        2.643269        0.132690
FIRE:   94 13:50:16        2.642191        0.085017
FIRE:   95 13:50:16        2.641074        0.059920
FIRE:   96 13:50:16        2.640669        0.073253
FIRE:   97 13:50:16        2.640581        0.067168
FIRE:   98 13:50:16        2.640423        0.059649
FIRE:   99 13:50:16        2.640220        0.058727
FIRE:  100 13:50:17        2.640003        0.057598
FIRE:  101 13:50:17        2.639789        0.056338
FIRE:  102 13:50:17        2.639576        0.055027
FIRE:  103 13:50:17        2.639350        0.053737
FIRE:  104 13:50:17        2.639060        0.052388
FIRE:  105 13:50:17        2.638680        0.051008
FIRE:  106 13:50:17        2.638202        0.049600
FIRE:  107 13:50:17        2.637653        0.048115
FIRE:  108 13:50:17        2.637067        0.046411
FIRE:  109 13:50:17        2.636424        0.044266
FIRE:  110 13:50:18        2.635664        0.041558
FIRE:  111 13:50:18        2.634802        0.038468
FIRE:  112 13:50:18        2.633916        0.035554
FIRE:  113 13:50:18        2.632921        0.033268
FIRE:  114 13:50:18        2.631783        0.031523
FIRE:  115 13:50:18        2.630548        0.030017
FIRE:  116 13:50:18        2.629061        0.028884
FIRE:  117 13:50:18        2.627389        0.028063
FIRE:  118 13:50:18        2.625363        0.026385
FIRE:  119 13:50:18        2.622939        0.026348
FIRE:  120 13:50:18        2.619977        0.027481
FIRE:  121 13:50:19        2.616298        0.060645
FIRE:  122 13:50:19        2.612029        0.135877
FIRE:  123 13:50:19        2.610226        0.343270
FIRE:  124 13:50:19        2.603586        0.041254
FIRE:  125 13:50:19        2.603464        0.041051
FIRE:  126 13:50:19        2.603239        0.040725
FIRE:  127 13:50:19        2.602926        0.040426
FIRE:  128 13:50:19        2.602521        0.040329
FIRE:  129 13:50:19        2.602005        0.040559
FIRE:  130 13:50:20        2.601367        0.041138
FIRE:  131 13:50:20        2.600617        0.041970
FIRE:  132 13:50:20        2.599663        0.042976
FIRE:  133 13:50:20        2.598438        0.043921
FIRE:  134 13:50:20        2.596841        0.044639
FIRE:  135 13:50:20        2.594775        0.045311
FIRE:  136 13:50:20        2.592093        0.047214
FIRE:  137 13:50:20        2.588540        0.050027
FIRE:  138 13:50:20        2.583819        0.053351
FIRE:  139 13:50:21        2.577417        0.056393
FIRE:  140 13:50:21        2.568655        0.059485
FIRE:  141 13:50:21        2.556508        0.065336
FIRE:  142 13:50:21        2.539857        0.069720
FIRE:  143 13:50:21        2.518958        0.068125
FIRE:  144 13:50:21        2.499402        0.071522
FIRE:  145 13:50:21        2.493969        0.185826
FIRE:  146 13:50:21        2.489570        0.121433
FIRE:  147 13:50:21        2.486747        0.175046
FIRE:  148 13:50:21        2.481931        0.103162
FIRE:  149 13:50:21        2.479509        0.109914
FIRE:  150 13:50:22        2.479145        0.080771
FIRE:  151 13:50:22        2.478680        0.062186
FIRE:  152 13:50:22        2.478358        0.063201
FIRE:  153 13:50:22        2.478120        0.063889
FIRE:  154 13:50:22        2.477718        0.075330
FIRE:  155 13:50:22        2.477062        0.063317
FIRE:  156 13:50:22        2.476304        0.062134
FIRE:  157 13:50:22        2.475562        0.060543
FIRE:  158 13:50:22        2.474761        0.061191
FIRE:  159 13:50:22        2.473580        0.058299
FIRE:  160 13:50:22        2.472107        0.058218
FIRE:  161 13:50:22        2.470569        0.057996
FIRE:  162 13:50:22        2.468510        0.056388
FIRE:  163 13:50:23        2.466169        0.053730
FIRE:  164 13:50:23        2.463329        0.052641
FIRE:  165 13:50:23        2.460089        0.055286
FIRE:  166 13:50:23        2.456065        0.049729
FIRE:  167 13:50:23        2.451537        0.046402
FIRE:  168 13:50:23        2.446617        0.100053
FIRE:  169 13:50:23        2.441789        0.186138
FIRE:  170 13:50:23        2.440314        0.367068
FIRE:  171 13:50:23        2.433301        0.040982
FIRE:  172 13:50:23        2.438250        0.341534
FIRE:  173 13:50:23        2.435853        0.256618
FIRE:  174 13:50:23        2.433219        0.110655
FIRE:  175 13:50:23        2.432626        0.057744
FIRE:  176 13:50:24        2.432595        0.054324
FIRE:  177 13:50:24        2.432539        0.047693
FIRE:  178 13:50:24        2.432464        0.041591
FIRE:  179 13:50:24        2.432380        0.041316
FIRE:  180 13:50:24        2.432294        0.041012
FIRE:  181 13:50:24        2.432211        0.040705
FIRE:  182 13:50:24        2.432129        0.040428
FIRE:  183 13:50:24        2.432033        0.040186
FIRE:  184 13:50:24        2.431910        0.040021
FIRE:  185 13:50:24        2.431744        0.039972
FIRE:  186 13:50:24        2.431523        0.040067
FIRE:  187 13:50:24        2.431244        0.040310
FIRE:  188 13:50:25        2.430915        0.040651
FIRE:  189 13:50:25        2.430534        0.040961
FIRE:  190 13:50:25        2.430067        0.041063
FIRE:  191 13:50:25        2.429470        0.040826
FIRE:  192 13:50:25        2.428739        0.040274
FIRE:  193 13:50:25        2.427877        0.039943
FIRE:  194 13:50:25        2.426808        0.040177
FIRE:  195 13:50:25        2.425490        0.040802
FIRE:  196 13:50:25        2.423909        0.041313
FIRE:  197 13:50:25        2.421937        0.041161
FIRE:  198 13:50:25        2.419547        0.040908
FIRE:  199 13:50:25        2.416566        0.041450
FIRE:  200 13:50:25        2.412865        0.041359
FIRE:  201 13:50:26        2.408210        0.040732
FIRE:  202 13:50:26        2.402271        0.046923
FIRE:  203 13:50:26        2.394725        0.104019
FIRE:  204 13:50:26        2.386480        0.241779
FIRE:  205 13:50:26        2.392375        0.708985
FIRE:  206 13:50:26        2.367563        0.129337
FIRE:  207 13:50:26        2.366934        0.094189
FIRE:  208 13:50:26        2.366096        0.053049
FIRE:  209 13:50:26        2.365418        0.053822
FIRE:  210 13:50:26        2.364751        0.085672
FIRE:  211 13:50:26        2.363674        0.097007
FIRE:  212 13:50:26        2.362085        0.072142
FIRE:  213 13:50:26        2.360270        0.054769
FIRE:  214 13:50:27        2.358255        0.057202
FIRE:  215 13:50:27        2.355679        0.069737
FIRE:  216 13:50:27        2.351978        0.061813
FIRE:  217 13:50:27        2.347283        0.063942
FIRE:  218 13:50:27        2.341311        0.069681
FIRE:  219 13:50:27        2.332919        0.072025
FIRE:  220 13:50:27        2.321948        0.076938
FIRE:  221 13:50:27        2.306536        0.083777
FIRE:  222 13:50:27        2.285652        0.091942
FIRE:  223 13:50:27        2.256610        0.097339
FIRE:  224 13:50:27        2.217971        0.097640
FIRE:  225 13:50:27        2.171337        0.086245
FIRE:  226 13:50:28        2.135353        0.114919
FIRE:  227 13:50:28        2.122186        0.237755
FIRE:  228 13:50:28        2.116843        0.067700
FIRE:  229 13:50:28        2.118795        0.211726
FIRE:  230 13:50:28        2.117112        0.158159
FIRE:  231 13:50:28        2.115231        0.065077
FIRE:  232 13:50:28        2.114693        0.059151
FIRE:  233 13:50:28        2.114652        0.059125
FIRE:  234 13:50:28        2.114575        0.059067
FIRE:  235 13:50:28        2.114471        0.058969
FIRE:  236 13:50:29        2.114348        0.058814
FIRE:  237 13:50:29        2.114215        0.058582
FIRE:  238 13:50:29        2.114076        0.058246
FIRE:  239 13:50:29        2.113932        0.057780
FIRE:  240 13:50:29        2.113762        0.057091
FIRE:  241 13:50:29        2.113554        0.056108
FIRE:  242 13:50:29        2.113295        0.054757
FIRE:  243 13:50:29        2.112980        0.052971
FIRE:  244 13:50:29        2.112617        0.050702
FIRE:  245 13:50:29        2.112223        0.047958
FIRE:  246 13:50:29        2.111800        0.044840
FIRE:  247 13:50:29        2.111322        0.041512
FIRE:  248 13:50:29        2.110777        0.038073
FIRE:  249 13:50:29        2.110192        0.035618
FIRE:  250 13:50:29        2.109559        0.035174
FIRE:  251 13:50:30        2.108834        0.034067
FIRE:  252 13:50:30        2.108062        0.032294
FIRE:  253 13:50:30        2.107229        0.030339
FIRE:  254 13:50:30        2.106371        0.028181
FIRE:  255 13:50:30        2.105483        0.024919
FIRE:  256 13:50:30        2.104602        0.021072
FIRE:  257 13:50:30        2.103693        0.018536
FIRE:  258 13:50:30        2.102782        0.018369
FIRE:  259 13:50:30        2.101943        0.025157
FIRE:  260 13:50:30        2.101393        0.057084
FIRE:  261 13:50:30        2.101104        0.018172
FIRE:  262 13:50:30        2.101188        0.044202
FIRE:  263 13:50:30        2.101122        0.034946
FIRE:  264 13:50:31        2.101038        0.018456
FIRE:  265 13:50:31        2.100991        0.016257
FIRE:  266 13:50:31        2.100993        0.019755
FIRE:  267 13:50:31        2.100988        0.018755
FIRE:  268 13:50:31        2.100980        0.016815
FIRE:  269 13:50:31        2.100969        0.016151
FIRE:  270 13:50:31        2.100957        0.015939
FIRE:  271 13:50:31        2.100945        0.015690
FIRE:  272 13:50:31        2.100933        0.015414
FIRE:  273 13:50:31        2.100923        0.015125
FIRE:  274 13:50:31        2.100912        0.014807
FIRE:  275 13:50:31        2.100899        0.014475
FIRE:  276 13:50:31        2.100882        0.014144
FIRE:  277 13:50:31        2.100859        0.013825
FIRE:  278 13:50:32        2.100830        0.013522
FIRE:  279 13:50:32        2.100795        0.013223
FIRE:  280 13:50:32        2.100758        0.012881
FIRE:  281 13:50:32        2.100719        0.012410
FIRE:  282 13:50:32        2.100671        0.011728
FIRE:  283 13:50:32        2.100613        0.010804
FIRE:  284 13:50:32        2.100551        0.010535
FIRE:  285 13:50:32        2.100486        0.010160
FIRE:  286 13:50:32        2.100409        0.009559
