      Step     Time          Energy          fmax
FIRE:    0 13:13:13       92.078466       73.700760
FIRE:    1 13:13:13       61.060709       45.022566
FIRE:    2 13:13:13       43.219850       26.737311
FIRE:    3 13:13:13       33.398803       15.365984
FIRE:    4 13:13:13       27.856299       13.962953
FIRE:    5 13:13:14       24.104093       13.151249
FIRE:    6 13:13:14       20.988336       10.969136
FIRE:    7 13:13:14       18.313676        8.211480
FIRE:    8 13:13:14       16.166504        5.910529
FIRE:    9 13:13:14       14.497995        5.569437
FIRE:   10 13:13:14       13.061068        5.551745
FIRE:   11 13:13:14       11.629063        4.987342
FIRE:   12 13:13:14       10.164769        4.066263
FIRE:   13 13:13:14        8.783182        3.243547
FIRE:   14 13:13:14        7.613658        2.450714
FIRE:   15 13:13:14        6.716900        1.912492
FIRE:   16 13:13:14        6.088268        1.540800
FIRE:   17 13:13:14        5.702026        1.348645
FIRE:   18 13:13:14        5.540786        1.365539
FIRE:   19 13:13:14        5.585446        1.581126
FIRE:   20 13:13:14        5.280602        1.091416
FIRE:   21 13:13:14        4.923374        0.919025
FIRE:   22 13:13:14        4.614801        0.944330
FIRE:   23 13:13:14        4.359947        0.914282
FIRE:   24 13:13:14        4.100369        0.872855
FIRE:   25 13:13:14        3.790686        0.853007
FIRE:   26 13:13:14        3.417320        0.865946
FIRE:   27 13:13:14        2.995403        0.901625
FIRE:   28 13:13:14        2.554170        0.940308
FIRE:   29 13:13:14        2.119518        0.966130
FIRE:   30 13:13:14        1.711224        0.968475
FIRE:   31 13:13:15        1.345209        0.937376
FIRE:   32 13:13:15        1.034106        0.871909
FIRE:   33 13:13:15        0.783390        0.780311
FIRE:   34 13:13:15        0.591434        0.669851
FIRE:   35 13:13:15        0.455491        0.541347
FIRE:   36 13:13:15        0.373937        0.474785
FIRE:   37 13:13:15        0.346008        0.446775
FIRE:   38 13:13:15        0.252007        0.320556
FIRE:   39 13:13:15        0.177280        0.251462
FIRE:   40 13:13:15        0.165417        0.247970
FIRE:   41 13:13:15        0.159231        0.246748
FIRE:   42 13:13:15        0.149053        0.243757
FIRE:   43 13:13:15        0.138207        0.238152
FIRE:   44 13:13:15        0.129518        0.229214
FIRE:   45 13:13:15        0.123864        0.216915
FIRE:   46 13:13:15        0.119948        0.202369
FIRE:   47 13:13:15        0.115836        0.186891
FIRE:   48 13:13:15        0.109784        0.169461
FIRE:   49 13:13:15        0.101551        0.149751
FIRE:   50 13:13:15        0.091964        0.127040
FIRE:   51 13:13:15        0.082365        0.100902
FIRE:   52 13:13:15        0.074804        0.071476
FIRE:   53 13:13:15        0.071744        0.062923
FIRE:   54 13:13:16        0.071328        0.057828
FIRE:   55 13:13:16        0.070606        0.048145
FIRE:   56 13:13:16        0.069763        0.040085
FIRE:   57 13:13:16        0.069001        0.040270
FIRE:   58 13:13:16        0.068470        0.040237
FIRE:   59 13:13:16        0.068211        0.039889
FIRE:   60 13:13:16        0.068139        0.039237
FIRE:   61 13:13:16        0.068122        0.039206
FIRE:   62 13:13:16        0.068089        0.039143
FIRE:   63 13:13:16        0.068041        0.039050
FIRE:   64 13:13:16        0.067981        0.038925
FIRE:   65 13:13:16        0.067911        0.038769
FIRE:   66 13:13:16        0.067835        0.038582
FIRE:   67 13:13:16        0.067755        0.038365
FIRE:   68 13:13:16        0.067665        0.038091
FIRE:   69 13:13:16        0.067566        0.037749
FIRE:   70 13:13:16        0.067457        0.037327
FIRE:   71 13:13:16        0.067337        0.036815
FIRE:   72 13:13:16        0.067201        0.036198
FIRE:   73 13:13:16        0.067041        0.035460
FIRE:   74 13:13:16        0.066847        0.034574
FIRE:   75 13:13:16        0.066608        0.033493
FIRE:   76 13:13:16        0.066320        0.032149
FIRE:   77 13:13:16        0.065979        0.030451
FIRE:   78 13:13:17        0.065589        0.029596
FIRE:   79 13:13:17        0.065154        0.030668
FIRE:   80 13:13:17        0.064665        0.032116
FIRE:   81 13:13:17        0.064084        0.033954
FIRE:   82 13:13:17        0.063368        0.036129
FIRE:   83 13:13:17        0.062497        0.038499
FIRE:   84 13:13:17        0.061394        0.040942
FIRE:   85 13:13:17        0.059901        0.043705
FIRE:   86 13:13:17        0.057863        0.047358
FIRE:   87 13:13:17        0.055027        0.051739
FIRE:   88 13:13:17        0.051065        0.055459
FIRE:   89 13:13:17        0.045598        0.058125
FIRE:   90 13:13:17        0.038122        0.060619
FIRE:   91 13:13:17        0.028151        0.062661
FIRE:   92 13:13:17        0.015452        0.068863
FIRE:   93 13:13:17        0.005049        0.128810
FIRE:   94 13:13:17        0.026341        0.340898
FIRE:   95 13:13:17       -0.004553        0.170078
FIRE:   96 13:13:17       -0.010790        0.109031
FIRE:   97 13:13:17       -0.015158        0.055715
FIRE:   98 13:13:17       -0.012918        0.087578
FIRE:   99 13:13:17       -0.013472        0.079226
FIRE:  100 13:13:17       -0.014393        0.063333
FIRE:  101 13:13:18       -0.015376        0.061021
FIRE:  102 13:13:18       -0.016114        0.059224
FIRE:  103 13:13:18       -0.016431        0.057639
FIRE:  104 13:13:18       -0.016416        0.056576
FIRE:  105 13:13:18       -0.016441        0.056627
FIRE:  106 13:13:18       -0.016491        0.056729
FIRE:  107 13:13:18       -0.016561        0.056880
FIRE:  108 13:13:18       -0.016650        0.057078
FIRE:  109 13:13:18       -0.016751        0.057321
FIRE:  110 13:13:18       -0.016861        0.057603
FIRE:  111 13:13:18       -0.016976        0.057918
FIRE:  112 13:13:18       -0.017103        0.058297
FIRE:  113 13:13:18       -0.017243        0.058736
FIRE:  114 13:13:18       -0.017396        0.059222
FIRE:  115 13:13:18       -0.017568        0.059729
FIRE:  116 13:13:18       -0.017774        0.060214
FIRE:  117 13:13:18       -0.018034        0.060624
FIRE:  118 13:13:18       -0.018373        0.060904
FIRE:  119 13:13:18       -0.018812        0.061005
FIRE:  120 13:13:18       -0.019356        0.060907
FIRE:  121 13:13:18       -0.019996        0.060637
FIRE:  122 13:13:18       -0.020736        0.060298
FIRE:  123 13:13:18       -0.021621        0.060041
FIRE:  124 13:13:18       -0.022726        0.059990
FIRE:  125 13:13:18       -0.024082        0.060159
FIRE:  126 13:13:18       -0.025668        0.060297
FIRE:  127 13:13:18       -0.027552        0.059800
FIRE:  128 13:13:18       -0.029849        0.058160
FIRE:  129 13:13:19       -0.032527        0.055662
FIRE:  130 13:13:19       -0.035690        0.053485
FIRE:  131 13:13:19       -0.039372        0.052073
FIRE:  132 13:13:19       -0.043600        0.049480
FIRE:  133 13:13:19       -0.048328        0.045072
FIRE:  134 13:13:19       -0.053499        0.042548
FIRE:  135 13:13:19       -0.058820        0.036451
FIRE:  136 13:13:19       -0.063475        0.039361
FIRE:  137 13:13:19       -0.064705        0.099105
FIRE:  138 13:13:19       -0.068510        0.019519
FIRE:  139 13:13:19       -0.065648        0.088551
FIRE:  140 13:13:19       -0.066898        0.067949
FIRE:  141 13:13:19       -0.068312        0.031563
FIRE:  142 13:13:19       -0.068675        0.019552
FIRE:  143 13:13:19       -0.068684        0.019547
FIRE:  144 13:13:19       -0.068701        0.019535
FIRE:  145 13:13:19       -0.068723        0.019517
FIRE:  146 13:13:19       -0.068747        0.019489
FIRE:  147 13:13:19       -0.068770        0.019451
FIRE:  148 13:13:19       -0.068792        0.019401
FIRE:  149 13:13:19       -0.068811        0.019337
FIRE:  150 13:13:19       -0.068833        0.019255
FIRE:  151 13:13:19       -0.068860        0.019151
FIRE:  152 13:13:19       -0.068899        0.019024
FIRE:  153 13:13:19       -0.068951        0.018871
FIRE:  154 13:13:19       -0.069019        0.018811
FIRE:  155 13:13:19       -0.069097        0.018760
FIRE:  156 13:13:20       -0.069183        0.018685
FIRE:  157 13:13:20       -0.069286        0.018580
FIRE:  158 13:13:20       -0.069419        0.018432
FIRE:  159 13:13:20       -0.069581        0.018230
FIRE:  160 13:13:20       -0.069763        0.017962
FIRE:  161 13:13:20       -0.069980        0.017604
FIRE:  162 13:13:20       -0.070243        0.017137
FIRE:  163 13:13:20       -0.070537        0.016554
FIRE:  164 13:13:20       -0.070885        0.015856
FIRE:  165 13:13:20       -0.071268        0.015042
FIRE:  166 13:13:20       -0.071703        0.014063
FIRE:  167 13:13:20       -0.072171        0.012856
FIRE:  168 13:13:20       -0.072653        0.011395
FIRE:  169 13:13:20       -0.073087        0.013019
FIRE:  170 13:13:20       -0.073362        0.024706
FIRE:  171 13:13:20       -0.073583        0.007368
