      Step     Time          Energy          fmax
FIRE:    0 12:04:14       72.559251       56.682015
FIRE:    1 12:04:14       58.928694       13.269000
FIRE:    2 12:04:14       58.610431       22.323524
FIRE:    3 12:04:14       53.838727       12.166575
FIRE:    4 12:04:14       52.726214       21.108446
FIRE:    5 12:04:14       51.494200       15.277692
FIRE:    6 12:04:14       49.999179       11.046044
FIRE:    7 12:04:14       49.070362       10.925332
FIRE:    8 12:04:14       48.567557       10.786073
FIRE:    9 12:04:15       47.807432       12.777048
FIRE:   10 12:04:15       46.440771       11.726988
FIRE:   11 12:04:15       44.694706        9.751760
FIRE:   12 12:04:15       42.969295        9.248265
FIRE:   13 12:04:15       41.706129        8.763255
FIRE:   14 12:04:15       40.256897       10.471507
FIRE:   15 12:04:15       38.021911        7.799447
FIRE:   16 12:04:15       35.977919        7.360315
FIRE:   17 12:04:15       34.407308        7.142974
FIRE:   18 12:04:15       32.467375        6.387602
FIRE:   19 12:04:15       30.770224        5.851691
FIRE:   20 12:04:15       29.408776        5.403501
FIRE:   21 12:04:15       27.839647        4.996982
FIRE:   22 12:04:15       26.453489        4.648955
FIRE:   23 12:04:15       25.255566        4.295005
FIRE:   24 12:04:15       23.992267        3.892996
FIRE:   25 12:04:15       22.904839        3.506464
FIRE:   26 12:04:15       21.929978        3.173323
FIRE:   27 12:04:15       20.956408        2.886957
FIRE:   28 12:04:15       20.133124        2.644398
FIRE:   29 12:04:15       19.344318        2.392192
FIRE:   30 12:04:15       18.588083        2.137115
FIRE:   31 12:04:15       17.917706        1.923905
FIRE:   32 12:04:15       17.249345        1.757874
FIRE:   33 12:04:16       16.633500        1.639942
FIRE:   34 12:04:16       16.072567        1.540748
FIRE:   35 12:04:16       15.564112        1.449619
FIRE:   36 12:04:16       15.159384        1.378149
FIRE:   37 12:04:16       14.805286        1.304069
FIRE:   38 12:04:16       14.460623        1.187208
FIRE:   39 12:04:16       14.107880        1.003047
FIRE:   40 12:04:16       13.776319        0.906975
FIRE:   41 12:04:16       13.521361        1.028070
FIRE:   42 12:04:16       13.312982        1.104116
FIRE:   43 12:04:16       13.122431        1.109414
FIRE:   44 12:04:16       12.935800        1.043185
FIRE:   45 12:04:16       12.760588        0.912970
FIRE:   46 12:04:16       12.623266        0.738244
FIRE:   47 12:04:16       12.511617        0.585686
FIRE:   48 12:04:16       12.399610        0.592093
FIRE:   49 12:04:16       12.272198        0.565152
FIRE:   50 12:04:16       12.144694        0.668924
FIRE:   51 12:04:16       12.022980        0.764176
FIRE:   52 12:04:16       11.897987        0.810445
FIRE:   53 12:04:16       11.769963        0.803983
FIRE:   54 12:04:16       11.645370        0.759704
FIRE:   55 12:04:17       11.534055        0.700285
FIRE:   56 12:04:17       11.429029        0.652003
FIRE:   57 12:04:17       11.308589        0.631836
FIRE:   58 12:04:17       11.157130        0.649124
FIRE:   59 12:04:17       10.975593        0.698469
FIRE:   60 12:04:17       10.779815        0.760674
FIRE:   61 12:04:17       10.587350        0.810524
FIRE:   62 12:04:17       10.406245        0.830680
FIRE:   63 12:04:17       10.237695        0.817443
FIRE:   64 12:04:17       10.082167        0.775362
FIRE:   65 12:04:17        9.940019        0.712671
FIRE:   66 12:04:17        9.814422        0.635457
FIRE:   67 12:04:17        9.710382        0.545686
FIRE:   68 12:04:17        9.631284        0.446009
FIRE:   69 12:04:17        9.573575        0.466449
FIRE:   70 12:04:17        9.523547        0.497261
FIRE:   71 12:04:17        9.480568        0.547708
FIRE:   72 12:04:17        9.466462        0.664261
FIRE:   73 12:04:17        9.373973        1.033906
FIRE:   74 12:04:17        9.619616        3.556911
FIRE:   75 12:04:17        9.296261        0.431714
FIRE:   76 12:04:17        9.292191        0.386437
FIRE:   77 12:04:17        9.286427        0.377427
FIRE:   78 12:04:17        9.281561        0.366242
FIRE:   79 12:04:17        9.277730        0.354458
FIRE:   80 12:04:17        9.272698        0.342926
FIRE:   81 12:04:18        9.264979        0.331836
FIRE:   82 12:04:18        9.255519        0.321226
FIRE:   83 12:04:18        9.245464        0.309576
FIRE:   84 12:04:18        9.235391        0.294550
FIRE:   85 12:04:18        9.222520        0.272976
FIRE:   86 12:04:18        9.205766        0.277173
FIRE:   87 12:04:18        9.188637        0.301457
FIRE:   88 12:04:18        9.169527        0.321058
FIRE:   89 12:04:18        9.146246        0.332638
FIRE:   90 12:04:18        9.122244        0.347038
FIRE:   91 12:04:18        9.092391        0.375752
FIRE:   92 12:04:18        9.059808        0.403001
FIRE:   93 12:04:18        9.018526        0.403118
FIRE:   94 12:04:18        8.968593        0.403684
FIRE:   95 12:04:18        8.908239        0.407075
FIRE:   96 12:04:18        8.837067        0.363614
FIRE:   97 12:04:18        8.765376        0.397498
FIRE:   98 12:04:18        8.693721        0.402382
FIRE:   99 12:04:18        8.620169        0.339257
FIRE:  100 12:04:18        8.548798        0.313209
FIRE:  101 12:04:18        8.477426        0.319429
FIRE:  102 12:04:18        8.406962        0.359223
FIRE:  103 12:04:18        8.334485        0.374164
FIRE:  104 12:04:18        8.262184        0.364750
FIRE:  105 12:04:19        8.188188        0.310975
FIRE:  106 12:04:19        8.116988        0.283145
FIRE:  107 12:04:19        8.048611        0.303974
FIRE:  108 12:04:19        7.984487        0.270272
FIRE:  109 12:04:19        7.924158        0.279457
FIRE:  110 12:04:19        7.869334        0.225645
FIRE:  111 12:04:19        7.822431        0.247253
FIRE:  112 12:04:19        7.785976        0.241543
FIRE:  113 12:04:19        7.760963        0.191795
FIRE:  114 12:04:19        7.751617        0.175326
FIRE:  115 12:04:19        7.881267        1.802533
FIRE:  116 12:04:19        7.965129        1.624926
FIRE:  117 12:04:19        7.823866        1.028715
FIRE:  118 12:04:19        7.753165        0.281353
FIRE:  119 12:04:19        7.751882        0.238002
FIRE:  120 12:04:19        7.750033        0.159250
FIRE:  121 12:04:19        7.748613        0.058834
FIRE:  122 12:04:19        7.748309        0.046066
FIRE:  123 12:04:19        7.748297        0.044635
FIRE:  124 12:04:19        7.748273        0.041820
FIRE:  125 12:04:19        7.748240        0.037719
FIRE:  126 12:04:19        7.748201        0.032484
FIRE:  127 12:04:19        7.748157        0.029548
FIRE:  128 12:04:20        7.748113        0.028951
FIRE:  129 12:04:20        7.748070        0.028133
FIRE:  130 12:04:20        7.748026        0.026908
FIRE:  131 12:04:20        7.747983        0.025102
FIRE:  132 12:04:20        7.747941        0.022517
FIRE:  133 12:04:20        7.747899        0.018970
FIRE:  134 12:04:20        7.747856        0.017324
FIRE:  135 12:04:20        7.747814        0.015086
FIRE:  136 12:04:20        7.747781        0.011072
FIRE:  137 12:04:20        7.747771        0.009662
