      Step     Time          Energy          fmax
FIRE:    0 12:24:33      307.768102      126.426315
FIRE:    1 12:24:33      253.001871      115.696765
FIRE:    2 12:24:33      205.102354      102.765207
FIRE:    3 12:24:33      163.848167       88.523126
FIRE:    4 12:24:33      129.129336       73.604579
FIRE:    5 12:24:33      100.862326       58.226864
FIRE:    6 12:24:33       79.081388       41.973971
FIRE:    7 12:24:33       64.178027       23.562769
FIRE:    8 12:24:33       57.230149       20.839892
FIRE:    9 12:24:34       59.529280       36.813909
FIRE:   10 12:24:34       51.068319       18.561669
FIRE:   11 12:24:34       49.540813       19.153072
FIRE:   12 12:24:34       47.867067       15.936252
FIRE:   13 12:24:34       45.363471       15.903067
FIRE:   14 12:24:34       43.108559       15.975390
FIRE:   15 12:24:34       41.341537       15.929148
FIRE:   16 12:24:34       39.134401       15.311912
FIRE:   17 12:24:34       35.914498       13.962335
FIRE:   18 12:24:34       32.353588       12.211911
FIRE:   19 12:24:34       29.006264       10.350255
FIRE:   20 12:24:34       26.383635        8.923151
FIRE:   21 12:24:34       24.001916        7.866131
FIRE:   22 12:24:34       21.792333        7.076166
FIRE:   23 12:24:34       19.930182        6.490074
FIRE:   24 12:24:34       18.468806        6.003678
FIRE:   25 12:24:34       17.233308        5.473914
FIRE:   26 12:24:34       16.030303        4.818389
FIRE:   27 12:24:34       14.888219        4.082216
FIRE:   28 12:24:34       13.991617        3.391809
FIRE:   29 12:24:34       13.435537        2.848418
FIRE:   30 12:24:34       13.102995        3.451440
FIRE:   31 12:24:34       12.780760        3.212968
FIRE:   32 12:24:34       12.349370        3.571490
FIRE:   33 12:24:34       11.835749        3.370759
FIRE:   34 12:24:34       11.350901        2.571397
FIRE:   35 12:24:34       11.001969        1.553509
FIRE:   36 12:24:34       10.810435        1.114340
FIRE:   37 12:24:34       10.723558        0.979206
FIRE:   38 12:24:34       10.712420        0.631488
FIRE:   39 12:24:35       10.693000        0.634817
FIRE:   40 12:24:35       10.660379        0.639162
FIRE:   41 12:24:35       10.622844        0.640599
FIRE:   42 12:24:35       10.585505        0.634574
FIRE:   43 12:24:35       10.547711        0.617065
FIRE:   44 12:24:35       10.505763        0.585762
FIRE:   45 12:24:35       10.458601        0.540655
FIRE:   46 12:24:35       10.404184        0.478539
FIRE:   47 12:24:35       10.345359        0.407851
FIRE:   48 12:24:35       10.275781        0.387834
FIRE:   49 12:24:35       10.183568        0.433857
FIRE:   50 12:24:35       10.076594        0.477787
FIRE:   51 12:24:35        9.957967        0.527254
FIRE:   52 12:24:35        9.833944        0.570309
FIRE:   53 12:24:35        9.717714        0.590735
FIRE:   54 12:24:35        9.596448        0.559422
FIRE:   55 12:24:35        9.476053        0.491895
FIRE:   56 12:24:35        9.360085        0.428748
FIRE:   57 12:24:35        9.247169        0.377324
FIRE:   58 12:24:35        9.143863        0.332257
FIRE:   59 12:24:35        9.042854        0.284473
FIRE:   60 12:24:35        8.942741        0.235762
FIRE:   61 12:24:35        8.843358        0.218949
FIRE:   62 12:24:35        8.742972        0.236713
FIRE:   63 12:24:35        8.639411        0.241739
FIRE:   64 12:24:35        8.529778        0.252774
FIRE:   65 12:24:35        8.415305        0.256574
FIRE:   66 12:24:35        8.299528        0.240045
FIRE:   67 12:24:35        8.185907        0.238335
FIRE:   68 12:24:36        8.082212        0.273138
FIRE:   69 12:24:36        7.995165        0.367804
FIRE:   70 12:24:36        7.925321        0.464068
FIRE:   71 12:24:36        7.858990        0.532705
FIRE:   72 12:24:36        7.776570        0.498101
FIRE:   73 12:24:36        7.693756        0.308867
FIRE:   74 12:24:36        7.667900        0.319063
FIRE:   75 12:24:36        7.588887        0.374393
FIRE:   76 12:24:36        7.571389        0.338083
FIRE:   77 12:24:36        7.565543        0.155806
FIRE:   78 12:24:36        7.563464        0.189774
FIRE:   79 12:24:36        7.562785        0.164313
FIRE:   80 12:24:36        7.561706        0.149201
FIRE:   81 12:24:36        7.560591        0.144249
FIRE:   82 12:24:36        7.559631        0.138613
FIRE:   83 12:24:36        7.558718        0.133115
FIRE:   84 12:24:36        7.557607        0.128375
FIRE:   85 12:24:36        7.556193        0.124603
FIRE:   86 12:24:36        7.554439        0.121336
FIRE:   87 12:24:36        7.552700        0.117880
FIRE:   88 12:24:36        7.551244        0.112395
FIRE:   89 12:24:36        7.549752        0.103079
FIRE:   90 12:24:36        7.548022        0.089134
FIRE:   91 12:24:36        7.546748        0.071059
FIRE:   92 12:24:36        7.545860        0.078595
FIRE:   93 12:24:36        7.544833        0.051930
FIRE:   94 12:24:36        7.544461        0.082229
FIRE:   95 12:24:37        7.544304        0.067047
FIRE:   96 12:24:37        7.544087        0.052380
FIRE:   97 12:24:37        7.543909        0.049207
FIRE:   98 12:24:37        7.543777        0.050421
FIRE:   99 12:24:37        7.543610        0.059508
FIRE:  100 12:24:37        7.543355        0.054339
FIRE:  101 12:24:37        7.543048        0.042159
FIRE:  102 12:24:37        7.542746        0.042082
FIRE:  103 12:24:37        7.542501        0.041376
FIRE:  104 12:24:37        7.542220        0.039818
FIRE:  105 12:24:37        7.541872        0.033547
FIRE:  106 12:24:37        7.541627        0.027223
FIRE:  107 12:24:37        7.541414        0.034844
FIRE:  108 12:24:37        7.541166        0.025844
FIRE:  109 12:24:37        7.541031        0.035427
FIRE:  110 12:24:37        7.540801        0.022957
FIRE:  111 12:24:37        7.540656        0.037030
FIRE:  112 12:24:37        7.540434        0.019259
FIRE:  113 12:24:37        7.540319        0.011690
FIRE:  114 12:24:37        7.540462        0.044055
FIRE:  115 12:24:37        7.540374        0.014664
FIRE:  116 12:24:37        7.540387        0.024892
FIRE:  117 12:24:37        7.540377        0.020754
FIRE:  118 12:24:37        7.540364        0.013202
FIRE:  119 12:24:37        7.540354        0.010390
FIRE:  120 12:24:37        7.540353        0.010864
FIRE:  121 12:24:37        7.540353        0.010834
FIRE:  122 12:24:37        7.540352        0.010775
FIRE:  123 12:24:37        7.540352        0.010689
FIRE:  124 12:24:38        7.540351        0.010577
FIRE:  125 12:24:38        7.540349        0.010444
FIRE:  126 12:24:38        7.540348        0.010294
FIRE:  127 12:24:38        7.540347        0.010131
FIRE:  128 12:24:38        7.540346        0.009945
