      Step     Time          Energy          fmax
FIRE:    0 16:33:23      425.666748      242.438886
FIRE:    1 16:33:23      337.507540      187.030746
FIRE:    2 16:33:23      269.825586      140.072750
FIRE:    3 16:33:23      219.406784      100.309943
FIRE:    4 16:33:23      183.456011       66.608348
FIRE:    5 16:33:23      159.537912       37.718522
FIRE:    6 16:33:23      145.487858       31.964563
FIRE:    7 16:33:23      139.203178       31.316490
FIRE:    8 16:33:23      138.541084       36.526667
FIRE:    9 16:33:23      122.568925       29.432325
FIRE:   10 16:33:23      113.949583       28.298724
FIRE:   11 16:33:23      107.375366       27.124530
FIRE:   12 16:33:23       99.674254       25.635531
FIRE:   13 16:33:23       90.978875       23.972860
FIRE:   14 16:33:23       82.667463       22.354176
FIRE:   15 16:33:23       75.588714       20.868614
FIRE:   16 16:33:23       69.687575       19.491708
FIRE:   17 16:33:23       64.269303       18.156579
FIRE:   18 16:33:23       58.776566       16.839798
FIRE:   19 16:33:23       53.355578       15.574449
FIRE:   20 16:33:23       48.559316       14.394124
FIRE:   21 16:33:23       44.721630       13.291727
FIRE:   22 16:33:24       41.734255       12.223425
FIRE:   23 16:33:24       39.246415       11.149298
FIRE:   24 16:33:24       36.897393       10.058929
FIRE:   25 16:33:24       34.439050        8.984565
FIRE:   26 16:33:24       31.858211        7.987546
FIRE:   27 16:33:24       29.351791        7.122116
FIRE:   28 16:33:24       27.075615        6.605419
FIRE:   29 16:33:24       24.999871        6.078196
FIRE:   30 16:33:24       23.041178        5.532488
FIRE:   31 16:33:24       21.197275        5.081090
FIRE:   32 16:33:24       19.532632        4.800171
FIRE:   33 16:33:24       18.109680        4.539848
FIRE:   34 16:33:24       16.938557        4.271067
FIRE:   35 16:33:24       15.965743        3.959451
FIRE:   36 16:33:24       15.107192        3.578196
FIRE:   37 16:33:24       14.300983        3.120884
FIRE:   38 16:33:24       13.542886        2.604144
FIRE:   39 16:33:24       12.878374        2.063102
FIRE:   40 16:33:24       12.359605        1.538019
FIRE:   41 16:33:24       11.997890        1.196581
FIRE:   42 16:33:24       11.749838        1.046136
FIRE:   43 16:33:24       11.570207        1.013920
FIRE:   44 16:33:24       11.448704        0.695292
FIRE:   45 16:33:24       11.401413        0.332525
FIRE:   46 16:33:25       11.459326        1.065420
FIRE:   47 16:33:25       11.383472        1.148094
FIRE:   48 16:33:25       11.326978        0.424817
FIRE:   49 16:33:25       11.321803        0.418583
FIRE:   50 16:33:25       11.318110        0.362254
FIRE:   51 16:33:25       11.312304        0.335382
FIRE:   52 16:33:25       11.306732        0.336957
FIRE:   53 16:33:25       11.303135        0.338140
FIRE:   54 16:33:25       11.301242        0.338447
FIRE:   55 16:33:25       11.299025        0.337784
FIRE:   56 16:33:25       11.294718        0.336263
FIRE:   57 16:33:25       11.287240        0.333716
FIRE:   58 16:33:25       11.277715        0.330025
FIRE:   59 16:33:25       11.268564        0.325259
FIRE:   60 16:33:25       11.259698        0.320251
FIRE:   61 16:33:25       11.247176        0.316102
FIRE:   62 16:33:25       11.229494        0.313029
FIRE:   63 16:33:25       11.211001        0.309494
FIRE:   64 16:33:25       11.190089        0.302930
FIRE:   65 16:33:25       11.161702        0.292721
FIRE:   66 16:33:25       11.132525        0.280397
FIRE:   67 16:33:25       11.095770        0.270333
FIRE:   68 16:33:25       11.058378        0.259293
FIRE:   69 16:33:25       11.011963        0.242789
FIRE:   70 16:33:25       10.964306        0.230372
FIRE:   71 16:33:25       10.917989        0.276190
FIRE:   72 16:33:25       10.874130        0.411048
FIRE:   73 16:33:25       10.826740        0.335696
FIRE:   74 16:33:26       10.780057        0.304752
FIRE:   75 16:33:26       10.736342        0.384552
FIRE:   76 16:33:26       10.697784        0.571187
FIRE:   77 16:33:26       10.684240        0.355902
FIRE:   78 16:33:26       10.679506        0.253667
FIRE:   79 16:33:26       10.675956        0.250917
FIRE:   80 16:33:26       10.675654        0.248347
FIRE:   81 16:33:26       10.675027        0.248797
FIRE:   82 16:33:26       10.673944        0.249636
FIRE:   83 16:33:26       10.672675        0.250751
FIRE:   84 16:33:26       10.671477        0.252000
FIRE:   85 16:33:26       10.670456        0.253221
FIRE:   86 16:33:26       10.669502        0.254266
FIRE:   87 16:33:26       10.668377        0.255054
FIRE:   88 16:33:26       10.666699        0.255602
FIRE:   89 16:33:26       10.664271        0.255853
FIRE:   90 16:33:26       10.661149        0.255791
FIRE:   91 16:33:26       10.657594        0.255545
FIRE:   92 16:33:26       10.653596        0.255547
FIRE:   93 16:33:26       10.648487        0.256410
FIRE:   94 16:33:26       10.641671        0.258487
FIRE:   95 16:33:26       10.633488        0.261400
FIRE:   96 16:33:26       10.623796        0.263915
FIRE:   97 16:33:26       10.611189        0.265101
FIRE:   98 16:33:26       10.595986        0.265408
FIRE:   99 16:33:26       10.577081        0.267471
FIRE:  100 16:33:26       10.553804        0.271354
FIRE:  101 16:33:26       10.524847        0.272400
FIRE:  102 16:33:27       10.489767        0.271688
FIRE:  103 16:33:27       10.447220        0.273973
FIRE:  104 16:33:27       10.397362        0.266006
FIRE:  105 16:33:27       10.348152        0.473186
FIRE:  106 16:33:27       10.315534        0.798791
FIRE:  107 16:33:27       10.285287        0.250927
FIRE:  108 16:33:27       10.305339        0.773491
FIRE:  109 16:33:27       10.293542        0.562467
FIRE:  110 16:33:27       10.281523        0.249808
FIRE:  111 16:33:27       10.280055        0.246415
FIRE:  112 16:33:27       10.279748        0.246481
FIRE:  113 16:33:27       10.279187        0.246599
FIRE:  114 16:33:27       10.278460        0.246745
FIRE:  115 16:33:27       10.277673        0.246885
FIRE:  116 16:33:27       10.276908        0.246977
FIRE:  117 16:33:27       10.276204        0.246984
FIRE:  118 16:33:27       10.275531        0.246875
FIRE:  119 16:33:27       10.274731        0.246608
FIRE:  120 16:33:27       10.273661        0.246146
FIRE:  121 16:33:27       10.272168        0.245449
FIRE:  122 16:33:27       10.270172        0.244475
FIRE:  123 16:33:27       10.267725        0.243181
FIRE:  124 16:33:27       10.264940        0.241565
FIRE:  125 16:33:27       10.261721        0.239737
FIRE:  126 16:33:27       10.257658        0.237867
FIRE:  127 16:33:27       10.252471        0.235980
FIRE:  128 16:33:27       10.246372        0.233748
FIRE:  129 16:33:28       10.239224        0.230567
FIRE:  130 16:33:28       10.230304        0.226007
FIRE:  131 16:33:28       10.219884        0.219950
FIRE:  132 16:33:28       10.207509        0.213067
FIRE:  133 16:33:28       10.192986        0.205167
FIRE:  134 16:33:28       10.176081        0.194560
FIRE:  135 16:33:28       10.157012        0.181002
FIRE:  136 16:33:28       10.135560        0.165978
FIRE:  137 16:33:28       10.112159        0.147022
FIRE:  138 16:33:28       10.088308        0.238408
FIRE:  139 16:33:28       10.071028        0.502327
FIRE:  140 16:33:28       10.058877        0.104704
FIRE:  141 16:33:28       10.065562        0.461940
FIRE:  142 16:33:28       10.062013        0.359620
FIRE:  143 16:33:28       10.057847        0.179890
FIRE:  144 16:33:28       10.056307        0.104691
FIRE:  145 16:33:28       10.056254        0.104688
FIRE:  146 16:33:28       10.056152        0.104683
FIRE:  147 16:33:28       10.056005        0.104673
FIRE:  148 16:33:28       10.055818        0.104657
FIRE:  149 16:33:28       10.055596        0.104632
FIRE:  150 16:33:28       10.055342        0.104596
FIRE:  151 16:33:28       10.055055        0.104549
FIRE:  152 16:33:28       10.054697        0.104481
FIRE:  153 16:33:28       10.054245        0.104388
FIRE:  154 16:33:28       10.053670        0.104264
FIRE:  155 16:33:28       10.052941        0.104105
FIRE:  156 16:33:28       10.052025        0.103907
FIRE:  157 16:33:29       10.050894        0.103669
FIRE:  158 16:33:29       10.049506        0.103394
FIRE:  159 16:33:29       10.047792        0.103146
FIRE:  160 16:33:29       10.045657        0.103978
FIRE:  161 16:33:29       10.043013        0.105336
FIRE:  162 16:33:29       10.039766        0.106954
FIRE:  163 16:33:29       10.035751        0.108320
FIRE:  164 16:33:29       10.030773        0.109249
FIRE:  165 16:33:29       10.024635        0.110482
FIRE:  166 16:33:29       10.017003        0.113067
FIRE:  167 16:33:29       10.007537        0.116479
FIRE:  168 16:33:29        9.995707        0.118940
FIRE:  169 16:33:29        9.980901        0.122275
FIRE:  170 16:33:29        9.962268        0.127917
FIRE:  171 16:33:29        9.938744        0.131081
FIRE:  172 16:33:29        9.909452        0.144489
FIRE:  173 16:33:29        9.878101        0.384699
FIRE:  174 16:33:29        9.888831        1.247556
FIRE:  175 16:33:29        9.829165        0.227680
FIRE:  176 16:33:29        9.827543        0.157742
FIRE:  177 16:33:29        9.825639        0.150084
FIRE:  178 16:33:29        9.824622        0.152426
FIRE:  179 16:33:29        9.823981        0.178437
FIRE:  180 16:33:29        9.822411        0.194198
FIRE:  181 16:33:29        9.819662        0.151169
FIRE:  182 16:33:29        9.816655        0.148179
FIRE:  183 16:33:30        9.813881        0.146497
FIRE:  184 16:33:30        9.810555        0.145442
FIRE:  185 16:33:30        9.805381        0.146467
FIRE:  186 16:33:30        9.799327        0.149732
FIRE:  187 16:33:30        9.792569        0.150943
FIRE:  188 16:33:30        9.783071        0.147324
FIRE:  189 16:33:30        9.772555        0.148058
FIRE:  190 16:33:30        9.758525        0.147488
FIRE:  191 16:33:30        9.742742        0.158452
FIRE:  192 16:33:30        9.722397        0.146963
FIRE:  193 16:33:30        9.698271        0.147176
FIRE:  194 16:33:30        9.669699        0.147089
FIRE:  195 16:33:30        9.637646        0.184948
FIRE:  196 16:33:30        9.618570        0.675174
FIRE:  197 16:33:30        9.598442        0.128421
FIRE:  198 16:33:30        9.598210        0.128242
FIRE:  199 16:33:30        9.597766        0.127891
FIRE:  200 16:33:30        9.597130        0.127374
FIRE:  201 16:33:30        9.596304        0.126706
FIRE:  202 16:33:30        9.595275        0.125914
FIRE:  203 16:33:30        9.594032        0.125050
FIRE:  204 16:33:30        9.592584        0.124182
FIRE:  205 16:33:30        9.590763        0.123288
FIRE:  206 16:33:30        9.588492        0.122386
FIRE:  207 16:33:30        9.585661        0.121369
FIRE:  208 16:33:30        9.582164        0.119933
FIRE:  209 16:33:31        9.577889        0.117676
FIRE:  210 16:33:31        9.572691        0.114532
FIRE:  211 16:33:31        9.566446        0.111237
FIRE:  212 16:33:31        9.558999        0.108486
FIRE:  213 16:33:31        9.550276        0.104868
FIRE:  214 16:33:31        9.540200        0.098184
FIRE:  215 16:33:31        9.528853        0.091287
FIRE:  216 16:33:31        9.516487        0.083487
FIRE:  217 16:33:31        9.503715        0.071367
FIRE:  218 16:33:31        9.492773        0.142382
FIRE:  219 16:33:31        9.496620        0.509919
FIRE:  220 16:33:31        9.481451        0.042755
FIRE:  221 16:33:31        9.481406        0.042863
FIRE:  222 16:33:31        9.481335        0.043066
FIRE:  223 16:33:31        9.481257        0.043336
FIRE:  224 16:33:31        9.481172        0.043632
FIRE:  225 16:33:31        9.481062        0.043899
FIRE:  226 16:33:31        9.480918        0.044085
FIRE:  227 16:33:31        9.480747        0.044137
FIRE:  228 16:33:31        9.480546        0.043991
FIRE:  229 16:33:31        9.480307        0.043610
FIRE:  230 16:33:31        9.480000        0.043073
FIRE:  231 16:33:31        9.479621        0.042587
FIRE:  232 16:33:31        9.479178        0.042428
FIRE:  233 16:33:31        9.478634        0.042600
FIRE:  234 16:33:32        9.477997        0.042526
FIRE:  235 16:33:32        9.477243        0.041451
FIRE:  236 16:33:32        9.476384        0.039810
FIRE:  237 16:33:32        9.475394        0.038663
FIRE:  238 16:33:32        9.474299        0.035821
FIRE:  239 16:33:32        9.473120        0.032232
FIRE:  240 16:33:32        9.471979        0.034670
FIRE:  241 16:33:32        9.471392        0.098302
FIRE:  242 16:33:32        9.470703        0.024171
FIRE:  243 16:33:32        9.471130        0.084877
FIRE:  244 16:33:32        9.470936        0.066217
FIRE:  245 16:33:32        9.470706        0.032913
FIRE:  246 16:33:32        9.470622        0.024662
FIRE:  247 16:33:32        9.470621        0.024667
FIRE:  248 16:33:32        9.470618        0.024676
FIRE:  249 16:33:32        9.470613        0.024689
FIRE:  250 16:33:32        9.470608        0.024705
FIRE:  251 16:33:32        9.470601        0.024721
FIRE:  252 16:33:32        9.470594        0.024736
FIRE:  253 16:33:32        9.470586        0.024747
FIRE:  254 16:33:32        9.470576        0.024754
FIRE:  255 16:33:32        9.470563        0.024753
FIRE:  256 16:33:32        9.470547        0.024739
FIRE:  257 16:33:32        9.470526        0.024710
FIRE:  258 16:33:32        9.470501        0.024664
FIRE:  259 16:33:32        9.470470        0.024603
FIRE:  260 16:33:32        9.470432        0.024534
FIRE:  261 16:33:33        9.470385        0.024468
FIRE:  262 16:33:33        9.470328        0.024410
FIRE:  263 16:33:33        9.470259        0.024350
FIRE:  264 16:33:33        9.470175        0.024249
FIRE:  265 16:33:33        9.470074        0.024053
FIRE:  266 16:33:33        9.469951        0.023742
FIRE:  267 16:33:33        9.469806        0.023373
FIRE:  268 16:33:33        9.469633        0.023005
FIRE:  269 16:33:33        9.469429        0.022506
FIRE:  270 16:33:33        9.469189        0.021657
FIRE:  271 16:33:33        9.468911        0.020706
FIRE:  272 16:33:33        9.468593        0.019743
FIRE:  273 16:33:33        9.468239        0.018033
FIRE:  274 16:33:33        9.467878        0.023349
FIRE:  275 16:33:33        9.467646        0.055491
FIRE:  276 16:33:33        9.467431        0.014846
FIRE:  277 16:33:33        9.467564        0.048029
FIRE:  278 16:33:33        9.467501        0.037356
FIRE:  279 16:33:33        9.467427        0.018379
FIRE:  280 16:33:33        9.467402        0.014825
FIRE:  281 16:33:33        9.467401        0.014830
FIRE:  282 16:33:33        9.467400        0.014841
FIRE:  283 16:33:33        9.467398        0.014855
FIRE:  284 16:33:33        9.467396        0.014873
FIRE:  285 16:33:33        9.467393        0.014892
FIRE:  286 16:33:33        9.467390        0.014911
FIRE:  287 16:33:34        9.467387        0.014927
FIRE:  288 16:33:34        9.467383        0.014939
FIRE:  289 16:33:34        9.467379        0.014944
FIRE:  290 16:33:34        9.467372        0.014939
FIRE:  291 16:33:34        9.467364        0.014919
FIRE:  292 16:33:34        9.467354        0.014883
FIRE:  293 16:33:34        9.467342        0.014831
FIRE:  294 16:33:34        9.467327        0.014771
FIRE:  295 16:33:34        9.467309        0.014714
FIRE:  296 16:33:34        9.467287        0.014668
FIRE:  297 16:33:34        9.467260        0.014634
FIRE:  298 16:33:34        9.467227        0.014587
FIRE:  299 16:33:34        9.467187        0.014487
FIRE:  300 16:33:34        9.467139        0.014316
FIRE:  301 16:33:34        9.467081        0.014106
FIRE:  302 16:33:34        9.467012        0.013914
FIRE:  303 16:33:34        9.466930        0.013675
FIRE:  304 16:33:34        9.466832        0.013254
FIRE:  305 16:33:34        9.466719        0.012788
FIRE:  306 16:33:34        9.466587        0.012310
FIRE:  307 16:33:34        9.466439        0.011447
FIRE:  308 16:33:34        9.466285        0.015111
FIRE:  309 16:33:34        9.466189        0.036876
FIRE:  310 16:33:34        9.466091        0.009874
