      Step     Time          Energy          fmax
FIRE:    0 11:34:25      133.072747       36.748558
FIRE:    1 11:34:25      118.643772       26.741471
FIRE:    2 11:34:25      109.563417       21.710898
FIRE:    3 11:34:31      103.028093       20.406419
FIRE:    4 11:34:31       96.871995       20.898971
FIRE:    5 11:34:31       89.989149       20.223682
FIRE:    6 11:34:31       82.234720       20.193586
FIRE:    7 11:34:31       73.957248       19.784698
FIRE:    8 11:34:32       65.597500       18.887691
FIRE:    9 11:34:32       57.567314       17.653282
FIRE:   10 11:34:32       50.184834       16.056490
FIRE:   11 11:34:32       43.696848       13.892792
FIRE:   12 11:34:32       38.354492       10.743540
FIRE:   13 11:34:32       34.523273        9.739839
FIRE:   14 11:34:32       32.803050       10.981720
FIRE:   15 11:34:32       33.823636       14.796280
FIRE:   16 11:34:32       30.220449        9.281486
FIRE:   17 11:34:32       29.828855        7.153540
FIRE:   18 11:34:32       29.168617        7.359300
FIRE:   19 11:34:32       28.184489        7.761758
FIRE:   20 11:34:32       27.324177        8.275199
FIRE:   21 11:34:32       26.619418        8.575930
FIRE:   22 11:34:32       25.563667        8.276680
FIRE:   23 11:34:32       24.059011        7.378430
FIRE:   24 11:34:32       22.601210        6.279644
FIRE:   25 11:34:32       21.395376        5.374084
FIRE:   26 11:34:32       20.253376        4.797217
FIRE:   27 11:34:32       19.071420        4.461509
FIRE:   28 11:34:32       17.981147        4.275769
FIRE:   29 11:34:33       17.094539        4.126275
FIRE:   30 11:34:33       16.337642        3.856948
FIRE:   31 11:34:33       15.595461        3.403669
FIRE:   32 11:34:33       14.896582        2.851385
FIRE:   33 11:34:33       14.304419        2.338974
FIRE:   34 11:34:33       13.785610        1.943082
FIRE:   35 11:34:33       13.287861        1.655011
FIRE:   36 11:34:33       12.813552        1.445323
FIRE:   37 11:34:33       12.388561        1.286532
FIRE:   38 11:34:33       12.016440        1.141648
FIRE:   39 11:34:33       11.686069        0.989070
FIRE:   40 11:34:33       11.410345        0.841342
FIRE:   41 11:34:33       11.227200        0.726052
FIRE:   42 11:34:33       11.157257        0.647642
FIRE:   43 11:34:33       11.165017        0.916425
FIRE:   44 11:34:33       11.080526        0.499611
FIRE:   45 11:34:33       11.032090        0.314184
FIRE:   46 11:34:34       11.037019        0.387457
FIRE:   47 11:34:34       11.031188        0.381018
FIRE:   48 11:34:34       11.021033        0.368679
FIRE:   49 11:34:34       11.008870        0.351615
FIRE:   50 11:34:34       10.996862        0.331805
FIRE:   51 11:34:34       10.986294        0.312153
FIRE:   52 11:34:34       10.977299        0.296169
FIRE:   53 11:34:34       10.968975        0.290419
FIRE:   54 11:34:34       10.958687        0.299682
FIRE:   55 11:34:34       10.943832        0.296938
FIRE:   56 11:34:34       10.922012        0.319427
FIRE:   57 11:34:34       10.893124        0.351442
FIRE:   58 11:34:34       10.859935        0.387018
FIRE:   59 11:34:34       10.822987        0.418198
FIRE:   60 11:34:34       10.775137        0.439669
FIRE:   61 11:34:34       10.709199        0.448351
FIRE:   62 11:34:34       10.624459        0.443673
FIRE:   63 11:34:34       10.518059        0.438229
FIRE:   64 11:34:35       10.401084        0.461801
FIRE:   65 11:34:35       10.274436        0.510105
FIRE:   66 11:34:35       10.145586        0.552466
FIRE:   67 11:34:35       10.010070        0.576075
FIRE:   68 11:34:35        9.866877        0.586753
FIRE:   69 11:34:35        9.719134        0.593884
FIRE:   70 11:34:35        9.568067        0.601695
FIRE:   71 11:34:35        9.411368        0.610049
FIRE:   72 11:34:35        9.249992        0.620419
FIRE:   73 11:34:35        9.084988        0.632663
FIRE:   74 11:34:35        8.916339        0.641748
FIRE:   75 11:34:35        8.744294        0.642325
FIRE:   76 11:34:35        8.569984        0.634101
FIRE:   77 11:34:35        8.394046        0.621736
FIRE:   78 11:34:35        8.216768        0.606641
FIRE:   79 11:34:35        8.039432        0.579712
FIRE:   80 11:34:35        7.863964        0.568655
FIRE:   81 11:34:35        7.691788        0.582729
FIRE:   82 11:34:35        7.523828        0.598017
FIRE:   83 11:34:35        7.361017        0.611188
FIRE:   84 11:34:35        7.204226        0.618848
FIRE:   85 11:34:35        7.053947        0.621056
FIRE:   86 11:34:35        6.910228        0.619021
FIRE:   87 11:34:35        6.773024        0.613042
FIRE:   88 11:34:35        6.641632        0.604319
FIRE:   89 11:34:36        6.514033        0.591938
FIRE:   90 11:34:36        6.387368        0.574159
FIRE:   91 11:34:36        6.258310        0.550480
FIRE:   92 11:34:36        6.123336        0.521728
FIRE:   93 11:34:36        5.979471        0.489606
FIRE:   94 11:34:36        5.827482        0.459592
FIRE:   95 11:34:36        5.676631        0.516394
FIRE:   96 11:34:36        5.543326        0.564794
FIRE:   97 11:34:36        5.438635        0.606379
FIRE:   98 11:34:36        5.334841        0.883066
FIRE:   99 11:34:36        5.187279        0.805972
FIRE:  100 11:34:36        5.023170        0.448125
FIRE:  101 11:34:36        4.910197        0.355183
FIRE:  102 11:34:36        4.863448        0.357303
FIRE:  103 11:34:36        4.865399        0.542847
FIRE:  104 11:34:36        4.864548        0.997046
FIRE:  105 11:34:36        4.794113        0.260309
FIRE:  106 11:34:36        4.786739        0.213548
FIRE:  107 11:34:36        4.780141        0.165858
FIRE:  108 11:34:36        4.777735        0.199171
FIRE:  109 11:34:36        4.776933        0.169646
FIRE:  110 11:34:36        4.775681        0.155337
FIRE:  111 11:34:36        4.774470        0.147673
FIRE:  112 11:34:36        4.773612        0.139344
FIRE:  113 11:34:36        4.773015        0.132077
FIRE:  114 11:34:36        4.772293        0.127153
FIRE:  115 11:34:37        4.771146        0.129164
FIRE:  116 11:34:37        4.769354        0.125851
FIRE:  117 11:34:37        4.767127        0.129374
FIRE:  118 11:34:37        4.764921        0.133901
FIRE:  119 11:34:37        4.762720        0.135453
FIRE:  120 11:34:37        4.759772        0.130418
FIRE:  121 11:34:37        4.755935        0.117308
FIRE:  122 11:34:37        4.752201        0.099063
FIRE:  123 11:34:37        4.748152        0.088393
FIRE:  124 11:34:37        4.743272        0.082330
FIRE:  125 11:34:37        4.739022        0.084338
FIRE:  126 11:34:37        4.734292        0.050384
FIRE:  127 11:34:37        4.731025        0.097549
FIRE:  128 11:34:37        4.727982        0.043172
FIRE:  129 11:34:37        4.726786        0.031622
FIRE:  130 11:34:37        4.727577        0.087561
FIRE:  131 11:34:37        4.727115        0.053656
FIRE:  132 11:34:37        4.727004        0.044749
FIRE:  133 11:34:37        4.726962        0.045248
FIRE:  134 11:34:37        4.726895        0.046145
FIRE:  135 11:34:37        4.726824        0.047234
FIRE:  136 11:34:37        4.726763        0.048205
FIRE:  137 11:34:37        4.726705        0.048702
FIRE:  138 11:34:37        4.726634        0.048493
FIRE:  139 11:34:37        4.726539        0.047503
FIRE:  140 11:34:37        4.726407        0.045555
FIRE:  141 11:34:37        4.726252        0.042650
FIRE:  142 11:34:38        4.726092        0.039147
FIRE:  143 11:34:38        4.725915        0.035862
FIRE:  144 11:34:38        4.725689        0.033461
FIRE:  145 11:34:38        4.725432        0.031890
FIRE:  146 11:34:38        4.725183        0.029556
FIRE:  147 11:34:38        4.724901        0.024506
FIRE:  148 11:34:38        4.724631        0.017604
FIRE:  149 11:34:38        4.724379        0.014466
FIRE:  150 11:34:38        4.724182        0.017812
FIRE:  151 11:34:38        4.724023        0.006891
