      Step     Time          Energy          fmax
FIRE:    0 12:25:55      209.334580      181.709718
FIRE:    1 12:25:55      172.841847       41.606079
FIRE:    2 12:25:55      159.126897       36.544079
FIRE:    3 12:25:56      150.278897       71.439987
FIRE:    4 12:25:56      137.731228       76.122584
FIRE:    5 12:25:56      122.468269       57.260670
FIRE:    6 12:25:56      109.767915       24.619005
FIRE:    7 12:25:56      102.969380       21.648011
FIRE:    8 12:25:56      100.486833       50.141021
FIRE:    9 12:25:56       96.322005       57.897705
FIRE:   10 12:25:56       88.415403       34.707657
FIRE:   11 12:25:56       81.310603       20.189810
FIRE:   12 12:25:56       76.562096       21.802303
FIRE:   13 12:25:56       71.847248       31.758517
FIRE:   14 12:25:56       65.731745       27.016150
FIRE:   15 12:25:56       59.515446       16.804807
FIRE:   16 12:25:56       54.919666       15.507368
FIRE:   17 12:25:56       51.449974       19.683314
FIRE:   18 12:25:56       47.573593       18.088426
FIRE:   19 12:25:56       43.613878       12.957576
FIRE:   20 12:25:56       40.583480       12.318042
FIRE:   21 12:25:56       37.976676       12.419767
FIRE:   22 12:25:57       35.173975       10.806449
FIRE:   23 12:25:57       32.576207        9.914102
FIRE:   24 12:25:57       30.644442        9.186314
FIRE:   25 12:25:57       28.925371        8.732992
FIRE:   26 12:25:57       27.196460        7.792799
FIRE:   27 12:25:57       25.776025        7.178695
FIRE:   28 12:25:57       24.473649        6.603791
FIRE:   29 12:25:57       23.026182        5.976261
FIRE:   30 12:25:57       21.610816        5.370891
FIRE:   31 12:25:57       20.372613        4.845646
FIRE:   32 12:25:57       19.200617        4.334719
FIRE:   33 12:25:57       18.143632        3.841420
FIRE:   34 12:25:57       17.310531        3.411618
FIRE:   35 12:25:57       16.608170        3.008056
FIRE:   36 12:25:57       15.967857        2.607992
FIRE:   37 12:25:57       15.420822        2.239610
FIRE:   38 12:25:57       14.964758        1.908971
FIRE:   39 12:25:57       14.558019        1.591675
FIRE:   40 12:25:57       14.219062        1.296059
FIRE:   41 12:25:57       13.980537        1.044967
FIRE:   42 12:25:57       13.814186        0.847385
FIRE:   43 12:25:57       13.705462        0.613014
FIRE:   44 12:25:57       13.662078        0.657291
FIRE:   45 12:25:58       13.661598        0.814431
FIRE:   46 12:25:58       13.969998        4.552230
FIRE:   47 12:25:58       13.754885        4.242077
FIRE:   48 12:25:58       13.540897        0.684027
FIRE:   49 12:25:58       13.535481        0.579170
FIRE:   50 12:25:58       13.527852        0.565694
FIRE:   51 12:25:58       13.521607        0.547446
FIRE:   52 12:25:58       13.517024        0.527448
FIRE:   53 12:25:58       13.510981        0.534440
FIRE:   54 12:25:58       13.501421        0.493728
FIRE:   55 12:25:58       13.489800        0.481292
FIRE:   56 12:25:58       13.477987        0.468648
FIRE:   57 12:25:58       13.466545        0.451374
FIRE:   58 12:25:58       13.451411        0.425442
FIRE:   59 12:25:58       13.431569        0.388890
FIRE:   60 12:25:58       13.412459        0.344076
FIRE:   61 12:25:58       13.391799        0.315279
FIRE:   62 12:25:58       13.369408        0.261036
FIRE:   63 12:25:58       13.350467        0.270115
FIRE:   64 12:25:58       13.331265        0.167398
FIRE:   65 12:25:58       13.317808        0.177341
FIRE:   66 12:25:58       13.311964        0.314120
FIRE:   67 12:25:58       13.310311        0.187512
FIRE:   68 12:25:58       13.308909        0.157967
FIRE:   69 12:25:58       13.308615        0.190109
FIRE:   70 12:25:59       13.308407        0.169864
FIRE:   71 12:25:59       13.308052        0.152840
FIRE:   72 12:25:59       13.307645        0.152085
FIRE:   73 12:25:59       13.307272        0.151135
FIRE:   74 12:25:59       13.306965        0.149969
FIRE:   75 12:25:59       13.306685        0.148552
FIRE:   76 12:25:59       13.306358        0.146857
FIRE:   77 12:25:59       13.305875        0.144647
FIRE:   78 12:25:59       13.305196        0.141826
FIRE:   79 12:25:59       13.304361        0.138324
FIRE:   80 12:25:59       13.303482        0.134082
FIRE:   81 12:25:59       13.302580        0.129004
FIRE:   82 12:25:59       13.301488        0.122957
FIRE:   83 12:25:59       13.300119        0.115770
FIRE:   84 12:25:59       13.298702        0.107245
FIRE:   85 12:25:59       13.297274        0.097023
FIRE:   86 12:25:59       13.295601        0.084977
FIRE:   87 12:25:59       13.294015        0.071354
FIRE:   88 12:26:00       13.292313        0.059308
FIRE:   89 12:26:00       13.290637        0.076153
FIRE:   90 12:26:00       13.288734        0.081744
FIRE:   91 12:26:00       13.286779        0.088204
FIRE:   92 12:26:00       13.284208        0.092313
FIRE:   93 12:26:00       13.281098        0.089681
FIRE:   94 12:26:00       13.277331        0.083725
FIRE:   95 12:26:00       13.273298        0.150814
FIRE:   96 12:26:00       13.271538        0.403752
FIRE:   97 12:26:00       13.267334        0.073770
FIRE:   98 12:26:00       13.270062        0.344763
FIRE:   99 12:26:00       13.268687        0.262803
FIRE:  100 12:26:00       13.267126        0.116588
FIRE:  101 12:26:00       13.266707        0.069253
FIRE:  102 12:26:00       13.266686        0.069544
FIRE:  103 12:26:00       13.266647        0.070107
FIRE:  104 12:26:00       13.266594        0.070902
FIRE:  105 12:26:00       13.266532        0.071870
FIRE:  106 12:26:00       13.266465        0.072929
FIRE:  107 12:26:00       13.266395        0.073981
FIRE:  108 12:26:00       13.266321        0.074923
FIRE:  109 12:26:00       13.266232        0.075729
FIRE:  110 12:26:00       13.266117        0.076255
FIRE:  111 12:26:01       13.265967        0.076358
FIRE:  112 12:26:01       13.265771        0.075927
FIRE:  113 12:26:01       13.265527        0.074945
FIRE:  114 12:26:01       13.265235        0.073588
FIRE:  115 12:26:01       13.264887        0.072301
FIRE:  116 12:26:01       13.264456        0.071701
FIRE:  117 12:26:01       13.263914        0.072230
FIRE:  118 12:26:01       13.263252        0.073709
FIRE:  119 12:26:01       13.262459        0.074973
FIRE:  120 12:26:01       13.261476        0.074575
FIRE:  121 12:26:01       13.260274        0.072554
FIRE:  122 12:26:01       13.258815        0.071634
FIRE:  123 12:26:01       13.257010        0.073843
FIRE:  124 12:26:01       13.254803        0.075438
FIRE:  125 12:26:01       13.252062        0.073409
FIRE:  126 12:26:01       13.248631        0.076439
FIRE:  127 12:26:01       13.244295        0.079800
FIRE:  128 12:26:01       13.238739        0.078972
FIRE:  129 12:26:01       13.231678        0.095983
FIRE:  130 12:26:01       13.224115        0.290673
FIRE:  131 12:26:01       13.229489        0.821001
FIRE:  132 12:26:01       13.209076        0.098127
FIRE:  133 12:26:01       13.208840        0.100713
FIRE:  134 12:26:02       13.208486        0.105107
FIRE:  135 12:26:02       13.208112        0.109874
FIRE:  136 12:26:02       13.207673        0.113356
FIRE:  137 12:26:02       13.207057        0.114555
FIRE:  138 12:26:02       13.206239        0.113413
FIRE:  139 12:26:02       13.205306        0.110783
FIRE:  140 12:26:02       13.204202        0.108086
FIRE:  141 12:26:02       13.202792        0.107895
FIRE:  142 12:26:02       13.200900        0.111916
FIRE:  143 12:26:02       13.198552        0.118821
FIRE:  144 12:26:02       13.195595        0.123327
FIRE:  145 12:26:02       13.191713        0.122294
FIRE:  146 12:26:02       13.186828        0.121988
FIRE:  147 12:26:02       13.180386        0.132034
FIRE:  148 12:26:02       13.172045        0.143095
FIRE:  149 12:26:02       13.160958        0.143824
FIRE:  150 12:26:02       13.146082        0.162364
FIRE:  151 12:26:02       13.125970        0.171503
FIRE:  152 12:26:02       13.098507        0.191444
FIRE:  153 12:26:02       13.060945        0.197201
FIRE:  154 12:26:02       13.015466        0.332924
FIRE:  155 12:26:02       13.004347        1.210509
FIRE:  156 12:26:02       12.970360        0.557370
FIRE:  157 12:26:02       12.963344        0.353500
FIRE:  158 12:26:02       12.957363        0.228864
FIRE:  159 12:26:03       12.957705        0.321400
FIRE:  160 12:26:03       12.957057        0.294030
FIRE:  161 12:26:03       12.955932        0.241995
FIRE:  162 12:26:03       12.954610        0.207877
FIRE:  163 12:26:03       12.953364        0.216479
FIRE:  164 12:26:03       12.952341        0.225032
FIRE:  165 12:26:03       12.951479        0.232237
FIRE:  166 12:26:03       12.950559        0.237145
FIRE:  167 12:26:03       12.949209        0.239416
FIRE:  168 12:26:03       12.947171        0.238206
FIRE:  169 12:26:03       12.944386        0.232998
FIRE:  170 12:26:03       12.941080        0.224126
FIRE:  171 12:26:03       12.937511        0.213885
FIRE:  172 12:26:03       12.933341        0.206963
FIRE:  173 12:26:03       12.927731        0.207671
FIRE:  174 12:26:03       12.920558        0.216912
FIRE:  175 12:26:03       12.912404        0.228536
FIRE:  176 12:26:03       12.902296        0.230617
FIRE:  177 12:26:03       12.889416        0.218339
FIRE:  178 12:26:03       12.874448        0.205356
FIRE:  179 12:26:03       12.855520        0.212269
FIRE:  180 12:26:03       12.833520        0.219968
FIRE:  181 12:26:03       12.806914        0.189915
FIRE:  182 12:26:04       12.776749        0.175303
FIRE:  183 12:26:04       12.744813        0.156520
FIRE:  184 12:26:04       12.718247        0.391046
FIRE:  185 12:26:04       12.721365        1.029196
FIRE:  186 12:26:04       12.693253        0.087850
FIRE:  187 12:26:04       12.715378        0.925407
FIRE:  188 12:26:04       12.705586        0.702229
FIRE:  189 12:26:04       12.694905        0.315066
FIRE:  190 12:26:04       12.692742        0.139994
FIRE:  191 12:26:04       12.692667        0.131486
FIRE:  192 12:26:04       12.692531        0.114969
FIRE:  193 12:26:04       12.692361        0.091436
FIRE:  194 12:26:04       12.692191        0.073589
FIRE:  195 12:26:04       12.692048        0.072919
FIRE:  196 12:26:04       12.691951        0.072217
FIRE:  197 12:26:04       12.691897        0.071525
FIRE:  198 12:26:04       12.691859        0.070818
FIRE:  199 12:26:04       12.691804        0.078080
FIRE:  200 12:26:04       12.691692        0.084277
FIRE:  201 12:26:04       12.691497        0.076171
FIRE:  202 12:26:04       12.691231        0.068225
FIRE:  203 12:26:04       12.690946        0.067628
FIRE:  204 12:26:04       12.690692        0.066892
FIRE:  205 12:26:04       12.690422        0.065755
FIRE:  206 12:26:04       12.690022        0.064005
FIRE:  207 12:26:05       12.689492        0.061612
FIRE:  208 12:26:05       12.688966        0.058900
FIRE:  209 12:26:05       12.688383        0.060477
FIRE:  210 12:26:05       12.687595        0.054673
FIRE:  211 12:26:05       12.686813        0.053152
FIRE:  212 12:26:05       12.685874        0.050403
FIRE:  213 12:26:05       12.684888        0.048520
FIRE:  214 12:26:05       12.683764        0.041712
FIRE:  215 12:26:05       12.682736        0.068430
FIRE:  216 12:26:05       12.681526        0.055554
FIRE:  217 12:26:05       12.680351        0.031122
FIRE:  218 12:26:05       12.679273        0.037803
FIRE:  219 12:26:05       12.678570        0.114924
FIRE:  220 12:26:05       12.678180        0.028982
FIRE:  221 12:26:05       12.678377        0.102481
FIRE:  222 12:26:05       12.678250        0.077697
FIRE:  223 12:26:05       12.678103        0.034254
FIRE:  224 12:26:05       12.678054        0.026409
FIRE:  225 12:26:05       12.678051        0.026484
FIRE:  226 12:26:05       12.678046        0.026628
FIRE:  227 12:26:05       12.678037        0.026829
FIRE:  228 12:26:05       12.678027        0.027068
FIRE:  229 12:26:05       12.678016        0.027321
FIRE:  230 12:26:05       12.678003        0.027557
FIRE:  231 12:26:05       12.677988        0.027745
FIRE:  232 12:26:06       12.677971        0.027865
FIRE:  233 12:26:06       12.677949        0.027865
FIRE:  234 12:26:06       12.677920        0.027690
FIRE:  235 12:26:06       12.677884        0.027294
FIRE:  236 12:26:06       12.677840        0.026663
FIRE:  237 12:26:06       12.677786        0.025841
FIRE:  238 12:26:06       12.677722        0.024958
FIRE:  239 12:26:06       12.677645        0.024193
FIRE:  240 12:26:06       12.677550        0.023670
FIRE:  241 12:26:06       12.677438        0.023297
FIRE:  242 12:26:06       12.677307        0.022657
FIRE:  243 12:26:06       12.677152        0.021253
FIRE:  244 12:26:06       12.676974        0.019891
FIRE:  245 12:26:06       12.676771        0.018969
FIRE:  246 12:26:06       12.676543        0.017205
FIRE:  247 12:26:06       12.676293        0.015761
FIRE:  248 12:26:06       12.676027        0.014693
FIRE:  249 12:26:06       12.675755        0.012623
FIRE:  250 12:26:06       12.675496        0.016765
FIRE:  251 12:26:06       12.675290        0.039300
FIRE:  252 12:26:06       12.675228        0.077782
FIRE:  253 12:26:06       12.675066        0.011410
FIRE:  254 12:26:06       12.675161        0.064318
FIRE:  255 12:26:06       12.675120        0.050901
FIRE:  256 12:26:06       12.675070        0.026920
FIRE:  257 12:26:06       12.675050        0.010614
FIRE:  258 12:26:07       12.675050        0.010608
FIRE:  259 12:26:07       12.675050        0.010595
FIRE:  260 12:26:07       12.675049        0.010576
FIRE:  261 12:26:07       12.675048        0.010551
FIRE:  262 12:26:07       12.675047        0.010521
FIRE:  263 12:26:07       12.675046        0.010487
FIRE:  264 12:26:07       12.675045        0.010448
FIRE:  265 12:26:07       12.675043        0.010400
FIRE:  266 12:26:07       12.675041        0.010344
FIRE:  267 12:26:07       12.675039        0.010277
FIRE:  268 12:26:07       12.675036        0.010197
FIRE:  269 12:26:07       12.675032        0.010103
FIRE:  270 12:26:07       12.675028        0.009988
