      Step     Time          Energy          fmax
FIRE:    0 14:47:34      105.746366       45.407016
FIRE:    1 14:47:34       85.312858       38.217306
FIRE:    2 14:47:35       68.549741       31.259675
FIRE:    3 14:47:35       55.233590       24.336241
FIRE:    4 14:47:35       45.306804       17.246106
FIRE:    5 14:47:35       38.871268       14.426231
FIRE:    6 14:47:35       36.065185       14.810421
FIRE:    7 14:47:35       36.426229       15.632664
FIRE:    8 14:47:35       33.199200       14.163484
FIRE:    9 14:47:35       30.473581       12.600128
FIRE:   10 14:47:35       29.039857       11.557769
FIRE:   11 14:47:35       27.256652       10.695465
FIRE:   12 14:47:35       24.428341        9.719983
FIRE:   13 14:47:35       21.379740        8.734578
FIRE:   14 14:47:35       18.852848        7.871301
FIRE:   15 14:47:35       17.104314        7.167218
FIRE:   16 14:47:35       15.844410        6.511218
FIRE:   17 14:47:35       14.575380        5.774790
FIRE:   18 14:47:35       13.188028        4.980270
FIRE:   19 14:47:35       11.943637        4.256563
FIRE:   20 14:47:35       10.968458        3.674310
FIRE:   21 14:47:35       10.121588        3.194479
FIRE:   22 14:47:35        9.287599        2.761290
FIRE:   23 14:47:35        8.506781        2.357745
FIRE:   24 14:47:35        7.872139        1.992612
FIRE:   25 14:47:35        7.412090        1.666912
FIRE:   26 14:47:35        7.073017        1.355662
FIRE:   27 14:47:35        6.807998        1.037937
FIRE:   28 14:47:35        6.620422        0.809071
FIRE:   29 14:47:36        6.514587        0.876225
FIRE:   30 14:47:36        6.460377        0.944676
FIRE:   31 14:47:36        6.427055        1.014511
FIRE:   32 14:47:36        6.398526        1.079996
FIRE:   33 14:47:36        6.363455        1.131762
FIRE:   34 14:47:36        6.306983        1.160395
FIRE:   35 14:47:36        6.212687        1.159365
FIRE:   36 14:47:36        6.071917        1.126370
FIRE:   37 14:47:36        5.892622        1.063397
FIRE:   38 14:47:36        5.698072        0.969583
FIRE:   39 14:47:36        5.515487        0.831525
FIRE:   40 14:47:36        5.362053        0.661971
FIRE:   41 14:47:36        5.238572        0.481926
FIRE:   42 14:47:36        5.138792        0.315552
FIRE:   43 14:47:36        5.054327        0.366884
FIRE:   44 14:47:36        4.970418        0.372842
FIRE:   45 14:47:36        4.887138        0.288348
FIRE:   46 14:47:36        4.844050        0.417754
FIRE:   47 14:47:36        4.809584        0.343616
FIRE:   48 14:47:36        4.784142        0.300053
FIRE:   49 14:47:36        4.780748        0.261855
FIRE:   50 14:47:36        4.771977        0.260229
FIRE:   51 14:47:36        4.760861        0.259399
FIRE:   52 14:47:36        4.754393        0.260701
FIRE:   53 14:47:36        4.751580        0.260082
FIRE:   54 14:47:36        4.744746        0.251936
FIRE:   55 14:47:36        4.731091        0.234813
FIRE:   56 14:47:37        4.715860        0.212677
FIRE:   57 14:47:37        4.703494        0.189773
FIRE:   58 14:47:37        4.691197        0.182008
FIRE:   59 14:47:37        4.671105        0.176110
FIRE:   60 14:47:37        4.647756        0.167364
FIRE:   61 14:47:37        4.628085        0.151203
FIRE:   62 14:47:37        4.599682        0.142257
FIRE:   63 14:47:37        4.576699        0.147203
FIRE:   64 14:47:37        4.546781        0.101424
FIRE:   65 14:47:37        4.530644        0.238180
FIRE:   66 14:47:37        4.523132        0.121000
FIRE:   67 14:47:37        4.520371        0.085350
FIRE:   68 14:47:37        4.520190        0.085551
FIRE:   69 14:47:37        4.519869        0.085930
FIRE:   70 14:47:37        4.519475        0.086424
FIRE:   71 14:47:37        4.519063        0.086916
FIRE:   72 14:47:37        4.518647        0.087221
FIRE:   73 14:47:37        4.518194        0.087141
FIRE:   74 14:47:37        4.517651        0.086531
FIRE:   75 14:47:37        4.516905        0.085177
FIRE:   76 14:47:37        4.515926        0.082958
FIRE:   77 14:47:37        4.514750        0.079938
FIRE:   78 14:47:37        4.513414        0.076478
FIRE:   79 14:47:37        4.511837        0.073178
FIRE:   80 14:47:37        4.509857        0.072032
FIRE:   81 14:47:37        4.507488        0.070354
FIRE:   82 14:47:38        4.504841        0.068186
FIRE:   83 14:47:38        4.501720        0.066427
FIRE:   84 14:47:38        4.498179        0.064775
FIRE:   85 14:47:38        4.494309        0.060955
FIRE:   86 14:47:38        4.490072        0.054161
FIRE:   87 14:47:38        4.485649        0.048183
FIRE:   88 14:47:38        4.481335        0.042775
FIRE:   89 14:47:38        4.477446        0.041770
FIRE:   90 14:47:38        4.474469        0.064062
FIRE:   91 14:47:38        4.473140        0.106913
FIRE:   92 14:47:38        4.471337        0.019168
FIRE:   93 14:47:38        4.472352        0.082421
FIRE:   94 14:47:38        4.471939        0.066298
FIRE:   95 14:47:38        4.471422        0.037028
FIRE:   96 14:47:38        4.471189        0.019099
FIRE:   97 14:47:38        4.471349        0.035276
FIRE:   98 14:47:38        4.471329        0.033520
FIRE:   99 14:47:38        4.471291        0.030106
FIRE:  100 14:47:38        4.471244        0.025223
FIRE:  101 14:47:38        4.471195        0.019151
FIRE:  102 14:47:38        4.471155        0.018298
FIRE:  103 14:47:38        4.471128        0.018577
FIRE:  104 14:47:38        4.471117        0.018816
FIRE:  105 14:47:38        4.471117        0.018988
FIRE:  106 14:47:39        4.471116        0.018978
FIRE:  107 14:47:39        4.471114        0.018959
FIRE:  108 14:47:39        4.471111        0.018930
FIRE:  109 14:47:39        4.471108        0.018892
FIRE:  110 14:47:39        4.471104        0.018846
FIRE:  111 14:47:39        4.471100        0.018791
FIRE:  112 14:47:39        4.471095        0.018728
FIRE:  113 14:47:39        4.471089        0.018652
FIRE:  114 14:47:39        4.471083        0.018558
FIRE:  115 14:47:39        4.471076        0.018447
FIRE:  116 14:47:39        4.471068        0.018319
FIRE:  117 14:47:39        4.471059        0.018175
FIRE:  118 14:47:39        4.471050        0.018019
FIRE:  119 14:47:39        4.471038        0.017856
FIRE:  120 14:47:39        4.471023        0.017694
FIRE:  121 14:47:39        4.471004        0.017538
FIRE:  122 14:47:39        4.470980        0.017388
FIRE:  123 14:47:39        4.470952        0.017238
FIRE:  124 14:47:39        4.470919        0.017066
FIRE:  125 14:47:39        4.470883        0.016831
FIRE:  126 14:47:39        4.470840        0.016482
FIRE:  127 14:47:39        4.470789        0.015973
FIRE:  128 14:47:39        4.470729        0.015286
FIRE:  129 14:47:39        4.470664        0.014461
FIRE:  130 14:47:40        4.470590        0.013609
FIRE:  131 14:47:40        4.470505        0.012795
FIRE:  132 14:47:40        4.470413        0.011899
FIRE:  133 14:47:40        4.470311        0.010690
FIRE:  134 14:47:40        4.470200        0.009650
