      Step     Time          Energy          fmax
FIRE:    0 11:16:18      239.989841      106.348411
FIRE:    1 11:16:18      188.771483       76.586103
FIRE:    2 11:16:18      151.032838       53.994354
FIRE:    3 11:16:18      122.989810       37.156066
FIRE:    4 11:16:18      101.830620       26.813762
FIRE:    5 11:16:18       85.521144       23.871072
FIRE:    6 11:16:18       72.630657       21.296735
FIRE:    7 11:16:18       62.171677       18.933216
FIRE:    8 11:16:18       53.448477       16.787428
FIRE:    9 11:16:18       45.991958       14.830202
FIRE:   10 11:16:18       39.495196       12.965037
FIRE:   11 11:16:18       33.773889       11.339987
FIRE:   12 11:16:18       28.731671       10.549085
FIRE:   13 11:16:18       24.329308        9.558708
FIRE:   14 11:16:18       20.559535        8.418659
FIRE:   15 11:16:18       17.425623        7.176623
FIRE:   16 11:16:19       14.927803        6.125494
FIRE:   17 11:16:19       13.047905        5.627243
FIRE:   18 11:16:19       11.715368        5.200083
FIRE:   19 11:16:19       10.798595        5.098487
FIRE:   20 11:16:19       10.145872        5.414570
FIRE:   21 11:16:19        9.617167        5.066434
FIRE:   22 11:16:19        9.066540        6.627126
FIRE:   23 11:16:19        8.345374        7.176884
FIRE:   24 11:16:19        7.432069        6.485975
FIRE:   25 11:16:19        6.514073        4.990204
FIRE:   26 11:16:19        5.828826        3.371839
FIRE:   27 11:16:19        5.478628        2.084290
FIRE:   28 11:16:19        5.408960        1.425994
FIRE:   29 11:16:19        4.774061        0.847304
FIRE:   30 11:16:19        4.457438        0.593188
FIRE:   31 11:16:19        4.299765        0.819045
FIRE:   32 11:16:19        4.190897        0.958136
FIRE:   33 11:16:19        4.081597        0.800287
FIRE:   34 11:16:19        3.909979        0.885823
FIRE:   35 11:16:19        3.665797        0.867379
FIRE:   36 11:16:19        3.414896        1.001740
FIRE:   37 11:16:19        3.129490        1.027197
FIRE:   38 11:16:19        2.792808        0.963313
FIRE:   39 11:16:19        2.439103        0.884553
FIRE:   40 11:16:19        2.096906        0.861613
FIRE:   41 11:16:19        1.775284        0.815677
FIRE:   42 11:16:19        1.473246        0.749576
FIRE:   43 11:16:20        1.189144        0.668660
FIRE:   44 11:16:20        0.921794        0.584297
FIRE:   45 11:16:20        0.678802        0.489044
FIRE:   46 11:16:20        0.482464        0.377393
FIRE:   47 11:16:20        0.356184        0.312930
FIRE:   48 11:16:20        0.313407        0.333622
FIRE:   49 11:16:20        0.355018        0.429409
FIRE:   50 11:16:20        0.269315        0.128285
FIRE:   51 11:16:20        0.314875        0.330188
FIRE:   52 11:16:20        0.292670        0.253594
FIRE:   53 11:16:20        0.267197        0.126734
FIRE:   54 11:16:20        0.259204        0.114912
FIRE:   55 11:16:20        0.258965        0.114759
FIRE:   56 11:16:20        0.258519        0.114444
FIRE:   57 11:16:20        0.257928        0.113943
FIRE:   58 11:16:20        0.257261        0.113232
FIRE:   59 11:16:20        0.256577        0.112283
FIRE:   60 11:16:20        0.255910        0.111084
FIRE:   61 11:16:20        0.255252        0.109645
FIRE:   62 11:16:20        0.254490        0.107822
FIRE:   63 11:16:20        0.253535        0.105596
FIRE:   64 11:16:20        0.252280        0.102954
FIRE:   65 11:16:20        0.250660        0.099855
FIRE:   66 11:16:20        0.248698        0.096205
FIRE:   67 11:16:20        0.246499        0.091863
FIRE:   68 11:16:20        0.244097        0.088687
FIRE:   69 11:16:20        0.241325        0.084828
FIRE:   70 11:16:21        0.238043        0.079779
FIRE:   71 11:16:21        0.234486        0.073401
FIRE:   72 11:16:21        0.230865        0.065465
FIRE:   73 11:16:21        0.226994        0.055637
FIRE:   74 11:16:21        0.223328        0.043707
FIRE:   75 11:16:21        0.220054        0.034020
FIRE:   76 11:16:21        0.217594        0.024879
FIRE:   77 11:16:21        0.216052        0.015290
FIRE:   78 11:16:21        0.216048        0.031981
FIRE:   79 11:16:21        0.215894        0.020645
FIRE:   80 11:16:21        0.215763        0.019524
FIRE:   81 11:16:21        0.215766        0.019660
FIRE:   82 11:16:21        0.215752        0.019674
FIRE:   83 11:16:21        0.215727        0.019701
FIRE:   84 11:16:21        0.215698        0.019746
FIRE:   85 11:16:21        0.215670        0.019810
FIRE:   86 11:16:21        0.215645        0.019895
FIRE:   87 11:16:21        0.215624        0.019999
FIRE:   88 11:16:21        0.215602        0.020116
FIRE:   89 11:16:21        0.215569        0.020253
FIRE:   90 11:16:21        0.215521        0.020409
FIRE:   91 11:16:21        0.215456        0.020585
FIRE:   92 11:16:21        0.215378        0.020788
FIRE:   93 11:16:21        0.215291        0.021027
FIRE:   94 11:16:21        0.215188        0.021304
FIRE:   95 11:16:21        0.215052        0.021619
FIRE:   96 11:16:21        0.214875        0.021984
FIRE:   97 11:16:21        0.214668        0.022422
FIRE:   98 11:16:22        0.214410        0.022938
FIRE:   99 11:16:22        0.214072        0.023530
FIRE:  100 11:16:22        0.213661        0.024225
FIRE:  101 11:16:22        0.213122        0.025036
FIRE:  102 11:16:22        0.212440        0.026045
FIRE:  103 11:16:22        0.211538        0.027295
FIRE:  104 11:16:22        0.210360        0.028810
FIRE:  105 11:16:22        0.208793        0.030455
FIRE:  106 11:16:22        0.206711        0.032101
FIRE:  107 11:16:22        0.204071        0.033621
FIRE:  108 11:16:22        0.201826        0.072612
FIRE:  109 11:16:22        0.200115        0.034540
FIRE:  110 11:16:22        0.200075        0.034588
FIRE:  111 11:16:22        0.199999        0.034683
FIRE:  112 11:16:22        0.199891        0.034821
FIRE:  113 11:16:22        0.199750        0.034992
FIRE:  114 11:16:22        0.199572        0.035184
FIRE:  115 11:16:22        0.199355        0.035385
FIRE:  116 11:16:22        0.199102        0.035585
FIRE:  117 11:16:22        0.198782        0.035798
FIRE:  118 11:16:22        0.198379        0.036014
FIRE:  119 11:16:22        0.197866        0.036224
FIRE:  120 11:16:22        0.197225        0.036425
FIRE:  121 11:16:22        0.196425        0.036613
FIRE:  122 11:16:22        0.195425        0.036772
FIRE:  123 11:16:22        0.194186        0.036890
FIRE:  124 11:16:22        0.192648        0.036940
FIRE:  125 11:16:23        0.190752        0.036931
FIRE:  126 11:16:23        0.188426        0.036881
FIRE:  127 11:16:23        0.185592        0.036737
FIRE:  128 11:16:23        0.182198        0.036250
FIRE:  129 11:16:23        0.178405        0.036837
FIRE:  130 11:16:23        0.176219        0.120628
FIRE:  131 11:16:23        0.173635        0.032371
FIRE:  132 11:16:23        0.173609        0.032376
FIRE:  133 11:16:23        0.173557        0.032383
FIRE:  134 11:16:23        0.173480        0.032389
FIRE:  135 11:16:23        0.173379        0.032385
FIRE:  136 11:16:23        0.173253        0.032365
FIRE:  137 11:16:23        0.173101        0.032319
FIRE:  138 11:16:23        0.172925        0.032241
FIRE:  139 11:16:23        0.172702        0.032112
FIRE:  140 11:16:23        0.172424        0.031919
FIRE:  141 11:16:23        0.172075        0.031650
FIRE:  142 11:16:23        0.171645        0.031300
FIRE:  143 11:16:23        0.171116        0.030864
FIRE:  144 11:16:23        0.170470        0.030330
FIRE:  145 11:16:23        0.169690        0.029660
FIRE:  146 11:16:23        0.168754        0.028790
FIRE:  147 11:16:23        0.167647        0.027657
FIRE:  148 11:16:23        0.166353        0.026244
FIRE:  149 11:16:23        0.164874        0.024534
FIRE:  150 11:16:23        0.163232        0.022365
FIRE:  151 11:16:23        0.161535        0.019524
FIRE:  152 11:16:24        0.160554        0.068063
FIRE:  153 11:16:24        0.159775        0.015805
FIRE:  154 11:16:24        0.160316        0.060798
FIRE:  155 11:16:24        0.160055        0.046166
FIRE:  156 11:16:24        0.159764        0.020440
FIRE:  157 11:16:24        0.159694        0.015533
FIRE:  158 11:16:24        0.159690        0.015530
FIRE:  159 11:16:24        0.159684        0.015525
FIRE:  160 11:16:24        0.159676        0.015517
FIRE:  161 11:16:24        0.159667        0.015507
FIRE:  162 11:16:24        0.159657        0.015495
FIRE:  163 11:16:24        0.159647        0.015481
FIRE:  164 11:16:24        0.159638        0.015465
FIRE:  165 11:16:24        0.159626        0.015443
FIRE:  166 11:16:24        0.159612        0.015415
FIRE:  167 11:16:24        0.159592        0.015379
FIRE:  168 11:16:24        0.159567        0.015331
FIRE:  169 11:16:24        0.159534        0.015268
FIRE:  170 11:16:24        0.159497        0.015188
FIRE:  171 11:16:24        0.159453        0.015085
FIRE:  172 11:16:24        0.159399        0.014953
FIRE:  173 11:16:24        0.159332        0.014786
FIRE:  174 11:16:24        0.159251        0.014576
FIRE:  175 11:16:24        0.159157        0.014315
FIRE:  176 11:16:24        0.159043        0.013993
FIRE:  177 11:16:24        0.158909        0.013594
FIRE:  178 11:16:24        0.158755        0.013100
FIRE:  179 11:16:25        0.158574        0.012489
FIRE:  180 11:16:25        0.158371        0.011738
FIRE:  181 11:16:25        0.158146        0.010835
FIRE:  182 11:16:25        0.157902        0.009762
