      Step     Time          Energy          fmax
FIRE:    0 12:42:18      178.529798       77.261430
FIRE:    1 12:42:18      149.519914       54.993966
FIRE:    2 12:42:18      128.358179       42.258517
FIRE:    3 12:42:18      110.344681       37.535902
FIRE:    4 12:42:18       93.889044       37.235501
FIRE:    5 12:42:18       79.056267       32.076092
FIRE:    6 12:42:18       66.240378       25.508913
FIRE:    7 12:42:18       55.720697       19.324988
FIRE:    8 12:42:18       47.703240       14.076369
FIRE:    9 12:42:18       42.424720       12.624970
FIRE:   10 12:42:18       39.956233       13.701027
FIRE:   11 12:42:18       39.602828       21.831543
FIRE:   12 12:42:18       34.408964       12.712039
FIRE:   13 12:42:18       33.297971       11.964813
FIRE:   14 12:42:18       32.237239       11.651048
FIRE:   15 12:42:18       30.643787       11.191799
FIRE:   16 12:42:18       29.137718       10.776844
FIRE:   17 12:42:18       27.828193       10.399290
FIRE:   18 12:42:19       26.197787        9.824431
FIRE:   19 12:42:19       23.866823        8.883925
FIRE:   20 12:42:19       21.101957        7.674955
FIRE:   21 12:42:19       18.123993        6.828213
FIRE:   22 12:42:19       15.627257        7.163611
FIRE:   23 12:42:19       13.403316        6.910575
FIRE:   24 12:42:19       11.420323        6.131602
FIRE:   25 12:42:19        9.752347        5.017735
FIRE:   26 12:42:19        8.455616        3.776009
FIRE:   27 12:42:19        7.521999        2.534203
FIRE:   28 12:42:19        6.902088        2.230718
FIRE:   29 12:42:19        6.545834        2.153895
FIRE:   30 12:42:19        6.426795        2.647977
FIRE:   31 12:42:19        6.370852        2.495553
FIRE:   32 12:42:19        6.269292        2.220670
FIRE:   33 12:42:19        6.139006        1.872422
FIRE:   34 12:42:19        5.998066        1.796152
FIRE:   35 12:42:19        5.861286        1.706686
FIRE:   36 12:42:19        5.738001        1.593642
FIRE:   37 12:42:19        5.631812        1.455793
FIRE:   38 12:42:19        5.533021        1.275719
FIRE:   39 12:42:19        5.440587        1.047712
FIRE:   40 12:42:19        5.349886        1.010564
FIRE:   41 12:42:20        5.256383        1.044848
FIRE:   42 12:42:20        5.162049        0.949095
FIRE:   43 12:42:20        5.079012        0.725477
FIRE:   44 12:42:20        5.020705        0.855711
FIRE:   45 12:42:20        4.984407        0.987499
FIRE:   46 12:42:20        4.957051        0.752849
FIRE:   47 12:42:20        4.931013        0.569130
FIRE:   48 12:42:20        4.896946        0.579846
FIRE:   49 12:42:20        4.856984        0.439456
FIRE:   50 12:42:20        4.827109        0.502580
FIRE:   51 12:42:20        4.791465        0.412868
FIRE:   52 12:42:20        4.744460        0.367349
FIRE:   53 12:42:20        4.726382        0.357510
FIRE:   54 12:42:20        4.716946        0.274534
FIRE:   55 12:42:20        4.703700        0.250333
FIRE:   56 12:42:20        4.691876        0.239574
FIRE:   57 12:42:20        4.681886        0.221350
FIRE:   58 12:42:20        4.672621        0.195274
FIRE:   59 12:42:20        4.665195        0.189626
FIRE:   60 12:42:20        4.659723        0.275848
FIRE:   61 12:42:20        4.652546        0.249481
FIRE:   62 12:42:21        4.641827        0.205885
FIRE:   63 12:42:21        4.629566        0.223497
FIRE:   64 12:42:21        4.613479        0.233849
FIRE:   65 12:42:21        4.590435        0.239128
FIRE:   66 12:42:21        4.562780        0.243954
FIRE:   67 12:42:21        4.525372        0.255506
FIRE:   68 12:42:21        4.481707        0.268580
FIRE:   69 12:42:21        4.425576        0.267606
FIRE:   70 12:42:21        4.357155        0.239437
FIRE:   71 12:42:21        4.291959        0.252008
FIRE:   72 12:42:21        4.227378        0.262338
FIRE:   73 12:42:21        4.163515        0.262032
FIRE:   74 12:42:21        4.100712        0.236856
FIRE:   75 12:42:21        4.040622        0.218498
FIRE:   76 12:42:21        3.984210        0.198336
FIRE:   77 12:42:22        3.931206        0.189347
FIRE:   78 12:42:22        3.882422        0.175671
FIRE:   79 12:42:22        3.838811        0.162280
FIRE:   80 12:42:22        3.801882        0.135840
FIRE:   81 12:42:22        3.772958        0.151833
FIRE:   82 12:42:22        3.753208        0.294617
FIRE:   83 12:42:22        3.743726        0.426975
FIRE:   84 12:42:22        4.073196        2.750555
FIRE:   85 12:42:22        3.770850        0.840668
FIRE:   86 12:42:22        3.743663        0.428170
FIRE:   87 12:42:22        3.732430        0.182229
FIRE:   88 12:42:22        3.732132        0.164836
FIRE:   89 12:42:22        3.731636        0.131828
FIRE:   90 12:42:22        3.731099        0.086780
FIRE:   91 12:42:22        3.730668        0.062656
FIRE:   92 12:42:22        3.730402        0.061854
FIRE:   93 12:42:22        3.730234        0.069037
FIRE:   94 12:42:22        3.730042        0.096817
FIRE:   95 12:42:22        3.729703        0.107195
FIRE:   96 12:42:22        3.729194        0.095951
FIRE:   97 12:42:22        3.728616        0.062550
FIRE:   98 12:42:22        3.728120        0.053789
FIRE:   99 12:42:23        3.727647        0.084848
FIRE:  100 12:42:23        3.726942        0.085610
FIRE:  101 12:42:23        3.726019        0.046978
FIRE:  102 12:42:23        3.725256        0.044085
FIRE:  103 12:42:23        3.724478        0.059429
FIRE:  104 12:42:23        3.723432        0.034851
FIRE:  105 12:42:23        3.722645        0.079871
FIRE:  106 12:42:23        3.721573        0.046189
FIRE:  107 12:42:23        3.720845        0.070578
FIRE:  108 12:42:23        3.719861        0.031959
FIRE:  109 12:42:23        3.719348        0.074899
FIRE:  110 12:42:23        3.718804        0.093890
FIRE:  111 12:42:23        3.718466        0.035582
FIRE:  112 12:42:23        3.718436        0.045307
FIRE:  113 12:42:23        3.718407        0.038105
FIRE:  114 12:42:23        3.718362        0.024846
FIRE:  115 12:42:23        3.718322        0.023896
FIRE:  116 12:42:23        3.718299        0.023811
FIRE:  117 12:42:23        3.718286        0.023660
FIRE:  118 12:42:23        3.718266        0.029673
FIRE:  119 12:42:24        3.718229        0.029159
FIRE:  120 12:42:24        3.718171        0.022753
FIRE:  121 12:42:24        3.718106        0.022224
FIRE:  122 12:42:24        3.718049        0.021539
FIRE:  123 12:42:24        3.717992        0.024048
FIRE:  124 12:42:24        3.717905        0.021395
FIRE:  125 12:42:24        3.717799        0.018740
FIRE:  126 12:42:24        3.717709        0.019310
FIRE:  127 12:42:24        3.717596        0.018661
FIRE:  128 12:42:24        3.717470        0.014020
FIRE:  129 12:42:24        3.717357        0.021947
FIRE:  130 12:42:24        3.717225        0.010645
FIRE:  131 12:42:24        3.717107        0.014544
FIRE:  132 12:42:24        3.717001        0.024820
FIRE:  133 12:42:24        3.716886        0.015066
FIRE:  134 12:42:24        3.716787        0.012414
FIRE:  135 12:42:24        3.716712        0.017490
FIRE:  136 12:42:24        3.716740        0.051477
FIRE:  137 12:42:25        3.716643        0.005177
