      Step     Time          Energy          fmax
FIRE:    0 11:33:20      125.103726      110.285220
FIRE:    1 11:33:20       91.055206       54.294398
FIRE:    2 11:33:20       69.951533       33.442096
FIRE:    3 11:33:20       55.649409       24.797006
FIRE:    4 11:33:20       45.093528       23.506726
FIRE:    5 11:33:20       36.886828       20.672081
FIRE:    6 11:33:20       30.482050       16.331535
FIRE:    7 11:33:21       25.650336       11.577437
FIRE:    8 11:33:21       22.144033        9.692744
FIRE:    9 11:33:21       19.617157        8.621534
FIRE:   10 11:33:21       17.695109        7.801284
FIRE:   11 11:33:21       16.110825        6.714507
FIRE:   12 11:33:21       14.757109        5.738773
FIRE:   13 11:33:21       13.629880        4.753613
FIRE:   14 11:33:21       12.725278        5.359818
FIRE:   15 11:33:21       11.988936        5.325802
FIRE:   16 11:33:21       11.353126        4.790705
FIRE:   17 11:33:21       10.785414        4.024332
FIRE:   18 11:33:21       10.275817        3.480445
FIRE:   19 11:33:21        9.806002        3.400060
FIRE:   20 11:33:21        9.366591        2.842043
FIRE:   21 11:33:21        8.981137        2.421989
FIRE:   22 11:33:21        8.683687        1.980481
FIRE:   23 11:33:21        8.487390        1.804602
FIRE:   24 11:33:21        8.386646        1.509016
FIRE:   25 11:33:21        7.853476        1.022332
FIRE:   26 11:33:21        7.537560        0.773735
FIRE:   27 11:33:21        7.268936        0.930438
FIRE:   28 11:33:21        7.003818        0.803040
FIRE:   29 11:33:21        6.791679        0.594169
FIRE:   30 11:33:21        6.639010        0.898566
FIRE:   31 11:33:21        6.465535        0.945129
FIRE:   32 11:33:21        6.264478        0.656360
FIRE:   33 11:33:22        6.104688        0.654671
FIRE:   34 11:33:22        5.971546        0.561936
FIRE:   35 11:33:22        5.835242        0.570996
FIRE:   36 11:33:22        5.700685        0.639879
FIRE:   37 11:33:22        5.538504        0.603589
FIRE:   38 11:33:22        5.341893        0.512352
FIRE:   39 11:33:22        5.156426        0.422039
FIRE:   40 11:33:22        5.007902        0.404136
FIRE:   41 11:33:22        4.900730        0.441076
FIRE:   42 11:33:22        4.828723        0.684117
FIRE:   43 11:33:22        4.762603        0.808137
FIRE:   44 11:33:22        4.699762        0.481650
FIRE:   45 11:33:22        4.689853        0.590957
FIRE:   46 11:33:22        4.605807        0.523418
FIRE:   47 11:33:22        4.556353        0.199776
FIRE:   48 11:33:22        4.547109        0.534187
FIRE:   49 11:33:22        4.534089        0.384394
FIRE:   50 11:33:22        4.517775        0.182518
FIRE:   51 11:33:22        4.507475        0.193250
FIRE:   52 11:33:22        4.501460        0.326885
FIRE:   53 11:33:22        4.491146        0.345720
FIRE:   54 11:33:22        4.473603        0.227523
FIRE:   55 11:33:22        4.453383        0.183933
FIRE:   56 11:33:23        4.433582        0.218874
FIRE:   57 11:33:23        4.413744        0.281654
FIRE:   58 11:33:23        4.389859        0.199408
FIRE:   59 11:33:23        4.362776        0.174504
FIRE:   60 11:33:23        4.334707        0.183522
FIRE:   61 11:33:23        4.310704        0.165971
FIRE:   62 11:33:23        4.284232        0.207570
FIRE:   63 11:33:23        4.249432        0.195187
FIRE:   64 11:33:23        4.199711        0.206392
FIRE:   65 11:33:23        4.135451        0.232147
FIRE:   66 11:33:23        4.063615        0.238850
FIRE:   67 11:33:23        3.977887        0.267212
FIRE:   68 11:33:23        3.877736        0.308902
FIRE:   69 11:33:23        3.760561        0.334466
FIRE:   70 11:33:23        3.629194        0.364433
FIRE:   71 11:33:23        3.484601        0.399539
FIRE:   72 11:33:23        3.329986        0.367326
FIRE:   73 11:33:23        3.171779        0.341115
FIRE:   74 11:33:23        3.012436        0.366873
FIRE:   75 11:33:23        2.851542        0.380153
FIRE:   76 11:33:23        2.690269        0.402678
FIRE:   77 11:33:23        2.537577        0.396556
FIRE:   78 11:33:23        2.408482        0.337359
FIRE:   79 11:33:23        2.307942        0.575982
FIRE:   80 11:33:23        2.224346        0.591715
FIRE:   81 11:33:23        2.163618        0.455228
FIRE:   82 11:33:24        2.128886        0.632756
FIRE:   83 11:33:24        1.997198        0.551420
FIRE:   84 11:33:24        1.952355        0.233099
FIRE:   85 11:33:24        1.918628        0.351977
FIRE:   86 11:33:24        1.871152        0.296403
FIRE:   87 11:33:24        1.810260        0.222459
FIRE:   88 11:33:24        1.759824        0.257613
FIRE:   89 11:33:24        1.707666        0.217949
FIRE:   90 11:33:24        1.658027        0.183496
FIRE:   91 11:33:24        1.610520        0.214052
FIRE:   92 11:33:24        1.571066        0.216461
FIRE:   93 11:33:24        1.527831        0.210669
FIRE:   94 11:33:24        1.485585        0.197223
FIRE:   95 11:33:24        1.435135        0.195417
FIRE:   96 11:33:24        1.380485        0.159428
FIRE:   97 11:33:24        1.326306        0.167201
FIRE:   98 11:33:24        1.272315        0.154974
FIRE:   99 11:33:24        1.221885        0.164033
FIRE:  100 11:33:24        1.174156        0.158776
FIRE:  101 11:33:24        1.130576        0.143165
FIRE:  102 11:33:24        1.094422        0.118234
FIRE:  103 11:33:24        1.059471        0.120618
FIRE:  104 11:33:24        1.022259        0.131537
FIRE:  105 11:33:24        0.979200        0.136678
FIRE:  106 11:33:24        0.930091        0.138892
FIRE:  107 11:33:25        0.878524        0.144650
FIRE:  108 11:33:25        0.829073        0.145664
FIRE:  109 11:33:25        0.784947        0.139775
FIRE:  110 11:33:25        0.746178        0.129341
FIRE:  111 11:33:25        0.714250        0.113629
FIRE:  112 11:33:25        0.689589        0.101381
FIRE:  113 11:33:25        0.672165        0.112587
FIRE:  114 11:33:25        0.663270        0.119220
FIRE:  115 11:33:25        0.662867        0.130083
FIRE:  116 11:33:25        0.652366        0.125661
FIRE:  117 11:33:25        0.648369        0.297348
FIRE:  118 11:33:25        0.640968        0.080146
FIRE:  119 11:33:25        0.640405        0.057964
FIRE:  120 11:33:25        0.639664        0.056610
FIRE:  121 11:33:25        0.639047        0.054507
FIRE:  122 11:33:25        0.638420        0.054370
FIRE:  123 11:33:25        0.637565        0.051439
FIRE:  124 11:33:25        0.636601        0.050375
FIRE:  125 11:33:25        0.635796        0.049306
FIRE:  126 11:33:25        0.635018        0.047563
FIRE:  127 11:33:25        0.633968        0.044692
FIRE:  128 11:33:25        0.632791        0.040673
FIRE:  129 11:33:26        0.631715        0.040716
FIRE:  130 11:33:26        0.630440        0.032044
FIRE:  131 11:33:26        0.629487        0.040139
FIRE:  132 11:33:26        0.628471        0.020684
FIRE:  133 11:33:26        0.627953        0.048152
FIRE:  134 11:33:26        0.627771        0.029324
FIRE:  135 11:33:26        0.627620        0.015821
FIRE:  136 11:33:26        0.627597        0.031574
FIRE:  137 11:33:26        0.627575        0.028831
FIRE:  138 11:33:26        0.627538        0.023706
FIRE:  139 11:33:26        0.627494        0.017019
FIRE:  140 11:33:26        0.627453        0.015270
FIRE:  141 11:33:26        0.627418        0.014956
FIRE:  142 11:33:26        0.627387        0.014649
FIRE:  143 11:33:26        0.627351        0.015701
FIRE:  144 11:33:26        0.627299        0.016865
FIRE:  145 11:33:26        0.627224        0.014765
FIRE:  146 11:33:26        0.627129        0.013835
FIRE:  147 11:33:26        0.627024        0.013886
FIRE:  148 11:33:26        0.626911        0.013924
FIRE:  149 11:33:26        0.626770        0.015249
FIRE:  150 11:33:26        0.626582        0.013604
FIRE:  151 11:33:26        0.626359        0.013262
FIRE:  152 11:33:27        0.626101        0.013347
FIRE:  153 11:33:27        0.625767        0.013737
FIRE:  154 11:33:27        0.625362        0.015099
FIRE:  155 11:33:27        0.624867        0.016129
FIRE:  156 11:33:27        0.624234        0.016523
FIRE:  157 11:33:27        0.623423        0.017867
FIRE:  158 11:33:27        0.622345        0.020529
FIRE:  159 11:33:27        0.620845        0.021977
FIRE:  160 11:33:27        0.618687        0.025395
FIRE:  161 11:33:27        0.615410        0.029617
FIRE:  162 11:33:27        0.610159        0.034124
FIRE:  163 11:33:27        0.601590        0.072012
FIRE:  164 11:33:27        0.592764        0.282951
FIRE:  165 11:33:27        0.697081        1.457492
FIRE:  166 11:33:27        0.647447        1.088950
FIRE:  167 11:33:27        0.590456        0.632188
FIRE:  168 11:33:27        0.561596        0.104995
FIRE:  169 11:33:27        0.561320        0.097594
FIRE:  170 11:33:27        0.560823        0.084017
FIRE:  171 11:33:27        0.560194        0.066998
FIRE:  172 11:33:27        0.559515        0.058365
FIRE:  173 11:33:27        0.558817        0.058379
FIRE:  174 11:33:27        0.558070        0.061047
FIRE:  175 11:33:27        0.557205        0.071730
FIRE:  176 11:33:28        0.556037        0.079136
FIRE:  177 11:33:28        0.554475        0.079581
FIRE:  178 11:33:28        0.552490        0.072538
FIRE:  179 11:33:28        0.550087        0.062478
FIRE:  180 11:33:28        0.547155        0.065314
FIRE:  181 11:33:28        0.543397        0.069154
FIRE:  182 11:33:28        0.538568        0.062366
FIRE:  183 11:33:28        0.532616        0.062266
FIRE:  184 11:33:28        0.525191        0.066113
FIRE:  185 11:33:28        0.515779        0.064242
FIRE:  186 11:33:28        0.504380        0.063747
FIRE:  187 11:33:28        0.490630        0.060098
FIRE:  188 11:33:28        0.475258        0.068814
FIRE:  189 11:33:28        0.459575        0.084062
FIRE:  190 11:33:28        0.446648        0.104947
FIRE:  191 11:33:28        0.438289        0.133575
FIRE:  192 11:33:28        0.429418        0.166368
FIRE:  193 11:33:28        0.406328        0.184955
FIRE:  194 11:33:28        0.360071        0.223533
FIRE:  195 11:33:28        0.310014        0.347884
FIRE:  196 11:33:28        0.263884        0.413569
FIRE:  197 11:33:28        0.219616        0.316676
FIRE:  198 11:33:28        0.180810        0.204558
FIRE:  199 11:33:28        0.150595        0.139778
FIRE:  200 11:33:29        0.130716        0.141518
FIRE:  201 11:33:29        0.130516        0.310548
FIRE:  202 11:33:29        0.180771        0.887351
FIRE:  203 11:33:29        0.119637        0.041039
FIRE:  204 11:33:29        0.168264        0.794281
FIRE:  205 11:33:29        0.147657        0.602502
FIRE:  206 11:33:29        0.124696        0.270673
FIRE:  207 11:33:29        0.119514        0.123568
FIRE:  208 11:33:29        0.119384        0.116258
FIRE:  209 11:33:29        0.119152        0.102079
FIRE:  210 11:33:29        0.118869        0.081901
FIRE:  211 11:33:29        0.118594        0.057006
FIRE:  212 11:33:29        0.118382        0.029246
FIRE:  213 11:33:29        0.118268        0.021551
FIRE:  214 11:33:29        0.118248        0.028291
FIRE:  215 11:33:29        0.118245        0.027918
FIRE:  216 11:33:29        0.118239        0.027178
FIRE:  217 11:33:29        0.118230        0.026086
FIRE:  218 11:33:29        0.118219        0.024662
FIRE:  219 11:33:29        0.118205        0.022937
FIRE:  220 11:33:29        0.118190        0.020949
FIRE:  221 11:33:29        0.118172        0.020692
FIRE:  222 11:33:29        0.118152        0.020706
FIRE:  223 11:33:30        0.118128        0.020717
FIRE:  224 11:33:30        0.118100        0.020719
FIRE:  225 11:33:30        0.118069        0.020707
FIRE:  226 11:33:30        0.118034        0.020668
FIRE:  227 11:33:30        0.117993        0.020590
FIRE:  228 11:33:30        0.117944        0.020453
FIRE:  229 11:33:30        0.117887        0.020238
FIRE:  230 11:33:30        0.117816        0.019922
FIRE:  231 11:33:30        0.117732        0.019483
FIRE:  232 11:33:30        0.117634        0.018904
FIRE:  233 11:33:30        0.117525        0.018182
FIRE:  234 11:33:30        0.117409        0.017335
FIRE:  235 11:33:30        0.117285        0.016407
FIRE:  236 11:33:30        0.117148        0.015437
FIRE:  237 11:33:30        0.117004        0.014404
FIRE:  238 11:33:30        0.116865        0.013170
FIRE:  239 11:33:30        0.116731        0.011526
FIRE:  240 11:33:30        0.116602        0.009401
