      Step     Time          Energy          fmax
FIRE:    0 12:41:52      463.183684      261.410471
FIRE:    1 12:41:52      389.235944       76.549052
FIRE:    2 12:41:52      386.547977      137.868444
FIRE:    3 12:41:52      362.640267       68.700285
FIRE:    4 12:41:52      347.392442       67.397508
FIRE:    5 12:41:52      329.830200       71.221413
FIRE:    6 12:41:52      303.421694       52.360643
FIRE:    7 12:41:52      284.494357       44.505882
FIRE:    8 12:41:52      266.282999       41.971139
FIRE:    9 12:41:52      248.258984       40.161911
FIRE:   10 12:41:52      233.933112       38.653242
FIRE:   11 12:41:53      220.775858       37.269466
FIRE:   12 12:41:53      207.827692       35.941508
FIRE:   13 12:41:53      196.905557       34.797145
FIRE:   14 12:41:53      186.588038       33.632008
FIRE:   15 12:41:53      176.368665       32.377266
FIRE:   16 12:41:53      167.290764       31.187297
FIRE:   17 12:41:53      158.455924       30.029284
FIRE:   18 12:41:53      149.811280       28.899106
FIRE:   19 12:41:53      141.885244       27.803035
FIRE:   20 12:41:53      134.073979       26.646989
FIRE:   21 12:41:53      126.591748       25.477120
FIRE:   22 12:41:53      119.584241       24.356669
FIRE:   23 12:41:53      112.721081       23.268041
FIRE:   24 12:41:53      106.252144       22.218890
FIRE:   25 12:41:53      100.105488       21.169713
FIRE:   26 12:41:53       94.178527       20.109819
FIRE:   27 12:41:53       88.625689       19.085469
FIRE:   28 12:41:53       83.322745       18.102314
FIRE:   29 12:41:53       78.289690       17.157154
FIRE:   30 12:41:54       73.568701       16.236787
FIRE:   31 12:41:54       69.076199       15.324592
FIRE:   32 12:41:54       64.862845       14.440824
FIRE:   33 12:41:54       60.901666       13.595365
FIRE:   34 12:41:54       57.164727       12.783537
FIRE:   35 12:41:54       53.677962       12.000481
FIRE:   36 12:41:54       50.399326       11.237306
FIRE:   37 12:41:54       47.332437       10.501190
FIRE:   38 12:41:54       44.470258        9.798267
FIRE:   39 12:41:54       41.790002        9.125663
FIRE:   40 12:41:54       39.300929        8.483573
FIRE:   41 12:41:54       36.984539        7.867491
FIRE:   42 12:41:54       34.837279        7.276063
FIRE:   43 12:41:54       32.856138        6.711692
FIRE:   44 12:41:54       31.027069        6.174633
FIRE:   45 12:41:54       29.348994        5.664335
FIRE:   46 12:41:54       27.808498        5.176580
FIRE:   47 12:41:54       26.398628        4.711978
FIRE:   48 12:41:54       25.111955        4.272880
FIRE:   49 12:41:54       23.937798        3.858552
FIRE:   50 12:41:54       22.871507        3.466805
FIRE:   51 12:41:54       21.903619        3.094646
FIRE:   52 12:41:55       21.028549        2.744262
FIRE:   53 12:41:55       20.238646        2.423480
FIRE:   54 12:41:55       19.524471        2.132634
FIRE:   55 12:41:55       18.881437        1.863380
FIRE:   56 12:41:55       18.306391        1.612258
FIRE:   57 12:41:55       17.799901        1.380112
FIRE:   58 12:41:55       17.363330        1.167571
FIRE:   59 12:41:55       16.994063        0.974581
FIRE:   60 12:41:55       16.681942        0.980245
FIRE:   61 12:41:55       16.409493        1.227197
FIRE:   62 12:41:55       16.164351        1.282134
FIRE:   63 12:41:55       15.949284        1.138664
FIRE:   64 12:41:55       15.780270        0.853956
FIRE:   65 12:41:56       15.673457        0.576101
FIRE:   66 12:41:56       15.626209        0.909167
FIRE:   67 12:41:56       15.620612        0.980882
FIRE:   68 12:41:56       15.557973        1.072596
FIRE:   69 12:41:56       15.495157        0.388088
FIRE:   70 12:41:56       15.484036        0.377609
FIRE:   71 12:41:56       15.472279        0.325406
FIRE:   72 12:41:56       15.465085        0.233733
FIRE:   73 12:41:56       15.463914        0.237591
FIRE:   74 12:41:56       15.462550        0.243965
FIRE:   75 12:41:56       15.461448        0.250530
FIRE:   76 12:41:56       15.459968        0.255029
FIRE:   77 12:41:56       15.457808        0.256459
FIRE:   78 12:41:56       15.455612        0.254870
FIRE:   79 12:41:56       15.453706        0.251385
FIRE:   80 12:41:56       15.451181        0.247074
FIRE:   81 12:41:56       15.447740        0.241741
FIRE:   82 12:41:56       15.444082        0.232016
FIRE:   83 12:41:56       15.439526        0.214030
FIRE:   84 12:41:56       15.434543        0.188285
FIRE:   85 12:41:56       15.429179        0.164587
FIRE:   86 12:41:56       15.423739        0.146217
FIRE:   87 12:41:56       15.417628        0.121867
FIRE:   88 12:41:57       15.412179        0.101738
FIRE:   89 12:41:57       15.408040        0.106788
FIRE:   90 12:41:57       15.407330        0.354167
FIRE:   91 12:41:57       15.404952        0.055218
FIRE:   92 12:41:57       15.406334        0.283054
FIRE:   93 12:41:57       15.405755        0.224291
FIRE:   94 12:41:57       15.405049        0.118807
FIRE:   95 12:41:57       15.404764        0.027920
FIRE:   96 12:41:57       15.404762        0.027917
FIRE:   97 12:41:57       15.404759        0.027911
FIRE:   98 12:41:57       15.404754        0.027901
FIRE:   99 12:41:57       15.404748        0.027887
FIRE:  100 12:41:57       15.404741        0.027868
FIRE:  101 12:41:57       15.404732        0.027844
FIRE:  102 12:41:57       15.404723        0.027813
FIRE:  103 12:41:57       15.404711        0.027771
FIRE:  104 12:41:57       15.404697        0.027711
FIRE:  105 12:41:57       15.404679        0.027631
FIRE:  106 12:41:57       15.404658        0.027522
FIRE:  107 12:41:57       15.404633        0.027377
FIRE:  108 12:41:57       15.404602        0.027189
FIRE:  109 12:41:57       15.404566        0.026949
FIRE:  110 12:41:58       15.404524        0.026648
FIRE:  111 12:41:58       15.404473        0.026273
FIRE:  112 12:41:58       15.404412        0.025807
FIRE:  113 12:41:58       15.404341        0.025215
FIRE:  114 12:41:58       15.404256        0.024452
FIRE:  115 12:41:58       15.404158        0.023475
FIRE:  116 12:41:58       15.404046        0.022255
FIRE:  117 12:41:58       15.403919        0.020786
FIRE:  118 12:41:58       15.403779        0.019032
FIRE:  119 12:41:58       15.403627        0.016921
FIRE:  120 12:41:58       15.403471        0.014480
FIRE:  121 12:41:58       15.403319        0.011755
FIRE:  122 12:41:58       15.403190        0.019619
FIRE:  123 12:41:58       15.403117        0.042986
FIRE:  124 12:41:58       15.403083        0.012957
FIRE:  125 12:41:58       15.403092        0.025916
FIRE:  126 12:41:58       15.403087        0.021351
FIRE:  127 12:41:58       15.403081        0.013025
FIRE:  128 12:41:58       15.403078        0.005168
