      Step     Time          Energy          fmax
FIRE:    0 12:53:08      131.875499       66.282143
FIRE:    1 12:53:08      102.623765       40.680058
FIRE:    2 12:53:08       82.689653       30.414081
FIRE:    3 12:53:08       69.183481       20.948516
FIRE:    4 12:53:08       60.560324       12.442128
FIRE:    5 12:53:08       55.952869       10.748020
FIRE:    6 12:53:08       54.547985        9.693797
FIRE:    7 12:53:08       53.361332        9.695704
FIRE:    8 12:53:08       51.784873       10.018729
FIRE:    9 12:53:09       50.151387       10.189097
FIRE:   10 12:53:09       48.028060        9.926157
FIRE:   11 12:53:09       45.198163        9.167642
FIRE:   12 12:53:09       42.427215        8.218409
FIRE:   13 12:53:09       40.026836        7.327927
FIRE:   14 12:53:09       37.845273        6.605959
FIRE:   15 12:53:09       35.697494        6.068347
FIRE:   16 12:53:09       33.583941        5.674344
FIRE:   17 12:53:09       31.591457        5.354753
FIRE:   18 12:53:09       29.738226        5.032419
FIRE:   19 12:53:09       27.968844        4.651192
FIRE:   20 12:53:09       26.231450        4.211252
FIRE:   21 12:53:09       24.513019        4.411472
FIRE:   22 12:53:09       22.823759        4.488965
FIRE:   23 12:53:09       21.174011        4.447203
FIRE:   24 12:53:09       19.577185        4.263475
FIRE:   25 12:53:09       18.061521        3.911879
FIRE:   26 12:53:09       16.675244        3.373087
FIRE:   27 12:53:09       15.482947        2.634531
FIRE:   28 12:53:09       14.556916        1.952299
FIRE:   29 12:53:09       13.964386        1.612357
FIRE:   30 12:53:09       13.742275        1.237124
FIRE:   31 12:53:09       13.850243        1.998419
FIRE:   32 12:53:09       13.525326        1.146678
FIRE:   33 12:53:10       13.235912        0.733182
FIRE:   34 12:53:10       13.145687        1.157682
FIRE:   35 12:53:10       13.116860        1.080376
FIRE:   36 12:53:10       13.063831        0.931213
FIRE:   37 12:53:10       12.994489        0.721694
FIRE:   38 12:53:10       12.917457        0.704005
FIRE:   39 12:53:10       12.838920        0.709276
FIRE:   40 12:53:10       12.759990        0.709863
FIRE:   41 12:53:10       12.676624        0.705486
FIRE:   42 12:53:10       12.572465        0.695393
FIRE:   43 12:53:10       12.440573        0.678307
FIRE:   44 12:53:10       12.286401        0.651973
FIRE:   45 12:53:10       12.136077        0.614787
FIRE:   46 12:53:10       12.018479        0.575294
FIRE:   47 12:53:10       11.907583        0.667872
FIRE:   48 12:53:10       11.712922        0.769857
FIRE:   49 12:53:10       11.425427        0.690235
FIRE:   50 12:53:10       11.131789        0.785180
FIRE:   51 12:53:10       10.876241        0.851582
FIRE:   52 12:53:10       10.646264        0.875668
FIRE:   53 12:53:10       10.417477        0.860944
FIRE:   54 12:53:10       10.177667        0.818541
FIRE:   55 12:53:10        9.929333        0.759741
FIRE:   56 12:53:10        9.687813        0.689144
FIRE:   57 12:53:10        9.474742        0.608288
FIRE:   58 12:53:10        9.303496        0.520250
FIRE:   59 12:53:10        9.168438        0.431553
FIRE:   60 12:53:11        9.054606        0.344622
FIRE:   61 12:53:11        8.961513        0.380440
FIRE:   62 12:53:11        8.901022        0.399829
FIRE:   63 12:53:11        8.865747        0.423301
FIRE:   64 12:53:11        8.830773        0.466182
FIRE:   65 12:53:11        8.792492        0.525588
FIRE:   66 12:53:11        8.758990        0.562533
FIRE:   67 12:53:11        8.708526        0.519920
FIRE:   68 12:53:11        8.649881        0.398457
FIRE:   69 12:53:11        8.604648        0.267095
FIRE:   70 12:53:11        8.562333        0.172495
FIRE:   71 12:53:11        8.541882        0.179170
FIRE:   72 12:53:11        8.539297        0.178411
FIRE:   73 12:53:11        8.555538        0.425946
FIRE:   74 12:53:11        8.527025        0.070095
FIRE:   75 12:53:11        8.547776        0.375539
FIRE:   76 12:53:11        8.537630        0.280618
FIRE:   77 12:53:11        8.526890        0.115727
FIRE:   78 12:53:11        8.525400        0.076530
FIRE:   79 12:53:11        8.525255        0.071769
FIRE:   80 12:53:11        8.524995        0.062548
FIRE:   81 12:53:12        8.524671        0.049878
FIRE:   82 12:53:12        8.524345        0.050254
FIRE:   83 12:53:12        8.524071        0.050527
FIRE:   84 12:53:12        8.523876        0.050555
FIRE:   85 12:53:12        8.523749        0.050195
FIRE:   86 12:53:12        8.523635        0.049290
FIRE:   87 12:53:12        8.523471        0.047717
FIRE:   88 12:53:12        8.523193        0.045359
FIRE:   89 12:53:12        8.522775        0.042109
FIRE:   90 12:53:12        8.522271        0.037905
FIRE:   91 12:53:12        8.521801        0.032828
FIRE:   92 12:53:12        8.521419        0.029050
FIRE:   93 12:53:12        8.520975        0.036200
FIRE:   94 12:53:12        8.520320        0.038200
FIRE:   95 12:53:12        8.519582        0.049160
FIRE:   96 12:53:12        8.518905        0.058851
FIRE:   97 12:53:12        8.517961        0.060570
FIRE:   98 12:53:12        8.516718        0.052750
FIRE:   99 12:53:12        8.515392        0.044342
FIRE:  100 12:53:12        8.513565        0.045716
FIRE:  101 12:53:12        8.511659        0.048542
FIRE:  102 12:53:12        8.509252        0.031652
FIRE:  103 12:53:12        8.506651        0.026945
FIRE:  104 12:53:13        8.503651        0.036795
FIRE:  105 12:53:13        8.500004        0.054268
FIRE:  106 12:53:13        8.496048        0.079070
FIRE:  107 12:53:13        8.495199        0.189193
FIRE:  108 12:53:13        8.489229        0.045367
FIRE:  109 12:53:13        8.489179        0.044631
FIRE:  110 12:53:13        8.489085        0.043357
FIRE:  111 12:53:13        8.488951        0.041914
FIRE:  112 12:53:13        8.488777        0.040740
FIRE:  113 12:53:13        8.488556        0.040178
FIRE:  114 12:53:13        8.488288        0.040335
FIRE:  115 12:53:13        8.487974        0.041025
FIRE:  116 12:53:13        8.487578        0.041910
FIRE:  117 12:53:13        8.487077        0.042308
FIRE:  118 12:53:13        8.486438        0.041608
FIRE:  119 12:53:13        8.485631        0.040014
FIRE:  120 12:53:13        8.484618        0.039003
FIRE:  121 12:53:13        8.483331        0.040131
FIRE:  122 12:53:13        8.481705        0.042470
FIRE:  123 12:53:13        8.479635        0.042994
FIRE:  124 12:53:13        8.476990        0.043394
FIRE:  125 12:53:13        8.473565        0.049015
FIRE:  126 12:53:13        8.469045        0.052745
FIRE:  127 12:53:14        8.462876        0.058868
FIRE:  128 12:53:14        8.454002        0.072770
FIRE:  129 12:53:14        8.440538        0.075841
FIRE:  130 12:53:14        8.420525        0.135980
FIRE:  131 12:53:14        8.408095        0.308254
FIRE:  132 12:53:14        8.391052        0.156236
FIRE:  133 12:53:14        8.389614        0.145446
FIRE:  134 12:53:14        8.387801        0.127978
FIRE:  135 12:53:14        8.386334        0.111307
FIRE:  136 12:53:14        8.384582        0.103166
FIRE:  137 12:53:14        8.381632        0.106714
FIRE:  138 12:53:14        8.377611        0.120786
FIRE:  139 12:53:14        8.373311        0.140246
FIRE:  140 12:53:14        8.368276        0.157890
FIRE:  141 12:53:14        8.361207        0.163450
FIRE:  142 12:53:14        8.351478        0.154021
FIRE:  143 12:53:14        8.339402        0.142831
FIRE:  144 12:53:14        8.322768        0.153236
FIRE:  145 12:53:14        8.300116        0.187819
FIRE:  146 12:53:14        8.269243        0.208859
FIRE:  147 12:53:14        8.225701        0.200106
FIRE:  148 12:53:15        8.168297        0.223807
FIRE:  149 12:53:15        8.105863        0.264419
FIRE:  150 12:53:15        8.038523        0.271832
FIRE:  151 12:53:15        7.967216        0.267293
FIRE:  152 12:53:15        7.891822        0.276560
FIRE:  153 12:53:15        7.812981        0.289517
FIRE:  154 12:53:15        7.730906        0.290878
FIRE:  155 12:53:15        7.645546        0.283746
FIRE:  156 12:53:15        7.556647        0.279458
FIRE:  157 12:53:15        7.463442        0.282217
FIRE:  158 12:53:15        7.365225        0.288565
FIRE:  159 12:53:15        7.261161        0.294316
FIRE:  160 12:53:15        7.150506        0.298631
FIRE:  161 12:53:15        7.032888        0.303225
FIRE:  162 12:53:15        6.908531        0.313055
FIRE:  163 12:53:15        6.778649        0.322889
FIRE:  164 12:53:15        6.645336        0.332359
FIRE:  165 12:53:15        6.510174        0.345998
FIRE:  166 12:53:15        6.373461        0.359640
FIRE:  167 12:53:15        6.234641        0.372958
FIRE:  168 12:53:15        6.092867        0.385982
FIRE:  169 12:53:16        5.947465        0.398628
FIRE:  170 12:53:16        5.798241        0.410345
FIRE:  171 12:53:16        5.645484        0.420012
FIRE:  172 12:53:16        5.490060        0.426159
FIRE:  173 12:53:16        5.334063        0.427301
FIRE:  174 12:53:16        5.178873        0.422306
FIRE:  175 12:53:16        5.025581        0.410153
FIRE:  176 12:53:16        4.876202        0.389758
FIRE:  177 12:53:16        4.732807        0.360653
FIRE:  178 12:53:16        4.597085        0.322622
FIRE:  179 12:53:16        4.471372        0.276910
FIRE:  180 12:53:16        4.359066        0.225748
FIRE:  181 12:53:16        4.263944        0.199901
FIRE:  182 12:53:16        4.189085        0.190157
FIRE:  183 12:53:16        4.136654        0.168054
FIRE:  184 12:53:16        4.108570        0.128245
FIRE:  185 12:53:16        4.107524        0.177969
FIRE:  186 12:53:16        4.091809        0.105536
FIRE:  187 12:53:16        4.081633        0.077877
FIRE:  188 12:53:16        4.085527        0.105726
FIRE:  189 12:53:16        4.083359        0.092687
FIRE:  190 12:53:17        4.080958        0.067386
FIRE:  191 12:53:17        4.079780        0.033076
FIRE:  192 12:53:17        4.079395        0.037558
FIRE:  193 12:53:17        4.079240        0.033143
FIRE:  194 12:53:17        4.078996        0.024851
FIRE:  195 12:53:17        4.078766        0.022484
FIRE:  196 12:53:17        4.078639        0.019699
FIRE:  197 12:53:17        4.078643        0.016139
FIRE:  198 12:53:17        4.078639        0.016065
FIRE:  199 12:53:17        4.078632        0.015916
FIRE:  200 12:53:17        4.078622        0.015692
FIRE:  201 12:53:17        4.078610        0.015393
FIRE:  202 12:53:17        4.078597        0.015016
FIRE:  203 12:53:17        4.078584        0.014559
FIRE:  204 12:53:17        4.078571        0.014017
FIRE:  205 12:53:17        4.078560        0.013312
FIRE:  206 12:53:17        4.078549        0.012404
FIRE:  207 12:53:17        4.078540        0.011254
FIRE:  208 12:53:17        4.078533        0.009851
