      Step     Time          Energy          fmax
FIRE:    0 11:06:03      271.938349      157.601500
FIRE:    1 11:06:03      220.182259       95.576944
FIRE:    2 11:06:03      189.635424       50.081702
FIRE:    3 11:06:03      174.831912       39.291826
FIRE:    4 11:06:03      171.692508       38.545377
FIRE:    5 11:06:03      159.346726       36.451670
FIRE:    6 11:06:03      150.723250       34.698392
FIRE:    7 11:06:03      141.306372       32.856765
FIRE:    8 11:06:03      131.453131       31.012248
FIRE:    9 11:06:03      122.620180       29.324484
FIRE:   10 11:06:03      114.771195       27.769086
FIRE:   11 11:06:03      107.225553       26.256875
FIRE:   12 11:06:03       99.750296       24.759239
FIRE:   13 11:06:03       92.640432       23.313897
FIRE:   14 11:06:03       86.147831       21.951249
FIRE:   15 11:06:03       80.189026       20.657169
FIRE:   16 11:06:03       74.553819       19.400845
FIRE:   17 11:06:04       69.175558       18.174772
FIRE:   18 11:06:04       64.129755       16.996152
FIRE:   19 11:06:04       59.474719       15.878841
FIRE:   20 11:06:04       55.172023       14.810462
FIRE:   21 11:06:04       51.148646       13.776380
FIRE:   22 11:06:04       47.377535       12.776093
FIRE:   23 11:06:04       43.878418       11.817609
FIRE:   24 11:06:04       40.665333       10.906799
FIRE:   25 11:06:04       37.717373       10.041656
FIRE:   26 11:06:04       34.999923        9.216931
FIRE:   27 11:06:04       32.495670        8.430026
FIRE:   28 11:06:04       30.205378        7.681590
FIRE:   29 11:06:04       28.126764        6.972885
FIRE:   30 11:06:04       26.243563        6.303189
FIRE:   31 11:06:04       24.535639        5.670559
FIRE:   32 11:06:04       22.991457        5.072838
FIRE:   33 11:06:05       21.606072        4.509859
FIRE:   34 11:06:05       20.371164        3.981531
FIRE:   35 11:06:05       19.272520        3.486212
FIRE:   36 11:06:05       18.296076        3.022808
FIRE:   37 11:06:05       17.431286        2.593191
FIRE:   38 11:06:05       16.667687        2.198864
FIRE:   39 11:06:05       15.991986        1.837955
FIRE:   40 11:06:05       15.389640        1.651087
FIRE:   41 11:06:05       14.847842        1.637347
FIRE:   42 11:06:05       14.355925        1.602834
FIRE:   43 11:06:05       13.904079        1.542384
FIRE:   44 11:06:05       13.483822        1.452886
FIRE:   45 11:06:05       13.090483        1.332545
FIRE:   46 11:06:05       12.723307        1.180381
FIRE:   47 11:06:05       12.383327        0.998631
FIRE:   48 11:06:05       12.070093        1.039638
FIRE:   49 11:06:05       11.778629        1.128525
FIRE:   50 11:06:05       11.499773        1.156051
FIRE:   51 11:06:05       11.228629        1.015094
FIRE:   52 11:06:05       10.984198        0.809524
FIRE:   53 11:06:05       10.828762        0.803664
FIRE:   54 11:06:05       10.840858        2.772585
FIRE:   55 11:06:05       10.417597        0.640490
FIRE:   56 11:06:05       10.273047        0.810262
FIRE:   57 11:06:06       10.057202        0.689740
FIRE:   58 11:06:06        9.777995        0.538583
FIRE:   59 11:06:06        9.522097        0.494351
FIRE:   60 11:06:06        9.366393        0.397075
FIRE:   61 11:06:06        9.347124        0.307713
FIRE:   62 11:06:06        9.304185        0.280490
FIRE:   63 11:06:06        9.282065        0.328454
FIRE:   64 11:06:06        9.277707        0.331619
FIRE:   65 11:06:06        9.270132        0.336927
FIRE:   66 11:06:06        9.260584        0.342832
FIRE:   67 11:06:06        9.249424        0.348159
FIRE:   68 11:06:06        9.236088        0.352916
FIRE:   69 11:06:06        9.219589        0.358363
FIRE:   70 11:06:06        9.198867        0.366278
FIRE:   71 11:06:06        9.170232        0.379475
FIRE:   72 11:06:06        9.131901        0.399678
FIRE:   73 11:06:06        9.081486        0.426351
FIRE:   74 11:06:06        9.012853        0.455005
FIRE:   75 11:06:06        8.916813        0.481697
FIRE:   76 11:06:06        8.789855        0.493315
FIRE:   77 11:06:06        8.663763        0.476152
FIRE:   78 11:06:07        8.544513        0.419017
FIRE:   79 11:06:07        8.437809        0.304587
FIRE:   80 11:06:07        8.338306        0.359898
FIRE:   81 11:06:07        8.220695        0.427584
FIRE:   82 11:06:07        8.080794        0.599725
FIRE:   83 11:06:07        7.947189        0.733777
FIRE:   84 11:06:07        7.795796        0.734329
FIRE:   85 11:06:07        7.621689        0.583977
FIRE:   86 11:06:07        7.482689        0.387800
FIRE:   87 11:06:07        7.366942        0.357550
FIRE:   88 11:06:07        7.261012        0.183257
FIRE:   89 11:06:07        7.189801        0.407385
FIRE:   90 11:06:07        7.122899        0.469703
FIRE:   91 11:06:07        7.053882        0.303616
FIRE:   92 11:06:07        6.981504        0.271917
FIRE:   93 11:06:07        6.904383        0.354322
FIRE:   94 11:06:07        6.860576        0.343948
FIRE:   95 11:06:07        6.876374        0.303122
FIRE:   96 11:06:07        6.858439        0.487837
FIRE:   97 11:06:07        6.828796        0.225477
FIRE:   98 11:06:07        6.825350        0.130540
FIRE:   99 11:06:08        6.822617        0.122727
FIRE:  100 11:06:08        6.821904        0.140769
FIRE:  101 11:06:08        6.821467        0.137485
FIRE:  102 11:06:08        6.820705        0.131177
FIRE:  103 11:06:08        6.819804        0.122375
FIRE:  104 11:06:08        6.818944        0.111916
FIRE:  105 11:06:08        6.818216        0.101020
FIRE:  106 11:06:08        6.817566        0.091187
FIRE:  107 11:06:08        6.816851        0.083605
FIRE:  108 11:06:08        6.815841        0.084911
FIRE:  109 11:06:08        6.814455        0.076634
FIRE:  110 11:06:08        6.812816        0.077948
FIRE:  111 11:06:08        6.811221        0.080736
FIRE:  112 11:06:08        6.809805        0.080492
FIRE:  113 11:06:08        6.808306        0.072590
FIRE:  114 11:06:08        6.806662        0.054908
FIRE:  115 11:06:08        6.805513        0.031435
FIRE:  116 11:06:09        6.804911        0.050585
FIRE:  117 11:06:09        6.804451        0.052479
FIRE:  118 11:06:09        6.804763        0.056377
FIRE:  119 11:06:09        6.804656        0.057018
FIRE:  120 11:06:09        6.804499        0.058052
FIRE:  121 11:06:09        6.804362        0.058958
FIRE:  122 11:06:09        6.804267        0.058948
FIRE:  123 11:06:09        6.804171        0.057398
FIRE:  124 11:06:09        6.804023        0.054121
FIRE:  125 11:06:09        6.803826        0.049240
FIRE:  126 11:06:09        6.803609        0.042378
FIRE:  127 11:06:09        6.803439        0.034015
FIRE:  128 11:06:09        6.803296        0.025880
FIRE:  129 11:06:09        6.803109        0.019263
FIRE:  130 11:06:09        6.802951        0.014308
FIRE:  131 11:06:10        6.802900        0.019156
FIRE:  132 11:06:10        6.802887        0.016070
FIRE:  133 11:06:10        6.802868        0.010417
FIRE:  134 11:06:10        6.802853        0.009137
