      Step     Time          Energy          fmax
FIRE:    0 13:02:39      643.874577      150.000898
FIRE:    1 13:02:39      591.038364      144.573006
FIRE:    2 13:02:39      544.669292      139.417284
FIRE:    3 13:02:39      503.680292      134.456172
FIRE:    4 13:02:39      467.145679      129.632528
FIRE:    5 13:02:39      434.288490      124.903876
FIRE:    6 13:02:40      404.468203      120.232747
FIRE:    7 13:02:40      377.166229      115.598327
FIRE:    8 13:02:40      351.957075      110.992368
FIRE:    9 13:02:40      328.507823      106.410517
FIRE:   10 13:02:40      306.565196      101.847090
FIRE:   11 13:02:40      285.940550       97.309568
FIRE:   12 13:02:40      266.493784       92.811313
FIRE:   13 13:02:40      248.121263       88.365281
FIRE:   14 13:02:40      230.746023       83.984141
FIRE:   15 13:02:40      214.309863       79.679910
FIRE:   16 13:02:40      198.767439       75.463484
FIRE:   17 13:02:40      184.081942       71.344298
FIRE:   18 13:02:40      170.221867       67.330232
FIRE:   19 13:02:40      157.158665       63.428788
FIRE:   20 13:02:40      144.864854       59.646902
FIRE:   21 13:02:40      133.314001       55.986728
FIRE:   22 13:02:40      122.480904       52.449944
FIRE:   23 13:02:40      112.340459       49.039692
FIRE:   24 13:02:40      102.867127       45.758750
FIRE:   25 13:02:40       94.035012       42.610225
FIRE:   26 13:02:41       85.818022       39.591616
FIRE:   27 13:02:41       78.190918       36.700398
FIRE:   28 13:02:41       71.128280       33.938940
FIRE:   29 13:02:41       64.604283       31.306677
FIRE:   30 13:02:41       58.593859       28.797085
FIRE:   31 13:02:41       53.073026       26.407500
FIRE:   32 13:02:41       48.017861       24.140170
FIRE:   33 13:02:41       43.403738       21.997294
FIRE:   34 13:02:41       39.206405       19.971358
FIRE:   35 13:02:41       35.403363       18.055482
FIRE:   36 13:02:41       31.972816       16.248441
FIRE:   37 13:02:41       28.893177       14.548600
FIRE:   38 13:02:41       26.143270       12.953382
FIRE:   39 13:02:41       23.702464       11.459717
FIRE:   40 13:02:41       21.550753       10.064142
FIRE:   41 13:02:41       19.668809        8.762914
FIRE:   42 13:02:41       18.037982        7.552411
FIRE:   43 13:02:41       16.640173        6.430096
FIRE:   44 13:02:41       15.457552        5.394394
FIRE:   45 13:02:41       14.472601        4.441389
FIRE:   46 13:02:42       13.668436        3.566117
FIRE:   47 13:02:42       13.028493        2.765687
FIRE:   48 13:02:42       12.535975        2.038260
FIRE:   49 13:02:42       12.173403        1.382357
FIRE:   50 13:02:42       11.922213        0.909553
FIRE:   51 13:02:42       11.762844        0.952001
FIRE:   52 13:02:42       11.675824        0.986514
FIRE:   53 13:02:42       11.642855        1.011930
FIRE:   54 13:02:42       11.337071        0.860589
FIRE:   55 13:02:42       11.109235        0.705667
FIRE:   56 13:02:42       10.934415        0.565832
FIRE:   57 13:02:42       10.775165        0.460714
FIRE:   58 13:02:42       10.609280        0.494735
FIRE:   59 13:02:42       10.444359        0.538524
FIRE:   60 13:02:42       10.303762        0.532536
FIRE:   61 13:02:42       10.203468        0.477789
FIRE:   62 13:02:42       10.130392        0.376452
FIRE:   63 13:02:42       10.041765        0.376445
FIRE:   64 13:02:42        9.913780        0.329268
FIRE:   65 13:02:42        9.778079        0.281638
FIRE:   66 13:02:43        9.667583        0.323751
FIRE:   67 13:02:43        9.568605        0.348592
FIRE:   68 13:02:43        9.446452        0.374362
FIRE:   69 13:02:43        9.290489        0.408997
FIRE:   70 13:02:43        9.114780        0.444632
FIRE:   71 13:02:43        8.931706        0.473187
FIRE:   72 13:02:43        8.742839        0.492046
FIRE:   73 13:02:43        8.545037        0.507514
FIRE:   74 13:02:43        8.334036        0.528400
FIRE:   75 13:02:43        8.108766        0.557781
FIRE:   76 13:02:43        7.871291        0.594884
FIRE:   77 13:02:43        7.623579        0.637630
FIRE:   78 13:02:43        7.366684        0.679217
FIRE:   79 13:02:43        7.101086        0.721547
FIRE:   80 13:02:43        6.823481        0.768026
FIRE:   81 13:02:43        6.531448        0.815858
FIRE:   82 13:02:44        6.226085        0.861519
FIRE:   83 13:02:44        5.910564        0.903683
FIRE:   84 13:02:44        5.586903        0.942322
FIRE:   85 13:02:44        5.254470        0.977305
FIRE:   86 13:02:44        4.911802        1.008068
FIRE:   87 13:02:44        4.559732        1.033391
FIRE:   88 13:02:44        4.202217        1.051555
FIRE:   89 13:02:44        3.843891        1.061424
FIRE:   90 13:02:44        3.487114        1.063313
FIRE:   91 13:02:44        3.133951        1.051254
FIRE:   92 13:02:44        2.789461        1.026739
FIRE:   93 13:02:44        2.459209        0.990549
FIRE:   94 13:02:44        2.149572        0.940953
FIRE:   95 13:02:44        1.865495        0.877530
FIRE:   96 13:02:44        1.610149        0.801085
FIRE:   97 13:02:44        1.386408        0.713947
FIRE:   98 13:02:44        1.196445        0.679643
FIRE:   99 13:02:44        1.038827        0.725437
FIRE:  100 13:02:45        0.909073        0.768153
FIRE:  101 13:02:45        0.804238        0.806259
FIRE:  102 13:02:45        0.720426        0.835803
FIRE:  103 13:02:45        0.649965        0.852878
FIRE:  104 13:02:45        0.583338        0.855592
FIRE:  105 13:02:45        0.512394        0.845357
FIRE:  106 13:02:45        0.432978        0.823318
FIRE:  107 13:02:45        0.345903        0.786170
FIRE:  108 13:02:45        0.255833        0.732701
FIRE:  109 13:02:45        0.169489        0.666100
FIRE:  110 13:02:45        0.094900        0.590088
FIRE:  111 13:02:45        0.039514        0.506738
FIRE:  112 13:02:45        0.006145        0.416551
FIRE:  113 13:02:45       -0.007748        0.320481
FIRE:  114 13:02:45       -0.058569        0.331743
FIRE:  115 13:02:45       -0.059718        0.339605
FIRE:  116 13:02:45       -0.070806        0.168474
FIRE:  117 13:02:45       -0.074011        0.099764
FIRE:  118 13:02:46       -0.074301        0.099013
FIRE:  119 13:02:46       -0.074770        0.097534
FIRE:  120 13:02:46       -0.075251        0.095342
FIRE:  121 13:02:46       -0.075610        0.092410
FIRE:  122 13:02:46       -0.075829        0.088716
FIRE:  123 13:02:46       -0.076010        0.084414
FIRE:  124 13:02:46       -0.076274        0.079678
FIRE:  125 13:02:46       -0.076713        0.074066
FIRE:  126 13:02:46       -0.077285        0.067502
FIRE:  127 13:02:46       -0.077803        0.059851
FIRE:  128 13:02:46       -0.078095        0.050807
FIRE:  129 13:02:46       -0.078302        0.041035
FIRE:  130 13:02:46       -0.078625        0.030105
FIRE:  131 13:02:46       -0.078847        0.022079
FIRE:  132 13:02:46       -0.078762        0.033013
FIRE:  133 13:02:46       -0.078807        0.030544
FIRE:  134 13:02:46       -0.078879        0.030183
FIRE:  135 13:02:46       -0.078948        0.029624
FIRE:  136 13:02:46       -0.078996        0.028844
FIRE:  137 13:02:47       -0.079026        0.027851
FIRE:  138 13:02:47       -0.079058        0.026709
FIRE:  139 13:02:47       -0.079112        0.025472
FIRE:  140 13:02:47       -0.079199        0.024026
FIRE:  141 13:02:47       -0.079305        0.022340
FIRE:  142 13:02:47       -0.079402        0.020358
FIRE:  143 13:02:47       -0.079484        0.021285
FIRE:  144 13:02:47       -0.079593        0.023539
FIRE:  145 13:02:47       -0.079743        0.025837
FIRE:  146 13:02:47       -0.079884        0.028028
FIRE:  147 13:02:47       -0.080034        0.029879
FIRE:  148 13:02:47       -0.080256        0.031150
FIRE:  149 13:02:47       -0.080481        0.031421
FIRE:  150 13:02:47       -0.080791        0.030510
FIRE:  151 13:02:47       -0.081123        0.028111
FIRE:  152 13:02:47       -0.081546        0.024385
FIRE:  153 13:02:47       -0.081957        0.019475
FIRE:  154 13:02:47       -0.082380        0.024166
FIRE:  155 13:02:47       -0.082835        0.029491
FIRE:  156 13:02:48       -0.083172        0.048893
FIRE:  157 13:02:48       -0.083482        0.013928
FIRE:  158 13:02:48       -0.083295        0.042274
FIRE:  159 13:02:48       -0.083389        0.032540
FIRE:  160 13:02:48       -0.083497        0.015332
FIRE:  161 13:02:48       -0.083533        0.012276
FIRE:  162 13:02:48       -0.083534        0.012256
FIRE:  163 13:02:48       -0.083536        0.012216
FIRE:  164 13:02:48       -0.083540        0.012155
FIRE:  165 13:02:48       -0.083543        0.012075
FIRE:  166 13:02:48       -0.083548        0.011975
FIRE:  167 13:02:48       -0.083553        0.011855
FIRE:  168 13:02:48       -0.083558        0.011716
FIRE:  169 13:02:48       -0.083564        0.011541
FIRE:  170 13:02:48       -0.083572        0.011544
FIRE:  171 13:02:48       -0.083582        0.011775
FIRE:  172 13:02:48       -0.083595        0.012050
FIRE:  173 13:02:48       -0.083611        0.012374
FIRE:  174 13:02:48       -0.083630        0.012751
FIRE:  175 13:02:49       -0.083652        0.013181
FIRE:  176 13:02:49       -0.083679        0.013658
FIRE:  177 13:02:49       -0.083712        0.014166
FIRE:  178 13:02:49       -0.083752        0.014683
FIRE:  179 13:02:49       -0.083799        0.015168
FIRE:  180 13:02:49       -0.083855        0.015568
FIRE:  181 13:02:49       -0.083924        0.015810
FIRE:  182 13:02:49       -0.084004        0.015808
FIRE:  183 13:02:49       -0.084102        0.015482
FIRE:  184 13:02:49       -0.084216        0.014759
FIRE:  185 13:02:49       -0.084351        0.013637
FIRE:  186 13:02:49       -0.084506        0.012201
FIRE:  187 13:02:49       -0.084682        0.010678
FIRE:  188 13:02:49       -0.084879        0.009413
