      Step     Time          Energy          fmax
FIRE:    0 12:03:58      173.071505      174.469418
FIRE:    1 12:03:58      122.354960       79.630154
FIRE:    2 12:03:58       98.280489       36.163621
FIRE:    3 12:03:58       85.702088       25.416156
FIRE:    4 12:03:58       76.663541       23.936058
FIRE:    5 12:03:58       68.256750       21.492550
FIRE:    6 12:03:58       60.214412       17.893826
FIRE:    7 12:03:58       52.912902       16.420888
FIRE:    8 12:03:58       46.501733       15.077175
FIRE:    9 12:03:58       40.966999       13.752938
FIRE:   10 12:03:58       36.288601       12.415006
FIRE:   11 12:03:58       32.497398       11.086999
FIRE:   12 12:03:58       29.616517        9.817480
FIRE:   13 12:03:58       27.562874        8.656541
FIRE:   14 12:03:58       26.096418        7.646938
FIRE:   15 12:03:58       24.905301        7.242427
FIRE:   16 12:03:58       23.789418        6.926142
FIRE:   17 12:03:59       22.717491        6.270376
FIRE:   18 12:03:59       21.624350        6.972983
FIRE:   19 12:03:59       20.326255        6.734521
FIRE:   20 12:03:59       18.776258        5.670640
FIRE:   21 12:03:59       17.127931        5.264231
FIRE:   22 12:03:59       15.472613        5.284289
FIRE:   23 12:03:59       13.838325        4.426753
FIRE:   24 12:03:59       12.353866        3.022600
FIRE:   25 12:03:59       11.175649        2.856222
FIRE:   26 12:03:59       10.333010        2.716819
FIRE:   27 12:03:59        9.718728        2.766314
FIRE:   28 12:03:59        9.191759        2.863158
FIRE:   29 12:03:59        8.660968        2.680833
FIRE:   30 12:03:59        8.116175        2.247126
FIRE:   31 12:03:59        7.612335        1.648811
FIRE:   32 12:03:59        7.216362        1.022067
FIRE:   33 12:03:59        6.953258        0.960250
FIRE:   34 12:03:59        6.801189        1.066676
FIRE:   35 12:03:59        6.723533        1.146945
FIRE:   36 12:03:59        6.696388        1.199885
FIRE:   37 12:03:59        6.331167        1.130161
FIRE:   38 12:03:59        6.054920        1.002078
FIRE:   39 12:03:59        5.773206        0.879799
FIRE:   40 12:04:00        5.482539        0.782560
FIRE:   41 12:04:00        5.228060        0.695118
FIRE:   42 12:04:00        5.011649        0.608328
FIRE:   43 12:04:00        4.815014        0.522100
FIRE:   44 12:04:00        4.635235        0.444702
FIRE:   45 12:04:00        4.484382        0.378221
FIRE:   46 12:04:00        4.361944        0.325791
FIRE:   47 12:04:00        4.242216        0.354436
FIRE:   48 12:04:00        4.099930        0.395093
FIRE:   49 12:04:00        3.930414        0.449786
FIRE:   50 12:04:00        3.742957        0.468747
FIRE:   51 12:04:00        3.555196        0.430354
FIRE:   52 12:04:00        3.389370        0.338449
FIRE:   53 12:04:00        3.270479        0.242780
FIRE:   54 12:04:00        3.220305        0.292018
FIRE:   55 12:04:00        3.237180        0.412818
FIRE:   56 12:04:00        3.151682        0.272124
FIRE:   57 12:04:00        3.118837        0.224400
FIRE:   58 12:04:00        3.116541        0.232894
FIRE:   59 12:04:00        3.109280        0.212137
FIRE:   60 12:04:00        3.099475        0.222844
FIRE:   61 12:04:00        3.092246        0.232922
FIRE:   62 12:04:01        3.088081        0.238334
FIRE:   63 12:04:01        3.082974        0.238562
FIRE:   64 12:04:01        3.073722        0.235292
FIRE:   65 12:04:01        3.060750        0.230301
FIRE:   66 12:04:01        3.045428        0.224305
FIRE:   67 12:04:01        3.030324        0.219073
FIRE:   68 12:04:01        3.013252        0.216886
FIRE:   69 12:04:01        2.989066        0.217804
FIRE:   70 12:04:01        2.958072        0.216806
FIRE:   71 12:04:01        2.924456        0.209045
FIRE:   72 12:04:01        2.882038        0.200500
FIRE:   73 12:04:01        2.829753        0.187239
FIRE:   74 12:04:01        2.775239        0.167020
FIRE:   75 12:04:01        2.716696        0.158383
FIRE:   76 12:04:01        2.661354        0.151705
FIRE:   77 12:04:01        2.604107        0.149940
FIRE:   78 12:04:01        2.547745        0.165217
FIRE:   79 12:04:01        2.489291        0.181273
FIRE:   80 12:04:01        2.431444        0.184654
FIRE:   81 12:04:01        2.375902        0.177246
FIRE:   82 12:04:01        2.327401        0.147539
FIRE:   83 12:04:01        2.292606        0.090468
FIRE:   84 12:04:01        2.278167        0.069119
FIRE:   85 12:04:02        2.274153        0.057610
FIRE:   86 12:04:02        2.269960        0.071912
FIRE:   87 12:04:02        2.266028        0.092677
FIRE:   88 12:04:02        2.261365        0.098938
FIRE:   89 12:04:02        2.255809        0.086788
FIRE:   90 12:04:02        2.248701        0.064599
FIRE:   91 12:04:02        2.241316        0.047792
FIRE:   92 12:04:02        2.233629        0.051172
FIRE:   93 12:04:02        2.225710        0.152958
FIRE:   94 12:04:02        2.271912        0.630992
FIRE:   95 12:04:02        2.213692        0.243628
FIRE:   96 12:04:02        2.208387        0.160557
FIRE:   97 12:04:02        2.204369        0.057091
FIRE:   98 12:04:02        2.205496        0.108142
FIRE:   99 12:04:02        2.205071        0.098415
FIRE:  100 12:04:02        2.204343        0.079861
FIRE:  101 12:04:02        2.203515        0.061107
FIRE:  102 12:04:02        2.202796        0.060506
FIRE:  103 12:04:02        2.202318        0.059833
FIRE:  104 12:04:02        2.202049        0.059284
FIRE:  105 12:04:02        2.201820        0.060477
FIRE:  106 12:04:02        2.201397        0.071116
FIRE:  107 12:04:03        2.200596        0.069736
FIRE:  108 12:04:03        2.199372        0.061957
FIRE:  109 12:04:03        2.197900        0.064408
FIRE:  110 12:04:03        2.196443        0.067297
FIRE:  111 12:04:03        2.194890        0.070123
FIRE:  112 12:04:03        2.192663        0.072571
FIRE:  113 12:04:03        2.189499        0.074520
FIRE:  114 12:04:03        2.185853        0.076285
FIRE:  115 12:04:03        2.181437        0.079572
FIRE:  116 12:04:03        2.175165        0.086011
FIRE:  117 12:04:03        2.167413        0.094714
FIRE:  118 12:04:03        2.157007        0.102676
FIRE:  119 12:04:03        2.143164        0.109620
FIRE:  120 12:04:03        2.124323        0.122480
FIRE:  121 12:04:03        2.098545        0.141426
FIRE:  122 12:04:03        2.061526        0.155743
FIRE:  123 12:04:03        2.009579        0.185776
FIRE:  124 12:04:03        1.953375        0.210108
FIRE:  125 12:04:03        1.892768        0.240027
FIRE:  126 12:04:03        1.827812        0.265526
FIRE:  127 12:04:03        1.759456        0.281149
FIRE:  128 12:04:03        1.689103        0.291625
FIRE:  129 12:04:03        1.618410        0.293882
FIRE:  130 12:04:04        1.548197        0.294991
FIRE:  131 12:04:04        1.478763        0.294827
FIRE:  132 12:04:04        1.410877        0.289159
FIRE:  133 12:04:04        1.345274        0.278486
FIRE:  134 12:04:04        1.282300        0.263407
FIRE:  135 12:04:04        1.221807        0.243165
FIRE:  136 12:04:04        1.163165        0.219889
FIRE:  137 12:04:04        1.105704        0.195590
FIRE:  138 12:04:04        1.049424        0.192220
FIRE:  139 12:04:04        0.995843        0.189641
FIRE:  140 12:04:04        0.948257        0.184760
FIRE:  141 12:04:04        0.910079        0.177174
FIRE:  142 12:04:04        0.881985        0.166511
FIRE:  143 12:04:04        0.860603        0.192748
FIRE:  144 12:04:04        0.841030        0.216866
FIRE:  145 12:04:04        0.821345        0.235237
FIRE:  146 12:04:04        0.803960        0.245976
FIRE:  147 12:04:04        0.790607        0.247119
FIRE:  148 12:04:04        0.777684        0.265398
FIRE:  149 12:04:04        0.760751        0.260777
FIRE:  150 12:04:04        0.742280        0.232866
FIRE:  151 12:04:04        0.731761        0.188814
FIRE:  152 12:04:04        0.717271        0.147662
FIRE:  153 12:04:04        0.702958        0.209207
FIRE:  154 12:04:05        0.801995        1.271156
FIRE:  155 12:04:05        0.769754        0.923598
FIRE:  156 12:04:05        0.719268        0.584252
FIRE:  157 12:04:05        0.689153        0.077507
FIRE:  158 12:04:05        0.689040        0.072558
FIRE:  159 12:04:05        0.688839        0.063072
FIRE:  160 12:04:05        0.688592        0.051264
FIRE:  161 12:04:05        0.688346        0.050619
FIRE:  162 12:04:05        0.688138        0.049857
FIRE:  163 12:04:05        0.687986        0.049011
FIRE:  164 12:04:05        0.687879        0.048123
FIRE:  165 12:04:05        0.687779        0.047133
FIRE:  166 12:04:05        0.687654        0.046032
FIRE:  167 12:04:05        0.687469        0.044764
FIRE:  168 12:04:05        0.687210        0.043216
FIRE:  169 12:04:05        0.686885        0.041214
FIRE:  170 12:04:05        0.686539        0.038557
FIRE:  171 12:04:05        0.686225        0.035151
FIRE:  172 12:04:05        0.685916        0.031301
FIRE:  173 12:04:05        0.685511        0.027553
FIRE:  174 12:04:05        0.685031        0.024254
FIRE:  175 12:04:05        0.684639        0.021795
FIRE:  176 12:04:05        0.684216        0.020546
FIRE:  177 12:04:06        0.683729        0.014142
FIRE:  178 12:04:06        0.683445        0.019218
FIRE:  179 12:04:06        0.683199        0.013022
FIRE:  180 12:04:06        0.683161        0.024651
FIRE:  181 12:04:06        0.683113        0.016354
FIRE:  182 12:04:06        0.683081        0.006225
