      Step     Time          Energy          fmax
FIRE:    0 01:12:59      142.092074      121.574468
FIRE:    1 01:12:59       91.708515       72.663772
FIRE:    2 01:12:59       63.359477       42.482178
FIRE:    3 01:12:59       48.301814       24.145379
FIRE:    4 01:12:59       40.936500       13.089971
FIRE:    5 01:12:59       37.655688       10.319060
FIRE:    6 01:12:59       36.210454       12.419996
FIRE:    7 01:12:59       35.363550       12.947575
FIRE:    8 01:12:59       34.478466       12.174326
FIRE:    9 01:12:59       33.251786       10.588534
FIRE:   10 01:12:59       31.514348       11.169605
FIRE:   11 01:12:59       29.192030       11.622915
FIRE:   12 01:12:59       26.371212       10.990900
FIRE:   13 01:12:59       23.307355        9.554532
FIRE:   14 01:12:59       20.307733        7.736573
FIRE:   15 01:12:59       17.598250        6.591498
FIRE:   16 01:12:59       15.274413        6.096048
FIRE:   17 01:12:59       13.328858        5.555174
FIRE:   18 01:12:59       11.704173        4.966700
FIRE:   19 01:12:59       10.340376        4.330614
FIRE:   20 01:12:59        9.194990        3.656758
FIRE:   21 01:12:59        8.246674        2.960569
FIRE:   22 01:12:59        7.486666        2.269603
FIRE:   23 01:12:59        6.913912        1.614612
FIRE:   24 01:12:59        6.523070        1.024521
FIRE:   25 01:12:59        6.295641        0.912185
FIRE:   26 01:12:59        6.198293        1.027956
FIRE:   27 01:12:59        6.183084        1.123581
FIRE:   28 01:12:59        5.725187        1.155458
FIRE:   29 01:12:59        5.332987        1.144597
FIRE:   30 01:13:00        4.984367        1.091488
FIRE:   31 01:13:00        4.670561        1.002318
FIRE:   32 01:13:00        4.390058        0.919719
FIRE:   33 01:13:00        4.146384        0.835731
FIRE:   34 01:13:00        3.938803        0.751232
FIRE:   35 01:13:00        3.746218        0.669488
FIRE:   36 01:13:00        3.545903        0.586830
FIRE:   37 01:13:00        3.355723        0.596839
FIRE:   38 01:13:00        3.207695        0.647306
FIRE:   39 01:13:00        3.077846        0.670189
FIRE:   40 01:13:00        2.922828        0.639493
FIRE:   41 01:13:00        2.771899        0.570446
FIRE:   42 01:13:00        2.684483        0.489179
FIRE:   43 01:13:00        2.654851        0.450772
FIRE:   44 01:13:00        2.611067        0.458145
FIRE:   45 01:13:00        2.561748        0.264383
FIRE:   46 01:13:00        2.548837        0.223614
FIRE:   47 01:13:00        2.544730        0.216008
FIRE:   48 01:13:00        2.537938        0.210275
FIRE:   49 01:13:00        2.530454        0.203296
FIRE:   50 01:13:00        2.523546        0.195682
FIRE:   51 01:13:00        2.516829        0.186976
FIRE:   52 01:13:00        2.508689        0.178518
FIRE:   53 01:13:00        2.497746        0.188776
FIRE:   54 01:13:00        2.482206        0.199845
FIRE:   55 01:13:00        2.462444        0.211539
FIRE:   56 01:13:00        2.439074        0.224150
FIRE:   57 01:13:00        2.409477        0.239494
FIRE:   58 01:13:00        2.367282        0.260870
FIRE:   59 01:13:00        2.307716        0.291317
FIRE:   60 01:13:00        2.226805        0.332016
FIRE:   61 01:13:01        2.109018        0.380179
FIRE:   62 01:13:01        1.966008        0.420362
FIRE:   63 01:13:01        1.817699        0.454301
FIRE:   64 01:13:01        1.664285        0.483517
FIRE:   65 01:13:01        1.515210        0.499643
FIRE:   66 01:13:01        1.376105        0.494890
FIRE:   67 01:13:01        1.252180        0.466330
FIRE:   68 01:13:01        1.154514        0.414244
FIRE:   69 01:13:01        1.088767        0.342520
FIRE:   70 01:13:01        1.044125        0.323105
FIRE:   71 01:13:01        0.982502        0.458559
FIRE:   72 01:13:01        0.869670        0.445882
FIRE:   73 01:13:01        0.727193        0.324260
FIRE:   74 01:13:01        0.588656        0.312923
FIRE:   75 01:13:01        0.465189        0.355543
FIRE:   76 01:13:01        0.353054        0.383424
FIRE:   77 01:13:01        0.251415        0.391370
FIRE:   78 01:13:01        0.162863        0.376822
FIRE:   79 01:13:01        0.090069        0.340214
FIRE:   80 01:13:01        0.034986        0.284672
FIRE:   81 01:13:01        0.001568        0.213971
FIRE:   82 01:13:01       -0.007969        0.209707
FIRE:   83 01:13:01       -0.064973        0.239087
FIRE:   84 01:13:01       -0.041403        0.554724
FIRE:   85 01:13:01       -0.091722        0.227220
FIRE:   86 01:13:01       -0.097922        0.169240
FIRE:   87 01:13:01       -0.103582        0.168519
FIRE:   88 01:13:01       -0.104272        0.164956
FIRE:   89 01:13:01       -0.104781        0.164812
FIRE:   90 01:13:01       -0.105680        0.164491
FIRE:   91 01:13:01       -0.106770        0.163933
FIRE:   92 01:13:01       -0.107848        0.163068
FIRE:   93 01:13:02       -0.108789        0.161840
FIRE:   94 01:13:02       -0.109602        0.160249
FIRE:   95 01:13:02       -0.110417        0.158369
FIRE:   96 01:13:02       -0.111507        0.156062
FIRE:   97 01:13:02       -0.113048        0.153320
FIRE:   98 01:13:02       -0.115080        0.150067
FIRE:   99 01:13:02       -0.117422        0.146125
FIRE:  100 01:13:02       -0.119830        0.141263
FIRE:  101 01:13:02       -0.122449        0.135456
FIRE:  102 01:13:02       -0.125821        0.128907
FIRE:  103 01:13:02       -0.130037        0.121662
FIRE:  104 01:13:02       -0.134521        0.113522
FIRE:  105 01:13:02       -0.139536        0.104686
FIRE:  106 01:13:02       -0.145472        0.095468
FIRE:  107 01:13:02       -0.151354        0.085688
FIRE:  108 01:13:02       -0.157983        0.075872
FIRE:  109 01:13:02       -0.164240        0.065627
FIRE:  110 01:13:02       -0.170610        0.054929
FIRE:  111 01:13:02       -0.175728        0.042165
FIRE:  112 01:13:02       -0.179240        0.063446
FIRE:  113 01:13:02       -0.181274        0.075977
FIRE:  114 01:13:02       -0.182251        0.028813
FIRE:  115 01:13:02       -0.182186        0.036389
FIRE:  116 01:13:02       -0.182262        0.030749
FIRE:  117 01:13:02       -0.182369        0.020366
FIRE:  118 01:13:02       -0.182446        0.011293
FIRE:  119 01:13:02       -0.182453        0.011161
FIRE:  120 01:13:02       -0.182454        0.011155
FIRE:  121 01:13:02       -0.182457        0.011142
FIRE:  122 01:13:02       -0.182460        0.011124
FIRE:  123 01:13:02       -0.182464        0.011099
FIRE:  124 01:13:02       -0.182468        0.011067
FIRE:  125 01:13:03       -0.182472        0.011028
FIRE:  126 01:13:03       -0.182476        0.010982
FIRE:  127 01:13:03       -0.182479        0.010922
FIRE:  128 01:13:03       -0.182483        0.010846
FIRE:  129 01:13:03       -0.182488        0.010752
FIRE:  130 01:13:03       -0.182494        0.010640
FIRE:  131 01:13:03       -0.182501        0.010506
FIRE:  132 01:13:03       -0.182511        0.010349
FIRE:  133 01:13:03       -0.182523        0.010166
FIRE:  134 01:13:03       -0.182536        0.009951
