      Step     Time          Energy          fmax
FIRE:    0 14:08:40      164.740123       62.447886
FIRE:    1 14:08:40      133.093017       46.666070
FIRE:    2 14:08:40      109.342050       34.279903
FIRE:    3 14:08:40       91.783070       24.522550
FIRE:    4 14:08:40       79.071785       22.917342
FIRE:    5 14:08:41       70.093390       21.910984
FIRE:    6 14:08:41       63.854944       21.067333
FIRE:    7 14:08:41       59.407942       20.323046
FIRE:    8 14:08:41       55.846560       19.598912
FIRE:    9 14:08:41       52.427388       18.822811
FIRE:   10 14:08:41       48.680924       17.929718
FIRE:   11 14:08:41       44.467899       16.893444
FIRE:   12 14:08:41       39.920470       15.736524
FIRE:   13 14:08:41       35.299583       14.510776
FIRE:   14 14:08:41       30.862144       13.273546
FIRE:   15 14:08:41       26.792310       12.070998
FIRE:   16 14:08:41       23.188506       10.932534
FIRE:   17 14:08:41       20.079176        9.872701
FIRE:   18 14:08:41       17.445125        8.893744
FIRE:   19 14:08:41       15.238505        7.988625
FIRE:   20 14:08:41       13.396141        7.144059
FIRE:   21 14:08:41       11.848488        6.342756
FIRE:   22 14:08:41       10.532239        5.565558
FIRE:   23 14:08:41        9.401679        4.797893
FIRE:   24 14:08:41        8.431681        4.034559
FIRE:   25 14:08:41        7.616217        3.281436
FIRE:   26 14:08:41        6.960069        2.553593
FIRE:   27 14:08:41        6.466354        1.869899
FIRE:   28 14:08:41        6.125450        1.247135
FIRE:   29 14:08:41        5.909963        1.238916
FIRE:   30 14:08:41        5.782147        1.367445
FIRE:   31 14:08:41        5.703589        1.478542
FIRE:   32 14:08:41        5.641336        1.573932
FIRE:   33 14:08:41        5.569077        1.654713
FIRE:   34 14:08:41        5.466618        1.719214
FIRE:   35 14:08:42        5.320069        1.764929
FIRE:   36 14:08:42        5.121644        1.788921
FIRE:   37 14:08:42        4.869908        1.791065
FIRE:   38 14:08:42        4.569653        1.769900
FIRE:   39 14:08:42        4.231894        1.724654
FIRE:   40 14:08:42        3.871535        1.655867
FIRE:   41 14:08:42        3.504449        1.565110
FIRE:   42 14:08:42        3.144840        1.455062
FIRE:   43 14:08:42        2.803118        1.329908
FIRE:   44 14:08:42        2.484657        1.194668
FIRE:   45 14:08:42        2.189924        1.054019
FIRE:   46 14:08:42        1.916073        0.908125
FIRE:   47 14:08:42        1.659239        0.759567
FIRE:   48 14:08:42        1.414586        0.719692
FIRE:   49 14:08:42        1.179229        0.727083
FIRE:   50 14:08:42        0.955616        0.703101
FIRE:   51 14:08:42        0.751475        0.648741
FIRE:   52 14:08:42        0.578935        0.692532
FIRE:   53 14:08:42        0.456186        0.841705
FIRE:   54 14:08:42        0.404015        0.984319
FIRE:   55 14:08:42        0.265666        0.681901
FIRE:   56 14:08:42        0.154891        0.349622
FIRE:   57 14:08:42        0.138935        0.275644
FIRE:   58 14:08:42        0.108823        0.258252
FIRE:   59 14:08:42        0.095889        0.211888
FIRE:   60 14:08:42        0.090697        0.209204
FIRE:   61 14:08:42        0.083185        0.203128
FIRE:   62 14:08:42        0.076724        0.192774
FIRE:   63 14:08:43        0.072130        0.178187
FIRE:   64 14:08:43        0.067107        0.161162
FIRE:   65 14:08:43        0.059377        0.168434
FIRE:   66 14:08:43        0.049251        0.176764
FIRE:   67 14:08:43        0.038203        0.184325
FIRE:   68 14:08:43        0.028750        0.190230
FIRE:   69 14:08:43        0.018530        0.191883
FIRE:   70 14:08:43        0.004031        0.186565
FIRE:   71 14:08:43       -0.010533        0.172885
FIRE:   72 14:08:43       -0.023344        0.148771
FIRE:   73 14:08:43       -0.039569        0.115477
FIRE:   74 14:08:43       -0.050885        0.089966
FIRE:   75 14:08:43       -0.063865        0.046380
FIRE:   76 14:08:43       -0.068391        0.129611
FIRE:   77 14:08:43       -0.071353        0.080391
FIRE:   78 14:08:43       -0.073344        0.039608
FIRE:   79 14:08:43       -0.072278        0.071856
FIRE:   80 14:08:43       -0.072555        0.065002
FIRE:   81 14:08:43       -0.073014        0.051953
FIRE:   82 14:08:43       -0.073496        0.033977
FIRE:   83 14:08:43       -0.073846        0.031967
FIRE:   84 14:08:43       -0.073976        0.030696
FIRE:   85 14:08:43       -0.073938        0.029079
FIRE:   86 14:08:43       -0.073951        0.029042
FIRE:   87 14:08:43       -0.073976        0.028967
FIRE:   88 14:08:43       -0.074012        0.028854
FIRE:   89 14:08:43       -0.074056        0.028703
FIRE:   90 14:08:43       -0.074105        0.028512
FIRE:   91 14:08:44       -0.074157        0.028608
FIRE:   92 14:08:44       -0.074210        0.028821
FIRE:   93 14:08:44       -0.074267        0.029094
FIRE:   94 14:08:44       -0.074326        0.029440
FIRE:   95 14:08:44       -0.074387        0.029871
FIRE:   96 14:08:44       -0.074452        0.030393
FIRE:   97 14:08:44       -0.074529        0.031007
FIRE:   98 14:08:44       -0.074626        0.031708
FIRE:   99 14:08:44       -0.074756        0.032483
FIRE:  100 14:08:44       -0.074925        0.033319
FIRE:  101 14:08:44       -0.075130        0.034189
FIRE:  102 14:08:44       -0.075359        0.035049
FIRE:  103 14:08:44       -0.075611        0.035820
FIRE:  104 14:08:44       -0.075907        0.036393
FIRE:  105 14:08:44       -0.076279        0.036638
FIRE:  106 14:08:44       -0.076725        0.036385
FIRE:  107 14:08:44       -0.077218        0.035423
FIRE:  108 14:08:44       -0.077790        0.033615
FIRE:  109 14:08:44       -0.078471        0.030926
FIRE:  110 14:08:44       -0.079202        0.027405
FIRE:  111 14:08:44       -0.080030        0.023460
FIRE:  112 14:08:44       -0.080900        0.019745
FIRE:  113 14:08:44       -0.081846        0.016976
FIRE:  114 14:08:44       -0.082782        0.015834
FIRE:  115 14:08:44       -0.083687        0.015631
FIRE:  116 14:08:44       -0.084527        0.015209
FIRE:  117 14:08:44       -0.085197        0.022667
FIRE:  118 14:08:44       -0.085388        0.046261
FIRE:  119 14:08:45       -0.085942        0.007675
