      Step     Time          Energy          fmax
FIRE:    0 14:07:51      107.958315       47.696678
FIRE:    1 14:07:51       83.630768       35.435446
FIRE:    2 14:07:51       66.154724       26.022904
FIRE:    3 14:07:51       53.620546       18.872129
FIRE:    4 14:07:51       44.389252       13.519025
FIRE:    5 14:07:51       37.196955       10.313857
FIRE:    6 14:07:51       31.302896        9.533573
FIRE:    7 14:07:51       26.451485        8.609006
FIRE:    8 14:07:51       22.611245        7.644573
FIRE:    9 14:07:51       19.736810        6.728241
FIRE:   10 14:07:51       17.624795        5.896238
FIRE:   11 14:07:51       15.974413        5.146186
FIRE:   12 14:07:51       14.526419        4.470070
FIRE:   13 14:07:51       13.125922        4.291775
FIRE:   14 14:07:52       11.737699        4.103244
FIRE:   15 14:07:52       10.452346        3.336185
FIRE:   16 14:07:52        9.441160        2.494026
FIRE:   17 14:07:52        8.850414        2.260170
FIRE:   18 14:07:52        8.677174        2.441462
FIRE:   19 14:07:52        7.915454        1.639300
FIRE:   20 14:07:52        7.212252        1.170232
FIRE:   21 14:07:52        6.696873        0.801384
FIRE:   22 14:07:52        6.367540        0.653293
FIRE:   23 14:07:52        6.226109        0.800571
FIRE:   24 14:07:52        6.144638        1.251740
FIRE:   25 14:07:52        5.948071        1.199908
FIRE:   26 14:07:52        5.691753        0.778429
FIRE:   27 14:07:52        5.539385        0.863843
FIRE:   28 14:07:52        5.495946        0.879364
FIRE:   29 14:07:52        5.465516        0.871056
FIRE:   30 14:07:52        5.413039        0.853420
FIRE:   31 14:07:52        5.350943        0.825286
FIRE:   32 14:07:52        5.289175        0.786894
FIRE:   33 14:07:52        5.229657        0.741404
FIRE:   34 14:07:52        5.166018        0.694210
FIRE:   35 14:07:52        5.090473        0.649499
FIRE:   36 14:07:52        4.991496        0.603516
FIRE:   37 14:07:52        4.873704        0.552185
FIRE:   38 14:07:52        4.745067        0.489479
FIRE:   39 14:07:52        4.594469        0.414296
FIRE:   40 14:07:52        4.392931        0.405877
FIRE:   41 14:07:52        4.168106        0.426259
FIRE:   42 14:07:52        3.937820        0.424511
FIRE:   43 14:07:53        3.703539        0.390784
FIRE:   44 14:07:53        3.467701        0.395267
FIRE:   45 14:07:53        3.248265        0.424723
FIRE:   46 14:07:53        3.061685        0.432618
FIRE:   47 14:07:53        2.916410        0.410777
FIRE:   48 14:07:53        2.820978        0.354633
FIRE:   49 14:07:53        2.785654        0.263489
FIRE:   50 14:07:53        2.768923        0.273139
FIRE:   51 14:07:53        2.744720        0.284169
FIRE:   52 14:07:53        2.722190        0.285825
FIRE:   53 14:07:53        2.703385        0.272061
FIRE:   54 14:07:53        2.686052        0.244856
FIRE:   55 14:07:53        2.668517        0.211127
FIRE:   56 14:07:53        2.649958        0.178947
FIRE:   57 14:07:53        2.628505        0.150713
FIRE:   58 14:07:53        2.607347        0.123823
FIRE:   59 14:07:53        2.590774        0.083872
FIRE:   60 14:07:53        2.583487        0.078720
FIRE:   61 14:07:53        2.582297        0.071526
FIRE:   62 14:07:53        2.580277        0.058236
FIRE:   63 14:07:53        2.577998        0.041703
FIRE:   64 14:07:53        2.576015        0.036418
FIRE:   65 14:07:53        2.574660        0.037203
FIRE:   66 14:07:53        2.573913        0.037678
FIRE:   67 14:07:53        2.573458        0.037913
FIRE:   68 14:07:53        2.572852        0.038077
FIRE:   69 14:07:53        2.571768        0.038336
FIRE:   70 14:07:53        2.570152        0.042187
FIRE:   71 14:07:53        2.568388        0.045420
FIRE:   72 14:07:54        2.567022        0.047262
FIRE:   73 14:07:54        2.565913        0.048173
FIRE:   74 14:07:54        2.563993        0.048354
FIRE:   75 14:07:54        2.560513        0.047931
FIRE:   76 14:07:54        2.556381        0.048341
FIRE:   77 14:07:54        2.552074        0.053907
FIRE:   78 14:07:54        2.545216        0.066333
FIRE:   79 14:07:54        2.534792        0.084070
FIRE:   80 14:07:54        2.517924        0.109963
FIRE:   81 14:07:54        2.484787        0.144587
FIRE:   82 14:07:54        2.435906        0.178957
FIRE:   83 14:07:54        2.368027        0.217331
FIRE:   84 14:07:54        2.278765        0.259631
FIRE:   85 14:07:54        2.163554        0.308127
FIRE:   86 14:07:54        2.019289        0.359318
FIRE:   87 14:07:54        1.844681        0.411736
FIRE:   88 14:07:54        1.640019        0.467513
FIRE:   89 14:07:54        1.408283        0.526178
FIRE:   90 14:07:54        1.158306        0.566879
FIRE:   91 14:07:54        0.905552        0.585956
FIRE:   92 14:07:54        0.666855        0.593109
FIRE:   93 14:07:54        0.461276        0.582386
FIRE:   94 14:07:54        0.311598        0.541712
FIRE:   95 14:07:54        0.241246        0.458225
FIRE:   96 14:07:54        0.258483        0.335035
FIRE:   97 14:07:54        0.113430        0.356909
FIRE:   98 14:07:54        0.085610        0.305478
FIRE:   99 14:07:54        0.056723        0.305594
FIRE:  100 14:07:54        0.022338        0.294662
FIRE:  101 14:07:55        0.000024        0.265388
FIRE:  102 14:07:55       -0.020988        0.227348
FIRE:  103 14:07:55       -0.055987        0.191285
FIRE:  104 14:07:55       -0.094987        0.155007
FIRE:  105 14:07:55       -0.118358        0.118459
FIRE:  106 14:07:55       -0.134065        0.126435
FIRE:  107 14:07:55       -0.152578        0.072142
FIRE:  108 14:07:55       -0.153450        0.085530
FIRE:  109 14:07:55       -0.155590        0.069708
FIRE:  110 14:07:55       -0.158561        0.061027
FIRE:  111 14:07:55       -0.160649        0.057003
FIRE:  112 14:07:55       -0.161009        0.052537
FIRE:  113 14:07:55       -0.161078        0.052427
FIRE:  114 14:07:55       -0.161209        0.052211
FIRE:  115 14:07:55       -0.161387        0.051893
FIRE:  116 14:07:55       -0.161595        0.051483
FIRE:  117 14:07:55       -0.161816        0.050988
FIRE:  118 14:07:55       -0.162035        0.050418
FIRE:  119 14:07:55       -0.162245        0.049785
FIRE:  120 14:07:55       -0.162473        0.049029
FIRE:  121 14:07:55       -0.162733        0.048152
FIRE:  122 14:07:55       -0.163056        0.047163
FIRE:  123 14:07:55       -0.163482        0.046081
FIRE:  124 14:07:55       -0.164041        0.044940
FIRE:  125 14:07:55       -0.164740        0.043793
FIRE:  126 14:07:55       -0.165553        0.042722
FIRE:  127 14:07:55       -0.166461        0.041815
FIRE:  128 14:07:55       -0.167517        0.041104
FIRE:  129 14:07:56       -0.168810        0.040527
FIRE:  130 14:07:56       -0.170330        0.039929
FIRE:  131 14:07:56       -0.171978        0.038974
FIRE:  132 14:07:56       -0.173820        0.037087
FIRE:  133 14:07:56       -0.175873        0.033649
FIRE:  134 14:07:56       -0.177910        0.028141
FIRE:  135 14:07:56       -0.179967        0.020925
FIRE:  136 14:07:56       -0.181643        0.014842
FIRE:  137 14:07:56       -0.182769        0.008708
