      Step     Time          Energy          fmax
FIRE:    0 13:15:41      303.604307      184.758290
FIRE:    1 13:15:41      233.252628      137.492370
FIRE:    2 13:15:41      180.880717      100.351817
FIRE:    3 13:15:41      142.569864       70.332452
FIRE:    4 13:15:41      115.620619       44.717041
FIRE:    5 13:15:41       98.416476       28.899471
FIRE:    6 13:15:41       90.027158       27.981642
FIRE:    7 13:15:41       88.826705       45.447712
FIRE:    8 13:15:41       76.108048       25.501562
FIRE:    9 13:15:41       71.395857       24.521370
FIRE:   10 13:15:41       65.394814       23.142363
FIRE:   11 13:15:41       56.943993       20.647164
FIRE:   12 13:15:42       49.321642       18.314766
FIRE:   13 13:15:42       44.037251       16.620828
FIRE:   14 13:15:42       40.409561       15.309289
FIRE:   15 13:15:42       37.006328       13.839160
FIRE:   16 13:15:42       33.538239       12.133199
FIRE:   17 13:15:42       30.552652       11.319729
FIRE:   18 13:15:42       28.077201       10.613738
FIRE:   19 13:15:42       25.791842        8.959283
FIRE:   20 13:15:42       23.519535        8.453493
FIRE:   21 13:15:42       21.277018        7.859776
FIRE:   22 13:15:42       19.338686        7.227484
FIRE:   23 13:15:43       18.004733        6.701256
FIRE:   24 13:15:43       17.074478        6.223222
FIRE:   25 13:15:43       16.061633        5.613715
FIRE:   26 13:15:43       14.927717        4.885889
FIRE:   27 13:15:43       13.990316        4.217553
FIRE:   28 13:15:43       13.284760        3.644091
FIRE:   29 13:15:43       12.612056        3.069217
FIRE:   30 13:15:43       11.941415        2.479193
FIRE:   31 13:15:43       11.401659        1.954615
FIRE:   32 13:15:43       11.052410        1.539461
FIRE:   33 13:15:43       10.783020        1.397668
FIRE:   34 13:15:43       10.532726        1.144580
FIRE:   35 13:15:43       10.354073        1.238573
FIRE:   36 13:15:43       10.247821        1.294544
FIRE:   37 13:15:43       10.144574        1.327248
FIRE:   38 13:15:43       10.015562        1.345083
FIRE:   39 13:15:43        9.872899        1.343773
FIRE:   40 13:15:43        9.707324        1.310803
FIRE:   41 13:15:43        9.483846        1.275606
FIRE:   42 13:15:43        9.204338        1.249023
FIRE:   43 13:15:43        8.904424        1.200350
FIRE:   44 13:15:43        8.603590        1.125887
FIRE:   45 13:15:43        8.321086        1.018642
FIRE:   46 13:15:43        8.093031        0.877810
FIRE:   47 13:15:43        7.913201        1.046372
FIRE:   48 13:15:43        7.711661        1.323317
FIRE:   49 13:15:44        7.441204        1.274431
FIRE:   50 13:15:44        7.124953        1.031548
FIRE:   51 13:15:44        6.804080        0.843168
FIRE:   52 13:15:44        6.511944        0.732903
FIRE:   53 13:15:44        6.275431        0.762041
FIRE:   54 13:15:44        6.098454        0.757318
FIRE:   55 13:15:44        5.964326        0.722898
FIRE:   56 13:15:44        5.867906        0.706949
FIRE:   57 13:15:44        5.832480        0.629097
FIRE:   58 13:15:44        5.568512        0.734945
FIRE:   59 13:15:44        5.395165        0.751042
FIRE:   60 13:15:44        5.378052        0.944846
FIRE:   61 13:15:44        5.319355        0.980304
FIRE:   62 13:15:44        5.256504        0.726363
FIRE:   63 13:15:44        5.210826        0.705164
FIRE:   64 13:15:44        5.206685        0.822372
FIRE:   65 13:15:44        5.194229        0.697649
FIRE:   66 13:15:44        5.174998        0.686640
FIRE:   67 13:15:44        5.156489        0.691945
FIRE:   68 13:15:44        5.143237        0.695052
FIRE:   69 13:15:44        5.134174        0.694518
FIRE:   70 13:15:44        5.124482        0.690337
FIRE:   71 13:15:44        5.109933        0.683096
FIRE:   72 13:15:44        5.086640        0.671938
FIRE:   73 13:15:44        5.055323        0.655753
FIRE:   74 13:15:45        5.021264        0.632814
FIRE:   75 13:15:45        4.989266        0.602388
FIRE:   76 13:15:45        4.953095        0.567459
FIRE:   77 13:15:45        4.902857        0.529762
FIRE:   78 13:15:45        4.847608        0.482132
FIRE:   79 13:15:45        4.800234        0.406395
FIRE:   80 13:15:45        4.752167        0.291848
FIRE:   81 13:15:45        4.722467        0.179786
FIRE:   82 13:15:45        4.721073        0.231128
FIRE:   83 13:15:45        4.718474        0.172649
FIRE:   84 13:15:45        4.714808        0.131721
FIRE:   85 13:15:45        4.711666        0.125495
FIRE:   86 13:15:45        4.709240        0.119568
FIRE:   87 13:15:45        4.706627        0.149395
FIRE:   88 13:15:45        4.703421        0.127217
FIRE:   89 13:15:45        4.700363        0.100086
FIRE:   90 13:15:45        4.698506        0.092063
FIRE:   91 13:15:45        4.698103        0.109520
FIRE:   92 13:15:45        4.697934        0.099998
FIRE:   93 13:15:45        4.697642        0.081870
FIRE:   94 13:15:45        4.697308        0.077245
FIRE:   95 13:15:45        4.697011        0.075146
FIRE:   96 13:15:45        4.696805        0.072753
FIRE:   97 13:15:45        4.696688        0.070160
FIRE:   98 13:15:45        4.696607        0.067500
FIRE:   99 13:15:46        4.696485        0.064575
FIRE:  100 13:15:46        4.696271        0.061399
FIRE:  101 13:15:46        4.695956        0.057983
FIRE:  102 13:15:46        4.695612        0.054325
FIRE:  103 13:15:46        4.695360        0.050289
FIRE:  104 13:15:46        4.695200        0.045510
FIRE:  105 13:15:46        4.694960        0.047384
FIRE:  106 13:15:46        4.694560        0.032841
FIRE:  107 13:15:46        4.694196        0.025314
FIRE:  108 13:15:46        4.693954        0.038315
FIRE:  109 13:15:46        4.693595        0.030449
FIRE:  110 13:15:46        4.693305        0.032367
FIRE:  111 13:15:46        4.693136        0.033191
FIRE:  112 13:15:46        4.692830        0.026745
FIRE:  113 13:15:46        4.692684        0.032329
FIRE:  114 13:15:46        4.692496        0.015020
FIRE:  115 13:15:46        4.692482        0.014637
FIRE:  116 13:15:46        4.692462        0.013936
FIRE:  117 13:15:46        4.692444        0.013034
FIRE:  118 13:15:46        4.692421        0.012062
FIRE:  119 13:15:46        4.692393        0.011080
FIRE:  120 13:15:46        4.692367        0.010050
FIRE:  121 13:15:46        4.692346        0.008847
