      Step     Time          Energy          fmax
FIRE:    0 13:23:55      129.532948       38.729728
FIRE:    1 13:23:55      114.199437       38.911233
FIRE:    2 13:23:55      100.320670       36.568544
FIRE:    3 13:23:55       87.942286       31.780148
FIRE:    4 13:23:55       77.315323       24.904516
FIRE:    5 13:23:55       68.653430       16.501558
FIRE:    6 13:23:55       61.950622       14.737878
FIRE:    7 13:23:55       56.817108       14.986849
FIRE:    8 13:23:56       52.460286       16.625174
FIRE:    9 13:23:56       48.143359       15.435325
FIRE:   10 13:23:56       43.716809       11.831338
FIRE:   11 13:23:56       39.538616       11.195315
FIRE:   12 13:23:56       35.904343       10.613333
FIRE:   13 13:23:56       32.781256       10.057939
FIRE:   14 13:23:56       29.994784        9.505422
FIRE:   15 13:23:56       27.451661        8.948479
FIRE:   16 13:23:56       25.162518        8.395760
FIRE:   17 13:23:56       23.159072        7.857376
FIRE:   18 13:23:56       21.437979        7.335653
FIRE:   19 13:23:56       19.958727        6.831718
FIRE:   20 13:23:56       18.665144        6.340471
FIRE:   21 13:23:56       17.501064        5.861426
FIRE:   22 13:23:56       16.418331        5.394928
FIRE:   23 13:23:56       15.387579        4.936990
FIRE:   24 13:23:56       14.407956        4.482222
FIRE:   25 13:23:57       13.502150        4.032246
FIRE:   26 13:23:57       12.698269        3.592596
FIRE:   27 13:23:57       12.012632        3.168211
FIRE:   28 13:23:57       11.443049        2.762107
FIRE:   29 13:23:57       10.973788        2.376825
FIRE:   30 13:23:57       10.586320        2.013126
FIRE:   31 13:23:57       10.267029        1.667108
FIRE:   32 13:23:57       10.006438        1.338757
FIRE:   33 13:23:57        9.793706        1.029914
FIRE:   34 13:23:57        9.617579        0.792572
FIRE:   35 13:23:57        9.469210        0.865897
FIRE:   36 13:23:57        9.342735        0.921941
FIRE:   37 13:23:57        9.232167        0.963118
FIRE:   38 13:23:57        9.127598        0.992566
FIRE:   39 13:23:57        9.017432        1.012574
FIRE:   40 13:23:57        8.893640        1.022865
FIRE:   41 13:23:57        8.755550        1.020087
FIRE:   42 13:23:57        8.610094        0.999825
FIRE:   43 13:23:57        8.466598        0.958830
FIRE:   44 13:23:58        8.330393        0.900846
FIRE:   45 13:23:58        8.201408        0.837151
FIRE:   46 13:23:58        8.081340        0.779334
FIRE:   47 13:23:58        7.982501        0.733930
FIRE:   48 13:23:58        7.926095        0.697573
FIRE:   49 13:23:58        7.919784        0.971962
FIRE:   50 13:23:58        7.659365        0.695584
FIRE:   51 13:23:58        7.465912        0.718384
FIRE:   52 13:23:58        7.278368        0.674855
FIRE:   53 13:23:58        7.084223        0.593913
FIRE:   54 13:23:58        6.890803        0.510579
FIRE:   55 13:23:58        6.738080        0.405278
FIRE:   56 13:23:58        6.665116        0.421677
FIRE:   57 13:23:58        6.608690        0.291647
FIRE:   58 13:23:58        6.562435        0.298885
FIRE:   59 13:23:58        6.533376        0.255244
FIRE:   60 13:23:58        6.502850        0.354229
FIRE:   61 13:23:58        6.431718        0.262019
FIRE:   62 13:23:58        6.359478        0.196065
FIRE:   63 13:23:58        6.313385        0.149307
FIRE:   64 13:23:59        6.301120        0.329851
FIRE:   65 13:23:59        6.292911        0.291639
FIRE:   66 13:23:59        6.280922        0.217633
FIRE:   67 13:23:59        6.270819        0.113756
FIRE:   68 13:23:59        6.265877        0.094817
FIRE:   69 13:23:59        6.265717        0.114582
FIRE:   70 13:23:59        6.265310        0.109508
FIRE:   71 13:23:59        6.264559        0.099568
FIRE:   72 13:23:59        6.263576        0.092594
FIRE:   73 13:23:59        6.262489        0.091281
FIRE:   74 13:23:59        6.261418        0.089871
FIRE:   75 13:23:59        6.260434        0.088525
FIRE:   76 13:23:59        6.259558        0.087416
FIRE:   77 13:23:59        6.258679        0.086630
FIRE:   78 13:23:59        6.257745        0.086358
FIRE:   79 13:23:59        6.256663        0.086707
FIRE:   80 13:23:59        6.255308        0.087646
FIRE:   81 13:23:59        6.253524        0.089002
FIRE:   82 13:23:59        6.251186        0.090530
FIRE:   83 13:23:59        6.248314        0.092059
FIRE:   84 13:24:00        6.245078        0.093647
FIRE:   85 13:24:00        6.241486        0.095533
FIRE:   86 13:24:00        6.237166        0.097550
FIRE:   87 13:24:00        6.231741        0.098474
FIRE:   88 13:24:00        6.224930        0.096825
FIRE:   89 13:24:00        6.216502        0.093777
FIRE:   90 13:24:00        6.206010        0.093748
FIRE:   91 13:24:00        6.192685        0.096022
FIRE:   92 13:24:00        6.175956        0.092561
FIRE:   93 13:24:00        6.155333        0.091757
FIRE:   94 13:24:00        6.129067        0.098919
FIRE:   95 13:24:00        6.099319        0.101554
FIRE:   96 13:24:00        6.068027        0.110723
FIRE:   97 13:24:00        6.034546        0.124034
FIRE:   98 13:24:00        5.998376        0.129876
FIRE:   99 13:24:00        5.959128        0.151732
FIRE:  100 13:24:00        5.917008        0.160698
FIRE:  101 13:24:00        5.871585        0.164850
FIRE:  102 13:24:00        5.821927        0.185257
FIRE:  103 13:24:00        5.768274        0.205048
FIRE:  104 13:24:00        5.710438        0.220668
FIRE:  105 13:24:00        5.647505        0.242371
FIRE:  106 13:24:00        5.578331        0.266416
FIRE:  107 13:24:01        5.501729        0.289304
FIRE:  108 13:24:01        5.418301        0.313891
FIRE:  109 13:24:01        5.329058        0.338998
FIRE:  110 13:24:01        5.235726        0.360628
FIRE:  111 13:24:01        5.139160        0.378054
FIRE:  112 13:24:01        5.040265        0.383611
FIRE:  113 13:24:01        4.942859        0.376624
FIRE:  114 13:24:01        4.849803        0.361510
FIRE:  115 13:24:01        4.763568        0.336699
FIRE:  116 13:24:01        4.685266        0.299891
FIRE:  117 13:24:01        4.614945        0.249391
FIRE:  118 13:24:01        4.552363        0.226423
FIRE:  119 13:24:01        4.497499        0.254242
FIRE:  120 13:24:01        4.451646        0.272353
FIRE:  121 13:24:01        4.416808        0.277946
FIRE:  122 13:24:01        4.394500        0.268179
FIRE:  123 13:24:01        4.386513        0.240594
FIRE:  124 13:24:01        4.359128        0.164937
FIRE:  125 13:24:01        4.357068        0.398830
FIRE:  126 13:24:01        4.330097        0.135041
FIRE:  127 13:24:01        4.328645        0.133712
FIRE:  128 13:24:02        4.326716        0.130847
FIRE:  129 13:24:02        4.325106        0.126672
FIRE:  130 13:24:02        4.323532        0.122324
FIRE:  131 13:24:02        4.321374        0.118774
FIRE:  132 13:24:02        4.318764        0.115824
FIRE:  133 13:24:02        4.316360        0.112192
FIRE:  134 13:24:02        4.314016        0.105788
FIRE:  135 13:24:02        4.310901        0.095681
FIRE:  136 13:24:02        4.306891        0.081410
FIRE:  137 13:24:02        4.303155        0.063638
FIRE:  138 13:24:02        4.299255        0.047751
FIRE:  139 13:24:02        4.295757        0.046287
FIRE:  140 13:24:02        4.292685        0.047806
FIRE:  141 13:24:02        4.290163        0.039587
FIRE:  142 13:24:02        4.288241        0.044467
FIRE:  143 13:24:02        4.287671        0.053644
FIRE:  144 13:24:02        4.287227        0.052574
FIRE:  145 13:24:02        4.286796        0.050924
FIRE:  146 13:24:02        4.286471        0.049450
FIRE:  147 13:24:02        4.285910        0.048564
FIRE:  148 13:24:02        4.285128        0.048225
FIRE:  149 13:24:02        4.284422        0.048069
FIRE:  150 13:24:02        4.283678        0.047522
FIRE:  151 13:24:02        4.282553        0.046368
FIRE:  152 13:24:03        4.281262        0.045230
FIRE:  153 13:24:03        4.279769        0.045946
FIRE:  154 13:24:03        4.277869        0.049264
FIRE:  155 13:24:03        4.275644        0.052148
FIRE:  156 13:24:03        4.272728        0.052869
FIRE:  157 13:24:03        4.269044        0.055739
FIRE:  158 13:24:03        4.264414        0.057057
FIRE:  159 13:24:03        4.258477        0.056409
FIRE:  160 13:24:03        4.251900        0.106463
FIRE:  161 13:24:03        4.252100        0.259450
FIRE:  162 13:24:03        4.240072        0.065294
FIRE:  163 13:24:03        4.239926        0.064898
FIRE:  164 13:24:03        4.239684        0.064201
FIRE:  165 13:24:03        4.239388        0.063387
FIRE:  166 13:24:03        4.239027        0.062698
FIRE:  167 13:24:03        4.238558        0.062318
FIRE:  168 13:24:03        4.237965        0.062300
FIRE:  169 13:24:03        4.237283        0.062553
FIRE:  170 13:24:03        4.236454        0.062919
FIRE:  171 13:24:03        4.235414        0.063123
FIRE:  172 13:24:03        4.234066        0.062976
FIRE:  173 13:24:03        4.232395        0.062641
FIRE:  174 13:24:03        4.230335        0.062766
FIRE:  175 13:24:03        4.227734        0.063731
FIRE:  176 13:24:03        4.224553        0.064610
FIRE:  177 13:24:03        4.220563        0.064085
FIRE:  178 13:24:04        4.215667        0.063279
FIRE:  179 13:24:04        4.209647        0.063593
FIRE:  180 13:24:04        4.202311        0.061519
FIRE:  181 13:24:04        4.193594        0.060557
FIRE:  182 13:24:04        4.184185        0.070212
FIRE:  183 13:24:04        4.180807        0.216801
FIRE:  184 13:24:04        4.172049        0.051867
FIRE:  185 13:24:04        4.171969        0.051839
FIRE:  186 13:24:04        4.171822        0.051774
FIRE:  187 13:24:04        4.171619        0.051655
FIRE:  188 13:24:04        4.171359        0.051465
FIRE:  189 13:24:04        4.171033        0.051197
FIRE:  190 13:24:04        4.170637        0.050858
FIRE:  191 13:24:04        4.170180        0.050478
FIRE:  192 13:24:04        4.169616        0.050053
FIRE:  193 13:24:04        4.168917        0.049638
FIRE:  194 13:24:04        4.168044        0.049281
FIRE:  195 13:24:04        4.166975        0.048976
FIRE:  196 13:24:04        4.165686        0.048626
FIRE:  197 13:24:05        4.164118        0.048122
FIRE:  198 13:24:05        4.162253        0.047463
FIRE:  199 13:24:05        4.160028        0.046658
FIRE:  200 13:24:05        4.157421        0.045302
FIRE:  201 13:24:05        4.154394        0.043137
FIRE:  202 13:24:05        4.150946        0.040751
FIRE:  203 13:24:05        4.147153        0.037406
FIRE:  204 13:24:05        4.143602        0.060468
FIRE:  205 13:24:05        4.143229        0.159857
FIRE:  206 13:24:05        4.138827        0.028903
FIRE:  207 13:24:05        4.142135        0.145192
FIRE:  208 13:24:05        4.140599        0.109396
FIRE:  209 13:24:05        4.138931        0.046818
FIRE:  210 13:24:05        4.138635        0.028505
FIRE:  211 13:24:05        4.138616        0.028488
FIRE:  212 13:24:05        4.138581        0.028455
FIRE:  213 13:24:05        4.138538        0.028408
FIRE:  214 13:24:05        4.138492        0.028347
FIRE:  215 13:24:05        4.138451        0.028275
FIRE:  216 13:24:05        4.138418        0.028196
FIRE:  217 13:24:05        4.138392        0.028113
FIRE:  218 13:24:05        4.138363        0.028024
FIRE:  219 13:24:05        4.138324        0.027934
FIRE:  220 13:24:06        4.138264        0.027846
FIRE:  221 13:24:06        4.138179        0.027763
FIRE:  222 13:24:06        4.138071        0.027684
FIRE:  223 13:24:06        4.137951        0.027598
FIRE:  224 13:24:06        4.137823        0.027485
FIRE:  225 13:24:06        4.137666        0.027319
FIRE:  226 13:24:06        4.137456        0.027080
FIRE:  227 13:24:06        4.137202        0.026759
FIRE:  228 13:24:06        4.136922        0.026383
FIRE:  229 13:24:06        4.136571        0.026009
FIRE:  230 13:24:06        4.136146        0.025634
FIRE:  231 13:24:06        4.135665        0.025125
FIRE:  232 13:24:06        4.135074        0.024347
FIRE:  233 13:24:06        4.134411        0.023381
FIRE:  234 13:24:06        4.133632        0.022455
FIRE:  235 13:24:06        4.132752        0.021095
FIRE:  236 13:24:06        4.131782        0.019391
FIRE:  237 13:24:06        4.130802        0.022201
FIRE:  238 13:24:06        4.130124        0.053629
FIRE:  239 13:24:06        4.129646        0.015165
FIRE:  240 13:24:06        4.129908        0.043170
FIRE:  241 13:24:06        4.129784        0.033788
FIRE:  242 13:24:06        4.129633        0.017076
FIRE:  243 13:24:07        4.129571        0.015086
FIRE:  244 13:24:07        4.129570        0.015087
FIRE:  245 13:24:07        4.129567        0.015087
FIRE:  246 13:24:07        4.129564        0.015088
FIRE:  247 13:24:07        4.129559        0.015088
FIRE:  248 13:24:07        4.129554        0.015087
FIRE:  249 13:24:07        4.129547        0.015083
FIRE:  250 13:24:07        4.129540        0.015077
FIRE:  251 13:24:07        4.129531        0.015066
FIRE:  252 13:24:07        4.129519        0.015048
FIRE:  253 13:24:07        4.129504        0.015020
FIRE:  254 13:24:07        4.129486        0.014979
FIRE:  255 13:24:07        4.129463        0.014924
FIRE:  256 13:24:07        4.129434        0.014853
FIRE:  257 13:24:07        4.129400        0.014767
FIRE:  258 13:24:07        4.129357        0.014669
FIRE:  259 13:24:07        4.129305        0.014562
FIRE:  260 13:24:07        4.129242        0.014446
FIRE:  261 13:24:07        4.129166        0.014307
FIRE:  262 13:24:07        4.129074        0.014125
FIRE:  263 13:24:07        4.128963        0.013881
FIRE:  264 13:24:07        4.128832        0.013580
FIRE:  265 13:24:07        4.128676        0.013244
FIRE:  266 13:24:08        4.128493        0.012851
FIRE:  267 13:24:08        4.128281        0.012323
FIRE:  268 13:24:08        4.128038        0.011693
FIRE:  269 13:24:08        4.127764        0.011004
FIRE:  270 13:24:08        4.127464        0.010009
FIRE:  271 13:24:08        4.127162        0.011513
FIRE:  272 13:24:08        4.126983        0.031953
FIRE:  273 13:24:08        4.126815        0.007799
