      Step     Time          Energy          fmax
FIRE:    0 14:57:01      196.901213      108.183553
FIRE:    1 14:57:02      152.982936       82.449818
FIRE:    2 14:57:02      118.810547       60.315483
FIRE:    3 14:57:02       93.110721       42.244327
FIRE:    4 14:57:02       74.554104       28.311054
FIRE:    5 14:57:02       61.823164       18.774087
FIRE:    6 14:57:02       53.587183       16.383951
FIRE:    7 14:57:02       48.408657       15.473208
FIRE:    8 14:57:02       44.765964       16.663589
FIRE:    9 14:57:02       41.392467       17.394243
FIRE:   10 14:57:02       37.616147       16.330280
FIRE:   11 14:57:02       33.457175       13.725644
FIRE:   12 14:57:02       29.346213       10.302337
FIRE:   13 14:57:02       25.713020        8.852494
FIRE:   14 14:57:02       22.774415        7.964244
FIRE:   15 14:57:02       20.547606        7.275574
FIRE:   16 14:57:02       18.946967        6.710150
FIRE:   17 14:57:02       17.840246        6.172697
FIRE:   18 14:57:02       17.010985        8.162220
FIRE:   19 14:57:02       16.120164        9.699753
FIRE:   20 14:57:02       14.880126        9.408988
FIRE:   21 14:57:02       13.366879        7.408205
FIRE:   22 14:57:02       11.964857        4.716810
FIRE:   23 14:57:02       10.961280        2.505137
FIRE:   24 14:57:02       10.333503        2.154493
FIRE:   25 14:57:03        9.875680        2.179258
FIRE:   26 14:57:03        9.449321        1.852525
FIRE:   27 14:57:03        9.066511        1.491530
FIRE:   28 14:57:03        8.818070        1.117950
FIRE:   29 14:57:03        8.758482        0.940615
FIRE:   30 14:57:03        8.419327        1.079778
FIRE:   31 14:57:03        7.994377        1.156594
FIRE:   32 14:57:03        7.569205        1.000685
FIRE:   33 14:57:03        7.247058        0.819050
FIRE:   34 14:57:03        7.007551        1.012323
FIRE:   35 14:57:03        6.804513        1.245402
FIRE:   36 14:57:03        6.594408        0.899812
FIRE:   37 14:57:03        6.433208        0.499919
FIRE:   38 14:57:03        6.360956        0.387241
FIRE:   39 14:57:03        6.363118        0.522464
FIRE:   40 14:57:03        6.307272        0.285308
FIRE:   41 14:57:03        6.272184        0.251380
FIRE:   42 14:57:03        6.249659        0.286772
FIRE:   43 14:57:03        6.241385        0.210178
FIRE:   44 14:57:03        6.230788        0.147011
FIRE:   45 14:57:03        6.223007        0.150237
FIRE:   46 14:57:03        6.217778        0.141231
FIRE:   47 14:57:03        6.212631        0.156896
FIRE:   48 14:57:03        6.206492        0.186651
FIRE:   49 14:57:04        6.199029        0.178802
FIRE:   50 14:57:04        6.189679        0.154548
FIRE:   51 14:57:04        6.180218        0.150224
FIRE:   52 14:57:04        6.168977        0.182808
FIRE:   53 14:57:04        6.151362        0.162880
FIRE:   54 14:57:04        6.130756        0.155812
FIRE:   55 14:57:04        6.104728        0.202771
FIRE:   56 14:57:04        6.061572        0.246560
FIRE:   57 14:57:04        5.990881        0.240377
FIRE:   58 14:57:04        5.898495        0.271341
FIRE:   59 14:57:04        5.787367        0.323481
FIRE:   60 14:57:04        5.661984        0.345034
FIRE:   61 14:57:04        5.525434        0.361147
FIRE:   62 14:57:04        5.382388        0.378617
FIRE:   63 14:57:04        5.239956        0.389424
FIRE:   64 14:57:04        5.105890        0.390346
FIRE:   65 14:57:04        4.989331        0.383798
FIRE:   66 14:57:04        4.895313        0.374659
FIRE:   67 14:57:04        4.818895        0.370616
FIRE:   68 14:57:04        4.743593        0.392036
FIRE:   69 14:57:04        4.649168        0.501705
FIRE:   70 14:57:04        4.524253        0.564132
FIRE:   71 14:57:04        4.369838        0.580343
FIRE:   72 14:57:04        4.192057        0.562123
FIRE:   73 14:57:04        3.996845        0.556494
FIRE:   74 14:57:04        3.787589        0.611473
FIRE:   75 14:57:05        3.565818        0.664932
FIRE:   76 14:57:05        3.332170        0.713133
FIRE:   77 14:57:05        3.087117        0.753225
FIRE:   78 14:57:05        2.831703        0.782903
FIRE:   79 14:57:05        2.568192        0.799860
FIRE:   80 14:57:05        2.300524        0.801668
FIRE:   81 14:57:05        2.034147        0.787485
FIRE:   82 14:57:05        1.774990        0.757690
FIRE:   83 14:57:05        1.530324        0.704629
FIRE:   84 14:57:05        1.307338        0.633866
FIRE:   85 14:57:05        1.109263        0.549202
FIRE:   86 14:57:05        0.936771        0.487976
FIRE:   87 14:57:05        0.789325        0.421648
FIRE:   88 14:57:05        0.665706        0.452611
FIRE:   89 14:57:05        0.562644        0.486862
FIRE:   90 14:57:05        0.473695        0.512545
FIRE:   91 14:57:05        0.390868        0.526102
FIRE:   92 14:57:05        0.307526        0.525909
FIRE:   93 14:57:05        0.220314        0.512113
FIRE:   94 14:57:05        0.130463        0.484034
FIRE:   95 14:57:05        0.043701        0.441214
FIRE:   96 14:57:05       -0.031100        0.385511
FIRE:   97 14:57:05       -0.084758        0.320051
FIRE:   98 14:57:05       -0.112124        0.250257
FIRE:   99 14:57:05       -0.113909        0.308215
FIRE:  100 14:57:06       -0.145094        0.268843
FIRE:  101 14:57:06       -0.171303        0.110079
FIRE:  102 14:57:06       -0.174709        0.122960
FIRE:  103 14:57:06       -0.176011        0.103669
FIRE:  104 14:57:06       -0.177914        0.068938
FIRE:  105 14:57:06       -0.179436        0.044008
FIRE:  106 14:57:06       -0.179912        0.038429
FIRE:  107 14:57:06       -0.179936        0.038225
FIRE:  108 14:57:06       -0.179982        0.037820
FIRE:  109 14:57:06       -0.180046        0.037216
FIRE:  110 14:57:06       -0.180125        0.036420
FIRE:  111 14:57:06       -0.180213        0.035436
FIRE:  112 14:57:06       -0.180305        0.034273
FIRE:  113 14:57:06       -0.180400        0.032940
FIRE:  114 14:57:06       -0.180504        0.031289
FIRE:  115 14:57:06       -0.180619        0.029282
FIRE:  116 14:57:06       -0.180748        0.026898
FIRE:  117 14:57:06       -0.180895        0.024143
FIRE:  118 14:57:06       -0.181062        0.023229
FIRE:  119 14:57:06       -0.181249        0.024913
FIRE:  120 14:57:06       -0.181446        0.026375
FIRE:  121 14:57:06       -0.181647        0.027332
FIRE:  122 14:57:06       -0.181862        0.027456
FIRE:  123 14:57:06       -0.182113        0.026441
FIRE:  124 14:57:06       -0.182415        0.023979
FIRE:  125 14:57:07       -0.182753        0.019796
FIRE:  126 14:57:07       -0.183105        0.013848
FIRE:  127 14:57:07       -0.183445        0.007659
