      Step     Time          Energy          fmax
FIRE:    0 01:16:36      178.892518      160.697428
FIRE:    1 01:16:36      132.677258       73.280245
FIRE:    2 01:16:36      114.546442       31.998141
FIRE:    3 01:16:36      112.158611       52.729871
FIRE:    4 01:16:36      100.373048       27.560632
FIRE:    5 01:16:36       96.084827       34.061597
FIRE:    6 01:16:36       85.813782       26.329989
FIRE:    7 01:16:36       75.697744       20.720603
FIRE:    8 01:16:36       68.352345       18.792626
FIRE:    9 01:16:36       62.340272       17.115952
FIRE:   10 01:16:36       56.528245       15.510921
FIRE:   11 01:16:36       51.240878       14.102567
FIRE:   12 01:16:36       47.041768       13.004536
FIRE:   13 01:16:36       43.767536       12.169446
FIRE:   14 01:16:36       40.818415       11.460454
FIRE:   15 01:16:36       37.810155       10.778330
FIRE:   16 01:16:36       34.804240       10.116985
FIRE:   17 01:16:37       32.022819        9.502790
FIRE:   18 01:16:37       29.469428        8.914846
FIRE:   19 01:16:37       26.959038        8.298539
FIRE:   20 01:16:37       24.412114        7.627766
FIRE:   21 01:16:37       21.950587        6.932398
FIRE:   22 01:16:37       19.748020        6.257423
FIRE:   23 01:16:37       17.868313        5.626249
FIRE:   24 01:16:37       16.250226        5.031921
FIRE:   25 01:16:37       14.816205        4.452240
FIRE:   26 01:16:37       13.547195        3.883872
FIRE:   27 01:16:37       12.459742        3.336729
FIRE:   28 01:16:37       11.551181        2.815483
FIRE:   29 01:16:37       10.785176        2.311934
FIRE:   30 01:16:37       10.126324        1.820996
FIRE:   31 01:16:37        9.565755        1.348900
FIRE:   32 01:16:37        9.113379        0.970792
FIRE:   33 01:16:37        8.775616        0.705124
FIRE:   34 01:16:37        8.545973        0.705198
FIRE:   35 01:16:37        8.408585        0.844652
FIRE:   36 01:16:37        8.343370        0.943748
FIRE:   37 01:16:37        8.329861        0.999414
FIRE:   38 01:16:37        8.084730        0.913733
FIRE:   39 01:16:37        7.817200        0.964980
FIRE:   40 01:16:37        7.548829        1.045154
FIRE:   41 01:16:37        7.282265        1.099792
FIRE:   42 01:16:37        7.010168        1.129683
FIRE:   43 01:16:37        6.735302        1.146219
FIRE:   44 01:16:37        6.459111        1.157571
FIRE:   45 01:16:38        6.188976        1.164087
FIRE:   46 01:16:38        5.935015        1.160872
FIRE:   47 01:16:38        5.699513        1.143202
FIRE:   48 01:16:38        5.476478        1.108513
FIRE:   49 01:16:38        5.248909        1.064271
FIRE:   50 01:16:38        5.009985        1.010564
FIRE:   51 01:16:38        4.774910        0.946032
FIRE:   52 01:16:38        4.557435        0.868569
FIRE:   53 01:16:38        4.356539        0.778185
FIRE:   54 01:16:38        4.170067        0.685558
FIRE:   55 01:16:38        4.006464        0.579180
FIRE:   56 01:16:38        3.880134        0.445734
FIRE:   57 01:16:38        3.794608        0.382470
FIRE:   58 01:16:38        3.734584        0.450189
FIRE:   59 01:16:38        3.692228        0.335100
FIRE:   60 01:16:38        3.691913        0.229876
FIRE:   61 01:16:38        3.674632        0.531956
FIRE:   62 01:16:38        3.653509        0.371221
FIRE:   63 01:16:38        3.647274        0.213580
FIRE:   64 01:16:38        3.643491        0.080312
FIRE:   65 01:16:38        3.645346        0.222030
FIRE:   66 01:16:38        3.644676        0.198795
FIRE:   67 01:16:38        3.643586        0.154767
FIRE:   68 01:16:38        3.642478        0.094736
FIRE:   69 01:16:38        3.641733        0.068711
FIRE:   70 01:16:38        3.641520        0.065814
FIRE:   71 01:16:38        3.641503        0.065741
FIRE:   72 01:16:38        3.641470        0.065596
FIRE:   73 01:16:38        3.641422        0.065377
FIRE:   74 01:16:38        3.641361        0.065085
FIRE:   75 01:16:38        3.641289        0.064718
FIRE:   76 01:16:38        3.641208        0.064276
FIRE:   77 01:16:39        3.641119        0.063757
FIRE:   78 01:16:39        3.641014        0.063091
FIRE:   79 01:16:39        3.640889        0.062246
FIRE:   80 01:16:39        3.640741        0.061179
FIRE:   81 01:16:39        3.640563        0.059846
FIRE:   82 01:16:39        3.640345        0.058196
FIRE:   83 01:16:39        3.640078        0.056176
FIRE:   84 01:16:39        3.639748        0.053726
FIRE:   85 01:16:39        3.639348        0.055005
FIRE:   86 01:16:39        3.638874        0.056488
FIRE:   87 01:16:39        3.638324        0.058085
FIRE:   88 01:16:39        3.637684        0.059860
FIRE:   89 01:16:39        3.636929        0.061866
FIRE:   90 01:16:39        3.636038        0.064045
FIRE:   91 01:16:39        3.635008        0.066087
FIRE:   92 01:16:39        3.633825        0.067360
FIRE:   93 01:16:39        3.632444        0.067130
FIRE:   94 01:16:39        3.630848        0.064964
FIRE:   95 01:16:39        3.629033        0.061071
FIRE:   96 01:16:39        3.626975        0.055633
FIRE:   97 01:16:39        3.624736        0.047328
FIRE:   98 01:16:39        3.622369        0.035817
FIRE:   99 01:16:39        3.619988        0.040701
FIRE:  100 01:16:39        3.617816        0.045395
FIRE:  101 01:16:39        3.616968        0.146301
FIRE:  102 01:16:39        3.615654        0.037125
FIRE:  103 01:16:39        3.616507        0.126084
FIRE:  104 01:16:39        3.616105        0.097009
FIRE:  105 01:16:39        3.615643        0.045612
FIRE:  106 01:16:39        3.615502        0.033701
FIRE:  107 01:16:39        3.615498        0.033652
FIRE:  108 01:16:39        3.615491        0.033555
FIRE:  109 01:16:40        3.615481        0.033410
FIRE:  110 01:16:40        3.615470        0.033217
FIRE:  111 01:16:40        3.615457        0.032977
FIRE:  112 01:16:40        3.615443        0.032688
FIRE:  113 01:16:40        3.615429        0.032352
FIRE:  114 01:16:40        3.615412        0.031930
FIRE:  115 01:16:40        3.615391        0.031407
FIRE:  116 01:16:40        3.615364        0.030767
FIRE:  117 01:16:40        3.615331        0.029993
FIRE:  118 01:16:40        3.615289        0.029060
FIRE:  119 01:16:40        3.615241        0.027944
FIRE:  120 01:16:40        3.615187        0.026614
FIRE:  121 01:16:40        3.615123        0.025052
FIRE:  122 01:16:40        3.615048        0.023247
FIRE:  123 01:16:40        3.614963        0.021193
FIRE:  124 01:16:40        3.614869        0.018903
FIRE:  125 01:16:40        3.614761        0.017793
FIRE:  126 01:16:40        3.614640        0.018841
FIRE:  127 01:16:40        3.614507        0.019594
FIRE:  128 01:16:40        3.614354        0.019873
FIRE:  129 01:16:40        3.614185        0.019419
FIRE:  130 01:16:40        3.613996        0.018069
FIRE:  131 01:16:40        3.613793        0.015727
FIRE:  132 01:16:40        3.613584        0.012424
FIRE:  133 01:16:40        3.613389        0.010873
FIRE:  134 01:16:40        3.613262        0.030414
FIRE:  135 01:16:40        3.613206        0.009641
