      Step     Time          Energy          fmax
FIRE:    0 12:37:57       84.105860       36.902654
FIRE:    1 12:37:57       58.986098       25.743818
FIRE:    2 12:37:57       41.526136       17.806331
FIRE:    3 12:37:57       29.485338       12.224719
FIRE:    4 12:37:57       21.242026        8.341542
FIRE:    5 12:37:57       15.647121        5.669354
FIRE:    6 12:37:57       11.904945        3.878368
FIRE:    7 12:37:57        9.472501        2.810286
FIRE:    8 12:37:57        7.967804        2.436259
FIRE:    9 12:37:57        7.094131        2.574817
FIRE:   10 12:37:57        6.605171        2.819890
FIRE:   11 12:37:57        6.327496        2.874428
FIRE:   12 12:37:57        6.195197        2.677892
FIRE:   13 12:37:57        5.781288        2.259950
FIRE:   14 12:37:57        5.176007        1.666844
FIRE:   15 12:37:57        4.616457        1.168347
FIRE:   16 12:37:57        4.213699        0.874535
FIRE:   17 12:37:57        3.963489        0.719491
FIRE:   18 12:37:58        3.802269        0.674025
FIRE:   19 12:37:58        3.653796        0.839423
FIRE:   20 12:37:58        3.448491        0.846177
FIRE:   21 12:37:58        3.177270        0.671368
FIRE:   22 12:37:58        2.916795        0.675172
FIRE:   23 12:37:58        2.730673        0.855996
FIRE:   24 12:37:58        2.603558        0.967762
FIRE:   25 12:37:58        2.478080        1.013770
FIRE:   26 12:37:58        2.304057        1.000544
FIRE:   27 12:37:58        2.081508        0.931268
FIRE:   28 12:37:58        1.863129        0.807324
FIRE:   29 12:37:58        1.701927        0.636266
FIRE:   30 12:37:58        1.587173        0.486067
FIRE:   31 12:37:59        1.445909        0.501498
FIRE:   32 12:37:59        1.265082        0.544270
FIRE:   33 12:37:59        1.127284        0.659048
FIRE:   34 12:37:59        1.061818        0.775360
FIRE:   35 12:37:59        0.992852        0.834971
FIRE:   36 12:37:59        0.866178        0.785078
FIRE:   37 12:37:59        0.758630        0.669061
FIRE:   38 12:37:59        0.729261        0.545901
FIRE:   39 12:37:59        0.640888        0.491755
FIRE:   40 12:37:59        0.586681        0.416396
FIRE:   41 12:37:59        0.575292        0.312948
FIRE:   42 12:37:59        0.567220        0.304551
FIRE:   43 12:37:59        0.554263        0.289791
FIRE:   44 12:37:59        0.541008        0.271844
FIRE:   45 12:37:59        0.530753        0.253748
FIRE:   46 12:37:59        0.523437        0.237493
FIRE:   47 12:37:59        0.516357        0.223616
FIRE:   48 12:37:59        0.507078        0.211989
FIRE:   49 12:37:59        0.493747        0.201808
FIRE:   50 12:37:59        0.477449        0.193753
FIRE:   51 12:38:00        0.460087        0.187291
FIRE:   52 12:38:00        0.440849        0.179219
FIRE:   53 12:38:00        0.417133        0.166389
FIRE:   54 12:38:00        0.392088        0.150305
FIRE:   55 12:38:00        0.369864        0.136521
FIRE:   56 12:38:00        0.341525        0.128496
FIRE:   57 12:38:00        0.312733        0.128527
FIRE:   58 12:38:00        0.288561        0.120174
FIRE:   59 12:38:00        0.265192        0.095456
FIRE:   60 12:38:00        0.245340        0.074959
FIRE:   61 12:38:00        0.230969        0.057340
FIRE:   62 12:38:00        0.216361        0.039434
FIRE:   63 12:38:00        0.207943        0.074423
FIRE:   64 12:38:00        0.199277        0.064953
FIRE:   65 12:38:00        0.192670        0.069562
FIRE:   66 12:38:00        0.204321        0.248114
FIRE:   67 12:38:00        0.214446        0.299944
FIRE:   68 12:38:00        0.191076        0.134313
FIRE:   69 12:38:00        0.190145        0.112452
FIRE:   70 12:38:00        0.188940        0.095725
FIRE:   71 12:38:00        0.187200        0.064863
FIRE:   72 12:38:01        0.185887        0.025164
FIRE:   73 12:38:01        0.185715        0.020982
FIRE:   74 12:38:01        0.185706        0.020995
FIRE:   75 12:38:01        0.185689        0.021020
FIRE:   76 12:38:01        0.185666        0.021057
FIRE:   77 12:38:01        0.185640        0.021102
FIRE:   78 12:38:01        0.185614        0.021154
FIRE:   79 12:38:01        0.185590        0.021208
FIRE:   80 12:38:01        0.185570        0.021256
FIRE:   81 12:38:01        0.185553        0.021295
FIRE:   82 12:38:01        0.185541        0.021308
FIRE:   83 12:38:01        0.185529        0.021277
FIRE:   84 12:38:01        0.185514        0.021186
FIRE:   85 12:38:01        0.185489        0.021019
FIRE:   86 12:38:01        0.185452        0.020763
FIRE:   87 12:38:01        0.185403        0.020409
FIRE:   88 12:38:01        0.185351        0.019963
FIRE:   89 12:38:01        0.185301        0.019465
FIRE:   90 12:38:02        0.185246        0.018996
FIRE:   91 12:38:02        0.185167        0.018633
FIRE:   92 12:38:02        0.185060        0.018434
FIRE:   93 12:38:02        0.184942        0.018410
FIRE:   94 12:38:02        0.184809        0.018447
FIRE:   95 12:38:02        0.184630        0.018421
FIRE:   96 12:38:02        0.184425        0.018389
FIRE:   97 12:38:02        0.184180        0.018667
FIRE:   98 12:38:02        0.183871        0.019347
FIRE:   99 12:38:02        0.183507        0.019888
FIRE:  100 12:38:02        0.183065        0.019971
FIRE:  101 12:38:02        0.182518        0.020429
FIRE:  102 12:38:02        0.181857        0.020185
FIRE:  103 12:38:03        0.181075        0.019187
FIRE:  104 12:38:03        0.180294        0.025941
FIRE:  105 12:38:03        0.180622        0.070747
FIRE:  106 12:38:03        0.178929        0.019276
FIRE:  107 12:38:03        0.178911        0.019239
FIRE:  108 12:38:03        0.178885        0.019185
FIRE:  109 12:38:03        0.178861        0.019154
FIRE:  110 12:38:03        0.178835        0.019185
FIRE:  111 12:38:03        0.178797        0.019297
FIRE:  112 12:38:03        0.178744        0.019482
FIRE:  113 12:38:03        0.178684        0.019712
FIRE:  114 12:38:03        0.178617        0.019958
FIRE:  115 12:38:03        0.178533        0.020138
FIRE:  116 12:38:03        0.178420        0.020193
FIRE:  117 12:38:04        0.178282        0.020143
FIRE:  118 12:38:04        0.178117        0.020132
FIRE:  119 12:38:04        0.177903        0.020255
FIRE:  120 12:38:04        0.177648        0.020329
FIRE:  121 12:38:04        0.177325        0.020019
FIRE:  122 12:38:04        0.176937        0.019586
FIRE:  123 12:38:04        0.176460        0.019581
FIRE:  124 12:38:04        0.175879        0.019216
FIRE:  125 12:38:04        0.175180        0.019299
FIRE:  126 12:38:04        0.174383        0.018733
FIRE:  127 12:38:04        0.173890        0.039174
FIRE:  128 12:38:04        0.173342        0.018791
FIRE:  129 12:38:04        0.173335        0.018795
FIRE:  130 12:38:04        0.173322        0.018800
FIRE:  131 12:38:04        0.173303        0.018800
FIRE:  132 12:38:04        0.173278        0.018785
FIRE:  133 12:38:04        0.173247        0.018752
FIRE:  134 12:38:04        0.173209        0.018699
FIRE:  135 12:38:04        0.173164        0.018632
FIRE:  136 12:38:04        0.173109        0.018555
FIRE:  137 12:38:04        0.173039        0.018479
FIRE:  138 12:38:05        0.172950        0.018419
FIRE:  139 12:38:05        0.172841        0.018366
FIRE:  140 12:38:05        0.172705        0.018290
FIRE:  141 12:38:05        0.172537        0.018160
FIRE:  142 12:38:05        0.172331        0.018006
FIRE:  143 12:38:05        0.172078        0.017893
FIRE:  144 12:38:05        0.171772        0.017763
FIRE:  145 12:38:05        0.171402        0.017486
FIRE:  146 12:38:05        0.170957        0.017226
FIRE:  147 12:38:05        0.170428        0.016736
FIRE:  148 12:38:05        0.169817        0.016401
FIRE:  149 12:38:05        0.169276        0.022874
FIRE:  150 12:38:05        0.170342        0.076173
FIRE:  151 12:38:06        0.168382        0.014993
FIRE:  152 12:38:06        0.168339        0.014726
FIRE:  153 12:38:06        0.168295        0.014856
FIRE:  154 12:38:06        0.168287        0.015007
FIRE:  155 12:38:06        0.168284        0.015000
FIRE:  156 12:38:06        0.168280        0.014986
FIRE:  157 12:38:06        0.168274        0.014966
FIRE:  158 12:38:06        0.168267        0.014943
FIRE:  159 12:38:06        0.168260        0.014919
FIRE:  160 12:38:06        0.168254        0.014895
FIRE:  161 12:38:06        0.168246        0.014876
FIRE:  162 12:38:06        0.168237        0.014861
FIRE:  163 12:38:07        0.168225        0.014852
FIRE:  164 12:38:07        0.168209        0.014852
FIRE:  165 12:38:07        0.168188        0.014861
FIRE:  166 12:38:07        0.168163        0.014875
FIRE:  167 12:38:07        0.168133        0.014885
FIRE:  168 12:38:07        0.168097        0.014879
FIRE:  169 12:38:07        0.168051        0.014845
FIRE:  170 12:38:07        0.167995        0.014785
FIRE:  171 12:38:07        0.167928        0.014719
FIRE:  172 12:38:07        0.167845        0.014672
FIRE:  173 12:38:07        0.167744        0.014644
FIRE:  174 12:38:08        0.167623        0.014587
FIRE:  175 12:38:08        0.167474        0.014467
FIRE:  176 12:38:08        0.167295        0.014349
FIRE:  177 12:38:08        0.167080        0.014282
FIRE:  178 12:38:08        0.166819        0.014176
FIRE:  179 12:38:08        0.166506        0.014123
FIRE:  180 12:38:08        0.166129        0.014143
FIRE:  181 12:38:08        0.165698        0.014328
FIRE:  182 12:38:08        0.165424        0.029364
FIRE:  183 12:38:08        0.165121        0.014625
FIRE:  184 12:38:08        0.165117        0.014619
FIRE:  185 12:38:08        0.165110        0.014608
FIRE:  186 12:38:08        0.165099        0.014595
FIRE:  187 12:38:09        0.165086        0.014581
FIRE:  188 12:38:09        0.165068        0.014570
FIRE:  189 12:38:09        0.165048        0.014562
FIRE:  190 12:38:09        0.165023        0.014559
FIRE:  191 12:38:09        0.164993        0.014560
FIRE:  192 12:38:09        0.164954        0.014563
FIRE:  193 12:38:09        0.164904        0.014571
FIRE:  194 12:38:09        0.164842        0.014588
FIRE:  195 12:38:09        0.164765        0.014633
FIRE:  196 12:38:09        0.164668        0.014725
FIRE:  197 12:38:09        0.164547        0.014873
FIRE:  198 12:38:09        0.164396        0.015062
FIRE:  199 12:38:09        0.164207        0.015318
FIRE:  200 12:38:09        0.163969        0.015702
FIRE:  201 12:38:09        0.163670        0.016150
FIRE:  202 12:38:09        0.163288        0.016749
FIRE:  203 12:38:09        0.162797        0.017530
FIRE:  204 12:38:09        0.162155        0.018526
FIRE:  205 12:38:09        0.161310        0.020197
FIRE:  206 12:38:09        0.160516        0.033523
FIRE:  207 12:38:09        0.169047        0.182415
FIRE:  208 12:38:10        0.163891        0.130518
FIRE:  209 12:38:10        0.160338        0.075318
FIRE:  210 12:38:10        0.158628        0.023793
FIRE:  211 12:38:10        0.158614        0.023753
FIRE:  212 12:38:10        0.158590        0.023681
FIRE:  213 12:38:10        0.158563        0.023588
FIRE:  214 12:38:10        0.158539        0.023496
FIRE:  215 12:38:10        0.158520        0.023429
FIRE:  216 12:38:10        0.158503        0.023409
FIRE:  217 12:38:10        0.158481        0.023447
FIRE:  218 12:38:10        0.158448        0.023557
FIRE:  219 12:38:10        0.158399        0.023750
FIRE:  220 12:38:10        0.158337        0.024026
FIRE:  221 12:38:10        0.158269        0.024357
FIRE:  222 12:38:10        0.158192        0.024671
FIRE:  223 12:38:10        0.158092        0.024885
FIRE:  224 12:38:10        0.157957        0.024965
FIRE:  225 12:38:10        0.157798        0.024986
FIRE:  226 12:38:10        0.157608        0.025163
FIRE:  227 12:38:10        0.157357        0.025636
FIRE:  228 12:38:10        0.157057        0.026252
FIRE:  229 12:38:10        0.156677        0.026533
FIRE:  230 12:38:10        0.156207        0.026491
FIRE:  231 12:38:11        0.155609        0.026935
FIRE:  232 12:38:11        0.154874        0.027624
FIRE:  233 12:38:11        0.153954        0.027629
FIRE:  234 12:38:11        0.152825        0.028856
FIRE:  235 12:38:11        0.151551        0.028060
FIRE:  236 12:38:11        0.150890        0.064969
FIRE:  237 12:38:11        0.149615        0.029149
FIRE:  238 12:38:11        0.149600        0.029181
FIRE:  239 12:38:11        0.149573        0.029238
FIRE:  240 12:38:11        0.149533        0.029305
FIRE:  241 12:38:11        0.149481        0.029364
FIRE:  242 12:38:11        0.149415        0.029403
FIRE:  243 12:38:11        0.149335        0.029414
FIRE:  244 12:38:11        0.149242        0.029405
FIRE:  245 12:38:11        0.149125        0.029388
FIRE:  246 12:38:11        0.148977        0.029387
FIRE:  247 12:38:11        0.148790        0.029423
FIRE:  248 12:38:11        0.148556        0.029489
FIRE:  249 12:38:11        0.148265        0.029525
FIRE:  250 12:38:11        0.147904        0.029469
FIRE:  251 12:38:11        0.147458        0.029351
FIRE:  252 12:38:11        0.146908        0.029265
FIRE:  253 12:38:11        0.146234        0.029116
FIRE:  254 12:38:12        0.145412        0.028709
FIRE:  255 12:38:12        0.144416        0.028369
FIRE:  256 12:38:12        0.143219        0.027649
FIRE:  257 12:38:12        0.141810        0.027008
FIRE:  258 12:38:12        0.140354        0.026054
FIRE:  259 12:38:12        0.141012        0.098079
FIRE:  260 12:38:12        0.138483        0.022831
FIRE:  261 12:38:12        0.138423        0.023019
FIRE:  262 12:38:12        0.138359        0.023344
FIRE:  263 12:38:12        0.138337        0.023697
FIRE:  264 12:38:12        0.138333        0.023678
FIRE:  265 12:38:12        0.138325        0.023640
FIRE:  266 12:38:12        0.138315        0.023588
FIRE:  267 12:38:12        0.138303        0.023524
FIRE:  268 12:38:12        0.138290        0.023456
FIRE:  269 12:38:12        0.138276        0.023389
FIRE:  270 12:38:12        0.138260        0.023329
FIRE:  271 12:38:12        0.138240        0.023278
FIRE:  272 12:38:12        0.138214        0.023242
FIRE:  273 12:38:12        0.138181        0.023225
FIRE:  274 12:38:12        0.138138        0.023229
FIRE:  275 12:38:13        0.138086        0.023244
FIRE:  276 12:38:13        0.138025        0.023243
FIRE:  277 12:38:13        0.137949        0.023192
FIRE:  278 12:38:13        0.137854        0.023058
FIRE:  279 12:38:13        0.137738        0.022840
FIRE:  280 12:38:13        0.137599        0.022588
FIRE:  281 12:38:13        0.137430        0.022375
FIRE:  282 12:38:13        0.137225        0.022194
FIRE:  283 12:38:13        0.136981        0.021881
FIRE:  284 12:38:13        0.136688        0.021308
FIRE:  285 12:38:13        0.136344        0.020680
FIRE:  286 12:38:13        0.135939        0.020129
FIRE:  287 12:38:13        0.135471        0.019090
FIRE:  288 12:38:13        0.134937        0.018141
FIRE:  289 12:38:13        0.134342        0.016659
FIRE:  290 12:38:13        0.133737        0.015730
FIRE:  291 12:38:13        0.133564        0.045143
FIRE:  292 12:38:13        0.133037        0.013495
FIRE:  293 12:38:13        0.133034        0.013463
FIRE:  294 12:38:13        0.133028        0.013405
FIRE:  295 12:38:13        0.133021        0.013333
FIRE:  296 12:38:13        0.133011        0.013260
FIRE:  297 12:38:13        0.132999        0.013198
FIRE:  298 12:38:14        0.132983        0.013149
FIRE:  299 12:38:14        0.132966        0.013110
FIRE:  300 12:38:14        0.132944        0.013062
FIRE:  301 12:38:14        0.132917        0.012981
FIRE:  302 12:38:14        0.132883        0.012844
FIRE:  303 12:38:14        0.132841        0.012652
FIRE:  304 12:38:14        0.132790        0.012444
FIRE:  305 12:38:14        0.132727        0.012258
FIRE:  306 12:38:14        0.132652        0.012052
FIRE:  307 12:38:14        0.132561        0.011724
FIRE:  308 12:38:14        0.132454        0.011329
FIRE:  309 12:38:14        0.132329        0.010993
FIRE:  310 12:38:14        0.132185        0.010389
FIRE:  311 12:38:14        0.132022        0.009880
