      Step     Time          Energy          fmax
FIRE:    0 13:25:43      170.522607       93.832727
FIRE:    1 13:25:43      131.196024       55.102911
FIRE:    2 13:25:43      106.851232       30.091653
FIRE:    3 13:25:43       92.360396       25.860174
FIRE:    4 13:25:43       84.645288       24.107499
FIRE:    5 13:25:43       81.379868       23.118749
FIRE:    6 13:25:43       80.240010       22.490656
FIRE:    7 13:25:44       72.861016       21.188328
FIRE:    8 13:25:44       66.711276       20.016546
FIRE:    9 13:25:44       62.877831       19.139621
FIRE:   10 13:25:44       58.948487       18.093027
FIRE:   11 13:25:44       53.968931       16.722633
FIRE:   12 13:25:44       48.753824       15.238364
FIRE:   13 13:25:44       44.183822       13.856189
FIRE:   14 13:25:44       40.475845       12.646083
FIRE:   15 13:25:44       37.365539       11.567559
FIRE:   16 13:25:44       34.489016       10.550876
FIRE:   17 13:25:44       31.673250        9.560345
FIRE:   18 13:25:45       28.970416        8.602965
FIRE:   19 13:25:45       26.521441        7.705382
FIRE:   20 13:25:45       24.412224        6.884051
FIRE:   21 13:25:45       22.619507        6.128596
FIRE:   22 13:25:45       21.053627        5.412035
FIRE:   23 13:25:45       19.640967        4.715175
FIRE:   24 13:25:45       18.364677        4.039663
FIRE:   25 13:25:45       17.245827        3.399787
FIRE:   26 13:25:45       16.301245        2.809322
FIRE:   27 13:25:45       15.516265        2.275112
FIRE:   28 13:25:45       14.851192        1.795652
FIRE:   29 13:25:45       14.266559        1.367950
FIRE:   30 13:25:45       13.735944        1.263212
FIRE:   31 13:25:45       13.240373        1.366118
FIRE:   32 13:25:45       12.759421        1.415219
FIRE:   33 13:25:45       12.279188        1.364517
FIRE:   34 13:25:45       11.810680        1.162600
FIRE:   35 13:25:45       11.404093        1.118661
FIRE:   36 13:25:45       11.143417        0.993973
FIRE:   37 13:25:45       11.106682        0.796277
FIRE:   38 13:25:45       11.015238        0.503804
FIRE:   39 13:25:45       11.004553        0.493353
FIRE:   40 13:25:46       10.990980        0.475668
FIRE:   41 13:25:46       10.981091        0.458046
FIRE:   42 13:25:46       10.971012        0.450395
FIRE:   43 13:25:46       10.952691        0.457730
FIRE:   44 13:25:46       10.926281        0.478751
FIRE:   45 13:25:46       10.898514        0.506933
FIRE:   46 13:25:46       10.868030        0.534874
FIRE:   47 13:25:46       10.825892        0.552016
FIRE:   48 13:25:46       10.766213        0.554735
FIRE:   49 13:25:46       10.693770        0.554729
FIRE:   50 13:25:46       10.596325        0.582999
FIRE:   51 13:25:46       10.467180        0.647885
FIRE:   52 13:25:46       10.333396        0.703477
FIRE:   53 13:25:46       10.186840        0.736366
FIRE:   54 13:25:46       10.034359        0.762750
FIRE:   55 13:25:46        9.873066        0.801774
FIRE:   56 13:25:46        9.702090        0.852619
FIRE:   57 13:25:46        9.523795        0.903639
FIRE:   58 13:25:46        9.336454        0.947402
FIRE:   59 13:25:46        9.140106        0.984425
FIRE:   60 13:25:46        8.935900        1.019279
FIRE:   61 13:25:46        8.723619        1.055699
FIRE:   62 13:25:47        8.503145        1.094913
FIRE:   63 13:25:47        8.274757        1.136370
FIRE:   64 13:25:47        8.039039        1.169896
FIRE:   65 13:25:47        7.798298        1.191158
FIRE:   66 13:25:47        7.553989        1.205959
FIRE:   67 13:25:47        7.307188        1.213373
FIRE:   68 13:25:47        7.059425        1.212187
FIRE:   69 13:25:47        6.812542        1.201573
FIRE:   70 13:25:47        6.568688        1.180464
FIRE:   71 13:25:47        6.330326        1.147718
FIRE:   72 13:25:47        6.100041        1.103598
FIRE:   73 13:25:47        5.880094        1.049081
FIRE:   74 13:25:47        5.673666        0.970002
FIRE:   75 13:25:47        5.486259        0.862979
FIRE:   76 13:25:47        5.321345        0.739191
FIRE:   77 13:25:47        5.180238        0.600018
FIRE:   78 13:25:47        5.061880        0.449424
FIRE:   79 13:25:47        4.960933        0.302059
FIRE:   80 13:25:47        4.866636        0.376726
FIRE:   81 13:25:47        4.763818        0.453291
FIRE:   82 13:25:47        4.636880        0.521226
FIRE:   83 13:25:47        4.475911        0.569166
FIRE:   84 13:25:48        4.282496        0.584051
FIRE:   85 13:25:48        4.071709        0.555269
FIRE:   86 13:25:48        3.866453        0.476193
FIRE:   87 13:25:48        3.688136        0.358794
FIRE:   88 13:25:48        3.547027        0.447939
FIRE:   89 13:25:48        3.444582        0.518362
FIRE:   90 13:25:48        3.376698        0.537406
FIRE:   91 13:25:48        3.340225        0.482036
FIRE:   92 13:25:48        3.340927        0.340011
FIRE:   93 13:25:48        3.308363        0.395585
FIRE:   94 13:25:48        3.266205        0.139356
FIRE:   95 13:25:48        3.269457        0.197838
FIRE:   96 13:25:48        3.264241        0.156674
FIRE:   97 13:25:48        3.257205        0.099662
FIRE:   98 13:25:48        3.252577        0.087142
FIRE:   99 13:25:48        3.251896        0.093444
FIRE:  100 13:25:48        3.251643        0.088195
FIRE:  101 13:25:48        3.251182        0.079670
FIRE:  102 13:25:48        3.250590        0.080709
FIRE:  103 13:25:48        3.249954        0.081882
FIRE:  104 13:25:48        3.249352        0.082989
FIRE:  105 13:25:49        3.248822        0.083770
FIRE:  106 13:25:49        3.248357        0.083944
FIRE:  107 13:25:49        3.247867        0.083193
FIRE:  108 13:25:49        3.247288        0.081132
FIRE:  109 13:25:49        3.246568        0.077421
FIRE:  110 13:25:49        3.245713        0.071843
FIRE:  111 13:25:49        3.244810        0.064435
FIRE:  112 13:25:49        3.243965        0.055725
FIRE:  113 13:25:49        3.243201        0.046750
FIRE:  114 13:25:49        3.242540        0.038240
FIRE:  115 13:25:49        3.242168        0.029496
FIRE:  116 13:25:49        3.242072        0.028215
FIRE:  117 13:25:49        3.242027        0.024769
FIRE:  118 13:25:49        3.241954        0.018324
FIRE:  119 13:25:49        3.241877        0.014560
FIRE:  120 13:25:49        3.241819        0.012825
FIRE:  121 13:25:49        3.241788        0.011038
FIRE:  122 13:25:49        3.241772        0.014906
FIRE:  123 13:25:49        3.241755        0.017659
FIRE:  124 13:25:50        3.241725        0.017160
FIRE:  125 13:25:50        3.241682        0.013764
FIRE:  126 13:25:50        3.241641        0.010203
FIRE:  127 13:25:50        3.241616        0.011082
FIRE:  128 13:25:50        3.241602        0.012475
FIRE:  129 13:25:50        3.241587        0.009573
