      Step     Time          Energy          fmax
FIRE:    0 00:07:32       94.132318       57.255764
FIRE:    1 00:07:33       73.040157       36.566831
FIRE:    2 00:07:33       56.965320       29.837678
FIRE:    3 00:07:33       44.103540       23.692250
FIRE:    4 00:07:33       33.978250       17.175999
FIRE:    5 00:07:33       26.329192       11.713922
FIRE:    6 00:07:33       20.825893        8.903998
FIRE:    7 00:07:33       17.026451        6.637216
FIRE:    8 00:07:33       14.391521        7.802629
FIRE:    9 00:07:33       12.416432        7.848653
FIRE:   10 00:07:33       10.801305        6.699934
FIRE:   11 00:07:33        9.488543        4.824601
FIRE:   12 00:07:33        8.527120        3.461774
FIRE:   13 00:07:33        7.898562        2.776040
FIRE:   14 00:07:33        7.476270        2.513460
FIRE:   15 00:07:33        7.131343        2.426587
FIRE:   16 00:07:33        6.810784        2.427261
FIRE:   17 00:07:33        6.521645        2.314623
FIRE:   18 00:07:33        6.287814        2.096696
FIRE:   19 00:07:33        6.133719        1.798559
FIRE:   20 00:07:33        6.087699        1.581138
FIRE:   21 00:07:33        5.612127        0.883679
FIRE:   22 00:07:33        5.197291        0.923466
FIRE:   23 00:07:33        4.989839        0.966637
FIRE:   24 00:07:33        4.883203        0.945478
FIRE:   25 00:07:33        4.764412        1.081577
FIRE:   26 00:07:33        4.547656        0.901846
FIRE:   27 00:07:33        4.274328        0.791961
FIRE:   28 00:07:33        4.029101        0.511542
FIRE:   29 00:07:33        3.844022        0.533796
FIRE:   30 00:07:34        3.693733        0.631999
FIRE:   31 00:07:34        3.539130        0.804682
FIRE:   32 00:07:34        3.372213        0.726410
FIRE:   33 00:07:34        3.230656        0.520243
FIRE:   34 00:07:34        3.134708        0.533849
FIRE:   35 00:07:34        3.052368        0.519140
FIRE:   36 00:07:34        2.961486        0.486262
FIRE:   37 00:07:34        2.896540        0.381970
FIRE:   38 00:07:34        2.878327        0.437708
FIRE:   39 00:07:34        2.815631        0.250839
FIRE:   40 00:07:34        2.780882        0.280150
FIRE:   41 00:07:34        2.754949        0.282414
FIRE:   42 00:07:34        2.714348        0.288519
FIRE:   43 00:07:34        2.685199        0.309724
FIRE:   44 00:07:34        2.659856        0.302648
FIRE:   45 00:07:34        2.620433        0.286748
FIRE:   46 00:07:34        2.570878        0.269044
FIRE:   47 00:07:34        2.520133        0.248204
FIRE:   48 00:07:34        2.468612        0.213754
FIRE:   49 00:07:34        2.428519        0.146948
FIRE:   50 00:07:34        2.390372        0.194039
FIRE:   51 00:07:34        2.357001        0.128389
FIRE:   52 00:07:34        2.325545        0.154675
FIRE:   53 00:07:34        2.298126        0.128827
FIRE:   54 00:07:34        2.274235        0.088721
FIRE:   55 00:07:34        2.261215        0.128628
FIRE:   56 00:07:34        2.255950        0.065918
FIRE:   57 00:07:34        2.255338        0.063985
FIRE:   58 00:07:34        2.254415        0.061792
FIRE:   59 00:07:35        2.253378        0.058299
FIRE:   60 00:07:35        2.252125        0.053685
FIRE:   61 00:07:35        2.250564        0.048719
FIRE:   62 00:07:35        2.248811        0.042982
FIRE:   63 00:07:35        2.246951        0.040959
FIRE:   64 00:07:35        2.244628        0.046843
FIRE:   65 00:07:35        2.241556        0.051684
FIRE:   66 00:07:35        2.237500        0.054672
FIRE:   67 00:07:35        2.232199        0.055748
FIRE:   68 00:07:35        2.224969        0.056016
FIRE:   69 00:07:35        2.215119        0.056451
FIRE:   70 00:07:35        2.201209        0.061563
FIRE:   71 00:07:35        2.181278        0.067389
FIRE:   72 00:07:35        2.152177        0.086731
FIRE:   73 00:07:35        2.110104        0.100152
FIRE:   74 00:07:35        2.061901        0.122738
FIRE:   75 00:07:35        2.007122        0.144365
FIRE:   76 00:07:35        1.943940        0.161361
FIRE:   77 00:07:35        1.870934        0.167693
FIRE:   78 00:07:35        1.787294        0.165308
FIRE:   79 00:07:35        1.694590        0.172072
FIRE:   80 00:07:35        1.601492        0.158241
FIRE:   81 00:07:35        1.522863        0.122844
FIRE:   82 00:07:35        1.475168        0.173485
FIRE:   83 00:07:35        1.458901        0.291913
FIRE:   84 00:07:35        1.397578        0.211590
FIRE:   85 00:07:35        1.363393        0.225164
FIRE:   86 00:07:35        1.346890        0.130910
FIRE:   87 00:07:35        1.335355        0.215950
FIRE:   88 00:07:36        1.316277        0.219437
FIRE:   89 00:07:36        1.291048        0.094522
FIRE:   90 00:07:36        1.271028        0.155278
FIRE:   91 00:07:36        1.240461        0.133306
FIRE:   92 00:07:36        1.207634        0.123613
FIRE:   93 00:07:36        1.172538        0.201417
FIRE:   94 00:07:36        1.134120        0.100865
FIRE:   95 00:07:36        1.100331        0.118724
FIRE:   96 00:07:36        1.074704        0.190986
FIRE:   97 00:07:36        1.052633        0.071733
FIRE:   98 00:07:36        1.043284        0.087061
FIRE:   99 00:07:36        1.042507        0.109380
FIRE:  100 00:07:36        1.039631        0.039384
FIRE:  101 00:07:36        1.039128        0.072889
FIRE:  102 00:07:36        1.038689        0.059713
FIRE:  103 00:07:36        1.038092        0.036115
FIRE:  104 00:07:36        1.037670        0.031997
FIRE:  105 00:07:36        1.037511        0.036425
FIRE:  106 00:07:36        1.037480        0.034624
FIRE:  107 00:07:36        1.037421        0.031179
FIRE:  108 00:07:36        1.037342        0.031073
FIRE:  109 00:07:36        1.037251        0.031080
FIRE:  110 00:07:36        1.037155        0.031087
FIRE:  111 00:07:36        1.037059        0.031089
FIRE:  112 00:07:36        1.036965        0.031077
FIRE:  113 00:07:36        1.036860        0.031039
FIRE:  114 00:07:36        1.036735        0.030956
FIRE:  115 00:07:37        1.036580        0.030804
FIRE:  116 00:07:37        1.036387        0.030554
FIRE:  117 00:07:37        1.036159        0.030178
FIRE:  118 00:07:37        1.035906        0.029648
FIRE:  119 00:07:37        1.035640        0.028945
FIRE:  120 00:07:37        1.035351        0.028073
FIRE:  121 00:07:37        1.035023        0.027049
FIRE:  122 00:07:37        1.034653        0.025896
FIRE:  123 00:07:37        1.034246        0.024604
FIRE:  124 00:07:37        1.033789        0.023136
FIRE:  125 00:07:37        1.033257        0.022839
FIRE:  126 00:07:37        1.032635        0.022201
FIRE:  127 00:07:37        1.031934        0.020981
FIRE:  128 00:07:37        1.031119        0.019401
FIRE:  129 00:07:37        1.030252        0.017650
FIRE:  130 00:07:37        1.029300        0.018138
FIRE:  131 00:07:37        1.028200        0.020252
FIRE:  132 00:07:37        1.026823        0.023220
FIRE:  133 00:07:37        1.025069        0.055308
FIRE:  134 00:07:37        1.023784        0.129049
FIRE:  135 00:07:37        1.022045        0.031446
FIRE:  136 00:07:37        1.022002        0.031505
FIRE:  137 00:07:37        1.021922        0.031610
FIRE:  138 00:07:37        1.021809        0.031733
FIRE:  139 00:07:37        1.021663        0.031840
FIRE:  140 00:07:37        1.021479        0.031899
FIRE:  141 00:07:37        1.021256        0.031898
FIRE:  142 00:07:37        1.020997        0.031848
FIRE:  143 00:07:37        1.020673        0.031772
FIRE:  144 00:07:37        1.020266        0.031721
FIRE:  145 00:07:37        1.019753        0.031744
FIRE:  146 00:07:38        1.019117        0.031835
FIRE:  147 00:07:38        1.018332        0.031884
FIRE:  148 00:07:38        1.017366        0.031726
FIRE:  149 00:07:38        1.016195        0.031337
FIRE:  150 00:07:38        1.014784        0.030835
FIRE:  151 00:07:38        1.013116        0.030031
FIRE:  152 00:07:38        1.011179        0.028446
FIRE:  153 00:07:38        1.008985        0.026246
FIRE:  154 00:07:38        1.006606        0.022372
FIRE:  155 00:07:38        1.004370        0.046906
FIRE:  156 00:07:38        1.004030        0.132759
FIRE:  157 00:07:38        1.001924        0.018237
FIRE:  158 00:07:38        1.003470        0.122062
FIRE:  159 00:07:38        1.002734        0.092269
FIRE:  160 00:07:38        1.001936        0.040203
FIRE:  161 00:07:38        1.001792        0.021274
FIRE:  162 00:07:38        1.001782        0.019908
FIRE:  163 00:07:38        1.001764        0.017510
FIRE:  164 00:07:38        1.001742        0.017436
FIRE:  165 00:07:38        1.001718        0.017337
FIRE:  166 00:07:38        1.001695        0.017216
FIRE:  167 00:07:38        1.001677        0.017075
FIRE:  168 00:07:38        1.001661        0.016921
FIRE:  169 00:07:38        1.001643        0.016746
FIRE:  170 00:07:38        1.001619        0.016554
FIRE:  171 00:07:38        1.001585        0.016351
FIRE:  172 00:07:38        1.001538        0.016136
FIRE:  173 00:07:38        1.001479        0.015902
FIRE:  174 00:07:38        1.001414        0.015626
FIRE:  175 00:07:38        1.001345        0.015271
FIRE:  176 00:07:39        1.001263        0.014805
FIRE:  177 00:07:39        1.001156        0.014204
FIRE:  178 00:07:39        1.001033        0.013454
FIRE:  179 00:07:39        1.000904        0.012584
FIRE:  180 00:07:39        1.000750        0.011676
FIRE:  181 00:07:39        1.000579        0.010729
FIRE:  182 00:07:39        1.000402        0.009593
