      Step     Time          Energy          fmax
FIRE:    0 15:03:11       61.863721       31.334860
FIRE:    1 15:03:11       54.092230       16.169425
FIRE:    2 15:03:11       54.270303       21.641101
FIRE:    3 15:03:11       50.451292       15.538395
FIRE:    4 15:03:11       49.615806       14.993865
FIRE:    5 15:03:11       48.988199       14.895194
FIRE:    6 15:03:11       48.016605       14.758605
FIRE:    7 15:03:11       47.061946       14.655246
FIRE:    8 15:03:11       46.287449       14.596823
FIRE:    9 15:03:11       45.527876       14.509723
FIRE:   10 15:03:11       44.490305       14.301416
FIRE:   11 15:03:12       43.062927       13.938405
FIRE:   12 15:03:12       41.212474       13.409686
FIRE:   13 15:03:12       39.215857       12.800018
FIRE:   14 15:03:12       37.164746       12.184830
FIRE:   15 15:03:12       34.702165       11.518646
FIRE:   16 15:03:12       31.858052       10.808300
FIRE:   17 15:03:12       29.281833       10.176648
FIRE:   18 15:03:12       27.067805        9.590213
FIRE:   19 15:03:12       24.947610        8.944282
FIRE:   20 15:03:12       22.885001        8.244916
FIRE:   21 15:03:12       21.046105        7.579040
FIRE:   22 15:03:12       19.429377        6.975508
FIRE:   23 15:03:12       17.917884        6.403747
FIRE:   24 15:03:12       16.513336        5.853728
FIRE:   25 15:03:12       15.280122        5.333237
FIRE:   26 15:03:12       14.198796        4.822920
FIRE:   27 15:03:12       13.217851        4.307225
FIRE:   28 15:03:12       12.347979        3.800490
FIRE:   29 15:03:12       11.611615        3.320741
FIRE:   30 15:03:12       10.984440        2.865455
FIRE:   31 15:03:12       10.445009        2.426365
FIRE:   32 15:03:12       10.002690        2.002027
FIRE:   33 15:03:12        9.653360        1.596386
FIRE:   34 15:03:12        9.375062        1.212604
FIRE:   35 15:03:12        9.162439        0.860547
FIRE:   36 15:03:13        9.010140        0.815758
FIRE:   37 15:03:13        8.898242        0.893545
FIRE:   38 15:03:13        8.812906        0.960746
FIRE:   39 15:03:13        8.743903        1.011968
FIRE:   40 15:03:13        8.674391        1.043496
FIRE:   41 15:03:13        8.588470        1.053943
FIRE:   42 15:03:13        8.477816        1.043783
FIRE:   43 15:03:13        8.339209        1.015725
FIRE:   44 15:03:13        8.171601        0.974593
FIRE:   45 15:03:13        7.977152        0.925861
FIRE:   46 15:03:13        7.761702        0.873995
FIRE:   47 15:03:13        7.531300        0.821856
FIRE:   48 15:03:13        7.290241        0.770875
FIRE:   49 15:03:13        7.043620        0.721501
FIRE:   50 15:03:13        6.798960        0.674448
FIRE:   51 15:03:13        6.562647        0.632529
FIRE:   52 15:03:13        6.335350        0.601127
FIRE:   53 15:03:13        6.112599        0.583984
FIRE:   54 15:03:13        5.887828        0.578377
FIRE:   55 15:03:13        5.653692        0.579022
FIRE:   56 15:03:13        5.403572        0.584193
FIRE:   57 15:03:13        5.135101        0.595398
FIRE:   58 15:03:13        4.850444        0.615912
FIRE:   59 15:03:13        4.553528        0.647740
FIRE:   60 15:03:13        4.248925        0.688824
FIRE:   61 15:03:14        3.941339        0.733411
FIRE:   62 15:03:14        3.633948        0.775532
FIRE:   63 15:03:14        3.328591        0.807125
FIRE:   64 15:03:14        3.028612        0.825684
FIRE:   65 15:03:14        2.736466        0.832201
FIRE:   66 15:03:14        2.454872        0.824724
FIRE:   67 15:03:14        2.188134        0.801931
FIRE:   68 15:03:14        1.939494        0.767527
FIRE:   69 15:03:14        1.710539        0.733544
FIRE:   70 15:03:14        1.501658        0.716828
FIRE:   71 15:03:14        1.312453        0.697197
FIRE:   72 15:03:14        1.140599        0.674194
FIRE:   73 15:03:14        0.982067        0.648498
FIRE:   74 15:03:14        0.833697        0.621955
FIRE:   75 15:03:14        0.693549        0.595828
FIRE:   76 15:03:14        0.560446        0.572415
FIRE:   77 15:03:14        0.435974        0.555662
FIRE:   78 15:03:14        0.324103        0.547595
FIRE:   79 15:03:14        0.230533        0.545568
FIRE:   80 15:03:14        0.160932        0.543439
FIRE:   81 15:03:14        0.116750        0.535323
FIRE:   82 15:03:14        0.095701        0.518914
FIRE:   83 15:03:14        0.094268        0.495249
FIRE:   84 15:03:15       -0.010670        0.242015
FIRE:   85 15:03:15       -0.011597        0.281692
FIRE:   86 15:03:15       -0.026231        0.159176
FIRE:   87 15:03:15       -0.029427        0.120352
FIRE:   88 15:03:15       -0.033093        0.115634
FIRE:   89 15:03:15       -0.035928        0.107684
FIRE:   90 15:03:15       -0.039364        0.104534
FIRE:   91 15:03:15       -0.043560        0.085884
FIRE:   92 15:03:15       -0.046339        0.072434
FIRE:   93 15:03:15       -0.047418        0.077247
FIRE:   94 15:03:15       -0.048899        0.084242
FIRE:   95 15:03:15       -0.050573        0.095273
FIRE:   96 15:03:15       -0.051985        0.104203
FIRE:   97 15:03:15       -0.055515        0.108132
FIRE:   98 15:03:15       -0.059303        0.105945
FIRE:   99 15:03:15       -0.063637        0.095974
FIRE:  100 15:03:15       -0.066224        0.078826
FIRE:  101 15:03:15       -0.066914        0.076847
FIRE:  102 15:03:15       -0.067463        0.074494
FIRE:  103 15:03:15       -0.067539        0.071319
FIRE:  104 15:03:15       -0.067626        0.071065
FIRE:  105 15:03:15       -0.067775        0.070573
FIRE:  106 15:03:15       -0.067945        0.069864
FIRE:  107 15:03:15       -0.068097        0.068953
FIRE:  108 15:03:16       -0.068216        0.067841
FIRE:  109 15:03:16       -0.068318        0.066542
FIRE:  110 15:03:16       -0.068434        0.065086
FIRE:  111 15:03:16       -0.068609        0.063322
FIRE:  112 15:03:16       -0.068858        0.061221
FIRE:  113 15:03:16       -0.069162        0.058762
FIRE:  114 15:03:16       -0.069471        0.055928
FIRE:  115 15:03:16       -0.069772        0.052720
FIRE:  116 15:03:16       -0.070144        0.049184
FIRE:  117 15:03:16       -0.070640        0.045401
FIRE:  118 15:03:16       -0.071188        0.041575
FIRE:  119 15:03:16       -0.071787        0.037963
FIRE:  120 15:03:16       -0.072579        0.034757
FIRE:  121 15:03:16       -0.073465        0.032402
FIRE:  122 15:03:16       -0.074487        0.031165
FIRE:  123 15:03:16       -0.075638        0.031165
FIRE:  124 15:03:16       -0.076907        0.032233
FIRE:  125 15:03:16       -0.078211        0.033719
FIRE:  126 15:03:16       -0.079648        0.034337
FIRE:  127 15:03:16       -0.081110        0.032620
FIRE:  128 15:03:16       -0.082475        0.027606
FIRE:  129 15:03:16       -0.083252        0.067909
FIRE:  130 15:03:16       -0.083979        0.018987
FIRE:  131 15:03:16       -0.083518        0.058120
FIRE:  132 15:03:17       -0.083732        0.045061
FIRE:  133 15:03:17       -0.083982        0.021977
FIRE:  134 15:03:17       -0.084065        0.018265
FIRE:  135 15:03:17       -0.084067        0.018256
FIRE:  136 15:03:17       -0.084070        0.018240
FIRE:  137 15:03:17       -0.084075        0.018215
FIRE:  138 15:03:17       -0.084081        0.018182
FIRE:  139 15:03:17       -0.084088        0.018141
FIRE:  140 15:03:17       -0.084096        0.018093
FIRE:  141 15:03:17       -0.084105        0.018037
FIRE:  142 15:03:17       -0.084115        0.017968
FIRE:  143 15:03:17       -0.084128        0.017882
FIRE:  144 15:03:17       -0.084144        0.017776
FIRE:  145 15:03:17       -0.084165        0.017648
FIRE:  146 15:03:17       -0.084191        0.017496
FIRE:  147 15:03:17       -0.084222        0.017315
FIRE:  148 15:03:17       -0.084260        0.017103
FIRE:  149 15:03:17       -0.084306        0.016860
FIRE:  150 15:03:17       -0.084362        0.016584
FIRE:  151 15:03:17       -0.084431        0.016280
FIRE:  152 15:03:17       -0.084513        0.015951
FIRE:  153 15:03:17       -0.084612        0.015605
FIRE:  154 15:03:17       -0.084731        0.015251
FIRE:  155 15:03:18       -0.084872        0.014900
FIRE:  156 15:03:18       -0.085039        0.014553
FIRE:  157 15:03:18       -0.085233        0.014200
FIRE:  158 15:03:18       -0.085458        0.013805
FIRE:  159 15:03:18       -0.085714        0.013303
FIRE:  160 15:03:18       -0.085998        0.012596
FIRE:  161 15:03:18       -0.086299        0.011602
FIRE:  162 15:03:18       -0.086571        0.017710
FIRE:  163 15:03:18       -0.086666        0.039826
FIRE:  164 15:03:18       -0.086923        0.008846
