      Step     Time          Energy          fmax
FIRE:    0 13:23:28      183.024915      101.635544
FIRE:    1 13:23:28      145.305427       61.662173
FIRE:    2 13:23:28      119.999976       42.265915
FIRE:    3 13:23:29      103.787747       28.982656
FIRE:    4 13:23:29       93.505005       35.361147
FIRE:    5 13:23:29       85.725452       45.174822
FIRE:    6 13:23:29       77.979847       43.567994
FIRE:    7 13:23:29       69.924833       33.783222
FIRE:    8 13:23:29       62.292976       21.360287
FIRE:    9 13:23:29       55.656303       14.591903
FIRE:   10 13:23:29       50.134349       12.235046
FIRE:   11 13:23:29       45.573948       19.266108
FIRE:   12 13:23:29       41.557632       23.577487
FIRE:   13 13:23:29       37.670432       21.657589
FIRE:   14 13:23:29       33.923530       14.612171
FIRE:   15 13:23:30       30.550702       10.738702
FIRE:   16 13:23:30       27.556459        9.360405
FIRE:   17 13:23:30       24.732875        9.755703
FIRE:   18 13:23:30       21.911225        9.564018
FIRE:   19 13:23:30       19.167328        6.355340
FIRE:   20 13:23:30       16.768500        5.282201
FIRE:   21 13:23:30       14.871360        4.961228
FIRE:   22 13:23:30       13.342577        5.700210
FIRE:   23 13:23:30       11.976076        5.597317
FIRE:   24 13:23:30       10.764986        3.870210
FIRE:   25 13:23:30        9.828276        3.508217
FIRE:   26 13:23:30        9.153432        3.365870
FIRE:   27 13:23:30        8.592689        3.783250
FIRE:   28 13:23:30        8.094241        2.511271
FIRE:   29 13:23:31        7.738960        2.126926
FIRE:   30 13:23:31        7.549740        1.978563
FIRE:   31 13:23:31        7.421346        2.330911
FIRE:   32 13:23:31        7.275023        2.440253
FIRE:   33 13:23:31        7.123048        2.265668
FIRE:   34 13:23:31        7.002046        1.830529
FIRE:   35 13:23:31        6.932968        1.229443
FIRE:   36 13:23:31        6.710840        2.905776
FIRE:   37 13:23:31        6.876726        5.491032
FIRE:   38 13:23:31        6.441557        0.759872
FIRE:   39 13:23:31        6.697754        4.857290
FIRE:   40 13:23:32        6.542594        3.472772
FIRE:   41 13:23:32        6.380940        1.512234
FIRE:   42 13:23:32        6.328505        0.730016
FIRE:   43 13:23:32        6.325989        0.715135
FIRE:   44 13:23:32        6.321105        0.714727
FIRE:   45 13:23:32        6.314111        0.714034
FIRE:   46 13:23:32        6.305317        0.712962
FIRE:   47 13:23:32        6.295006        0.711399
FIRE:   48 13:23:32        6.283359        0.709231
FIRE:   49 13:23:32        6.270408        0.706356
FIRE:   50 13:23:32        6.254424        0.702269
FIRE:   51 13:23:32        6.234446        0.696608
FIRE:   52 13:23:32        6.209189        0.688961
FIRE:   53 13:23:32        6.177219        0.678860
FIRE:   54 13:23:32        6.137260        0.665789
FIRE:   55 13:23:32        6.088355        0.649249
FIRE:   56 13:23:32        6.029416        0.628968
FIRE:   57 13:23:32        5.958182        0.605091
FIRE:   58 13:23:32        5.871254        0.577768
FIRE:   59 13:23:32        5.766584        0.545923
FIRE:   60 13:23:32        5.645097        0.506367
FIRE:   61 13:23:32        5.508720        0.454728
FIRE:   62 13:23:32        5.367010        0.416010
FIRE:   63 13:23:32        5.246555        0.391034
FIRE:   64 13:23:32        5.171614        0.485813
FIRE:   65 13:23:32        5.124554        0.836735
FIRE:   66 13:23:33        5.038813        0.860142
FIRE:   67 13:23:33        4.902023        0.639815
FIRE:   68 13:23:33        4.723969        0.600326
FIRE:   69 13:23:33        4.525964        0.487250
FIRE:   70 13:23:33        4.350108        0.375597
FIRE:   71 13:23:33        4.220206        0.360782
FIRE:   72 13:23:33        4.117703        0.368822
FIRE:   73 13:23:33        4.032040        0.395502
FIRE:   74 13:23:33        3.965804        0.469113
FIRE:   75 13:23:33        3.919258        0.530517
FIRE:   76 13:23:33        3.865734        0.504267
FIRE:   77 13:23:33        3.780504        0.414287
FIRE:   78 13:23:33        3.674717        0.380597
FIRE:   79 13:23:33        3.565995        0.359444
FIRE:   80 13:23:33        3.457685        0.373385
FIRE:   81 13:23:33        3.345083        0.505369
FIRE:   82 13:23:33        3.229827        0.431150
FIRE:   83 13:23:33        3.110705        0.394530
FIRE:   84 13:23:33        2.977937        0.305951
FIRE:   85 13:23:33        2.852772        0.271622
FIRE:   86 13:23:33        2.755228        0.270426
FIRE:   87 13:23:33        2.700218        0.261391
FIRE:   88 13:23:33        2.715231        0.497792
FIRE:   89 13:23:33        2.634774        0.307019
FIRE:   90 13:23:33        2.615164        0.242713
FIRE:   91 13:23:33        2.602284        0.239375
FIRE:   92 13:23:33        2.584722        0.250151
FIRE:   93 13:23:33        2.553090        0.272553
FIRE:   94 13:23:33        2.503581        0.256653
FIRE:   95 13:23:34        2.439898        0.271821
FIRE:   96 13:23:34        2.354830        0.302312
FIRE:   97 13:23:34        2.234169        0.364358
FIRE:   98 13:23:34        2.116844        0.284289
FIRE:   99 13:23:34        2.038755        0.209999
FIRE:  100 13:23:34        2.024199        0.374799
FIRE:  101 13:23:34        2.003111        0.262452
FIRE:  102 13:23:34        1.979633        0.268524
FIRE:  103 13:23:34        1.961720        0.199266
FIRE:  104 13:23:34        1.947129        0.248910
FIRE:  105 13:23:34        1.928999        0.235563
FIRE:  106 13:23:34        1.906810        0.174376
FIRE:  107 13:23:34        1.881588        0.204738
FIRE:  108 13:23:34        1.853825        0.188232
FIRE:  109 13:23:34        1.823376        0.204333
FIRE:  110 13:23:34        1.793268        0.180759
FIRE:  111 13:23:34        1.769388        0.289011
FIRE:  112 13:23:34        1.756595        0.694386
FIRE:  113 13:23:34        1.743855        0.139324
FIRE:  114 13:23:34        1.746551        0.599565
FIRE:  115 13:23:34        1.743189        0.464765
FIRE:  116 13:23:34        1.739207        0.229018
FIRE:  117 13:23:34        1.737574        0.100938
FIRE:  118 13:23:34        1.737498        0.096229
FIRE:  119 13:23:34        1.737352        0.095117
FIRE:  120 13:23:34        1.737143        0.095029
FIRE:  121 13:23:34        1.736882        0.094912
FIRE:  122 13:23:34        1.736580        0.094765
FIRE:  123 13:23:35        1.736246        0.094590
FIRE:  124 13:23:35        1.735884        0.094386
FIRE:  125 13:23:35        1.735452        0.094127
FIRE:  126 13:23:35        1.734937        0.093802
FIRE:  127 13:23:35        1.734325        0.093397
FIRE:  128 13:23:35        1.733609        0.092895
FIRE:  129 13:23:35        1.732795        0.092275
FIRE:  130 13:23:35        1.731899        0.091509
FIRE:  131 13:23:35        1.730925        0.090569
FIRE:  132 13:23:35        1.729835        0.089433
FIRE:  133 13:23:35        1.728572        0.088086
FIRE:  134 13:23:35        1.727097        0.086514
FIRE:  135 13:23:35        1.725336        0.084708
FIRE:  136 13:23:35        1.723154        0.083488
FIRE:  137 13:23:35        1.720500        0.082939
FIRE:  138 13:23:35        1.717362        0.082049
FIRE:  139 13:23:35        1.713721        0.080314
FIRE:  140 13:23:35        1.709624        0.078103
FIRE:  141 13:23:35        1.704956        0.075863
FIRE:  142 13:23:35        1.699569        0.071717
FIRE:  143 13:23:35        1.693437        0.066284
FIRE:  144 13:23:35        1.686742        0.060206
FIRE:  145 13:23:35        1.680079        0.170497
FIRE:  146 13:23:35        1.676745        0.452097
FIRE:  147 13:23:35        1.671888        0.047563
FIRE:  148 13:23:35        1.675125        0.390056
FIRE:  149 13:23:35        1.673555        0.298125
FIRE:  150 13:23:35        1.671783        0.136449
FIRE:  151 13:23:35        1.671308        0.059450
FIRE:  152 13:23:36        1.671290        0.055924
FIRE:  153 13:23:36        1.671255        0.049088
FIRE:  154 13:23:36        1.671209        0.046325
FIRE:  155 13:23:36        1.671154        0.046268
FIRE:  156 13:23:36        1.671097        0.046196
FIRE:  157 13:23:36        1.671038        0.046112
FIRE:  158 13:23:36        1.670977        0.046014
FIRE:  159 13:23:36        1.670904        0.045891
FIRE:  160 13:23:36        1.670812        0.045740
FIRE:  161 13:23:36        1.670692        0.045558
FIRE:  162 13:23:36        1.670536        0.045340
FIRE:  163 13:23:36        1.670342        0.045394
FIRE:  164 13:23:36        1.670112        0.045795
FIRE:  165 13:23:36        1.669844        0.046213
FIRE:  166 13:23:36        1.669519        0.046534
FIRE:  167 13:23:36        1.669113        0.046655
FIRE:  168 13:23:36        1.668622        0.046567
FIRE:  169 13:23:36        1.668046        0.046432
FIRE:  170 13:23:36        1.667346        0.046491
FIRE:  171 13:23:36        1.666502        0.046746
FIRE:  172 13:23:36        1.665512        0.046692
FIRE:  173 13:23:36        1.664324        0.045828
FIRE:  174 13:23:36        1.662944        0.044620
FIRE:  175 13:23:36        1.661322        0.043692
FIRE:  176 13:23:36        1.659448        0.041551
FIRE:  177 13:23:36        1.657311        0.038717
FIRE:  178 13:23:36        1.654961        0.050449
FIRE:  179 13:23:36        1.652738        0.132772
FIRE:  180 13:23:37        1.652110        0.314404
FIRE:  181 13:23:37        1.649621        0.030644
FIRE:  182 13:23:37        1.651435        0.282932
FIRE:  183 13:23:37        1.650599        0.215628
FIRE:  184 13:23:37        1.649666        0.097132
FIRE:  185 13:23:37        1.649448        0.044942
FIRE:  186 13:23:37        1.649440        0.042275
FIRE:  187 13:23:37        1.649423        0.037108
FIRE:  188 13:23:37        1.649402        0.030197
FIRE:  189 13:23:37        1.649378        0.030185
FIRE:  190 13:23:37        1.649355        0.030168
FIRE:  191 13:23:37        1.649333        0.030145
FIRE:  192 13:23:37        1.649312        0.030116
FIRE:  193 13:23:37        1.649288        0.030074
FIRE:  194 13:23:37        1.649257        0.030018
FIRE:  195 13:23:37        1.649214        0.029943
FIRE:  196 13:23:37        1.649156        0.029848
FIRE:  197 13:23:37        1.649084        0.029727
FIRE:  198 13:23:37        1.648999        0.029578
FIRE:  199 13:23:37        1.648902        0.029399
FIRE:  200 13:23:37        1.648785        0.029281
FIRE:  201 13:23:37        1.648634        0.029166
FIRE:  202 13:23:37        1.648450        0.028915
FIRE:  203 13:23:37        1.648237        0.028612
FIRE:  204 13:23:37        1.647976        0.028396
FIRE:  205 13:23:37        1.647659        0.028296
FIRE:  206 13:23:37        1.647289        0.028044
FIRE:  207 13:23:37        1.646839        0.027331
FIRE:  208 13:23:38        1.646318        0.026428
FIRE:  209 13:23:38        1.645700        0.025818
FIRE:  210 13:23:38        1.644983        0.024571
FIRE:  211 13:23:38        1.644166        0.022884
FIRE:  212 13:23:38        1.643277        0.041080
FIRE:  213 13:23:38        1.642466        0.096199
FIRE:  214 13:23:38        1.642413        0.220265
FIRE:  215 13:23:38        1.641184        0.017642
FIRE:  216 13:23:38        1.642108        0.199064
FIRE:  217 13:23:38        1.641681        0.150534
FIRE:  218 13:23:38        1.641215        0.065316
FIRE:  219 13:23:38        1.641128        0.036219
FIRE:  220 13:23:38        1.641123        0.034019
FIRE:  221 13:23:38        1.641114        0.029757
FIRE:  222 13:23:38        1.641102        0.023712
FIRE:  223 13:23:38        1.641090        0.017830
FIRE:  224 13:23:38        1.641079        0.017722
FIRE:  225 13:23:38        1.641069        0.017614
FIRE:  226 13:23:38        1.641062        0.017519
FIRE:  227 13:23:39        1.641053        0.017438
FIRE:  228 13:23:39        1.641042        0.019142
FIRE:  229 13:23:39        1.641025        0.020057
FIRE:  230 13:23:39        1.641001        0.017396
FIRE:  231 13:23:39        1.640971        0.017474
FIRE:  232 13:23:39        1.640937        0.017586
FIRE:  233 13:23:39        1.640900        0.017690
FIRE:  234 13:23:39        1.640855        0.017722
FIRE:  235 13:23:39        1.640795        0.017636
FIRE:  236 13:23:39        1.640721        0.017435
FIRE:  237 13:23:39        1.640639        0.017214
FIRE:  238 13:23:39        1.640537        0.017110
FIRE:  239 13:23:39        1.640412        0.017140
FIRE:  240 13:23:39        1.640268        0.017063
FIRE:  241 13:23:39        1.640090        0.016642
FIRE:  242 13:23:39        1.639886        0.016137
FIRE:  243 13:23:39        1.639641        0.015927
FIRE:  244 13:23:39        1.639357        0.015307
FIRE:  245 13:23:39        1.639033        0.014574
FIRE:  246 13:23:39        1.638683        0.032245
FIRE:  247 13:23:39        1.638371        0.069248
FIRE:  248 13:23:40        1.638437        0.156416
FIRE:  249 13:23:40        1.637814        0.011920
FIRE:  250 13:23:40        1.637811        0.011913
FIRE:  251 13:23:40        1.637807        0.011901
FIRE:  252 13:23:40        1.637800        0.011883
FIRE:  253 13:23:40        1.637792        0.011861
FIRE:  254 13:23:40        1.637781        0.011834
FIRE:  255 13:23:40        1.637768        0.011804
FIRE:  256 13:23:40        1.637753        0.011773
FIRE:  257 13:23:40        1.637733        0.011740
FIRE:  258 13:23:40        1.637709        0.011701
FIRE:  259 13:23:40        1.637679        0.011658
FIRE:  260 13:23:40        1.637642        0.011608
FIRE:  261 13:23:40        1.637595        0.011537
FIRE:  262 13:23:40        1.637539        0.011428
FIRE:  263 13:23:40        1.637470        0.011280
FIRE:  264 13:23:40        1.637386        0.011111
FIRE:  265 13:23:40        1.637284        0.010908
FIRE:  266 13:23:40        1.637163        0.010620
FIRE:  267 13:23:40        1.637019        0.010297
FIRE:  268 13:23:40        1.636850        0.009893
