      Step     Time          Energy          fmax
FIRE:    0 12:24:45       39.407565       33.776947
FIRE:    1 12:24:45       24.903034       18.431904
FIRE:    2 12:24:45       17.262541        9.053068
FIRE:    3 12:24:46       13.723423        5.177492
FIRE:    4 12:24:46       12.550232        4.177622
FIRE:    5 12:24:46       12.618788        3.792307
FIRE:    6 12:24:46       12.442824        3.747137
FIRE:    7 12:24:46       12.126252        3.665903
FIRE:    8 12:24:46       11.727924        3.563644
FIRE:    9 12:24:46       11.310457        3.455439
FIRE:   10 12:24:46       10.918642        3.348660
FIRE:   11 12:24:46       10.563257        3.236280
FIRE:   12 12:24:46       10.221720        3.098447
FIRE:   13 12:24:46        9.821557        2.892694
FIRE:   14 12:24:46        9.336286        2.593619
FIRE:   15 12:24:46        8.786722        2.202414
FIRE:   16 12:24:46        8.247459        1.754276
FIRE:   17 12:24:46        7.847849        1.353033
FIRE:   18 12:24:46        7.565066        1.002871
FIRE:   19 12:24:46        7.359638        0.685601
FIRE:   20 12:24:46        7.217292        0.471557
FIRE:   21 12:24:46        7.144520        0.329804
FIRE:   22 12:24:46        7.148158        0.291840
FIRE:   23 12:24:46        7.145786        0.288579
FIRE:   24 12:24:46        7.141248        0.282112
FIRE:   25 12:24:46        7.134933        0.272567
FIRE:   26 12:24:46        7.127357        0.260163
FIRE:   27 12:24:46        7.119099        0.245243
FIRE:   28 12:24:46        7.110715        0.228307
FIRE:   29 12:24:46        7.102657        0.210050
FIRE:   30 12:24:46        7.094477        0.189358
FIRE:   31 12:24:46        7.086531        0.167223
FIRE:   32 12:24:47        7.079123        0.145178
FIRE:   33 12:24:47        7.072600        0.124847
FIRE:   34 12:24:47        7.067488        0.118510
FIRE:   35 12:24:47        7.064121        0.148169
FIRE:   36 12:24:47        7.061535        0.175745
FIRE:   37 12:24:47        7.057274        0.200280
FIRE:   38 12:24:47        7.049137        0.220365
FIRE:   39 12:24:47        7.036814        0.233808
FIRE:   40 12:24:47        7.020624        0.236846
FIRE:   41 12:24:47        7.000655        0.225796
FIRE:   42 12:24:47        6.980923        0.201665
FIRE:   43 12:24:47        6.960215        0.172820
FIRE:   44 12:24:47        6.928015        0.151597
FIRE:   45 12:24:47        6.880671        0.150214
FIRE:   46 12:24:47        6.826923        0.172122
FIRE:   47 12:24:47        6.770929        0.206310
FIRE:   48 12:24:47        6.703270        0.233142
FIRE:   49 12:24:47        6.627614        0.246490
FIRE:   50 12:24:47        6.549356        0.265078
FIRE:   51 12:24:47        6.465031        0.292788
FIRE:   52 12:24:47        6.373744        0.322238
FIRE:   53 12:24:47        6.278160        0.348240
FIRE:   54 12:24:47        6.177966        0.367720
FIRE:   55 12:24:47        6.074191        0.380494
FIRE:   56 12:24:47        5.967724        0.387807
FIRE:   57 12:24:47        5.859278        0.388885
FIRE:   58 12:24:47        5.748879        0.381876
FIRE:   59 12:24:48        5.637817        0.370418
FIRE:   60 12:24:48        5.527113        0.355856
FIRE:   61 12:24:48        5.417904        0.339599
FIRE:   62 12:24:48        5.311327        0.322970
FIRE:   63 12:24:48        5.209748        0.305626
FIRE:   64 12:24:48        5.115546        0.285970
FIRE:   65 12:24:48        5.030432        0.262390
FIRE:   66 12:24:48        4.955394        0.233746
FIRE:   67 12:24:48        4.891157        0.199441
FIRE:   68 12:24:48        4.838356        0.159783
FIRE:   69 12:24:48        4.796715        0.116864
FIRE:   70 12:24:48        4.764473        0.075489
FIRE:   71 12:24:48        4.738054        0.095467
FIRE:   72 12:24:48        4.712579        0.104542
FIRE:   73 12:24:48        4.683627        0.088679
FIRE:   74 12:24:48        4.651592        0.085815
FIRE:   75 12:24:48        4.624559        0.172648
FIRE:   76 12:24:48        4.606475        0.266521
FIRE:   77 12:24:48        4.590036        0.325641
FIRE:   78 12:24:48        4.562837        0.323094
FIRE:   79 12:24:48        4.521643        0.253192
FIRE:   80 12:24:48        4.485780        0.135205
FIRE:   81 12:24:48        4.477490        0.146524
FIRE:   82 12:24:48        4.492030        0.291734
FIRE:   83 12:24:48        4.468681        0.102393
FIRE:   84 12:24:48        4.475085        0.198474
FIRE:   85 12:24:49        4.471918        0.158711
FIRE:   86 12:24:49        4.467827        0.085546
FIRE:   87 12:24:49        4.465567        0.053701
FIRE:   88 12:24:49        4.465995        0.083410
FIRE:   89 12:24:49        4.465842        0.081924
FIRE:   90 12:24:49        4.465572        0.079040
FIRE:   91 12:24:49        4.465250        0.074927
FIRE:   92 12:24:49        4.464947        0.069815
FIRE:   93 12:24:49        4.464716        0.063999
FIRE:   94 12:24:49        4.464572        0.057910
FIRE:   95 12:24:49        4.464486        0.052158
FIRE:   96 12:24:49        4.464399        0.046753
FIRE:   97 12:24:49        4.464259        0.045403
FIRE:   98 12:24:49        4.464027        0.044309
FIRE:   99 12:24:49        4.463707        0.038226
FIRE:  100 12:24:49        4.463334        0.039548
FIRE:  101 12:24:49        4.462932        0.042828
FIRE:  102 12:24:49        4.462459        0.046604
FIRE:  103 12:24:49        4.461871        0.048824
FIRE:  104 12:24:49        4.461248        0.047649
FIRE:  105 12:24:49        4.460613        0.042983
FIRE:  106 12:24:49        4.459738        0.037196
FIRE:  107 12:24:49        4.458737        0.032250
FIRE:  108 12:24:49        4.457847        0.027037
FIRE:  109 12:24:49        4.456710        0.021176
FIRE:  110 12:24:50        4.455686        0.022989
FIRE:  111 12:24:50        4.454746        0.027377
FIRE:  112 12:24:50        4.453859        0.012571
FIRE:  113 12:24:50        4.453490        0.033670
FIRE:  114 12:24:50        4.453854        0.063203
FIRE:  115 12:24:50        4.453290        0.017251
FIRE:  116 12:24:50        4.453583        0.041749
FIRE:  117 12:24:50        4.453463        0.034348
FIRE:  118 12:24:50        4.453319        0.020736
FIRE:  119 12:24:50        4.453261        0.005194
