      Step     Time          Energy          fmax
FIRE:    0 12:53:52       86.247976       79.921700
FIRE:    1 12:53:52       61.401211       42.944345
FIRE:    2 12:53:52       47.274704       23.289135
FIRE:    3 12:53:53       38.707407       14.759381
FIRE:    4 12:53:53       32.969208       14.113262
FIRE:    5 12:53:53       28.677670       13.098067
FIRE:    6 12:53:53       25.193903       11.610789
FIRE:    7 12:53:53       22.278037        9.587772
FIRE:    8 12:53:53       19.886811        7.028833
FIRE:    9 12:53:53       18.053259        4.625563
FIRE:   10 12:53:53       16.777037        5.470341
FIRE:   11 12:53:53       15.945134        5.918304
FIRE:   12 12:53:53       15.354668        5.638997
FIRE:   13 12:53:53       14.831618        5.130818
FIRE:   14 12:53:53       14.330791        5.101227
FIRE:   15 12:53:53       13.910051        4.441418
FIRE:   16 12:53:53       13.608054        3.566497
FIRE:   17 12:53:53       13.374077        2.716665
FIRE:   18 12:53:53       13.112528        3.083755
FIRE:   19 12:53:53       12.762494        3.296191
FIRE:   20 12:53:53       12.330796        3.186239
FIRE:   21 12:53:53       11.870987        2.860911
FIRE:   22 12:53:53       11.444438        2.388124
FIRE:   23 12:53:53       11.096959        1.811619
FIRE:   24 12:53:54       10.856892        1.163836
FIRE:   25 12:53:54       10.740291        0.609491
FIRE:   26 12:53:54       10.753725        0.627567
FIRE:   27 12:53:54       10.606175        0.436884
FIRE:   28 12:53:54       10.549909        0.596622
FIRE:   29 12:53:54       10.510223        0.450729
FIRE:   30 12:53:54       10.464966        0.261820
FIRE:   31 12:53:54       10.435534        0.350872
FIRE:   32 12:53:54       10.410969        0.474357
FIRE:   33 12:53:54       10.372319        0.517383
FIRE:   34 12:53:54       10.315079        0.483317
FIRE:   35 12:53:54       10.251546        0.362172
FIRE:   36 12:53:54       10.195803        0.243560
FIRE:   37 12:53:54       10.153527        0.307358
FIRE:   38 12:53:54       10.106059        0.391045
FIRE:   39 12:53:54       10.067545        0.398482
FIRE:   40 12:53:54       10.030841        0.359417
FIRE:   41 12:53:54       10.025887        0.483698
FIRE:   42 12:53:54       10.015331        0.380050
FIRE:   43 12:53:54       10.001134        0.247573
FIRE:   44 12:53:54        9.989904        0.222837
FIRE:   45 12:53:55        9.981746        0.198594
FIRE:   46 12:53:55        9.974192        0.176011
FIRE:   47 12:53:55        9.968447        0.155416
FIRE:   48 12:53:55        9.966262        0.134361
FIRE:   49 12:53:55        9.965802        0.133142
FIRE:   50 12:53:55        9.964935        0.130829
FIRE:   51 12:53:55        9.963752        0.127676
FIRE:   52 12:53:55        9.962361        0.124046
FIRE:   53 12:53:55        9.960855        0.120390
FIRE:   54 12:53:55        9.959291        0.117206
FIRE:   55 12:53:55        9.957681        0.114985
FIRE:   56 12:53:55        9.955821        0.114109
FIRE:   57 12:53:55        9.953619        0.115352
FIRE:   58 12:53:55        9.950958        0.119480
FIRE:   59 12:53:55        9.947697        0.127079
FIRE:   60 12:53:55        9.943636        0.138276
FIRE:   61 12:53:55        9.938443        0.152462
FIRE:   62 12:53:55        9.931660        0.168287
FIRE:   63 12:53:55        9.922879        0.184038
FIRE:   64 12:53:55        9.911771        0.198142
FIRE:   65 12:53:55        9.897565        0.209293
FIRE:   66 12:53:56        9.878856        0.215738
FIRE:   67 12:53:56        9.854530        0.214390
FIRE:   68 12:53:56        9.823607        0.202529
FIRE:   69 12:53:56        9.785094        0.186099
FIRE:   70 12:53:56        9.738413        0.180467
FIRE:   71 12:53:56        9.691421        0.178681
FIRE:   72 12:53:56        9.652244        0.147453
FIRE:   73 12:53:56        9.621992        0.140473
FIRE:   74 12:53:56        9.602256        0.127061
FIRE:   75 12:53:56        9.594271        0.098706
FIRE:   76 12:53:56        9.596261        0.143410
FIRE:   77 12:53:56        9.593607        0.147319
FIRE:   78 12:53:56        9.590114        0.143501
FIRE:   79 12:53:56        9.583996        0.126090
FIRE:   80 12:53:56        9.577446        0.107796
FIRE:   81 12:53:56        9.569575        0.106157
FIRE:   82 12:53:56        9.561528        0.093988
FIRE:   83 12:53:56        9.553041        0.094560
FIRE:   84 12:53:56        9.543990        0.106200
FIRE:   85 12:53:56        9.533205        0.093533
FIRE:   86 12:53:56        9.521270        0.091971
FIRE:   87 12:53:56        9.507864        0.115222
FIRE:   88 12:53:56        9.493684        0.183853
FIRE:   89 12:53:56        9.485197        0.405869
FIRE:   90 12:53:57        9.468009        0.098151
FIRE:   91 12:53:57        9.478378        0.322333
FIRE:   92 12:53:57        9.473229        0.247304
FIRE:   93 12:53:57        9.467111        0.112848
FIRE:   94 12:53:57        9.464928        0.101532
FIRE:   95 12:53:57        9.464861        0.101202
FIRE:   96 12:53:57        9.464730        0.100563
FIRE:   97 12:53:57        9.464543        0.099663
FIRE:   98 12:53:57        9.464310        0.098573
FIRE:   99 12:53:57        9.464039        0.097382
FIRE:  100 12:53:57        9.463734        0.096197
FIRE:  101 12:53:57        9.463394        0.095128
FIRE:  102 12:53:57        9.462971        0.094196
FIRE:  103 12:53:57        9.462438        0.093561
FIRE:  104 12:53:57        9.461758        0.093394
FIRE:  105 12:53:57        9.460896        0.093831
FIRE:  106 12:53:57        9.459822        0.094900
FIRE:  107 12:53:57        9.458510        0.096415
FIRE:  108 12:53:57        9.456920        0.097881
FIRE:  109 12:53:57        9.454974        0.098558
FIRE:  110 12:53:57        9.452571        0.097819
FIRE:  111 12:53:57        9.449643        0.095732
FIRE:  112 12:53:57        9.446120        0.093504
FIRE:  113 12:53:57        9.441843        0.092864
FIRE:  114 12:53:58        9.436671        0.094045
FIRE:  115 12:53:58        9.430470        0.094153
FIRE:  116 12:53:58        9.422954        0.090454
FIRE:  117 12:53:58        9.413875        0.087304
FIRE:  118 12:53:58        9.402745        0.090025
FIRE:  119 12:53:58        9.389006        0.088474
FIRE:  120 12:53:58        9.371893        0.084623
FIRE:  121 12:53:58        9.350400        0.092415
FIRE:  122 12:53:58        9.324853        0.108185
FIRE:  123 12:53:58        9.300686        0.209514
FIRE:  124 12:53:58        9.279486        0.341306
FIRE:  125 12:53:58        9.267832        0.104131
FIRE:  126 12:53:58        9.267301        0.101557
FIRE:  127 12:53:58        9.266444        0.097364
FIRE:  128 12:53:58        9.265417        0.096377
FIRE:  129 12:53:58        9.264135        0.102311
FIRE:  130 12:53:58        9.262410        0.102695
FIRE:  131 12:53:58        9.260227        0.097596
FIRE:  132 12:53:58        9.257749        0.100851
FIRE:  133 12:53:58        9.254735        0.106307
FIRE:  134 12:53:58        9.250864        0.108952
FIRE:  135 12:53:58        9.245849        0.107379
FIRE:  136 12:53:59        9.239688        0.104522
FIRE:  137 12:53:59        9.231897        0.106994
FIRE:  138 12:53:59        9.222031        0.116368
FIRE:  139 12:53:59        9.209692        0.121623
FIRE:  140 12:53:59        9.194032        0.116712
FIRE:  141 12:53:59        9.174138        0.123539
FIRE:  142 12:53:59        9.148875        0.133862
FIRE:  143 12:53:59        9.116824        0.124589
FIRE:  144 12:53:59        9.081832        0.157837
FIRE:  145 12:53:59        9.047214        0.207425
FIRE:  146 12:53:59        9.010673        0.235963
FIRE:  147 12:53:59        8.972202        0.222803
FIRE:  148 12:53:59        8.931714        0.178872
FIRE:  149 12:53:59        8.891327        0.168910
FIRE:  150 12:53:59        8.850640        0.179314
FIRE:  151 12:53:59        8.810197        0.180518
FIRE:  152 12:53:59        8.769555        0.197361
FIRE:  153 12:53:59        8.730301        0.222243
FIRE:  154 12:53:59        8.692141        0.224248
FIRE:  155 12:53:59        8.655319        0.198224
FIRE:  156 12:53:59        8.620859        0.152080
FIRE:  157 12:54:00        8.591227        0.097965
FIRE:  158 12:54:00        8.566098        0.120692
FIRE:  159 12:54:00        8.545831        0.149732
FIRE:  160 12:54:00        8.530764        0.206200
FIRE:  161 12:54:00        8.520460        0.235067
FIRE:  162 12:54:00        8.615357        1.417091
FIRE:  163 12:54:00        8.571737        0.942243
FIRE:  164 12:54:00        8.538909        0.624962
FIRE:  165 12:54:00        8.516427        0.037998
FIRE:  166 12:54:00        8.535768        0.627626
FIRE:  167 12:54:01        8.531751        0.556646
FIRE:  168 12:54:01        8.525441        0.425001
FIRE:  169 12:54:01        8.519486        0.250866
FIRE:  170 12:54:01        8.516279        0.056374
FIRE:  171 12:54:01        8.516955        0.134996
FIRE:  172 12:54:01        8.516907        0.131768
FIRE:  173 12:54:01        8.516817        0.125385
FIRE:  174 12:54:01        8.516692        0.115992
FIRE:  175 12:54:01        8.516544        0.103807
FIRE:  176 12:54:01        8.516387        0.089115
FIRE:  177 12:54:01        8.516236        0.072274
FIRE:  178 12:54:02        8.516105        0.053712
FIRE:  179 12:54:02        8.515996        0.031838
FIRE:  180 12:54:02        8.515930        0.036374
FIRE:  181 12:54:02        8.515919        0.041252
FIRE:  182 12:54:02        8.515918        0.041197
FIRE:  183 12:54:02        8.515915        0.041087
FIRE:  184 12:54:02        8.515911        0.040924
FIRE:  185 12:54:02        8.515906        0.040709
FIRE:  186 12:54:02        8.515900        0.040445
FIRE:  187 12:54:02        8.515893        0.040136
FIRE:  188 12:54:02        8.515885        0.039786
FIRE:  189 12:54:02        8.515876        0.039356
FIRE:  190 12:54:02        8.515864        0.038839
FIRE:  191 12:54:02        8.515850        0.038227
FIRE:  192 12:54:02        8.515834        0.037522
FIRE:  193 12:54:02        8.515816        0.036734
FIRE:  194 12:54:03        8.515794        0.035886
FIRE:  195 12:54:03        8.515769        0.035020
FIRE:  196 12:54:03        8.515739        0.034193
FIRE:  197 12:54:03        8.515702        0.033478
FIRE:  198 12:54:03        8.515656        0.032952
FIRE:  199 12:54:03        8.515598        0.032681
FIRE:  200 12:54:03        8.515529        0.032687
FIRE:  201 12:54:03        8.515446        0.032913
FIRE:  202 12:54:03        8.515349        0.033158
FIRE:  203 12:54:03        8.515236        0.033066
FIRE:  204 12:54:03        8.515102        0.032218
FIRE:  205 12:54:03        8.514943        0.030336
FIRE:  206 12:54:03        8.514758        0.027564
FIRE:  207 12:54:03        8.514549        0.024700
FIRE:  208 12:54:03        8.514307        0.022778
FIRE:  209 12:54:03        8.514033        0.021897
FIRE:  210 12:54:03        8.513729        0.020254
FIRE:  211 12:54:03        8.513388        0.021843
FIRE:  212 12:54:03        8.513015        0.023799
FIRE:  213 12:54:04        8.512605        0.022275
FIRE:  214 12:54:04        8.512159        0.022195
FIRE:  215 12:54:04        8.511681        0.024287
FIRE:  216 12:54:04        8.511176        0.018607
FIRE:  217 12:54:04        8.510660        0.031314
FIRE:  218 12:54:04        8.510203        0.067322
FIRE:  219 12:54:04        8.509954        0.019420
FIRE:  220 12:54:04        8.510033        0.051147
FIRE:  221 12:54:04        8.509971        0.039996
FIRE:  222 12:54:04        8.509891        0.025522
FIRE:  223 12:54:04        8.509846        0.021060
FIRE:  224 12:54:04        8.509843        0.025042
FIRE:  225 12:54:04        8.509838        0.023757
FIRE:  226 12:54:04        8.509829        0.021259
FIRE:  227 12:54:04        8.509817        0.018748
FIRE:  228 12:54:04        8.509803        0.019611
FIRE:  229 12:54:04        8.509788        0.020591
FIRE:  230 12:54:04        8.509774        0.021609
FIRE:  231 12:54:04        8.509761        0.022579
FIRE:  232 12:54:05        8.509746        0.023498
FIRE:  233 12:54:05        8.509727        0.024250
FIRE:  234 12:54:05        8.509701        0.024710
FIRE:  235 12:54:05        8.509666        0.024772
FIRE:  236 12:54:05        8.509621        0.024379
FIRE:  237 12:54:05        8.509565        0.023587
FIRE:  238 12:54:05        8.509499        0.022668
FIRE:  239 12:54:05        8.509419        0.022124
FIRE:  240 12:54:05        8.509315        0.022491
FIRE:  241 12:54:05        8.509181        0.024026
FIRE:  242 12:54:05        8.509015        0.026324
FIRE:  243 12:54:05        8.508806        0.028171
FIRE:  244 12:54:05        8.508531        0.028552
FIRE:  245 12:54:05        8.508180        0.028156
FIRE:  246 12:54:05        8.507718        0.029687
FIRE:  247 12:54:05        8.507102        0.034099
FIRE:  248 12:54:05        8.506272        0.037491
FIRE:  249 12:54:05        8.505129        0.038631
FIRE:  250 12:54:05        8.503515        0.045255
FIRE:  251 12:54:06        8.501185        0.052520
FIRE:  252 12:54:06        8.497718        0.057511
FIRE:  253 12:54:06        8.492415        0.078114
FIRE:  254 12:54:06        8.484480        0.112922
FIRE:  255 12:54:06        8.478425        0.372455
FIRE:  256 12:54:06        8.469670        0.093923
FIRE:  257 12:54:06        8.469195        0.096543
FIRE:  258 12:54:06        8.468522        0.106520
FIRE:  259 12:54:06        8.467843        0.116831
FIRE:  260 12:54:06        8.467004        0.123576
FIRE:  261 12:54:06        8.465757        0.124827
FIRE:  262 12:54:06        8.464116        0.121005
FIRE:  263 12:54:06        8.462282        0.114753
FIRE:  264 12:54:06        8.460061        0.110112
FIRE:  265 12:54:06        8.457053        0.112650
FIRE:  266 12:54:06        8.452986        0.124407
FIRE:  267 12:54:06        8.447857        0.139216
FIRE:  268 12:54:06        8.440961        0.145226
FIRE:  269 12:54:06        8.431716        0.141427
FIRE:  270 12:54:06        8.419310        0.148499
FIRE:  271 12:54:06        8.402189        0.176093
FIRE:  272 12:54:06        8.378244        0.190794
FIRE:  273 12:54:07        8.344171        0.201251
FIRE:  274 12:54:07        8.294399        0.258852
FIRE:  275 12:54:07        8.230465        0.264881
FIRE:  276 12:54:07        8.159037        0.337422
FIRE:  277 12:54:07        8.080408        0.344702
FIRE:  278 12:54:07        7.995980        0.380620
FIRE:  279 12:54:07        7.906984        0.416768
FIRE:  280 12:54:07        7.814058        0.422962
FIRE:  281 12:54:07        7.718785        0.433372
FIRE:  282 12:54:07        7.622411        0.446843
FIRE:  283 12:54:07        7.526272        0.442836
FIRE:  284 12:54:07        7.432120        0.427442
FIRE:  285 12:54:07        7.341588        0.409244
FIRE:  286 12:54:07        7.256619        0.380091
FIRE:  287 12:54:07        7.179309        0.336919
FIRE:  288 12:54:07        7.111869        0.285015
FIRE:  289 12:54:07        7.056385        0.223728
FIRE:  290 12:54:07        7.014440        0.151076
FIRE:  291 12:54:07        6.988954        0.063976
FIRE:  292 12:54:08        6.984916        0.047484
FIRE:  293 12:54:08        6.987164        0.277133
FIRE:  294 12:54:08        6.986783        0.250958
FIRE:  295 12:54:08        6.984422        0.129715
FIRE:  296 12:54:08        6.983637        0.055935
FIRE:  297 12:54:08        6.983591        0.049175
FIRE:  298 12:54:08        6.983516        0.036525
FIRE:  299 12:54:08        6.983438        0.028186
FIRE:  300 12:54:08        6.983376        0.028623
FIRE:  301 12:54:08        6.983334        0.028971
FIRE:  302 12:54:08        6.983294        0.029116
FIRE:  303 12:54:08        6.983238        0.032194
FIRE:  304 12:54:08        6.983144        0.030116
FIRE:  305 12:54:08        6.983013        0.027679
FIRE:  306 12:54:08        6.982868        0.026420
FIRE:  307 12:54:08        6.982732        0.024888
FIRE:  308 12:54:08        6.982582        0.026980
FIRE:  309 12:54:08        6.982377        0.023154
FIRE:  310 12:54:08        6.982141        0.023089
FIRE:  311 12:54:08        6.981925        0.022725
FIRE:  312 12:54:09        6.981675        0.021076
FIRE:  313 12:54:09        6.981420        0.017930
FIRE:  314 12:54:09        6.981204        0.018842
FIRE:  315 12:54:09        6.981002        0.012616
FIRE:  316 12:54:09        6.980866        0.008165
