      Step     Time          Energy          fmax
FIRE:    0 13:43:23       74.303395       43.571328
FIRE:    1 13:43:23       59.873534       17.758570
FIRE:    2 13:43:23       56.524588       16.965834
FIRE:    3 13:43:23       51.997660       15.947075
FIRE:    4 13:43:23       46.398670       14.556549
FIRE:    5 13:43:23       40.102162       12.956442
FIRE:    6 13:43:23       33.856542       11.321817
FIRE:    7 13:43:23       28.665235        9.894696
FIRE:    8 13:43:23       24.713439        8.753731
FIRE:    9 13:43:23       21.946216        7.920937
FIRE:   10 13:43:23       20.281004        7.395858
FIRE:   11 13:43:23       19.464964        7.104824
FIRE:   12 13:43:23       18.904162        7.061210
FIRE:   13 13:43:23       17.780511        7.966016
FIRE:   14 13:43:23       15.811337        6.796042
FIRE:   15 13:43:23       13.604812        4.812526
FIRE:   16 13:43:23       11.788740        4.029152
FIRE:   17 13:43:23       10.528941        3.400974
FIRE:   18 13:43:23        9.693828        2.906420
FIRE:   19 13:43:24        9.083513        2.489275
FIRE:   20 13:43:24        8.563465        2.106975
FIRE:   21 13:43:24        8.078663        1.733437
FIRE:   22 13:43:24        7.624748        1.366761
FIRE:   23 13:43:24        7.224078        1.018376
FIRE:   24 13:43:24        6.909214        0.705797
FIRE:   25 13:43:24        6.705302        0.438574
FIRE:   26 13:43:24        6.605535        0.522410
FIRE:   27 13:43:24        6.566432        0.605922
FIRE:   28 13:43:24        6.551785        0.539218
FIRE:   29 13:43:24        6.509716        0.358944
FIRE:   30 13:43:24        6.472580        0.354512
FIRE:   31 13:43:24        6.451179        0.519552
FIRE:   32 13:43:24        6.425489        0.499128
FIRE:   33 13:43:24        6.398197        0.250557
FIRE:   34 13:43:24        6.397080        0.169190
FIRE:   35 13:43:24        6.396384        0.153339
FIRE:   36 13:43:24        6.395186        0.123769
FIRE:   37 13:43:24        6.393794        0.084547
FIRE:   38 13:43:24        6.392496        0.068505
FIRE:   39 13:43:24        6.391442        0.066793
FIRE:   40 13:43:24        6.390614        0.065147
FIRE:   41 13:43:24        6.389910        0.059775
FIRE:   42 13:43:24        6.389217        0.047559
FIRE:   43 13:43:25        6.388657        0.053108
FIRE:   44 13:43:25        6.388502        0.057870
FIRE:   45 13:43:25        6.388487        0.057782
FIRE:   46 13:43:25        6.388459        0.057603
FIRE:   47 13:43:25        6.388417        0.057332
FIRE:   48 13:43:25        6.388364        0.056963
FIRE:   49 13:43:25        6.388300        0.056490
FIRE:   50 13:43:25        6.388228        0.055906
FIRE:   51 13:43:25        6.388150        0.055205
FIRE:   52 13:43:25        6.388057        0.054288
FIRE:   53 13:43:25        6.387949        0.053106
FIRE:   54 13:43:25        6.387823        0.051613
FIRE:   55 13:43:25        6.387678        0.049780
FIRE:   56 13:43:25        6.387509        0.047623
FIRE:   57 13:43:25        6.387310        0.045235
FIRE:   58 13:43:25        6.387069        0.042817
FIRE:   59 13:43:25        6.386776        0.040695
FIRE:   60 13:43:25        6.386410        0.039302
FIRE:   61 13:43:25        6.385950        0.039089
FIRE:   62 13:43:25        6.385366        0.040375
FIRE:   63 13:43:25        6.384630        0.043184
FIRE:   64 13:43:25        6.383721        0.047148
FIRE:   65 13:43:26        6.382614        0.051555
FIRE:   66 13:43:26        6.381238        0.055472
FIRE:   67 13:43:26        6.379476        0.057747
FIRE:   68 13:43:26        6.377210        0.057352
FIRE:   69 13:43:26        6.374296        0.055370
FIRE:   70 13:43:26        6.370510        0.055975
FIRE:   71 13:43:26        6.365428        0.060887
FIRE:   72 13:43:26        6.358405        0.070790
FIRE:   73 13:43:26        6.348343        0.087797
FIRE:   74 13:43:26        6.333188        0.096232
FIRE:   75 13:43:26        6.310621        0.124595
FIRE:   76 13:43:26        6.288216        0.272331
FIRE:   77 13:43:26        6.285517        0.411594
FIRE:   78 13:43:26        6.256256        0.278911
FIRE:   79 13:43:26        6.251235        0.182111
FIRE:   80 13:43:26        6.247518        0.156552
FIRE:   81 13:43:26        6.247261        0.191860
FIRE:   82 13:43:26        6.246656        0.188504
FIRE:   83 13:43:26        6.245596        0.182082
FIRE:   84 13:43:26        6.244327        0.173204
FIRE:   85 13:43:26        6.243087        0.162864
FIRE:   86 13:43:26        6.241996        0.152537
FIRE:   87 13:43:26        6.240977        0.144007
FIRE:   88 13:43:26        6.239812        0.138690
FIRE:   89 13:43:27        6.238107        0.137394
FIRE:   90 13:43:27        6.235619        0.141376
FIRE:   91 13:43:27        6.232321        0.151073
FIRE:   92 13:43:27        6.228403        0.165193
FIRE:   93 13:43:27        6.223870        0.179760
FIRE:   94 13:43:27        6.218089        0.189314
FIRE:   95 13:43:27        6.210210        0.190087
FIRE:   96 13:43:27        6.200060        0.183035
FIRE:   97 13:43:27        6.187400        0.178101
FIRE:   98 13:43:27        6.170301        0.189875
FIRE:   99 13:43:27        6.147104        0.221034
FIRE:  100 13:43:27        6.115583        0.252154
FIRE:  101 13:43:27        6.070324        0.264282
FIRE:  102 13:43:27        6.005462        0.281438
FIRE:  103 13:43:27        5.924665        0.334893
FIRE:  104 13:43:27        5.832944        0.385416
FIRE:  105 13:43:27        5.728898        0.424312
FIRE:  106 13:43:27        5.612011        0.457362
FIRE:  107 13:43:27        5.483962        0.487311
FIRE:  108 13:43:27        5.346864        0.517563
FIRE:  109 13:43:27        5.203911        0.536978
FIRE:  110 13:43:27        5.060767        0.534696
FIRE:  111 13:43:27        4.926330        0.504518
FIRE:  112 13:43:28        4.812395        0.442297
FIRE:  113 13:43:28        4.734064        0.334634
FIRE:  114 13:43:28        4.700457        0.303464
FIRE:  115 13:43:28        4.696515        0.479102
FIRE:  116 13:43:28        4.645298        0.153508
FIRE:  117 13:43:28        4.637967        0.101452
FIRE:  118 13:43:28        4.633841        0.112421
FIRE:  119 13:43:28        4.633217        0.121431
FIRE:  120 13:43:28        4.632162        0.108397
FIRE:  121 13:43:28        4.630440        0.098585
FIRE:  122 13:43:28        4.628663        0.091148
FIRE:  123 13:43:28        4.627382        0.081993
FIRE:  124 13:43:28        4.626741        0.072504
FIRE:  125 13:43:28        4.626351        0.064508
FIRE:  126 13:43:28        4.625691        0.069262
FIRE:  127 13:43:28        4.624370        0.065972
FIRE:  128 13:43:28        4.622483        0.055172
FIRE:  129 13:43:28        4.620664        0.054948
FIRE:  130 13:43:28        4.619564        0.051652
FIRE:  131 13:43:29        4.618852        0.053966
FIRE:  132 13:43:29        4.617689        0.045193
FIRE:  133 13:43:29        4.616404        0.014295
FIRE:  134 13:43:29        4.616521        0.041603
FIRE:  135 13:43:29        4.616384        0.035587
FIRE:  136 13:43:29        4.616187        0.024469
FIRE:  137 13:43:29        4.616040        0.009901
