      Step     Time          Energy          fmax
FIRE:    0 11:16:33      212.056072       74.797168
FIRE:    1 11:16:33      172.052794       52.311144
FIRE:    2 11:16:33      141.995030       38.703436
FIRE:    3 11:16:33      118.825434       33.376525
FIRE:    4 11:16:33      100.533773       28.478643
FIRE:    5 11:16:33       85.803465       24.102425
FIRE:    6 11:16:33       73.780427       21.510703
FIRE:    7 11:16:33       63.912814       19.619903
FIRE:    8 11:16:33       55.796945       17.054525
FIRE:    9 11:16:33       49.077388       14.073024
FIRE:   10 11:16:33       43.358256       11.026135
FIRE:   11 11:16:33       38.233755       11.931653
FIRE:   12 11:16:33       33.435934       11.589817
FIRE:   13 11:16:33       28.950134        9.736673
FIRE:   14 11:16:33       24.943310        7.473228
FIRE:   15 11:16:33       21.562581        6.634175
FIRE:   16 11:16:33       18.802440        5.872150
FIRE:   17 11:16:33       16.528067        5.172187
FIRE:   18 11:16:33       14.599536        4.510529
FIRE:   19 11:16:34       12.947882        3.877893
FIRE:   20 11:16:34       11.558580        3.278148
FIRE:   21 11:16:34       10.416082        3.264237
FIRE:   22 11:16:34        9.464384        3.912777
FIRE:   23 11:16:34        8.620276        4.245420
FIRE:   24 11:16:34        7.817216        4.142270
FIRE:   25 11:16:34        7.041642        3.608627
FIRE:   26 11:16:34        6.333504        2.780231
FIRE:   27 11:16:34        5.743850        1.904726
FIRE:   28 11:16:34        5.295173        1.684350
FIRE:   29 11:16:34        4.980798        1.330822
FIRE:   30 11:16:34        4.789205        0.888070
FIRE:   31 11:16:34        4.711277        0.897167
FIRE:   32 11:16:34        4.319492        0.888419
FIRE:   33 11:16:34        4.051094        0.853776
FIRE:   34 11:16:34        3.800420        0.813830
FIRE:   35 11:16:34        3.507448        0.778579
FIRE:   36 11:16:34        3.260063        0.733417
FIRE:   37 11:16:34        3.060011        0.677143
FIRE:   38 11:16:34        2.885960        0.614718
FIRE:   39 11:16:34        2.753549        0.538847
FIRE:   40 11:16:34        2.647829        0.452180
FIRE:   41 11:16:34        2.532694        0.441757
FIRE:   42 11:16:34        2.409814        0.325024
FIRE:   43 11:16:34        2.318243        0.340539
FIRE:   44 11:16:34        2.242206        0.405255
FIRE:   45 11:16:34        2.152419        0.320731
FIRE:   46 11:16:35        2.064962        0.256970
FIRE:   47 11:16:35        1.989121        0.280621
FIRE:   48 11:16:35        1.932556        0.314286
FIRE:   49 11:16:35        1.895317        0.311786
FIRE:   50 11:16:35        1.864997        0.212747
FIRE:   51 11:16:35        1.852036        0.293753
FIRE:   52 11:16:35        1.900001        1.221986
FIRE:   53 11:16:35        1.906865        1.155424
FIRE:   54 11:16:35        1.795799        0.485704
FIRE:   55 11:16:35        1.784973        0.430133
FIRE:   56 11:16:35        1.780008        0.372485
FIRE:   57 11:16:35        1.772551        0.265385
FIRE:   58 11:16:35        1.766205        0.128208
FIRE:   59 11:16:35        1.763659        0.100037
FIRE:   60 11:16:35        1.764479        0.178226
FIRE:   61 11:16:35        1.764201        0.173590
FIRE:   62 11:16:35        1.763674        0.164594
FIRE:   63 11:16:35        1.762949        0.151825
FIRE:   64 11:16:35        1.762096        0.136242
FIRE:   65 11:16:35        1.761188        0.119311
FIRE:   66 11:16:35        1.760295        0.103192
FIRE:   67 11:16:35        1.759466        0.090788
FIRE:   68 11:16:35        1.758648        0.084715
FIRE:   69 11:16:35        1.757837        0.087764
FIRE:   70 11:16:35        1.756964        0.097226
FIRE:   71 11:16:36        1.755882        0.106723
FIRE:   72 11:16:36        1.754411        0.110352
FIRE:   73 11:16:36        1.752418        0.104417
FIRE:   74 11:16:36        1.749921        0.089198
FIRE:   75 11:16:36        1.747134        0.073767
FIRE:   76 11:16:36        1.744286        0.075530
FIRE:   77 11:16:36        1.741243        0.087325
FIRE:   78 11:16:36        1.737560        0.083826
FIRE:   79 11:16:36        1.733277        0.060007
FIRE:   80 11:16:36        1.729158        0.057730
FIRE:   81 11:16:36        1.725153        0.071142
FIRE:   82 11:16:36        1.720920        0.038760
FIRE:   83 11:16:36        1.717830        0.066372
FIRE:   84 11:16:36        1.715332        0.043580
FIRE:   85 11:16:36        1.714679        0.064646
FIRE:   86 11:16:36        1.714413        0.047164
FIRE:   87 11:16:36        1.714088        0.038403
FIRE:   88 11:16:36        1.713891        0.036596
FIRE:   89 11:16:36        1.713760        0.044340
FIRE:   90 11:16:36        1.713513        0.048455
FIRE:   91 11:16:36        1.713120        0.035836
FIRE:   92 11:16:36        1.712729        0.025102
FIRE:   93 11:16:36        1.712453        0.026739
FIRE:   94 11:16:36        1.712205        0.039092
FIRE:   95 11:16:36        1.711817        0.026862
FIRE:   96 11:16:36        1.711485        0.016701
FIRE:   97 11:16:37        1.711292        0.032463
FIRE:   98 11:16:37        1.710977        0.015074
FIRE:   99 11:16:37        1.710839        0.031072
FIRE:  100 11:16:37        1.710788        0.023497
FIRE:  101 11:16:37        1.710726        0.015021
FIRE:  102 11:16:37        1.710691        0.014602
FIRE:  103 11:16:37        1.710675        0.020742
FIRE:  104 11:16:37        1.710640        0.023110
FIRE:  105 11:16:37        1.710570        0.019829
FIRE:  106 11:16:37        1.710489        0.013633
FIRE:  107 11:16:37        1.710422        0.013272
FIRE:  108 11:16:37        1.710364        0.018352
FIRE:  109 11:16:37        1.710272        0.016680
FIRE:  110 11:16:37        1.710157        0.010027
FIRE:  111 11:16:37        1.710068        0.015604
FIRE:  112 11:16:37        1.709943        0.013131
FIRE:  113 11:16:37        1.709812        0.011254
FIRE:  114 11:16:37        1.709675        0.013219
FIRE:  115 11:16:37        1.709522        0.012914
FIRE:  116 11:16:37        1.709346        0.007134
