      Step     Time          Energy          fmax
FIRE:    0 00:07:51      306.709649      222.404769
FIRE:    1 00:07:51      211.543385      136.010576
FIRE:    2 00:07:51      154.132818       81.580140
FIRE:    3 00:07:51      119.481759       48.035844
FIRE:    4 00:07:51       97.793931       33.199492
FIRE:    5 00:07:51       82.847665       32.528229
FIRE:    6 00:07:51       71.020847       32.075446
FIRE:    7 00:07:51       60.601582       29.364791
FIRE:    8 00:07:51       51.109597       25.083982
FIRE:    9 00:07:51       42.811164       20.309972
FIRE:   10 00:07:51       36.120760       15.911512
FIRE:   11 00:07:51       31.258333       12.221573
FIRE:   12 00:07:52       28.127568        9.495368
FIRE:   13 00:07:52       26.273596       11.522115
FIRE:   14 00:07:52       24.938364       13.896069
FIRE:   15 00:07:52       23.314422       14.605024
FIRE:   16 00:07:52       20.986141       13.431890
FIRE:   17 00:07:52       18.156449       10.990936
FIRE:   18 00:07:52       15.346409        8.267103
FIRE:   19 00:07:52       12.941432        6.050387
FIRE:   20 00:07:52       11.034150        4.650830
FIRE:   21 00:07:52        9.527564        4.247383
FIRE:   22 00:07:52        8.286323        3.947105
FIRE:   23 00:07:52        7.224096        3.495632
FIRE:   24 00:07:52        6.318358        2.878837
FIRE:   25 00:07:52        5.573184        2.252924
FIRE:   26 00:07:52        4.983559        2.028062
FIRE:   27 00:07:52        4.534183        1.710849
FIRE:   28 00:07:52        4.217813        1.323951
FIRE:   29 00:07:52        4.043217        0.928955
FIRE:   30 00:07:52        4.019946        0.836667
FIRE:   31 00:07:52        3.522302        0.875844
FIRE:   32 00:07:52        3.165610        0.925930
FIRE:   33 00:07:52        2.878518        0.852586
FIRE:   34 00:07:52        2.650957        0.704584
FIRE:   35 00:07:52        2.476842        0.521022
FIRE:   36 00:07:52        2.318898        0.556203
FIRE:   37 00:07:52        2.137042        0.569987
FIRE:   38 00:07:52        1.952829        0.371941
FIRE:   39 00:07:53        1.819361        0.416728
FIRE:   40 00:07:53        1.717488        0.534794
FIRE:   41 00:07:53        1.587561        0.481241
FIRE:   42 00:07:53        1.436663        0.408270
FIRE:   43 00:07:53        1.330510        0.394256
FIRE:   44 00:07:53        1.299576        0.349984
FIRE:   45 00:07:53        1.272698        0.406309
FIRE:   46 00:07:53        1.232081        0.198998
FIRE:   47 00:07:53        1.224594        0.203953
FIRE:   48 00:07:53        1.219906        0.165052
FIRE:   49 00:07:53        1.213408        0.162353
FIRE:   50 00:07:53        1.208441        0.168207
FIRE:   51 00:07:53        1.205710        0.173423
FIRE:   52 00:07:53        1.202920        0.177315
FIRE:   53 00:07:53        1.198046        0.179715
FIRE:   54 00:07:53        1.191369        0.180316
FIRE:   55 00:07:53        1.183899        0.178250
FIRE:   56 00:07:53        1.176918        0.172393
FIRE:   57 00:07:53        1.169303        0.163084
FIRE:   58 00:07:53        1.160210        0.151648
FIRE:   59 00:07:53        1.151094        0.139443
FIRE:   60 00:07:53        1.140734        0.126764
FIRE:   61 00:07:53        1.129317        0.110216
FIRE:   62 00:07:53        1.120323        0.104511
FIRE:   63 00:07:53        1.108805        0.046674
FIRE:   64 00:07:53        1.102547        0.113354
FIRE:   65 00:07:53        1.093910        0.065617
FIRE:   66 00:07:53        1.087918        0.048210
FIRE:   67 00:07:54        1.081844        0.080156
FIRE:   68 00:07:54        1.078873        0.178394
FIRE:   69 00:07:54        1.071986        0.041105
FIRE:   70 00:07:54        1.074362        0.148032
FIRE:   71 00:07:54        1.072753        0.118448
FIRE:   72 00:07:54        1.070736        0.065903
FIRE:   73 00:07:54        1.069711        0.035458
FIRE:   74 00:07:54        1.069911        0.072840
FIRE:   75 00:07:54        1.069800        0.069555
FIRE:   76 00:07:54        1.069596        0.063174
FIRE:   77 00:07:54        1.069330        0.054079
FIRE:   78 00:07:54        1.069038        0.042861
FIRE:   79 00:07:54        1.068756        0.033707
FIRE:   80 00:07:54        1.068508        0.033972
FIRE:   81 00:07:54        1.068296        0.034272
FIRE:   82 00:07:54        1.068080        0.034646
FIRE:   83 00:07:54        1.067821        0.040344
FIRE:   84 00:07:54        1.067460        0.044970
FIRE:   85 00:07:54        1.066946        0.043976
FIRE:   86 00:07:54        1.066264        0.037310
FIRE:   87 00:07:54        1.065458        0.038428
FIRE:   88 00:07:54        1.064584        0.039840
FIRE:   89 00:07:54        1.063593        0.041657
FIRE:   90 00:07:54        1.062299        0.044021
FIRE:   91 00:07:54        1.060582        0.047118
FIRE:   92 00:07:54        1.058495        0.051196
FIRE:   93 00:07:54        1.055859        0.056552
FIRE:   94 00:07:54        1.052144        0.063500
FIRE:   95 00:07:55        1.047068        0.072413
FIRE:   96 00:07:55        1.039856        0.083748
FIRE:   97 00:07:55        1.029137        0.098052
FIRE:   98 00:07:55        1.013186        0.115886
FIRE:   99 00:07:55        0.988582        0.137515
FIRE:  100 00:07:55        0.950251        0.162169
FIRE:  101 00:07:55        0.890406        0.187405
FIRE:  102 00:07:55        0.820920        0.204041
FIRE:  103 00:07:55        0.749623        0.209545
FIRE:  104 00:07:55        0.683196        0.200564
FIRE:  105 00:07:55        0.628304        0.173819
FIRE:  106 00:07:55        0.591631        0.129922
FIRE:  107 00:07:55        0.578158        0.073479
FIRE:  108 00:07:55        0.571644        0.079359
FIRE:  109 00:07:55        0.563317        0.086516
FIRE:  110 00:07:55        0.558138        0.088689
FIRE:  111 00:07:55        0.556375        0.082894
FIRE:  112 00:07:55        0.555786        0.082099
FIRE:  113 00:07:55        0.554716        0.080461
FIRE:  114 00:07:55        0.553350        0.077908
FIRE:  115 00:07:55        0.551895        0.074388
FIRE:  116 00:07:55        0.550532        0.069921
FIRE:  117 00:07:55        0.549369        0.064647
FIRE:  118 00:07:55        0.548393        0.058894
FIRE:  119 00:07:55        0.547385        0.052514
FIRE:  120 00:07:55        0.546151        0.045994
FIRE:  121 00:07:55        0.544519        0.039825
FIRE:  122 00:07:55        0.542504        0.034332
FIRE:  123 00:07:55        0.540464        0.029423
FIRE:  124 00:07:56        0.538988        0.024417
FIRE:  125 00:07:56        0.538146        0.018223
FIRE:  126 00:07:56        0.537439        0.013797
FIRE:  127 00:07:56        0.537032        0.007138
