      Step     Time          Energy          fmax
FIRE:    0 12:23:22      166.238318      120.357279
FIRE:    1 12:23:22      124.319207       68.770644
FIRE:    2 12:23:22       96.684005       50.154070
FIRE:    3 12:23:22       77.211647       41.010801
FIRE:    4 12:23:22       62.266213       33.468252
FIRE:    5 12:23:23       50.155019       31.922958
FIRE:    6 12:23:23       40.577836       24.699211
FIRE:    7 12:23:23       33.814084       17.370053
FIRE:    8 12:23:23       30.025573       14.042273
FIRE:    9 12:23:23       28.623347       24.678153
FIRE:   10 12:23:23       27.892212       32.760523
FIRE:   11 12:23:23       25.903050       31.562510
FIRE:   12 12:23:23       22.574543       22.419482
FIRE:   13 12:23:23       19.296763       12.131597
FIRE:   14 12:23:23       16.813987        7.466504
FIRE:   15 12:23:23       15.045042        5.912360
FIRE:   16 12:23:23       13.764233        5.145041
FIRE:   17 12:23:23       12.828349        5.848076
FIRE:   18 12:23:23       12.118026        6.851369
FIRE:   19 12:23:23       11.484297        7.181518
FIRE:   20 12:23:23       10.791321        6.682248
FIRE:   21 12:23:23       10.013611        5.419414
FIRE:   22 12:23:23        9.235975        3.803990
FIRE:   23 12:23:23        8.547400        3.108354
FIRE:   24 12:23:23        7.986065        2.774374
FIRE:   25 12:23:23        7.555123        2.752397
FIRE:   26 12:23:23        7.234273        2.610503
FIRE:   27 12:23:23        6.988322        2.834952
FIRE:   28 12:23:23        6.776541        2.927949
FIRE:   29 12:23:23        6.573523        2.516965
FIRE:   30 12:23:23        6.406749        1.798630
FIRE:   31 12:23:23        6.343340        1.333355
FIRE:   32 12:23:23        5.907891        0.766784
FIRE:   33 12:23:23        5.656048        0.717452
FIRE:   34 12:23:24        5.441559        0.731830
FIRE:   35 12:23:24        5.233888        0.595145
FIRE:   36 12:23:24        5.054284        0.660726
FIRE:   37 12:23:24        4.935425        0.656222
FIRE:   38 12:23:24        4.858474        0.740145
FIRE:   39 12:23:24        4.754764        0.569292
FIRE:   40 12:23:24        4.636728        0.583558
FIRE:   41 12:23:24        4.533180        0.923728
FIRE:   42 12:23:24        4.420942        0.880335
FIRE:   43 12:23:24        4.304892        0.363580
FIRE:   44 12:23:24        4.230306        0.379052
FIRE:   45 12:23:24        4.171468        0.637829
FIRE:   46 12:23:24        4.076374        0.536919
FIRE:   47 12:23:24        3.985194        0.323638
FIRE:   48 12:23:24        3.903158        0.439457
FIRE:   49 12:23:24        3.801556        0.418149
FIRE:   50 12:23:24        3.702867        0.391783
FIRE:   51 12:23:24        3.597207        0.366667
FIRE:   52 12:23:24        3.484015        0.310077
FIRE:   53 12:23:24        3.417414        0.316920
FIRE:   54 12:23:24        3.389886        0.418028
FIRE:   55 12:23:24        3.398084        0.796321
FIRE:   56 12:23:24        3.312559        0.322032
FIRE:   57 12:23:24        3.306359        0.210964
FIRE:   58 12:23:24        3.297762        0.201847
FIRE:   59 12:23:24        3.289822        0.205892
FIRE:   60 12:23:24        3.281233        0.290273
FIRE:   61 12:23:24        3.268936        0.306973
FIRE:   62 12:23:24        3.252653        0.224695
FIRE:   63 12:23:24        3.234510        0.229903
FIRE:   64 12:23:25        3.212916        0.233746
FIRE:   65 12:23:25        3.184925        0.233669
FIRE:   66 12:23:25        3.150585        0.223540
FIRE:   67 12:23:25        3.114157        0.194262
FIRE:   68 12:23:25        3.076303        0.132129
FIRE:   69 12:23:25        3.055371        0.125000
FIRE:   70 12:23:25        3.053946        0.097101
FIRE:   71 12:23:25        3.051867        0.079328
FIRE:   72 12:23:25        3.049884        0.077768
FIRE:   73 12:23:25        3.047993        0.093256
FIRE:   74 12:23:25        3.045731        0.095990
FIRE:   75 12:23:25        3.043042        0.069589
FIRE:   76 12:23:25        3.040402        0.066758
FIRE:   77 12:23:25        3.037876        0.064749
FIRE:   78 12:23:25        3.035064        0.084053
FIRE:   79 12:23:25        3.031559        0.064326
FIRE:   80 12:23:25        3.028045        0.064391
FIRE:   81 12:23:25        3.024398        0.075408
FIRE:   82 12:23:25        3.020067        0.061437
FIRE:   83 12:23:25        3.016126        0.063980
FIRE:   84 12:23:25        3.011609        0.052157
FIRE:   85 12:23:25        3.007160        0.055107
FIRE:   86 12:23:25        3.001891        0.050224
FIRE:   87 12:23:25        2.996408        0.042212
FIRE:   88 12:23:25        2.990977        0.038178
FIRE:   89 12:23:25        2.985221        0.093513
FIRE:   90 12:23:25        2.981309        0.266855
FIRE:   91 12:23:25        2.975291        0.061167
FIRE:   92 12:23:25        2.978133        0.243036
FIRE:   93 12:23:25        2.976193        0.186339
FIRE:   94 12:23:25        2.973948        0.086044
FIRE:   95 12:23:25        2.973147        0.064381
FIRE:   96 12:23:25        2.973098        0.064384
FIRE:   97 12:23:26        2.973003        0.064395
FIRE:   98 12:23:26        2.972868        0.064423
FIRE:   99 12:23:26        2.972700        0.064483
FIRE:  100 12:23:26        2.972505        0.064594
FIRE:  101 12:23:26        2.972285        0.064774
FIRE:  102 12:23:26        2.972039        0.065044
FIRE:  103 12:23:26        2.971730        0.065462
FIRE:  104 12:23:26        2.971336        0.066084
FIRE:  105 12:23:26        2.970828        0.066971
FIRE:  106 12:23:26        2.970177        0.068187
FIRE:  107 12:23:26        2.969352        0.069799
FIRE:  108 12:23:26        2.968322        0.071864
FIRE:  109 12:23:26        2.967030        0.074429
FIRE:  110 12:23:26        2.965371        0.077561
FIRE:  111 12:23:26        2.963207        0.081424
FIRE:  112 12:23:26        2.960372        0.086377
FIRE:  113 12:23:26        2.956611        0.092994
FIRE:  114 12:23:26        2.951464        0.101942
FIRE:  115 12:23:26        2.944263        0.113754
FIRE:  116 12:23:26        2.933958        0.128531
FIRE:  117 12:23:26        2.918811        0.145408
FIRE:  118 12:23:26        2.896462        0.160937
FIRE:  119 12:23:26        2.864654        0.161043
FIRE:  120 12:23:26        2.828017        0.096407
FIRE:  121 12:23:26        2.819228        0.215921
FIRE:  122 12:23:26        2.816410        0.164249
FIRE:  123 12:23:26        2.812720        0.085987
FIRE:  124 12:23:26        2.809902        0.067201
FIRE:  125 12:23:26        2.808118        0.065404
FIRE:  126 12:23:26        2.806938        0.074601
FIRE:  127 12:23:26        2.806271        0.067711
FIRE:  128 12:23:27        2.805937        0.055654
FIRE:  129 12:23:27        2.805795        0.053730
FIRE:  130 12:23:27        2.805536        0.050520
FIRE:  131 12:23:27        2.805197        0.047134
FIRE:  132 12:23:27        2.804821        0.044633
FIRE:  133 12:23:27        2.804440        0.043180
FIRE:  134 12:23:27        2.804069        0.041622
FIRE:  135 12:23:27        2.803711        0.038198
FIRE:  136 12:23:27        2.803333        0.033636
FIRE:  137 12:23:27        2.802951        0.033175
FIRE:  138 12:23:27        2.802603        0.032471
FIRE:  139 12:23:27        2.802314        0.031247
FIRE:  140 12:23:27        2.802051        0.030728
FIRE:  141 12:23:27        2.801743        0.030769
FIRE:  142 12:23:27        2.801359        0.028696
FIRE:  143 12:23:27        2.800905        0.032312
FIRE:  144 12:23:27        2.800387        0.019909
FIRE:  145 12:23:27        2.799924        0.012066
FIRE:  146 12:23:27        2.799719        0.013586
FIRE:  147 12:23:27        2.799703        0.011344
FIRE:  148 12:23:27        2.799679        0.008579
