      Step     Time          Energy          fmax
BFGS:    0 09:46:20      -51.028175       36.026685
BFGS:    1 09:46:21      -68.853043       10.209375
BFGS:    2 09:46:21      -73.799377        6.101202
BFGS:    3 09:46:22      -76.779770        3.964440
BFGS:    4 09:46:23      -78.202003        2.066134
BFGS:    5 09:46:23      -78.777992        1.485565
BFGS:    6 09:46:24      -79.125763        1.488157
BFGS:    7 09:46:24      -79.400574        1.320392
BFGS:    8 09:46:25      -79.603821        0.900517
BFGS:    9 09:46:25      -79.726547        0.644356
BFGS:   10 09:46:25      -79.775146        0.672125
BFGS:   11 09:46:26      -79.827164        0.627430
BFGS:   12 09:46:26      -79.890129        0.495600
BFGS:   13 09:46:26      -79.945007        0.377670
BFGS:   14 09:46:26      -79.984528        0.393424
BFGS:   15 09:46:27      -80.014359        0.442859
BFGS:   16 09:46:27      -80.057213        0.480642
BFGS:   17 09:46:27      -80.117790        0.615967
BFGS:   18 09:46:28      -80.175453        0.581395
BFGS:   19 09:46:28      -80.207253        0.372797
BFGS:   20 09:46:28      -80.227875        0.386337
BFGS:   21 09:46:29      -80.253067        0.333543
BFGS:   22 09:46:29      -80.279808        0.318442
BFGS:   23 09:46:29      -80.298363        0.264293
BFGS:   24 09:46:29      -80.309570        0.211003
BFGS:   25 09:46:30      -80.319595        0.221358
BFGS:   26 09:46:30      -80.333038        0.203765
BFGS:   27 09:46:30      -80.350250        0.249530
BFGS:   28 09:46:31      -80.365280        0.264934
BFGS:   29 09:46:31      -80.376747        0.303602
BFGS:   30 09:46:31      -80.389297        0.301976
BFGS:   31 09:46:32      -80.412117        0.327769
BFGS:   32 09:46:32      -80.454041        0.374812
BFGS:   33 09:46:32      -80.487068        0.389477
BFGS:   34 09:46:32      -80.511223        0.322346
BFGS:   35 09:46:33      -80.530136        0.337648
BFGS:   36 09:46:33      -80.552803        0.362968
BFGS:   37 09:46:33      -80.590576        0.352802
BFGS:   38 09:46:34      -80.641426        0.530055
BFGS:   39 09:46:34      -80.693848        0.573054
BFGS:   40 09:46:34      -80.720047        0.645654
BFGS:   41 09:46:34      -80.774483        0.573479
BFGS:   42 09:46:35      -80.863205        0.448870
BFGS:   43 09:46:35      -80.941666        0.396929
BFGS:   44 09:46:35      -80.984024        0.595769
BFGS:   45 09:46:36      -81.010155        0.804419
BFGS:   46 09:46:36      -81.053444        0.671784
BFGS:   47 09:46:36      -81.112785        0.302631
BFGS:   48 09:46:37      -81.131889        0.322502
BFGS:   49 09:46:37      -81.145027        0.336281
BFGS:   50 09:46:37      -81.158356        0.329682
BFGS:   51 09:46:37      -81.179550        0.305262
BFGS:   52 09:46:38      -81.205704        0.435793
BFGS:   53 09:46:38      -81.234085        0.583567
BFGS:   54 09:46:38      -81.262238        0.627722
BFGS:   55 09:46:39      -81.299423        0.584061
BFGS:   56 09:46:39      -81.358139        0.646453
BFGS:   57 09:46:39      -81.449959        0.699388
BFGS:   58 09:46:40      -81.530731        0.657935
BFGS:   59 09:46:40      -81.558647        0.661424
BFGS:   60 09:46:40      -81.579117        0.781529
BFGS:   61 09:46:41      -81.626091        0.446685
BFGS:   62 09:46:41      -81.680481        0.402998
BFGS:   63 09:46:41      -81.733711        0.322585
BFGS:   64 09:46:41      -81.753632        0.383301
BFGS:   65 09:46:42      -81.775635        0.401023
BFGS:   66 09:46:42      -81.798958        0.447599
BFGS:   67 09:46:42      -81.827057        0.293179
BFGS:   68 09:46:43      -81.858047        0.336484
BFGS:   69 09:46:43      -81.871460        0.249382
BFGS:   70 09:46:43      -81.877205        0.176024
BFGS:   71 09:46:43      -81.885681        0.173983
BFGS:   72 09:46:44      -81.894890        0.136622
BFGS:   73 09:46:44      -81.901314        0.128983
BFGS:   74 09:46:44      -81.905075        0.134004
BFGS:   75 09:46:45      -81.908531        0.138192
BFGS:   76 09:46:45      -81.914536        0.161375
BFGS:   77 09:46:45      -81.926064        0.195080
BFGS:   78 09:46:45      -81.941307        0.228425
BFGS:   79 09:46:46      -81.952332        0.219167
BFGS:   80 09:46:46      -81.959930        0.217515
BFGS:   81 09:46:46      -81.967239        0.217061
BFGS:   82 09:46:47      -81.977303        0.200915
BFGS:   83 09:46:47      -81.989532        0.178511
BFGS:   84 09:46:47      -81.998436        0.163299
BFGS:   85 09:46:47      -82.003105        0.172120
BFGS:   86 09:46:48      -82.007446        0.184352
BFGS:   87 09:46:48      -82.012810        0.180216
BFGS:   88 09:46:48      -82.028496        0.148341
BFGS:   89 09:46:49      -82.033783        0.177797
BFGS:   90 09:46:49      -82.037209        0.161333
BFGS:   91 09:46:49      -82.040184        0.133308
BFGS:   92 09:46:49      -82.047447        0.115600
BFGS:   93 09:46:50      -82.055748        0.151380
BFGS:   94 09:46:50      -82.062737        0.165275
BFGS:   95 09:46:50      -82.066956        0.157262
BFGS:   96 09:46:51      -82.071129        0.140359
BFGS:   97 09:46:51      -82.077499        0.124596
BFGS:   98 09:46:51      -82.084770        0.093981
BFGS:   99 09:46:51      -82.088852        0.074270
BFGS:  100 09:46:52      -82.090294        0.069986
BFGS:  101 09:46:52      -82.091156        0.060208
BFGS:  102 09:46:52      -82.092361        0.064726
BFGS:  103 09:46:53      -82.094025        0.070064
BFGS:  104 09:46:53      -82.095070        0.056506
BFGS:  105 09:46:53      -82.095596        0.054051
BFGS:  106 09:46:53      -82.096062        0.047519
BFGS:  107 09:46:54      -82.096710        0.038429
BFGS:  108 09:46:54      -82.097343        0.039224
BFGS:  109 09:46:54      -82.097717        0.031107
BFGS:  110 09:46:54      -82.097878        0.026687
BFGS:  111 09:46:55      -82.098038        0.024374
BFGS:  112 09:46:55      -82.098289        0.025805
BFGS:  113 09:46:55      -82.098625        0.027903
BFGS:  114 09:46:56      -82.098877        0.033236
BFGS:  115 09:46:56      -82.099075        0.035553
BFGS:  116 09:46:56      -82.099266        0.031373
BFGS:  117 09:46:56      -82.099525        0.026536
BFGS:  118 09:46:57      -82.099747        0.017732
BFGS:  119 09:46:57      -82.099846        0.012523
BFGS:  120 09:46:57      -82.099869        0.012463
BFGS:  121 09:46:57      -82.099899        0.011601
BFGS:  122 09:46:58      -82.099937        0.009421
