      Step     Time          Energy          fmax
FIRE:    0 16:34:26      133.817089       48.841590
FIRE:    1 16:34:26      111.225218       31.120305
FIRE:    2 16:34:26       99.506784       24.872789
FIRE:    3 16:34:26       90.737173       25.377449
FIRE:    4 16:34:26       80.721106       23.582005
FIRE:    5 16:34:26       71.094182       17.065367
FIRE:    6 16:34:26       64.517163       16.024748
FIRE:    7 16:34:26       60.954611       15.412077
FIRE:    8 16:34:26       57.910557       16.441326
FIRE:    9 16:34:26       53.986470       14.058037
FIRE:   10 16:34:26       50.351507       13.299841
FIRE:   11 16:34:26       48.005795       12.733902
FIRE:   12 16:34:26       45.743287       12.161688
FIRE:   13 16:34:26       42.516041       11.400422
FIRE:   14 16:34:26       39.071579       10.583706
FIRE:   15 16:34:27       36.183708        9.851944
FIRE:   16 16:34:27       33.371165        9.113246
FIRE:   17 16:34:27       30.304670        8.306964
FIRE:   18 16:34:27       27.481435        7.534591
FIRE:   19 16:34:27       25.194368        6.860279
FIRE:   20 16:34:27       23.124982        6.222096
FIRE:   21 16:34:27       21.146949        5.595085
FIRE:   22 16:34:27       19.470607        5.026554
FIRE:   23 16:34:27       18.103130        4.522601
FIRE:   24 16:34:27       16.836855        4.038587
FIRE:   25 16:34:27       15.681638        3.575418
FIRE:   26 16:34:27       14.734608        3.156678
FIRE:   27 16:34:27       13.911264        2.757284
FIRE:   28 16:34:27       13.157369        2.359820
FIRE:   29 16:34:27       12.537788        1.982358
FIRE:   30 16:34:27       12.039695        1.626809
FIRE:   31 16:34:27       11.613702        1.284628
FIRE:   32 16:34:27       11.294502        0.969301
FIRE:   33 16:34:27       11.077048        0.672238
FIRE:   34 16:34:27       10.928168        0.380868
FIRE:   35 16:34:27       10.861765        0.383792
FIRE:   36 16:34:27       10.847042        0.454837
FIRE:   37 16:34:27       11.273310        3.741164
FIRE:   38 16:34:27       10.893028        2.024157
FIRE:   39 16:34:27       10.708225        0.275576
FIRE:   40 16:34:28       10.707004        0.275742
FIRE:   41 16:34:28       10.704820        0.275534
FIRE:   42 16:34:28       10.701970        0.273954
FIRE:   43 16:34:28       10.698573        0.269857
FIRE:   44 16:34:28       10.694614        0.262439
FIRE:   45 16:34:28       10.690187        0.251590
FIRE:   46 16:34:28       10.685600        0.238017
FIRE:   47 16:34:28       10.680678        0.221636
FIRE:   48 16:34:28       10.675406        0.204823
FIRE:   49 16:34:28       10.669526        0.189929
FIRE:   50 16:34:28       10.663001        0.176857
FIRE:   51 16:34:28       10.655463        0.170339
FIRE:   52 16:34:28       10.646231        0.158156
FIRE:   53 16:34:28       10.635816        0.134701
FIRE:   54 16:34:28       10.624989        0.112726
FIRE:   55 16:34:28       10.615640        0.102325
FIRE:   56 16:34:28       10.608137        0.070296
FIRE:   57 16:34:28       10.601709        0.064391
FIRE:   58 16:34:28       10.597025        0.032345
FIRE:   59 16:34:28       10.597110        0.070921
FIRE:   60 16:34:28       10.596617        0.052824
FIRE:   61 16:34:28       10.596202        0.050338
FIRE:   62 16:34:28       10.595860        0.059580
FIRE:   63 16:34:28       10.595319        0.041266
FIRE:   64 16:34:28       10.594899        0.030650
FIRE:   65 16:34:29       10.594662        0.047610
FIRE:   66 16:34:29       10.594196        0.037417
FIRE:   67 16:34:29       10.593522        0.038739
FIRE:   68 16:34:29       10.592756        0.043765
FIRE:   69 16:34:29       10.591602        0.030403
FIRE:   70 16:34:29       10.590549        0.045798
FIRE:   71 16:34:29       10.589189        0.036260
FIRE:   72 16:34:29       10.587645        0.041052
FIRE:   73 16:34:29       10.585546        0.057749
FIRE:   74 16:34:29       10.582905        0.065389
FIRE:   75 16:34:29       10.580001        0.108485
FIRE:   76 16:34:29       10.578793        0.270795
FIRE:   77 16:34:29       10.574615        0.043330
FIRE:   78 16:34:29       10.574545        0.043299
FIRE:   79 16:34:29       10.574420        0.043245
FIRE:   80 16:34:29       10.574249        0.043188
FIRE:   81 16:34:29       10.574032        0.043162
FIRE:   82 16:34:29       10.573756        0.043213
FIRE:   83 16:34:29       10.573417        0.043389
FIRE:   84 16:34:29       10.573023        0.043723
FIRE:   85 16:34:29       10.572528        0.044274
FIRE:   86 16:34:29       10.571899        0.045050
FIRE:   87 16:34:29       10.571082        0.046018
FIRE:   88 16:34:29       10.570034        0.047175
FIRE:   89 16:34:29       10.568687        0.048617
FIRE:   90 16:34:30       10.566919        0.050530
FIRE:   91 16:34:30       10.564606        0.053138
FIRE:   92 16:34:30       10.561507        0.056760
FIRE:   93 16:34:30       10.557286        0.061958
FIRE:   94 16:34:30       10.551336        0.069444
FIRE:   95 16:34:30       10.542656        0.080120
FIRE:   96 16:34:30       10.529433        0.095785
FIRE:   97 16:34:30       10.508226        0.119345
FIRE:   98 16:34:30       10.472275        0.153669
FIRE:   99 16:34:30       10.410912        0.288601
FIRE:  100 16:34:30       10.368659        1.172887
FIRE:  101 16:34:30       10.304443        0.573984
FIRE:  102 16:34:30       10.291089        0.362379
FIRE:  103 16:34:30       10.278208        0.274944
FIRE:  104 16:34:30       10.273378        0.300044
FIRE:  105 16:34:30       10.271797        0.276872
FIRE:  106 16:34:30       10.268928        0.277788
FIRE:  107 16:34:30       10.265247        0.279116
FIRE:  108 16:34:30       10.261206        0.280807
FIRE:  109 16:34:30       10.257031        0.282801
FIRE:  110 16:34:30       10.252601        0.285020
FIRE:  111 16:34:30       10.247535        0.287393
FIRE:  112 16:34:30       10.240699        0.290140
FIRE:  113 16:34:30       10.231363        0.293316
FIRE:  114 16:34:30       10.219088        0.297037
FIRE:  115 16:34:30       10.203823        0.301505
FIRE:  116 16:34:31       10.185283        0.306985
FIRE:  117 16:34:31       10.161887        0.313655
FIRE:  118 16:34:31       10.131107        0.321395
FIRE:  119 16:34:31       10.091526        0.329494
FIRE:  120 16:34:31       10.042294        0.336253
FIRE:  121 16:34:31        9.979730        0.339061
FIRE:  122 16:34:31        9.901489        0.335476
FIRE:  123 16:34:31        9.808117        0.323878
FIRE:  124 16:34:31        9.699441        0.293871
FIRE:  125 16:34:31        9.586760        0.234300
FIRE:  126 16:34:31        9.487848        0.201918
FIRE:  127 16:34:31        9.426053        0.256225
FIRE:  128 16:34:31        9.391771        0.293289
FIRE:  129 16:34:31        9.362399        0.276676
FIRE:  130 16:34:31        9.329017        0.204882
FIRE:  131 16:34:31        9.312653        0.093275
FIRE:  132 16:34:31        9.311470        0.086758
FIRE:  133 16:34:31        9.310260        0.078794
FIRE:  134 16:34:31        9.308986        0.075705
FIRE:  135 16:34:31        9.307929        0.077408
FIRE:  136 16:34:31        9.307276        0.076835
FIRE:  137 16:34:31        9.306192        0.070170
FIRE:  138 16:34:31        9.305015        0.060358
FIRE:  139 16:34:31        9.303806        0.053805
FIRE:  140 16:34:31        9.302943        0.052681
FIRE:  141 16:34:32        9.302634        0.041871
FIRE:  142 16:34:32        9.302551        0.040641
FIRE:  143 16:34:32        9.302424        0.038489
FIRE:  144 16:34:32        9.302291        0.035976
FIRE:  145 16:34:32        9.302167        0.033719
FIRE:  146 16:34:32        9.302056        0.032032
FIRE:  147 16:34:32        9.301979        0.030705
FIRE:  148 16:34:32        9.301936        0.029012
FIRE:  149 16:34:32        9.301883        0.026187
FIRE:  150 16:34:32        9.301794        0.022051
FIRE:  151 16:34:32        9.301686        0.017235
FIRE:  152 16:34:32        9.301568        0.013224
FIRE:  153 16:34:32        9.301480        0.010671
FIRE:  154 16:34:32        9.301459        0.012423
FIRE:  155 16:34:32        9.301450        0.012314
FIRE:  156 16:34:32        9.301437        0.012080
FIRE:  157 16:34:32        9.301423        0.011682
FIRE:  158 16:34:32        9.301409        0.011085
FIRE:  159 16:34:32        9.301394        0.010285
FIRE:  160 16:34:32        9.301379        0.009310
