      Step     Time          Energy          fmax
FIRE:    0 13:46:43      170.716612      154.567396
FIRE:    1 13:46:43      117.002387       87.716543
FIRE:    2 13:46:43       83.229137       49.762349
FIRE:    3 13:46:43       61.616386       28.557899
FIRE:    4 13:46:43       47.531417       20.882473
FIRE:    5 13:46:43       38.172271       15.365755
FIRE:    6 13:46:43       31.771085       12.635252
FIRE:    7 13:46:43       27.153400       15.190238
FIRE:    8 13:46:43       23.536830       15.445942
FIRE:    9 13:46:43       20.484877       13.717735
FIRE:   10 13:46:43       17.822797       10.763631
FIRE:   11 13:46:44       15.520156        8.151332
FIRE:   12 13:46:44       13.602264        7.059212
FIRE:   13 13:46:44       12.102936        5.589131
FIRE:   14 13:46:44       11.022008        3.977748
FIRE:   15 13:46:44       10.293284        4.232304
FIRE:   16 13:46:44        9.799409        4.524345
FIRE:   17 13:46:44        9.414893        4.477020
FIRE:   18 13:46:44        9.032946        5.474067
FIRE:   19 13:46:44        8.590524        5.726554
FIRE:   20 13:46:44        8.103400        5.029137
FIRE:   21 13:46:44        7.668606        3.624959
FIRE:   22 13:46:44        7.390031        2.068973
FIRE:   23 13:46:44        7.288496        1.703604
FIRE:   24 13:46:44        6.579778        1.342460
FIRE:   25 13:46:44        6.122026        1.185375
FIRE:   26 13:46:44        5.844524        1.014046
FIRE:   27 13:46:44        5.691820        1.142097
FIRE:   28 13:46:44        5.505679        1.284997
FIRE:   29 13:46:44        5.238235        0.927585
FIRE:   30 13:46:44        4.986692        0.664167
FIRE:   31 13:46:44        4.736505        0.715950
FIRE:   32 13:46:44        4.476638        0.683743
FIRE:   33 13:46:44        4.240435        0.679724
FIRE:   34 13:46:44        4.046833        0.491409
FIRE:   35 13:46:44        3.881789        0.608702
FIRE:   36 13:46:44        3.710124        0.707392
FIRE:   37 13:46:44        3.516619        0.634363
FIRE:   38 13:46:44        3.324430        0.500492
FIRE:   39 13:46:45        3.161650        0.585888
FIRE:   40 13:46:45        3.032092        0.575696
FIRE:   41 13:46:45        2.934561        0.741052
FIRE:   42 13:46:45        2.833531        1.220422
FIRE:   43 13:46:45        2.654819        1.038693
FIRE:   44 13:46:45        2.469162        0.601823
FIRE:   45 13:46:45        2.331411        0.653724
FIRE:   46 13:46:45        2.218123        0.752285
FIRE:   47 13:46:45        2.106239        0.686080
FIRE:   48 13:46:45        1.988180        0.603953
FIRE:   49 13:46:45        1.853012        0.687643
FIRE:   50 13:46:45        1.710930        0.446466
FIRE:   51 13:46:45        1.599930        0.380827
FIRE:   52 13:46:45        1.531470        0.360365
FIRE:   53 13:46:45        1.488743        0.467971
FIRE:   54 13:46:45        1.463886        0.429409
FIRE:   55 13:46:45        1.385645        0.653862
FIRE:   56 13:46:45        1.336686        0.256153
FIRE:   57 13:46:45        1.321315        0.489888
FIRE:   58 13:46:45        1.309218        0.370104
FIRE:   59 13:46:45        1.292980        0.240924
FIRE:   60 13:46:45        1.279951        0.235957
FIRE:   61 13:46:45        1.268950        0.275723
FIRE:   62 13:46:45        1.253385        0.335354
FIRE:   63 13:46:45        1.230527        0.270232
FIRE:   64 13:46:45        1.203523        0.222013
FIRE:   65 13:46:45        1.172637        0.216026
FIRE:   66 13:46:45        1.135978        0.210620
FIRE:   67 13:46:46        1.090006        0.223303
FIRE:   68 13:46:46        1.034252        0.207839
FIRE:   69 13:46:46        0.967677        0.209233
FIRE:   70 13:46:46        0.896607        0.206335
FIRE:   71 13:46:46        0.831462        0.195052
FIRE:   72 13:46:46        0.777266        0.176684
FIRE:   73 13:46:46        0.736896        0.190733
FIRE:   74 13:46:46        0.703471        0.172565
FIRE:   75 13:46:46        0.684006        0.236178
FIRE:   76 13:46:46        0.671181        0.285420
FIRE:   77 13:46:46        0.661640        0.251948
FIRE:   78 13:46:46        0.645883        0.201529
FIRE:   79 13:46:46        0.626911        0.205119
FIRE:   80 13:46:46        0.605874        0.183238
FIRE:   81 13:46:46        0.583477        0.142017
FIRE:   82 13:46:46        0.560123        0.110014
FIRE:   83 13:46:46        0.535665        0.121327
FIRE:   84 13:46:46        0.507067        0.133734
FIRE:   85 13:46:46        0.472556        0.143392
FIRE:   86 13:46:46        0.429598        0.147712
FIRE:   87 13:46:46        0.375541        0.145867
FIRE:   88 13:46:46        0.324186        0.140263
FIRE:   89 13:46:46        0.281604        0.131255
FIRE:   90 13:46:46        0.250348        0.120196
FIRE:   91 13:46:46        0.228908        0.102619
FIRE:   92 13:46:46        0.214659        0.104652
FIRE:   93 13:46:46        0.207547        0.113180
FIRE:   94 13:46:46        0.204855        0.092382
FIRE:   95 13:46:46        0.200490        0.064081
FIRE:   96 13:46:46        0.195370        0.064133
FIRE:   97 13:46:47        0.189969        0.064362
FIRE:   98 13:46:47        0.184568        0.062785
FIRE:   99 13:46:47        0.179486        0.057930
FIRE:  100 13:46:47        0.175320        0.050536
FIRE:  101 13:46:47        0.172360        0.042332
FIRE:  102 13:46:47        0.170910        0.039031
FIRE:  103 13:46:47        0.170256        0.050464
FIRE:  104 13:46:47        0.169929        0.046096
FIRE:  105 13:46:47        0.169334        0.043196
FIRE:  106 13:46:47        0.168558        0.038612
FIRE:  107 13:46:47        0.167684        0.031191
FIRE:  108 13:46:47        0.166779        0.030985
FIRE:  109 13:46:47        0.165890        0.030380
FIRE:  110 13:46:47        0.165046        0.029388
FIRE:  111 13:46:47        0.164175        0.027902
FIRE:  112 13:46:47        0.163308        0.026056
FIRE:  113 13:46:47        0.162524        0.025399
FIRE:  114 13:46:47        0.161923        0.023664
FIRE:  115 13:46:47        0.161495        0.021308
FIRE:  116 13:46:47        0.161042        0.024333
FIRE:  117 13:46:47        0.160328        0.023296
FIRE:  118 13:46:47        0.159332        0.016324
FIRE:  119 13:46:47        0.158283        0.013601
FIRE:  120 13:46:47        0.157429        0.010137
FIRE:  121 13:46:47        0.157257        0.021427
FIRE:  122 13:46:47        0.157198        0.008311
