      Step     Time          Energy          fmax
FIRE:    0 12:36:17      238.053729      225.798045
FIRE:    1 12:36:17      161.042277      120.302465
FIRE:    2 12:36:17      115.503219       64.794457
FIRE:    3 12:36:17       87.584817       44.915617
FIRE:    4 12:36:17       70.124490       31.712851
FIRE:    5 12:36:17       59.338977       20.880267
FIRE:    6 12:36:17       52.976715       17.575925
FIRE:    7 12:36:17       49.366962       19.371930
FIRE:    8 12:36:17       46.985366       20.587204
FIRE:    9 12:36:17       44.453083       20.977107
FIRE:   10 12:36:17       40.815300       20.214635
FIRE:   11 12:36:17       35.913099       18.328538
FIRE:   12 12:36:17       30.326625       15.799064
FIRE:   13 12:36:17       24.843489       13.134739
FIRE:   14 12:36:17       20.011986       10.558742
FIRE:   15 12:36:17       16.063851        8.093146
FIRE:   16 12:36:17       13.035714        5.875569
FIRE:   17 12:36:17       10.885447        4.235552
FIRE:   18 12:36:17        9.541548        3.559272
FIRE:   19 12:36:17        8.896551        3.118053
FIRE:   20 12:36:17        8.781157        3.458739
FIRE:   21 12:36:18        7.456059        2.370434
FIRE:   22 12:36:18        6.817585        2.044329
FIRE:   23 12:36:18        6.432193        1.723998
FIRE:   24 12:36:18        6.037638        1.774696
FIRE:   25 12:36:18        5.596275        1.280482
FIRE:   26 12:36:18        5.208721        0.781705
FIRE:   27 12:36:18        4.924335        0.753387
FIRE:   28 12:36:18        4.727200        0.656118
FIRE:   29 12:36:18        4.601828        0.470895
FIRE:   30 12:36:18        4.542755        0.482087
FIRE:   31 12:36:18        4.516583        0.482103
FIRE:   32 12:36:18        4.471973        0.479149
FIRE:   33 12:36:18        4.420425        0.469006
FIRE:   34 12:36:18        4.371391        0.449020
FIRE:   35 12:36:18        4.327371        0.420543
FIRE:   36 12:36:18        4.283341        0.388407
FIRE:   37 12:36:18        4.232006        0.390646
FIRE:   38 12:36:18        4.162458        0.332233
FIRE:   39 12:36:18        4.073132        0.322244
FIRE:   40 12:36:18        3.965285        0.407459
FIRE:   41 12:36:18        3.833421        0.466276
FIRE:   42 12:36:18        3.667729        0.478361
FIRE:   43 12:36:18        3.476610        0.478139
FIRE:   44 12:36:18        3.269461        0.462939
FIRE:   45 12:36:18        3.058310        0.409772
FIRE:   46 12:36:18        2.849291        0.330989
FIRE:   47 12:36:19        2.649794        0.352051
FIRE:   48 12:36:19        2.465545        0.399262
FIRE:   49 12:36:19        2.291553        0.465532
FIRE:   50 12:36:19        2.113894        0.487611
FIRE:   51 12:36:19        1.925117        0.464012
FIRE:   52 12:36:19        1.733453        0.421957
FIRE:   53 12:36:19        1.555190        0.428447
FIRE:   54 12:36:19        1.404583        0.496365
FIRE:   55 12:36:19        1.275000        0.691862
FIRE:   56 12:36:19        1.126605        0.772389
FIRE:   57 12:36:19        0.949952        0.573062
FIRE:   58 12:36:19        0.800874        0.416012
FIRE:   59 12:36:19        0.705640        0.394190
FIRE:   60 12:36:19        0.652233        0.408234
FIRE:   61 12:36:19        0.637167        0.433795
FIRE:   62 12:36:19        0.551806        0.550219
FIRE:   63 12:36:19        0.513913        0.205152
FIRE:   64 12:36:19        0.510140        0.173445
FIRE:   65 12:36:19        0.504422        0.168058
FIRE:   66 12:36:19        0.498227        0.160794
FIRE:   67 12:36:19        0.491071        0.162681
FIRE:   68 12:36:19        0.481937        0.147854
FIRE:   69 12:36:19        0.471314        0.139403
FIRE:   70 12:36:19        0.460510        0.132183
FIRE:   71 12:36:19        0.448398        0.136030
FIRE:   72 12:36:20        0.433883        0.112899
FIRE:   73 12:36:20        0.417990        0.094774
FIRE:   74 12:36:20        0.401660        0.134027
FIRE:   75 12:36:20        0.383645        0.064650
FIRE:   76 12:36:20        0.367278        0.120353
FIRE:   77 12:36:20        0.351574        0.055805
FIRE:   78 12:36:20        0.338478        0.081045
FIRE:   79 12:36:20        0.328762        0.105736
FIRE:   80 12:36:20        0.324558        0.116783
FIRE:   81 12:36:20        0.323052        0.089772
FIRE:   82 12:36:20        0.321347        0.087488
FIRE:   83 12:36:20        0.319505        0.101364
FIRE:   84 12:36:20        0.316697        0.085755
FIRE:   85 12:36:20        0.313475        0.074798
FIRE:   86 12:36:20        0.310566        0.069355
FIRE:   87 12:36:20        0.307383        0.063954
FIRE:   88 12:36:20        0.303697        0.059575
FIRE:   89 12:36:20        0.300160        0.056144
FIRE:   90 12:36:20        0.295831        0.057677
FIRE:   91 12:36:20        0.291489        0.065245
FIRE:   92 12:36:20        0.286003        0.076657
FIRE:   93 12:36:20        0.279822        0.088275
FIRE:   94 12:36:20        0.271518        0.094813
FIRE:   95 12:36:20        0.260775        0.092246
FIRE:   96 12:36:20        0.248031        0.079252
FIRE:   97 12:36:20        0.235831        0.135714
FIRE:   98 12:36:21        0.239550        0.451992
FIRE:   99 12:36:21        0.220574        0.070036
FIRE:  100 12:36:21        0.220275        0.061107
FIRE:  101 12:36:21        0.219870        0.061259
FIRE:  102 12:36:21        0.219526        0.061592
FIRE:  103 12:36:21        0.219183        0.062090
FIRE:  104 12:36:21        0.218664        0.062677
FIRE:  105 12:36:21        0.217927        0.063310
FIRE:  106 12:36:21        0.217109        0.064006
FIRE:  107 12:36:21        0.216241        0.064850
FIRE:  108 12:36:21        0.215193        0.065762
FIRE:  109 12:36:21        0.213755        0.066615
FIRE:  110 12:36:21        0.212067        0.067384
FIRE:  111 12:36:21        0.210100        0.067933
FIRE:  112 12:36:21        0.207534        0.067950
FIRE:  113 12:36:21        0.204581        0.067196
FIRE:  114 12:36:21        0.200811        0.065439
FIRE:  115 12:36:21        0.196425        0.062800
FIRE:  116 12:36:21        0.191128        0.059411
FIRE:  117 12:36:21        0.184946        0.055628
FIRE:  118 12:36:21        0.178025        0.051694
FIRE:  119 12:36:21        0.171090        0.091724
FIRE:  120 12:36:21        0.169554        0.271167
FIRE:  121 12:36:21        0.162488        0.042649
FIRE:  122 12:36:21        0.162443        0.042615
FIRE:  123 12:36:22        0.162358        0.042549
FIRE:  124 12:36:22        0.162239        0.042452
FIRE:  125 12:36:22        0.162086        0.042324
FIRE:  126 12:36:22        0.161895        0.042165
FIRE:  127 12:36:22        0.161666        0.041975
FIRE:  128 12:36:22        0.161402        0.041759
FIRE:  129 12:36:22        0.161074        0.041498
FIRE:  130 12:36:22        0.160670        0.041190
FIRE:  131 12:36:22        0.160166        0.040840
FIRE:  132 12:36:22        0.159549        0.040463
FIRE:  133 12:36:22        0.158797        0.040072
FIRE:  134 12:36:22        0.157876        0.039669
FIRE:  135 12:36:22        0.156762        0.039244
FIRE:  136 12:36:22        0.155411        0.038777
FIRE:  137 12:36:22        0.153791        0.038281
FIRE:  138 12:36:22        0.151849        0.037791
FIRE:  139 12:36:22        0.149521        0.037312
FIRE:  140 12:36:22        0.146710        0.036790
FIRE:  141 12:36:22        0.143308        0.036421
FIRE:  142 12:36:22        0.139645        0.072678
FIRE:  143 12:36:22        0.140319        0.248719
FIRE:  144 12:36:22        0.134418        0.035180
FIRE:  145 12:36:22        0.134332        0.034953
FIRE:  146 12:36:22        0.134220        0.035024
FIRE:  147 12:36:22        0.134131        0.035154
FIRE:  148 12:36:23        0.134045        0.035321
FIRE:  149 12:36:23        0.133907        0.035483
FIRE:  150 12:36:23        0.133703        0.035625
FIRE:  151 12:36:23        0.133475        0.035752
FIRE:  152 12:36:23        0.133233        0.035889
FIRE:  153 12:36:23        0.132936        0.036019
FIRE:  154 12:36:23        0.132520        0.036115
FIRE:  155 12:36:23        0.132023        0.036174
FIRE:  156 12:36:23        0.131443        0.036149
FIRE:  157 12:36:23        0.130677        0.035945
FIRE:  158 12:36:23        0.129795        0.035549
FIRE:  159 12:36:23        0.128671        0.034946
FIRE:  160 12:36:23        0.127366        0.034168
FIRE:  161 12:36:23        0.125774        0.033200
FIRE:  162 12:36:23        0.123883        0.032226
FIRE:  163 12:36:23        0.121678        0.031109
FIRE:  164 12:36:23        0.119236        0.036782
FIRE:  165 12:36:23        0.117747        0.122966
FIRE:  166 12:36:23        0.116229        0.028258
FIRE:  167 12:36:23        0.116212        0.028240
FIRE:  168 12:36:23        0.116180        0.028204
FIRE:  169 12:36:23        0.116132        0.028153
FIRE:  170 12:36:23        0.116070        0.028086
FIRE:  171 12:36:24        0.115991        0.028006
FIRE:  172 12:36:24        0.115897        0.027913
FIRE:  173 12:36:24        0.115787        0.027807
FIRE:  174 12:36:24        0.115649        0.027676
FIRE:  175 12:36:24        0.115475        0.027515
FIRE:  176 12:36:24        0.115258        0.027316
FIRE:  177 12:36:24        0.114989        0.027078
FIRE:  178 12:36:24        0.114658        0.026796
FIRE:  179 12:36:24        0.114252        0.026464
FIRE:  180 12:36:24        0.113760        0.026063
FIRE:  181 12:36:24        0.113167        0.025560
FIRE:  182 12:36:24        0.112458        0.024922
FIRE:  183 12:36:24        0.111621        0.024108
FIRE:  184 12:36:24        0.110647        0.023014
FIRE:  185 12:36:24        0.109534        0.021578
FIRE:  186 12:36:24        0.108301        0.019690
FIRE:  187 12:36:24        0.107141        0.040676
FIRE:  188 12:36:24        0.107776        0.145337
FIRE:  189 12:36:24        0.105732        0.018137
FIRE:  190 12:36:24        0.105712        0.014439
FIRE:  191 12:36:24        0.105688        0.014401
FIRE:  192 12:36:24        0.105674        0.014363
FIRE:  193 12:36:24        0.105665        0.014327
FIRE:  194 12:36:24        0.105646        0.014286
FIRE:  195 12:36:25        0.105611        0.014239
FIRE:  196 12:36:25        0.105573        0.014187
FIRE:  197 12:36:25        0.105536        0.014122
FIRE:  198 12:36:25        0.105496        0.014025
FIRE:  199 12:36:25        0.105433        0.013875
FIRE:  200 12:36:25        0.105358        0.013672
FIRE:  201 12:36:25        0.105279        0.013430
FIRE:  202 12:36:25        0.105170        0.013145
FIRE:  203 12:36:25        0.105052        0.012794
FIRE:  204 12:36:25        0.104904        0.012302
FIRE:  205 12:36:25        0.104747        0.011684
FIRE:  206 12:36:25        0.104551        0.011021
FIRE:  207 12:36:25        0.104339        0.010192
FIRE:  208 12:36:25        0.104121        0.011951
FIRE:  209 12:36:25        0.103963        0.030600
FIRE:  210 12:36:25        0.103870        0.008025
