      Step     Time          Energy          fmax
FIRE:    0 12:31:33      550.955093      109.657896
FIRE:    1 12:31:33      495.266363       73.498014
FIRE:    2 12:31:33      454.720216       71.363807
FIRE:    3 12:31:34      418.151775       66.138614
FIRE:    4 12:31:34      387.204808       64.042823
FIRE:    5 12:31:34      362.555428       62.179078
FIRE:    6 12:31:34      340.211587       60.132168
FIRE:    7 12:31:34      316.935972       57.639828
FIRE:    8 12:31:34      292.675243       54.751981
FIRE:    9 12:31:34      267.995087       51.585895
FIRE:   10 12:31:34      242.599431       48.166867
FIRE:   11 12:31:34      216.737213       44.567241
FIRE:   12 12:31:34      191.626220       40.970805
FIRE:   13 12:31:34      168.569250       37.584648
FIRE:   14 12:31:34      148.581657       34.593037
FIRE:   15 12:31:34      132.625004       32.167019
FIRE:   16 12:31:34      121.639764       30.450142
FIRE:   17 12:31:34      115.923768       29.458985
FIRE:   18 12:31:34      114.095779       28.952907
FIRE:   19 12:31:34      105.454981       27.232370
FIRE:   20 12:31:34      100.141465       26.359977
FIRE:   21 12:31:34       91.833172       24.632317
FIRE:   22 12:31:34       85.389984       23.161241
FIRE:   23 12:31:34       79.283580       21.787646
FIRE:   24 12:31:34       72.796120       20.393879
FIRE:   25 12:31:35       67.187614       19.139845
FIRE:   26 12:31:35       62.117494       17.933549
FIRE:   27 12:31:35       57.111042       16.691723
FIRE:   28 12:31:35       52.462103       15.487463
FIRE:   29 12:31:35       48.310324       14.371612
FIRE:   30 12:31:35       44.395112       13.310175
FIRE:   31 12:31:35       40.676323       12.292895
FIRE:   32 12:31:35       37.305964       11.338350
FIRE:   33 12:31:35       34.254900       10.430009
FIRE:   34 12:31:35       31.414534        9.541744
FIRE:   35 12:31:35       28.799821        8.682287
FIRE:   36 12:31:35       26.451740        7.871456
FIRE:   37 12:31:35       24.330442        7.108910
FIRE:   38 12:31:35       22.396961        6.392748
FIRE:   39 12:31:35       20.663847        5.723330
FIRE:   40 12:31:35       19.132545        5.090828
FIRE:   41 12:31:35       17.773467        4.485101
FIRE:   42 12:31:35       16.572177        3.905966
FIRE:   43 12:31:35       15.532146        3.360404
FIRE:   44 12:31:35       14.642951        2.853878
FIRE:   45 12:31:35       13.885282        2.386731
FIRE:   46 12:31:35       13.251941        1.956407
FIRE:   47 12:31:35       12.737355        1.561275
FIRE:   48 12:31:35       12.327369        1.197383
FIRE:   49 12:31:36       12.011194        0.863701
FIRE:   50 12:31:36       11.781638        0.588593
FIRE:   51 12:31:36       11.625119        0.601535
FIRE:   52 12:31:36       11.526446        0.607260
FIRE:   53 12:31:36       11.470503        0.605881
FIRE:   54 12:31:36       11.440141        0.594618
FIRE:   55 12:31:36       11.422605        0.562575
FIRE:   56 12:31:36       11.417603        0.485028
FIRE:   57 12:31:36       11.302448        0.220189
FIRE:   58 12:31:36       11.258642        0.316642
FIRE:   59 12:31:36       11.213041        0.489030
FIRE:   60 12:31:36       11.236903        0.795578
FIRE:   61 12:31:36       11.181780        0.273699
FIRE:   62 12:31:36       11.187440        0.421830
FIRE:   63 12:31:36       11.181955        0.351525
FIRE:   64 12:31:36       11.174239        0.224098
FIRE:   65 12:31:36       11.168653        0.201677
FIRE:   66 12:31:36       11.167623        0.200051
FIRE:   67 12:31:36       11.167460        0.200137
FIRE:   68 12:31:36       11.167148        0.200304
FIRE:   69 12:31:36       11.166709        0.200543
FIRE:   70 12:31:36       11.166177        0.200842
FIRE:   71 12:31:36       11.165584        0.201184
FIRE:   72 12:31:37       11.164956        0.201551
FIRE:   73 12:31:37       11.164312        0.201923
FIRE:   74 12:31:37       11.163583        0.202316
FIRE:   75 12:31:37       11.162740        0.202706
FIRE:   76 12:31:37       11.161729        0.203058
FIRE:   77 12:31:37       11.160468        0.203337
FIRE:   78 12:31:37       11.158880        0.203499
FIRE:   79 12:31:37       11.156930        0.203496
FIRE:   80 12:31:37       11.154655        0.203280
FIRE:   81 12:31:37       11.152118        0.202822
FIRE:   82 12:31:37       11.149275        0.202145
FIRE:   83 12:31:37       11.145928        0.201270
FIRE:   84 12:31:37       11.141959        0.200056
FIRE:   85 12:31:37       11.137486        0.198004
FIRE:   86 12:31:37       11.132410        0.194308
FIRE:   87 12:31:37       11.126339        0.188254
FIRE:   88 12:31:37       11.119435        0.179302
FIRE:   89 12:31:37       11.111543        0.167665
FIRE:   90 12:31:37       11.102800        0.153066
FIRE:   91 12:31:37       11.093511        0.134024
FIRE:   92 12:31:37       11.084273        0.111388
FIRE:   93 12:31:38       11.075236        0.089778
FIRE:   94 12:31:38       11.066566        0.067812
FIRE:   95 12:31:38       11.059063        0.100161
FIRE:   96 12:31:38       11.055763        0.206098
FIRE:   97 12:31:38       11.051790        0.039084
FIRE:   98 12:31:38       11.054035        0.164082
FIRE:   99 12:31:38       11.053077        0.129781
FIRE:  100 12:31:38       11.051908        0.068567
FIRE:  101 12:31:38       11.051423        0.038857
FIRE:  102 12:31:38       11.051419        0.038853
FIRE:  103 12:31:38       11.051410        0.038845
FIRE:  104 12:31:38       11.051398        0.038833
FIRE:  105 12:31:38       11.051383        0.038814
FIRE:  106 12:31:38       11.051364        0.038789
FIRE:  107 12:31:38       11.051341        0.038756
FIRE:  108 12:31:38       11.051316        0.038713
FIRE:  109 12:31:38       11.051284        0.038653
FIRE:  110 12:31:38       11.051244        0.038570
FIRE:  111 12:31:38       11.051195        0.038456
FIRE:  112 12:31:38       11.051134        0.038304
FIRE:  113 12:31:39       11.051059        0.038105
FIRE:  114 12:31:39       11.050968        0.037853
FIRE:  115 12:31:39       11.050859        0.037544
FIRE:  116 12:31:39       11.050731        0.037176
FIRE:  117 12:31:39       11.050579        0.036752
FIRE:  118 12:31:39       11.050401        0.036267
FIRE:  119 12:31:39       11.050198        0.035697
FIRE:  120 12:31:39       11.049967        0.035001
FIRE:  121 12:31:39       11.049707        0.034132
FIRE:  122 12:31:39       11.049420        0.033076
FIRE:  123 12:31:39       11.049105        0.031841
FIRE:  124 12:31:39       11.048762        0.030352
FIRE:  125 12:31:39       11.048387        0.028434
FIRE:  126 12:31:39       11.047980        0.026073
FIRE:  127 12:31:39       11.047540        0.023240
FIRE:  128 12:31:39       11.047080        0.019539
FIRE:  129 12:31:39       11.046657        0.018481
FIRE:  130 12:31:39       11.046444        0.045216
FIRE:  131 12:31:39       11.046246        0.010821
FIRE:  132 12:31:39       11.046355        0.035362
FIRE:  133 12:31:39       11.046309        0.028079
FIRE:  134 12:31:39       11.046252        0.015046
FIRE:  135 12:31:39       11.046228        0.010786
FIRE:  136 12:31:40       11.046228        0.010785
FIRE:  137 12:31:40       11.046227        0.010782
FIRE:  138 12:31:40       11.046227        0.010777
FIRE:  139 12:31:40       11.046226        0.010771
FIRE:  140 12:31:40       11.046225        0.010762
FIRE:  141 12:31:40       11.046224        0.010752
FIRE:  142 12:31:40       11.046223        0.010738
FIRE:  143 12:31:40       11.046221        0.010720
FIRE:  144 12:31:40       11.046219        0.010696
FIRE:  145 12:31:40       11.046216        0.010664
FIRE:  146 12:31:40       11.046213        0.010621
FIRE:  147 12:31:40       11.046209        0.010565
FIRE:  148 12:31:40       11.046204        0.010494
FIRE:  149 12:31:40       11.046198        0.010405
FIRE:  150 12:31:40       11.046191        0.010295
FIRE:  151 12:31:40       11.046183        0.010163
FIRE:  152 12:31:40       11.046173        0.010002
FIRE:  153 12:31:40       11.046161        0.009805
