      Step     Time          Energy          fmax
FIRE:    0 14:46:12      142.174622       31.020365
FIRE:    1 14:46:12      124.769041       21.303089
FIRE:    2 14:46:12      111.301762       18.866815
FIRE:    3 14:46:12      100.230104       19.669421
FIRE:    4 14:46:12       90.495632       19.226868
FIRE:    5 14:46:12       81.659269       17.542893
FIRE:    6 14:46:12       73.751485       14.870743
FIRE:    7 14:46:12       66.990043       13.556007
FIRE:    8 14:46:12       61.578759       13.262660
FIRE:    9 14:46:12       57.650978       12.965102
FIRE:   10 14:46:12       55.232409       12.647512
FIRE:   11 14:46:13       54.099218       12.290129
FIRE:   12 14:46:13       53.567752       13.153739
FIRE:   13 14:46:13       49.244907       11.626065
FIRE:   14 14:46:13       46.864485       11.269636
FIRE:   15 14:46:13       44.865328       10.834144
FIRE:   16 14:46:13       42.706837       10.354433
FIRE:   17 14:46:13       40.382718        9.862759
FIRE:   18 14:46:13       38.031876        9.373908
FIRE:   19 14:46:13       35.774144        8.895219
FIRE:   20 14:46:13       33.679359        8.430475
FIRE:   21 14:46:13       31.777443        7.980760
FIRE:   22 14:46:13       30.064205        7.542634
FIRE:   23 14:46:13       28.512001        7.113005
FIRE:   24 14:46:13       27.083339        6.690684
FIRE:   25 14:46:13       25.746725        6.275660
FIRE:   26 14:46:13       24.487342        5.868989
FIRE:   27 14:46:13       23.306234        5.474175
FIRE:   28 14:46:13       22.210159        5.094965
FIRE:   29 14:46:13       21.202205        4.729421
FIRE:   30 14:46:13       20.278715        4.376953
FIRE:   31 14:46:13       19.431510        4.037850
FIRE:   32 14:46:13       18.652229        3.711909
FIRE:   33 14:46:13       17.935309        3.398705
FIRE:   34 14:46:13       17.278092        3.101763
FIRE:   35 14:46:13       16.678341        2.827205
FIRE:   36 14:46:13       16.133357        2.568347
FIRE:   37 14:46:13       15.640318        2.320142
FIRE:   38 14:46:14       15.195670        2.084297
FIRE:   39 14:46:14       14.796808        1.862091
FIRE:   40 14:46:14       14.443264        1.653834
FIRE:   41 14:46:14       14.134815        1.459159
FIRE:   42 14:46:14       13.868570        1.276889
FIRE:   43 14:46:14       13.638744        1.105109
FIRE:   44 14:46:14       13.439542        0.941921
FIRE:   45 14:46:14       13.267652        0.787503
FIRE:   46 14:46:14       13.121792        0.645604
FIRE:   47 14:46:14       13.000592        0.516093
FIRE:   48 14:46:14       12.901574        0.396910
FIRE:   49 14:46:14       12.820546        0.289317
FIRE:   50 14:46:14       12.752390        0.294517
FIRE:   51 14:46:14       12.692854        0.296539
FIRE:   52 14:46:14       12.640408        0.274138
FIRE:   53 14:46:14       12.596636        0.235782
FIRE:   54 14:46:14       12.564396        0.191345
FIRE:   55 14:46:14       12.548552        0.140087
FIRE:   56 14:46:14       12.556449        0.142362
FIRE:   57 14:46:14       12.548801        0.243323
FIRE:   58 14:46:14       12.538691        0.135067
FIRE:   59 14:46:14       12.535863        0.098424
FIRE:   60 14:46:14       12.533265        0.068587
FIRE:   61 14:46:14       12.532603        0.090626
FIRE:   62 14:46:14       12.532256        0.083214
FIRE:   63 14:46:14       12.531653        0.069535
FIRE:   64 14:46:15       12.530936        0.059500
FIRE:   65 14:46:15       12.530238        0.063819
FIRE:   66 14:46:15       12.529614        0.071417
FIRE:   67 14:46:15       12.529018        0.077322
FIRE:   68 14:46:15       12.528345        0.080667
FIRE:   69 14:46:15       12.527408        0.080958
FIRE:   70 14:46:15       12.526127        0.077362
FIRE:   71 14:46:15       12.524549        0.069521
FIRE:   72 14:46:15       12.522851        0.058283
FIRE:   73 14:46:15       12.521120        0.046950
FIRE:   74 14:46:15       12.519141        0.042666
FIRE:   75 14:46:15       12.516777        0.041045
FIRE:   76 14:46:15       12.514453        0.046601
FIRE:   77 14:46:15       12.512318        0.045102
FIRE:   78 14:46:15       12.510072        0.029031
FIRE:   79 14:46:15       12.508412        0.031833
FIRE:   80 14:46:15       12.506951        0.022071
FIRE:   81 14:46:15       12.506307        0.047067
FIRE:   82 14:46:15       12.506108        0.035949
FIRE:   83 14:46:15       12.505880        0.020473
FIRE:   84 14:46:15       12.505763        0.021016
FIRE:   85 14:46:15       12.505674        0.030424
FIRE:   86 14:46:15       12.505457        0.030698
FIRE:   87 14:46:15       12.505110        0.024081
FIRE:   88 14:46:15       12.504767        0.016974
FIRE:   89 14:46:15       12.504468        0.025502
FIRE:   90 14:46:15       12.504081        0.029729
FIRE:   91 14:46:15       12.503502        0.018855
FIRE:   92 14:46:15       12.502919        0.020768
FIRE:   93 14:46:16       12.502260        0.022811
FIRE:   94 14:46:16       12.501391        0.016506
FIRE:   95 14:46:16       12.500512        0.023745
FIRE:   96 14:46:16       12.499349        0.018904
FIRE:   97 14:46:16       12.498040        0.022313
FIRE:   98 14:46:16       12.496438        0.026842
FIRE:   99 14:46:16       12.494285        0.024334
FIRE:  100 14:46:16       12.491586        0.030995
FIRE:  101 14:46:16       12.488512        0.056046
FIRE:  102 14:46:16       12.488781        0.164506
FIRE:  103 14:46:16       12.483680        0.021865
FIRE:  104 14:46:16       12.483622        0.019491
FIRE:  105 14:46:16       12.483528        0.017134
FIRE:  106 14:46:16       12.483414        0.017910
FIRE:  107 14:46:16       12.483277        0.020227
FIRE:  108 14:46:16       12.483095        0.020705
FIRE:  109 14:46:16       12.482866        0.018564
FIRE:  110 14:46:16       12.482605        0.016463
FIRE:  111 14:46:16       12.482293        0.019626
FIRE:  112 14:46:16       12.481901        0.021044
FIRE:  113 14:46:16       12.481395        0.019350
FIRE:  114 14:46:16       12.480776        0.016889
FIRE:  115 14:46:16       12.480012        0.018161
FIRE:  116 14:46:16       12.479045        0.017976
FIRE:  117 14:46:16       12.477864        0.019986
FIRE:  118 14:46:16       12.476388        0.016832
FIRE:  119 14:46:16       12.474582        0.018944
FIRE:  120 14:46:16       12.472355        0.019121
FIRE:  121 14:46:16       12.469607        0.024189
FIRE:  122 14:46:17       12.466208        0.027110
FIRE:  123 14:46:17       12.462385        0.060537
FIRE:  124 14:46:17       12.460449        0.150359
FIRE:  125 14:46:17       12.456311        0.024567
FIRE:  126 14:46:17       12.456254        0.022933
FIRE:  127 14:46:17       12.456151        0.020882
FIRE:  128 14:46:17       12.456013        0.020006
FIRE:  129 14:46:17       12.455839        0.020388
FIRE:  130 14:46:17       12.455615        0.021237
FIRE:  131 14:46:17       12.455338        0.020533
FIRE:  132 14:46:17       12.455013        0.019681
FIRE:  133 14:46:17       12.454608        0.020712
FIRE:  134 14:46:17       12.454096        0.022061
FIRE:  135 14:46:17       12.453438        0.021522
FIRE:  136 14:46:17       12.452607        0.020513
FIRE:  137 14:46:17       12.451567        0.021252
FIRE:  138 14:46:17       12.450242        0.021446
FIRE:  139 14:46:17       12.448576        0.023423
FIRE:  140 14:46:17       12.446452        0.022982
FIRE:  141 14:46:17       12.443750        0.023365
FIRE:  142 14:46:17       12.440257        0.025464
FIRE:  143 14:46:17       12.435634        0.026312
FIRE:  144 14:46:17       12.429208        0.029582
FIRE:  145 14:46:17       12.419734        0.037531
FIRE:  146 14:46:17       12.405558        0.048953
FIRE:  147 14:46:17       12.387768        0.146390
FIRE:  148 14:46:17       12.417918        0.633576
FIRE:  149 14:46:17       12.374010        0.339782
FIRE:  150 14:46:17       12.360541        0.235808
FIRE:  151 14:46:18       12.349230        0.077656
FIRE:  152 14:46:18       12.352857        0.181247
FIRE:  153 14:46:18       12.351691        0.165014
FIRE:  154 14:46:18       12.349750        0.135683
FIRE:  155 14:46:18       12.347659        0.098847
FIRE:  156 14:46:18       12.346020        0.063340
FIRE:  157 14:46:18       12.345133        0.071332
FIRE:  158 14:46:18       12.344805        0.084493
FIRE:  159 14:46:18       12.344514        0.106401
FIRE:  160 14:46:18       12.343695        0.118210
FIRE:  161 14:46:18       12.341939        0.114776
FIRE:  162 14:46:18       12.339199        0.094687
FIRE:  163 14:46:18       12.335977        0.074359
FIRE:  164 14:46:18       12.332972        0.064662
FIRE:  165 14:46:18       12.329840        0.097486
FIRE:  166 14:46:18       12.325014        0.100838
FIRE:  167 14:46:18       12.317965        0.070104
FIRE:  168 14:46:18       12.310043        0.086059
FIRE:  169 14:46:18       12.300259        0.104460
FIRE:  170 14:46:18       12.285864        0.092260
FIRE:  171 14:46:18       12.267973        0.094903
FIRE:  172 14:46:18       12.243396        0.096225
FIRE:  173 14:46:18       12.210581        0.127487
FIRE:  174 14:46:18       12.164794        0.138611
FIRE:  175 14:46:18       12.100347        0.134303
FIRE:  176 14:46:18       12.010870        0.210903
FIRE:  177 14:46:18       11.907558        0.240075
FIRE:  178 14:46:18       11.790954        0.269753
FIRE:  179 14:46:19       11.660003        0.334317
FIRE:  180 14:46:19       11.514745        0.386814
FIRE:  181 14:46:19       11.353976        0.420280
FIRE:  182 14:46:19       11.179251        0.445795
FIRE:  183 14:46:19       10.994682        0.455730
FIRE:  184 14:46:19       10.808768        0.431195
FIRE:  185 14:46:19       10.635180        0.359142
FIRE:  186 14:46:19       10.488200        0.353165
FIRE:  187 14:46:19       10.357532        0.365004
FIRE:  188 14:46:19       10.206146        0.408916
FIRE:  189 14:46:19       10.032031        0.453677
FIRE:  190 14:46:19        9.856457        0.479047
FIRE:  191 14:46:19        9.663755        0.498939
FIRE:  192 14:46:19        9.430406        0.526547
FIRE:  193 14:46:19        9.169534        0.552935
FIRE:  194 14:46:19        8.909660        0.556793
FIRE:  195 14:46:19        8.674571        0.516211
FIRE:  196 14:46:19        8.507399        0.408536
FIRE:  197 14:46:19        8.480634        0.555645
FIRE:  198 14:46:19        8.386805        0.481255
FIRE:  199 14:46:19        8.331443        0.392601
FIRE:  200 14:46:19        8.302491        0.271630
FIRE:  201 14:46:19        8.291448        0.259097
FIRE:  202 14:46:19        8.275284        0.284630
FIRE:  203 14:46:19        8.260139        0.309216
FIRE:  204 14:46:19        8.246829        0.322608
FIRE:  205 14:46:20        8.231457        0.319446
FIRE:  206 14:46:20        8.210880        0.298870
FIRE:  207 14:46:20        8.186220        0.261816
FIRE:  208 14:46:20        8.159800        0.204627
FIRE:  209 14:46:20        8.137183        0.173673
FIRE:  210 14:46:20        8.115651        0.162596
FIRE:  211 14:46:20        8.091613        0.132865
FIRE:  212 14:46:20        8.077203        0.090353
FIRE:  213 14:46:20        8.071242        0.117012
FIRE:  214 14:46:20        8.068294        0.084074
FIRE:  215 14:46:20        8.067871        0.080644
FIRE:  216 14:46:20        8.067172        0.074229
FIRE:  217 14:46:20        8.066371        0.065626
FIRE:  218 14:46:20        8.065540        0.055865
FIRE:  219 14:46:20        8.064637        0.045952
FIRE:  220 14:46:20        8.063644        0.036532
FIRE:  221 14:46:20        8.062653        0.030816
FIRE:  222 14:46:20        8.061733        0.028917
FIRE:  223 14:46:20        8.060959        0.030221
FIRE:  224 14:46:20        8.060166        0.030662
FIRE:  225 14:46:20        8.059252        0.036097
FIRE:  226 14:46:20        8.058167        0.038008
FIRE:  227 14:46:20        8.056415        0.039968
FIRE:  228 14:46:20        8.053469        0.045149
FIRE:  229 14:46:21        8.048759        0.060130
FIRE:  230 14:46:21        8.040570        0.080566
FIRE:  231 14:46:21        8.025656        0.113682
FIRE:  232 14:46:21        7.995071        0.162865
FIRE:  233 14:46:21        7.928129        0.231398
FIRE:  234 14:46:21        7.823937        0.286973
FIRE:  235 14:46:21        7.703669        0.307351
FIRE:  236 14:46:21        7.585221        0.274767
FIRE:  237 14:46:21        7.489569        0.185327
FIRE:  238 14:46:21        7.437360        0.140915
FIRE:  239 14:46:21        7.440286        0.194691
FIRE:  240 14:46:21        7.425162        0.122771
FIRE:  241 14:46:21        7.417725        0.073795
FIRE:  242 14:46:21        7.416463        0.057719
FIRE:  243 14:46:21        7.414889        0.054666
FIRE:  244 14:46:21        7.414090        0.054824
FIRE:  245 14:46:21        7.414143        0.053807
FIRE:  246 14:46:21        7.414032        0.053584
FIRE:  247 14:46:21        7.413831        0.053137
FIRE:  248 14:46:21        7.413576        0.052467
FIRE:  249 14:46:21        7.413309        0.051573
FIRE:  250 14:46:21        7.413067        0.050452
FIRE:  251 14:46:21        7.412872        0.049105
FIRE:  252 14:46:21        7.412718        0.047553
FIRE:  253 14:46:21        7.412567        0.045665
FIRE:  254 14:46:22        7.412380        0.043445
FIRE:  255 14:46:22        7.412111        0.040885
FIRE:  256 14:46:22        7.411743        0.037937
FIRE:  257 14:46:22        7.411311        0.034482
FIRE:  258 14:46:22        7.410907        0.030276
FIRE:  259 14:46:22        7.410604        0.024916
FIRE:  260 14:46:22        7.410340        0.018336
FIRE:  261 14:46:22        7.410041        0.011229
FIRE:  262 14:46:22        7.409848        0.002874
