      Step     Time          Energy          fmax
FIRE:    0 14:05:32      173.460838      143.657233
FIRE:    1 14:05:32      142.772344       54.020835
FIRE:    2 14:05:32      127.268938       43.213752
FIRE:    3 14:05:32      117.211070       39.448544
FIRE:    4 14:05:32      108.683802       34.689482
FIRE:    5 14:05:32      100.012663       29.219601
FIRE:    6 14:05:32       90.956585       25.565031
FIRE:    7 14:05:32       82.141430       23.558743
FIRE:    8 14:05:32       74.233103       18.971580
FIRE:    9 14:05:32       67.635647       16.531727
FIRE:   10 14:05:32       62.319868       20.714858
FIRE:   11 14:05:32       57.818207       26.483216
FIRE:   12 14:05:32       53.444827       29.109690
FIRE:   13 14:05:32       48.756110       27.868762
FIRE:   14 14:05:32       43.924011       22.696277
FIRE:   15 14:05:33       39.570949       14.322285
FIRE:   16 14:05:33       36.209516       10.843734
FIRE:   17 14:05:33       33.799332       11.035901
FIRE:   18 14:05:33       31.779316       11.826100
FIRE:   19 14:05:33       29.587131       13.951774
FIRE:   20 14:05:33       27.080488       13.865334
FIRE:   21 14:05:33       24.538549        9.755002
FIRE:   22 14:05:33       22.435797        8.777692
FIRE:   23 14:05:33       20.942633        7.789650
FIRE:   24 14:05:33       19.624899       10.334069
FIRE:   25 14:05:33       18.034228       10.310020
FIRE:   26 14:05:33       16.280599        7.118794
FIRE:   27 14:05:33       14.728184        4.424306
FIRE:   28 14:05:33       13.477411        3.884655
FIRE:   29 14:05:33       12.391736        3.398143
FIRE:   30 14:05:33       11.393076        2.912463
FIRE:   31 14:05:33       10.520186        2.605123
FIRE:   32 14:05:33        9.815765        2.504144
FIRE:   33 14:05:33        9.266575        1.999465
FIRE:   34 14:05:33        8.838748        1.349061
FIRE:   35 14:05:33        8.511344        1.122433
FIRE:   36 14:05:33        8.276479        0.999111
FIRE:   37 14:05:33        8.126994        0.874627
FIRE:   38 14:05:33        8.054188        0.921949
FIRE:   39 14:05:33        8.045444        0.991311
FIRE:   40 14:05:34        7.677916        1.211605
FIRE:   41 14:05:34        7.293526        1.226728
FIRE:   42 14:05:34        6.939062        0.944907
FIRE:   43 14:05:34        6.688526        0.482406
FIRE:   44 14:05:34        6.606737        1.343035
FIRE:   45 14:05:34        6.442519        0.579173
FIRE:   46 14:05:34        6.292716        0.614977
FIRE:   47 14:05:34        6.075558        0.560737
FIRE:   48 14:05:34        5.836061        0.557365
FIRE:   49 14:05:34        5.632241        0.485423
FIRE:   50 14:05:34        5.505600        0.377562
FIRE:   51 14:05:34        5.442478        0.562775
FIRE:   52 14:05:34        5.402306        0.623108
FIRE:   53 14:05:34        5.364534        0.514272
FIRE:   54 14:05:34        5.329748        0.558847
FIRE:   55 14:05:34        5.312893        0.390363
FIRE:   56 14:05:34        5.292324        0.245963
FIRE:   57 14:05:34        5.279752        0.226048
FIRE:   58 14:05:34        5.272619        0.366444
FIRE:   59 14:05:34        5.267539        0.270527
FIRE:   60 14:05:34        5.266508        0.249412
FIRE:   61 14:05:34        5.264689        0.209433
FIRE:   62 14:05:34        5.262492        0.154885
FIRE:   63 14:05:34        5.260360        0.091759
FIRE:   64 14:05:35        5.258623        0.069842
FIRE:   65 14:05:35        5.257385        0.069340
FIRE:   66 14:05:35        5.256511        0.070735
FIRE:   67 14:05:35        5.255682        0.095637
FIRE:   68 14:05:35        5.254678        0.099906
FIRE:   69 14:05:35        5.253378        0.082989
FIRE:   70 14:05:35        5.251834        0.081717
FIRE:   71 14:05:35        5.250189        0.073209
FIRE:   72 14:05:35        5.248468        0.063291
FIRE:   73 14:05:35        5.246619        0.061638
FIRE:   74 14:05:35        5.244868        0.064230
FIRE:   75 14:05:35        5.243563        0.067012
FIRE:   76 14:05:35        5.242349        0.052685
FIRE:   77 14:05:35        5.240242        0.061009
FIRE:   78 14:05:35        5.236441        0.070665
FIRE:   79 14:05:35        5.230703        0.091563
FIRE:   80 14:05:35        5.220608        0.114774
FIRE:   81 14:05:35        5.201395        0.183905
FIRE:   82 14:05:35        5.161696        0.179438
FIRE:   83 14:05:35        5.080398        0.327736
FIRE:   84 14:05:35        4.960376        0.422453
FIRE:   85 14:05:35        4.804493        0.482550
FIRE:   86 14:05:35        4.634047        0.534782
FIRE:   87 14:05:35        4.454622        0.564053
FIRE:   88 14:05:35        4.270473        0.585418
FIRE:   89 14:05:35        4.092052        0.599089
FIRE:   90 14:05:36        3.928332        0.589388
FIRE:   91 14:05:36        3.782642        0.548090
FIRE:   92 14:05:36        3.658354        0.478888
FIRE:   93 14:05:36        3.547759        0.388286
FIRE:   94 14:05:36        3.448557        0.285879
FIRE:   95 14:05:36        3.371491        0.242602
FIRE:   96 14:05:36        3.326991        0.180734
FIRE:   97 14:05:36        3.322791        0.137044
FIRE:   98 14:05:36        3.325443        0.301727
FIRE:   99 14:05:36        3.315840        0.098417
FIRE:  100 14:05:36        3.315392        0.075049
FIRE:  101 14:05:36        3.314848        0.036677
FIRE:  102 14:05:36        3.314523        0.042973
FIRE:  103 14:05:36        3.314380        0.037964
FIRE:  104 14:05:36        3.314246        0.043384
FIRE:  105 14:05:36        3.314109        0.035067
FIRE:  106 14:05:36        3.314018        0.047358
FIRE:  107 14:05:36        3.313991        0.044868
FIRE:  108 14:05:36        3.313940        0.040060
FIRE:  109 14:05:36        3.313874        0.033273
FIRE:  110 14:05:36        3.313802        0.025002
FIRE:  111 14:05:36        3.313735        0.018791
FIRE:  112 14:05:36        3.313680        0.016863
FIRE:  113 14:05:36        3.313640        0.013462
FIRE:  114 14:05:37        3.313615        0.012156
FIRE:  115 14:05:37        3.313605        0.013798
FIRE:  116 14:05:37        3.313604        0.013532
FIRE:  117 14:05:37        3.313601        0.013008
FIRE:  118 14:05:37        3.313599        0.012238
FIRE:  119 14:05:37        3.313595        0.011245
FIRE:  120 14:05:37        3.313591        0.010390
FIRE:  121 14:05:37        3.313586        0.010282
FIRE:  122 14:05:37        3.313581        0.010155
FIRE:  123 14:05:37        3.313575        0.009992
