      Step     Time          Energy          fmax
FIRE:    0 12:41:01      177.126116       84.958718
FIRE:    1 12:41:01      137.074387       55.986647
FIRE:    2 12:41:01      108.853475       38.883705
FIRE:    3 12:41:01       88.668350       30.512225
FIRE:    4 12:41:01       73.990095       25.457630
FIRE:    5 12:41:01       63.131602       21.539279
FIRE:    6 12:41:01       55.004505       17.731173
FIRE:    7 12:41:01       48.938349       15.118848
FIRE:    8 12:41:01       44.449295       14.011722
FIRE:    9 12:41:01       41.046096       12.930129
FIRE:   10 12:41:01       38.116597       15.063146
FIRE:   11 12:41:02       35.075068       14.812601
FIRE:   12 12:41:02       31.659681       12.410167
FIRE:   13 12:41:02       28.055958       11.480329
FIRE:   14 12:41:02       24.689663        9.861341
FIRE:   15 12:41:02       21.867252        7.757809
FIRE:   16 12:41:02       19.545127        8.354395
FIRE:   17 12:41:02       17.429603        8.514928
FIRE:   18 12:41:02       15.307035        7.339968
FIRE:   19 12:41:02       13.215856        5.307183
FIRE:   20 12:41:02       11.331115        4.157485
FIRE:   21 12:41:02        9.779531        3.467408
FIRE:   22 12:41:02        8.569330        2.860487
FIRE:   23 12:41:02        7.621186        2.939936
FIRE:   24 12:41:02        6.843199        3.190062
FIRE:   25 12:41:02        6.189806        2.902552
FIRE:   26 12:41:02        5.665319        2.283484
FIRE:   27 12:41:02        5.281335        1.596108
FIRE:   28 12:41:02        5.022036        1.545784
FIRE:   29 12:41:02        4.851875        1.473388
FIRE:   30 12:41:02        4.743056        1.281897
FIRE:   31 12:41:02        4.689610        0.996897
FIRE:   32 12:41:03        4.234041        0.974125
FIRE:   33 12:41:03        3.935013        0.884515
FIRE:   34 12:41:03        3.744955        0.756113
FIRE:   35 12:41:03        3.601694        0.622627
FIRE:   36 12:41:03        3.446860        0.657742
FIRE:   37 12:41:03        3.264467        0.652706
FIRE:   38 12:41:03        3.083281        0.663674
FIRE:   39 12:41:03        2.913248        0.603233
FIRE:   40 12:41:03        2.763279        0.410055
FIRE:   41 12:41:03        2.689727        0.384954
FIRE:   42 12:41:03        2.610598        0.240116
FIRE:   43 12:41:04        2.568850        0.349125
FIRE:   44 12:41:04        2.546770        0.267883
FIRE:   45 12:41:04        2.521211        0.196970
FIRE:   46 12:41:04        2.505353        0.201773
FIRE:   47 12:41:04        2.490842        0.262496
FIRE:   48 12:41:04        2.462709        0.279015
FIRE:   49 12:41:04        2.420609        0.230957
FIRE:   50 12:41:04        2.376639        0.217277
FIRE:   51 12:41:04        2.327833        0.259238
FIRE:   52 12:41:04        2.252948        0.298296
FIRE:   53 12:41:04        2.136727        0.341417
FIRE:   54 12:41:05        1.992173        0.362155
FIRE:   55 12:41:05        1.820853        0.360542
FIRE:   56 12:41:05        1.633948        0.335088
FIRE:   57 12:41:05        1.444849        0.347171
FIRE:   58 12:41:05        1.262719        0.360216
FIRE:   59 12:41:05        1.100759        0.365606
FIRE:   60 12:41:05        0.970153        0.332074
FIRE:   61 12:41:05        0.885467        0.312914
FIRE:   62 12:41:05        0.869181        0.333470
FIRE:   63 12:41:05        0.827707        0.213549
FIRE:   64 12:41:05        0.792893        0.145750
FIRE:   65 12:41:05        0.780220        0.156938
FIRE:   66 12:41:05        0.776815        0.135204
FIRE:   67 12:41:06        0.771259        0.120661
FIRE:   68 12:41:06        0.765300        0.118167
FIRE:   69 12:41:06        0.760089        0.113451
FIRE:   70 12:41:06        0.755477        0.106902
FIRE:   71 12:41:06        0.750431        0.108082
FIRE:   72 12:41:06        0.744088        0.095744
FIRE:   73 12:41:06        0.735384        0.091147
FIRE:   74 12:41:06        0.724415        0.091137
FIRE:   75 12:41:06        0.711551        0.090281
FIRE:   76 12:41:06        0.696780        0.102805
FIRE:   77 12:41:06        0.679211        0.116983
FIRE:   78 12:41:06        0.656682        0.111089
FIRE:   79 12:41:06        0.627680        0.102704
FIRE:   80 12:41:06        0.593546        0.106205
FIRE:   81 12:41:06        0.553343        0.102611
FIRE:   82 12:41:07        0.517320        0.094640
FIRE:   83 12:41:07        0.496300        0.100640
FIRE:   84 12:41:07        0.493186        0.130898
FIRE:   85 12:41:07        0.489550        0.099197
FIRE:   86 12:41:07        0.484208        0.096141
FIRE:   87 12:41:07        0.479052        0.069219
FIRE:   88 12:41:07        0.475217        0.048710
FIRE:   89 12:41:07        0.473334        0.040651
FIRE:   90 12:41:07        0.473149        0.043866
FIRE:   91 12:41:07        0.472998        0.041776
FIRE:   92 12:41:07        0.472720        0.037852
FIRE:   93 12:41:07        0.472351        0.035281
FIRE:   94 12:41:07        0.471929        0.035072
FIRE:   95 12:41:07        0.471488        0.034799
FIRE:   96 12:41:07        0.471047        0.034461
FIRE:   97 12:41:07        0.470621        0.034059
FIRE:   98 12:41:07        0.470181        0.033535
FIRE:   99 12:41:07        0.469740        0.032855
FIRE:  100 12:41:08        0.469288        0.032009
FIRE:  101 12:41:08        0.468767        0.033355
FIRE:  102 12:41:08        0.468094        0.034557
FIRE:  103 12:41:08        0.467208        0.034238
FIRE:  104 12:41:08        0.466076        0.032219
FIRE:  105 12:41:08        0.464682        0.030315
FIRE:  106 12:41:08        0.463054        0.032038
FIRE:  107 12:41:08        0.461150        0.034571
FIRE:  108 12:41:08        0.458790        0.037345
FIRE:  109 12:41:08        0.455778        0.038965
FIRE:  110 12:41:08        0.451906        0.038433
FIRE:  111 12:41:08        0.446806        0.036970
FIRE:  112 12:41:08        0.439798        0.042142
FIRE:  113 12:41:08        0.430551        0.123038
FIRE:  114 12:41:08        0.433318        0.442215
FIRE:  115 12:41:09        0.412614        0.162941
FIRE:  116 12:41:09        0.410963        0.117472
FIRE:  117 12:41:09        0.409173        0.050956
FIRE:  118 12:41:09        0.408306        0.078363
FIRE:  119 12:41:09        0.407452        0.121203
FIRE:  120 12:41:09        0.405289        0.118953
FIRE:  121 12:41:09        0.401953        0.076123
FIRE:  122 12:41:09        0.398537        0.061038
FIRE:  123 12:41:09        0.394832        0.103807
FIRE:  124 12:41:09        0.389143        0.115170
FIRE:  125 12:41:09        0.380357        0.073379
FIRE:  126 12:41:09        0.368904        0.094224
FIRE:  127 12:41:09        0.351606        0.107456
FIRE:  128 12:41:09        0.324785        0.103177
FIRE:  129 12:41:09        0.284682        0.127520
FIRE:  130 12:41:09        0.224549        0.139237
FIRE:  131 12:41:09        0.152554        0.127191
FIRE:  132 12:41:09        0.112011        0.140451
FIRE:  133 12:41:09        0.125881        0.178382
FIRE:  134 12:41:10        0.116004        0.170489
FIRE:  135 12:41:10        0.101409        0.156619
FIRE:  136 12:41:10        0.087746        0.139543
FIRE:  137 12:41:10        0.078086        0.121917
FIRE:  138 12:41:10        0.073082        0.105529
FIRE:  139 12:41:10        0.071039        0.091201
FIRE:  140 12:41:10        0.070593        0.091403
FIRE:  141 12:41:10        0.069736        0.091818
FIRE:  142 12:41:10        0.068526        0.092466
FIRE:  143 12:41:10        0.067030        0.093369
FIRE:  144 12:41:10        0.065306        0.094540
FIRE:  145 12:41:10        0.063405        0.095965
FIRE:  146 12:41:10        0.061375        0.097593
FIRE:  147 12:41:10        0.059043        0.099522
FIRE:  148 12:41:10        0.056437        0.101615
FIRE:  149 12:41:10        0.053574        0.103580
FIRE:  150 12:41:10        0.050401        0.104941
FIRE:  151 12:41:10        0.046770        0.105088
FIRE:  152 12:41:10        0.042453        0.103374
FIRE:  153 12:41:11        0.037164        0.099226
FIRE:  154 12:41:11        0.030767        0.092151
FIRE:  155 12:41:11        0.023532        0.081649
FIRE:  156 12:41:11        0.016030        0.067458
FIRE:  157 12:41:11        0.009032        0.050656
FIRE:  158 12:41:12        0.002878        0.033556
FIRE:  159 12:41:12       -0.001780        0.019701
FIRE:  160 12:41:12       -0.002986        0.032483
FIRE:  161 12:41:13       -0.003121        0.017116
FIRE:  162 12:41:13       -0.003214        0.013521
FIRE:  163 12:41:13       -0.003237        0.024241
FIRE:  164 12:41:13       -0.003256        0.021220
FIRE:  165 12:41:14       -0.003284        0.015600
FIRE:  166 12:41:14       -0.003309        0.008227
