      Step     Time          Energy          fmax
FIRE:    0 13:15:33      132.810540      109.950639
FIRE:    1 13:15:33       97.483680       65.264945
FIRE:    2 13:15:33       73.763307       43.158083
FIRE:    3 13:15:33       57.623500       30.343748
FIRE:    4 13:15:33       46.547926       23.915758
FIRE:    5 13:15:33       38.731714       25.326272
FIRE:    6 13:15:33       33.010368       24.001466
FIRE:    7 13:15:33       28.834243       19.929932
FIRE:    8 13:15:33       25.919467       14.812722
FIRE:    9 13:15:33       23.883026       10.177317
FIRE:   10 13:15:33       22.186147        9.984248
FIRE:   11 13:15:33       20.391932        9.697908
FIRE:   12 13:15:33       18.384731        8.235936
FIRE:   13 13:15:33       16.354308        6.564773
FIRE:   14 13:15:33       14.580528        5.782076
FIRE:   15 13:15:33       13.226496        4.927437
FIRE:   16 13:15:33       12.250099        5.874134
FIRE:   17 13:15:33       11.440306        7.237278
FIRE:   18 13:15:33       10.569885        7.441947
FIRE:   19 13:15:34        9.591410        6.275875
FIRE:   20 13:15:34        8.670114        4.386650
FIRE:   21 13:15:34        7.995416        2.600261
FIRE:   22 13:15:34        7.626585        1.817770
FIRE:   23 13:15:34        7.488179        3.025957
FIRE:   24 13:15:34        6.955432        1.040005
FIRE:   25 13:15:34        6.766538        1.470424
FIRE:   26 13:15:34        6.536192        1.314648
FIRE:   27 13:15:34        6.287532        0.898391
FIRE:   28 13:15:34        5.985971        0.774153
FIRE:   29 13:15:34        5.647689        0.713834
FIRE:   30 13:15:34        5.335133        0.699055
FIRE:   31 13:15:34        5.068158        0.706663
FIRE:   32 13:15:34        4.815281        0.933693
FIRE:   33 13:15:34        4.535146        0.893558
FIRE:   34 13:15:34        4.231799        0.673077
FIRE:   35 13:15:34        3.938036        0.640475
FIRE:   36 13:15:34        3.661496        0.591122
FIRE:   37 13:15:34        3.406307        0.552106
FIRE:   38 13:15:34        3.211453        0.459913
FIRE:   39 13:15:34        3.112652        0.462294
FIRE:   40 13:15:34        3.086392        0.659703
FIRE:   41 13:15:34        2.979276        0.336585
FIRE:   42 13:15:35        2.975596        0.360949
FIRE:   43 13:15:35        2.959003        0.302839
FIRE:   44 13:15:35        2.939078        0.194680
FIRE:   45 13:15:35        2.927614        0.192077
FIRE:   46 13:15:35        2.924487        0.185278
FIRE:   47 13:15:35        2.923074        0.169101
FIRE:   48 13:15:35        2.920594        0.148597
FIRE:   49 13:15:35        2.917615        0.148500
FIRE:   50 13:15:35        2.914719        0.147769
FIRE:   51 13:15:35        2.912270        0.146003
FIRE:   52 13:15:35        2.910256        0.142915
FIRE:   53 13:15:35        2.908356        0.138500
FIRE:   54 13:15:35        2.905952        0.145132
FIRE:   55 13:15:35        2.902678        0.144825
FIRE:   56 13:15:35        2.898421        0.120025
FIRE:   57 13:15:35        2.893353        0.106503
FIRE:   58 13:15:35        2.887690        0.124279
FIRE:   59 13:15:36        2.881395        0.109106
FIRE:   60 13:15:36        2.874168        0.104579
FIRE:   61 13:15:36        2.865612        0.115302
FIRE:   62 13:15:36        2.855506        0.116545
FIRE:   63 13:15:36        2.843704        0.123487
FIRE:   64 13:15:36        2.829221        0.140373
FIRE:   65 13:15:36        2.812597        0.099933
FIRE:   66 13:15:36        2.793873        0.093102
FIRE:   67 13:15:36        2.773023        0.093263
FIRE:   68 13:15:36        2.751525        0.091528
FIRE:   69 13:15:36        2.732869        0.096260
FIRE:   70 13:15:36        2.723586        0.179191
FIRE:   71 13:15:36        2.719850        0.160795
FIRE:   72 13:15:36        2.714402        0.132348
FIRE:   73 13:15:36        2.708782        0.103298
FIRE:   74 13:15:36        2.703709        0.075212
FIRE:   75 13:15:36        2.699931        0.074535
FIRE:   76 13:15:37        2.697140        0.072580
FIRE:   77 13:15:37        2.694507        0.068889
FIRE:   78 13:15:37        2.691195        0.063519
FIRE:   79 13:15:37        2.686060        0.064690
FIRE:   80 13:15:37        2.678070        0.064813
FIRE:   81 13:15:37        2.666357        0.073193
FIRE:   82 13:15:37        2.649952        0.081377
FIRE:   83 13:15:37        2.627841        0.099293
FIRE:   84 13:15:38        2.596037        0.110046
FIRE:   85 13:15:38        2.548865        0.117595
FIRE:   86 13:15:38        2.495118        0.135326
FIRE:   87 13:15:38        2.439369        0.151719
FIRE:   88 13:15:38        2.385647        0.160430
FIRE:   89 13:15:38        2.337045        0.148098
FIRE:   90 13:15:38        2.296490        0.120492
FIRE:   91 13:15:38        2.263015        0.125483
FIRE:   92 13:15:38        2.233308        0.117716
FIRE:   93 13:15:38        2.206353        0.104558
FIRE:   94 13:15:38        2.183510        0.083170
FIRE:   95 13:15:38        2.167213        0.106455
FIRE:   96 13:15:38        2.154518        0.199738
FIRE:   97 13:15:38        2.145430        0.530670
FIRE:   98 13:15:38        2.421001        3.186989
FIRE:   99 13:15:38        2.159785        1.019705
FIRE:  100 13:15:38        2.134747        0.606720
FIRE:  101 13:15:39        2.120200        0.137393
FIRE:  102 13:15:39        2.119994        0.136957
FIRE:  103 13:15:39        2.119600        0.136091
FIRE:  104 13:15:39        2.119049        0.134809
FIRE:  105 13:15:39        2.118377        0.133137
FIRE:  106 13:15:39        2.117616        0.131112
FIRE:  107 13:15:39        2.116783        0.128786
FIRE:  108 13:15:39        2.115882        0.126225
FIRE:  109 13:15:40        2.114801        0.123202
FIRE:  110 13:15:40        2.113496        0.119720
FIRE:  111 13:15:40        2.111912        0.115802
FIRE:  112 13:15:40        2.109984        0.111509
FIRE:  113 13:15:40        2.107620        0.106958
FIRE:  114 13:15:40        2.104706        0.102333
FIRE:  115 13:15:40        2.101148        0.097833
FIRE:  116 13:15:40        2.096879        0.093599
FIRE:  117 13:15:40        2.091739        0.089647
FIRE:  118 13:15:40        2.085472        0.085858
FIRE:  119 13:15:41        2.077841        0.082203
FIRE:  120 13:15:41        2.068464        0.082477
FIRE:  121 13:15:41        2.056906        0.080171
FIRE:  122 13:15:41        2.042566        0.079156
FIRE:  123 13:15:41        2.024749        0.080152
FIRE:  124 13:15:41        2.002500        0.086816
FIRE:  125 13:15:41        1.974522        0.091714
FIRE:  126 13:15:41        1.938646        0.096444
FIRE:  127 13:15:41        1.900910        0.100569
FIRE:  128 13:15:41        1.864133        0.107024
FIRE:  129 13:15:41        1.831066        0.115515
FIRE:  130 13:15:41        1.803763        0.140706
FIRE:  131 13:15:41        1.777612        0.207413
FIRE:  132 13:15:41        1.741089        0.186821
FIRE:  133 13:15:41        1.695592        0.177215
FIRE:  134 13:15:41        1.651365        0.175564
FIRE:  135 13:15:41        1.608940        0.163421
FIRE:  136 13:15:42        1.562594        0.182367
FIRE:  137 13:15:42        1.511418        0.168812
FIRE:  138 13:15:42        1.464299        0.118419
FIRE:  139 13:15:42        1.428406        0.127188
FIRE:  140 13:15:42        1.400464        0.159383
FIRE:  141 13:15:42        1.373810        0.134095
FIRE:  142 13:15:42        1.348801        0.103535
FIRE:  143 13:15:42        1.332769        0.123213
FIRE:  144 13:15:42        1.333187        0.132994
FIRE:  145 13:15:42        1.324833        0.052668
FIRE:  146 13:15:42        1.324893        0.106500
FIRE:  147 13:15:42        1.322347        0.068039
FIRE:  148 13:15:42        1.321126        0.102145
FIRE:  149 13:15:42        1.320742        0.074624
FIRE:  150 13:15:42        1.320312        0.036369
FIRE:  151 13:15:42        1.320142        0.033583
FIRE:  152 13:15:42        1.320123        0.033543
FIRE:  153 13:15:42        1.320085        0.033458
FIRE:  154 13:15:42        1.320035        0.033321
FIRE:  155 13:15:42        1.319975        0.033120
FIRE:  156 13:15:42        1.319912        0.032840
FIRE:  157 13:15:42        1.319845        0.032465
FIRE:  158 13:15:42        1.319775        0.031982
FIRE:  159 13:15:42        1.319690        0.031320
FIRE:  160 13:15:43        1.319586        0.030439
FIRE:  161 13:15:43        1.319458        0.029609
FIRE:  162 13:15:43        1.319306        0.029144
FIRE:  163 13:15:43        1.319135        0.028557
FIRE:  164 13:15:43        1.318947        0.027789
FIRE:  165 13:15:43        1.318733        0.026769
FIRE:  166 13:15:43        1.318479        0.025419
FIRE:  167 13:15:43        1.318190        0.023664
FIRE:  168 13:15:43        1.317877        0.021439
FIRE:  169 13:15:43        1.317534        0.018734
FIRE:  170 13:15:43        1.317184        0.015502
FIRE:  171 13:15:43        1.316857        0.011695
FIRE:  172 13:15:43        1.316569        0.009705
