      Step     Time          Energy          fmax
FIRE:    0 13:47:14      160.428847      186.705953
FIRE:    1 13:47:14      109.774444      110.546535
FIRE:    2 13:47:14       79.499809       62.516945
FIRE:    3 13:47:14       61.325077       33.326346
FIRE:    4 13:47:14       49.572645       23.216865
FIRE:    5 13:47:14       40.846541       20.696485
FIRE:    6 13:47:14       33.697816       16.775360
FIRE:    7 13:47:14       27.851465       12.346911
FIRE:    8 13:47:14       23.386158        8.221115
FIRE:    9 13:47:14       20.304164        7.604771
FIRE:   10 13:47:14       18.394120        8.986157
FIRE:   11 13:47:14       17.324804        9.291776
FIRE:   12 13:47:14       16.792963        8.501633
FIRE:   13 13:47:14       16.552833        6.991785
FIRE:   14 13:47:14       13.800954        5.011130
FIRE:   15 13:47:14       11.313377        3.695673
FIRE:   16 13:47:14        9.597339        3.160726
FIRE:   17 13:47:14        8.323324        2.754383
FIRE:   18 13:47:15        7.257198        2.387583
FIRE:   19 13:47:15        6.317770        2.024044
FIRE:   20 13:47:15        5.535543        1.669092
FIRE:   21 13:47:15        4.945729        1.340942
FIRE:   22 13:47:15        4.540430        1.051663
FIRE:   23 13:47:15        4.275597        0.982851
FIRE:   24 13:47:15        4.101556        1.017259
FIRE:   25 13:47:15        3.981942        0.947788
FIRE:   26 13:47:15        3.904311        0.799127
FIRE:   27 13:47:15        3.862602        0.745077
FIRE:   28 13:47:15        3.790864        0.647642
FIRE:   29 13:47:15        3.707676        0.524148
FIRE:   30 13:47:15        3.631568        0.393560
FIRE:   31 13:47:15        3.574806        0.342037
FIRE:   32 13:47:15        3.539201        0.411053
FIRE:   33 13:47:15        3.516144        0.479134
FIRE:   34 13:47:15        3.490166        0.541523
FIRE:   35 13:47:15        3.447674        0.578535
FIRE:   36 13:47:15        3.380375        0.556004
FIRE:   37 13:47:15        3.295311        0.423439
FIRE:   38 13:47:15        3.220655        0.310406
FIRE:   39 13:47:15        3.184797        0.463246
FIRE:   40 13:47:15        3.169514        0.464444
FIRE:   41 13:47:15        3.161064        0.410495
FIRE:   42 13:47:15        3.146514        0.329645
FIRE:   43 13:47:15        3.129638        0.238530
FIRE:   44 13:47:15        3.114216        0.180797
FIRE:   45 13:47:15        3.102617        0.167349
FIRE:   46 13:47:16        3.094791        0.242682
FIRE:   47 13:47:16        3.088468        0.341655
FIRE:   48 13:47:16        3.079841        0.409835
FIRE:   49 13:47:16        3.065756        0.435588
FIRE:   50 13:47:16        3.044464        0.408175
FIRE:   51 13:47:16        3.017081        0.321492
FIRE:   52 13:47:16        2.986713        0.226249
FIRE:   53 13:47:16        2.952628        0.317948
FIRE:   54 13:47:16        2.905225        0.335248
FIRE:   55 13:47:16        2.834747        0.259848
FIRE:   56 13:47:16        2.743746        0.255795
FIRE:   57 13:47:16        2.632727        0.316539
FIRE:   58 13:47:16        2.506676        0.239042
FIRE:   59 13:47:16        2.388426        0.334478
FIRE:   60 13:47:16        2.280230        0.357196
FIRE:   61 13:47:16        2.178423        0.212725
FIRE:   62 13:47:16        2.085515        0.196365
FIRE:   63 13:47:16        2.003025        0.202216
FIRE:   64 13:47:16        1.935082        0.256770
FIRE:   65 13:47:16        1.868210        0.272492
FIRE:   66 13:47:16        1.781380        0.260346
FIRE:   67 13:47:16        1.671368        0.394187
FIRE:   68 13:47:16        1.544493        0.515996
FIRE:   69 13:47:16        1.404957        0.605014
FIRE:   70 13:47:16        1.256882        0.663562
FIRE:   71 13:47:17        1.103821        0.696835
FIRE:   72 13:47:17        0.945544        0.711849
FIRE:   73 13:47:17        0.781864        0.705590
FIRE:   74 13:47:17        0.621245        0.679039
FIRE:   75 13:47:17        0.477750        0.629092
FIRE:   76 13:47:17        0.367089        0.552912
FIRE:   77 13:47:17        0.294452        0.456352
FIRE:   78 13:47:17        0.242319        0.588397
FIRE:   79 13:47:17        0.182423        0.646527
FIRE:   80 13:47:17        0.108698        0.496969
FIRE:   81 13:47:17        0.038150        0.262716
FIRE:   82 13:47:17       -0.016087        0.249865
FIRE:   83 13:47:17       -0.051515        0.286423
FIRE:   84 13:47:17       -0.072277        0.239522
FIRE:   85 13:47:17       -0.088031        0.353581
FIRE:   86 13:47:17       -0.109497        0.485479
FIRE:   87 13:47:17       -0.140122        0.462288
FIRE:   88 13:47:17       -0.167481        0.237255
FIRE:   89 13:47:17       -0.168388        0.112694
FIRE:   90 13:47:17       -0.174357        0.095522
FIRE:   91 13:47:17       -0.178687        0.052268
FIRE:   92 13:47:17       -0.179286        0.064256
FIRE:   93 13:47:17       -0.179656        0.056223
FIRE:   94 13:47:17       -0.180166        0.041544
FIRE:   95 13:47:17       -0.180520        0.022817
FIRE:   96 13:47:17       -0.180590        0.027240
FIRE:   97 13:47:18       -0.180608        0.026656
FIRE:   98 13:47:18       -0.180640        0.025512
FIRE:   99 13:47:18       -0.180684        0.023859
FIRE:  100 13:47:18       -0.180734        0.021772
FIRE:  101 13:47:18       -0.180787        0.019352
FIRE:  102 13:47:18       -0.180839        0.016733
FIRE:  103 13:47:18       -0.180888        0.014620
FIRE:  104 13:47:18       -0.180938        0.016271
FIRE:  105 13:47:18       -0.180994        0.017391
FIRE:  106 13:47:18       -0.181058        0.017603
FIRE:  107 13:47:18       -0.181138        0.016540
FIRE:  108 13:47:18       -0.181233        0.015281
FIRE:  109 13:47:18       -0.181335        0.016330
FIRE:  110 13:47:18       -0.181430        0.017330
FIRE:  111 13:47:18       -0.181510        0.018141
FIRE:  112 13:47:18       -0.181590        0.018619
FIRE:  113 13:47:18       -0.181680        0.018621
FIRE:  114 13:47:19       -0.181770        0.017961
FIRE:  115 13:47:19       -0.181857        0.016513
FIRE:  116 13:47:19       -0.181978        0.014371
FIRE:  117 13:47:19       -0.182135        0.011705
FIRE:  118 13:47:19       -0.182305        0.010822
FIRE:  119 13:47:19       -0.182512        0.007300
