      Step     Time          Energy          fmax
FIRE:    0 13:45:19       80.632391       17.584567
FIRE:    1 13:45:19       72.598401       15.516235
FIRE:    2 13:45:19       65.579212       13.694482
FIRE:    3 13:45:19       58.987073       12.078869
FIRE:    4 13:45:19       52.849955       10.654125
FIRE:    5 13:45:19       47.390167        9.410391
FIRE:    6 13:45:19       42.805794        8.341539
FIRE:    7 13:45:19       39.212008        7.446780
FIRE:    8 13:45:19       36.619063        6.720206
FIRE:    9 13:45:20       34.884393        6.168304
FIRE:   10 13:45:20       33.661980        5.965264
FIRE:   11 13:45:20       32.460160        5.697618
FIRE:   12 13:45:20       30.830170        5.783509
FIRE:   13 13:45:20       28.647165        5.543776
FIRE:   14 13:45:20       26.161577        4.767715
FIRE:   15 13:45:20       23.727891        3.985225
FIRE:   16 13:45:20       21.573429        3.613409
FIRE:   17 13:45:20       19.764697        3.252148
FIRE:   18 13:45:20       18.273016        2.905822
FIRE:   19 13:45:20       17.048619        2.577814
FIRE:   20 13:45:20       16.064049        2.274864
FIRE:   21 13:45:20       15.320168        2.005184
FIRE:   22 13:45:20       14.823730        1.772835
FIRE:   23 13:45:20       14.547813        1.571660
FIRE:   24 13:45:20       14.407250        1.495835
FIRE:   25 13:45:20       14.275061        1.831367
FIRE:   26 13:45:20       14.039687        1.881988
FIRE:   27 13:45:20       13.683111        1.640522
FIRE:   28 13:45:20       13.293797        1.209711
FIRE:   29 13:45:20       12.987133        0.733998
FIRE:   30 13:45:20       12.831579        0.350653
FIRE:   31 13:45:20       12.835694        0.259166
FIRE:   32 13:45:20       12.837792        0.371578
FIRE:   33 13:45:21       12.790279        0.133353
FIRE:   34 13:45:21       12.791971        0.185986
FIRE:   35 13:45:21       12.787748        0.156614
FIRE:   36 13:45:21       12.781669        0.102281
FIRE:   37 13:45:21       12.777057        0.092948
FIRE:   38 13:45:21       12.776017        0.083567
FIRE:   39 13:45:21       12.775905        0.083197
FIRE:   40 13:45:21       12.775692        0.082457
FIRE:   41 13:45:21       12.775396        0.081344
FIRE:   42 13:45:21       12.775041        0.079851
FIRE:   43 13:45:21       12.774653        0.077971
FIRE:   44 13:45:21       12.774253        0.075697
FIRE:   45 13:45:21       12.773860        0.073030
FIRE:   46 13:45:21       12.773439        0.069640
FIRE:   47 13:45:21       12.772990        0.065419
FIRE:   48 13:45:21       12.772495        0.060290
FIRE:   49 13:45:21       12.771934        0.054216
FIRE:   50 13:45:21       12.771295        0.047190
FIRE:   51 13:45:21       12.770614        0.039228
FIRE:   52 13:45:21       12.769983        0.030394
FIRE:   53 13:45:21       12.769499        0.039022
FIRE:   54 13:45:21       12.769117        0.050397
FIRE:   55 13:45:21       12.768673        0.061243
FIRE:   56 13:45:21       12.768078        0.070658
FIRE:   57 13:45:21       12.767304        0.077550
FIRE:   58 13:45:21       12.766113        0.080954
FIRE:   59 13:45:21       12.764207        0.080114
FIRE:   60 13:45:21       12.761684        0.074561
FIRE:   61 13:45:21       12.758526        0.065071
FIRE:   62 13:45:22       12.754583        0.054192
FIRE:   63 13:45:22       12.749604        0.054838
FIRE:   64 13:45:22       12.742388        0.066580
FIRE:   65 13:45:22       12.731415        0.069763
FIRE:   66 13:45:22       12.714919        0.085392
FIRE:   67 13:45:22       12.690146        0.120671
FIRE:   68 13:45:22       12.659659        0.152881
FIRE:   69 13:45:22       12.624736        0.162407
FIRE:   70 13:45:22       12.582839        0.177386
FIRE:   71 13:45:22       12.532804        0.176532
FIRE:   72 13:45:22       12.477874        0.187357
FIRE:   73 13:45:22       12.418940        0.204195
FIRE:   74 13:45:22       12.353478        0.216720
FIRE:   75 13:45:22       12.283502        0.233272
FIRE:   76 13:45:22       12.209729        0.250596
FIRE:   77 13:45:22       12.130758        0.265779
FIRE:   78 13:45:23       12.046936        0.285761
FIRE:   79 13:45:23       11.956266        0.311653
FIRE:   80 13:45:23       11.859075        0.334280
FIRE:   81 13:45:23       11.755340        0.348631
FIRE:   82 13:45:23       11.645363        0.355989
FIRE:   83 13:45:23       11.529827        0.360426
FIRE:   84 13:45:23       11.408167        0.364497
FIRE:   85 13:45:23       11.280628        0.378765
FIRE:   86 13:45:23       11.146709        0.404621
FIRE:   87 13:45:23       11.005564        0.433049
FIRE:   88 13:45:23       10.857084        0.460816
FIRE:   89 13:45:23       10.701551        0.484262
FIRE:   90 13:45:23       10.539454        0.504477
FIRE:   91 13:45:23       10.371194        0.523057
FIRE:   92 13:45:23       10.196840        0.540504
FIRE:   93 13:45:24       10.016391        0.557554
FIRE:   94 13:45:24        9.830097        0.574430
FIRE:   95 13:45:24        9.638226        0.590477
FIRE:   96 13:45:24        9.441014        0.604772
FIRE:   97 13:45:24        9.238989        0.616636
FIRE:   98 13:45:24        9.032998        0.625757
FIRE:   99 13:45:24        8.824003        0.631975
FIRE:  100 13:45:24        8.613136        0.634932
FIRE:  101 13:45:24        8.401834        0.633871
FIRE:  102 13:45:24        8.191760        0.627720
FIRE:  103 13:45:24        7.984687        0.615355
FIRE:  104 13:45:24        7.782506        0.595842
FIRE:  105 13:45:24        7.587225        0.568542
FIRE:  106 13:45:24        7.400850        0.533078
FIRE:  107 13:45:24        7.225346        0.515294
FIRE:  108 13:45:24        7.062759        0.494911
FIRE:  109 13:45:24        6.915376        0.468937
FIRE:  110 13:45:24        6.785754        0.437055
FIRE:  111 13:45:24        6.676614        0.398834
FIRE:  112 13:45:24        6.590489        0.353610
FIRE:  113 13:45:24        6.529144        0.300356
FIRE:  114 13:45:24        6.493510        0.237624
FIRE:  115 13:45:25        6.484890        0.163061
FIRE:  116 13:45:25        6.473128        0.078349
FIRE:  117 13:45:25        6.474652        0.155159
FIRE:  118 13:45:25        6.471753        0.091674
FIRE:  119 13:45:25        6.470862        0.055106
FIRE:  120 13:45:25        6.470284        0.034283
FIRE:  121 13:45:25        6.470558        0.053555
FIRE:  122 13:45:25        6.470462        0.048134
FIRE:  123 13:45:25        6.470305        0.037843
FIRE:  124 13:45:25        6.470141        0.028577
FIRE:  125 13:45:25        6.470023        0.027585
FIRE:  126 13:45:25        6.469978        0.026201
FIRE:  127 13:45:25        6.469982        0.024483
FIRE:  128 13:45:25        6.469977        0.024435
FIRE:  129 13:45:25        6.469967        0.024339
FIRE:  130 13:45:25        6.469953        0.024195
FIRE:  131 13:45:25        6.469936        0.024001
FIRE:  132 13:45:25        6.469917        0.023756
FIRE:  133 13:45:25        6.469897        0.023458
FIRE:  134 13:45:26        6.469877        0.023103
FIRE:  135 13:45:26        6.469856        0.022643
FIRE:  136 13:45:26        6.469835        0.022048
FIRE:  137 13:45:26        6.469815        0.021290
FIRE:  138 13:45:26        6.469794        0.020344
FIRE:  139 13:45:26        6.469770        0.019194
FIRE:  140 13:45:26        6.469741        0.017826
FIRE:  141 13:45:26        6.469704        0.016222
FIRE:  142 13:45:26        6.469659        0.014354
FIRE:  143 13:45:26        6.469613        0.012178
FIRE:  144 13:45:26        6.469575        0.009622
