      Step     Time          Energy          fmax
FIRE:    0 01:11:40      164.718182      134.375548
FIRE:    1 01:11:40      111.729076       84.793470
FIRE:    2 01:11:40       78.074500       52.046292
FIRE:    3 01:11:40       57.184140       31.091061
FIRE:    4 01:11:40       44.590696       18.138837
FIRE:    5 01:11:40       37.057323       17.300628
FIRE:    6 01:11:40       32.120706       18.530117
FIRE:    7 01:11:40       28.117675       17.994627
FIRE:    8 01:11:40       24.276666       15.652412
FIRE:    9 01:11:40       20.686038       12.057280
FIRE:   10 01:11:40       17.832078        8.006899
FIRE:   11 01:11:40       16.093245        4.151385
FIRE:   12 01:11:40       15.445721        5.746649
FIRE:   13 01:11:40       15.467121        7.664868
FIRE:   14 01:11:40       13.455497        4.148807
FIRE:   15 01:11:40       11.983697        2.781271
FIRE:   16 01:11:40       11.185205        2.815878
FIRE:   17 01:11:40       10.786529        2.950805
FIRE:   18 01:11:40       10.622646        2.855832
FIRE:   19 01:11:40       10.356136        2.692158
FIRE:   20 01:11:40       10.077269        2.500191
FIRE:   21 01:11:40        9.861245        2.318184
FIRE:   22 01:11:40        9.732778        2.170933
FIRE:   23 01:11:40        9.656340        2.063855
FIRE:   24 01:11:40        9.572098        1.984497
FIRE:   25 01:11:40        9.422145        1.911503
FIRE:   26 01:11:40        9.184292        1.835607
FIRE:   27 01:11:40        8.884252        1.755084
FIRE:   28 01:11:40        8.594557        1.675945
FIRE:   29 01:11:40        8.383803        1.587977
FIRE:   30 01:11:40        8.218758        1.432481
FIRE:   31 01:11:41        8.008107        1.149109
FIRE:   32 01:11:41        7.786905        0.756282
FIRE:   33 01:11:41        7.696802        0.477447
FIRE:   34 01:11:41        7.691324        0.433645
FIRE:   35 01:11:41        7.681806        0.396820
FIRE:   36 01:11:41        7.670650        0.414139
FIRE:   37 01:11:41        7.660397        0.435574
FIRE:   38 01:11:41        7.652745        0.458636
FIRE:   39 01:11:41        7.647675        0.479031
FIRE:   40 01:11:41        7.643523        0.492387
FIRE:   41 01:11:41        7.637635        0.496053
FIRE:   42 01:11:41        7.628161        0.486195
FIRE:   43 01:11:41        7.614917        0.460579
FIRE:   44 01:11:41        7.600235        0.419995
FIRE:   45 01:11:41        7.587235        0.370067
FIRE:   46 01:11:41        7.574945        0.322544
FIRE:   47 01:11:41        7.558143        0.287346
FIRE:   48 01:11:41        7.535403        0.270784
FIRE:   49 01:11:41        7.512332        0.271341
FIRE:   50 01:11:41        7.487324        0.264101
FIRE:   51 01:11:41        7.451642        0.228335
FIRE:   52 01:11:41        7.412328        0.217807
FIRE:   53 01:11:41        7.365353        0.214356
FIRE:   54 01:11:41        7.304480        0.220837
FIRE:   55 01:11:41        7.227152        0.226920
FIRE:   56 01:11:42        7.136274        0.205679
FIRE:   57 01:11:42        7.042390        0.212295
FIRE:   58 01:11:42        6.959417        0.258518
FIRE:   59 01:11:42        6.884031        0.225841
FIRE:   60 01:11:42        6.817041        0.182653
FIRE:   61 01:11:42        6.752360        0.177084
FIRE:   62 01:11:42        6.700954        0.151945
FIRE:   63 01:11:42        6.661069        0.155580
FIRE:   64 01:11:42        6.627109        0.139983
FIRE:   65 01:11:42        6.605014        0.237302
FIRE:   66 01:11:42        6.571929        0.354734
FIRE:   67 01:11:42        6.502453        0.312842
FIRE:   68 01:11:42        6.410753        0.351129
FIRE:   69 01:11:42        6.312320        0.349744
FIRE:   70 01:11:42        6.231601        0.287418
FIRE:   71 01:11:42        6.154297        0.375610
FIRE:   72 01:11:42        6.078787        0.179813
FIRE:   73 01:11:42        6.067163        0.413899
FIRE:   74 01:11:42        6.213855        1.083117
FIRE:   75 01:11:42        6.072861        0.695839
FIRE:   76 01:11:42        6.033862        0.425325
FIRE:   77 01:11:42        6.007427        0.197243
FIRE:   78 01:11:42        6.019162        0.370307
FIRE:   79 01:11:42        6.015632        0.336895
FIRE:   80 01:11:42        6.009699        0.273060
FIRE:   81 01:11:42        6.003208        0.184601
FIRE:   82 01:11:42        5.998027        0.190296
FIRE:   83 01:11:42        5.995227        0.203057
FIRE:   84 01:11:42        5.994332        0.215414
FIRE:   85 01:11:42        5.994139        0.215138
FIRE:   86 01:11:42        5.993761        0.214597
FIRE:   87 01:11:42        5.993215        0.213814
FIRE:   88 01:11:42        5.992526        0.212821
FIRE:   89 01:11:42        5.991720        0.211661
FIRE:   90 01:11:43        5.990825        0.210387
FIRE:   91 01:11:43        5.989866        0.209061
FIRE:   92 01:11:43        5.988753        0.207611
FIRE:   93 01:11:43        5.987475        0.206126
FIRE:   94 01:11:43        5.986005        0.204745
FIRE:   95 01:11:43        5.984279        0.203658
FIRE:   96 01:11:43        5.982179        0.203091
FIRE:   97 01:11:43        5.979536        0.203285
FIRE:   98 01:11:43        5.976150        0.204464
FIRE:   99 01:11:43        5.971843        0.206802
FIRE:  100 01:11:43        5.966512        0.210332
FIRE:  101 01:11:43        5.960112        0.214784
FIRE:  102 01:11:43        5.952488        0.219375
FIRE:  103 01:11:43        5.943165        0.222868
FIRE:  104 01:11:43        5.931460        0.224195
FIRE:  105 01:11:43        5.916932        0.223472
FIRE:  106 01:11:43        5.899280        0.222788
FIRE:  107 01:11:43        5.877378        0.225270
FIRE:  108 01:11:43        5.849759        0.232215
FIRE:  109 01:11:43        5.815460        0.240468
FIRE:  110 01:11:43        5.771720        0.244436
FIRE:  111 01:11:43        5.715845        0.248424
FIRE:  112 01:11:43        5.642854        0.265016
FIRE:  113 01:11:43        5.558554        0.286203
FIRE:  114 01:11:43        5.467548        0.302461
FIRE:  115 01:11:43        5.370286        0.323890
FIRE:  116 01:11:43        5.266901        0.347245
FIRE:  117 01:11:43        5.157090        0.366058
FIRE:  118 01:11:43        5.041860        0.384533
FIRE:  119 01:11:43        4.921891        0.403194
FIRE:  120 01:11:43        4.798033        0.419256
FIRE:  121 01:11:43        4.670973        0.432152
FIRE:  122 01:11:43        4.541484        0.441679
FIRE:  123 01:11:43        4.410409        0.448626
FIRE:  124 01:11:43        4.278037        0.455357
FIRE:  125 01:11:44        4.144806        0.460375
FIRE:  126 01:11:44        4.011385        0.461695
FIRE:  127 01:11:44        3.878554        0.459110
FIRE:  128 01:11:44        3.746881        0.452659
FIRE:  129 01:11:44        3.617065        0.442550
FIRE:  130 01:11:44        3.489863        0.428672
FIRE:  131 01:11:44        3.366254        0.410641
FIRE:  132 01:11:44        3.247308        0.388036
FIRE:  133 01:11:44        3.134175        0.360787
FIRE:  134 01:11:44        3.027877        0.329299
FIRE:  135 01:11:44        2.929327        0.294346
FIRE:  136 01:11:44        2.839189        0.256549
FIRE:  137 01:11:44        2.757632        0.215989
FIRE:  138 01:11:44        2.684178        0.172407
FIRE:  139 01:11:44        2.618129        0.157430
FIRE:  140 01:11:44        2.558600        0.165775
FIRE:  141 01:11:44        2.504779        0.163918
FIRE:  142 01:11:44        2.457045        0.164653
FIRE:  143 01:11:44        2.419911        0.163375
FIRE:  144 01:11:44        2.406058        0.144763
FIRE:  145 01:11:44        2.375765        0.116191
FIRE:  146 01:11:44        2.355856        0.202031
FIRE:  147 01:11:44        2.352441        0.171751
FIRE:  148 01:11:44        2.349603        0.090883
FIRE:  149 01:11:44        2.349532        0.136058
FIRE:  150 01:11:44        2.349253        0.112620
FIRE:  151 01:11:44        2.348859        0.086989
FIRE:  152 01:11:44        2.348564        0.085813
FIRE:  153 01:11:44        2.348476        0.083948
FIRE:  154 01:11:44        2.348464        0.083853
FIRE:  155 01:11:44        2.348440        0.083665
FIRE:  156 01:11:44        2.348406        0.083380
FIRE:  157 01:11:44        2.348365        0.082997
FIRE:  158 01:11:45        2.348318        0.082514
FIRE:  159 01:11:45        2.348268        0.081927
FIRE:  160 01:11:45        2.348214        0.081237
FIRE:  161 01:11:45        2.348152        0.080354
FIRE:  162 01:11:45        2.348077        0.079240
FIRE:  163 01:11:45        2.347987        0.077856
FIRE:  164 01:11:45        2.347873        0.076158
FIRE:  165 01:11:45        2.347732        0.074092
FIRE:  166 01:11:45        2.347561        0.071588
FIRE:  167 01:11:45        2.347363        0.068556
FIRE:  168 01:11:45        2.347142        0.064894
FIRE:  169 01:11:45        2.346895        0.060520
FIRE:  170 01:11:45        2.346612        0.055384
FIRE:  171 01:11:45        2.346300        0.049422
FIRE:  172 01:11:45        2.345978        0.042568
FIRE:  173 01:11:45        2.345646        0.034889
FIRE:  174 01:11:45        2.345310        0.026550
FIRE:  175 01:11:45        2.345001        0.020375
FIRE:  176 01:11:45        2.344714        0.019886
FIRE:  177 01:11:45        2.344483        0.017379
FIRE:  178 01:11:45        2.344325        0.013082
FIRE:  179 01:11:45        2.344272        0.010781
FIRE:  180 01:11:45        2.344269        0.010585
FIRE:  181 01:11:45        2.344264        0.010193
FIRE:  182 01:11:45        2.344260        0.009610
