      Step     Time          Energy          fmax
FIRE:    0 11:07:47      122.914937       97.024810
FIRE:    1 11:07:47       90.821626       45.071525
FIRE:    2 11:07:47       72.965351       26.206754
FIRE:    3 11:07:47       61.541207       22.801792
FIRE:    4 11:07:47       52.817862       19.244208
FIRE:    5 11:07:47       45.521276       15.521209
FIRE:    6 11:07:47       39.446675       12.134569
FIRE:    7 11:07:47       34.553876        9.725347
FIRE:    8 11:07:47       30.629981        9.168962
FIRE:    9 11:07:47       27.344518        8.593183
FIRE:   10 11:07:47       24.371756        8.114128
FIRE:   11 11:07:47       21.507148        7.614828
FIRE:   12 11:07:47       18.704855        6.654629
FIRE:   13 11:07:47       16.035160        5.540952
FIRE:   14 11:07:47       13.607376        4.686191
FIRE:   15 11:07:47       11.506757        4.103886
FIRE:   16 11:07:47        9.770911        3.512509
FIRE:   17 11:07:47        8.396248        2.889022
FIRE:   18 11:07:47        7.356527        2.248313
FIRE:   19 11:07:47        6.617250        1.632540
FIRE:   20 11:07:47        6.141865        1.317638
FIRE:   21 11:07:47        5.883299        1.199276
FIRE:   22 11:07:47        5.783079        1.469522
FIRE:   23 11:07:47        5.311662        0.775344
FIRE:   24 11:07:47        5.054168        0.609009
FIRE:   25 11:07:47        4.898894        0.679800
FIRE:   26 11:07:47        4.727115        0.591982
FIRE:   27 11:07:47        4.560107        0.564895
FIRE:   28 11:07:47        4.470605        0.600310
FIRE:   29 11:07:47        4.448628        0.517188
FIRE:   30 11:07:48        4.415878        0.525376
FIRE:   31 11:07:48        4.385845        0.528688
FIRE:   32 11:07:48        4.365000        0.520074
FIRE:   33 11:07:48        4.350016        0.496295
FIRE:   34 11:07:48        4.333663        0.459477
FIRE:   35 11:07:48        4.312461        0.414164
FIRE:   36 11:07:48        4.286103        0.360818
FIRE:   37 11:07:48        4.260803        0.308483
FIRE:   38 11:07:48        4.238849        0.272587
FIRE:   39 11:07:48        4.211876        0.264610
FIRE:   40 11:07:48        4.173061        0.282472
FIRE:   41 11:07:48        4.127943        0.305736
FIRE:   42 11:07:48        4.078077        0.303222
FIRE:   43 11:07:48        4.019267        0.262490
FIRE:   44 11:07:48        3.953919        0.211598
FIRE:   45 11:07:48        3.889452        0.216147
FIRE:   46 11:07:48        3.827715        0.232301
FIRE:   47 11:07:48        3.771180        0.246643
FIRE:   48 11:07:48        3.723719        0.232132
FIRE:   49 11:07:48        3.678626        0.200138
FIRE:   50 11:07:48        3.639750        0.157351
FIRE:   51 11:07:48        3.610256        0.120355
FIRE:   52 11:07:48        3.589058        0.085116
FIRE:   53 11:07:48        3.575004        0.126740
FIRE:   54 11:07:48        3.562982        0.143930
FIRE:   55 11:07:48        3.560468        0.166284
FIRE:   56 11:07:48        3.557896        0.081461
FIRE:   57 11:07:48        3.556476        0.096505
FIRE:   58 11:07:48        3.556289        0.095294
FIRE:   59 11:07:48        3.555950        0.093037
FIRE:   60 11:07:48        3.555507        0.090054
FIRE:   61 11:07:49        3.554995        0.086784
FIRE:   62 11:07:49        3.554413        0.083719
FIRE:   63 11:07:49        3.553730        0.081275
FIRE:   64 11:07:49        3.552914        0.079706
FIRE:   65 11:07:49        3.551848        0.079058
FIRE:   66 11:07:49        3.550508        0.079383
FIRE:   67 11:07:49        3.548885        0.080283
FIRE:   68 11:07:49        3.546902        0.080754
FIRE:   69 11:07:49        3.544372        0.079608
FIRE:   70 11:07:49        3.541111        0.076535
FIRE:   71 11:07:49        3.536991        0.073233
FIRE:   72 11:07:49        3.531661        0.073605
FIRE:   73 11:07:49        3.524633        0.078307
FIRE:   74 11:07:49        3.515550        0.086034
FIRE:   75 11:07:49        3.503740        0.090659
FIRE:   76 11:07:49        3.488939        0.095811
FIRE:   77 11:07:49        3.471066        0.110183
FIRE:   78 11:07:49        3.451183        0.114454
FIRE:   79 11:07:49        3.431483        0.110309
FIRE:   80 11:07:49        3.415893        0.099365
FIRE:   81 11:07:49        3.413753        0.275893
FIRE:   82 11:07:49        3.407178        0.057481
FIRE:   83 11:07:49        3.410495        0.261032
FIRE:   84 11:07:49        3.407932        0.187629
FIRE:   85 11:07:49        3.405315        0.068158
FIRE:   86 11:07:49        3.404887        0.077774
FIRE:   87 11:07:49        3.404804        0.073475
FIRE:   88 11:07:49        3.404650        0.065272
FIRE:   89 11:07:49        3.404448        0.054040
FIRE:   90 11:07:49        3.404223        0.047488
FIRE:   91 11:07:49        3.403995        0.048555
FIRE:   92 11:07:50        3.403775        0.049538
FIRE:   93 11:07:50        3.403557        0.050278
FIRE:   94 11:07:50        3.403297        0.050657
FIRE:   95 11:07:50        3.402962        0.050446
FIRE:   96 11:07:50        3.402521        0.049434
FIRE:   97 11:07:50        3.401961        0.047482
FIRE:   98 11:07:50        3.401309        0.046831
FIRE:   99 11:07:50        3.400604        0.046753
FIRE:  100 11:07:50        3.399835        0.046684
FIRE:  101 11:07:50        3.398933        0.046722
FIRE:  102 11:07:50        3.397893        0.046872
FIRE:  103 11:07:50        3.396828        0.046922
FIRE:  104 11:07:50        3.395722        0.046422
FIRE:  105 11:07:50        3.394517        0.045048
FIRE:  106 11:07:50        3.393367        0.042834
FIRE:  107 11:07:50        3.392148        0.040393
FIRE:  108 11:07:50        3.390984        0.037066
FIRE:  109 11:07:50        3.389713        0.031343
FIRE:  110 11:07:50        3.388481        0.028017
FIRE:  111 11:07:50        3.387258        0.034652
FIRE:  112 11:07:50        3.386132        0.031846
FIRE:  113 11:07:50        3.385426        0.043603
FIRE:  114 11:07:50        3.385274        0.016440
FIRE:  115 11:07:50        3.385299        0.028116
FIRE:  116 11:07:50        3.385276        0.023167
FIRE:  117 11:07:50        3.385244        0.014238
FIRE:  118 11:07:50        3.385221        0.014093
FIRE:  119 11:07:50        3.385215        0.014740
FIRE:  120 11:07:50        3.385214        0.014690
FIRE:  121 11:07:50        3.385211        0.014591
FIRE:  122 11:07:51        3.385208        0.014446
FIRE:  123 11:07:51        3.385204        0.014262
FIRE:  124 11:07:51        3.385200        0.014045
FIRE:  125 11:07:51        3.385196        0.013804
FIRE:  126 11:07:51        3.385191        0.013550
FIRE:  127 11:07:51        3.385186        0.013267
FIRE:  128 11:07:51        3.385179        0.012968
FIRE:  129 11:07:51        3.385171        0.012666
FIRE:  130 11:07:51        3.385161        0.012379
FIRE:  131 11:07:51        3.385148        0.012117
FIRE:  132 11:07:51        3.385133        0.011878
FIRE:  133 11:07:51        3.385115        0.011636
FIRE:  134 11:07:51        3.385095        0.011324
FIRE:  135 11:07:51        3.385071        0.010848
FIRE:  136 11:07:51        3.385044        0.010129
FIRE:  137 11:07:51        3.385013        0.009168
