      Step     Time          Energy          fmax
FIRE:    0 12:24:02      358.182066      227.007109
FIRE:    1 12:24:02      255.107430      145.850440
FIRE:    2 12:24:02      189.107784       94.021504
FIRE:    3 12:24:02      146.146414       60.906349
FIRE:    4 12:24:02      117.240773       39.651042
FIRE:    5 12:24:02       96.996014       30.162777
FIRE:    6 12:24:03       82.534941       23.584219
FIRE:    7 12:24:03       72.510119       17.056473
FIRE:    8 12:24:03       66.105068       14.247615
FIRE:    9 12:24:03       62.278761       26.883848
FIRE:   10 12:24:03       59.711755       32.993583
FIRE:   11 12:24:03       57.492564       30.637290
FIRE:   12 12:24:03       55.580057       21.750544
FIRE:   13 12:24:03       54.227001       17.755156
FIRE:   14 12:24:03       53.019374       20.783240
FIRE:   15 12:24:03       50.968894       21.039495
FIRE:   16 12:24:03       47.552635       18.401452
FIRE:   17 12:24:03       43.147689       14.002066
FIRE:   18 12:24:03       38.372149       12.597276
FIRE:   19 12:24:03       33.602600       11.980847
FIRE:   20 12:24:03       29.109094       10.042483
FIRE:   21 12:24:04       25.147563        7.678329
FIRE:   22 12:24:04       21.853632        6.443319
FIRE:   23 12:24:04       19.189696        5.287779
FIRE:   24 12:24:04       17.024564        5.861997
FIRE:   25 12:24:04       15.250041        5.535622
FIRE:   26 12:24:04       13.835361        4.537120
FIRE:   27 12:24:04       12.789484        3.394503
FIRE:   28 12:24:04       12.093895        3.358836
FIRE:   29 12:24:04       11.657512        2.977976
FIRE:   30 12:24:04       11.310263        3.660221
FIRE:   31 12:24:04       10.857497        3.807983
FIRE:   32 12:24:05       10.223485        3.383486
FIRE:   33 12:24:05        9.502636        2.542449
FIRE:   34 12:24:05        8.867706        1.713122
FIRE:   35 12:24:05        8.448422        1.107872
FIRE:   36 12:24:05        8.288648        0.538118
FIRE:   37 12:24:05        8.360034        0.917377
FIRE:   38 12:24:05        8.183363        0.403512
FIRE:   39 12:24:05        8.105539        0.423790
FIRE:   40 12:24:05        8.041234        0.410918
FIRE:   41 12:24:05        7.911510        0.359827
FIRE:   42 12:24:05        7.791120        0.535632
FIRE:   43 12:24:05        7.610450        0.528850
FIRE:   44 12:24:05        7.426642        0.424149
FIRE:   45 12:24:06        7.267017        0.453802
FIRE:   46 12:24:06        7.087849        0.500638
FIRE:   47 12:24:06        6.902000        0.529457
FIRE:   48 12:24:06        6.727902        0.541166
FIRE:   49 12:24:06        6.570601        0.533833
FIRE:   50 12:24:06        6.429823        0.512532
FIRE:   51 12:24:06        6.307021        0.482523
FIRE:   52 12:24:06        6.203328        0.454392
FIRE:   53 12:24:06        6.114173        0.438954
FIRE:   54 12:24:06        6.034222        0.439744
FIRE:   55 12:24:06        5.955141        0.440455
FIRE:   56 12:24:06        5.868189        0.436533
FIRE:   57 12:24:06        5.776692        0.430171
FIRE:   58 12:24:07        5.685458        0.427837
FIRE:   59 12:24:07        5.595604        0.423454
FIRE:   60 12:24:07        5.506500        0.399363
FIRE:   61 12:24:07        5.420362        0.353243
FIRE:   62 12:24:07        5.340630        0.298777
FIRE:   63 12:24:07        5.265943        0.249277
FIRE:   64 12:24:07        5.195292        0.244957
FIRE:   65 12:24:07        5.130323        0.236156
FIRE:   66 12:24:07        5.073485        0.214377
FIRE:   67 12:24:07        5.029491        0.180558
FIRE:   68 12:24:07        5.001486        0.157364
FIRE:   69 12:24:07        4.982482        0.237846
FIRE:   70 12:24:07        4.957447        0.250864
FIRE:   71 12:24:08        4.920136        0.177473
FIRE:   72 12:24:08        4.883203        0.156203
FIRE:   73 12:24:08        4.868750        0.290979
FIRE:   74 12:24:08        4.863900        0.635284
FIRE:   75 12:24:08        4.822773        0.108170
FIRE:   76 12:24:08        4.837885        0.604767
FIRE:   77 12:24:08        4.824130        0.426715
FIRE:   78 12:24:08        4.809856        0.142944
FIRE:   79 12:24:08        4.806467        0.148023
FIRE:   80 12:24:08        4.806056        0.138942
FIRE:   81 12:24:08        4.805289        0.121358
FIRE:   82 12:24:08        4.804259        0.096466
FIRE:   83 12:24:08        4.803072        0.093806
FIRE:   84 12:24:09        4.801819        0.093871
FIRE:   85 12:24:09        4.800542        0.094016
FIRE:   86 12:24:09        4.799227        0.094296
FIRE:   87 12:24:09        4.797656        0.094825
FIRE:   88 12:24:09        4.795683        0.095724
FIRE:   89 12:24:09        4.793158        0.097116
FIRE:   90 12:24:09        4.790012        0.099095
FIRE:   91 12:24:09        4.786316        0.101696
FIRE:   92 12:24:09        4.782200        0.104866
FIRE:   93 12:24:09        4.777609        0.108480
FIRE:   94 12:24:09        4.772247        0.112396
FIRE:   95 12:24:09        4.765986        0.116479
FIRE:   96 12:24:10        4.759014        0.120623
FIRE:   97 12:24:10        4.751075        0.124959
FIRE:   98 12:24:10        4.741514        0.129799
FIRE:   99 12:24:10        4.730036        0.135375
FIRE:  100 12:24:10        4.715743        0.141659
FIRE:  101 12:24:10        4.697691        0.147571
FIRE:  102 12:24:10        4.674918        0.150735
FIRE:  103 12:24:10        4.646486        0.151532
FIRE:  104 12:24:10        4.611166        0.156447
FIRE:  105 12:24:10        4.574566        0.157994
FIRE:  106 12:24:10        4.536660        0.164252
FIRE:  107 12:24:10        4.496948        0.176031
FIRE:  108 12:24:10        4.455828        0.182638
FIRE:  109 12:24:10        4.413453        0.190586
FIRE:  110 12:24:11        4.369455        0.197695
FIRE:  111 12:24:11        4.323177        0.206853
FIRE:  112 12:24:11        4.273427        0.220461
FIRE:  113 12:24:11        4.219012        0.240377
FIRE:  114 12:24:11        4.159003        0.263107
FIRE:  115 12:24:11        4.093135        0.288272
FIRE:  116 12:24:11        4.021260        0.313706
FIRE:  117 12:24:11        3.942949        0.339747
FIRE:  118 12:24:11        3.857742        0.367537
FIRE:  119 12:24:11        3.765360        0.395710
FIRE:  120 12:24:11        3.665530        0.423662
FIRE:  121 12:24:11        3.557942        0.451888
FIRE:  122 12:24:12        3.443145        0.477516
FIRE:  123 12:24:12        3.322712        0.498629
FIRE:  124 12:24:12        3.198353        0.514777
FIRE:  125 12:24:12        3.072194        0.522975
FIRE:  126 12:24:12        2.947114        0.518734
FIRE:  127 12:24:12        2.826347        0.499476
FIRE:  128 12:24:12        2.712199        0.466877
FIRE:  129 12:24:12        2.604655        0.426204
FIRE:  130 12:24:12        2.501383        0.381640
FIRE:  131 12:24:13        2.400241        0.329775
FIRE:  132 12:24:13        2.302356        0.321528
FIRE:  133 12:24:13        2.211917        0.322391
FIRE:  134 12:24:13        2.133919        0.319708
FIRE:  135 12:24:13        2.071671        0.309262
FIRE:  136 12:24:13        2.025329        0.285889
FIRE:  137 12:24:13        1.993968        0.246325
FIRE:  138 12:24:13        1.976711        0.190326
FIRE:  139 12:24:13        1.972244        0.185077
FIRE:  140 12:24:13        1.955876        0.127920
FIRE:  141 12:24:13        1.949086        0.090296
FIRE:  142 12:24:13        1.947675        0.091762
FIRE:  143 12:24:13        1.946719        0.092460
FIRE:  144 12:24:14        1.945311        0.093548
FIRE:  145 12:24:14        1.944080        0.094568
FIRE:  146 12:24:14        1.943263        0.095126
FIRE:  147 12:24:14        1.942496        0.095121
FIRE:  148 12:24:14        1.941275        0.094665
FIRE:  149 12:24:14        1.939464        0.093819
FIRE:  150 12:24:14        1.937132        0.092366
FIRE:  151 12:24:14        1.934796        0.090106
FIRE:  152 12:24:14        1.932507        0.087300
FIRE:  153 12:24:14        1.929481        0.084455
FIRE:  154 12:24:14        1.925561        0.081046
FIRE:  155 12:24:15        1.921766        0.074770
FIRE:  156 12:24:15        1.917612        0.064412
FIRE:  157 12:24:15        1.912717        0.051223
FIRE:  158 12:24:15        1.908292        0.042563
FIRE:  159 12:24:15        1.903288        0.043423
FIRE:  160 12:24:15        1.900661        0.236550
FIRE:  161 12:24:15        1.898649        0.050166
FIRE:  162 12:24:15        1.898574        0.042384
FIRE:  163 12:24:15        1.898465        0.042059
FIRE:  164 12:24:15        1.898362        0.041550
FIRE:  165 12:24:16        1.898267        0.040827
FIRE:  166 12:24:16        1.898156        0.039907
FIRE:  167 12:24:16        1.898024        0.038859
FIRE:  168 12:24:16        1.897887        0.037799
FIRE:  169 12:24:16        1.897730        0.036761
FIRE:  170 12:24:16        1.897513        0.035874
FIRE:  171 12:24:16        1.897212        0.035199
FIRE:  172 12:24:16        1.896869        0.034663
FIRE:  173 12:24:16        1.896483        0.033920
FIRE:  174 12:24:16        1.896006        0.032714
FIRE:  175 12:24:17        1.895437        0.031320
FIRE:  176 12:24:17        1.894717        0.031317
FIRE:  177 12:24:17        1.893907        0.030895
FIRE:  178 12:24:17        1.892952        0.030104
FIRE:  179 12:24:17        1.891798        0.030092
FIRE:  180 12:24:17        1.890521        0.049072
FIRE:  181 12:24:17        1.889239        0.102913
FIRE:  182 12:24:17        1.889492        0.275246
FIRE:  183 12:24:18        1.887107        0.028048
FIRE:  184 12:24:18        1.887091        0.028067
FIRE:  185 12:24:18        1.887062        0.028110
FIRE:  186 12:24:18        1.887023        0.028188
FIRE:  187 12:24:18        1.886974        0.028312
FIRE:  188 12:24:18        1.886912        0.028485
FIRE:  189 12:24:18        1.886836        0.028701
FIRE:  190 12:24:18        1.886749        0.028941
FIRE:  191 12:24:19        1.886639        0.029202
FIRE:  192 12:24:19        1.886502        0.029444
FIRE:  193 12:24:19        1.886327        0.029626
FIRE:  194 12:24:19        1.886109        0.029733
FIRE:  195 12:24:19        1.885841        0.029805
FIRE:  196 12:24:19        1.885506        0.029890
FIRE:  197 12:24:19        1.885094        0.029944
FIRE:  198 12:24:19        1.884582        0.029857
FIRE:  199 12:24:20        1.883954        0.029682
FIRE:  200 12:24:20        1.883180        0.029478
FIRE:  201 12:24:20        1.882228        0.028790
FIRE:  202 12:24:20        1.881058        0.028130
FIRE:  203 12:24:20        1.879644        0.032862
FIRE:  204 12:24:20        1.878253        0.112182
FIRE:  205 12:24:20        1.880102        0.377195
FIRE:  206 12:24:20        1.875924        0.065098
FIRE:  207 12:24:21        1.875842        0.044700
FIRE:  208 12:24:21        1.875753        0.029342
FIRE:  209 12:24:21        1.875716        0.028942
FIRE:  210 12:24:21        1.875710        0.028956
FIRE:  211 12:24:21        1.875699        0.028984
FIRE:  212 12:24:21        1.875684        0.029022
FIRE:  213 12:24:21        1.875665        0.029068
FIRE:  214 12:24:21        1.875645        0.029116
FIRE:  215 12:24:21        1.875622        0.029160
FIRE:  216 12:24:22        1.875597        0.029194
FIRE:  217 12:24:22        1.875565        0.029212
FIRE:  218 12:24:22        1.875524        0.029207
FIRE:  219 12:24:22        1.875470        0.029170
FIRE:  220 12:24:22        1.875403        0.029100
FIRE:  221 12:24:22        1.875320        0.029006
FIRE:  222 12:24:23        1.875221        0.028911
FIRE:  223 12:24:23        1.875097        0.028846
FIRE:  224 12:24:23        1.874942        0.028834
FIRE:  225 12:24:23        1.874752        0.028869
FIRE:  226 12:24:23        1.874520        0.028893
FIRE:  227 12:24:23        1.874234        0.028821
FIRE:  228 12:24:23        1.873882        0.028650
FIRE:  229 12:24:24        1.873453        0.028531
FIRE:  230 12:24:24        1.872924        0.028654
FIRE:  231 12:24:24        1.872280        0.028802
FIRE:  232 12:24:24        1.871490        0.028784
FIRE:  233 12:24:24        1.870523        0.028938
FIRE:  234 12:24:24        1.869338        0.028945
FIRE:  235 12:24:24        1.867886        0.028929
FIRE:  236 12:24:24        1.866108        0.029306
FIRE:  237 12:24:25        1.864092        0.079907
FIRE:  238 12:24:25        1.864510        0.343413
FIRE:  239 12:24:25        1.861588        0.108517
FIRE:  240 12:24:25        1.861401        0.074731
FIRE:  241 12:24:25        1.861225        0.029192
FIRE:  242 12:24:25        1.861213        0.042149
FIRE:  243 12:24:25        1.861201        0.038587
FIRE:  244 12:24:25        1.861178        0.031767
FIRE:  245 12:24:25        1.861150        0.029627
FIRE:  246 12:24:25        1.861120        0.029503
FIRE:  247 12:24:25        1.861093        0.029379
FIRE:  248 12:24:25        1.861067        0.029287
FIRE:  249 12:24:26        1.861040        0.029247
FIRE:  250 12:24:26        1.861005        0.029233
FIRE:  251 12:24:26        1.860956        0.029259
FIRE:  252 12:24:26        1.860888        0.029332
FIRE:  253 12:24:26        1.860802        0.029454
FIRE:  254 12:24:26        1.860704        0.029611
FIRE:  255 12:24:26        1.860590        0.029766
FIRE:  256 12:24:26        1.860446        0.029871
FIRE:  257 12:24:26        1.860260        0.029898
FIRE:  258 12:24:26        1.860035        0.029863
FIRE:  259 12:24:26        1.859768        0.029861
FIRE:  260 12:24:26        1.859428        0.029992
FIRE:  261 12:24:26        1.859018        0.030217
FIRE:  262 12:24:26        1.858516        0.030308
FIRE:  263 12:24:27        1.857897        0.030197
FIRE:  264 12:24:27        1.857142        0.030276
FIRE:  265 12:24:27        1.856226        0.030559
FIRE:  266 12:24:27        1.855104        0.030303
FIRE:  267 12:24:27        1.853748        0.030631
FIRE:  268 12:24:27        1.852145        0.040513
FIRE:  269 12:24:27        1.850542        0.115278
FIRE:  270 12:24:28        1.851327        0.346048
FIRE:  271 12:24:28        1.847989        0.035632
FIRE:  272 12:24:28        1.847957        0.029238
FIRE:  273 12:24:28        1.847912        0.028991
FIRE:  274 12:24:28        1.847870        0.028727
FIRE:  275 12:24:28        1.847825        0.028535
FIRE:  276 12:24:28        1.847759        0.028463
FIRE:  277 12:24:28        1.847667        0.028515
FIRE:  278 12:24:28        1.847563        0.028660
FIRE:  279 12:24:28        1.847447        0.028837
FIRE:  280 12:24:28        1.847304        0.028906
FIRE:  281 12:24:29        1.847109        0.028760
FIRE:  282 12:24:29        1.846875        0.028447
FIRE:  283 12:24:29        1.846595        0.028232
FIRE:  284 12:24:29        1.846235        0.028283
FIRE:  285 12:24:29        1.845813        0.028315
FIRE:  286 12:24:29        1.845283        0.027765
FIRE:  287 12:24:29        1.844660        0.027134
FIRE:  288 12:24:29        1.843912        0.027089
FIRE:  289 12:24:29        1.843028        0.025783
FIRE:  290 12:24:29        1.842019        0.028351
FIRE:  291 12:24:29        1.840997        0.075640
FIRE:  292 12:24:29        1.840776        0.210235
FIRE:  293 12:24:29        1.839592        0.021704
FIRE:  294 12:24:29        1.839584        0.021719
FIRE:  295 12:24:30        1.839570        0.021741
FIRE:  296 12:24:30        1.839549        0.021756
FIRE:  297 12:24:30        1.839523        0.021746
FIRE:  298 12:24:30        1.839490        0.021698
FIRE:  299 12:24:30        1.839450        0.021610
FIRE:  300 12:24:30        1.839403        0.021490
FIRE:  301 12:24:30        1.839345        0.021344
FIRE:  302 12:24:30        1.839272        0.021202
FIRE:  303 12:24:30        1.839180        0.021089
FIRE:  304 12:24:30        1.839067        0.020994
FIRE:  305 12:24:30        1.838928        0.020844
FIRE:  306 12:24:30        1.838758        0.020553
FIRE:  307 12:24:30        1.838553        0.020148
FIRE:  308 12:24:30        1.838305        0.019778
FIRE:  309 12:24:31        1.838011        0.019374
FIRE:  310 12:24:31        1.837664        0.018662
FIRE:  311 12:24:31        1.837260        0.018012
FIRE:  312 12:24:31        1.836797        0.016930
FIRE:  313 12:24:31        1.836280        0.016021
FIRE:  314 12:24:31        1.835790        0.054000
FIRE:  315 12:24:31        1.836055        0.186081
FIRE:  316 12:24:31        1.835154        0.025005
FIRE:  317 12:24:31        1.835144        0.018228
FIRE:  318 12:24:31        1.835132        0.012781
FIRE:  319 12:24:31        1.835125        0.012958
FIRE:  320 12:24:31        1.835120        0.014960
FIRE:  321 12:24:31        1.835110        0.017195
FIRE:  322 12:24:31        1.835092        0.012948
FIRE:  323 12:24:31        1.835072        0.012751
FIRE:  324 12:24:31        1.835053        0.012512
FIRE:  325 12:24:32        1.835031        0.014277
FIRE:  326 12:24:32        1.834998        0.012311
FIRE:  327 12:24:32        1.834958        0.012411
FIRE:  328 12:24:32        1.834916        0.012426
FIRE:  329 12:24:32        1.834857        0.012138
FIRE:  330 12:24:32        1.834792        0.011642
FIRE:  331 12:24:32        1.834711        0.011439
FIRE:  332 12:24:32        1.834620        0.013846
FIRE:  333 12:24:32        1.834506        0.010712
FIRE:  334 12:24:32        1.834378        0.010263
FIRE:  335 12:24:32        1.834238        0.016488
FIRE:  336 12:24:32        1.834118        0.042411
FIRE:  337 12:24:32        1.834166        0.099763
FIRE:  338 12:24:33        1.833899        0.008250
