      Step     Time          Energy          fmax
FIRE:    0 13:57:46      354.058244      226.791811
FIRE:    1 13:57:47      268.219629      162.863811
FIRE:    2 13:57:47      204.881509      114.543458
FIRE:    3 13:57:47      158.749128       77.572342
FIRE:    4 13:57:47      125.936561       48.683930
FIRE:    5 13:57:47      103.595067       27.279894
FIRE:    6 13:57:47       89.586783       21.970745
FIRE:    7 13:57:47       82.091010       19.384354
FIRE:    8 13:57:47       79.141749       26.748878
FIRE:    9 13:57:47       78.451419       38.844389
FIRE:   10 13:57:47       65.389691       16.969078
FIRE:   11 13:57:47       59.397527       15.885170
FIRE:   12 13:57:47       57.246366       15.984166
FIRE:   13 13:57:47       54.439333       21.514780
FIRE:   14 13:57:47       49.038899       18.019516
FIRE:   15 13:57:47       43.394780       12.124302
FIRE:   16 13:57:47       39.400320       11.129540
FIRE:   17 13:57:47       37.049332       10.412766
FIRE:   18 13:57:47       35.082364       10.125856
FIRE:   19 13:57:47       32.544081        9.739398
FIRE:   20 13:57:47       29.666237        8.136325
FIRE:   21 13:57:47       27.235490        7.391202
FIRE:   22 13:57:47       25.531969        6.789980
FIRE:   23 13:57:47       24.100794        6.239608
FIRE:   24 13:57:47       22.517631        5.656634
FIRE:   25 13:57:47       20.857951        5.059765
FIRE:   26 13:57:47       19.440111        4.518734
FIRE:   27 13:57:47       18.348301        4.052075
FIRE:   28 13:57:47       17.366676        3.611943
FIRE:   29 13:57:47       16.360757        3.168661
FIRE:   30 13:57:47       15.413322        2.740548
FIRE:   31 13:57:48       14.648567        2.357566
FIRE:   32 13:57:48       14.037635        2.010603
FIRE:   33 13:57:48       13.479336        1.671884
FIRE:   34 13:57:48       12.965125        1.340734
FIRE:   35 13:57:48       12.553937        1.038496
FIRE:   36 13:57:48       12.251745        0.954884
FIRE:   37 13:57:48       11.998299        1.062448
FIRE:   38 13:57:48       11.770292        1.144915
FIRE:   39 13:57:48       11.586983        1.195166
FIRE:   40 13:57:48       11.448784        1.202505
FIRE:   41 13:57:48       11.333260        1.151982
FIRE:   42 13:57:48       11.250768        1.024678
FIRE:   43 13:57:48       11.250892        0.807631
FIRE:   44 13:57:48       11.038860        0.905660
FIRE:   45 13:57:48       10.881976        0.788951
FIRE:   46 13:57:48       10.756540        0.570552
FIRE:   47 13:57:48       10.673694        0.304187
FIRE:   48 13:57:48       10.647212        0.212987
FIRE:   49 13:57:48       10.636711        0.180140
FIRE:   50 13:57:48       10.622562        0.213677
FIRE:   51 13:57:48       10.598020        0.135525
FIRE:   52 13:57:48       10.572049        0.187898
FIRE:   53 13:57:48       10.536571        0.243202
FIRE:   54 13:57:48       10.496745        0.310400
FIRE:   55 13:57:48       10.444020        0.381392
FIRE:   56 13:57:48       10.371950        0.461813
FIRE:   57 13:57:48       10.263108        0.547118
FIRE:   58 13:57:48       10.130437        0.612375
FIRE:   59 13:57:48        9.983043        0.655679
FIRE:   60 13:57:48        9.821046        0.686279
FIRE:   61 13:57:48        9.648895        0.712932
FIRE:   62 13:57:49        9.466026        0.741955
FIRE:   63 13:57:49        9.273566        0.774275
FIRE:   64 13:57:49        9.072487        0.808145
FIRE:   65 13:57:49        8.864848        0.842079
FIRE:   66 13:57:49        8.652692        0.873956
FIRE:   67 13:57:49        8.439945        0.901586
FIRE:   68 13:57:49        8.232000        0.923400
FIRE:   69 13:57:49        8.035638        0.939080
FIRE:   70 13:57:49        7.854011        0.949642
FIRE:   71 13:57:49        7.680913        0.952360
FIRE:   72 13:57:49        7.499636        0.946453
FIRE:   73 13:57:49        7.300677        0.933413
FIRE:   74 13:57:49        7.093727        0.911581
FIRE:   75 13:57:49        6.894905        0.881278
FIRE:   76 13:57:49        6.709082        0.847469
FIRE:   77 13:57:49        6.528589        0.817747
FIRE:   78 13:57:49        6.344050        0.797724
FIRE:   79 13:57:49        6.154022        0.787991
FIRE:   80 13:57:49        5.965860        0.783968
FIRE:   81 13:57:49        5.788086        0.777603
FIRE:   82 13:57:49        5.621850        0.759709
FIRE:   83 13:57:49        5.461022        0.724875
FIRE:   84 13:57:49        5.300907        0.674701
FIRE:   85 13:57:49        5.144926        0.603042
FIRE:   86 13:57:49        5.002700        0.506203
FIRE:   87 13:57:49        4.878497        0.400360
FIRE:   88 13:57:49        4.768485        0.293447
FIRE:   89 13:57:49        4.670120        0.210388
FIRE:   90 13:57:50        4.587667        0.170518
FIRE:   91 13:57:50        4.527457        0.169008
FIRE:   92 13:57:50        4.487949        0.191789
FIRE:   93 13:57:50        4.464128        0.291215
FIRE:   94 13:57:50        4.457293        0.432350
FIRE:   95 13:57:50        4.404774        0.257857
FIRE:   96 13:57:50        4.368724        0.166500
FIRE:   97 13:57:50        4.360381        0.072073
FIRE:   98 13:57:50        4.361770        0.146141
FIRE:   99 13:57:50        4.359203        0.114203
FIRE:  100 13:57:50        4.356186        0.062773
FIRE:  101 13:57:50        4.354871        0.048854
FIRE:  102 13:57:50        4.354770        0.048040
FIRE:  103 13:57:50        4.354578        0.046562
FIRE:  104 13:57:50        4.354313        0.044710
FIRE:  105 13:57:50        4.353994        0.042871
FIRE:  106 13:57:50        4.353633        0.041432
FIRE:  107 13:57:50        4.353231        0.040628
FIRE:  108 13:57:50        4.352786        0.040420
FIRE:  109 13:57:50        4.352234        0.040531
FIRE:  110 13:57:50        4.351554        0.040497
FIRE:  111 13:57:50        4.350732        0.039731
FIRE:  112 13:57:50        4.349763        0.037910
FIRE:  113 13:57:50        4.348641        0.035464
FIRE:  114 13:57:50        4.347369        0.033538
FIRE:  115 13:57:50        4.345975        0.032441
FIRE:  116 13:57:50        4.344463        0.030268
FIRE:  117 13:57:50        4.342831        0.025924
FIRE:  118 13:57:50        4.341194        0.022688
FIRE:  119 13:57:51        4.339596        0.019925
FIRE:  120 13:57:51        4.338133        0.016386
FIRE:  121 13:57:51        4.336999        0.013067
FIRE:  122 13:57:51        4.336338        0.013905
FIRE:  123 13:57:51        4.336453        0.036268
FIRE:  124 13:57:51        4.336376        0.017639
FIRE:  125 13:57:51        4.336347        0.011980
FIRE:  126 13:57:51        4.336345        0.011916
FIRE:  127 13:57:51        4.336340        0.011787
FIRE:  128 13:57:51        4.336335        0.011591
FIRE:  129 13:57:51        4.336330        0.011322
FIRE:  130 13:57:51        4.336325        0.010979
FIRE:  131 13:57:51        4.336320        0.010567
FIRE:  132 13:57:51        4.336314        0.010094
FIRE:  133 13:57:51        4.336306        0.009509
