      Step     Time          Energy          fmax
FIRE:    0 15:34:21      151.832191       48.155089
FIRE:    1 15:34:21      128.860435       34.223389
FIRE:    2 15:34:21      111.828310       22.574689
FIRE:    3 15:34:21       99.129712       17.402616
FIRE:    4 15:34:21       89.334698       17.731086
FIRE:    5 15:34:21       81.224356       17.996727
FIRE:    6 15:34:21       73.918643       18.003885
FIRE:    7 15:34:21       66.962495       17.641236
FIRE:    8 15:34:22       60.241926       16.890290
FIRE:    9 15:34:22       53.871546       15.820882
FIRE:   10 15:34:22       47.986739       14.543493
FIRE:   11 15:34:22       42.612895       13.164197
FIRE:   12 15:34:22       37.667383       11.755748
FIRE:   13 15:34:22       33.062272       10.360903
FIRE:   14 15:34:22       28.794663        9.015010
FIRE:   15 15:34:22       24.947087        7.752373
FIRE:   16 15:34:22       21.615403        6.609396
FIRE:   17 15:34:22       18.832136        5.618218
FIRE:   18 15:34:22       16.539819        4.852880
FIRE:   19 15:34:22       14.626374        4.153220
FIRE:   20 15:34:22       12.996048        3.554827
FIRE:   21 15:34:22       11.623354        3.092837
FIRE:   22 15:34:23       10.550759        2.718402
FIRE:   23 15:34:23        9.830955        2.423934
FIRE:   24 15:34:23        9.434958        2.180933
FIRE:   25 15:34:23        9.236884        1.952284
FIRE:   26 15:34:23        9.100501        2.208983
FIRE:   27 15:34:23        8.926086        2.324540
FIRE:   28 15:34:23        8.688916        1.971019
FIRE:   29 15:34:23        8.454310        1.313770
FIRE:   30 15:34:23        8.312786        1.154514
FIRE:   31 15:34:23        8.275646        1.416348
FIRE:   32 15:34:23        7.798861        0.976190
FIRE:   33 15:34:23        7.502704        0.961713
FIRE:   34 15:34:23        7.211054        0.893741
FIRE:   35 15:34:23        7.046764        0.760892
FIRE:   36 15:34:23        6.988505        0.665128
FIRE:   37 15:34:23        6.847486        0.674636
FIRE:   38 15:34:23        6.740474        0.728088
FIRE:   39 15:34:23        6.566418        0.716818
FIRE:   40 15:34:23        6.445972        0.607370
FIRE:   41 15:34:23        6.313345        0.478410
FIRE:   42 15:34:23        6.192277        0.364665
FIRE:   43 15:34:23        6.108545        0.365523
FIRE:   44 15:34:23        6.035660        0.267390
FIRE:   45 15:34:23        5.984474        0.312742
FIRE:   46 15:34:23        5.915264        0.253658
FIRE:   47 15:34:23        5.860495        0.274429
FIRE:   48 15:34:24        5.819652        0.189128
FIRE:   49 15:34:24        5.799279        0.254721
FIRE:   50 15:34:24        5.786198        0.173903
FIRE:   51 15:34:24        5.780702        0.189517
FIRE:   52 15:34:24        5.777165        0.144937
FIRE:   53 15:34:24        5.773078        0.140816
FIRE:   54 15:34:24        5.770951        0.143307
FIRE:   55 15:34:24        5.769718        0.147093
FIRE:   56 15:34:24        5.766831        0.159879
FIRE:   57 15:34:24        5.761863        0.142208
FIRE:   58 15:34:24        5.756510        0.138414
FIRE:   59 15:34:24        5.751774        0.135710
FIRE:   60 15:34:24        5.746588        0.137473
FIRE:   61 15:34:24        5.738112        0.144329
FIRE:   62 15:34:24        5.727161        0.156103
FIRE:   63 15:34:24        5.715773        0.166447
FIRE:   64 15:34:24        5.698949        0.164238
FIRE:   65 15:34:24        5.679969        0.152107
FIRE:   66 15:34:24        5.654973        0.149807
FIRE:   67 15:34:24        5.625333        0.163544
FIRE:   68 15:34:24        5.585426        0.149046
FIRE:   69 15:34:24        5.541805        0.358203
FIRE:   70 15:34:24        5.549474        1.211869
FIRE:   71 15:34:24        5.494166        0.455374
FIRE:   72 15:34:25        5.488344        0.294050
FIRE:   73 15:34:25        5.483440        0.170328
FIRE:   74 15:34:25        5.483671        0.226859
FIRE:   75 15:34:25        5.483183        0.207512
FIRE:   76 15:34:25        5.482326        0.170515
FIRE:   77 15:34:25        5.481299        0.162880
FIRE:   78 15:34:25        5.480305        0.166082
FIRE:   79 15:34:25        5.479463        0.169394
FIRE:   80 15:34:25        5.478749        0.172363
FIRE:   81 15:34:25        5.478011        0.174609
FIRE:   82 15:34:25        5.476961        0.176018
FIRE:   83 15:34:25        5.475386        0.176252
FIRE:   84 15:34:25        5.473205        0.175091
FIRE:   85 15:34:25        5.470560        0.172600
FIRE:   86 15:34:25        5.467664        0.169485
FIRE:   87 15:34:25        5.464337        0.167298
FIRE:   88 15:34:25        5.459945        0.167613
FIRE:   89 15:34:25        5.454245        0.171024
FIRE:   90 15:34:25        5.447675        0.175897
FIRE:   91 15:34:25        5.439729        0.177890
FIRE:   92 15:34:25        5.429483        0.174403
FIRE:   93 15:34:25        5.417476        0.169287
FIRE:   94 15:34:25        5.402262        0.171753
FIRE:   95 15:34:26        5.384027        0.178973
FIRE:   96 15:34:26        5.361061        0.173199
FIRE:   97 15:34:26        5.333469        0.168592
FIRE:   98 15:34:26        5.301168        0.176557
FIRE:   99 15:34:26        5.266211        0.337713
FIRE:  100 15:34:26        5.240024        0.756618
FIRE:  101 15:34:26        5.219105        0.156709
FIRE:  102 15:34:26        5.231596        0.650799
FIRE:  103 15:34:26        5.225055        0.503256
FIRE:  104 15:34:26        5.217475        0.241619
FIRE:  105 15:34:26        5.214988        0.161469
FIRE:  106 15:34:26        5.214888        0.161209
FIRE:  107 15:34:26        5.214696        0.160707
FIRE:  108 15:34:26        5.214426        0.159998
FIRE:  109 15:34:26        5.214093        0.159138
FIRE:  110 15:34:26        5.213711        0.158202
FIRE:  111 15:34:26        5.213288        0.157279
FIRE:  112 15:34:26        5.212821        0.156466
FIRE:  113 15:34:26        5.212244        0.155796
FIRE:  114 15:34:26        5.211516        0.155421
FIRE:  115 15:34:26        5.210582        0.155499
FIRE:  116 15:34:26        5.209393        0.156167
FIRE:  117 15:34:26        5.207907        0.157465
FIRE:  118 15:34:26        5.206100        0.159255
FIRE:  119 15:34:26        5.203917        0.161132
FIRE:  120 15:34:27        5.201241        0.162492
FIRE:  121 15:34:27        5.197923        0.162828
FIRE:  122 15:34:27        5.193873        0.162182
FIRE:  123 15:34:27        5.189001        0.161545
FIRE:  124 15:34:27        5.183056        0.162374
FIRE:  125 15:34:27        5.175848        0.164792
FIRE:  126 15:34:27        5.167209        0.166113
FIRE:  127 15:34:27        5.156785        0.163693
FIRE:  128 15:34:27        5.144406        0.160692
FIRE:  129 15:34:27        5.129722        0.160688
FIRE:  130 15:34:27        5.112463        0.153925
FIRE:  131 15:34:27        5.092330        0.146301
FIRE:  132 15:34:27        5.069008        0.140213
FIRE:  133 15:34:27        5.042987        0.179135
FIRE:  134 15:34:27        5.024229        0.605750
FIRE:  135 15:34:27        5.010402        0.126770
FIRE:  136 15:34:27        5.018786        0.535588
FIRE:  137 15:34:28        5.013984        0.403002
FIRE:  138 15:34:28        5.008662        0.169990
FIRE:  139 15:34:28        5.007330        0.123720
FIRE:  140 15:34:28        5.007227        0.123851
FIRE:  141 15:34:28        5.007032        0.124105
FIRE:  142 15:34:28        5.006768        0.124462
FIRE:  143 15:34:28        5.006459        0.124894
FIRE:  144 15:34:28        5.006125        0.125361
FIRE:  145 15:34:28        5.005776        0.125813
FIRE:  146 15:34:28        5.005404        0.126198
FIRE:  147 15:34:28        5.004950        0.126493
FIRE:  148 15:34:28        5.004365        0.126621
FIRE:  149 15:34:28        5.003596        0.126510
FIRE:  150 15:34:28        5.002600        0.126107
FIRE:  151 15:34:28        5.001359        0.125417
FIRE:  152 15:34:28        4.999872        0.124550
FIRE:  153 15:34:28        4.998086        0.126210
FIRE:  154 15:34:28        4.995862        0.128601
FIRE:  155 15:34:28        4.993057        0.129895
FIRE:  156 15:34:28        4.989632        0.130451
FIRE:  157 15:34:28        4.985484        0.131799
FIRE:  158 15:34:29        4.980305        0.135583
FIRE:  159 15:34:29        4.973949        0.141370
FIRE:  160 15:34:29        4.966151        0.145637
FIRE:  161 15:34:29        4.956469        0.146437
FIRE:  162 15:34:29        4.944548        0.148684
FIRE:  163 15:34:29        4.929757        0.154755
FIRE:  164 15:34:29        4.911321        0.154050
FIRE:  165 15:34:29        4.888273        0.155077
FIRE:  166 15:34:29        4.859246        0.159081
FIRE:  167 15:34:29        4.822965        0.149361
FIRE:  168 15:34:29        4.784662        0.476488
FIRE:  169 15:34:29        4.798791        1.352288
FIRE:  170 15:34:29        4.724512        0.222669
FIRE:  171 15:34:29        4.723064        0.156908
FIRE:  172 15:34:29        4.721260        0.154944
FIRE:  173 15:34:29        4.719992        0.157638
FIRE:  174 15:34:29        4.718810        0.159423
FIRE:  175 15:34:29        4.716701        0.159692
FIRE:  176 15:34:29        4.713520        0.158529
FIRE:  177 15:34:29        4.710045        0.156620
FIRE:  178 15:34:29        4.706470        0.155764
FIRE:  179 15:34:29        4.701975        0.159291
FIRE:  180 15:34:29        4.695515        0.158017
FIRE:  181 15:34:29        4.687950        0.162148
FIRE:  182 15:34:29        4.678941        0.163584
FIRE:  183 15:34:30        4.666863        0.160035
FIRE:  184 15:34:30        4.652849        0.166162
FIRE:  185 15:34:30        4.634482        0.162408
FIRE:  186 15:34:30        4.612576        0.159603
FIRE:  187 15:34:30        4.584992        0.172599
FIRE:  188 15:34:30        4.550513        0.166121
FIRE:  189 15:34:30        4.507715        0.176709
FIRE:  190 15:34:30        4.455691        0.185175
FIRE:  191 15:34:30        4.408457        0.586362
FIRE:  192 15:34:30        4.410169        1.281471
FIRE:  193 15:34:30        4.339260        0.257524
FIRE:  194 15:34:30        4.337229        0.180781
FIRE:  195 15:34:30        4.334806        0.174818
FIRE:  196 15:34:30        4.333297        0.168367
FIRE:  197 15:34:30        4.331962        0.172717
FIRE:  198 15:34:30        4.329308        0.181481
FIRE:  199 15:34:30        4.325212        0.165717
FIRE:  200 15:34:30        4.320871        0.170271
FIRE:  201 15:34:30        4.316596        0.174903
FIRE:  202 15:34:30        4.311131        0.176263
FIRE:  203 15:34:30        4.303145        0.172609
FIRE:  204 15:34:30        4.294101        0.165612
FIRE:  205 15:34:30        4.283382        0.162723
FIRE:  206 15:34:30        4.269034        0.167843
FIRE:  207 15:34:30        4.252885        0.172855
FIRE:  208 15:34:30        4.231864        0.166680
FIRE:  209 15:34:31        4.207611        0.161872
FIRE:  210 15:34:31        4.178310        0.171313
FIRE:  211 15:34:31        4.143242        0.159656
FIRE:  212 15:34:31        4.102898        0.166914
FIRE:  213 15:34:31        4.060264        0.310211
FIRE:  214 15:34:31        4.037635        0.778599
FIRE:  215 15:34:31        4.007400        0.153450
FIRE:  216 15:34:31        4.027670        0.691057
FIRE:  217 15:34:31        4.017097        0.517690
FIRE:  218 15:34:31        4.005594        0.215664
FIRE:  219 15:34:31        4.003218        0.156349
FIRE:  220 15:34:31        4.003031        0.156007
FIRE:  221 15:34:31        4.002685        0.155339
FIRE:  222 15:34:31        4.002228        0.154385
FIRE:  223 15:34:31        4.001714        0.153203
FIRE:  224 15:34:31        4.001190        0.151872
FIRE:  225 15:34:31        4.000677        0.150499
FIRE:  226 15:34:31        4.000164        0.149205
FIRE:  227 15:34:31        3.999552        0.147993
FIRE:  228 15:34:31        3.998758        0.147009
FIRE:  229 15:34:31        3.997686        0.146393
FIRE:  230 15:34:31        3.996269        0.146235
FIRE:  231 15:34:31        3.994506        0.146507
FIRE:  232 15:34:32        3.992442        0.146960
FIRE:  233 15:34:32        3.990035        0.147056
FIRE:  234 15:34:32        3.987054        0.146141
FIRE:  235 15:34:32        3.983270        0.143788
FIRE:  236 15:34:32        3.978723        0.140185
FIRE:  237 15:34:32        3.973374        0.136555
FIRE:  238 15:34:32        3.966764        0.134344
FIRE:  239 15:34:32        3.958849        0.133307
FIRE:  240 15:34:32        3.949475        0.130566
FIRE:  241 15:34:32        3.938189        0.124629
FIRE:  242 15:34:32        3.924959        0.119770
FIRE:  243 15:34:32        3.909421        0.118146
FIRE:  244 15:34:32        3.891269        0.111460
FIRE:  245 15:34:32        3.870376        0.107960
FIRE:  246 15:34:32        3.846597        0.103584
FIRE:  247 15:34:32        3.820159        0.096076
FIRE:  248 15:34:32        3.793070        0.169618
FIRE:  249 15:34:32        3.784200        0.612150
FIRE:  250 15:34:32        3.765066        0.077039
FIRE:  251 15:34:32        3.764816        0.076509
FIRE:  252 15:34:32        3.764465        0.075558
FIRE:  253 15:34:32        3.764136        0.074405
FIRE:  254 15:34:32        3.763770        0.073356
FIRE:  255 15:34:32        3.763229        0.072619
FIRE:  256 15:34:33        3.762499        0.072230
FIRE:  257 15:34:33        3.761693        0.072056
FIRE:  258 15:34:33        3.760789        0.071795
FIRE:  259 15:34:33        3.759649        0.071021
FIRE:  260 15:34:33        3.758136        0.069403
FIRE:  261 15:34:33        3.756361        0.066994
FIRE:  262 15:34:33        3.754211        0.064659
FIRE:  263 15:34:33        3.751530        0.063205
FIRE:  264 15:34:33        3.748391        0.062076
FIRE:  265 15:34:33        3.744574        0.059580
FIRE:  266 15:34:33        3.740093        0.056548
FIRE:  267 15:34:33        3.734874        0.056305
FIRE:  268 15:34:33        3.728981        0.053895
FIRE:  269 15:34:33        3.723039        0.125000
FIRE:  270 15:34:33        3.720046        0.306082
FIRE:  271 15:34:33        3.714898        0.049542
FIRE:  272 15:34:33        3.718381        0.263852
FIRE:  273 15:34:33        3.716751        0.204014
FIRE:  274 15:34:33        3.714875        0.096994
FIRE:  275 15:34:33        3.714334        0.049461
FIRE:  276 15:34:33        3.714316        0.049427
FIRE:  277 15:34:33        3.714283        0.049361
FIRE:  278 15:34:33        3.714237        0.049266
FIRE:  279 15:34:34        3.714182        0.049145
FIRE:  280 15:34:34        3.714124        0.049007
FIRE:  281 15:34:34        3.714062        0.048859
FIRE:  282 15:34:34        3.713997        0.048711
FIRE:  283 15:34:34        3.713919        0.048559
FIRE:  284 15:34:34        3.713820        0.048415
FIRE:  285 15:34:34        3.713690        0.048288
FIRE:  286 15:34:34        3.713521        0.048185
FIRE:  287 15:34:34        3.713310        0.048097
FIRE:  288 15:34:34        3.713056        0.047994
FIRE:  289 15:34:34        3.712756        0.047817
FIRE:  290 15:34:34        3.712387        0.047489
FIRE:  291 15:34:34        3.711926        0.046950
FIRE:  292 15:34:34        3.711364        0.046203
FIRE:  293 15:34:34        3.710698        0.045360
FIRE:  294 15:34:34        3.709885        0.044604
FIRE:  295 15:34:34        3.708904        0.043960
FIRE:  296 15:34:34        3.707742        0.043117
FIRE:  297 15:34:34        3.706345        0.041780
FIRE:  298 15:34:34        3.704709        0.040352
FIRE:  299 15:34:34        3.702783        0.039245
FIRE:  300 15:34:34        3.700547        0.037171
FIRE:  301 15:34:34        3.697981        0.035287
FIRE:  302 15:34:34        3.695088        0.033510
FIRE:  303 15:34:35        3.692112        0.072141
FIRE:  304 15:34:35        3.691046        0.233186
FIRE:  305 15:34:35        3.688492        0.027001
FIRE:  306 15:34:35        3.688476        0.027087
FIRE:  307 15:34:35        3.688444        0.027234
FIRE:  308 15:34:35        3.688401        0.027396
FIRE:  309 15:34:35        3.688346        0.027517
FIRE:  310 15:34:35        3.688276        0.027549
FIRE:  311 15:34:35        3.688191        0.027467
FIRE:  312 15:34:35        3.688091        0.027284
FIRE:  313 15:34:35        3.687968        0.027013
FIRE:  314 15:34:35        3.687813        0.026721
FIRE:  315 15:34:35        3.687619        0.026492
FIRE:  316 15:34:35        3.687378        0.026343
FIRE:  317 15:34:35        3.687083        0.026149
FIRE:  318 15:34:35        3.686721        0.025724
FIRE:  319 15:34:35        3.686282        0.025103
FIRE:  320 15:34:35        3.685753        0.024623
FIRE:  321 15:34:35        3.685121        0.024196
FIRE:  322 15:34:35        3.684373        0.023125
FIRE:  323 15:34:35        3.683499        0.022072
FIRE:  324 15:34:35        3.682494        0.020637
FIRE:  325 15:34:35        3.681370        0.019508
FIRE:  326 15:34:35        3.680319        0.063726
FIRE:  327 15:34:36        3.681132        0.226472
FIRE:  328 15:34:36        3.678970        0.038456
FIRE:  329 15:34:36        3.678935        0.028004
FIRE:  330 15:34:36        3.678898        0.014066
FIRE:  331 15:34:36        3.678884        0.014616
FIRE:  332 15:34:36        3.678882        0.014595
FIRE:  333 15:34:36        3.678878        0.014554
FIRE:  334 15:34:36        3.678873        0.014496
FIRE:  335 15:34:36        3.678867        0.014426
FIRE:  336 15:34:36        3.678860        0.014351
FIRE:  337 15:34:36        3.678852        0.014278
FIRE:  338 15:34:36        3.678844        0.014213
FIRE:  339 15:34:36        3.678833        0.014160
FIRE:  340 15:34:36        3.678819        0.014127
FIRE:  341 15:34:36        3.678802        0.014121
FIRE:  342 15:34:36        3.678779        0.014144
FIRE:  343 15:34:36        3.678752        0.014187
FIRE:  344 15:34:36        3.678719        0.014220
FIRE:  345 15:34:36        3.678679        0.014202
FIRE:  346 15:34:36        3.678629        0.014093
FIRE:  347 15:34:36        3.678568        0.013885
FIRE:  348 15:34:36        3.678496        0.013636
FIRE:  349 15:34:36        3.678408        0.013447
FIRE:  350 15:34:37        3.678301        0.013350
FIRE:  351 15:34:37        3.678176        0.013191
FIRE:  352 15:34:37        3.678026        0.012775
FIRE:  353 15:34:37        3.677851        0.012256
FIRE:  354 15:34:37        3.677647        0.011898
FIRE:  355 15:34:37        3.677414        0.011117
FIRE:  356 15:34:37        3.677151        0.010226
FIRE:  357 15:34:37        3.676864        0.009535
