      Step     Time          Energy          fmax
FIRE:    0 13:15:47      166.094587      146.352410
FIRE:    1 13:15:47      129.078756       60.643305
FIRE:    2 13:15:47      107.554532       32.774659
FIRE:    3 13:15:47       93.405077       23.690354
FIRE:    4 13:15:47       83.233830       22.908926
FIRE:    5 13:15:47       75.218637       27.787080
FIRE:    6 13:15:47       68.062090       28.837791
FIRE:    7 13:15:47       60.899370       26.984773
FIRE:    8 13:15:47       53.450135       23.562857
FIRE:    9 13:15:47       46.168972       18.558178
FIRE:   10 13:15:47       39.774798       11.681871
FIRE:   11 13:15:47       34.739898        9.101373
FIRE:   12 13:15:47       31.126275        9.253543
FIRE:   13 13:15:47       28.624070       10.880731
FIRE:   14 13:15:48       26.680573       14.821444
FIRE:   15 13:15:48       24.780854       14.587357
FIRE:   16 13:15:48       22.743911       11.657786
FIRE:   17 13:15:48       20.629037        9.516999
FIRE:   18 13:15:48       18.492555        8.771090
FIRE:   19 13:15:48       16.466105        6.758318
FIRE:   20 13:15:48       14.786963        4.121315
FIRE:   21 13:15:48       13.614191        4.675546
FIRE:   22 13:15:48       12.920483        4.305027
FIRE:   23 13:15:48       12.511935        4.528080
FIRE:   24 13:15:48       12.093262        4.641375
FIRE:   25 13:15:48       11.447771        4.122184
FIRE:   26 13:15:48       10.624273        3.351431
FIRE:   27 13:15:48        9.832363        3.458372
FIRE:   28 13:15:48        9.212325        2.912987
FIRE:   29 13:15:48        8.794073        1.847666
FIRE:   30 13:15:48        8.548808        1.226416
FIRE:   31 13:15:48        8.424570        1.212812
FIRE:   32 13:15:48        8.387399        1.040676
FIRE:   33 13:15:49        8.077311        0.873752
FIRE:   34 13:15:49        8.069151        1.054404
FIRE:   35 13:15:49        7.929731        0.647918
FIRE:   36 13:15:49        7.905995        0.362945
FIRE:   37 13:15:49        7.887302        0.287911
FIRE:   38 13:15:49        7.885754        0.520687
FIRE:   39 13:15:49        7.883355        0.470208
FIRE:   40 13:15:49        7.879325        0.374228
FIRE:   41 13:15:49        7.874895        0.242734
FIRE:   42 13:15:49        7.871244        0.201280
FIRE:   43 13:15:49        7.868918        0.191879
FIRE:   44 13:15:49        7.867473        0.178220
FIRE:   45 13:15:49        7.865922        0.236712
FIRE:   46 13:15:49        7.863230        0.243769
FIRE:   47 13:15:49        7.859116        0.181539
FIRE:   48 13:15:49        7.854416        0.117978
FIRE:   49 13:15:49        7.850700        0.129775
FIRE:   50 13:15:49        7.848115        0.216378
FIRE:   51 13:15:49        7.844615        0.207441
FIRE:   52 13:15:49        7.839225        0.158013
FIRE:   53 13:15:49        7.833601        0.156461
FIRE:   54 13:15:49        7.827310        0.249296
FIRE:   55 13:15:49        7.817727        0.132552
FIRE:   56 13:15:49        7.806657        0.127944
FIRE:   57 13:15:49        7.791059        0.117659
FIRE:   58 13:15:49        7.770353        0.188161
FIRE:   59 13:15:49        7.740840        0.147923
FIRE:   60 13:15:50        7.703009        0.234122
FIRE:   61 13:15:50        7.648608        0.205304
FIRE:   62 13:15:50        7.576832        0.225506
FIRE:   63 13:15:50        7.496107        0.239643
FIRE:   64 13:15:50        7.406952        0.203742
FIRE:   65 13:15:50        7.308765        0.189522
FIRE:   66 13:15:50        7.203122        0.214211
FIRE:   67 13:15:50        7.092914        0.252510
FIRE:   68 13:15:50        6.978363        0.273414
FIRE:   69 13:15:50        6.858740        0.277066
FIRE:   70 13:15:50        6.730593        0.277890
FIRE:   71 13:15:50        6.590615        0.270677
FIRE:   72 13:15:50        6.439791        0.261666
FIRE:   73 13:15:51        6.279185        0.274496
FIRE:   74 13:15:51        6.109813        0.299093
FIRE:   75 13:15:51        5.931482        0.350761
FIRE:   76 13:15:51        5.744642        0.397967
FIRE:   77 13:15:51        5.551413        0.427955
FIRE:   78 13:15:51        5.358716        0.427458
FIRE:   79 13:15:51        5.181554        0.366909
FIRE:   80 13:15:51        5.043676        0.313489
FIRE:   81 13:15:51        4.974816        0.391311
FIRE:   82 13:15:51        4.982800        0.714541
FIRE:   83 13:15:51        4.795415        0.284597
FIRE:   84 13:15:51        4.773980        0.423826
FIRE:   85 13:15:51        4.722589        0.344237
FIRE:   86 13:15:51        4.670322        0.232016
FIRE:   87 13:15:51        4.651946        0.352063
FIRE:   88 13:15:51        4.641928        0.309060
FIRE:   89 13:15:51        4.627111        0.235797
FIRE:   90 13:15:51        4.612875        0.197249
FIRE:   91 13:15:51        4.601122        0.194424
FIRE:   92 13:15:51        4.591477        0.189477
FIRE:   93 13:15:51        4.582251        0.200331
FIRE:   94 13:15:51        4.570626        0.209950
FIRE:   95 13:15:52        4.553839        0.181572
FIRE:   96 13:15:52        4.534209        0.169692
FIRE:   97 13:15:52        4.516684        0.152216
FIRE:   98 13:15:52        4.506059        0.124748
FIRE:   99 13:15:52        4.497655        0.150352
FIRE:  100 13:15:52        4.486039        0.109580
FIRE:  101 13:15:52        4.479295        0.095678
FIRE:  102 13:15:52        4.478647        0.089183
FIRE:  103 13:15:52        4.477505        0.077650
FIRE:  104 13:15:52        4.476076        0.063947
FIRE:  105 13:15:52        4.474495        0.055477
FIRE:  106 13:15:52        4.472758        0.062927
FIRE:  107 13:15:52        4.470758        0.065793
FIRE:  108 13:15:52        4.468380        0.063615
FIRE:  109 13:15:52        4.465250        0.060985
FIRE:  110 13:15:52        4.461218        0.063813
FIRE:  111 13:15:52        4.456044        0.067682
FIRE:  112 13:15:52        4.449147        0.073459
FIRE:  113 13:15:52        4.439516        0.081996
FIRE:  114 13:15:52        4.425773        0.093927
FIRE:  115 13:15:53        4.406084        0.109956
FIRE:  116 13:15:53        4.377067        0.128960
FIRE:  117 13:15:53        4.332295        0.146097
FIRE:  118 13:15:53        4.260729        0.171477
FIRE:  119 13:15:53        4.170608        0.211036
FIRE:  120 13:15:53        4.064966        0.251867
FIRE:  121 13:15:53        3.944484        0.287980
FIRE:  122 13:15:53        3.809382        0.331496
FIRE:  123 13:15:53        3.660209        0.363586
FIRE:  124 13:15:53        3.500464        0.395606
FIRE:  125 13:15:53        3.334149        0.417884
FIRE:  126 13:15:53        3.165618        0.427449
FIRE:  127 13:15:53        3.000247        0.428347
FIRE:  128 13:15:53        2.842970        0.417976
FIRE:  129 13:15:53        2.697250        0.392372
FIRE:  130 13:15:53        2.565065        0.353205
FIRE:  131 13:15:53        2.447186        0.299530
FIRE:  132 13:15:53        2.344702        0.231797
FIRE:  133 13:15:54        2.256259        0.235965
FIRE:  134 13:15:54        2.176782        0.266756
FIRE:  135 13:15:54        2.099785        0.313854
FIRE:  136 13:15:54        2.026584        0.257175
FIRE:  137 13:15:54        1.972559        0.303316
FIRE:  138 13:15:54        1.942336        0.579971
FIRE:  139 13:15:54        1.913840        0.517499
FIRE:  140 13:15:54        1.884555        0.340312
FIRE:  141 13:15:54        1.848724        0.651950
FIRE:  142 13:15:54        1.786057        0.546500
FIRE:  143 13:15:54        1.711788        0.268659
FIRE:  144 13:15:54        1.647335        0.357488
FIRE:  145 13:15:54        1.584061        0.335744
FIRE:  146 13:15:54        1.519126        0.314158
FIRE:  147 13:15:54        1.463133        0.322427
FIRE:  148 13:15:54        1.418511        0.406594
FIRE:  149 13:15:54        1.372998        0.414962
FIRE:  150 13:15:54        1.328519        0.389484
FIRE:  151 13:15:54        1.318265        0.390380
FIRE:  152 13:15:54        1.195541        0.309074
FIRE:  153 13:15:54        1.133563        0.389295
FIRE:  154 13:15:55        1.097718        0.304210
FIRE:  155 13:15:55        1.082891        0.350299
FIRE:  156 13:15:55        1.072171        0.240751
FIRE:  157 13:15:55        1.060955        0.241412
FIRE:  158 13:15:55        1.056226        0.236487
FIRE:  159 13:15:55        1.052105        0.262803
FIRE:  160 13:15:55        1.040955        0.237679
FIRE:  161 13:15:55        1.025183        0.205217
FIRE:  162 13:15:55        1.012930        0.188244
FIRE:  163 13:15:55        1.004199        0.194016
FIRE:  164 13:15:55        0.991069        0.163179
FIRE:  165 13:15:55        0.975635        0.116674
FIRE:  166 13:15:55        0.968461        0.206631
FIRE:  167 13:15:55        0.959315        0.114022
FIRE:  168 13:15:55        0.957271        0.168017
FIRE:  169 13:15:55        0.955499        0.112239
FIRE:  170 13:15:55        0.953712        0.054071
FIRE:  171 13:15:55        0.953336        0.080065
FIRE:  172 13:15:55        0.953233        0.074891
FIRE:  173 13:15:55        0.953047        0.064962
FIRE:  174 13:15:55        0.952808        0.051127
FIRE:  175 13:15:56        0.952551        0.038218
FIRE:  176 13:15:56        0.952301        0.038375
FIRE:  177 13:15:56        0.952065        0.039762
FIRE:  178 13:15:56        0.951828        0.041476
FIRE:  179 13:15:56        0.951539        0.042517
FIRE:  180 13:15:56        0.951159        0.041708
FIRE:  181 13:15:56        0.950669        0.038202
FIRE:  182 13:15:56        0.950083        0.035027
FIRE:  183 13:15:56        0.949449        0.030977
FIRE:  184 13:15:56        0.948789        0.032925
FIRE:  185 13:15:56        0.948035        0.039004
FIRE:  186 13:15:56        0.947135        0.027518
FIRE:  187 13:15:56        0.946188        0.027974
FIRE:  188 13:15:56        0.945266        0.027623
FIRE:  189 13:15:56        0.944282        0.026218
FIRE:  190 13:15:56        0.943399        0.023954
FIRE:  191 13:15:56        0.942598        0.020531
FIRE:  192 13:15:56        0.941963        0.019336
FIRE:  193 13:15:56        0.941481        0.010624
FIRE:  194 13:15:56        0.941370        0.032555
FIRE:  195 13:15:56        0.941306        0.019918
FIRE:  196 13:15:56        0.941261        0.006982
