      Step     Time          Energy          fmax
FIRE:    0 12:31:28      257.689727      163.016169
FIRE:    1 12:31:28      200.100516       99.210255
FIRE:    2 12:31:28      166.090009       59.614092
FIRE:    3 12:31:28      145.851789       35.918753
FIRE:    4 12:31:28      131.559215       42.580272
FIRE:    5 12:31:28      118.454105       43.314976
FIRE:    6 12:31:28      105.278049       36.721329
FIRE:    7 12:31:28       92.544561       27.417333
FIRE:    8 12:31:28       80.696737       28.540788
FIRE:    9 12:31:28       69.794759       28.411775
FIRE:   10 12:31:28       59.737670       26.849252
FIRE:   11 12:31:28       50.518817       24.265025
FIRE:   12 12:31:28       42.253036       21.094166
FIRE:   13 12:31:29       35.083063       17.695437
FIRE:   14 12:31:29       29.090213       14.325131
FIRE:   15 12:31:29       24.258495       11.157217
FIRE:   16 12:31:29       20.469399        8.329072
FIRE:   17 12:31:29       17.538288        5.921554
FIRE:   18 12:31:29       15.280417        5.049715
FIRE:   19 12:31:29       13.572076        4.046322
FIRE:   20 12:31:29       12.376116        2.823787
FIRE:   21 12:31:29       11.716887        2.562191
FIRE:   22 12:31:29       11.595102        2.504071
FIRE:   23 12:31:29       10.932118        2.199625
FIRE:   24 12:31:29       10.221958        1.739568
FIRE:   25 12:31:29        9.732951        1.352285
FIRE:   26 12:31:29        9.323804        1.043887
FIRE:   27 12:31:29        8.948503        0.867494
FIRE:   28 12:31:29        8.634139        0.761636
FIRE:   29 12:31:29        8.385032        0.534330
FIRE:   30 12:31:29        8.221309        0.420869
FIRE:   31 12:31:29        8.128999        0.472933
FIRE:   32 12:31:29        8.082266        0.514288
FIRE:   33 12:31:29        8.055080        0.495962
FIRE:   34 12:31:29        8.015477        0.458276
FIRE:   35 12:31:29        7.980069        0.402365
FIRE:   36 12:31:30        7.952909        0.335650
FIRE:   37 12:31:30        7.925950        0.327960
FIRE:   38 12:31:30        7.893125        0.295001
FIRE:   39 12:31:30        7.858617        0.187203
FIRE:   40 12:31:30        7.832492        0.134322
FIRE:   41 12:31:30        7.825001        0.223997
FIRE:   42 12:31:30        7.822543        0.216132
FIRE:   43 12:31:30        7.818496        0.206210
FIRE:   44 12:31:30        7.814209        0.192987
FIRE:   45 12:31:30        7.810890        0.177998
FIRE:   46 12:31:30        7.808971        0.162899
FIRE:   47 12:31:30        7.807846        0.149318
FIRE:   48 12:31:30        7.806472        0.137975
FIRE:   49 12:31:30        7.803818        0.142271
FIRE:   50 12:31:30        7.799468        0.125838
FIRE:   51 12:31:30        7.793935        0.114672
FIRE:   52 12:31:30        7.788583        0.111402
FIRE:   53 12:31:30        7.784151        0.108589
FIRE:   54 12:31:30        7.778954        0.107274
FIRE:   55 12:31:30        7.771109        0.092316
FIRE:   56 12:31:30        7.762670        0.078724
FIRE:   57 12:31:30        7.755653        0.095124
FIRE:   58 12:31:30        7.746118        0.073348
FIRE:   59 12:31:30        7.736066        0.068943
FIRE:   60 12:31:31        7.726917        0.067940
FIRE:   61 12:31:31        7.715637        0.055022
FIRE:   62 12:31:31        7.704446        0.060286
FIRE:   63 12:31:31        7.691262        0.080631
FIRE:   64 12:31:31        7.673772        0.065909
FIRE:   65 12:31:31        7.658177        0.225952
FIRE:   66 12:31:31        7.695059        0.823523
FIRE:   67 12:31:31        7.650345        0.387763
FIRE:   68 12:31:31        7.642487        0.257255
FIRE:   69 12:31:31        7.636624        0.043665
FIRE:   70 12:31:31        7.639681        0.199707
FIRE:   71 12:31:31        7.639051        0.181506
FIRE:   72 12:31:31        7.638010        0.146973
FIRE:   73 12:31:31        7.636914        0.099692
FIRE:   74 12:31:31        7.636126        0.045270
FIRE:   75 12:31:31        7.635879        0.041720
FIRE:   76 12:31:31        7.635874        0.041731
FIRE:   77 12:31:31        7.635863        0.041752
FIRE:   78 12:31:31        7.635847        0.041782
FIRE:   79 12:31:31        7.635827        0.041822
FIRE:   80 12:31:31        7.635801        0.041868
FIRE:   81 12:31:31        7.635772        0.041919
FIRE:   82 12:31:31        7.635738        0.041973
FIRE:   83 12:31:31        7.635697        0.042033
FIRE:   84 12:31:31        7.635646        0.042094
FIRE:   85 12:31:32        7.635584        0.042149
FIRE:   86 12:31:32        7.635509        0.042188
FIRE:   87 12:31:32        7.635416        0.042194
FIRE:   88 12:31:32        7.635302        0.042145
FIRE:   89 12:31:32        7.635161        0.042016
FIRE:   90 12:31:32        7.634987        0.041777
FIRE:   91 12:31:32        7.634777        0.041401
FIRE:   92 12:31:32        7.634525        0.040874
FIRE:   93 12:31:32        7.634226        0.040195
FIRE:   94 12:31:32        7.633871        0.039389
FIRE:   95 12:31:32        7.633452        0.038494
FIRE:   96 12:31:32        7.632963        0.037529
FIRE:   97 12:31:32        7.632404        0.036454
FIRE:   98 12:31:32        7.631774        0.035149
FIRE:   99 12:31:32        7.631075        0.033507
FIRE:  100 12:31:32        7.630327        0.031616
FIRE:  101 12:31:32        7.629551        0.029737
FIRE:  102 12:31:32        7.628788        0.027675
FIRE:  103 12:31:32        7.628077        0.024544
FIRE:  104 12:31:32        7.627457        0.020966
FIRE:  105 12:31:32        7.626941        0.017590
FIRE:  106 12:31:32        7.626512        0.018325
FIRE:  107 12:31:32        7.626167        0.025714
FIRE:  108 12:31:32        7.626016        0.048806
FIRE:  109 12:31:33        7.625800        0.014221
FIRE:  110 12:31:33        7.625847        0.034318
FIRE:  111 12:31:33        7.625805        0.027800
FIRE:  112 12:31:33        7.625748        0.016617
FIRE:  113 12:31:33        7.625712        0.012385
FIRE:  114 12:31:33        7.625708        0.016291
FIRE:  115 12:31:33        7.625705        0.015710
FIRE:  116 12:31:33        7.625700        0.014597
FIRE:  117 12:31:33        7.625693        0.013060
FIRE:  118 12:31:33        7.625686        0.011277
FIRE:  119 12:31:33        7.625678        0.011062
FIRE:  120 12:31:33        7.625670        0.011285
FIRE:  121 12:31:33        7.625662        0.011472
FIRE:  122 12:31:33        7.625653        0.011604
FIRE:  123 12:31:33        7.625643        0.011628
FIRE:  124 12:31:33        7.625631        0.011491
FIRE:  125 12:31:33        7.625615        0.011136
FIRE:  126 12:31:33        7.625594        0.010520
FIRE:  127 12:31:33        7.625571        0.009629
