      Step     Time          Energy          fmax
FIRE:    0 11:20:54      155.874029      170.278793
FIRE:    1 11:20:54       92.484170       91.241280
FIRE:    2 11:20:54       59.438338       43.398791
FIRE:    3 11:20:54       44.803388       19.363717
FIRE:    4 11:20:54       41.799809       17.489932
FIRE:    5 11:20:54       37.026655       16.151564
FIRE:    6 11:20:54       31.454823       14.455103
FIRE:    7 11:20:54       26.428455       12.515890
FIRE:    8 11:20:54       21.701324       10.322394
FIRE:    9 11:20:54       17.908410        8.261766
FIRE:   10 11:20:54       15.155197        6.508970
FIRE:   11 11:20:54       13.194872        5.069566
FIRE:   12 11:20:54       11.776569        3.916963
FIRE:   13 11:20:54       10.742283        3.285644
FIRE:   14 11:20:54        9.985111        3.232457
FIRE:   15 11:20:54        9.440600        2.705276
FIRE:   16 11:20:54        9.068814        2.051011
FIRE:   17 11:20:54        8.809371        1.926244
FIRE:   18 11:20:54        8.597961        1.816760
FIRE:   19 11:20:54        8.412893        1.765846
FIRE:   20 11:20:54        8.244172        2.033765
FIRE:   21 11:20:54        8.050061        2.045286
FIRE:   22 11:20:54        7.817944        1.667219
FIRE:   23 11:20:54        7.635676        0.907842
FIRE:   24 11:20:54        7.668838        0.696069
FIRE:   25 11:20:55        7.651382        0.688731
FIRE:   26 11:20:55        7.619504        0.672902
FIRE:   27 11:20:55        7.577518        0.646687
FIRE:   28 11:20:55        7.529167        0.608209
FIRE:   29 11:20:55        7.477519        0.556318
FIRE:   30 11:20:55        7.426590        0.490932
FIRE:   31 11:20:55        7.382196        0.413435
FIRE:   32 11:20:55        7.346681        0.318867
FIRE:   33 11:20:55        7.321957        0.261728
FIRE:   34 11:20:55        7.299181        0.306276
FIRE:   35 11:20:55        7.269116        0.347021
FIRE:   36 11:20:55        7.231992        0.365444
FIRE:   37 11:20:55        7.201622        0.317246
FIRE:   38 11:20:55        7.200588        0.336978
FIRE:   39 11:20:55        7.194707        0.333253
FIRE:   40 11:20:55        7.184606        0.326505
FIRE:   41 11:20:55        7.172661        0.317853
FIRE:   42 11:20:55        7.160808        0.308400
FIRE:   43 11:20:55        7.150062        0.298818
FIRE:   44 11:20:55        7.140822        0.289019
FIRE:   45 11:20:55        7.133122        0.277998
FIRE:   46 11:20:55        7.125675        0.262704
FIRE:   47 11:20:55        7.117218        0.241133
FIRE:   48 11:20:55        7.106903        0.213206
FIRE:   49 11:20:55        7.095650        0.182803
FIRE:   50 11:20:55        7.083710        0.166041
FIRE:   51 11:20:55        7.068984        0.178702
FIRE:   52 11:20:55        7.048067        0.174703
FIRE:   53 11:20:55        7.014092        0.171479
FIRE:   54 11:20:56        6.961385        0.207697
FIRE:   55 11:20:56        6.879416        0.259021
FIRE:   56 11:20:56        6.748781        0.305101
FIRE:   57 11:20:56        6.600919        0.318264
FIRE:   58 11:20:56        6.471390        0.293244
FIRE:   59 11:20:56        6.393106        0.234998
FIRE:   60 11:20:56        6.385497        0.200198
FIRE:   61 11:20:56        6.378290        0.179150
FIRE:   62 11:20:56        6.367381        0.140464
FIRE:   63 11:20:56        6.356691        0.090170
FIRE:   64 11:20:56        6.350033        0.046195
FIRE:   65 11:20:56        6.347792        0.055162
FIRE:   66 11:20:56        6.347542        0.051793
FIRE:   67 11:20:56        6.347072        0.049606
FIRE:   68 11:20:56        6.346425        0.049789
FIRE:   69 11:20:56        6.345625        0.049945
FIRE:   70 11:20:56        6.344680        0.049995
FIRE:   71 11:20:56        6.343595        0.049870
FIRE:   72 11:20:56        6.342390        0.049555
FIRE:   73 11:20:56        6.340936        0.049062
FIRE:   74 11:20:56        6.339171        0.048557
FIRE:   75 11:20:56        6.336982        0.048352
FIRE:   76 11:20:56        6.334260        0.048783
FIRE:   77 11:20:56        6.330864        0.049958
FIRE:   78 11:20:56        6.326516        0.051428
FIRE:   79 11:20:56        6.320930        0.052087
FIRE:   80 11:20:56        6.313833        0.050950
FIRE:   81 11:20:56        6.305101        0.048622
FIRE:   82 11:20:57        6.294771        0.045859
FIRE:   83 11:20:57        6.283064        0.048731
FIRE:   84 11:20:57        6.270557        0.064144
FIRE:   85 11:20:57        6.258127        0.091485
FIRE:   86 11:20:57        6.247405        0.121372
FIRE:   87 11:20:57        6.242814        0.282598
FIRE:   88 11:20:57        6.232951        0.122210
FIRE:   89 11:20:57        6.237209        0.242898
FIRE:   90 11:20:57        6.234380        0.187068
FIRE:   91 11:20:57        6.230990        0.108380
FIRE:   92 11:20:57        6.229530        0.113506
FIRE:   93 11:20:57        6.229467        0.113314
FIRE:   94 11:20:57        6.229343        0.112937
FIRE:   95 11:20:57        6.229162        0.112388
FIRE:   96 11:20:57        6.228929        0.111688
FIRE:   97 11:20:57        6.228648        0.110861
FIRE:   98 11:20:57        6.228321        0.109941
FIRE:   99 11:20:57        6.227949        0.108959
FIRE:  100 11:20:57        6.227482        0.107842
FIRE:  101 11:20:57        6.226896        0.106605
FIRE:  102 11:20:57        6.226157        0.105269
FIRE:  103 11:20:57        6.225231        0.103847
FIRE:  104 11:20:57        6.224082        0.102325
FIRE:  105 11:20:57        6.222674        0.100635
FIRE:  106 11:20:57        6.220960        0.098640
FIRE:  107 11:20:57        6.218868        0.096158
FIRE:  108 11:20:57        6.216305        0.093061
FIRE:  109 11:20:58        6.213179        0.089449
FIRE:  110 11:20:58        6.209384        0.085799
FIRE:  111 11:20:58        6.204740        0.082856
FIRE:  112 11:20:58        6.199018        0.081121
FIRE:  113 11:20:58        6.191925        0.080389
FIRE:  114 11:20:58        6.182956        0.080379
FIRE:  115 11:20:58        6.171422        0.082295
FIRE:  116 11:20:58        6.156152        0.087693
FIRE:  117 11:20:58        6.135317        0.094969
FIRE:  118 11:20:58        6.105774        0.103560
FIRE:  119 11:20:58        6.061874        0.116785
FIRE:  120 11:20:58        5.998599        0.135135
FIRE:  121 11:20:58        5.921217        0.168025
FIRE:  122 11:20:58        5.827593        0.201135
FIRE:  123 11:20:58        5.717236        0.235440
FIRE:  124 11:20:58        5.590660        0.270025
FIRE:  125 11:20:58        5.449730        0.303186
FIRE:  126 11:20:58        5.298740        0.330800
FIRE:  127 11:20:58        5.145088        0.346788
FIRE:  128 11:20:58        5.000237        0.345347
FIRE:  129 11:20:58        4.878693        0.318952
FIRE:  130 11:20:58        4.796536        0.305623
FIRE:  131 11:20:58        4.755776        0.302100
FIRE:  132 11:20:58        4.733711        0.277518
FIRE:  133 11:20:58        4.700290        0.250559
FIRE:  134 11:20:58        4.654027        0.236793
FIRE:  135 11:20:58        4.604665        0.269228
FIRE:  136 11:20:59        4.534481        0.325926
FIRE:  137 11:20:59        4.431869        0.326656
FIRE:  138 11:20:59        4.315004        0.268645
FIRE:  139 11:20:59        4.192428        0.270572
FIRE:  140 11:20:59        4.062150        0.296293
FIRE:  141 11:20:59        3.931179        0.373966
FIRE:  142 11:20:59        3.804370        0.416321
FIRE:  143 11:20:59        3.677307        0.429307
FIRE:  144 11:20:59        3.550822        0.419813
FIRE:  145 11:20:59        3.434556        0.390622
FIRE:  146 11:20:59        3.329538        0.343655
FIRE:  147 11:20:59        3.227666        0.281421
FIRE:  148 11:20:59        3.129268        0.272759
FIRE:  149 11:20:59        3.036588        0.327885
FIRE:  150 11:20:59        2.947369        0.386112
FIRE:  151 11:20:59        2.869519        0.432631
FIRE:  152 11:20:59        2.808902        0.453347
FIRE:  153 11:20:59        2.769288        0.450343
FIRE:  154 11:20:59        2.762743        0.441212
FIRE:  155 11:20:59        2.780235        1.379664
FIRE:  156 11:20:59        2.771965        1.689986
FIRE:  157 11:20:59        2.684096        0.691370
FIRE:  158 11:20:59        2.672515        0.573327
FIRE:  159 11:20:59        2.669030        0.499737
FIRE:  160 11:20:59        2.663520        0.361972
FIRE:  161 11:21:00        2.658186        0.236549
FIRE:  162 11:21:00        2.654806        0.228288
FIRE:  163 11:21:00        2.653492        0.221732
FIRE:  164 11:21:00        2.652591        0.323458
FIRE:  165 11:21:00        2.650325        0.370867
FIRE:  166 11:21:00        2.645430        0.339190
FIRE:  167 11:21:00        2.638226        0.221549
FIRE:  168 11:21:00        2.630777        0.203719
FIRE:  169 11:21:00        2.624811        0.201992
FIRE:  170 11:21:00        2.618231        0.268425
FIRE:  171 11:21:00        2.607681        0.219814
FIRE:  172 11:21:00        2.594829        0.167108
FIRE:  173 11:21:00        2.583621        0.200299
FIRE:  174 11:21:00        2.569645        0.208092
FIRE:  175 11:21:00        2.553279        0.141350
FIRE:  176 11:21:00        2.539728        0.199657
FIRE:  177 11:21:00        2.524286        0.116701
FIRE:  178 11:21:00        2.514860        0.206896
FIRE:  179 11:21:00        2.506472        0.086387
FIRE:  180 11:21:00        2.503378        0.099751
FIRE:  181 11:21:00        2.502497        0.062332
FIRE:  182 11:21:00        2.501356        0.056085
FIRE:  183 11:21:00        2.500231        0.076286
FIRE:  184 11:21:01        2.498865        0.082042
FIRE:  185 11:21:01        2.497412        0.037549
FIRE:  186 11:21:01        2.496448        0.027116
FIRE:  187 11:21:01        2.495919        0.053776
FIRE:  188 11:21:01        2.495525        0.022181
FIRE:  189 11:21:01        2.495688        0.047774
FIRE:  190 11:21:01        2.495645        0.039976
FIRE:  191 11:21:01        2.495579        0.025762
FIRE:  192 11:21:01        2.495520        0.014964
FIRE:  193 11:21:01        2.495483        0.012930
FIRE:  194 11:21:01        2.495459        0.022417
FIRE:  195 11:21:01        2.495428        0.027596
FIRE:  196 11:21:01        2.495380        0.025042
FIRE:  197 11:21:01        2.495323        0.014467
FIRE:  198 11:21:01        2.495284        0.003981
