      Step     Time          Energy          fmax
FIRE:    0 14:08:30       29.814594       19.431326
FIRE:    1 14:08:30       21.094288       12.240239
FIRE:    2 14:08:30       15.843190        7.040032
FIRE:    3 14:08:30       12.830871        6.607409
FIRE:    4 14:08:30       11.073483        6.320545
FIRE:    5 14:08:30        9.890243        5.361539
FIRE:    6 14:08:31        8.938293        3.889182
FIRE:    7 14:08:31        8.113076        2.401720
FIRE:    8 14:08:31        7.415581        2.159304
FIRE:    9 14:08:31        6.882987        1.875174
FIRE:   10 14:08:31        6.519990        2.320086
FIRE:   11 14:08:31        6.259505        3.099427
FIRE:   12 14:08:31        6.002744        3.283986
FIRE:   13 14:08:31        5.724656        2.917135
FIRE:   14 14:08:31        5.509500        2.225331
FIRE:   15 14:08:31        5.450157        1.473372
FIRE:   16 14:08:31        5.324969        1.386496
FIRE:   17 14:08:31        5.103058        1.192288
FIRE:   18 14:08:31        4.840934        0.952118
FIRE:   19 14:08:31        4.619810        0.861034
FIRE:   20 14:08:31        4.518930        0.718482
FIRE:   21 14:08:31        4.523417        1.190652
FIRE:   22 14:08:31        4.503131        1.122218
FIRE:   23 14:08:31        4.466028        0.991963
FIRE:   24 14:08:31        4.418121        0.811996
FIRE:   25 14:08:31        4.366443        0.611008
FIRE:   26 14:08:31        4.317375        0.627790
FIRE:   27 14:08:31        4.275227        0.641127
FIRE:   28 14:08:31        4.241302        0.649186
FIRE:   29 14:08:31        4.211151        0.650950
FIRE:   30 14:08:31        4.180984        0.644779
FIRE:   31 14:08:31        4.143449        0.629724
FIRE:   32 14:08:31        4.089404        0.604678
FIRE:   33 14:08:31        4.011109        0.567433
FIRE:   34 14:08:31        3.906898        0.587838
FIRE:   35 14:08:31        3.784667        0.661558
FIRE:   36 14:08:31        3.652130        0.741577
FIRE:   37 14:08:32        3.483467        0.835659
FIRE:   38 14:08:32        3.210371        0.953699
FIRE:   39 14:08:32        2.857569        1.083519
FIRE:   40 14:08:32        2.472969        1.171835
FIRE:   41 14:08:32        2.070287        1.210184
FIRE:   42 14:08:32        1.656632        1.181950
FIRE:   43 14:08:32        1.249300        1.087289
FIRE:   44 14:08:32        0.866182        0.936353
FIRE:   45 14:08:32        0.523156        0.727822
FIRE:   46 14:08:32        0.240690        0.525493
FIRE:   47 14:08:32        0.051095        0.464878
FIRE:   48 14:08:32        0.004624        0.501316
FIRE:   49 14:08:32       -0.032741        0.368418
FIRE:   50 14:08:32       -0.074060        0.277194
FIRE:   51 14:08:32       -0.091794        0.205829
FIRE:   52 14:08:32       -0.094167        0.202792
FIRE:   53 14:08:32       -0.098316        0.196536
FIRE:   54 14:08:32       -0.103240        0.186739
FIRE:   55 14:08:32       -0.107878        0.173032
FIRE:   56 14:08:32       -0.111502        0.155185
FIRE:   57 14:08:32       -0.114029        0.133598
FIRE:   58 14:08:32       -0.115963        0.109653
FIRE:   59 14:08:32       -0.118101        0.082242
FIRE:   60 14:08:32       -0.120659        0.057641
FIRE:   61 14:08:32       -0.122954        0.035235
FIRE:   62 14:08:32       -0.123338        0.064707
FIRE:   63 14:08:32       -0.123370        0.064445
FIRE:   64 14:08:32       -0.123431        0.063923
FIRE:   65 14:08:32       -0.123518        0.063149
FIRE:   66 14:08:33       -0.123626        0.062132
FIRE:   67 14:08:33       -0.123750        0.060885
FIRE:   68 14:08:33       -0.123884        0.059423
FIRE:   69 14:08:33       -0.124024        0.057767
FIRE:   70 14:08:33       -0.124183        0.055744
FIRE:   71 14:08:33       -0.124362        0.053326
FIRE:   72 14:08:33       -0.124563        0.050509
FIRE:   73 14:08:33       -0.124788        0.047335
FIRE:   74 14:08:33       -0.125042        0.043901
FIRE:   75 14:08:33       -0.125333        0.040384
FIRE:   76 14:08:33       -0.125678        0.037056
FIRE:   77 14:08:33       -0.126109        0.034270
FIRE:   78 14:08:33       -0.126665        0.032459
FIRE:   79 14:08:33       -0.127382        0.033682
FIRE:   80 14:08:33       -0.128295        0.033739
FIRE:   81 14:08:33       -0.129465        0.037603
FIRE:   82 14:08:33       -0.130962        0.043591
FIRE:   83 14:08:33       -0.132841        0.050948
FIRE:   84 14:08:33       -0.135210        0.058028
FIRE:   85 14:08:33       -0.138226        0.062472
FIRE:   86 14:08:33       -0.142114        0.062011
FIRE:   87 14:08:33       -0.147012        0.055898
FIRE:   88 14:08:33       -0.152937        0.046664
FIRE:   89 14:08:33       -0.159884        0.039956
FIRE:   90 14:08:33       -0.167529        0.039643
FIRE:   91 14:08:33       -0.173169        0.059784
FIRE:   92 14:08:33       -0.157554        0.205358
FIRE:   93 14:08:33       -0.179593        0.047877
FIRE:   94 14:08:33       -0.180268        0.033219
FIRE:   95 14:08:33       -0.180866        0.023543
FIRE:   96 14:08:34       -0.180754        0.022292
FIRE:   97 14:08:34       -0.180786        0.022219
FIRE:   98 14:08:34       -0.180841        0.022075
FIRE:   99 14:08:34       -0.180904        0.021865
FIRE:  100 14:08:34       -0.180959        0.021590
FIRE:  101 14:08:34       -0.180994        0.021245
FIRE:  102 14:08:34       -0.181007        0.020821
FIRE:  103 14:08:34       -0.181008        0.020342
FIRE:  104 14:08:34       -0.181009        0.020331
FIRE:  105 14:08:34       -0.181013        0.020309
FIRE:  106 14:08:34       -0.181018        0.020276
FIRE:  107 14:08:34       -0.181024        0.020232
FIRE:  108 14:08:34       -0.181032        0.020178
FIRE:  109 14:08:34       -0.181040        0.020112
FIRE:  110 14:08:34       -0.181048        0.020036
FIRE:  111 14:08:34       -0.181058        0.019939
FIRE:  112 14:08:34       -0.181068        0.019816
FIRE:  113 14:08:34       -0.181080        0.019663
FIRE:  114 14:08:34       -0.181092        0.019474
FIRE:  115 14:08:34       -0.181105        0.019244
FIRE:  116 14:08:34       -0.181122        0.018969
FIRE:  117 14:08:34       -0.181142        0.018648
FIRE:  118 14:08:34       -0.181169        0.018276
FIRE:  119 14:08:34       -0.181204        0.017852
FIRE:  120 14:08:34       -0.181245        0.017376
FIRE:  121 14:08:34       -0.181293        0.016850
FIRE:  122 14:08:34       -0.181347        0.016282
FIRE:  123 14:08:34       -0.181411        0.015687
FIRE:  124 14:08:34       -0.181490        0.015085
FIRE:  125 14:08:35       -0.181585        0.014499
FIRE:  126 14:08:35       -0.181691        0.013957
FIRE:  127 14:08:35       -0.181813        0.013466
FIRE:  128 14:08:35       -0.181955        0.013007
FIRE:  129 14:08:35       -0.182110        0.012512
FIRE:  130 14:08:35       -0.182280        0.011843
FIRE:  131 14:08:35       -0.182457        0.010788
FIRE:  132 14:08:35       -0.182638        0.009143
