      Step     Time          Energy          fmax
FIRE:    0 13:08:11       81.396155       53.256602
FIRE:    1 13:08:11       60.336495       35.202027
FIRE:    2 13:08:11       46.009709       23.181772
FIRE:    3 13:08:11       36.470068       14.763049
FIRE:    4 13:08:11       30.230681        9.558611
FIRE:    5 13:08:11       25.989181        9.216478
FIRE:    6 13:08:11       22.810143        8.524006
FIRE:    7 13:08:11       20.357793        7.352116
FIRE:    8 13:08:11       18.684280        6.730443
FIRE:    9 13:08:11       17.703577        6.270360
FIRE:   10 13:08:11       16.929227        5.951431
FIRE:   11 13:08:11       15.955912        5.397130
FIRE:   12 13:08:11       14.865800        4.880905
FIRE:   13 13:08:11       14.005623        4.410276
FIRE:   14 13:08:11       13.383303        3.971548
FIRE:   15 13:08:11       12.726480        3.615210
FIRE:   16 13:08:12       12.056955        2.945707
FIRE:   17 13:08:12       11.572809        2.490417
FIRE:   18 13:08:12       11.129760        2.925603
FIRE:   19 13:08:12       10.541265        2.222142
FIRE:   20 13:08:12        9.955691        1.585119
FIRE:   21 13:08:12        9.512287        1.919920
FIRE:   22 13:08:12        9.149859        1.900144
FIRE:   23 13:08:12        8.891093        1.106037
FIRE:   24 13:08:12        8.791192        1.468408
FIRE:   25 13:08:12        8.366343        0.717414
FIRE:   26 13:08:12        8.235427        1.142841
FIRE:   27 13:08:12        8.125607        0.975052
FIRE:   28 13:08:12        7.985847        0.731938
FIRE:   29 13:08:12        7.874167        0.636064
FIRE:   30 13:08:12        7.798334        0.740843
FIRE:   31 13:08:12        7.722342        0.751689
FIRE:   32 13:08:12        7.623815        0.614942
FIRE:   33 13:08:12        7.541247        0.655789
FIRE:   34 13:08:12        7.483733        0.637015
FIRE:   35 13:08:13        7.402021        0.553276
FIRE:   36 13:08:13        7.258482        0.452805
FIRE:   37 13:08:13        7.131287        0.412177
FIRE:   38 13:08:13        7.087857        0.573501
FIRE:   39 13:08:13        7.073299        0.519815
FIRE:   40 13:08:13        7.049942        0.427401
FIRE:   41 13:08:13        7.025304        0.338783
FIRE:   42 13:08:13        7.003898        0.315946
FIRE:   43 13:08:13        6.985196        0.303146
FIRE:   44 13:08:13        6.965515        0.301962
FIRE:   45 13:08:13        6.941379        0.304355
FIRE:   46 13:08:13        6.908005        0.311268
FIRE:   47 13:08:13        6.865424        0.318102
FIRE:   48 13:08:13        6.816170        0.322945
FIRE:   49 13:08:13        6.758906        0.325247
FIRE:   50 13:08:13        6.685132        0.325401
FIRE:   51 13:08:13        6.590517        0.327304
FIRE:   52 13:08:13        6.481832        0.339515
FIRE:   53 13:08:13        6.378282        0.358603
FIRE:   54 13:08:13        6.269289        0.365806
FIRE:   55 13:08:14        6.148870        0.354719
FIRE:   56 13:08:14        6.021976        0.334668
FIRE:   57 13:08:14        5.892843        0.356794
FIRE:   58 13:08:14        5.764014        0.378415
FIRE:   59 13:08:14        5.639617        0.369685
FIRE:   60 13:08:14        5.522583        0.326912
FIRE:   61 13:08:14        5.413327        0.262129
FIRE:   62 13:08:14        5.314413        0.217759
FIRE:   63 13:08:14        5.232392        0.215276
FIRE:   64 13:08:14        5.165527        0.320838
FIRE:   65 13:08:14        5.092099        0.348660
FIRE:   66 13:08:14        5.000685        0.246460
FIRE:   67 13:08:14        4.912085        0.218300
FIRE:   68 13:08:14        4.848400        0.176938
FIRE:   69 13:08:14        4.814442        0.240691
FIRE:   70 13:08:15        4.791179        0.272417
FIRE:   71 13:08:15        4.750320        0.222035
FIRE:   72 13:08:15        4.689208        0.220787
FIRE:   73 13:08:15        4.617405        0.237946
FIRE:   74 13:08:15        4.534124        0.238028
FIRE:   75 13:08:15        4.439541        0.274605
FIRE:   76 13:08:15        4.345548        0.271455
FIRE:   77 13:08:15        4.272679        0.239872
FIRE:   78 13:08:15        4.238916        0.204710
FIRE:   79 13:08:15        4.240678        0.372248
FIRE:   80 13:08:15        4.170752        0.340464
FIRE:   81 13:08:15        4.144605        0.297330
FIRE:   82 13:08:15        4.133348        0.227468
FIRE:   83 13:08:15        4.126774        0.222830
FIRE:   84 13:08:15        4.118614        0.234550
FIRE:   85 13:08:15        4.112642        0.247476
FIRE:   86 13:08:15        4.106941        0.258634
FIRE:   87 13:08:15        4.098136        0.265894
FIRE:   88 13:08:15        4.086254        0.266740
FIRE:   89 13:08:15        4.072812        0.258895
FIRE:   90 13:08:16        4.056197        0.241043
FIRE:   91 13:08:16        4.036321        0.218013
FIRE:   92 13:08:16        4.013169        0.203084
FIRE:   93 13:08:16        3.980958        0.209523
FIRE:   94 13:08:16        3.939879        0.236097
FIRE:   95 13:08:16        3.890521        0.258352
FIRE:   96 13:08:16        3.823598        0.259955
FIRE:   97 13:08:16        3.744802        0.263161
FIRE:   98 13:08:16        3.661888        0.285426
FIRE:   99 13:08:16        3.572806        0.316848
FIRE:  100 13:08:16        3.477912        0.338606
FIRE:  101 13:08:16        3.374484        0.350672
FIRE:  102 13:08:16        3.261952        0.360842
FIRE:  103 13:08:16        3.137426        0.380013
FIRE:  104 13:08:16        2.998039        0.408842
FIRE:  105 13:08:16        2.843131        0.437998
FIRE:  106 13:08:16        2.672409        0.465081
FIRE:  107 13:08:16        2.486016        0.490167
FIRE:  108 13:08:17        2.285409        0.514097
FIRE:  109 13:08:17        2.073783        0.529197
FIRE:  110 13:08:17        1.857693        0.533005
FIRE:  111 13:08:17        1.645172        0.524152
FIRE:  112 13:08:17        1.446073        0.495743
FIRE:  113 13:08:17        1.271892        0.441189
FIRE:  114 13:08:17        1.131904        0.362858
FIRE:  115 13:08:17        1.025923        0.320994
FIRE:  116 13:08:17        0.942731        0.379243
FIRE:  117 13:08:17        0.873692        0.401950
FIRE:  118 13:08:17        0.822625        0.504423
FIRE:  119 13:08:17        0.795473        0.576489
FIRE:  120 13:08:17        0.792920        0.608039
FIRE:  121 13:08:17        0.693121        0.324258
FIRE:  122 13:08:17        0.672604        0.583047
FIRE:  123 13:08:17        0.658104        0.472719
FIRE:  124 13:08:18        0.644845        0.278918
FIRE:  125 13:08:18        0.636364        0.151846
FIRE:  126 13:08:18        0.639556        0.330135
FIRE:  127 13:08:18        0.637591        0.289311
FIRE:  128 13:08:18        0.634472        0.214084
FIRE:  129 13:08:18        0.631406        0.144728
FIRE:  130 13:08:18        0.629381        0.141746
FIRE:  131 13:08:18        0.628578        0.137864
FIRE:  132 13:08:18        0.628261        0.159829
FIRE:  133 13:08:18        0.628112        0.155623
FIRE:  134 13:08:18        0.627824        0.147319
FIRE:  135 13:08:18        0.627417        0.135143
FIRE:  136 13:08:18        0.626920        0.133780
FIRE:  137 13:08:18        0.626365        0.133733
FIRE:  138 13:08:18        0.625783        0.133621
FIRE:  139 13:08:18        0.625201        0.133419
FIRE:  140 13:08:18        0.624581        0.133059
FIRE:  141 13:08:19        0.623932        0.132469
FIRE:  142 13:08:19        0.623243        0.131565
FIRE:  143 13:08:19        0.622462        0.133194
FIRE:  144 13:08:19        0.621492        0.134644
FIRE:  145 13:08:19        0.620220        0.135520
FIRE:  146 13:08:19        0.618561        0.135615
FIRE:  147 13:08:19        0.616521        0.134873
FIRE:  148 13:08:19        0.614206        0.133496
FIRE:  149 13:08:19        0.611697        0.132014
FIRE:  150 13:08:19        0.608849        0.131094
FIRE:  151 13:08:19        0.605356        0.131178
FIRE:  152 13:08:19        0.601173        0.132316
FIRE:  153 13:08:19        0.596595        0.133538
FIRE:  154 13:08:19        0.591456        0.132071
FIRE:  155 13:08:19        0.585347        0.125704
FIRE:  156 13:08:19        0.578763        0.115682
FIRE:  157 13:08:19        0.571360        0.106360
FIRE:  158 13:08:20        0.563353        0.097867
FIRE:  159 13:08:20        0.554732        0.081335
FIRE:  160 13:08:20        0.546122        0.066094
FIRE:  161 13:08:20        0.537365        0.060668
FIRE:  162 13:08:20        0.529061        0.055711
FIRE:  163 13:08:20        0.521906        0.075906
FIRE:  164 13:08:20        0.518190        0.180268
FIRE:  165 13:08:20        0.515667        0.038503
FIRE:  166 13:08:20        0.516750        0.139851
FIRE:  167 13:08:20        0.516215        0.111012
FIRE:  168 13:08:20        0.515551        0.059971
FIRE:  169 13:08:20        0.515237        0.027307
FIRE:  170 13:08:20        0.515385        0.055690
FIRE:  171 13:08:20        0.515357        0.052905
FIRE:  172 13:08:20        0.515307        0.047472
FIRE:  173 13:08:20        0.515242        0.039664
FIRE:  174 13:08:20        0.515173        0.029901
FIRE:  175 13:08:21        0.515109        0.026700
FIRE:  176 13:08:21        0.515059        0.026764
FIRE:  177 13:08:21        0.515024        0.026800
FIRE:  178 13:08:21        0.514999        0.026794
FIRE:  179 13:08:21        0.514973        0.027145
FIRE:  180 13:08:21        0.514933        0.029956
FIRE:  181 13:08:21        0.514864        0.030148
FIRE:  182 13:08:21        0.514762        0.026883
FIRE:  183 13:08:21        0.514638        0.026093
FIRE:  184 13:08:21        0.514518        0.025284
FIRE:  185 13:08:21        0.514409        0.024762
FIRE:  186 13:08:21        0.514280        0.024276
FIRE:  187 13:08:21        0.514097        0.023880
FIRE:  188 13:08:21        0.513889        0.024099
FIRE:  189 13:08:21        0.513697        0.024615
FIRE:  190 13:08:21        0.513456        0.024059
FIRE:  191 13:08:21        0.513160        0.022224
FIRE:  192 13:08:21        0.512865        0.021102
FIRE:  193 13:08:22        0.512474        0.020661
FIRE:  194 13:08:22        0.512069        0.020572
FIRE:  195 13:08:22        0.511552        0.019393
FIRE:  196 13:08:22        0.511024        0.019460
FIRE:  197 13:08:22        0.510465        0.026432
FIRE:  198 13:08:22        0.509875        0.027274
FIRE:  199 13:08:22        0.509342        0.039299
FIRE:  200 13:08:22        0.509180        0.083471
FIRE:  201 13:08:22        0.508623        0.012137
FIRE:  202 13:08:22        0.509025        0.077183
FIRE:  203 13:08:22        0.508828        0.057826
FIRE:  204 13:08:22        0.508616        0.024257
FIRE:  205 13:08:22        0.508579        0.014874
FIRE:  206 13:08:22        0.508576        0.013956
FIRE:  207 13:08:22        0.508571        0.012323
FIRE:  208 13:08:22        0.508564        0.012350
FIRE:  209 13:08:22        0.508557        0.012383
FIRE:  210 13:08:22        0.508550        0.012421
FIRE:  211 13:08:23        0.508544        0.012461
FIRE:  212 13:08:23        0.508539        0.012501
FIRE:  213 13:08:23        0.508533        0.012541
FIRE:  214 13:08:23        0.508526        0.012579
FIRE:  215 13:08:23        0.508515        0.012614
FIRE:  216 13:08:23        0.508500        0.012643
FIRE:  217 13:08:23        0.508481        0.012668
FIRE:  218 13:08:23        0.508461        0.012692
FIRE:  219 13:08:23        0.508438        0.012727
FIRE:  220 13:08:23        0.508411        0.012786
FIRE:  221 13:08:23        0.508376        0.012878
FIRE:  222 13:08:23        0.508335        0.012997
FIRE:  223 13:08:23        0.508288        0.013111
FIRE:  224 13:08:23        0.508231        0.013187
FIRE:  225 13:08:23        0.508161        0.013215
FIRE:  226 13:08:23        0.508079        0.013239
FIRE:  227 13:08:23        0.507976        0.013293
FIRE:  228 13:08:23        0.507856        0.013285
FIRE:  229 13:08:24        0.507707        0.013134
FIRE:  230 13:08:24        0.507529        0.012991
FIRE:  231 13:08:24        0.507317        0.012806
FIRE:  232 13:08:24        0.507070        0.012459
FIRE:  233 13:08:24        0.506814        0.027548
FIRE:  234 13:08:24        0.506736        0.065712
FIRE:  235 13:08:24        0.506389        0.012197
FIRE:  236 13:08:24        0.506635        0.060445
FIRE:  237 13:08:24        0.506509        0.044952
FIRE:  238 13:08:24        0.506375        0.018139
FIRE:  239 13:08:24        0.506354        0.012983
FIRE:  240 13:08:24        0.506352        0.012226
FIRE:  241 13:08:24        0.506348        0.012238
FIRE:  242 13:08:24        0.506343        0.012254
FIRE:  243 13:08:24        0.506337        0.012275
FIRE:  244 13:08:24        0.506331        0.012297
FIRE:  245 13:08:24        0.506326        0.012320
FIRE:  246 13:08:25        0.506322        0.012341
FIRE:  247 13:08:25        0.506316        0.012361
FIRE:  248 13:08:25        0.506309        0.012379
FIRE:  249 13:08:25        0.506299        0.012393
FIRE:  250 13:08:25        0.506285        0.012401
FIRE:  251 13:08:25        0.506268        0.012405
FIRE:  252 13:08:25        0.506248        0.012407
FIRE:  253 13:08:25        0.506225        0.012415
FIRE:  254 13:08:25        0.506197        0.012440
FIRE:  255 13:08:25        0.506160        0.012487
FIRE:  256 13:08:25        0.506114        0.012554
FIRE:  257 13:08:25        0.506061        0.012619
FIRE:  258 13:08:25        0.505992        0.012664
FIRE:  259 13:08:25        0.505908        0.012690
FIRE:  260 13:08:25        0.505805        0.012736
FIRE:  261 13:08:25        0.505675        0.012827
FIRE:  262 13:08:25        0.505514        0.012899
FIRE:  263 13:08:25        0.505312        0.012912
FIRE:  264 13:08:26        0.505057        0.012984
FIRE:  265 13:08:26        0.504737        0.013491
FIRE:  266 13:08:26        0.504334        0.014390
FIRE:  267 13:08:26        0.503857        0.022593
FIRE:  268 13:08:26        0.503531        0.065810
FIRE:  269 13:08:26        0.503174        0.016144
FIRE:  270 13:08:26        0.503168        0.016154
FIRE:  271 13:08:26        0.503158        0.016172
FIRE:  272 13:08:26        0.503143        0.016194
FIRE:  273 13:08:26        0.503124        0.016215
FIRE:  274 13:08:26        0.503099        0.016231
FIRE:  275 13:08:26        0.503069        0.016242
FIRE:  276 13:08:26        0.503034        0.016251
FIRE:  277 13:08:26        0.502990        0.016263
FIRE:  278 13:08:26        0.502933        0.016289
FIRE:  279 13:08:26        0.502862        0.016341
FIRE:  280 13:08:26        0.502773        0.016417
FIRE:  281 13:08:26        0.502661        0.016507
FIRE:  282 13:08:27        0.502521        0.016599
FIRE:  283 13:08:27        0.502346        0.016711
FIRE:  284 13:08:27        0.502129        0.016887
FIRE:  285 13:08:27        0.501858        0.017110
FIRE:  286 13:08:27        0.501522        0.017319
FIRE:  287 13:08:27        0.501105        0.017607
FIRE:  288 13:08:27        0.500589        0.017876
FIRE:  289 13:08:27        0.499955        0.018145
FIRE:  290 13:08:27        0.499181        0.018283
FIRE:  291 13:08:27        0.498264        0.018488
FIRE:  292 13:08:27        0.497699        0.083063
FIRE:  293 13:08:27        0.497233        0.031841
FIRE:  294 13:08:27        0.497181        0.020899
FIRE:  295 13:08:27        0.497134        0.017929
FIRE:  296 13:08:27        0.497129        0.017658
FIRE:  297 13:08:28        0.497124        0.017671
FIRE:  298 13:08:28        0.497116        0.017697
FIRE:  299 13:08:28        0.497106        0.017732
FIRE:  300 13:08:28        0.497096        0.017773
FIRE:  301 13:08:28        0.497086        0.017813
FIRE:  302 13:08:28        0.497077        0.017844
FIRE:  303 13:08:28        0.497067        0.017860
FIRE:  304 13:08:28        0.497054        0.017856
FIRE:  305 13:08:28        0.497035        0.017824
FIRE:  306 13:08:28        0.497009        0.017758
FIRE:  307 13:08:28        0.496978        0.017660
FIRE:  308 13:08:28        0.496942        0.017540
FIRE:  309 13:08:28        0.496900        0.017424
FIRE:  310 13:08:28        0.496847        0.017336
FIRE:  311 13:08:28        0.496778        0.017285
FIRE:  312 13:08:28        0.496698        0.017241
FIRE:  313 13:08:28        0.496601        0.017128
FIRE:  314 13:08:28        0.496479        0.016896
FIRE:  315 13:08:28        0.496336        0.016609
FIRE:  316 13:08:29        0.496160        0.016409
FIRE:  317 13:08:29        0.495951        0.016251
FIRE:  318 13:08:29        0.495698        0.015856
FIRE:  319 13:08:29        0.495400        0.015439
FIRE:  320 13:08:29        0.495053        0.015230
FIRE:  321 13:08:29        0.494664        0.016825
FIRE:  322 13:08:29        0.494277        0.032347
FIRE:  323 13:08:29        0.494130        0.074333
FIRE:  324 13:08:29        0.493704        0.013231
FIRE:  325 13:08:29        0.494007        0.065311
FIRE:  326 13:08:29        0.493863        0.049524
FIRE:  327 13:08:29        0.493704        0.021627
FIRE:  328 13:08:29        0.493669        0.012938
FIRE:  329 13:08:29        0.493667        0.012946
FIRE:  330 13:08:29        0.493664        0.012961
FIRE:  331 13:08:29        0.493659        0.012984
FIRE:  332 13:08:29        0.493655        0.013010
FIRE:  333 13:08:29        0.493650        0.013039
FIRE:  334 13:08:29        0.493645        0.013066
FIRE:  335 13:08:29        0.493641        0.013088
FIRE:  336 13:08:30        0.493636        0.013102
FIRE:  337 13:08:30        0.493629        0.013103
FIRE:  338 13:08:30        0.493620        0.013084
FIRE:  339 13:08:30        0.493608        0.013042
FIRE:  340 13:08:30        0.493592        0.012975
FIRE:  341 13:08:30        0.493574        0.012887
FIRE:  342 13:08:30        0.493554        0.012791
FIRE:  343 13:08:30        0.493529        0.012708
FIRE:  344 13:08:30        0.493496        0.012649
FIRE:  345 13:08:30        0.493457        0.012608
FIRE:  346 13:08:30        0.493411        0.012540
FIRE:  347 13:08:30        0.493355        0.012390
FIRE:  348 13:08:30        0.493287        0.012149
FIRE:  349 13:08:30        0.493207        0.011901
FIRE:  350 13:08:30        0.493109        0.011715
FIRE:  351 13:08:30        0.492995        0.011454
FIRE:  352 13:08:30        0.492861        0.010986
FIRE:  353 13:08:30        0.492705        0.010615
FIRE:  354 13:08:30        0.492526        0.010111
FIRE:  355 13:08:30        0.492326        0.009380
