      Step     Time          Energy          fmax
FIRE:    0 14:01:20       42.702593       12.135410
FIRE:    1 14:01:21       36.681247       10.669401
FIRE:    2 14:01:21       32.059027        9.478311
FIRE:    3 14:01:21       28.552075        8.527571
FIRE:    4 14:01:21       25.904428        7.779488
FIRE:    5 14:01:21       23.878708        7.177467
FIRE:    6 14:01:21       22.254880        6.664301
FIRE:    7 14:01:21       20.843982        6.184257
FIRE:    8 14:01:21       19.507415        5.691321
FIRE:    9 14:01:21       18.184599        5.162846
FIRE:   10 14:01:21       16.886029        4.602325
FIRE:   11 14:01:21       15.659504        4.034788
FIRE:   12 14:01:21       14.553214        3.486088
FIRE:   13 14:01:21       13.597829        2.970409
FIRE:   14 14:01:21       12.802731        2.499214
FIRE:   15 14:01:21       12.160417        2.077514
FIRE:   16 14:01:21       11.654191        1.704472
FIRE:   17 14:01:21       11.264250        1.375555
FIRE:   18 14:01:21       10.971732        1.083999
FIRE:   19 14:01:21       10.760219        0.825741
FIRE:   20 14:01:21       10.615014        0.596031
FIRE:   21 14:01:21       10.524517        0.390758
FIRE:   22 14:01:21       10.477320        0.348697
FIRE:   23 14:01:21       10.461965        0.461848
FIRE:   24 14:01:21       10.446363        0.434957
FIRE:   25 14:01:22       10.419327        0.385719
FIRE:   26 14:01:22       10.385837        0.324964
FIRE:   27 14:01:22       10.347393        0.269886
FIRE:   28 14:01:22       10.301758        0.292990
FIRE:   29 14:01:22       10.247670        0.313350
FIRE:   30 14:01:22       10.187274        0.317791
FIRE:   31 14:01:22       10.115275        0.312510
FIRE:   32 14:01:22       10.040025        0.305209
FIRE:   33 14:01:22        9.958682        0.300972
FIRE:   34 14:01:22        9.873132        0.295328
FIRE:   35 14:01:22        9.789049        0.282685
FIRE:   36 14:01:22        9.709571        0.271346
FIRE:   37 14:01:22        9.633871        0.270148
FIRE:   38 14:01:22        9.560419        0.280574
FIRE:   39 14:01:22        9.488956        0.293986
FIRE:   40 14:01:22        9.419187        0.299522
FIRE:   41 14:01:22        9.349567        0.293101
FIRE:   42 14:01:22        9.277875        0.279966
FIRE:   43 14:01:22        9.201954        0.270350
FIRE:   44 14:01:22        9.120061        0.271251
FIRE:   45 14:01:22        9.031185        0.281877
FIRE:   46 14:01:22        8.934725        0.296736
FIRE:   47 14:01:22        8.829348        0.314391
FIRE:   48 14:01:22        8.713362        0.336491
FIRE:   49 14:01:23        8.586824        0.362657
FIRE:   50 14:01:23        8.452264        0.390325
FIRE:   51 14:01:23        8.314755        0.415668
FIRE:   52 14:01:23        8.182534        0.434428
FIRE:   53 14:01:23        8.064644        0.441127
FIRE:   54 14:01:23        7.964607        0.431503
FIRE:   55 14:01:23        7.871432        0.405576
FIRE:   56 14:01:23        7.764981        0.436218
FIRE:   57 14:01:23        7.639558        0.487043
FIRE:   58 14:01:23        7.513037        0.531236
FIRE:   59 14:01:23        7.404254        0.565589
FIRE:   60 14:01:23        7.311000        0.573406
FIRE:   61 14:01:23        7.221085        0.544177
FIRE:   62 14:01:23        7.129461        0.479700
FIRE:   63 14:01:23        7.043492        0.386610
FIRE:   64 14:01:23        6.978832        0.272932
FIRE:   65 14:01:23        6.949216        0.144628
FIRE:   66 14:01:23        6.955628        0.172191
FIRE:   67 14:01:23        6.949273        0.172097
FIRE:   68 14:01:23        6.937994        0.085735
FIRE:   69 14:01:23        6.935415        0.070599
FIRE:   70 14:01:23        6.934826        0.059030
FIRE:   71 14:01:23        6.934008        0.039135
FIRE:   72 14:01:23        6.933423        0.025727
FIRE:   73 14:01:23        6.933275        0.027559
FIRE:   74 14:01:24        6.933250        0.026754
FIRE:   75 14:01:24        6.933202        0.025220
FIRE:   76 14:01:24        6.933136        0.023119
FIRE:   77 14:01:24        6.933058        0.022085
FIRE:   78 14:01:24        6.932975        0.022106
FIRE:   79 14:01:24        6.932891        0.022081
FIRE:   80 14:01:24        6.932809        0.021983
FIRE:   81 14:01:24        6.932719        0.021759
FIRE:   82 14:01:24        6.932617        0.021343
FIRE:   83 14:01:24        6.932494        0.020660
FIRE:   84 14:01:24        6.932340        0.019620
FIRE:   85 14:01:24        6.932153        0.018122
FIRE:   86 14:01:24        6.931940        0.016056
FIRE:   87 14:01:24        6.931721        0.016924
FIRE:   88 14:01:24        6.931507        0.018847
FIRE:   89 14:01:24        6.931283        0.020209
FIRE:   90 14:01:24        6.931037        0.020751
FIRE:   91 14:01:24        6.930800        0.020400
FIRE:   92 14:01:24        6.930586        0.019597
FIRE:   93 14:01:24        6.930342        0.018952
FIRE:   94 14:01:24        6.930073        0.020514
FIRE:   95 14:01:24        6.929738        0.024919
FIRE:   96 14:01:24        6.929247        0.026548
FIRE:   97 14:01:24        6.928578        0.025648
FIRE:   98 14:01:24        6.927598        0.023785
FIRE:   99 14:01:25        6.926179        0.022152
FIRE:  100 14:01:25        6.923948        0.025242
FIRE:  101 14:01:25        6.920094        0.034581
FIRE:  102 14:01:25        6.912965        0.041592
FIRE:  103 14:01:25        6.900719        0.067190
FIRE:  104 14:01:25        6.888820        0.193596
FIRE:  105 14:01:25        6.879871        0.107166
FIRE:  106 14:01:25        6.878310        0.103889
FIRE:  107 14:01:25        6.876668        0.098596
FIRE:  108 14:01:25        6.875867        0.093408
FIRE:  109 14:01:25        6.874875        0.090268
FIRE:  110 14:01:25        6.872577        0.089683
FIRE:  111 14:01:25        6.869509        0.091217
FIRE:  112 14:01:25        6.866828        0.093505
FIRE:  113 14:01:25        6.863963        0.094263
FIRE:  114 14:01:25        6.859498        0.091549
FIRE:  115 14:01:25        6.853933        0.085955
FIRE:  116 14:01:25        6.848099        0.082600
FIRE:  117 14:01:25        6.840110        0.085645
FIRE:  118 14:01:25        6.831963        0.091535
FIRE:  119 14:01:25        6.821584        0.087658
FIRE:  120 14:01:25        6.811573        0.079288
FIRE:  121 14:01:25        6.801260        0.083549
FIRE:  122 14:01:25        6.790855        0.093268
FIRE:  123 14:01:25        6.785925        0.168565
FIRE:  124 14:01:26        6.779852        0.043292
FIRE:  125 14:01:26        6.784352        0.156136
FIRE:  126 14:01:26        6.782271        0.118020
FIRE:  127 14:01:26        6.779987        0.052047
FIRE:  128 14:01:26        6.779492        0.041006
FIRE:  129 14:01:26        6.779470        0.040884
FIRE:  130 14:01:26        6.779431        0.040644
FIRE:  131 14:01:26        6.779380        0.040301
FIRE:  132 14:01:26        6.779324        0.039873
FIRE:  133 14:01:26        6.779270        0.039383
FIRE:  134 14:01:26        6.779222        0.038865
FIRE:  135 14:01:26        6.779177        0.038354
FIRE:  136 14:01:26        6.779128        0.037841
FIRE:  137 14:01:26        6.779065        0.037366
FIRE:  138 14:01:26        6.778977        0.036966
FIRE:  139 14:01:26        6.778855        0.036664
FIRE:  140 14:01:26        6.778701        0.036457
FIRE:  141 14:01:26        6.778525        0.036279
FIRE:  142 14:01:26        6.778330        0.035964
FIRE:  143 14:01:27        6.778097        0.035288
FIRE:  144 14:01:27        6.777798        0.034088
FIRE:  145 14:01:27        6.777437        0.032387
FIRE:  146 14:01:27        6.777035        0.030570
FIRE:  147 14:01:27        6.776553        0.029253
FIRE:  148 14:01:27        6.775981        0.028610
FIRE:  149 14:01:27        6.775350        0.027776
FIRE:  150 14:01:27        6.774611        0.025734
FIRE:  151 14:01:27        6.773820        0.023459
FIRE:  152 14:01:27        6.772955        0.022575
FIRE:  153 14:01:27        6.772055        0.019763
FIRE:  154 14:01:27        6.771159        0.016967
FIRE:  155 14:01:27        6.770327        0.013466
FIRE:  156 14:01:27        6.769877        0.037908
FIRE:  157 14:01:27        6.769608        0.008186
