      Step     Time          Energy          fmax
FIRE:    0 11:07:54      154.116233       43.621387
FIRE:    1 11:07:54      132.464457       41.180842
FIRE:    2 11:07:54      115.713642       38.577082
FIRE:    3 11:07:54      101.513609       35.827305
FIRE:    4 11:07:54       88.807307       32.873502
FIRE:    5 11:07:54       77.304934       29.644293
FIRE:    6 11:07:54       67.060486       26.078826
FIRE:    7 11:07:54       58.219054       22.178221
FIRE:    8 11:07:54       50.892619       17.974214
FIRE:    9 11:07:54       45.125681       13.564264
FIRE:   10 11:07:54       40.876652        9.990380
FIRE:   11 11:07:54       38.021370       10.235515
FIRE:   12 11:07:54       36.331559       10.787444
FIRE:   13 11:07:54       35.434873       11.346063
FIRE:   14 11:07:54       34.844969       11.759972
FIRE:   15 11:07:54       34.040162       11.860582
FIRE:   16 11:07:55       32.623653       12.034417
FIRE:   17 11:07:55       30.491002       11.993637
FIRE:   18 11:07:55       27.850398       10.726948
FIRE:   19 11:07:55       25.080696        8.613437
FIRE:   20 11:07:55       22.553645        7.058339
FIRE:   21 11:07:55       20.517723        5.913981
FIRE:   22 11:07:55       19.048479        4.946801
FIRE:   23 11:07:55       18.032682        4.156490
FIRE:   24 11:07:55       17.244745        3.822430
FIRE:   25 11:07:55       16.502107        3.695331
FIRE:   26 11:07:55       15.738498        3.443270
FIRE:   27 11:07:55       14.972686        3.088764
FIRE:   28 11:07:55       14.226678        2.660847
FIRE:   29 11:07:55       13.500929        2.185137
FIRE:   30 11:07:55       12.823417        1.692021
FIRE:   31 11:07:55       12.265688        1.469550
FIRE:   32 11:07:55       11.887079        1.413176
FIRE:   33 11:07:55       11.662691        1.367705
FIRE:   34 11:07:55       11.519483        1.276507
FIRE:   35 11:07:55       11.412746        1.116640
FIRE:   36 11:07:55       11.331223        1.074411
FIRE:   37 11:07:55       11.273498        1.050001
FIRE:   38 11:07:55       11.234596        0.912831
FIRE:   39 11:07:55       11.213281        1.006440
FIRE:   40 11:07:55       11.092644        0.867836
FIRE:   41 11:07:55       10.964869        0.949576
FIRE:   42 11:07:55       10.918787        0.930872
FIRE:   43 11:07:55       10.867607        0.898032
FIRE:   44 11:07:55       10.826228        0.863822
FIRE:   45 11:07:55       10.761781        0.843378
FIRE:   46 11:07:56       10.660564        0.841468
FIRE:   47 11:07:56       10.556420        0.848785
FIRE:   48 11:07:56       10.462445        0.845157
FIRE:   49 11:07:56       10.330483        0.815742
FIRE:   50 11:07:56       10.169838        0.758130
FIRE:   51 11:07:56       10.004818        0.711480
FIRE:   52 11:07:56        9.811060        0.710424
FIRE:   53 11:07:56        9.631627        0.722129
FIRE:   54 11:07:56        9.428493        0.709544
FIRE:   55 11:07:56        9.227251        0.694964
FIRE:   56 11:07:56        9.016870        0.713205
FIRE:   57 11:07:56        8.799947        0.752177
FIRE:   58 11:07:56        8.588085        0.775419
FIRE:   59 11:07:56        8.375086        0.774944
FIRE:   60 11:07:56        8.176680        0.761640
FIRE:   61 11:07:56        7.991586        0.738237
FIRE:   62 11:07:56        7.833366        0.689730
FIRE:   63 11:07:56        7.703156        0.603191
FIRE:   64 11:07:56        7.591243        0.490449
FIRE:   65 11:07:56        7.482210        0.378771
FIRE:   66 11:07:56        7.369301        0.285410
FIRE:   67 11:07:56        7.273804        0.276977
FIRE:   68 11:07:56        7.213248        0.313834
FIRE:   69 11:07:56        7.182930        0.336779
FIRE:   70 11:07:56        7.160681        0.328031
FIRE:   71 11:07:56        7.132293        0.269561
FIRE:   72 11:07:56        7.109186        0.171253
FIRE:   73 11:07:56        7.108074        0.150134
FIRE:   74 11:07:56        7.107838        0.333407
FIRE:   75 11:07:56        7.101212        0.304886
FIRE:   76 11:07:56        7.092213        0.158500
FIRE:   77 11:07:57        7.088838        0.084502
FIRE:   78 11:07:57        7.088629        0.083886
FIRE:   79 11:07:57        7.088271        0.082694
FIRE:   80 11:07:57        7.087856        0.080992
FIRE:   81 11:07:57        7.087467        0.078865
FIRE:   82 11:07:57        7.087130        0.076422
FIRE:   83 11:07:57        7.086812        0.073802
FIRE:   84 11:07:57        7.086456        0.071134
FIRE:   85 11:07:57        7.085986        0.068224
FIRE:   86 11:07:57        7.085416        0.065097
FIRE:   87 11:07:57        7.084844        0.061735
FIRE:   88 11:07:57        7.084357        0.058026
FIRE:   89 11:07:57        7.083878        0.053829
FIRE:   90 11:07:57        7.083271        0.049084
FIRE:   91 11:07:57        7.082627        0.043874
FIRE:   92 11:07:57        7.082122        0.038489
FIRE:   93 11:07:57        7.081610        0.033196
FIRE:   94 11:07:57        7.081184        0.028545
FIRE:   95 11:07:57        7.080945        0.035260
FIRE:   96 11:07:57        7.080544        0.043806
FIRE:   97 11:07:57        7.080047        0.049247
FIRE:   98 11:07:57        7.079098        0.046319
FIRE:   99 11:07:57        7.077939        0.040803
FIRE:  100 11:07:57        7.076476        0.039584
FIRE:  101 11:07:57        7.074664        0.031665
FIRE:  102 11:07:57        7.072815        0.034688
FIRE:  103 11:07:57        7.071645        0.077705
FIRE:  104 11:07:57        7.070670        0.039702
FIRE:  105 11:07:57        7.071128        0.070361
FIRE:  106 11:07:57        7.070790        0.052392
FIRE:  107 11:07:58        7.070416        0.039167
FIRE:  108 11:07:58        7.070310        0.039362
FIRE:  109 11:07:58        7.070300        0.039324
FIRE:  110 11:07:58        7.070282        0.039248
FIRE:  111 11:07:58        7.070258        0.039137
FIRE:  112 11:07:58        7.070228        0.038995
FIRE:  113 11:07:58        7.070196        0.038826
FIRE:  114 11:07:58        7.070161        0.038635
FIRE:  115 11:07:58        7.070123        0.038428
FIRE:  116 11:07:58        7.070076        0.038188
FIRE:  117 11:07:58        7.070018        0.037916
FIRE:  118 11:07:58        7.069942        0.037610
FIRE:  119 11:07:58        7.069845        0.037269
FIRE:  120 11:07:58        7.069726        0.036884
FIRE:  121 11:07:58        7.069585        0.036437
FIRE:  122 11:07:58        7.069416        0.035900
FIRE:  123 11:07:58        7.069209        0.035246
FIRE:  124 11:07:58        7.068953        0.034465
FIRE:  125 11:07:58        7.068646        0.033589
FIRE:  126 11:07:58        7.068277        0.032700
FIRE:  127 11:07:58        7.067824        0.032071
FIRE:  128 11:07:58        7.067274        0.032710
FIRE:  129 11:07:58        7.066601        0.033717
FIRE:  130 11:07:58        7.065769        0.035330
FIRE:  131 11:07:58        7.064741        0.035754
FIRE:  132 11:07:58        7.063467        0.034382
FIRE:  133 11:07:58        7.061885        0.034335
FIRE:  134 11:07:58        7.059923        0.035493
FIRE:  135 11:07:58        7.057486        0.038027
FIRE:  136 11:07:58        7.054463        0.040388
FIRE:  137 11:07:59        7.051026        0.049770
FIRE:  138 11:07:59        7.050791        0.174901
FIRE:  139 11:07:59        7.046060        0.044132
FIRE:  140 11:07:59        7.045947        0.043948
FIRE:  141 11:07:59        7.045804        0.043631
FIRE:  142 11:07:59        7.045704        0.043260
FIRE:  143 11:07:59        7.045613        0.042919
FIRE:  144 11:07:59        7.045450        0.042654
FIRE:  145 11:07:59        7.045202        0.042491
FIRE:  146 11:07:59        7.044928        0.042443
FIRE:  147 11:07:59        7.044648        0.042500
FIRE:  148 11:07:59        7.044297        0.042582
FIRE:  149 11:07:59        7.043791        0.042601
FIRE:  150 11:07:59        7.043192        0.042552
FIRE:  151 11:07:59        7.042485        0.042500
FIRE:  152 11:07:59        7.041530        0.042473
FIRE:  153 11:07:59        7.040419        0.042451
FIRE:  154 11:07:59        7.038959        0.042424
FIRE:  155 11:07:59        7.037216        0.042942
FIRE:  156 11:07:59        7.034997        0.044074
FIRE:  157 11:07:59        7.032224        0.044634
FIRE:  158 11:07:59        7.028756        0.045311
FIRE:  159 11:07:59        7.024368        0.046775
FIRE:  160 11:07:59        7.018832        0.048455
FIRE:  161 11:07:59        7.013106        0.091499
FIRE:  162 11:07:59        7.030583        0.394062
FIRE:  163 11:07:59        7.006399        0.150233
FIRE:  164 11:07:59        7.004046        0.095647
FIRE:  165 11:07:59        7.002307        0.054524
FIRE:  166 11:08:00        7.002979        0.076270
FIRE:  167 11:08:00        7.002795        0.069731
FIRE:  168 11:08:00        7.002483        0.057210
FIRE:  169 11:08:00        7.002135        0.054047
FIRE:  170 11:08:00        7.001848        0.053854
FIRE:  171 11:08:00        7.001683        0.053716
FIRE:  172 11:08:00        7.001626        0.053666
FIRE:  173 11:08:00        7.001617        0.053674
FIRE:  174 11:08:00        7.001600        0.053689
FIRE:  175 11:08:00        7.001575        0.053712
FIRE:  176 11:08:00        7.001543        0.053742
FIRE:  177 11:08:00        7.001506        0.053780
FIRE:  178 11:08:00        7.001463        0.053824
FIRE:  179 11:08:00        7.001417        0.053875
FIRE:  180 11:08:00        7.001362        0.053939
FIRE:  181 11:08:00        7.001298        0.054017
FIRE:  182 11:08:00        7.001222        0.054109
FIRE:  183 11:08:00        7.001133        0.054217
FIRE:  184 11:08:00        7.001024        0.054338
FIRE:  185 11:08:00        7.000889        0.054471
FIRE:  186 11:08:00        7.000718        0.054615
FIRE:  187 11:08:00        7.000501        0.054769
FIRE:  188 11:08:00        7.000230        0.054938
FIRE:  189 11:08:00        6.999900        0.055138
FIRE:  190 11:08:00        6.999505        0.055390
FIRE:  191 11:08:00        6.999024        0.055726
FIRE:  192 11:08:00        6.998428        0.056171
FIRE:  193 11:08:00        6.997686        0.056740
FIRE:  194 11:08:00        6.996782        0.057424
FIRE:  195 11:08:00        6.995680        0.058168
FIRE:  196 11:08:01        6.994311        0.058912
FIRE:  197 11:08:01        6.992625        0.059682
FIRE:  198 11:08:01        6.990552        0.060609
FIRE:  199 11:08:01        6.987977        0.061739
FIRE:  200 11:08:01        6.984805        0.062804
FIRE:  201 11:08:01        6.980869        0.063510
FIRE:  202 11:08:01        6.976010        0.064247
FIRE:  203 11:08:01        6.970033        0.064905
FIRE:  204 11:08:01        6.962724        0.064646
FIRE:  205 11:08:01        6.953981        0.065637
FIRE:  206 11:08:01        6.944622        0.088129
FIRE:  207 11:08:01        6.941964        0.238615
FIRE:  208 11:08:01        6.930608        0.063491
FIRE:  209 11:08:01        6.930524        0.063472
FIRE:  210 11:08:01        6.930358        0.063441
FIRE:  211 11:08:01        6.930111        0.063412
FIRE:  212 11:08:01        6.929784        0.063406
FIRE:  213 11:08:01        6.929376        0.063444
FIRE:  214 11:08:01        6.928885        0.063548
FIRE:  215 11:08:01        6.928314        0.063729
FIRE:  216 11:08:01        6.927589        0.064012
FIRE:  217 11:08:01        6.926677        0.064377
FIRE:  218 11:08:01        6.925533        0.064741
FIRE:  219 11:08:01        6.924108        0.064956
FIRE:  220 11:08:01        6.922344        0.064886
FIRE:  221 11:08:01        6.920168        0.064561
FIRE:  222 11:08:01        6.917504        0.064233
FIRE:  223 11:08:01        6.914263        0.063900
FIRE:  224 11:08:01        6.910360        0.062644
FIRE:  225 11:08:01        6.905721        0.059893
FIRE:  226 11:08:02        6.900318        0.057211
FIRE:  227 11:08:02        6.894219        0.052000
FIRE:  228 11:08:02        6.887693        0.046219
FIRE:  229 11:08:02        6.881892        0.055719
FIRE:  230 11:08:02        6.884367        0.197697
FIRE:  231 11:08:02        6.876219        0.022644
FIRE:  232 11:08:02        6.876201        0.022868
FIRE:  233 11:08:02        6.876172        0.023235
FIRE:  234 11:08:02        6.876142        0.023587
FIRE:  235 11:08:02        6.876107        0.023730
FIRE:  236 11:08:02        6.876060        0.023530
FIRE:  237 11:08:02        6.875999        0.022962
FIRE:  238 11:08:02        6.875929        0.022110
FIRE:  239 11:08:02        6.875849        0.021051
FIRE:  240 11:08:02        6.875752        0.020086
FIRE:  241 11:08:02        6.875628        0.019483
FIRE:  242 11:08:02        6.875480        0.019219
FIRE:  243 11:08:02        6.875311        0.018707
FIRE:  244 11:08:02        6.875107        0.017324
FIRE:  245 11:08:02        6.874880        0.015462
FIRE:  246 11:08:02        6.874622        0.014533
FIRE:  247 11:08:02        6.874352        0.013778
FIRE:  248 11:08:02        6.874078        0.010937
FIRE:  249 11:08:02        6.873821        0.009890
