      Step     Time          Energy          fmax
FIRE:    0 12:27:26      187.920940       68.776572
FIRE:    1 12:27:26      141.906160       45.369536
FIRE:    2 12:27:26      111.759642       33.245635
FIRE:    3 12:27:26       93.355287       26.570776
FIRE:    4 12:27:26       83.281272       21.739051
FIRE:    5 12:27:26       78.269168       18.177060
FIRE:    6 12:27:26       75.203715       18.822871
FIRE:    7 12:27:26       71.761100       20.334495
FIRE:    8 12:27:26       67.052567       21.288751
FIRE:    9 12:27:26       61.839875       21.761959
FIRE:   10 12:27:26       57.291112       21.941867
FIRE:   11 12:27:26       53.674524       21.853093
FIRE:   12 12:27:26       50.233933       21.280976
FIRE:   13 12:27:26       46.123657       19.975704
FIRE:   14 12:27:26       41.268295       17.941481
FIRE:   15 12:27:26       36.309621       15.481706
FIRE:   16 12:27:27       31.938327       12.974711
FIRE:   17 12:27:27       28.454364       10.680005
FIRE:   18 12:27:27       25.772988        8.699741
FIRE:   19 12:27:27       23.669389        7.034993
FIRE:   20 12:27:27       22.003763        5.650044
FIRE:   21 12:27:27       20.742459        4.522315
FIRE:   22 12:27:27       19.825492        4.037560
FIRE:   23 12:27:27       19.060954        3.703622
FIRE:   24 12:27:27       18.173557        4.265497
FIRE:   25 12:27:27       16.997895        4.097285
FIRE:   26 12:27:27       15.620721        3.353185
FIRE:   27 12:27:27       14.273410        2.559339
FIRE:   28 12:27:27       13.129304        2.201326
FIRE:   29 12:27:27       12.233187        2.001619
FIRE:   30 12:27:27       11.547279        1.766945
FIRE:   31 12:27:27       11.020175        1.687317
FIRE:   32 12:27:27       10.623655        1.675444
FIRE:   33 12:27:27       10.334419        1.633799
FIRE:   34 12:27:27       10.108747        1.526568
FIRE:   35 12:27:28        9.896807        1.319694
FIRE:   36 12:27:28        9.681936        1.008804
FIRE:   37 12:27:28        9.493804        0.701395
FIRE:   38 12:27:28        9.377501        0.471267
FIRE:   39 12:27:28        9.352197        0.412071
FIRE:   40 12:27:28        9.277880        0.364091
FIRE:   41 12:27:28        9.232506        0.145216
FIRE:   42 12:27:28        9.231351        0.139147
FIRE:   43 12:27:28        9.229474        0.128022
FIRE:   44 12:27:28        9.227385        0.113984
FIRE:   45 12:27:28        9.225265        0.100180
FIRE:   46 12:27:28        9.222961        0.089518
FIRE:   47 12:27:28        9.220426        0.083085
FIRE:   48 12:27:28        9.217957        0.079709
FIRE:   49 12:27:28        9.215673        0.075899
FIRE:   50 12:27:28        9.213611        0.066515
FIRE:   51 12:27:28        9.211821        0.048406
FIRE:   52 12:27:28        9.211206        0.050217
FIRE:   53 12:27:28        9.211140        0.048966
FIRE:   54 12:27:29        9.211031        0.046631
FIRE:   55 12:27:29        9.210913        0.043531
FIRE:   56 12:27:29        9.210805        0.040127
FIRE:   57 12:27:29        9.210705        0.036979
FIRE:   58 12:27:29        9.210589        0.034536
FIRE:   59 12:27:29        9.210438        0.034289
FIRE:   60 12:27:29        9.210231        0.033799
FIRE:   61 12:27:29        9.209978        0.032913
FIRE:   62 12:27:29        9.209690        0.033926
FIRE:   63 12:27:29        9.209343        0.034497
FIRE:   64 12:27:29        9.208888        0.033564
FIRE:   65 12:27:29        9.208326        0.037633
FIRE:   66 12:27:29        9.207674        0.042172
FIRE:   67 12:27:29        9.206839        0.043962
FIRE:   68 12:27:29        9.205800        0.042246
FIRE:   69 12:27:29        9.204522        0.041260
FIRE:   70 12:27:29        9.202908        0.044718
FIRE:   71 12:27:29        9.200912        0.046903
FIRE:   72 12:27:29        9.198419        0.044211
FIRE:   73 12:27:29        9.195285        0.048263
FIRE:   74 12:27:30        9.191335        0.044405
FIRE:   75 12:27:30        9.186448        0.052038
FIRE:   76 12:27:30        9.181452        0.073306
FIRE:   77 12:27:30        9.186031        0.222389
FIRE:   78 12:27:30        9.172549        0.049375
FIRE:   79 12:27:30        9.172332        0.050808
FIRE:   80 12:27:30        9.172062        0.053173
FIRE:   81 12:27:30        9.171874        0.055594
FIRE:   82 12:27:30        9.171702        0.057117
FIRE:   83 12:27:30        9.171393        0.057355
FIRE:   84 12:27:30        9.170925        0.056391
FIRE:   85 12:27:30        9.170412        0.054676
FIRE:   86 12:27:30        9.169884        0.052929
FIRE:   87 12:27:30        9.169215        0.052491
FIRE:   88 12:27:30        9.168253        0.054022
FIRE:   89 12:27:30        9.167121        0.056514
FIRE:   90 12:27:30        9.165757        0.057122
FIRE:   91 12:27:30        9.163919        0.055161
FIRE:   92 12:27:30        9.161752        0.054872
FIRE:   93 12:27:30        9.158876        0.060014
FIRE:   94 12:27:31        9.155357        0.062234
FIRE:   95 12:27:31        9.150853        0.058615
FIRE:   96 12:27:31        9.145053        0.068940
FIRE:   97 12:27:31        9.137633        0.066695
FIRE:   98 12:27:31        9.128420        0.083224
FIRE:   99 12:27:31        9.121803        0.165855
FIRE:  100 12:27:31        9.114527        0.085289
FIRE:  101 12:27:31        9.114355        0.084972
FIRE:  102 12:27:31        9.114054        0.084453
FIRE:  103 12:27:31        9.113663        0.083962
FIRE:  104 12:27:31        9.113170        0.083785
FIRE:  105 12:27:31        9.112532        0.084128
FIRE:  106 12:27:31        9.111730        0.085003
FIRE:  107 12:27:31        9.110794        0.086211
FIRE:  108 12:27:31        9.109628        0.087528
FIRE:  109 12:27:31        9.108142        0.088472
FIRE:  110 12:27:31        9.106207        0.088717
FIRE:  111 12:27:31        9.103754        0.088557
FIRE:  112 12:27:32        9.100640        0.089285
FIRE:  113 12:27:32        9.096597        0.092257
FIRE:  114 12:27:32        9.091429        0.096944
FIRE:  115 12:27:32        9.084711        0.100959
FIRE:  116 12:27:32        9.076067        0.104034
FIRE:  117 12:27:32        9.064867        0.108959
FIRE:  118 12:27:32        9.050270        0.114867
FIRE:  119 12:27:32        9.030803        0.125409
FIRE:  120 12:27:32        9.004343        0.141783
FIRE:  121 12:27:32        8.975024        0.156224
FIRE:  122 12:27:32        8.951705        0.222101
FIRE:  123 12:27:32        8.938292        0.171123
FIRE:  124 12:27:32        8.937127        0.171642
FIRE:  125 12:27:32        8.935521        0.172414
FIRE:  126 12:27:32        8.933988        0.173216
FIRE:  127 12:27:32        8.932136        0.174132
FIRE:  128 12:27:32        8.929317        0.175381
FIRE:  129 12:27:32        8.925601        0.177012
FIRE:  130 12:27:32        8.921563        0.178946
FIRE:  131 12:27:32        8.916782        0.181498
FIRE:  132 12:27:33        8.910290        0.184964
FIRE:  133 12:27:33        8.901640        0.189210
FIRE:  134 12:27:33        8.891035        0.193683
FIRE:  135 12:27:33        8.876771        0.199252
FIRE:  136 12:27:33        8.858054        0.208472
FIRE:  137 12:27:33        8.832958        0.224589
FIRE:  138 12:27:33        8.799182        0.244998
FIRE:  139 12:27:33        8.752548        0.263914
FIRE:  140 12:27:33        8.692616        0.290917
FIRE:  141 12:27:33        8.626567        0.325138
FIRE:  142 12:27:33        8.552724        0.357319
FIRE:  143 12:27:33        8.470683        0.396232
FIRE:  144 12:27:33        8.379710        0.440354
FIRE:  145 12:27:33        8.278379        0.485989
FIRE:  146 12:27:33        8.166209        0.535374
FIRE:  147 12:27:33        8.042032        0.588511
FIRE:  148 12:27:33        7.904923        0.643236
FIRE:  149 12:27:33        7.753873        0.699110
FIRE:  150 12:27:33        7.588663        0.756410
FIRE:  151 12:27:34        7.409243        0.816503
FIRE:  152 12:27:34        7.215801        0.871839
FIRE:  153 12:27:34        7.010797        0.908517
FIRE:  154 12:27:34        6.797925        0.932593
FIRE:  155 12:27:34        6.580915        0.943757
FIRE:  156 12:27:34        6.365343        0.935095
FIRE:  157 12:27:34        6.159215        0.899326
FIRE:  158 12:27:34        5.972694        0.829677
FIRE:  159 12:27:34        5.817053        0.721195
FIRE:  160 12:27:34        5.701713        0.574260
FIRE:  161 12:27:34        5.628407        0.400231
FIRE:  162 12:27:34        5.587405        0.246219
FIRE:  163 12:27:34        5.562505        0.296952
FIRE:  164 12:27:34        5.540766        0.323938
FIRE:  165 12:27:34        5.526027        0.405812
FIRE:  166 12:27:34        5.454907        0.312727
FIRE:  167 12:27:34        5.434166        0.269319
FIRE:  168 12:27:34        5.422007        0.219051
FIRE:  169 12:27:34        5.412297        0.178399
FIRE:  170 12:27:35        5.401131        0.141371
FIRE:  171 12:27:35        5.392663        0.099989
FIRE:  172 12:27:35        5.384456        0.102851
FIRE:  173 12:27:35        5.382843        0.159896
FIRE:  174 12:27:35        5.381833        0.156516
FIRE:  175 12:27:35        5.380162        0.149573
FIRE:  176 12:27:35        5.378249        0.138904
FIRE:  177 12:27:35        5.376326        0.124840
FIRE:  178 12:27:35        5.374483        0.108547
FIRE:  179 12:27:35        5.372806        0.091874
FIRE:  180 12:27:35        5.371290        0.076798
FIRE:  181 12:27:35        5.369663        0.063126
FIRE:  182 12:27:35        5.367964        0.055749
FIRE:  183 12:27:35        5.366384        0.060686
FIRE:  184 12:27:35        5.364963        0.069617
FIRE:  185 12:27:35        5.364050        0.079129
FIRE:  186 12:27:35        5.363132        0.077429
FIRE:  187 12:27:35        5.361485        0.064879
FIRE:  188 12:27:36        5.359485        0.051614
FIRE:  189 12:27:36        5.358171        0.026811
FIRE:  190 12:27:36        5.357595        0.026549
FIRE:  191 12:27:36        5.357450        0.015845
FIRE:  192 12:27:36        5.357334        0.012751
FIRE:  193 12:27:36        5.357279        0.016200
FIRE:  194 12:27:36        5.357249        0.010870
FIRE:  195 12:27:36        5.357242        0.010847
FIRE:  196 12:27:36        5.357231        0.010784
FIRE:  197 12:27:36        5.357219        0.010644
FIRE:  198 12:27:36        5.357210        0.010378
FIRE:  199 12:27:36        5.357203        0.009933
