      Step     Time          Energy          fmax
FIRE:    0 12:54:37      570.125180      233.256051
FIRE:    1 12:54:37      441.025804      165.678217
FIRE:    2 12:54:38      346.033439      119.209771
FIRE:    3 12:54:38      275.456119       87.301042
FIRE:    4 12:54:38      222.352757       65.168781
FIRE:    5 12:54:38      181.789684       49.461228
FIRE:    6 12:54:38      150.299545       38.529556
FIRE:    7 12:54:38      125.499250       32.560603
FIRE:    8 12:54:38      105.799336       28.487038
FIRE:    9 12:54:38       90.275396       24.838258
FIRE:   10 12:54:38       78.451761       21.384295
FIRE:   11 12:54:38       70.077698       18.187458
FIRE:   12 12:54:38       64.865948       16.574382
FIRE:   13 12:54:38       62.144398       17.492824
FIRE:   14 12:54:38       60.754118       18.113713
FIRE:   15 12:54:38       59.473127       18.213453
FIRE:   16 12:54:38       57.544472       17.711153
FIRE:   17 12:54:38       54.974802       16.713697
FIRE:   18 12:54:38       52.263829       15.440807
FIRE:   19 12:54:39       49.777131       14.079634
FIRE:   20 12:54:39       47.408395       13.235501
FIRE:   21 12:54:39       44.711915       13.636568
FIRE:   22 12:54:39       41.231825       13.449594
FIRE:   23 12:54:39       36.843946       12.536156
FIRE:   24 12:54:39       31.917486       10.946341
FIRE:   25 12:54:39       27.097683        8.955262
FIRE:   26 12:54:39       22.924479        6.884839
FIRE:   27 12:54:39       19.624519        5.331827
FIRE:   28 12:54:39       17.126515        4.645931
FIRE:   29 12:54:39       15.231394        4.215984
FIRE:   30 12:54:39       13.815445        3.995060
FIRE:   31 12:54:39       12.881322        3.911982
FIRE:   32 12:54:39       12.439527        3.885893
FIRE:   33 12:54:39       12.362784        4.223248
FIRE:   34 12:54:39       10.792372        3.439164
FIRE:   35 12:54:39       10.602297        3.272851
FIRE:   36 12:54:39       10.011962        2.640825
FIRE:   37 12:54:39        9.759076        2.592694
FIRE:   38 12:54:39        9.490154        2.489545
FIRE:   39 12:54:39        9.115291        2.202849
FIRE:   40 12:54:39        8.629108        1.730445
FIRE:   41 12:54:39        8.238679        1.261239
FIRE:   42 12:54:39        7.908219        0.846961
FIRE:   43 12:54:39        7.593521        0.543119
FIRE:   44 12:54:40        7.311956        0.514251
FIRE:   45 12:54:40        7.054612        0.711621
FIRE:   46 12:54:40        6.795006        0.856826
FIRE:   47 12:54:40        6.525801        0.952438
FIRE:   48 12:54:40        6.256500        0.999440
FIRE:   49 12:54:40        5.999126        0.993460
FIRE:   50 12:54:40        5.766343        0.931919
FIRE:   51 12:54:40        5.577078        0.813037
FIRE:   52 12:54:40        5.448726        0.647140
FIRE:   53 12:54:40        5.363586        0.529056
FIRE:   54 12:54:40        5.269784        0.507815
FIRE:   55 12:54:40        5.179224        0.337046
FIRE:   56 12:54:40        5.175084        0.421124
FIRE:   57 12:54:40        5.106680        0.323557
FIRE:   58 12:54:40        5.063955        0.324008
FIRE:   59 12:54:40        5.011299        0.307519
FIRE:   60 12:54:40        4.965488        0.279294
FIRE:   61 12:54:40        4.943927        0.252573
FIRE:   62 12:54:40        4.916524        0.254845
FIRE:   63 12:54:40        4.908631        0.278137
FIRE:   64 12:54:40        4.901668        0.279565
FIRE:   65 12:54:40        4.891378        0.282198
FIRE:   66 12:54:40        4.881688        0.286112
FIRE:   67 12:54:40        4.873143        0.291976
FIRE:   68 12:54:40        4.863257        0.300250
FIRE:   69 12:54:40        4.850546        0.310415
FIRE:   70 12:54:41        4.836467        0.320977
FIRE:   71 12:54:41        4.821965        0.331120
FIRE:   72 12:54:41        4.806516        0.339434
FIRE:   73 12:54:41        4.786051        0.346101
FIRE:   74 12:54:41        4.760757        0.351626
FIRE:   75 12:54:41        4.732999        0.357994
FIRE:   76 12:54:41        4.693323        0.371692
FIRE:   77 12:54:41        4.637484        0.399297
FIRE:   78 12:54:41        4.560776        0.445484
FIRE:   79 12:54:41        4.458234        0.504627
FIRE:   80 12:54:41        4.344615        0.559087
FIRE:   81 12:54:41        4.218959        0.608791
FIRE:   82 12:54:41        4.082358        0.658745
FIRE:   83 12:54:41        3.931381        0.713073
FIRE:   84 12:54:41        3.766207        0.772970
FIRE:   85 12:54:41        3.584877        0.838248
FIRE:   86 12:54:41        3.388281        0.907963
FIRE:   87 12:54:41        3.175799        0.971234
FIRE:   88 12:54:41        2.950837        1.014692
FIRE:   89 12:54:41        2.718147        1.044596
FIRE:   90 12:54:41        2.481778        1.059349
FIRE:   91 12:54:41        2.247731        1.052715
FIRE:   92 12:54:41        2.023085        1.019704
FIRE:   93 12:54:41        1.814140        0.958233
FIRE:   94 12:54:41        1.624960        0.870876
FIRE:   95 12:54:42        1.455880        0.765181
FIRE:   96 12:54:42        1.304258        0.650071
FIRE:   97 12:54:42        1.167599        0.531181
FIRE:   98 12:54:42        1.045561        0.410943
FIRE:   99 12:54:42        0.941528        0.395118
FIRE:  100 12:54:42        0.866269        0.424618
FIRE:  101 12:54:42        0.835455        0.449422
FIRE:  102 12:54:42        0.848118        0.467548
FIRE:  103 12:54:42        0.794637        0.317937
FIRE:  104 12:54:42        0.761914        0.263517
FIRE:  105 12:54:42        0.757738        0.259922
FIRE:  106 12:54:42        0.752569        0.253593
FIRE:  107 12:54:42        0.748396        0.244531
FIRE:  108 12:54:42        0.743786        0.231876
FIRE:  109 12:54:42        0.737502        0.215619
FIRE:  110 12:54:42        0.730819        0.197278
FIRE:  111 12:54:42        0.724689        0.178824
FIRE:  112 12:54:42        0.716910        0.159632
FIRE:  113 12:54:42        0.706737        0.140753
FIRE:  114 12:54:42        0.696895        0.124137
FIRE:  115 12:54:42        0.686126        0.109445
FIRE:  116 12:54:42        0.673772        0.104537
FIRE:  117 12:54:43        0.660720        0.100131
FIRE:  118 12:54:43        0.646680        0.100112
FIRE:  119 12:54:43        0.632687        0.097762
FIRE:  120 12:54:43        0.618587        0.099600
FIRE:  121 12:54:43        0.606528        0.137003
FIRE:  122 12:54:43        0.600992        0.273404
FIRE:  123 12:54:43        0.589776        0.075326
FIRE:  124 12:54:43        0.595932        0.215808
FIRE:  125 12:54:43        0.593210        0.170983
FIRE:  126 12:54:43        0.589870        0.090405
FIRE:  127 12:54:43        0.588467        0.069220
FIRE:  128 12:54:43        0.588452        0.069151
FIRE:  129 12:54:43        0.588424        0.069015
FIRE:  130 12:54:43        0.588383        0.068812
FIRE:  131 12:54:43        0.588330        0.068543
FIRE:  132 12:54:43        0.588264        0.068209
FIRE:  133 12:54:43        0.588188        0.067813
FIRE:  134 12:54:43        0.588101        0.067358
FIRE:  135 12:54:43        0.587992        0.066789
FIRE:  136 12:54:43        0.587856        0.066085
FIRE:  137 12:54:43        0.587687        0.065227
FIRE:  138 12:54:43        0.587478        0.064193
FIRE:  139 12:54:43        0.587221        0.062963
FIRE:  140 12:54:44        0.586908        0.061524
FIRE:  141 12:54:44        0.586529        0.059869
FIRE:  142 12:54:44        0.586071        0.058008
FIRE:  143 12:54:44        0.585518        0.055973
FIRE:  144 12:54:44        0.584850        0.053827
FIRE:  145 12:54:44        0.584051        0.051676
FIRE:  146 12:54:44        0.583097        0.049671
FIRE:  147 12:54:44        0.581960        0.047999
FIRE:  148 12:54:44        0.580611        0.046852
FIRE:  149 12:54:44        0.579014        0.046361
FIRE:  150 12:54:44        0.577138        0.046562
FIRE:  151 12:54:44        0.574952        0.047316
FIRE:  152 12:54:44        0.572431        0.048071
FIRE:  153 12:54:44        0.569543        0.047815
FIRE:  154 12:54:44        0.566286        0.045831
FIRE:  155 12:54:44        0.562785        0.040820
FIRE:  156 12:54:44        0.559951        0.084994
FIRE:  157 12:54:44        0.563173        0.230688
FIRE:  158 12:54:44        0.555082        0.028537
FIRE:  159 12:54:44        0.555055        0.028511
FIRE:  160 12:54:44        0.555012        0.028481
FIRE:  161 12:54:44        0.554965        0.028485
FIRE:  162 12:54:45        0.554912        0.028564
FIRE:  163 12:54:45        0.554841        0.028734
FIRE:  164 12:54:45        0.554747        0.028994
FIRE:  165 12:54:45        0.554639        0.029319
FIRE:  166 12:54:45        0.554513        0.029700
FIRE:  167 12:54:45        0.554359        0.030051
FIRE:  168 12:54:45        0.554158        0.030272
FIRE:  169 12:54:45        0.553911        0.030324
FIRE:  170 12:54:45        0.553618        0.030267
FIRE:  171 12:54:45        0.553249        0.030154
FIRE:  172 12:54:45        0.552813        0.029798
FIRE:  173 12:54:45        0.552280        0.028818
FIRE:  174 12:54:45        0.551659        0.027371
FIRE:  175 12:54:45        0.550922        0.026091
FIRE:  176 12:54:45        0.550069        0.024150
FIRE:  177 12:54:45        0.549099        0.022735
FIRE:  178 12:54:45        0.548047        0.020778
FIRE:  179 12:54:45        0.547332        0.056805
FIRE:  180 12:54:45        0.546836        0.019799
FIRE:  181 12:54:45        0.547159        0.050469
FIRE:  182 12:54:45        0.546992        0.038193
FIRE:  183 12:54:45        0.546806        0.019227
FIRE:  184 12:54:45        0.546759        0.019814
FIRE:  185 12:54:46        0.546757        0.019797
FIRE:  186 12:54:46        0.546752        0.019765
FIRE:  187 12:54:46        0.546745        0.019719
FIRE:  188 12:54:46        0.546737        0.019662
FIRE:  189 12:54:46        0.546728        0.019599
FIRE:  190 12:54:46        0.546719        0.019533
FIRE:  191 12:54:46        0.546710        0.019470
FIRE:  192 12:54:46        0.546699        0.019408
FIRE:  193 12:54:46        0.546685        0.019353
FIRE:  194 12:54:46        0.546666        0.019312
FIRE:  195 12:54:46        0.546642        0.019286
FIRE:  196 12:54:46        0.546611        0.019276
FIRE:  197 12:54:46        0.546575        0.019271
FIRE:  198 12:54:46        0.546532        0.019247
FIRE:  199 12:54:46        0.546479        0.019172
FIRE:  200 12:54:46        0.546413        0.019019
FIRE:  201 12:54:46        0.546333        0.018792
FIRE:  202 12:54:46        0.546238        0.018541
FIRE:  203 12:54:46        0.546122        0.018329
FIRE:  204 12:54:46        0.545983        0.018149
FIRE:  205 12:54:46        0.545817        0.017855
FIRE:  206 12:54:47        0.545620        0.017348
FIRE:  207 12:54:47        0.545388        0.016819
FIRE:  208 12:54:47        0.545118        0.016387
FIRE:  209 12:54:47        0.544806        0.015558
FIRE:  210 12:54:47        0.544451        0.014810
FIRE:  211 12:54:47        0.544052        0.013759
FIRE:  212 12:54:47        0.543619        0.012804
FIRE:  213 12:54:47        0.543265        0.027264
FIRE:  214 12:54:47        0.544200        0.101166
FIRE:  215 12:54:47        0.542791        0.024736
FIRE:  216 12:54:47        0.542743        0.017090
FIRE:  217 12:54:47        0.542699        0.009652
