      Step     Time          Energy          fmax
FIRE:    0 16:35:25       95.381582       58.763985
FIRE:    1 16:35:25       78.125641       50.639869
FIRE:    2 16:35:25       63.522896       41.200858
FIRE:    3 16:35:25       51.679562       31.736005
FIRE:    4 16:35:26       42.421744       23.169146
FIRE:    5 16:35:26       35.394064       16.084728
FIRE:    6 16:35:26       30.159688       10.787792
FIRE:    7 16:35:26       26.283536        8.577854
FIRE:    8 16:35:26       23.383516        7.791305
FIRE:    9 16:35:26       21.162423        7.092625
FIRE:   10 16:35:26       19.393451        6.448892
FIRE:   11 16:35:26       17.886370        6.435769
FIRE:   12 16:35:26       16.469492        6.434270
FIRE:   13 16:35:26       15.019997        5.959133
FIRE:   14 16:35:26       13.518014        5.000485
FIRE:   15 16:35:26       12.051440        3.974693
FIRE:   16 16:35:26       10.753686        3.151858
FIRE:   17 16:35:26        9.728719        2.217468
FIRE:   18 16:35:26        9.019091        1.556711
FIRE:   19 16:35:26        8.611607        1.175230
FIRE:   20 16:35:26        8.447707        0.931861
FIRE:   21 16:35:26        8.442662        1.220361
FIRE:   22 16:35:26        8.152515        1.019674
FIRE:   23 16:35:26        7.883253        0.636145
FIRE:   24 16:35:26        7.673746        0.825835
FIRE:   25 16:35:26        7.504460        0.529051
FIRE:   26 16:35:26        7.430289        0.609457
FIRE:   27 16:35:27        7.412194        0.559641
FIRE:   28 16:35:27        7.380874        0.506544
FIRE:   29 16:35:27        7.343897        0.521440
FIRE:   30 16:35:27        7.308273        0.533334
FIRE:   31 16:35:27        7.277638        0.538188
FIRE:   32 16:35:27        7.251311        0.533984
FIRE:   33 16:35:27        7.225959        0.521537
FIRE:   34 16:35:27        7.195215        0.501315
FIRE:   35 16:35:27        7.155973        0.475783
FIRE:   36 16:35:27        7.106313        0.449474
FIRE:   37 16:35:27        7.044832        0.429905
FIRE:   38 16:35:27        6.971626        0.427174
FIRE:   39 16:35:27        6.892175        0.449299
FIRE:   40 16:35:27        6.808373        0.491956
FIRE:   41 16:35:27        6.706183        0.530061
FIRE:   42 16:35:27        6.591637        0.544534
FIRE:   43 16:35:27        6.475577        0.539650
FIRE:   44 16:35:27        6.354916        0.529938
FIRE:   45 16:35:27        6.229909        0.525943
FIRE:   46 16:35:27        6.100803        0.529342
FIRE:   47 16:35:27        5.971835        0.528487
FIRE:   48 16:35:27        5.852053        0.507393
FIRE:   49 16:35:27        5.742186        0.460932
FIRE:   50 16:35:27        5.641037        0.394216
FIRE:   51 16:35:27        5.550613        0.312059
FIRE:   52 16:35:27        5.470360        0.289924
FIRE:   53 16:35:28        5.407632        0.282127
FIRE:   54 16:35:28        5.362619        0.265555
FIRE:   55 16:35:28        5.331398        0.234148
FIRE:   56 16:35:28        5.314019        0.221824
FIRE:   57 16:35:28        5.304376        0.299140
FIRE:   58 16:35:28        5.281743        0.244091
FIRE:   59 16:35:28        5.264115        0.235357
FIRE:   60 16:35:28        5.259967        0.234999
FIRE:   61 16:35:28        5.254978        0.233164
FIRE:   62 16:35:28        5.248903        0.229219
FIRE:   63 16:35:28        5.245056        0.223581
FIRE:   64 16:35:28        5.242227        0.218115
FIRE:   65 16:35:28        5.237361        0.214307
FIRE:   66 16:35:28        5.230122        0.212074
FIRE:   67 16:35:28        5.222467        0.210078
FIRE:   68 16:35:28        5.214561        0.206301
FIRE:   69 16:35:28        5.205267        0.199121
FIRE:   70 16:35:28        5.194835        0.187229
FIRE:   71 16:35:28        5.184124        0.171260
FIRE:   72 16:35:28        5.170097        0.155299
FIRE:   73 16:35:28        5.156699        0.138724
FIRE:   74 16:35:28        5.142163        0.126461
FIRE:   75 16:35:28        5.126280        0.131745
FIRE:   76 16:35:28        5.109839        0.126482
FIRE:   77 16:35:28        5.093052        0.120247
FIRE:   78 16:35:29        5.080776        0.171915
FIRE:   79 16:35:29        5.072444        0.287894
FIRE:   80 16:35:29        5.063328        0.067053
FIRE:   81 16:35:29        5.067641        0.216338
FIRE:   82 16:35:29        5.065769        0.174323
FIRE:   83 16:35:29        5.063391        0.097595
FIRE:   84 16:35:29        5.062223        0.062497
FIRE:   85 16:35:29        5.062813        0.089467
FIRE:   86 16:35:29        5.062724        0.084934
FIRE:   87 16:35:29        5.062561        0.076111
FIRE:   88 16:35:29        5.062353        0.063477
FIRE:   89 16:35:29        5.062135        0.058592
FIRE:   90 16:35:29        5.061941        0.058495
FIRE:   91 16:35:29        5.061797        0.058338
FIRE:   92 16:35:29        5.061711        0.058071
FIRE:   93 16:35:29        5.061664        0.057603
FIRE:   94 16:35:29        5.061625        0.056879
FIRE:   95 16:35:29        5.061546        0.055846
FIRE:   96 16:35:29        5.061383        0.054444
FIRE:   97 16:35:29        5.061119        0.052618
FIRE:   98 16:35:29        5.060789        0.050335
FIRE:   99 16:35:29        5.060476        0.047596
FIRE:  100 16:35:29        5.060224        0.044499
FIRE:  101 16:35:29        5.059935        0.041265
FIRE:  102 16:35:29        5.059490        0.038021
FIRE:  103 16:35:29        5.058959        0.034820
FIRE:  104 16:35:29        5.058516        0.032781
FIRE:  105 16:35:30        5.057997        0.033175
FIRE:  106 16:35:30        5.057318        0.033775
FIRE:  107 16:35:30        5.056762        0.033677
FIRE:  108 16:35:30        5.056024        0.032174
FIRE:  109 16:35:30        5.055390        0.034372
FIRE:  110 16:35:30        5.054557        0.026993
FIRE:  111 16:35:30        5.053960        0.048533
FIRE:  112 16:35:30        5.053060        0.032332
FIRE:  113 16:35:30        5.052224        0.015862
FIRE:  114 16:35:30        5.051552        0.011298
FIRE:  115 16:35:30        5.051153        0.031194
FIRE:  116 16:35:30        5.052244        0.132661
FIRE:  117 16:35:30        5.050994        0.025401
FIRE:  118 16:35:30        5.050961        0.017573
FIRE:  119 16:35:30        5.050929        0.008617
