      Step     Time          Energy          fmax
FIRE:    0 01:17:14       98.746749       57.296328
FIRE:    1 01:17:14       74.976613       39.474512
FIRE:    2 01:17:14       58.373849       26.244892
FIRE:    3 01:17:14       46.467914       21.440093
FIRE:    4 01:17:14       37.739137       17.586599
FIRE:    5 01:17:14       31.250020       14.420459
FIRE:    6 01:17:14       26.393607       12.096598
FIRE:    7 01:17:14       22.733783       10.441005
FIRE:    8 01:17:14       19.911481        9.000170
FIRE:    9 01:17:14       17.639048        7.523746
FIRE:   10 01:17:14       15.697251        8.352724
FIRE:   11 01:17:14       13.953155        8.383170
FIRE:   12 01:17:14       12.382557        7.592757
FIRE:   13 01:17:14       11.055847        6.191085
FIRE:   14 01:17:14       10.069070        4.507326
FIRE:   15 01:17:14        9.461505        4.335569
FIRE:   16 01:17:14        9.172528        5.665865
FIRE:   17 01:17:14        8.024261        3.216815
FIRE:   18 01:17:14        7.163053        1.511860
FIRE:   19 01:17:14        6.865876        1.270365
FIRE:   20 01:17:14        6.801381        2.019991
FIRE:   21 01:17:14        6.748727        1.891085
FIRE:   22 01:17:14        6.653565        1.649650
FIRE:   23 01:17:14        6.532893        1.324238
FIRE:   24 01:17:14        6.405629        0.950574
FIRE:   25 01:17:14        6.287978        0.858091
FIRE:   26 01:17:15        6.189964        0.799519
FIRE:   27 01:17:15        6.112971        0.743947
FIRE:   28 01:17:15        6.043418        0.682756
FIRE:   29 01:17:15        5.968302        0.839752
FIRE:   30 01:17:15        5.870981        0.880653
FIRE:   31 01:17:15        5.743665        0.764893
FIRE:   32 01:17:15        5.598884        0.600581
FIRE:   33 01:17:15        5.470378        0.405771
FIRE:   34 01:17:15        5.389907        0.484735
FIRE:   35 01:17:15        5.332639        0.877886
FIRE:   36 01:17:15        5.221925        0.722810
FIRE:   37 01:17:15        5.065047        0.639584
FIRE:   38 01:17:15        4.918080        0.666980
FIRE:   39 01:17:15        4.765690        0.640959
FIRE:   40 01:17:15        4.607397        0.685246
FIRE:   41 01:17:15        4.452123        0.692835
FIRE:   42 01:17:15        4.326164        0.529860
FIRE:   43 01:17:15        4.240124        0.390607
FIRE:   44 01:17:15        4.178156        0.352386
FIRE:   45 01:17:15        4.154622        0.417944
FIRE:   46 01:17:15        4.136386        0.310317
FIRE:   47 01:17:15        4.121358        0.213826
FIRE:   48 01:17:15        4.114384        0.265417
FIRE:   49 01:17:15        4.111085        0.209435
FIRE:   50 01:17:15        4.109708        0.194699
FIRE:   51 01:17:15        4.107272        0.166239
FIRE:   52 01:17:15        4.104316        0.129486
FIRE:   53 01:17:15        4.101428        0.100829
FIRE:   54 01:17:15        4.099053        0.103263
FIRE:   55 01:17:15        4.097319        0.105164
FIRE:   56 01:17:15        4.095990        0.106528
FIRE:   57 01:17:15        4.094480        0.118585
FIRE:   58 01:17:15        4.092259        0.142010
FIRE:   59 01:17:15        4.088923        0.143095
FIRE:   60 01:17:16        4.084487        0.117040
FIRE:   61 01:17:16        4.079390        0.124121
FIRE:   62 01:17:16        4.073942        0.134487
FIRE:   63 01:17:16        4.067794        0.145914
FIRE:   64 01:17:16        4.060313        0.154584
FIRE:   65 01:17:16        4.050764        0.156015
FIRE:   66 01:17:16        4.038531        0.148415
FIRE:   67 01:17:16        4.024540        0.136696
FIRE:   68 01:17:16        4.007359        0.132827
FIRE:   69 01:17:16        3.985693        0.134475
FIRE:   70 01:17:16        3.960511        0.124224
FIRE:   71 01:17:16        3.930243        0.113451
FIRE:   72 01:17:16        3.903362        0.309461
FIRE:   73 01:17:16        3.910712        0.992556
FIRE:   74 01:17:16        3.879469        0.622442
FIRE:   75 01:17:16        3.871232        0.315081
FIRE:   76 01:17:16        3.868029        0.128699
FIRE:   77 01:17:16        3.867857        0.114570
FIRE:   78 01:17:16        3.867564        0.102709
FIRE:   79 01:17:16        3.867222        0.102545
FIRE:   80 01:17:16        3.866895        0.102360
FIRE:   81 01:17:16        3.866594        0.102190
FIRE:   82 01:17:16        3.866277        0.102074
FIRE:   83 01:17:16        3.865882        0.102035
FIRE:   84 01:17:16        3.865316        0.102084
FIRE:   85 01:17:16        3.864559        0.102215
FIRE:   86 01:17:16        3.863656        0.102371
FIRE:   87 01:17:16        3.862644        0.102417
FIRE:   88 01:17:16        3.861423        0.102178
FIRE:   89 01:17:16        3.859820        0.101535
FIRE:   90 01:17:16        3.857845        0.100470
FIRE:   91 01:17:16        3.855566        0.099188
FIRE:   92 01:17:16        3.852704        0.098025
FIRE:   93 01:17:16        3.849230        0.096919
FIRE:   94 01:17:16        3.845115        0.095194
FIRE:   95 01:17:17        3.840077        0.093339
FIRE:   96 01:17:17        3.834103        0.092282
FIRE:   97 01:17:17        3.827078        0.090901
FIRE:   98 01:17:17        3.818823        0.090376
FIRE:   99 01:17:17        3.809460        0.088711
FIRE:  100 01:17:17        3.799690        0.159938
FIRE:  101 01:17:17        3.794101        0.453596
FIRE:  102 01:17:17        3.788006        0.079459
FIRE:  103 01:17:17        3.792156        0.406251
FIRE:  104 01:17:17        3.790078        0.303613
FIRE:  105 01:17:17        3.787786        0.126524
FIRE:  106 01:17:17        3.787252        0.078510
FIRE:  107 01:17:17        3.787222        0.078509
FIRE:  108 01:17:17        3.787166        0.078509
FIRE:  109 01:17:17        3.787091        0.078513
FIRE:  110 01:17:17        3.787005        0.078525
FIRE:  111 01:17:17        3.786915        0.078544
FIRE:  112 01:17:17        3.786826        0.078569
FIRE:  113 01:17:17        3.786734        0.078593
FIRE:  114 01:17:17        3.786626        0.078605
FIRE:  115 01:17:17        3.786488        0.078590
FIRE:  116 01:17:17        3.786303        0.078525
FIRE:  117 01:17:17        3.786060        0.078390
FIRE:  118 01:17:17        3.785755        0.078173
FIRE:  119 01:17:17        3.785395        0.077870
FIRE:  120 01:17:17        3.784974        0.077481
FIRE:  121 01:17:17        3.784457        0.076994
FIRE:  122 01:17:17        3.783803        0.076396
FIRE:  123 01:17:17        3.783012        0.075682
FIRE:  124 01:17:17        3.782081        0.074818
FIRE:  125 01:17:17        3.780940        0.073720
FIRE:  126 01:17:17        3.779567        0.072398
FIRE:  127 01:17:17        3.777951        0.071001
FIRE:  128 01:17:17        3.776006        0.069609
FIRE:  129 01:17:18        3.773742        0.068083
FIRE:  130 01:17:18        3.771095        0.066144
FIRE:  131 01:17:18        3.768048        0.064006
FIRE:  132 01:17:18        3.764611        0.060683
FIRE:  133 01:17:18        3.760831        0.055665
FIRE:  134 01:17:18        3.757026        0.088475
FIRE:  135 01:17:18        3.755561        0.310340
FIRE:  136 01:17:18        3.752778        0.042025
FIRE:  137 01:17:18        3.754818        0.281387
FIRE:  138 01:17:18        3.753821        0.208386
FIRE:  139 01:17:18        3.752759        0.082538
FIRE:  140 01:17:18        3.752597        0.062712
FIRE:  141 01:17:18        3.752581        0.059022
FIRE:  142 01:17:18        3.752553        0.051879
FIRE:  143 01:17:18        3.752517        0.041765
FIRE:  144 01:17:18        3.752479        0.041206
FIRE:  145 01:17:18        3.752444        0.041265
FIRE:  146 01:17:18        3.752415        0.041329
FIRE:  147 01:17:18        3.752390        0.041387
FIRE:  148 01:17:18        3.752363        0.041430
FIRE:  149 01:17:18        3.752325        0.041441
FIRE:  150 01:17:18        3.752270        0.041403
FIRE:  151 01:17:18        3.752192        0.041301
FIRE:  152 01:17:18        3.752095        0.041128
FIRE:  153 01:17:18        3.751986        0.040891
FIRE:  154 01:17:18        3.751868        0.040612
FIRE:  155 01:17:18        3.751720        0.040314
FIRE:  156 01:17:18        3.751525        0.040008
FIRE:  157 01:17:18        3.751292        0.039687
FIRE:  158 01:17:18        3.751029        0.039273
FIRE:  159 01:17:18        3.750699        0.038636
FIRE:  160 01:17:19        3.750303        0.037762
FIRE:  161 01:17:19        3.749846        0.036830
FIRE:  162 01:17:19        3.749289        0.035953
FIRE:  163 01:17:19        3.748653        0.034847
FIRE:  164 01:17:19        3.747909        0.033234
FIRE:  165 01:17:19        3.747056        0.031786
FIRE:  166 01:17:19        3.746100        0.029763
FIRE:  167 01:17:19        3.745066        0.030484
FIRE:  168 01:17:19        3.744167        0.088174
FIRE:  169 01:17:19        3.744456        0.235862
FIRE:  170 01:17:19        3.742849        0.019375
FIRE:  171 01:17:19        3.742845        0.019367
FIRE:  172 01:17:19        3.742836        0.019350
FIRE:  173 01:17:19        3.742823        0.019323
FIRE:  174 01:17:19        3.742806        0.019284
FIRE:  175 01:17:19        3.742785        0.019230
FIRE:  176 01:17:19        3.742760        0.019157
FIRE:  177 01:17:19        3.742731        0.019060
FIRE:  178 01:17:19        3.742694        0.018920
FIRE:  179 01:17:19        3.742647        0.018725
FIRE:  180 01:17:19        3.742589        0.018464
FIRE:  181 01:17:19        3.742518        0.018136
FIRE:  182 01:17:19        3.742431        0.017752
FIRE:  183 01:17:19        3.742324        0.017326
FIRE:  184 01:17:19        3.742196        0.016857
FIRE:  185 01:17:19        3.742042        0.016316
FIRE:  186 01:17:19        3.741859        0.015704
FIRE:  187 01:17:19        3.741645        0.015053
FIRE:  188 01:17:19        3.741396        0.014298
FIRE:  189 01:17:20        3.741112        0.013338
FIRE:  190 01:17:20        3.740796        0.011926
FIRE:  191 01:17:20        3.740452        0.010342
FIRE:  192 01:17:20        3.740153        0.047007
FIRE:  193 01:17:20        3.740905        0.202636
FIRE:  194 01:17:20        3.739860        0.064430
FIRE:  195 01:17:20        3.739797        0.043776
FIRE:  196 01:17:20        3.739744        0.009163
