      Step     Time          Energy          fmax
FIRE:    0 12:37:47      116.476025       68.603646
FIRE:    1 12:37:47       93.300457       43.209236
FIRE:    2 12:37:47       77.360215       28.442088
FIRE:    3 12:37:47       67.864576       19.938395
FIRE:    4 12:37:47       63.847826       26.799509
FIRE:    5 12:37:47       62.473084       42.285933
FIRE:    6 12:37:47       56.946284       11.140259
FIRE:    7 12:37:47       57.278428       24.067659
FIRE:    8 12:37:47       56.416802       20.553871
FIRE:    9 12:37:47       55.081967       13.833891
FIRE:   10 12:37:47       53.853617       10.479263
FIRE:   11 12:37:47       53.144645       10.357738
FIRE:   12 12:37:47       52.772948       14.852918
FIRE:   13 12:37:47       52.101674       18.663907
FIRE:   14 12:37:47       50.781923       16.508967
FIRE:   15 12:37:47       48.897305        9.419714
FIRE:   16 12:37:47       47.096461        9.048385
FIRE:   17 12:37:47       45.591206        9.721118
FIRE:   18 12:37:47       43.679087       12.215393
FIRE:   19 12:37:47       40.900795        7.663544
FIRE:   20 12:37:48       38.427189        6.985450
FIRE:   21 12:37:48       36.546220        8.421069
FIRE:   22 12:37:48       34.499571        7.686398
FIRE:   23 12:37:48       32.450738        5.438650
FIRE:   24 12:37:48       30.833396        4.972714
FIRE:   25 12:37:48       29.286056        5.522505
FIRE:   26 12:37:48       27.702366        4.102052
FIRE:   27 12:37:48       26.369115        3.704289
FIRE:   28 12:37:48       25.176402        4.323975
FIRE:   29 12:37:48       23.972165        3.111466
FIRE:   30 12:37:48       22.944172        2.946357
FIRE:   31 12:37:48       22.016313        2.917097
FIRE:   32 12:37:48       21.098173        2.559263
FIRE:   33 12:37:48       20.290456        2.368419
FIRE:   34 12:37:48       19.512130        2.215445
FIRE:   35 12:37:48       18.709839        2.120002
FIRE:   36 12:37:48       17.933138        2.294393
FIRE:   37 12:37:48       17.146550        2.035162
FIRE:   38 12:37:48       16.468256        1.802368
FIRE:   39 12:37:48       16.173316        2.031602
FIRE:   40 12:37:48       16.198092        5.247408
FIRE:   41 12:37:48       15.750044        1.858236
FIRE:   42 12:37:48       15.668864        1.418832
FIRE:   43 12:37:48       15.591648        1.400307
FIRE:   44 12:37:49       15.532583        1.621318
FIRE:   45 12:37:49       15.480713        1.373081
FIRE:   46 12:37:49       15.432834        1.485515
FIRE:   47 12:37:49       15.332784        1.312687
FIRE:   48 12:37:49       15.200654        1.208541
FIRE:   49 12:37:49       15.107821        1.101178
FIRE:   50 12:37:49       15.017320        1.065445
FIRE:   51 12:37:49       14.878339        0.925971
FIRE:   52 12:37:49       14.732292        0.852235
FIRE:   53 12:37:49       14.639686        1.190496
FIRE:   54 12:37:49       14.496463        0.556170
FIRE:   55 12:37:49       14.449238        1.186003
FIRE:   56 12:37:49       14.420073        0.808501
FIRE:   57 12:37:49       14.396464        0.399732
FIRE:   58 12:37:49       14.402979        0.793514
FIRE:   59 12:37:49       14.400456        0.702314
FIRE:   60 12:37:49       14.396354        0.532073
FIRE:   61 12:37:49       14.392138        0.394008
FIRE:   62 12:37:49       14.389141        0.394092
FIRE:   63 12:37:49       14.387880        0.393906
FIRE:   64 12:37:49       14.387678        0.392637
FIRE:   65 12:37:49       14.387529        0.392359
FIRE:   66 12:37:49       14.387243        0.391810
FIRE:   67 12:37:49       14.386835        0.391008
FIRE:   68 12:37:49       14.386333        0.389973
FIRE:   69 12:37:50       14.385764        0.388733
FIRE:   70 12:37:50       14.385157        0.387318
FIRE:   71 12:37:50       14.384537        0.385762
FIRE:   72 12:37:50       14.383858        0.383916
FIRE:   73 12:37:50       14.383126        0.381775
FIRE:   74 12:37:50       14.382329        0.379346
FIRE:   75 12:37:50       14.381419        0.376645
FIRE:   76 12:37:50       14.380307        0.373682
FIRE:   77 12:37:50       14.378872        0.370445
FIRE:   78 12:37:50       14.377006        0.366890
FIRE:   79 12:37:50       14.374661        0.362915
FIRE:   80 12:37:50       14.371880        0.358305
FIRE:   81 12:37:50       14.368724        0.352616
FIRE:   82 12:37:50       14.365111        0.345129
FIRE:   83 12:37:50       14.360779        0.335079
FIRE:   84 12:37:50       14.355565        0.322042
FIRE:   85 12:37:50       14.349636        0.306275
FIRE:   86 12:37:50       14.343054        0.288668
FIRE:   87 12:37:50       14.335544        0.269752
FIRE:   88 12:37:50       14.327385        0.248517
FIRE:   89 12:37:50       14.318801        0.221651
FIRE:   90 12:37:51       14.309955        0.188001
FIRE:   91 12:37:51       14.301489        0.152395
FIRE:   92 12:37:51       14.294009        0.116371
FIRE:   93 12:37:51       14.288086        0.070597
FIRE:   94 12:37:51       14.284589        0.069310
FIRE:   95 12:37:51       14.284178        0.142531
FIRE:   96 12:37:51       14.283765        0.076603
FIRE:   97 12:37:52       14.283574        0.049848
FIRE:   98 12:37:52       14.283555        0.046679
FIRE:   99 12:37:52       14.283521        0.041408
FIRE:  100 12:37:52       14.283477        0.036234
FIRE:  101 12:37:52       14.283427        0.033855
FIRE:  102 12:37:53       14.283371        0.035086
FIRE:  103 12:37:53       14.283306        0.037728
FIRE:  104 12:37:53       14.283228        0.039207
FIRE:  105 12:37:53       14.283124        0.038322
FIRE:  106 12:37:53       14.282993        0.035692
FIRE:  107 12:37:53       14.282833        0.034707
FIRE:  108 12:37:53       14.282643        0.037496
FIRE:  109 12:37:53       14.282409        0.039601
FIRE:  110 12:37:53       14.282116        0.037338
FIRE:  111 12:37:53       14.281763        0.036472
FIRE:  112 12:37:53       14.281341        0.039513
FIRE:  113 12:37:53       14.280822        0.038204
FIRE:  114 12:37:53       14.280199        0.040618
FIRE:  115 12:37:53       14.279436        0.041035
FIRE:  116 12:37:53       14.278502        0.044216
FIRE:  117 12:37:53       14.277328        0.044148
FIRE:  118 12:37:53       14.275832        0.048507
FIRE:  119 12:37:53       14.273876        0.056615
FIRE:  120 12:37:53       14.271235        0.061829
FIRE:  121 12:37:54       14.267690        0.096795
FIRE:  122 12:37:54       14.263170        0.188612
FIRE:  123 12:37:54       14.263439        0.563442
FIRE:  124 12:37:54       14.254945        0.100477
FIRE:  125 12:37:54       14.254806        0.090557
FIRE:  126 12:37:54       14.254579        0.080761
FIRE:  127 12:37:54       14.254306        0.082441
FIRE:  128 12:37:54       14.253966        0.090461
FIRE:  129 12:37:54       14.253509        0.092630
FIRE:  130 12:37:54       14.252923        0.087129
FIRE:  131 12:37:54       14.252246        0.082892
FIRE:  132 12:37:54       14.251411        0.087392
FIRE:  133 12:37:54       14.250331        0.091843
FIRE:  134 12:37:54       14.248905        0.088317
FIRE:  135 12:37:54       14.247104        0.092247
FIRE:  136 12:37:54       14.244783        0.098437
FIRE:  137 12:37:54       14.241718        0.096313
FIRE:  138 12:37:54       14.237738        0.104400
FIRE:  139 12:37:54       14.232436        0.107712
FIRE:  140 12:37:54       14.225395        0.118259
FIRE:  141 12:37:54       14.215888        0.123000
FIRE:  142 12:37:54       14.203018        0.139726
FIRE:  143 12:37:54       14.185032        0.144645
FIRE:  144 12:37:54       14.160078        0.200153
FIRE:  145 12:37:54       14.126593        0.287496
FIRE:  146 12:37:55       14.116915        1.054774
FIRE:  147 12:37:55       14.081439        0.170265
FIRE:  148 12:37:55       14.080983        0.163443
FIRE:  149 12:37:55       14.080148        0.156881
FIRE:  150 12:37:55       14.078997        0.157045
FIRE:  151 12:37:55       14.077503        0.161051
FIRE:  152 12:37:55       14.075599        0.161549
FIRE:  153 12:37:55       14.073279        0.157369
FIRE:  154 12:37:55       14.070607        0.154315
FIRE:  155 12:37:55       14.067279        0.155844
FIRE:  156 12:37:55       14.063092        0.155810
FIRE:  157 12:37:55       14.057857        0.150760
FIRE:  158 12:37:55       14.051499        0.151291
FIRE:  159 12:37:55       14.043781        0.148737
FIRE:  160 12:37:55       14.034556        0.137751
FIRE:  161 12:37:55       14.023904        0.129276
FIRE:  162 12:37:55       14.012086        0.123393
FIRE:  163 12:37:55       13.999643        0.100415
FIRE:  164 12:37:55       13.987704        0.075813
FIRE:  165 12:37:55       13.978244        0.132850
FIRE:  166 12:37:55       13.973479        0.193039
FIRE:  167 12:37:55       13.972340        0.058795
FIRE:  168 12:37:55       13.972649        0.114005
FIRE:  169 12:37:55       13.972508        0.095386
FIRE:  170 12:37:56       13.972316        0.061363
FIRE:  171 12:37:56       13.972194        0.020801
FIRE:  172 12:37:56       13.972211        0.035189
FIRE:  173 12:37:56       13.972207        0.033923
FIRE:  174 12:37:56       13.972200        0.031478
FIRE:  175 12:37:56       13.972191        0.028043
FIRE:  176 12:37:56       13.972180        0.023937
FIRE:  177 12:37:56       13.972170        0.019684
FIRE:  178 12:37:56       13.972161        0.016157
FIRE:  179 12:37:56       13.972154        0.014533
FIRE:  180 12:37:56       13.972149        0.015465
FIRE:  181 12:37:56       13.972144        0.018153
FIRE:  182 12:37:56       13.972137        0.020830
FIRE:  183 12:37:56       13.972127        0.022148
FIRE:  184 12:37:56       13.972112        0.021306
FIRE:  185 12:37:56       13.972091        0.018191
FIRE:  186 12:37:56       13.972068        0.014296
FIRE:  187 12:37:56       13.972044        0.013846
FIRE:  188 12:37:56       13.972020        0.016886
FIRE:  189 12:37:56       13.971988        0.017555
FIRE:  190 12:37:56       13.971948        0.013707
FIRE:  191 12:37:56       13.971905        0.012118
FIRE:  192 12:37:56       13.971861        0.015586
FIRE:  193 12:37:56       13.971807        0.012198
FIRE:  194 12:37:57       13.971752        0.010914
FIRE:  195 12:37:57       13.971698        0.011908
FIRE:  196 12:37:57       13.971643        0.008694
