      Step     Time          Energy          fmax
FIRE:    0 15:38:20      355.113548      225.627483
FIRE:    1 15:38:20      284.449784      112.197238
FIRE:    2 15:38:20      235.055997       88.478954
FIRE:    3 15:38:20      197.989115       71.344799
FIRE:    4 15:38:20      169.170097       56.898042
FIRE:    5 15:38:20      146.264529       44.816019
FIRE:    6 15:38:20      127.634258       34.562293
FIRE:    7 15:38:21      112.065178       31.736014
FIRE:    8 15:38:21       98.721248       28.706799
FIRE:    9 15:38:21       87.292496       26.613557
FIRE:   10 15:38:21       77.916217       23.674615
FIRE:   11 15:38:21       70.817989       20.094533
FIRE:   12 15:38:21       65.689730       31.000328
FIRE:   13 15:38:21       61.339239       38.891598
FIRE:   14 15:38:21       56.367403       38.851130
FIRE:   15 15:38:21       50.518208       31.056546
FIRE:   16 15:38:21       44.745672       22.146021
FIRE:   17 15:38:21       39.876655       20.899022
FIRE:   18 15:38:21       35.995118       16.389747
FIRE:   19 15:38:21       32.776726       11.285937
FIRE:   20 15:38:22       29.865303       10.808230
FIRE:   21 15:38:22       27.074257        9.421433
FIRE:   22 15:38:22       24.416801        8.593984
FIRE:   23 15:38:22       21.989966        9.217887
FIRE:   24 15:38:22       19.857270        8.719395
FIRE:   25 15:38:22       18.010974        7.380289
FIRE:   26 15:38:22       16.399030        5.508608
FIRE:   27 15:38:22       14.972253        3.831824
FIRE:   28 15:38:22       13.724353        3.265707
FIRE:   29 15:38:22       12.689255        3.310706
FIRE:   30 15:38:22       11.885932        3.190346
FIRE:   31 15:38:22       11.264701        3.068028
FIRE:   32 15:38:22       10.733674        3.123641
FIRE:   33 15:38:22       10.229660        2.569718
FIRE:   34 15:38:22        9.756592        2.002871
FIRE:   35 15:38:22        9.371752        1.791238
FIRE:   36 15:38:22        9.131534        1.964782
FIRE:   37 15:38:22        9.021821        1.722730
FIRE:   38 15:38:22        8.971735        2.050648
FIRE:   39 15:38:22        9.020533        3.302860
FIRE:   40 15:38:22        8.847568        3.087293
FIRE:   41 15:38:22        8.614809        0.508616
FIRE:   42 15:38:22        8.725995        2.117056
FIRE:   43 15:38:22        8.670099        1.712589
FIRE:   44 15:38:22        8.596809        0.964097
FIRE:   45 15:38:23        8.556574        0.501844
FIRE:   46 15:38:23        8.566832        1.002950
FIRE:   47 15:38:23        8.563238        0.948655
FIRE:   48 15:38:23        8.556687        0.844496
FIRE:   49 15:38:23        8.548293        0.699091
FIRE:   50 15:38:23        8.539354        0.525106
FIRE:   51 15:38:23        8.531012        0.496628
FIRE:   52 15:38:23        8.523925        0.495845
FIRE:   53 15:38:23        8.518039        0.522611
FIRE:   54 15:38:23        8.512073        0.571708
FIRE:   55 15:38:23        8.504694        0.611772
FIRE:   56 15:38:23        8.494103        0.635557
FIRE:   57 15:38:23        8.478700        0.636295
FIRE:   58 15:38:23        8.457907        0.609379
FIRE:   59 15:38:23        8.432649        0.555518
FIRE:   60 15:38:23        8.404361        0.526713
FIRE:   61 15:38:23        8.371877        0.546707
FIRE:   62 15:38:23        8.329913        0.571817
FIRE:   63 15:38:23        8.273457        0.600824
FIRE:   64 15:38:23        8.202092        0.631857
FIRE:   65 15:38:23        8.113922        0.664758
FIRE:   66 15:38:23        7.998840        0.703894
FIRE:   67 15:38:23        7.850181        0.755353
FIRE:   68 15:38:23        7.668945        0.818075
FIRE:   69 15:38:23        7.445994        0.872798
FIRE:   70 15:38:23        7.215791        0.878463
FIRE:   71 15:38:24        6.974899        0.806670
FIRE:   72 15:38:24        6.749054        0.584657
FIRE:   73 15:38:24        6.571850        0.497200
FIRE:   74 15:38:24        6.444175        0.724395
FIRE:   75 15:38:24        6.299473        0.865304
FIRE:   76 15:38:24        6.109571        0.757974
FIRE:   77 15:38:24        5.942955        0.790164
FIRE:   78 15:38:24        5.813740        0.479586
FIRE:   79 15:38:24        5.826254        0.521727
FIRE:   80 15:38:24        5.779818        0.210856
FIRE:   81 15:38:24        5.771043        0.404276
FIRE:   82 15:38:24        5.765231        0.294030
FIRE:   83 15:38:24        5.757974        0.160297
FIRE:   84 15:38:24        5.753508        0.144912
FIRE:   85 15:38:24        5.751696        0.215403
FIRE:   86 15:38:24        5.749349        0.260560
FIRE:   87 15:38:24        5.744639        0.222673
FIRE:   88 15:38:24        5.738359        0.182140
FIRE:   89 15:38:24        5.731896        0.143980
FIRE:   90 15:38:24        5.726535        0.164257
FIRE:   91 15:38:24        5.720775        0.179497
FIRE:   92 15:38:24        5.713762        0.186298
FIRE:   93 15:38:24        5.706695        0.186287
FIRE:   94 15:38:24        5.697785        0.184967
FIRE:   95 15:38:24        5.688157        0.184107
FIRE:   96 15:38:25        5.677514        0.190980
FIRE:   97 15:38:25        5.663756        0.164393
FIRE:   98 15:38:25        5.649382        0.164849
FIRE:   99 15:38:25        5.633324        0.163380
FIRE:  100 15:38:25        5.612766        0.200283
FIRE:  101 15:38:25        5.590393        0.311307
FIRE:  102 15:38:25        5.580137        0.783886
FIRE:  103 15:38:25        5.550721        0.132155
FIRE:  104 15:38:25        5.550193        0.132394
FIRE:  105 15:38:25        5.549280        0.133022
FIRE:  106 15:38:25        5.548123        0.134337
FIRE:  107 15:38:25        5.546718        0.136682
FIRE:  108 15:38:25        5.544962        0.140230
FIRE:  109 15:38:25        5.542806        0.144840
FIRE:  110 15:38:25        5.540313        0.150043
FIRE:  111 15:38:25        5.537226        0.155672
FIRE:  112 15:38:25        5.533365        0.160844
FIRE:  113 15:38:25        5.528510        0.165004
FIRE:  114 15:38:25        5.522531        0.168702
FIRE:  115 15:38:25        5.515055        0.173571
FIRE:  116 15:38:25        5.505669        0.180193
FIRE:  117 15:38:25        5.493990        0.185929
FIRE:  118 15:38:25        5.479160        0.188417
FIRE:  119 15:38:25        5.460467        0.191972
FIRE:  120 15:38:25        5.436973        0.196022
FIRE:  121 15:38:26        5.408060        0.188456
FIRE:  122 15:38:26        5.373680        0.192073
FIRE:  123 15:38:26        5.339783        0.481993
FIRE:  124 15:38:26        5.342311        1.254968
FIRE:  125 15:38:26        5.290651        0.276744
FIRE:  126 15:38:26        5.288916        0.203068
FIRE:  127 15:38:26        5.286846        0.178869
FIRE:  128 15:38:26        5.285752        0.184190
FIRE:  129 15:38:26        5.285193        0.188019
FIRE:  130 15:38:26        5.283724        0.198199
FIRE:  131 15:38:26        5.280949        0.188422
FIRE:  132 15:38:26        5.277814        0.185602
FIRE:  133 15:38:26        5.275005        0.181964
FIRE:  134 15:38:26        5.271894        0.180160
FIRE:  135 15:38:26        5.266895        0.182062
FIRE:  136 15:38:26        5.260759        0.187224
FIRE:  137 15:38:26        5.254406        0.190791
FIRE:  138 15:38:26        5.245329        0.188017
FIRE:  139 15:38:26        5.235181        0.180517
FIRE:  140 15:38:27        5.222216        0.179267
FIRE:  141 15:38:27        5.207578        0.182172
FIRE:  142 15:38:27        5.188713        0.170272
FIRE:  143 15:38:27        5.167262        0.161844
FIRE:  144 15:38:27        5.143495        0.229836
FIRE:  145 15:38:27        5.120160        0.443108
FIRE:  146 15:38:27        5.110058        0.935950
FIRE:  147 15:38:27        5.076775        0.147451
FIRE:  148 15:38:27        5.076493        0.147874
FIRE:  149 15:38:27        5.075939        0.148666
FIRE:  150 15:38:27        5.075127        0.149721
FIRE:  151 15:38:27        5.074058        0.150909
FIRE:  152 15:38:27        5.072723        0.152105
FIRE:  153 15:38:27        5.071114        0.153236
FIRE:  154 15:38:27        5.069232        0.154294
FIRE:  155 15:38:27        5.066840        0.155454
FIRE:  156 15:38:27        5.063816        0.156876
FIRE:  157 15:38:27        5.059995        0.158754
FIRE:  158 15:38:28        5.055178        0.161154
FIRE:  159 15:38:28        5.049123        0.163847
FIRE:  160 15:38:28        5.041484        0.166436
FIRE:  161 15:38:28        5.031827        0.168937
FIRE:  162 15:38:28        5.019566        0.172144
FIRE:  163 15:38:28        5.003886        0.176467
FIRE:  164 15:38:28        4.983702        0.180574
FIRE:  165 15:38:28        4.957503        0.184382
FIRE:  166 15:38:28        4.923074        0.191414
FIRE:  167 15:38:28        4.876680        0.200843
FIRE:  168 15:38:28        4.815657        0.213452
FIRE:  169 15:38:28        4.749784        0.223106
FIRE:  170 15:38:28        4.679798        0.240343
FIRE:  171 15:38:28        4.605814        0.252764
FIRE:  172 15:38:28        4.528960        0.267734
FIRE:  173 15:38:28        4.452741        0.271977
FIRE:  174 15:38:28        4.384946        0.255051
FIRE:  175 15:38:28        4.337790        0.206406
FIRE:  176 15:38:28        4.320328        0.211885
FIRE:  177 15:38:28        4.304477        0.137068
FIRE:  178 15:38:28        4.285973        0.152705
FIRE:  179 15:38:28        4.273602        0.152861
FIRE:  180 15:38:29        4.267821        0.139767
FIRE:  181 15:38:29        4.259721        0.134240
FIRE:  182 15:38:29        4.246572        0.116339
FIRE:  183 15:38:29        4.233219        0.104915
FIRE:  184 15:38:29        4.228544        0.129550
FIRE:  185 15:38:29        4.227458        0.078931
FIRE:  186 15:38:29        4.226628        0.055533
FIRE:  187 15:38:29        4.225894        0.055459
FIRE:  188 15:38:29        4.224978        0.036731
FIRE:  189 15:38:29        4.224566        0.039100
FIRE:  190 15:38:29        4.224475        0.033858
FIRE:  191 15:38:29        4.224333        0.027842
FIRE:  192 15:38:29        4.224196        0.027066
FIRE:  193 15:38:29        4.224087        0.027075
FIRE:  194 15:38:29        4.223987        0.027053
FIRE:  195 15:38:29        4.223860        0.027005
FIRE:  196 15:38:29        4.223696        0.026927
FIRE:  197 15:38:29        4.223494        0.026782
FIRE:  198 15:38:29        4.223280        0.026513
FIRE:  199 15:38:29        4.223045        0.027356
FIRE:  200 15:38:29        4.222744        0.025347
FIRE:  201 15:38:29        4.222393        0.024281
FIRE:  202 15:38:30        4.222055        0.022701
FIRE:  203 15:38:30        4.221661        0.020686
FIRE:  204 15:38:30        4.221224        0.018356
FIRE:  205 15:38:30        4.220838        0.015800
FIRE:  206 15:38:30        4.220494        0.017157
FIRE:  207 15:38:30        4.220216        0.014516
FIRE:  208 15:38:30        4.220075        0.012716
FIRE:  209 15:38:30        4.220051        0.008038
