      Step     Time          Energy          fmax
FIRE:    0 12:44:28      149.548780      104.135038
FIRE:    1 12:44:28      117.327089       56.085614
FIRE:    2 12:44:28       95.894536       33.578020
FIRE:    3 12:44:28       81.872675       29.319838
FIRE:    4 12:44:28       72.950849       23.940210
FIRE:    5 12:44:28       66.606493       39.690074
FIRE:    6 12:44:28       60.129979       46.904508
FIRE:    7 12:44:28       52.668103       40.637218
FIRE:    8 12:44:28       45.690104       27.263757
FIRE:    9 12:44:28       40.586610       15.413163
FIRE:   10 12:44:28       37.061316       14.739306
FIRE:   11 12:44:28       34.068629       17.050783
FIRE:   12 12:44:28       31.093612       15.767348
FIRE:   13 12:44:28       28.336292       11.724821
FIRE:   14 12:44:28       26.152057        9.329540
FIRE:   15 12:44:28       24.568722        8.432973
FIRE:   16 12:44:28       23.262521        9.677856
FIRE:   17 12:44:28       21.899941        8.618846
FIRE:   18 12:44:29       20.412947        6.370232
FIRE:   19 12:44:29       18.903835        5.746086
FIRE:   20 12:44:29       17.461015        5.166781
FIRE:   21 12:44:29       16.115366        4.632748
FIRE:   22 12:44:29       14.851509        4.916562
FIRE:   23 12:44:29       13.647816        4.558188
FIRE:   24 12:44:29       12.533318        3.219740
FIRE:   25 12:44:29       11.589966        2.711255
FIRE:   26 12:44:29       10.882735        2.319719
FIRE:   27 12:44:29       10.392484        1.959158
FIRE:   28 12:44:29       10.043360        1.877024
FIRE:   29 12:44:29        9.787448        1.383962
FIRE:   30 12:44:29        9.603115        1.080163
FIRE:   31 12:44:29        9.464592        1.070662
FIRE:   32 12:44:29        9.348672        1.022610
FIRE:   33 12:44:29        9.230466        0.994428
FIRE:   34 12:44:29        9.100664        0.890697
FIRE:   35 12:44:29        8.977264        0.745207
FIRE:   36 12:44:29        8.877196        0.677370
FIRE:   37 12:44:29        8.804032        0.700680
FIRE:   38 12:44:29        8.764755        0.991001
FIRE:   39 12:44:29        8.536867        1.161509
FIRE:   40 12:44:29        8.407108        0.963768
FIRE:   41 12:44:29        8.358927        1.383917
FIRE:   42 12:44:29        8.316470        0.419068
FIRE:   43 12:44:30        8.306936        0.546640
FIRE:   44 12:44:30        8.302744        0.477108
FIRE:   45 12:44:30        8.295582        0.413019
FIRE:   46 12:44:30        8.287374        0.403226
FIRE:   47 12:44:30        8.279729        0.391090
FIRE:   48 12:44:30        8.272777        0.377880
FIRE:   49 12:44:30        8.265028        0.386426
FIRE:   50 12:44:30        8.254913        0.406856
FIRE:   51 12:44:30        8.240911        0.343318
FIRE:   52 12:44:30        8.224451        0.332951
FIRE:   53 12:44:30        8.207846        0.320511
FIRE:   54 12:44:30        8.190366        0.302687
FIRE:   55 12:44:30        8.168852        0.277162
FIRE:   56 12:44:30        8.144482        0.242993
FIRE:   57 12:44:30        8.122006        0.275160
FIRE:   58 12:44:30        8.097138        0.243360
FIRE:   59 12:44:30        8.073047        0.257377
FIRE:   60 12:44:30        8.050083        0.280414
FIRE:   61 12:44:30        8.029102        0.291248
FIRE:   62 12:44:30        8.008563        0.325259
FIRE:   63 12:44:30        7.990991        0.331807
FIRE:   64 12:44:30        7.972710        0.432847
FIRE:   65 12:44:30        7.957312        0.565979
FIRE:   66 12:44:30        7.947167        0.263720
FIRE:   67 12:44:31        7.944600        0.398512
FIRE:   68 12:44:31        7.942907        0.334492
FIRE:   69 12:44:31        7.940358        0.255894
FIRE:   70 12:44:31        7.937997        0.246391
FIRE:   71 12:44:31        7.936225        0.236601
FIRE:   72 12:44:31        7.934481        0.227488
FIRE:   73 12:44:31        7.931985        0.249374
FIRE:   74 12:44:31        7.928572        0.211946
FIRE:   75 12:44:31        7.924414        0.204917
FIRE:   76 12:44:31        7.920495        0.197610
FIRE:   77 12:44:31        7.916897        0.187153
FIRE:   78 12:44:31        7.912375        0.171489
FIRE:   79 12:44:31        7.907111        0.146756
FIRE:   80 12:44:31        7.902993        0.126499
FIRE:   81 12:44:31        7.898730        0.130970
FIRE:   82 12:44:31        7.894370        0.084185
FIRE:   83 12:44:31        7.891112        0.143512
FIRE:   84 12:44:31        7.886978        0.088355
FIRE:   85 12:44:31        7.883021        0.118237
FIRE:   86 12:44:31        7.877540        0.102252
FIRE:   87 12:44:31        7.870320        0.093023
FIRE:   88 12:44:32        7.861872        0.115277
FIRE:   89 12:44:32        7.853741        0.253352
FIRE:   90 12:44:32        7.850765        0.528721
FIRE:   91 12:44:32        7.842452        0.053393
FIRE:   92 12:44:32        7.848373        0.460935
FIRE:   93 12:44:32        7.845701        0.353115
FIRE:   94 12:44:32        7.842678        0.163417
FIRE:   95 12:44:32        7.841865        0.063459
FIRE:   96 12:44:32        7.841842        0.059698
FIRE:   97 12:44:32        7.841799        0.052400
FIRE:   98 12:44:32        7.841742        0.050687
FIRE:   99 12:44:32        7.841677        0.050552
FIRE:  100 12:44:32        7.841609        0.050385
FIRE:  101 12:44:32        7.841543        0.050189
FIRE:  102 12:44:32        7.841478        0.049968
FIRE:  103 12:44:32        7.841402        0.049701
FIRE:  104 12:44:32        7.841306        0.049386
FIRE:  105 12:44:32        7.841178        0.049018
FIRE:  106 12:44:32        7.841009        0.048585
FIRE:  107 12:44:32        7.840795        0.048062
FIRE:  108 12:44:33        7.840544        0.047405
FIRE:  109 12:44:33        7.840255        0.046551
FIRE:  110 12:44:33        7.839907        0.045446
FIRE:  111 12:44:33        7.839467        0.044058
FIRE:  112 12:44:33        7.838934        0.042396
FIRE:  113 12:44:33        7.838315        0.043307
FIRE:  114 12:44:33        7.837566        0.044840
FIRE:  115 12:44:33        7.836656        0.045944
FIRE:  116 12:44:33        7.835594        0.047252
FIRE:  117 12:44:33        7.834301        0.049302
FIRE:  118 12:44:33        7.832787        0.051077
FIRE:  119 12:44:33        7.830962        0.050967
FIRE:  120 12:44:33        7.828796        0.050783
FIRE:  121 12:44:33        7.826229        0.050361
FIRE:  122 12:44:33        7.823241        0.065240
FIRE:  123 12:44:33        7.820067        0.143904
FIRE:  124 12:44:33        7.818290        0.336083
FIRE:  125 12:44:33        7.815132        0.044317
FIRE:  126 12:44:33        7.817280        0.302821
FIRE:  127 12:44:33        7.816192        0.227752
FIRE:  128 12:44:33        7.814997        0.097169
FIRE:  129 12:44:33        7.814727        0.056277
FIRE:  130 12:44:33        7.814710        0.053269
FIRE:  131 12:44:34        7.814679        0.047438
FIRE:  132 12:44:34        7.814637        0.044645
FIRE:  133 12:44:34        7.814589        0.044845
FIRE:  134 12:44:34        7.814539        0.045078
FIRE:  135 12:44:34        7.814489        0.045331
FIRE:  136 12:44:34        7.814439        0.045584
FIRE:  137 12:44:34        7.814379        0.045841
FIRE:  138 12:44:34        7.814301        0.046078
FIRE:  139 12:44:34        7.814197        0.046270
FIRE:  140 12:44:34        7.814060        0.046400
FIRE:  141 12:44:34        7.813888        0.046473
FIRE:  142 12:44:34        7.813683        0.046526
FIRE:  143 12:44:34        7.813442        0.046636
FIRE:  144 12:44:34        7.813142        0.046892
FIRE:  145 12:44:34        7.812759        0.047351
FIRE:  146 12:44:34        7.812289        0.047997
FIRE:  147 12:44:34        7.811724        0.048663
FIRE:  148 12:44:34        7.811015        0.049111
FIRE:  149 12:44:34        7.810137        0.049366
FIRE:  150 12:44:34        7.809061        0.049880
FIRE:  151 12:44:34        7.807706        0.050979
FIRE:  152 12:44:34        7.806026        0.052196
FIRE:  153 12:44:35        7.803897        0.053074
FIRE:  154 12:44:35        7.801188        0.054991
FIRE:  155 12:44:35        7.797701        0.057760
FIRE:  156 12:44:35        7.793154        0.060837
FIRE:  157 12:44:35        7.787337        0.114205
FIRE:  158 12:44:35        7.781620        0.327853
FIRE:  159 12:44:35        7.796932        1.092306
FIRE:  160 12:44:35        7.769658        0.345925
FIRE:  161 12:44:35        7.768087        0.248390
FIRE:  162 12:44:35        7.766546        0.086582
FIRE:  163 12:44:35        7.766381        0.115023
FIRE:  164 12:44:35        7.766289        0.105702
FIRE:  165 12:44:35        7.766121        0.089111
FIRE:  166 12:44:35        7.765909        0.089065
FIRE:  167 12:44:35        7.765684        0.089075
FIRE:  168 12:44:35        7.765469        0.089182
FIRE:  169 12:44:35        7.765263        0.089418
FIRE:  170 12:44:35        7.765049        0.089786
FIRE:  171 12:44:35        7.764771        0.090331
FIRE:  172 12:44:35        7.764384        0.091069
FIRE:  173 12:44:35        7.763854        0.092022
FIRE:  174 12:44:35        7.763178        0.093222
FIRE:  175 12:44:36        7.762379        0.094689
FIRE:  176 12:44:36        7.761442        0.096356
FIRE:  177 12:44:36        7.760258        0.098047
FIRE:  178 12:44:36        7.758699        0.099636
FIRE:  179 12:44:36        7.756757        0.101255
FIRE:  180 12:44:36        7.754386        0.103262
FIRE:  181 12:44:36        7.751306        0.105927
FIRE:  182 12:44:36        7.747383        0.109438
FIRE:  183 12:44:36        7.742390        0.113574
FIRE:  184 12:44:36        7.735825        0.118274
FIRE:  185 12:44:36        7.727256        0.124868
FIRE:  186 12:44:36        7.715766        0.134175
FIRE:  187 12:44:36        7.700062        0.145419
FIRE:  188 12:44:36        7.678142        0.160784
FIRE:  189 12:44:36        7.646685        0.182139
FIRE:  190 12:44:36        7.601164        0.254277
FIRE:  191 12:44:36        7.548320        0.922394
FIRE:  192 12:44:36        7.582391        2.211330
FIRE:  193 12:44:36        7.474337        0.865961
FIRE:  194 12:44:37        7.460290        0.529306
FIRE:  195 12:44:37        7.448531        0.261018
FIRE:  196 12:44:37        7.448243        0.491342
FIRE:  197 12:44:37        7.446949        0.451896
FIRE:  198 12:44:37        7.444667        0.375935
FIRE:  199 12:44:37        7.441904        0.269584
FIRE:  200 12:44:37        7.439173        0.269059
FIRE:  201 12:44:37        7.436772        0.270878
FIRE:  202 12:44:37        7.434618        0.273551
FIRE:  203 12:44:37        7.432303        0.276664
FIRE:  204 12:44:37        7.429011        0.280091
FIRE:  205 12:44:37        7.424158        0.283542
FIRE:  206 12:44:37        7.417550        0.287094
FIRE:  207 12:44:37        7.409564        0.291374
FIRE:  208 12:44:37        7.400565        0.297172
FIRE:  209 12:44:37        7.389650        0.304338
FIRE:  210 12:44:37        7.374898        0.311925
FIRE:  211 12:44:37        7.355742        0.320144
FIRE:  212 12:44:38        7.332729        0.330375
FIRE:  213 12:44:38        7.302933        0.341531
FIRE:  214 12:44:38        7.263692        0.353178
FIRE:  215 12:44:38        7.214259        0.367350
FIRE:  216 12:44:38        7.148049        0.381776
FIRE:  217 12:44:38        7.062613        0.398523
FIRE:  218 12:44:38        6.949138        0.414274
FIRE:  219 12:44:38        6.810551        0.425962
FIRE:  220 12:44:38        6.670208        0.429913
FIRE:  221 12:44:38        6.529560        0.425236
FIRE:  222 12:44:38        6.391066        0.409714
FIRE:  223 12:44:38        6.258465        0.383607
FIRE:  224 12:44:38        6.133873        0.362841
FIRE:  225 12:44:38        6.018042        0.343248
FIRE:  226 12:44:38        5.911838        0.316730
FIRE:  227 12:44:38        5.815694        0.286311
FIRE:  228 12:44:38        5.729917        0.254625
FIRE:  229 12:44:38        5.655207        0.218604
FIRE:  230 12:44:39        5.592055        0.182216
FIRE:  231 12:44:39        5.540014        0.141797
FIRE:  232 12:44:39        5.498047        0.122049
FIRE:  233 12:44:39        5.465343        0.187921
FIRE:  234 12:44:39        5.440972        0.234156
FIRE:  235 12:44:39        5.422800        0.267644
FIRE:  236 12:44:39        5.409043        0.298369
FIRE:  237 12:44:39        5.406871        0.807234
FIRE:  238 12:44:39        7.208416       21.345505
FIRE:  239 12:44:39        5.445676        0.981979
FIRE:  240 12:44:39        5.407446        0.469692
FIRE:  241 12:44:39        5.403101        0.535065
FIRE:  242 12:44:39        5.400334        0.395477
FIRE:  243 12:44:39        5.396908        0.234255
FIRE:  244 12:44:39        5.395162        0.116999
FIRE:  245 12:44:39        5.395593        0.278667
FIRE:  246 12:44:39        5.395472        0.262955
FIRE:  247 12:44:39        5.395256        0.232354
FIRE:  248 12:44:39        5.394989        0.188504
FIRE:  249 12:44:39        5.394725        0.133844
FIRE:  250 12:44:39        5.394516        0.071657
FIRE:  251 12:44:40        5.394398        0.032280
FIRE:  252 12:44:40        5.394373        0.053179
FIRE:  253 12:44:40        5.394370        0.052347
FIRE:  254 12:44:40        5.394365        0.050697
FIRE:  255 12:44:40        5.394358        0.048255
FIRE:  256 12:44:40        5.394348        0.045064
FIRE:  257 12:44:40        5.394337        0.041182
FIRE:  258 12:44:40        5.394324        0.036683
FIRE:  259 12:44:40        5.394310        0.031659
FIRE:  260 12:44:40        5.394294        0.026553
FIRE:  261 12:44:40        5.394275        0.025596
FIRE:  262 12:44:40        5.394254        0.024449
FIRE:  263 12:44:40        5.394231        0.023815
FIRE:  264 12:44:40        5.394205        0.023883
FIRE:  265 12:44:40        5.394177        0.023998
FIRE:  266 12:44:40        5.394145        0.024178
FIRE:  267 12:44:40        5.394108        0.026736
FIRE:  268 12:44:40        5.394065        0.026898
FIRE:  269 12:44:40        5.394015        0.025244
FIRE:  270 12:44:41        5.393961        0.025787
FIRE:  271 12:44:41        5.393906        0.026381
FIRE:  272 12:44:41        5.393852        0.026931
FIRE:  273 12:44:41        5.393794        0.027307
FIRE:  274 12:44:41        5.393727        0.027396
FIRE:  275 12:44:41        5.393649        0.027142
FIRE:  276 12:44:41        5.393558        0.026590
FIRE:  277 12:44:41        5.393442        0.025868
FIRE:  278 12:44:41        5.393290        0.025038
FIRE:  279 12:44:41        5.393111        0.023940
FIRE:  280 12:44:41        5.392900        0.022195
FIRE:  281 12:44:41        5.392663        0.020119
FIRE:  282 12:44:41        5.392399        0.019169
FIRE:  283 12:44:41        5.392088        0.018730
FIRE:  284 12:44:41        5.391712        0.018008
FIRE:  285 12:44:41        5.391281        0.017370
FIRE:  286 12:44:41        5.390825        0.040479
FIRE:  287 12:44:41        5.390384        0.081187
FIRE:  288 12:44:41        5.390179        0.190894
FIRE:  289 12:44:41        5.389721        0.014757
FIRE:  290 12:44:41        5.390040        0.165679
FIRE:  291 12:44:41        5.389888        0.125648
FIRE:  292 12:44:42        5.389718        0.054873
FIRE:  293 12:44:42        5.389679        0.029613
FIRE:  294 12:44:42        5.389677        0.027885
FIRE:  295 12:44:42        5.389674        0.024540
FIRE:  296 12:44:42        5.389669        0.019798
FIRE:  297 12:44:42        5.389664        0.014403
FIRE:  298 12:44:42        5.389659        0.014314
FIRE:  299 12:44:42        5.389655        0.014221
FIRE:  300 12:44:42        5.389650        0.014132
FIRE:  301 12:44:42        5.389645        0.014046
FIRE:  302 12:44:42        5.389638        0.013973
FIRE:  303 12:44:42        5.389629        0.013921
FIRE:  304 12:44:42        5.389617        0.013895
FIRE:  305 12:44:42        5.389601        0.013895
FIRE:  306 12:44:42        5.389583        0.013931
FIRE:  307 12:44:42        5.389563        0.013981
FIRE:  308 12:44:42        5.389538        0.013969
FIRE:  309 12:44:42        5.389506        0.013861
FIRE:  310 12:44:42        5.389468        0.013672
FIRE:  311 12:44:42        5.389423        0.013508
FIRE:  312 12:44:43        5.389367        0.013496
FIRE:  313 12:44:43        5.389300        0.013650
FIRE:  314 12:44:43        5.389221        0.013738
FIRE:  315 12:44:43        5.389125        0.013538
FIRE:  316 12:44:43        5.389014        0.013310
FIRE:  317 12:44:43        5.388882        0.013318
FIRE:  318 12:44:43        5.388728        0.012759
FIRE:  319 12:44:43        5.388552        0.012044
FIRE:  320 12:44:43        5.388354        0.018624
FIRE:  321 12:44:43        5.388168        0.053762
FIRE:  322 12:44:43        5.388167        0.147007
FIRE:  323 12:44:43        5.387899        0.009380
