      Step     Time          Energy          fmax
FIRE:    0 12:08:18      110.329253       53.449533
FIRE:    1 12:08:18       90.264476       35.706730
FIRE:    2 12:08:18       75.671136       25.354309
FIRE:    3 12:08:18       64.109302       19.569147
FIRE:    4 12:08:18       54.410116       15.878744
FIRE:    5 12:08:18       46.198853       13.007200
FIRE:    6 12:08:18       39.368091       10.553869
FIRE:    7 12:08:18       33.801850        8.439718
FIRE:    8 12:08:18       29.313353        6.879189
FIRE:    9 12:08:18       25.688605        5.865757
FIRE:   10 12:08:18       22.732566        5.081120
FIRE:   11 12:08:18       20.296104        4.498602
FIRE:   12 12:08:18       18.275285        4.402398
FIRE:   13 12:08:18       16.592929        4.556328
FIRE:   14 12:08:19       15.177914        4.570175
FIRE:   15 12:08:19       13.956663        4.462449
FIRE:   16 12:08:19       12.858694        4.200759
FIRE:   17 12:08:19       11.835275        3.718836
FIRE:   18 12:08:19       10.881801        2.912781
FIRE:   19 12:08:19       10.060701        2.542114
FIRE:   20 12:08:19        9.513205        2.265268
FIRE:   21 12:08:19        9.427081        3.314408
FIRE:   22 12:08:19        8.618998        1.317636
FIRE:   23 12:08:19        8.252272        1.958507
FIRE:   24 12:08:19        7.811594        1.702617
FIRE:   25 12:08:19        7.335700        1.615765
FIRE:   26 12:08:19        6.982116        1.361635
FIRE:   27 12:08:19        6.679773        1.911578
FIRE:   28 12:08:19        6.365662        1.184471
FIRE:   29 12:08:19        6.136567        0.764484
FIRE:   30 12:08:19        5.985933        0.687424
FIRE:   31 12:08:19        5.890184        0.715741
FIRE:   32 12:08:19        5.872669        0.647289
FIRE:   33 12:08:19        5.807877        0.571200
FIRE:   34 12:08:19        5.711673        0.444714
FIRE:   35 12:08:19        5.620368        0.318068
FIRE:   36 12:08:19        5.550641        0.344012
FIRE:   37 12:08:19        5.501896        0.386338
FIRE:   38 12:08:19        5.463097        0.385069
FIRE:   39 12:08:20        5.422213        0.417007
FIRE:   40 12:08:20        5.370471        0.532221
FIRE:   41 12:08:20        5.297157        0.552444
FIRE:   42 12:08:20        5.180345        0.426890
FIRE:   43 12:08:20        5.033149        0.402630
FIRE:   44 12:08:20        4.886125        0.455119
FIRE:   45 12:08:20        4.713595        0.476001
FIRE:   46 12:08:20        4.523858        0.450097
FIRE:   47 12:08:20        4.346738        0.357357
FIRE:   48 12:08:20        4.220854        0.423267
FIRE:   49 12:08:20        4.214361        0.585491
FIRE:   50 12:08:20        4.163543        0.427941
FIRE:   51 12:08:20        4.110613        0.366620
FIRE:   52 12:08:20        4.081211        0.290873
FIRE:   53 12:08:20        4.058589        0.310028
FIRE:   54 12:08:20        4.017663        0.350531
FIRE:   55 12:08:20        3.951427        0.300312
FIRE:   56 12:08:20        3.875648        0.238881
FIRE:   57 12:08:20        3.813981        0.257934
FIRE:   58 12:08:20        3.780728        0.300663
FIRE:   59 12:08:20        3.737366        0.299042
FIRE:   60 12:08:20        3.686162        0.284719
FIRE:   61 12:08:20        3.644294        0.259592
FIRE:   62 12:08:20        3.590841        0.214115
FIRE:   63 12:08:20        3.536284        0.149007
FIRE:   64 12:08:21        3.509187        0.170712
FIRE:   65 12:08:21        3.493097        0.169167
FIRE:   66 12:08:21        3.480610        0.147193
FIRE:   67 12:08:21        3.472538        0.105493
FIRE:   68 12:08:21        3.464719        0.091975
FIRE:   69 12:08:21        3.460357        0.078654
FIRE:   70 12:08:21        3.457501        0.083507
FIRE:   71 12:08:21        3.456572        0.073942
FIRE:   72 12:08:21        3.456035        0.069356
FIRE:   73 12:08:21        3.455096        0.067818
FIRE:   74 12:08:21        3.453972        0.065472
FIRE:   75 12:08:21        3.452882        0.062309
FIRE:   76 12:08:21        3.451968        0.058386
FIRE:   77 12:08:21        3.451264        0.053879
FIRE:   78 12:08:21        3.450714        0.054760
FIRE:   79 12:08:21        3.450172        0.054005
FIRE:   80 12:08:21        3.449513        0.051886
FIRE:   81 12:08:21        3.448575        0.049038
FIRE:   82 12:08:21        3.447274        0.046088
FIRE:   83 12:08:21        3.445721        0.043168
FIRE:   84 12:08:21        3.444096        0.039393
FIRE:   85 12:08:21        3.442354        0.033642
FIRE:   86 12:08:21        3.440395        0.032048
FIRE:   87 12:08:21        3.438287        0.032242
FIRE:   88 12:08:21        3.436130        0.029755
FIRE:   89 12:08:22        3.434094        0.032055
FIRE:   90 12:08:22        3.432245        0.028834
FIRE:   91 12:08:22        3.430168        0.028886
FIRE:   92 12:08:22        3.428665        0.043852
FIRE:   93 12:08:22        3.427263        0.076606
FIRE:   94 12:08:22        3.425928        0.033783
FIRE:   95 12:08:22        3.426192        0.064693
FIRE:   96 12:08:22        3.425865        0.050850
FIRE:   97 12:08:22        3.425460        0.036783
FIRE:   98 12:08:22        3.425252        0.035846
FIRE:   99 12:08:22        3.425259        0.035147
FIRE:  100 12:08:22        3.425230        0.035240
FIRE:  101 12:08:22        3.425178        0.035421
FIRE:  102 12:08:22        3.425110        0.035678
FIRE:  103 12:08:22        3.425035        0.035995
FIRE:  104 12:08:22        3.424962        0.036351
FIRE:  105 12:08:22        3.424896        0.036720
FIRE:  106 12:08:22        3.424835        0.037073
FIRE:  107 12:08:22        3.424767        0.037412
FIRE:  108 12:08:22        3.424682        0.037704
FIRE:  109 12:08:22        3.424563        0.037914
FIRE:  110 12:08:22        3.424398        0.038013
FIRE:  111 12:08:22        3.424187        0.037981
FIRE:  112 12:08:22        3.423938        0.037834
FIRE:  113 12:08:23        3.423658        0.037656
FIRE:  114 12:08:23        3.423319        0.037602
FIRE:  115 12:08:23        3.422878        0.037812
FIRE:  116 12:08:23        3.422323        0.038297
FIRE:  117 12:08:23        3.421668        0.038813
FIRE:  118 12:08:23        3.420853        0.038928
FIRE:  119 12:08:23        3.419818        0.038446
FIRE:  120 12:08:23        3.418555        0.037897
FIRE:  121 12:08:23        3.416939        0.038342
FIRE:  122 12:08:23        3.414903        0.039665
FIRE:  123 12:08:23        3.412264        0.040367
FIRE:  124 12:08:23        3.408853        0.041633
FIRE:  125 12:08:23        3.404391        0.044970
FIRE:  126 12:08:23        3.398569        0.053361
FIRE:  127 12:08:23        3.391240        0.092101
FIRE:  128 12:08:23        3.384888        0.258880
FIRE:  129 12:08:23        3.380227        0.052036
FIRE:  130 12:08:23        3.380092        0.052348
FIRE:  131 12:08:23        3.379856        0.054535
FIRE:  132 12:08:23        3.379553        0.056997
FIRE:  133 12:08:23        3.379176        0.058900
FIRE:  134 12:08:23        3.378688        0.059599
FIRE:  135 12:08:23        3.378072        0.058937
FIRE:  136 12:08:23        3.377352        0.057327
FIRE:  137 12:08:24        3.376460        0.055459
FIRE:  138 12:08:24        3.375335        0.054692
FIRE:  139 12:08:24        3.373875        0.056159
FIRE:  140 12:08:24        3.372034        0.059523
FIRE:  141 12:08:24        3.369730        0.061995
FIRE:  142 12:08:24        3.366774        0.060850
FIRE:  143 12:08:24        3.363063        0.058776
FIRE:  144 12:08:24        3.358314        0.062180
FIRE:  145 12:08:24        3.352302        0.066838
FIRE:  146 12:08:24        3.344618        0.064030
FIRE:  147 12:08:24        3.334824        0.069912
FIRE:  148 12:08:24        3.322431        0.069430
FIRE:  149 12:08:24        3.307646        0.125301
FIRE:  150 12:08:24        3.299842        0.441657
FIRE:  151 12:08:24        3.287884        0.069274
FIRE:  152 12:08:24        3.287738        0.069581
FIRE:  153 12:08:24        3.287458        0.070111
FIRE:  154 12:08:24        3.287050        0.070709
FIRE:  155 12:08:24        3.286514        0.071196
FIRE:  156 12:08:24        3.285840        0.071432
FIRE:  157 12:08:24        3.285029        0.071369
FIRE:  158 12:08:24        3.284088        0.071075
FIRE:  159 12:08:24        3.282901        0.070663
FIRE:  160 12:08:25        3.281405        0.070358
FIRE:  161 12:08:25        3.279530        0.070318
FIRE:  162 12:08:25        3.277208        0.070381
FIRE:  163 12:08:25        3.274341        0.070064
FIRE:  164 12:08:25        3.270826        0.069189
FIRE:  165 12:08:25        3.266555        0.068539
FIRE:  166 12:08:25        3.261411        0.068455
FIRE:  167 12:08:25        3.255288        0.066914
FIRE:  168 12:08:25        3.248119        0.064828
FIRE:  169 12:08:25        3.239915        0.062814
FIRE:  170 12:08:25        3.231004        0.069217
FIRE:  171 12:08:25        3.224419        0.251767
FIRE:  172 12:08:25        3.245614        1.000741
FIRE:  173 12:08:25        3.218016        0.343192
FIRE:  174 12:08:25        3.215264        0.255710
FIRE:  175 12:08:25        3.212408        0.092363
FIRE:  176 12:08:25        3.212378        0.112961
FIRE:  177 12:08:25        3.212284        0.104100
FIRE:  178 12:08:26        3.212120        0.087189
FIRE:  179 12:08:26        3.211928        0.063770
FIRE:  180 12:08:26        3.211751        0.044934
FIRE:  181 12:08:26        3.211623        0.046463
FIRE:  182 12:08:26        3.211545        0.047914
FIRE:  183 12:08:26        3.211492        0.049103
FIRE:  184 12:08:26        3.211419        0.055556
FIRE:  185 12:08:26        3.211281        0.060698
FIRE:  186 12:08:26        3.211050        0.054373
FIRE:  187 12:08:26        3.210734        0.049817
FIRE:  188 12:08:26        3.210386        0.048641
FIRE:  189 12:08:26        3.210051        0.047303
FIRE:  190 12:08:26        3.209667        0.048304
FIRE:  191 12:08:26        3.209107        0.046890
FIRE:  192 12:08:26        3.208379        0.048487
FIRE:  193 12:08:26        3.207603        0.050399
FIRE:  194 12:08:26        3.206646        0.050825
FIRE:  195 12:08:26        3.205374        0.049019
FIRE:  196 12:08:26        3.203953        0.046783
FIRE:  197 12:08:26        3.202096        0.047864
FIRE:  198 12:08:26        3.199915        0.051222
FIRE:  199 12:08:26        3.197095        0.050277
FIRE:  200 12:08:26        3.193718        0.049181
FIRE:  201 12:08:26        3.189447        0.056211
FIRE:  202 12:08:27        3.183987        0.064254
FIRE:  203 12:08:27        3.177158        0.094274
FIRE:  204 12:08:27        3.169814        0.237455
FIRE:  205 12:08:27        3.174748        0.569408
FIRE:  206 12:08:27        3.154432        0.070927
FIRE:  207 12:08:27        3.172697        0.706273
FIRE:  208 12:08:27        3.161410        0.449666
FIRE:  209 12:08:27        3.152866        0.082323
FIRE:  210 12:08:27        3.155215        0.242459
FIRE:  211 12:08:27        3.154776        0.227158
FIRE:  212 12:08:27        3.154000        0.197151
FIRE:  213 12:08:27        3.153063        0.153717
FIRE:  214 12:08:27        3.152183        0.098998
FIRE:  215 12:08:27        3.151551        0.073859
FIRE:  216 12:08:27        3.151264        0.070156
FIRE:  217 12:08:27        3.151240        0.082956
FIRE:  218 12:08:27        3.151220        0.081477
FIRE:  219 12:08:27        3.151182        0.078550
FIRE:  220 12:08:27        3.151125        0.074241
FIRE:  221 12:08:27        3.151053        0.068647
FIRE:  222 12:08:27        3.150969        0.068426
FIRE:  223 12:08:27        3.150874        0.068932
FIRE:  224 12:08:28        3.150773        0.069491
FIRE:  225 12:08:28        3.150656        0.070157
FIRE:  226 12:08:28        3.150522        0.070926
FIRE:  227 12:08:28        3.150372        0.071782
FIRE:  228 12:08:28        3.150204        0.072692
FIRE:  229 12:08:28        3.150010        0.073600
FIRE:  230 12:08:28        3.149776        0.074432
FIRE:  231 12:08:28        3.149484        0.075100
FIRE:  232 12:08:28        3.149108        0.075517
FIRE:  233 12:08:28        3.148625        0.075608
FIRE:  234 12:08:28        3.148020        0.075342
FIRE:  235 12:08:28        3.147290        0.074781
FIRE:  236 12:08:28        3.146423        0.074153
FIRE:  237 12:08:28        3.145377        0.073867
FIRE:  238 12:08:28        3.144067        0.074385
FIRE:  239 12:08:28        3.142417        0.075971
FIRE:  240 12:08:28        3.140398        0.078375
FIRE:  241 12:08:28        3.137930        0.080678
FIRE:  242 12:08:28        3.134820        0.081881
FIRE:  243 12:08:28        3.130925        0.082039
FIRE:  244 12:08:28        3.126071        0.083145
FIRE:  245 12:08:28        3.119867        0.087370
FIRE:  246 12:08:28        3.111993        0.093214
FIRE:  247 12:08:28        3.101773        0.097094
FIRE:  248 12:08:29        3.088453        0.102256
FIRE:  249 12:08:29        3.070709        0.113798
FIRE:  250 12:08:29        3.046634        0.122001
FIRE:  251 12:08:29        3.013067        0.136785
FIRE:  252 12:08:29        2.972424        0.155033
FIRE:  253 12:08:29        2.926371        0.174437
FIRE:  254 12:08:29        2.875183        0.193759
FIRE:  255 12:08:29        2.819585        0.210466
FIRE:  256 12:08:29        2.759297        0.228313
FIRE:  257 12:08:29        2.694329        0.244432
FIRE:  258 12:08:29        2.625138        0.256579
FIRE:  259 12:08:29        2.552168        0.266263
FIRE:  260 12:08:29        2.475962        0.274859
FIRE:  261 12:08:29        2.397067        0.283351
FIRE:  262 12:08:29        2.315941        0.290666
FIRE:  263 12:08:29        2.233266        0.295082
FIRE:  264 12:08:29        2.150076        0.294977
FIRE:  265 12:08:29        2.067847        0.288764
FIRE:  266 12:08:29        1.988624        0.275070
FIRE:  267 12:08:29        1.915033        0.253316
FIRE:  268 12:08:29        1.849700        0.225193
FIRE:  269 12:08:30        1.794694        0.186857
FIRE:  270 12:08:30        1.752980        0.133191
FIRE:  271 12:08:30        1.724512        0.193136
FIRE:  272 12:08:30        1.706231        0.249980
FIRE:  273 12:08:30        1.695221        0.269460
FIRE:  274 12:08:30        1.691328        0.234205
FIRE:  275 12:08:30        1.667079        0.077028
FIRE:  276 12:08:30        1.669235        0.123667
FIRE:  277 12:08:30        1.666348        0.101669
FIRE:  278 12:08:30        1.662957        0.063207
FIRE:  279 12:08:30        1.660696        0.032157
FIRE:  280 12:08:30        1.660589        0.026172
FIRE:  281 12:08:30        1.660475        0.025000
FIRE:  282 12:08:30        1.660281        0.022878
FIRE:  283 12:08:30        1.660055        0.021213
FIRE:  284 12:08:30        1.659829        0.020445
FIRE:  285 12:08:30        1.659623        0.019642
FIRE:  286 12:08:30        1.659457        0.018857
FIRE:  287 12:08:30        1.659343        0.018085
FIRE:  288 12:08:30        1.659262        0.017176
FIRE:  289 12:08:30        1.659182        0.015976
FIRE:  290 12:08:30        1.659071        0.014289
FIRE:  291 12:08:30        1.658912        0.013666
FIRE:  292 12:08:30        1.658732        0.012850
FIRE:  293 12:08:30        1.658596        0.009644
