      Step     Time          Energy          fmax
FIRE:    0 13:15:47      215.621201       81.208349
FIRE:    1 13:15:47      169.160564       53.231270
FIRE:    2 13:15:47      138.819122       33.618614
FIRE:    3 13:15:47      119.657697       26.043356
FIRE:    4 13:15:47      108.160676       25.863410
FIRE:    5 13:15:47      101.801882       25.687106
FIRE:    6 13:15:47       98.546582       25.468965
FIRE:    7 13:15:47       96.554840       25.146401
FIRE:    8 13:15:47       94.207758       24.661408
FIRE:    9 13:15:47       90.489683       23.985562
FIRE:   10 13:15:47       85.434023       23.140880
FIRE:   11 13:15:47       79.898154       22.198204
FIRE:   12 13:15:47       74.738286       21.226820
FIRE:   13 13:15:47       70.331618       20.260146
FIRE:   14 13:15:47       66.635590       19.313882
FIRE:   15 13:15:47       63.367207       18.392350
FIRE:   16 13:15:47       60.196759       17.493599
FIRE:   17 13:15:47       56.889210       16.615911
FIRE:   18 13:15:47       53.353516       15.761345
FIRE:   19 13:15:48       49.660153       14.937954
FIRE:   20 13:15:48       45.970751       14.150731
FIRE:   21 13:15:48       42.443683       13.398437
FIRE:   22 13:15:48       39.186411       12.675239
FIRE:   23 13:15:48       36.236146       11.973865
FIRE:   24 13:15:48       33.580918       11.286193
FIRE:   25 13:15:48       31.186971       10.602654
FIRE:   26 13:15:48       29.014730        9.923158
FIRE:   27 13:15:48       27.031292        9.254232
FIRE:   28 13:15:48       25.212955        8.584018
FIRE:   29 13:15:48       23.548198        7.913573
FIRE:   30 13:15:48       22.030037        7.249497
FIRE:   31 13:15:48       20.652663        6.595915
FIRE:   32 13:15:48       19.410472        5.963267
FIRE:   33 13:15:48       18.293650        5.362393
FIRE:   34 13:15:48       17.292302        4.789365
FIRE:   35 13:15:48       16.396517        4.243867
FIRE:   36 13:15:48       15.596560        3.727858
FIRE:   37 13:15:49       14.882699        3.244225
FIRE:   38 13:15:49       14.245362        2.795163
FIRE:   39 13:15:49       13.675691        2.382080
FIRE:   40 13:15:49       13.165475        2.005859
FIRE:   41 13:15:49       12.708188        1.666613
FIRE:   42 13:15:49       12.299442        1.363997
FIRE:   43 13:15:49       11.937145        1.145907
FIRE:   44 13:15:49       11.621270        1.039019
FIRE:   45 13:15:49       11.352579        0.908231
FIRE:   46 13:15:49       11.130432        0.759556
FIRE:   47 13:15:49       10.949475        0.603868
FIRE:   48 13:15:49       10.797941        0.703267
FIRE:   49 13:15:49       10.660622        0.802946
FIRE:   50 13:15:49       10.522610        0.858731
FIRE:   51 13:15:49       10.372590        0.862921
FIRE:   52 13:15:49       10.205838        0.861135
FIRE:   53 13:15:49       10.025478        0.877245
FIRE:   54 13:15:49        9.842206        0.815292
FIRE:   55 13:15:49        9.673157        0.664172
FIRE:   56 13:15:49        9.535667        0.620684
FIRE:   57 13:15:49        9.439853        0.610416
FIRE:   58 13:15:49        9.383225        0.588155
FIRE:   59 13:15:49        9.353284        0.655549
FIRE:   60 13:15:50        9.337570        0.641575
FIRE:   61 13:15:50        9.093845        0.841357
FIRE:   62 13:15:50        8.932353        1.104829
FIRE:   63 13:15:50        8.726649        1.021799
FIRE:   64 13:15:50        8.484905        0.597017
FIRE:   65 13:15:50        8.258312        0.982878
FIRE:   66 13:15:50        7.949842        0.641041
FIRE:   67 13:15:50        7.652998        0.791233
FIRE:   68 13:15:50        7.330312        0.870857
FIRE:   69 13:15:50        7.019412        0.954199
FIRE:   70 13:15:50        6.693297        1.043889
FIRE:   71 13:15:50        6.373378        1.069449
FIRE:   72 13:15:50        6.049538        1.035314
FIRE:   73 13:15:50        5.738418        0.994001
FIRE:   74 13:15:50        5.442122        0.954263
FIRE:   75 13:15:50        5.174350        0.882064
FIRE:   76 13:15:50        4.939347        0.783954
FIRE:   77 13:15:50        4.736282        0.694374
FIRE:   78 13:15:50        4.558558        0.609623
FIRE:   79 13:15:50        4.387317        0.650264
FIRE:   80 13:15:50        4.205582        0.758692
FIRE:   81 13:15:50        3.995570        0.837308
FIRE:   82 13:15:50        3.758963        0.882701
FIRE:   83 13:15:50        3.499377        0.891286
FIRE:   84 13:15:50        3.224689        0.868766
FIRE:   85 13:15:50        2.938755        0.826091
FIRE:   86 13:15:50        2.641717        0.769169
FIRE:   87 13:15:51        2.336982        0.700516
FIRE:   88 13:15:51        2.026828        0.621937
FIRE:   89 13:15:51        1.716316        0.575665
FIRE:   90 13:15:51        1.411149        0.614918
FIRE:   91 13:15:51        1.116160        0.644791
FIRE:   92 13:15:51        0.836938        0.658420
FIRE:   93 13:15:51        0.580911        0.646502
FIRE:   94 13:15:51        0.358516        0.602148
FIRE:   95 13:15:51        0.182737        0.525750
FIRE:   96 13:15:51        0.067981        0.410147
FIRE:   97 13:15:51        0.028029        0.252380
FIRE:   98 13:15:51       -0.016502        0.491904
FIRE:   99 13:15:51        0.037408        0.826539
FIRE:  100 13:15:51       -0.045867        0.268622
FIRE:  101 13:15:51       -0.029913        0.452580
FIRE:  102 13:15:51       -0.038762        0.376802
FIRE:  103 13:15:51       -0.050947        0.238820
FIRE:  104 13:15:51       -0.059054        0.144268
FIRE:  105 13:15:51       -0.058827        0.139243
FIRE:  106 13:15:51       -0.059036        0.139091
FIRE:  107 13:15:51       -0.059429        0.138783
FIRE:  108 13:15:51       -0.059958        0.138310
FIRE:  109 13:15:51       -0.060564        0.137656
FIRE:  110 13:15:51       -0.061183        0.136800
FIRE:  111 13:15:51       -0.061764        0.135717
FIRE:  112 13:15:51       -0.062276        0.134382
FIRE:  113 13:15:51       -0.062766        0.132600
FIRE:  114 13:15:52       -0.063263        0.130292
FIRE:  115 13:15:52       -0.063851        0.127407
FIRE:  116 13:15:52       -0.064648        0.123894
FIRE:  117 13:15:52       -0.065757        0.119679
FIRE:  118 13:15:52       -0.067198        0.117962
FIRE:  119 13:15:52       -0.068856        0.115908
FIRE:  120 13:15:52       -0.070554        0.113453
FIRE:  121 13:15:52       -0.072289        0.110452
FIRE:  122 13:15:52       -0.074326        0.106590
FIRE:  123 13:15:52       -0.076762        0.101589
FIRE:  124 13:15:52       -0.079173        0.095306
FIRE:  125 13:15:52       -0.081356        0.087279
FIRE:  126 13:15:52       -0.083659        0.076989
FIRE:  127 13:15:52       -0.085464        0.063892
FIRE:  128 13:15:52       -0.086732        0.047559
FIRE:  129 13:15:52       -0.087320        0.027892
FIRE:  130 13:15:52       -0.087374        0.027489
FIRE:  131 13:15:52       -0.087440        0.026708
FIRE:  132 13:15:52       -0.087474        0.025540
FIRE:  133 13:15:52       -0.087482        0.023988
FIRE:  134 13:15:52       -0.087488        0.023907
FIRE:  135 13:15:52       -0.087498        0.023746
FIRE:  136 13:15:52       -0.087511        0.023505
FIRE:  137 13:15:52       -0.087525        0.023184
FIRE:  138 13:15:52       -0.087538        0.022778
FIRE:  139 13:15:53       -0.087550        0.022284
FIRE:  140 13:15:53       -0.087560        0.021703
FIRE:  141 13:15:53       -0.087571        0.020972
FIRE:  142 13:15:53       -0.087585        0.020076
FIRE:  143 13:15:53       -0.087603        0.018999
FIRE:  144 13:15:53       -0.087627        0.017716
FIRE:  145 13:15:53       -0.087654        0.016192
FIRE:  146 13:15:53       -0.087680        0.014374
FIRE:  147 13:15:53       -0.087702        0.012212
FIRE:  148 13:15:53       -0.087723        0.009740
