      Step     Time          Energy          fmax
FIRE:    0 01:39:33      391.729749      203.820654
FIRE:    1 01:39:33      308.577826      128.084865
FIRE:    2 01:39:33      257.562744       80.028524
FIRE:    3 01:39:34      223.024669       79.906103
FIRE:    4 01:39:34      194.673727       78.609081
FIRE:    5 01:39:34      167.850185       72.202216
FIRE:    6 01:39:34      142.014795       62.199326
FIRE:    7 01:39:34      118.214152       50.619300
FIRE:    8 01:39:34       97.377102       39.084440
FIRE:    9 01:39:34       79.929897       28.661645
FIRE:   10 01:39:34       65.809441       19.838229
FIRE:   11 01:39:34       54.671393       15.864814
FIRE:   12 01:39:34       46.066259       12.491149
FIRE:   13 01:39:34       39.539505       10.171765
FIRE:   14 01:39:34       34.670486        8.886665
FIRE:   15 01:39:34       31.077475        7.871912
FIRE:   16 01:39:34       28.415885        7.526773
FIRE:   17 01:39:34       26.382283        7.242027
FIRE:   18 01:39:34       24.738682        6.970182
FIRE:   19 01:39:34       23.327950        6.683207
FIRE:   20 01:39:34       22.073268        6.366917
FIRE:   21 01:39:34       20.955143        6.017475
FIRE:   22 01:39:34       19.962842        5.633435
FIRE:   23 01:39:34       19.046125        5.312433
FIRE:   24 01:39:34       18.103517        5.152537
FIRE:   25 01:39:34       17.028466        4.868447
FIRE:   26 01:39:34       15.783954        4.713509
FIRE:   27 01:39:34       14.426852        4.753783
FIRE:   28 01:39:34       13.050554        5.239993
FIRE:   29 01:39:34       11.728048        5.011597
FIRE:   30 01:39:34       10.527902        4.075631
FIRE:   31 01:39:34        9.532694        2.723192
FIRE:   32 01:39:34        8.804561        1.513009
FIRE:   33 01:39:34        8.338934        1.228059
FIRE:   34 01:39:34        8.078405        1.570871
FIRE:   35 01:39:34        7.954286        1.994924
FIRE:   36 01:39:35        7.901779        2.274728
FIRE:   37 01:39:35        7.264457        0.622204
FIRE:   38 01:39:35        7.277709        0.849814
FIRE:   39 01:39:35        7.138670        0.388232
FIRE:   40 01:39:35        7.128164        0.297632
FIRE:   41 01:39:35        7.116313        0.163128
FIRE:   42 01:39:35        7.110170        0.177965
FIRE:   43 01:39:35        7.106214        0.187959
FIRE:   44 01:39:35        7.098861        0.174950
FIRE:   45 01:39:35        7.089923        0.113492
FIRE:   46 01:39:35        7.084783        0.084443
FIRE:   47 01:39:35        7.083044        0.123605
FIRE:   48 01:39:35        7.082253        0.114290
FIRE:   49 01:39:35        7.080896        0.096781
FIRE:   50 01:39:35        7.079341        0.073471
FIRE:   51 01:39:35        7.077954        0.066585
FIRE:   52 01:39:35        7.076947        0.064906
FIRE:   53 01:39:35        7.076258        0.062522
FIRE:   54 01:39:35        7.075622        0.062693
FIRE:   55 01:39:35        7.074668        0.077690
FIRE:   56 01:39:35        7.073169        0.084263
FIRE:   57 01:39:35        7.071134        0.080681
FIRE:   58 01:39:35        7.068850        0.067476
FIRE:   59 01:39:35        7.066521        0.062309
FIRE:   60 01:39:35        7.063685        0.079152
FIRE:   61 01:39:35        7.059495        0.084328
FIRE:   62 01:39:35        7.053717        0.071335
FIRE:   63 01:39:35        7.046257        0.103015
FIRE:   64 01:39:35        7.034833        0.138793
FIRE:   65 01:39:35        7.015433        0.159895
FIRE:   66 01:39:35        6.982282        0.182990
FIRE:   67 01:39:35        6.921043        0.249912
FIRE:   68 01:39:35        6.803187        0.321917
FIRE:   69 01:39:35        6.627652        0.380037
FIRE:   70 01:39:35        6.436800        0.378566
FIRE:   71 01:39:35        6.273870        0.330314
FIRE:   72 01:39:36        6.184174        0.427185
FIRE:   73 01:39:36        6.149862        0.485092
FIRE:   74 01:39:36        6.087500        0.328479
FIRE:   75 01:39:36        6.027788        0.328106
FIRE:   76 01:39:36        5.953175        0.386229
FIRE:   77 01:39:36        5.839969        0.402410
FIRE:   78 01:39:36        5.684384        0.389068
FIRE:   79 01:39:36        5.480382        0.420667
FIRE:   80 01:39:36        5.252999        0.416626
FIRE:   81 01:39:36        5.034513        0.334439
FIRE:   82 01:39:36        4.858059        0.240617
FIRE:   83 01:39:36        4.742248        0.275958
FIRE:   84 01:39:36        4.678059        0.358018
FIRE:   85 01:39:36        4.650688        0.274487
FIRE:   86 01:39:36        4.639364        0.200424
FIRE:   87 01:39:36        4.627625        0.080027
FIRE:   88 01:39:36        4.623902        0.102559
FIRE:   89 01:39:36        4.623415        0.094686
FIRE:   90 01:39:36        4.622579        0.079715
FIRE:   91 01:39:36        4.621621        0.059334
FIRE:   92 01:39:36        4.620780        0.050111
FIRE:   93 01:39:36        4.620209        0.046268
FIRE:   94 01:39:36        4.619899        0.042333
FIRE:   95 01:39:36        4.619700        0.041405
FIRE:   96 01:39:36        4.619417        0.048537
FIRE:   97 01:39:36        4.618939        0.047083
FIRE:   98 01:39:36        4.618287        0.036818
FIRE:   99 01:39:36        4.617649        0.032497
FIRE:  100 01:39:36        4.617227        0.034056
FIRE:  101 01:39:36        4.616967        0.036545
FIRE:  102 01:39:36        4.616594        0.039359
FIRE:  103 01:39:36        4.615981        0.041922
FIRE:  104 01:39:36        4.615300        0.043685
FIRE:  105 01:39:36        4.614584        0.044312
FIRE:  106 01:39:36        4.613378        0.043883
FIRE:  107 01:39:36        4.611449        0.042950
FIRE:  108 01:39:37        4.609307        0.042782
FIRE:  109 01:39:37        4.606331        0.044857
FIRE:  110 01:39:37        4.602275        0.051776
FIRE:  111 01:39:37        4.596608        0.067836
FIRE:  112 01:39:37        4.589115        0.084415
FIRE:  113 01:39:37        4.579270        0.110369
FIRE:  114 01:39:37        4.597857        0.442037
FIRE:  115 01:39:37        4.569965        0.215518
FIRE:  116 01:39:37        4.563806        0.139256
FIRE:  117 01:39:37        4.559305        0.099320
FIRE:  118 01:39:37        4.561211        0.114079
FIRE:  119 01:39:37        4.560652        0.103258
FIRE:  120 01:39:37        4.559718        0.094589
FIRE:  121 01:39:37        4.558707        0.096346
FIRE:  122 01:39:37        4.557915        0.098269
FIRE:  123 01:39:37        4.557503        0.100075
FIRE:  124 01:39:37        4.557385        0.101469
FIRE:  125 01:39:37        4.557355        0.101426
FIRE:  126 01:39:37        4.557298        0.101340
FIRE:  127 01:39:37        4.557214        0.101213
FIRE:  128 01:39:37        4.557109        0.101047
FIRE:  129 01:39:37        4.556986        0.100847
FIRE:  130 01:39:37        4.556849        0.100616
FIRE:  131 01:39:37        4.556703        0.100363
FIRE:  132 01:39:37        4.556533        0.100066
FIRE:  133 01:39:37        4.556339        0.099731
FIRE:  134 01:39:37        4.556116        0.099374
FIRE:  135 01:39:37        4.555855        0.099024
FIRE:  136 01:39:37        4.555539        0.098721
FIRE:  137 01:39:37        4.555141        0.098516
FIRE:  138 01:39:37        4.554631        0.098461
FIRE:  139 01:39:37        4.553979        0.098599
FIRE:  140 01:39:37        4.553169        0.098941
FIRE:  141 01:39:37        4.552192        0.099442
FIRE:  142 01:39:38        4.551028        0.099982
FIRE:  143 01:39:38        4.549607        0.100384
FIRE:  144 01:39:38        4.547823        0.100499
FIRE:  145 01:39:38        4.545602        0.100299
FIRE:  146 01:39:38        4.542902        0.100038
FIRE:  147 01:39:38        4.539578        0.100314
FIRE:  148 01:39:38        4.535400        0.101657
FIRE:  149 01:39:38        4.530244        0.103868
FIRE:  150 01:39:38        4.523806        0.105992
FIRE:  151 01:39:38        4.515747        0.107819
FIRE:  152 01:39:38        4.505673        0.111197
FIRE:  153 01:39:38        4.493065        0.116521
FIRE:  154 01:39:38        4.477283        0.119500
FIRE:  155 01:39:38        4.457773        0.120914
FIRE:  156 01:39:38        4.434580        0.113985
FIRE:  157 01:39:38        4.410027        0.091484
FIRE:  158 01:39:38        4.393393        0.139645
FIRE:  159 01:39:38        4.397246        0.344698
FIRE:  160 01:39:38        4.377270        0.104661
FIRE:  161 01:39:38        4.376013        0.070999
FIRE:  162 01:39:38        4.374913        0.042746
FIRE:  163 01:39:38        4.375079        0.046892
FIRE:  164 01:39:38        4.375005        0.043234
FIRE:  165 01:39:38        4.374876        0.039667
FIRE:  166 01:39:38        4.374726        0.040287
FIRE:  167 01:39:38        4.374589        0.041010
FIRE:  168 01:39:39        4.374489        0.041751
FIRE:  169 01:39:39        4.374428        0.042402
FIRE:  170 01:39:39        4.374381        0.042873
FIRE:  171 01:39:39        4.374311        0.043143
FIRE:  172 01:39:39        4.374184        0.043145
FIRE:  173 01:39:39        4.373985        0.042819
FIRE:  174 01:39:39        4.373733        0.042134
FIRE:  175 01:39:39        4.373479        0.041145
FIRE:  176 01:39:39        4.373242        0.040121
FIRE:  177 01:39:39        4.372949        0.039453
FIRE:  178 01:39:39        4.372533        0.039364
FIRE:  179 01:39:39        4.372058        0.039688
FIRE:  180 01:39:39        4.371591        0.039526
FIRE:  181 01:39:39        4.370990        0.037946
FIRE:  182 01:39:39        4.370311        0.034725
FIRE:  183 01:39:39        4.369620        0.031351
FIRE:  184 01:39:39        4.368819        0.028805
FIRE:  185 01:39:39        4.368061        0.024201
FIRE:  186 01:39:39        4.367361        0.016384
FIRE:  187 01:39:39        4.366735        0.011177
FIRE:  188 01:39:39        4.366328        0.008072
