      Step     Time          Energy          fmax
FIRE:    0 14:05:36      105.840476       29.501929
FIRE:    1 14:05:36       96.354933       27.086995
FIRE:    2 14:05:36       89.003955       25.160984
FIRE:    3 14:05:36       82.971272       23.535224
FIRE:    4 14:05:36       77.614384       22.062117
FIRE:    5 14:05:36       72.500590       20.647213
FIRE:    6 14:05:36       67.451987       19.255395
FIRE:    7 14:05:36       62.496108       17.893608
FIRE:    8 14:05:36       57.741530       16.583445
FIRE:    9 14:05:36       53.293969       15.343673
FIRE:   10 14:05:36       49.203981       14.185481
FIRE:   11 14:05:36       45.469867       13.104493
FIRE:   12 14:05:36       42.061535       12.091343
FIRE:   13 14:05:36       38.941186       11.137869
FIRE:   14 14:05:36       36.075623       10.236415
FIRE:   15 14:05:36       33.440227        9.381230
FIRE:   16 14:05:36       31.018003        8.568709
FIRE:   17 14:05:36       28.797101        7.797255
FIRE:   18 14:05:36       26.768212        7.067354
FIRE:   19 14:05:36       24.922652        6.379113
FIRE:   20 14:05:36       23.251799        5.729963
FIRE:   21 14:05:36       21.746854        5.118117
FIRE:   22 14:05:36       20.398431        4.543073
FIRE:   23 14:05:36       19.196540        4.004237
FIRE:   24 14:05:37       18.130796        3.500666
FIRE:   25 14:05:37       17.190585        3.048890
FIRE:   26 14:05:37       16.365032        2.649607
FIRE:   27 14:05:37       15.642692        2.277568
FIRE:   28 14:05:37       15.011282        1.934741
FIRE:   29 14:05:37       14.457923        1.620323
FIRE:   30 14:05:37       13.969182        1.334393
FIRE:   31 14:05:37       13.530726        1.326166
FIRE:   32 14:05:37       13.128198        1.327938
FIRE:   33 14:05:37       12.749111        1.309421
FIRE:   34 14:05:37       12.385742        1.266981
FIRE:   35 14:05:37       12.038003        1.196790
FIRE:   36 14:05:37       11.716280        1.096525
FIRE:   37 14:05:37       11.445145        0.968438
FIRE:   38 14:05:37       11.253276        0.823830
FIRE:   39 14:05:37       11.142171        0.866203
FIRE:   40 14:05:37       11.071268        1.242720
FIRE:   41 14:05:37       10.976052        1.445189
FIRE:   42 14:05:37       10.814023        1.368519
FIRE:   43 14:05:37       10.605629        1.036987
FIRE:   44 14:05:37       10.417474        0.588405
FIRE:   45 14:05:37       10.307269        0.666445
FIRE:   46 14:05:37       10.281607        0.726862
FIRE:   47 14:05:37       10.226691        0.637689
FIRE:   48 14:05:37       10.131481        0.593482
FIRE:   49 14:05:37       10.124041        0.578365
FIRE:   50 14:05:37       10.110548        0.550726
FIRE:   51 14:05:37       10.092663        0.515897
FIRE:   52 14:05:38       10.071044        0.481203
FIRE:   53 14:05:38       10.045400        0.453378
FIRE:   54 14:05:38       10.015945        0.435381
FIRE:   55 14:05:38        9.984207        0.424981
FIRE:   56 14:05:38        9.948639        0.414662
FIRE:   57 14:05:38        9.909944        0.392867
FIRE:   58 14:05:38        9.868240        0.348853
FIRE:   59 14:05:38        9.825625        0.282742
FIRE:   60 14:05:38        9.784744        0.216609
FIRE:   61 14:05:38        9.744695        0.180368
FIRE:   62 14:05:38        9.707585        0.169225
FIRE:   63 14:05:38        9.672128        0.152806
FIRE:   64 14:05:38        9.636289        0.140016
FIRE:   65 14:05:38        9.598822        0.147264
FIRE:   66 14:05:38        9.561239        0.160216
FIRE:   67 14:05:38        9.519927        0.159222
FIRE:   68 14:05:38        9.468458        0.172654
FIRE:   69 14:05:38        9.393096        0.218940
FIRE:   70 14:05:38        9.278467        0.285216
FIRE:   71 14:05:38        9.121485        0.363222
FIRE:   72 14:05:38        8.967620        0.442295
FIRE:   73 14:05:38        8.933580        0.500383
FIRE:   74 14:05:38        8.874098        0.357321
FIRE:   75 14:05:38        8.865315        0.369448
FIRE:   76 14:05:38        8.851011        0.388194
FIRE:   77 14:05:38        8.834389        0.404171
FIRE:   78 14:05:38        8.814867        0.407979
FIRE:   79 14:05:38        8.789086        0.395615
FIRE:   80 14:05:39        8.756533        0.370595
FIRE:   81 14:05:39        8.720170        0.343531
FIRE:   82 14:05:39        8.675904        0.326511
FIRE:   83 14:05:39        8.617302        0.330995
FIRE:   84 14:05:39        8.538037        0.355287
FIRE:   85 14:05:39        8.445728        0.378411
FIRE:   86 14:05:39        8.346782        0.381147
FIRE:   87 14:05:39        8.244773        0.371312
FIRE:   88 14:05:39        8.144150        0.357086
FIRE:   89 14:05:39        8.049774        0.330148
FIRE:   90 14:05:39        7.976339        0.274339
FIRE:   91 14:05:39        7.933296        0.172421
FIRE:   92 14:05:39        7.930090        0.128006
FIRE:   93 14:05:39        7.923598        0.134602
FIRE:   94 14:05:39        7.914214        0.132197
FIRE:   95 14:05:39        7.904729        0.107040
FIRE:   96 14:05:39        7.898394        0.082205
FIRE:   97 14:05:39        7.894540        0.093255
FIRE:   98 14:05:39        7.891690        0.099830
FIRE:   99 14:05:39        7.888202        0.102058
FIRE:  100 14:05:39        7.882965        0.100775
FIRE:  101 14:05:39        7.876508        0.091702
FIRE:  102 14:05:39        7.870738        0.065803
FIRE:  103 14:05:39        7.868249        0.047764
FIRE:  104 14:05:39        7.867740        0.032187
FIRE:  105 14:05:39        7.867550        0.023874
FIRE:  106 14:05:39        7.867509        0.021395
FIRE:  107 14:05:40        7.867441        0.019884
FIRE:  108 14:05:40        7.867365        0.019644
FIRE:  109 14:05:40        7.867296        0.021010
FIRE:  110 14:05:40        7.867233        0.021662
FIRE:  111 14:05:40        7.867166        0.021243
FIRE:  112 14:05:40        7.867084        0.019648
FIRE:  113 14:05:40        7.866981        0.016627
FIRE:  114 14:05:40        7.866875        0.013619
FIRE:  115 14:05:40        7.866788        0.016967
FIRE:  116 14:05:40        7.866710        0.020405
FIRE:  117 14:05:40        7.866612        0.023668
FIRE:  118 14:05:40        7.866502        0.026406
FIRE:  119 14:05:40        7.866391        0.028108
FIRE:  120 14:05:40        7.866224        0.028430
FIRE:  121 14:05:40        7.865998        0.026955
FIRE:  122 14:05:40        7.865739        0.023383
FIRE:  123 14:05:40        7.865423        0.018220
FIRE:  124 14:05:40        7.865116        0.012765
FIRE:  125 14:05:40        7.864796        0.010431
FIRE:  126 14:05:40        7.864416        0.014408
FIRE:  127 14:05:40        7.863965        0.010920
FIRE:  128 14:05:40        7.863495        0.011522
FIRE:  129 14:05:40        7.863148        0.019636
FIRE:  130 14:05:40        7.863378        0.055939
FIRE:  131 14:05:40        7.862603        0.015270
FIRE:  132 14:05:40        7.862595        0.015037
FIRE:  133 14:05:41        7.862584        0.014568
FIRE:  134 14:05:41        7.862573        0.013854
FIRE:  135 14:05:41        7.862561        0.012912
FIRE:  136 14:05:41        7.862546        0.011793
FIRE:  137 14:05:41        7.862529        0.010561
FIRE:  138 14:05:41        7.862513        0.009285
