      Step     Time          Energy          fmax
FIRE:    0 14:06:12      385.716149      151.472595
FIRE:    1 14:06:12      314.930492      114.119044
FIRE:    2 14:06:12      260.770627       79.111211
FIRE:    3 14:06:13      221.672062       49.485698
FIRE:    4 14:06:13      196.362822       45.684886
FIRE:    5 14:06:13      182.903139       43.343536
FIRE:    6 14:06:13      177.020820       55.363811
FIRE:    7 14:06:13      172.278420       72.162333
FIRE:    8 14:06:13      162.993842       68.757505
FIRE:    9 14:06:13      149.976529       47.886147
FIRE:   10 14:06:13      138.492017       34.703443
FIRE:   11 14:06:13      131.365962       33.329376
FIRE:   12 14:06:13      126.944285       32.263243
FIRE:   13 14:06:13      121.834965       31.036709
FIRE:   14 14:06:13      114.083826       31.057324
FIRE:   15 14:06:13      104.347716       27.384227
FIRE:   16 14:06:13       94.743886       25.389014
FIRE:   17 14:06:13       86.975258       23.663354
FIRE:   18 14:06:13       81.127745       22.231915
FIRE:   19 14:06:13       75.793718       20.894178
FIRE:   20 14:06:13       69.892873       19.495302
FIRE:   21 14:06:13       63.806136       18.094370
FIRE:   22 14:06:13       58.528794       16.841835
FIRE:   23 14:06:13       54.310327       15.763892
FIRE:   24 14:06:13       50.548296       14.742184
FIRE:   25 14:06:13       46.739391       13.681345
FIRE:   26 14:06:13       42.906976       12.586941
FIRE:   27 14:06:13       39.370566       11.524473
FIRE:   28 14:06:13       36.318842       10.537246
FIRE:   29 14:06:13       33.610013        9.604032
FIRE:   30 14:06:14       31.032407        8.688369
FIRE:   31 14:06:14       28.587809        7.796889
FIRE:   32 14:06:14       26.424738        6.967449
FIRE:   33 14:06:14       24.598496        6.212411
FIRE:   34 14:06:14       23.013892        5.503788
FIRE:   35 14:06:14       21.576667        4.816065
FIRE:   36 14:06:14       20.278299        4.151138
FIRE:   37 14:06:14       19.158162        3.529583
FIRE:   38 14:06:14       18.229340        2.962503
FIRE:   39 14:06:14       17.448234        2.441688
FIRE:   40 14:06:14       16.770177        1.958951
FIRE:   41 14:06:14       16.191441        1.517793
FIRE:   42 14:06:14       15.730724        1.128377
FIRE:   43 14:06:14       15.389942        0.793097
FIRE:   44 14:06:14       15.148119        0.697091
FIRE:   45 14:06:14       14.993616        0.562634
FIRE:   46 14:06:14       14.928032        0.552859
FIRE:   47 14:06:14       14.942108        0.801453
FIRE:   48 14:06:14       14.933569        0.945204
FIRE:   49 14:06:14       14.752632        0.365112
FIRE:   50 14:06:14       14.736957        0.375920
FIRE:   51 14:06:14       14.711406        0.392157
FIRE:   52 14:06:14       14.677125        0.406359
FIRE:   53 14:06:14       14.628351        0.416764
FIRE:   54 14:06:14       14.559726        0.464991
FIRE:   55 14:06:14       14.467463        0.536084
FIRE:   56 14:06:14       14.341087        0.643415
FIRE:   57 14:06:14       14.130129        0.827501
FIRE:   58 14:06:14       13.737257        1.141357
FIRE:   59 14:06:15       13.193571        1.434638
FIRE:   60 14:06:15       12.583605        1.380303
FIRE:   61 14:06:15       12.146054        0.537419
FIRE:   62 14:06:15       12.371559        2.373801
FIRE:   63 14:06:15       12.149806        1.227729
FIRE:   64 14:06:15       12.027106        0.531163
FIRE:   65 14:06:15       12.056064        0.735777
FIRE:   66 14:06:15       12.047252        0.702085
FIRE:   67 14:06:15       12.030892        0.633557
FIRE:   68 14:06:15       12.009414        0.560701
FIRE:   69 14:06:15       11.986145        0.551936
FIRE:   70 14:06:15       11.964735        0.541224
FIRE:   71 14:06:15       11.948092        0.529198
FIRE:   72 14:06:15       11.936802        0.517182
FIRE:   73 14:06:15       11.927412        0.505881
FIRE:   74 14:06:15       11.914733        0.497479
FIRE:   75 14:06:15       11.892787        0.503009
FIRE:   76 14:06:15       11.859985        0.498304
FIRE:   77 14:06:15       11.822731        0.509589
FIRE:   78 14:06:15       11.790833        0.524473
FIRE:   79 14:06:15       11.763734        0.533421
FIRE:   80 14:06:15       11.729864        0.528271
FIRE:   81 14:06:15       11.685355        0.503690
FIRE:   82 14:06:15       11.642634        0.462157
FIRE:   83 14:06:15       11.599079        0.432782
FIRE:   84 14:06:15       11.530435        0.442323
FIRE:   85 14:06:15       11.452998        0.473906
FIRE:   86 14:06:15       11.361188        0.468957
FIRE:   87 14:06:16       11.263270        0.426283
FIRE:   88 14:06:16       11.180651        0.400699
FIRE:   89 14:06:16       11.092457        0.422767
FIRE:   90 14:06:16       11.011620        0.451451
FIRE:   91 14:06:16       10.923695        0.450258
FIRE:   92 14:06:16       10.834729        0.432370
FIRE:   93 14:06:16       10.743510        0.438222
FIRE:   94 14:06:16       10.648019        0.471788
FIRE:   95 14:06:16       10.551665        0.505103
FIRE:   96 14:06:16       10.448395        0.526838
FIRE:   97 14:06:16       10.340713        0.543248
FIRE:   98 14:06:16       10.226315        0.573715
FIRE:   99 14:06:16       10.104568        0.617541
FIRE:  100 14:06:16        9.976076        0.662670
FIRE:  101 14:06:16        9.839048        0.703640
FIRE:  102 14:06:16        9.693331        0.741554
FIRE:  103 14:06:16        9.538602        0.780959
FIRE:  104 14:06:16        9.374324        0.823825
FIRE:  105 14:06:16        9.201084        0.868690
FIRE:  106 14:06:16        9.019696        0.913342
FIRE:  107 14:06:16        8.830521        0.955744
FIRE:  108 14:06:16        8.633908        0.994390
FIRE:  109 14:06:16        8.430431        1.028696
FIRE:  110 14:06:16        8.220669        1.058868
FIRE:  111 14:06:16        8.005014        1.085088
FIRE:  112 14:06:16        7.783759        1.106757
FIRE:  113 14:06:16        7.557090        1.124793
FIRE:  114 14:06:16        7.324484        1.144057
FIRE:  115 14:06:17        7.085065        1.159631
FIRE:  116 14:06:17        6.840636        1.159161
FIRE:  117 14:06:17        6.593214        1.153939
FIRE:  118 14:06:17        6.343854        1.144948
FIRE:  119 14:06:17        6.094724        1.128397
FIRE:  120 14:06:17        5.849367        1.100997
FIRE:  121 14:06:17        5.612798        1.058652
FIRE:  122 14:06:17        5.391477        0.997545
FIRE:  123 14:06:17        5.192129        0.916794
FIRE:  124 14:06:17        5.019615        0.818097
FIRE:  125 14:06:17        4.874762        0.702981
FIRE:  126 14:06:17        4.754370        0.568640
FIRE:  127 14:06:17        4.653310        0.493055
FIRE:  128 14:06:17        4.566254        0.584214
FIRE:  129 14:06:17        4.490958        0.589205
FIRE:  130 14:06:17        4.430428        0.480686
FIRE:  131 14:06:17        4.393856        0.276353
FIRE:  132 14:06:17        4.395119        0.271476
FIRE:  133 14:06:17        4.382564        0.289850
FIRE:  134 14:06:17        4.359289        0.148058
FIRE:  135 14:06:17        4.364494        0.225820
FIRE:  136 14:06:17        4.359766        0.172695
FIRE:  137 14:06:17        4.354214        0.093904
FIRE:  138 14:06:17        4.352026        0.088372
FIRE:  139 14:06:17        4.351966        0.087916
FIRE:  140 14:06:17        4.351852        0.087009
FIRE:  141 14:06:18        4.351694        0.085654
FIRE:  142 14:06:18        4.351507        0.083857
FIRE:  143 14:06:18        4.351304        0.081622
FIRE:  144 14:06:18        4.351092        0.078952
FIRE:  145 14:06:18        4.350878        0.075861
FIRE:  146 14:06:18        4.350638        0.071984
FIRE:  147 14:06:18        4.350364        0.067203
FIRE:  148 14:06:18        4.350051        0.061408
FIRE:  149 14:06:18        4.349704        0.054498
FIRE:  150 14:06:18        4.349349        0.046383
FIRE:  151 14:06:18        4.349031        0.037012
FIRE:  152 14:06:18        4.348783        0.026537
FIRE:  153 14:06:18        4.348592        0.019210
FIRE:  154 14:06:18        4.348445        0.022901
FIRE:  155 14:06:18        4.348365        0.024328
FIRE:  156 14:06:18        4.348324        0.023133
FIRE:  157 14:06:18        4.348309        0.022787
FIRE:  158 14:06:18        4.348281        0.022094
FIRE:  159 14:06:18        4.348246        0.021049
FIRE:  160 14:06:18        4.348208        0.019647
FIRE:  161 14:06:18        4.348170        0.017886
FIRE:  162 14:06:18        4.348134        0.015786
FIRE:  163 14:06:18        4.348099        0.013398
FIRE:  164 14:06:18        4.348061        0.010498
FIRE:  165 14:06:18        4.348026        0.007079
