      Step     Time          Energy          fmax
FIRE:    0 00:07:18      149.236529       84.653019
FIRE:    1 00:07:18      115.632412       51.977951
FIRE:    2 00:07:18       92.808900       40.259792
FIRE:    3 00:07:18       76.215203       30.373499
FIRE:    4 00:07:18       63.462942       22.418669
FIRE:    5 00:07:18       53.289501       16.393518
FIRE:    6 00:07:18       44.996243       13.913616
FIRE:    7 00:07:18       38.153516       12.793860
FIRE:    8 00:07:18       32.441609       12.937811
FIRE:    9 00:07:18       27.627315       12.445280
FIRE:   10 00:07:18       23.556240       11.038121
FIRE:   11 00:07:18       20.142508        8.917551
FIRE:   12 00:07:18       17.325249        6.845459
FIRE:   13 00:07:18       15.016037        6.317902
FIRE:   14 00:07:18       13.077458        5.701857
FIRE:   15 00:07:19       11.374059        5.522305
FIRE:   16 00:07:19        9.847693        4.845078
FIRE:   17 00:07:19        8.544014        3.603307
FIRE:   18 00:07:19        7.571267        2.647475
FIRE:   19 00:07:19        7.026216        1.791085
FIRE:   20 00:07:19        6.897681        3.142851
FIRE:   21 00:07:19        6.282594        1.364813
FIRE:   22 00:07:19        5.808626        1.330010
FIRE:   23 00:07:19        5.403854        0.953313
FIRE:   24 00:07:19        5.094072        0.902258
FIRE:   25 00:07:19        4.864054        0.810736
FIRE:   26 00:07:19        4.682261        0.716069
FIRE:   27 00:07:19        4.530478        0.759926
FIRE:   28 00:07:19        4.387780        0.713001
FIRE:   29 00:07:19        4.241712        0.679149
FIRE:   30 00:07:19        4.098301        0.647424
FIRE:   31 00:07:19        3.955608        0.601633
FIRE:   32 00:07:19        3.789817        0.594565
FIRE:   33 00:07:19        3.592603        0.524979
FIRE:   34 00:07:19        3.394258        0.463170
FIRE:   35 00:07:19        3.220673        0.587270
FIRE:   36 00:07:19        3.052707        0.692138
FIRE:   37 00:07:19        2.859590        0.654999
FIRE:   38 00:07:19        2.661046        0.531515
FIRE:   39 00:07:19        2.522761        0.476170
FIRE:   40 00:07:19        2.477089        0.602889
FIRE:   41 00:07:19        2.391261        0.338472
FIRE:   42 00:07:19        2.380005        0.249122
FIRE:   43 00:07:19        2.364594        0.194539
FIRE:   44 00:07:20        2.350087        0.229411
FIRE:   45 00:07:20        2.334133        0.238730
FIRE:   46 00:07:20        2.314058        0.177763
FIRE:   47 00:07:20        2.292712        0.163394
FIRE:   48 00:07:20        2.273526        0.177391
FIRE:   49 00:07:20        2.253116        0.188327
FIRE:   50 00:07:20        2.227957        0.189266
FIRE:   51 00:07:20        2.198420        0.176559
FIRE:   52 00:07:20        2.166350        0.154915
FIRE:   53 00:07:20        2.133307        0.134202
FIRE:   54 00:07:20        2.107490        0.111681
FIRE:   55 00:07:20        2.095247        0.112991
FIRE:   56 00:07:20        2.093255        0.110520
FIRE:   57 00:07:20        2.090111        0.106335
FIRE:   58 00:07:20        2.086604        0.101344
FIRE:   59 00:07:20        2.082732        0.102594
FIRE:   60 00:07:20        2.078052        0.113677
FIRE:   61 00:07:20        2.072516        0.125304
FIRE:   62 00:07:20        2.066572        0.136816
FIRE:   63 00:07:20        2.059759        0.148477
FIRE:   64 00:07:20        2.051250        0.158708
FIRE:   65 00:07:20        2.040039        0.165054
FIRE:   66 00:07:20        2.026228        0.165143
FIRE:   67 00:07:20        2.009606        0.159052
FIRE:   68 00:07:20        1.989573        0.149847
FIRE:   69 00:07:20        1.967151        0.139016
FIRE:   70 00:07:20        1.941291        0.122593
FIRE:   71 00:07:20        1.911486        0.116496
FIRE:   72 00:07:20        1.880922        0.111512
FIRE:   73 00:07:21        1.855572        0.089407
FIRE:   74 00:07:21        1.838976        0.072357
FIRE:   75 00:07:21        1.830922        0.063296
FIRE:   76 00:07:21        1.828855        0.074599
FIRE:   77 00:07:21        1.826524        0.058307
FIRE:   78 00:07:21        1.823446        0.062434
FIRE:   79 00:07:21        1.819547        0.063253
FIRE:   80 00:07:21        1.816054        0.064696
FIRE:   81 00:07:21        1.812927        0.066087
FIRE:   82 00:07:21        1.809927        0.067037
FIRE:   83 00:07:21        1.806894        0.064673
FIRE:   84 00:07:21        1.802929        0.056471
FIRE:   85 00:07:21        1.798385        0.054016
FIRE:   86 00:07:21        1.793599        0.058037
FIRE:   87 00:07:21        1.789219        0.082224
FIRE:   88 00:07:21        1.787109        0.175100
FIRE:   89 00:07:21        1.783264        0.047874
FIRE:   90 00:07:21        1.785013        0.150268
FIRE:   91 00:07:21        1.783866        0.114656
FIRE:   92 00:07:21        1.782517        0.052066
FIRE:   93 00:07:21        1.782000        0.047364
FIRE:   94 00:07:21        1.781975        0.047335
FIRE:   95 00:07:21        1.781929        0.047279
FIRE:   96 00:07:21        1.781862        0.047200
FIRE:   97 00:07:21        1.781777        0.047100
FIRE:   98 00:07:21        1.781678        0.046985
FIRE:   99 00:07:22        1.781566        0.046861
FIRE:  100 00:07:22        1.781441        0.046732
FIRE:  101 00:07:22        1.781287        0.046588
FIRE:  102 00:07:22        1.781095        0.046432
FIRE:  103 00:07:22        1.780853        0.046265
FIRE:  104 00:07:22        1.780553        0.046087
FIRE:  105 00:07:22        1.780187        0.045893
FIRE:  106 00:07:22        1.779750        0.045671
FIRE:  107 00:07:22        1.779234        0.045393
FIRE:  108 00:07:22        1.778620        0.045019
FIRE:  109 00:07:22        1.777885        0.044510
FIRE:  110 00:07:22        1.777020        0.043852
FIRE:  111 00:07:22        1.776012        0.043050
FIRE:  112 00:07:22        1.774822        0.042098
FIRE:  113 00:07:22        1.773423        0.040922
FIRE:  114 00:07:22        1.771789        0.039367
FIRE:  115 00:07:22        1.769871        0.037326
FIRE:  116 00:07:22        1.767651        0.034867
FIRE:  117 00:07:22        1.765092        0.033812
FIRE:  118 00:07:22        1.762152        0.034665
FIRE:  119 00:07:22        1.758747        0.036158
FIRE:  120 00:07:22        1.754733        0.037578
FIRE:  121 00:07:22        1.749952        0.037615
FIRE:  122 00:07:22        1.744612        0.068546
FIRE:  123 00:07:22        1.743896        0.261071
FIRE:  124 00:07:22        1.737053        0.050764
FIRE:  125 00:07:22        1.736856        0.041721
FIRE:  126 00:07:22        1.736601        0.040687
FIRE:  127 00:07:23        1.736397        0.039589
FIRE:  128 00:07:23        1.736184        0.039062
FIRE:  129 00:07:23        1.735835        0.040825
FIRE:  130 00:07:23        1.735339        0.039601
FIRE:  131 00:07:23        1.734800        0.040661
FIRE:  132 00:07:23        1.734215        0.041712
FIRE:  133 00:07:23        1.733454        0.042128
FIRE:  134 00:07:23        1.732393        0.041625
FIRE:  135 00:07:23        1.731135        0.040692
FIRE:  136 00:07:23        1.729550        0.040866
FIRE:  137 00:07:23        1.727456        0.042649
FIRE:  138 00:07:23        1.724893        0.043695
FIRE:  139 00:07:23        1.721528        0.043296
FIRE:  140 00:07:23        1.717290        0.045406
FIRE:  141 00:07:23        1.711930        0.047847
FIRE:  142 00:07:23        1.705151        0.051009
FIRE:  143 00:07:23        1.697060        0.076493
FIRE:  144 00:07:23        1.690307        0.205603
FIRE:  145 00:07:23        1.685165        0.055697
FIRE:  146 00:07:23        1.688040        0.171455
FIRE:  147 00:07:23        1.686255        0.129683
FIRE:  148 00:07:23        1.684254        0.056463
FIRE:  149 00:07:23        1.683694        0.056078
FIRE:  150 00:07:23        1.683650        0.056010
FIRE:  151 00:07:23        1.683567        0.055882
FIRE:  152 00:07:23        1.683452        0.055705
FIRE:  153 00:07:23        1.683316        0.055495
FIRE:  154 00:07:23        1.683164        0.055273
FIRE:  155 00:07:23        1.683001        0.055060
FIRE:  156 00:07:24        1.682824        0.054875
FIRE:  157 00:07:24        1.682606        0.054719
FIRE:  158 00:07:24        1.682326        0.054615
FIRE:  159 00:07:24        1.681963        0.054581
FIRE:  160 00:07:24        1.681495        0.054632
FIRE:  161 00:07:24        1.680913        0.054763
FIRE:  162 00:07:24        1.680212        0.054937
FIRE:  163 00:07:24        1.679365        0.055056
FIRE:  164 00:07:24        1.678311        0.054993
FIRE:  165 00:07:24        1.676992        0.054678
FIRE:  166 00:07:24        1.675388        0.054196
FIRE:  167 00:07:24        1.673446        0.053778
FIRE:  168 00:07:24        1.671044        0.053582
FIRE:  169 00:07:24        1.668136        0.053443
FIRE:  170 00:07:24        1.664619        0.052749
FIRE:  171 00:07:24        1.660388        0.051263
FIRE:  172 00:07:24        1.655365        0.049735
FIRE:  173 00:07:24        1.649520        0.047972
FIRE:  174 00:07:24        1.642876        0.044608
FIRE:  175 00:07:24        1.635637        0.043029
FIRE:  176 00:07:24        1.628558        0.076544
FIRE:  177 00:07:24        1.624579        0.199066
FIRE:  178 00:07:24        1.620832        0.043288
FIRE:  179 00:07:24        1.623072        0.167650
FIRE:  180 00:07:24        1.621963        0.131135
FIRE:  181 00:07:24        1.620656        0.065468
FIRE:  182 00:07:24        1.620198        0.043098
FIRE:  183 00:07:24        1.620185        0.043104
FIRE:  184 00:07:25        1.620159        0.043114
FIRE:  185 00:07:25        1.620123        0.043128
FIRE:  186 00:07:25        1.620078        0.043140
FIRE:  187 00:07:25        1.620025        0.043147
FIRE:  188 00:07:25        1.619967        0.043143
FIRE:  189 00:07:25        1.619902        0.043125
FIRE:  190 00:07:25        1.619822        0.043081
FIRE:  191 00:07:25        1.619721        0.043001
FIRE:  192 00:07:25        1.619594        0.042873
FIRE:  193 00:07:25        1.619433        0.042682
FIRE:  194 00:07:25        1.619234        0.042418
FIRE:  195 00:07:25        1.618992        0.042077
FIRE:  196 00:07:25        1.618704        0.041667
FIRE:  197 00:07:25        1.618354        0.041208
FIRE:  198 00:07:25        1.617927        0.040716
FIRE:  199 00:07:25        1.617411        0.040176
FIRE:  200 00:07:25        1.616798        0.039516
FIRE:  201 00:07:25        1.616062        0.038635
FIRE:  202 00:07:25        1.615179        0.037498
FIRE:  203 00:07:25        1.614134        0.036219
FIRE:  204 00:07:25        1.612889        0.034949
FIRE:  205 00:07:25        1.611429        0.033517
FIRE:  206 00:07:25        1.609719        0.031680
FIRE:  207 00:07:25        1.607739        0.029902
FIRE:  208 00:07:25        1.605467        0.028106
FIRE:  209 00:07:25        1.602897        0.026115
FIRE:  210 00:07:25        1.600219        0.049624
FIRE:  211 00:07:25        1.598654        0.133464
FIRE:  212 00:07:25        1.596806        0.024795
FIRE:  213 00:07:26        1.598015        0.116736
FIRE:  214 00:07:26        1.597427        0.090013
FIRE:  215 00:07:26        1.596754        0.042530
FIRE:  216 00:07:26        1.596557        0.024861
FIRE:  217 00:07:26        1.596550        0.024869
FIRE:  218 00:07:26        1.596536        0.024885
FIRE:  219 00:07:26        1.596517        0.024907
FIRE:  220 00:07:26        1.596495        0.024933
FIRE:  221 00:07:26        1.596470        0.024962
FIRE:  222 00:07:26        1.596443        0.024991
FIRE:  223 00:07:26        1.596415        0.025018
FIRE:  224 00:07:26        1.596380        0.025041
FIRE:  225 00:07:26        1.596336        0.025057
FIRE:  226 00:07:26        1.596279        0.025062
FIRE:  227 00:07:26        1.596206        0.025053
FIRE:  228 00:07:26        1.596114        0.025029
FIRE:  229 00:07:26        1.596003        0.024993
FIRE:  230 00:07:26        1.595870        0.024957
FIRE:  231 00:07:26        1.595707        0.024939
FIRE:  232 00:07:26        1.595502        0.024954
FIRE:  233 00:07:26        1.595253        0.025002
FIRE:  234 00:07:26        1.594954        0.025058
FIRE:  235 00:07:26        1.594587        0.025079
FIRE:  236 00:07:26        1.594138        0.025058
FIRE:  237 00:07:26        1.593599        0.025058
FIRE:  238 00:07:26        1.592940        0.025153
FIRE:  239 00:07:26        1.592149        0.025256
FIRE:  240 00:07:26        1.591191        0.025227
FIRE:  241 00:07:27        1.590039        0.025222
FIRE:  242 00:07:27        1.588666        0.025151
FIRE:  243 00:07:27        1.587059        0.024613
FIRE:  244 00:07:27        1.585325        0.040831
FIRE:  245 00:07:27        1.584167        0.107469
FIRE:  246 00:07:27        1.583080        0.023021
FIRE:  247 00:07:27        1.583765        0.094275
FIRE:  248 00:07:27        1.583420        0.072345
FIRE:  249 00:07:27        1.583024        0.033414
FIRE:  250 00:07:27        1.582904        0.022610
FIRE:  251 00:07:27        1.582899        0.022610
FIRE:  252 00:07:27        1.582890        0.022609
FIRE:  253 00:07:27        1.582877        0.022607
FIRE:  254 00:07:27        1.582862        0.022603
FIRE:  255 00:07:27        1.582845        0.022594
FIRE:  256 00:07:27        1.582826        0.022579
FIRE:  257 00:07:27        1.582806        0.022557
FIRE:  258 00:07:27        1.582781        0.022522
FIRE:  259 00:07:27        1.582749        0.022470
FIRE:  260 00:07:27        1.582709        0.022395
FIRE:  261 00:07:27        1.582657        0.022293
FIRE:  262 00:07:27        1.582592        0.022161
FIRE:  263 00:07:27        1.582513        0.021996
FIRE:  264 00:07:27        1.582418        0.021804
FIRE:  265 00:07:27        1.582302        0.021592
FIRE:  266 00:07:27        1.582157        0.021369
FIRE:  267 00:07:27        1.581980        0.021131
FIRE:  268 00:07:27        1.581768        0.020859
FIRE:  269 00:07:27        1.581509        0.020524
FIRE:  270 00:07:28        1.581194        0.020125
FIRE:  271 00:07:28        1.580817        0.019706
FIRE:  272 00:07:28        1.580361        0.019321
FIRE:  273 00:07:28        1.579818        0.018922
FIRE:  274 00:07:28        1.579171        0.018432
FIRE:  275 00:07:28        1.578406        0.017969
FIRE:  276 00:07:28        1.577513        0.017459
FIRE:  277 00:07:28        1.576488        0.016655
FIRE:  278 00:07:28        1.575414        0.031879
FIRE:  279 00:07:28        1.574792        0.088329
FIRE:  280 00:07:28        1.574072        0.014433
FIRE:  281 00:07:28        1.574555        0.078163
FIRE:  282 00:07:28        1.574321        0.059823
FIRE:  283 00:07:28        1.574056        0.027336
FIRE:  284 00:07:28        1.573983        0.014141
FIRE:  285 00:07:28        1.573980        0.014141
FIRE:  286 00:07:28        1.573975        0.014141
FIRE:  287 00:07:28        1.573968        0.014141
FIRE:  288 00:07:28        1.573959        0.014139
FIRE:  289 00:07:28        1.573950        0.014135
FIRE:  290 00:07:28        1.573940        0.014127
FIRE:  291 00:07:28        1.573929        0.014113
FIRE:  292 00:07:28        1.573917        0.014090
FIRE:  293 00:07:28        1.573901        0.014056
FIRE:  294 00:07:28        1.573881        0.014006
FIRE:  295 00:07:28        1.573854        0.013938
FIRE:  296 00:07:28        1.573820        0.013849
FIRE:  297 00:07:28        1.573780        0.013739
FIRE:  298 00:07:28        1.573733        0.013610
FIRE:  299 00:07:29        1.573674        0.013469
FIRE:  300 00:07:29        1.573601        0.013322
FIRE:  301 00:07:29        1.573512        0.013167
FIRE:  302 00:07:29        1.573406        0.012989
FIRE:  303 00:07:29        1.573277        0.012822
FIRE:  304 00:07:29        1.573122        0.012678
FIRE:  305 00:07:29        1.572937        0.012486
FIRE:  306 00:07:29        1.572716        0.012197
FIRE:  307 00:07:29        1.572456        0.011859
FIRE:  308 00:07:29        1.572152        0.011520
FIRE:  309 00:07:29        1.571800        0.011021
FIRE:  310 00:07:29        1.571399        0.010398
FIRE:  311 00:07:29        1.570958        0.009705
