      Step     Time          Energy          fmax
FIRE:    0 11:20:05      100.003647       30.585595
FIRE:    1 11:20:05       84.892300       25.341051
FIRE:    2 11:20:05       73.136447       20.371531
FIRE:    3 11:20:06       63.890706       16.195817
FIRE:    4 11:20:06       56.517835       14.599749
FIRE:    5 11:20:06       50.507347       13.237364
FIRE:    6 11:20:06       45.467337       12.047127
FIRE:    7 11:20:06       41.154258       10.975951
FIRE:    8 11:20:06       37.440812       10.001210
FIRE:    9 11:20:06       34.229271        9.127533
FIRE:   10 11:20:06       31.326716        8.367415
FIRE:   11 11:20:06       28.509058        7.713888
FIRE:   12 11:20:06       25.672419        7.147502
FIRE:   13 11:20:06       22.858671        6.617494
FIRE:   14 11:20:06       20.157421        6.054771
FIRE:   15 11:20:06       17.642383        5.407163
FIRE:   16 11:20:06       15.385113        4.679276
FIRE:   17 11:20:06       13.457661        3.921658
FIRE:   18 11:20:06       11.887134        3.196410
FIRE:   19 11:20:06       10.618831        2.821130
FIRE:   20 11:20:07        9.542057        3.048297
FIRE:   21 11:20:07        8.558477        3.240403
FIRE:   22 11:20:07        7.633396        3.107413
FIRE:   23 11:20:07        6.793111        2.727735
FIRE:   24 11:20:07        6.074786        2.222944
FIRE:   25 11:20:07        5.490211        1.709842
FIRE:   26 11:20:07        5.023722        1.298523
FIRE:   27 11:20:07        4.655663        1.224746
FIRE:   28 11:20:07        4.379380        1.021566
FIRE:   29 11:20:07        4.197495        0.886951
FIRE:   30 11:20:07        4.119977        0.934564
FIRE:   31 11:20:07        3.801197        0.799413
FIRE:   32 11:20:07        3.571572        0.654201
FIRE:   33 11:20:07        3.368276        0.501918
FIRE:   34 11:20:07        3.203790        0.335349
FIRE:   35 11:20:07        3.098703        0.298014
FIRE:   36 11:20:07        3.058707        0.163393
FIRE:   37 11:20:07        3.051859        0.119018
FIRE:   38 11:20:07        3.045359        0.092191
FIRE:   39 11:20:07        3.040912        0.068609
FIRE:   40 11:20:07        3.038734        0.084794
FIRE:   41 11:20:07        3.038003        0.080126
FIRE:   42 11:20:07        3.036724        0.071507
FIRE:   43 11:20:07        3.035166        0.060286
FIRE:   44 11:20:07        3.033560        0.048273
FIRE:   45 11:20:08        3.032011        0.048547
FIRE:   46 11:20:08        3.030502        0.051449
FIRE:   47 11:20:08        3.028951        0.053618
FIRE:   48 11:20:08        3.027052        0.055565
FIRE:   49 11:20:08        3.024551        0.057994
FIRE:   50 11:20:08        3.021183        0.061826
FIRE:   51 11:20:08        3.016903        0.067698
FIRE:   52 11:20:08        3.011887        0.075174
FIRE:   53 11:20:08        3.006037        0.082651
FIRE:   54 11:20:08        2.998879        0.090000
FIRE:   55 11:20:08        2.989618        0.100126
FIRE:   56 11:20:08        2.977557        0.114036
FIRE:   57 11:20:08        2.961707        0.125381
FIRE:   58 11:20:08        2.940052        0.135732
FIRE:   59 11:20:08        2.909825        0.155360
FIRE:   60 11:20:08        2.867439        0.155823
FIRE:   61 11:20:08        2.819860        0.185859
FIRE:   62 11:20:08        2.766750        0.202064
FIRE:   63 11:20:08        2.705983        0.250904
FIRE:   64 11:20:08        2.635327        0.255676
FIRE:   65 11:20:08        2.555080        0.299687
FIRE:   66 11:20:08        2.468283        0.323173
FIRE:   67 11:20:08        2.376788        0.327340
FIRE:   68 11:20:08        2.281015        0.338107
FIRE:   69 11:20:08        2.184744        0.327654
FIRE:   70 11:20:09        2.091693        0.300897
FIRE:   71 11:20:09        2.003648        0.269648
FIRE:   72 11:20:09        1.924918        0.214919
FIRE:   73 11:20:09        1.859718        0.137433
FIRE:   74 11:20:09        1.810317        0.125996
FIRE:   75 11:20:09        1.779154        0.123116
FIRE:   76 11:20:09        1.765658        0.157037
FIRE:   77 11:20:09        1.747892        0.322265
FIRE:   78 11:20:09        1.743867        0.337671
FIRE:   79 11:20:09        1.732713        0.172758
FIRE:   80 11:20:09        1.727885        0.101717
FIRE:   81 11:20:09        1.727389        0.096716
FIRE:   82 11:20:09        1.726501        0.095478
FIRE:   83 11:20:09        1.725372        0.093740
FIRE:   84 11:20:09        1.724119        0.091650
FIRE:   85 11:20:09        1.722754        0.089394
FIRE:   86 11:20:09        1.721189        0.087164
FIRE:   87 11:20:09        1.719314        0.085330
FIRE:   88 11:20:09        1.716831        0.083082
FIRE:   89 11:20:10        1.713695        0.081096
FIRE:   90 11:20:10        1.709977        0.078959
FIRE:   91 11:20:10        1.705667        0.080076
FIRE:   92 11:20:10        1.700466        0.081042
FIRE:   93 11:20:10        1.694103        0.081677
FIRE:   94 11:20:10        1.686787        0.082461
FIRE:   95 11:20:10        1.678506        0.084376
FIRE:   96 11:20:10        1.668856        0.088006
FIRE:   97 11:20:10        1.658332        0.093042
FIRE:   98 11:20:10        1.646754        0.097608
FIRE:   99 11:20:10        1.634855        0.101715
FIRE:  100 11:20:10        1.622929        0.105782
FIRE:  101 11:20:10        1.612359        0.103424
FIRE:  102 11:20:11        1.604751        0.089396
FIRE:  103 11:20:11        1.602846        0.113553
FIRE:  104 11:20:11        1.601331        0.062561
FIRE:  105 11:20:11        1.600913        0.058480
FIRE:  106 11:20:11        1.600764        0.058150
FIRE:  107 11:20:11        1.600524        0.057505
FIRE:  108 11:20:11        1.600266        0.056560
FIRE:  109 11:20:11        1.600040        0.055307
FIRE:  110 11:20:11        1.599825        0.053743
FIRE:  111 11:20:11        1.599567        0.051892
FIRE:  112 11:20:11        1.599226        0.049792
FIRE:  113 11:20:11        1.598769        0.047235
FIRE:  114 11:20:11        1.598252        0.044215
FIRE:  115 11:20:11        1.597740        0.040774
FIRE:  116 11:20:11        1.597186        0.037046
FIRE:  117 11:20:11        1.596493        0.033184
FIRE:  118 11:20:11        1.595753        0.029363
FIRE:  119 11:20:11        1.595077        0.026631
FIRE:  120 11:20:11        1.594322        0.025720
FIRE:  121 11:20:11        1.593662        0.022431
FIRE:  122 11:20:11        1.593049        0.019214
FIRE:  123 11:20:12        1.592603        0.023561
FIRE:  124 11:20:12        1.592205        0.013145
FIRE:  125 11:20:12        1.592112        0.031839
FIRE:  126 11:20:12        1.592015        0.017739
FIRE:  127 11:20:12        1.591954        0.012216
FIRE:  128 11:20:12        1.591960        0.021610
FIRE:  129 11:20:12        1.591945        0.019204
FIRE:  130 11:20:12        1.591921        0.015011
FIRE:  131 11:20:12        1.591894        0.012091
FIRE:  132 11:20:12        1.591873        0.011950
FIRE:  133 11:20:12        1.591860        0.011805
FIRE:  134 11:20:12        1.591849        0.012278
FIRE:  135 11:20:12        1.591834        0.013910
FIRE:  136 11:20:12        1.591807        0.013748
FIRE:  137 11:20:12        1.591769        0.011457
FIRE:  138 11:20:12        1.591723        0.011328
FIRE:  139 11:20:12        1.591681        0.011248
FIRE:  140 11:20:13        1.591639        0.011097
FIRE:  141 11:20:13        1.591582        0.010826
FIRE:  142 11:20:13        1.591510        0.010416
FIRE:  143 11:20:13        1.591444        0.009907
