      Step     Time          Energy          fmax
FIRE:    0 14:44:43      394.801708      160.653693
FIRE:    1 14:44:43      327.864323      123.278333
FIRE:    2 14:44:43      273.346513       95.970134
FIRE:    3 14:44:44      228.826654       75.360191
FIRE:    4 14:44:44      192.140465       59.324802
FIRE:    5 14:44:44      161.295305       49.896253
FIRE:    6 14:44:44      134.801334       50.134094
FIRE:    7 14:44:44      111.923935       44.141634
FIRE:    8 14:44:44       92.460835       34.444824
FIRE:    9 14:44:44       76.360127       25.309131
FIRE:   10 14:44:44       63.392800       20.620311
FIRE:   11 14:44:44       53.107588       16.252048
FIRE:   12 14:44:44       44.934628       17.368452
FIRE:   13 14:44:44       38.319755       17.991086
FIRE:   14 14:44:44       32.820893       17.638857
FIRE:   15 14:44:44       28.170564       16.167025
FIRE:   16 14:44:44       24.286291       13.712952
FIRE:   17 14:44:44       21.213918       10.638035
FIRE:   18 14:44:44       19.023840        7.367034
FIRE:   19 14:44:44       17.685150        4.509744
FIRE:   20 14:44:44       16.984825        5.774737
FIRE:   21 14:44:44       16.621350        6.788985
FIRE:   22 14:44:44       16.377483        7.063592
FIRE:   23 14:44:44       16.165155        6.459919
FIRE:   24 14:44:44       15.904790        7.044817
FIRE:   25 14:44:44       15.442814        7.696099
FIRE:   26 14:44:44       14.688418        6.758900
FIRE:   27 14:44:44       13.753632        5.211161
FIRE:   28 14:44:44       12.826853        4.081953
FIRE:   29 14:44:44       12.008218        3.107899
FIRE:   30 14:44:45       11.319083        2.484127
FIRE:   31 14:44:45       10.752426        2.485808
FIRE:   32 14:44:45       10.296383        2.217915
FIRE:   33 14:44:45        9.945713        1.750832
FIRE:   34 14:44:45        9.703054        1.579749
FIRE:   35 14:44:45        9.553519        2.260316
FIRE:   36 14:44:45        9.455717        2.654279
FIRE:   37 14:44:45        9.366012        2.624777
FIRE:   38 14:44:45        9.278311        2.152709
FIRE:   39 14:44:45        9.231715        1.368640
FIRE:   40 14:44:45        8.827360        0.692588
FIRE:   41 14:44:45        8.619634        0.748743
FIRE:   42 14:44:45        8.404466        0.631656
FIRE:   43 14:44:45        8.201694        0.507020
FIRE:   44 14:44:45        8.051012        0.556932
FIRE:   45 14:44:45        8.023842        0.514262
FIRE:   46 14:44:45        7.966924        0.285067
FIRE:   47 14:44:45        7.941787        0.252048
FIRE:   48 14:44:45        7.936058        0.191266
FIRE:   49 14:44:45        7.928156        0.169637
FIRE:   50 14:44:45        7.921490        0.146705
FIRE:   51 14:44:45        7.915608        0.170465
FIRE:   52 14:44:45        7.907442        0.185591
FIRE:   53 14:44:45        7.895641        0.164818
FIRE:   54 14:44:45        7.881680        0.153835
FIRE:   55 14:44:45        7.865738        0.170989
FIRE:   56 14:44:45        7.846578        0.185737
FIRE:   57 14:44:45        7.821195        0.190892
FIRE:   58 14:44:45        7.789230        0.183256
FIRE:   59 14:44:46        7.748365        0.172072
FIRE:   60 14:44:46        7.692613        0.198199
FIRE:   61 14:44:46        7.614606        0.225340
FIRE:   62 14:44:46        7.518243        0.246624
FIRE:   63 14:44:46        7.414816        0.240979
FIRE:   64 14:44:46        7.316310        0.247047
FIRE:   65 14:44:46        7.227739        0.293107
FIRE:   66 14:44:46        7.135392        0.318181
FIRE:   67 14:44:46        7.016989        0.384636
FIRE:   68 14:44:46        6.873323        0.446073
FIRE:   69 14:44:46        6.716163        0.491429
FIRE:   70 14:44:46        6.546876        0.521934
FIRE:   71 14:44:46        6.360925        0.534871
FIRE:   72 14:44:46        6.155141        0.527732
FIRE:   73 14:44:46        5.928930        0.542185
FIRE:   74 14:44:46        5.683091        0.587041
FIRE:   75 14:44:46        5.422931        0.612079
FIRE:   76 14:44:46        5.158645        0.609313
FIRE:   77 14:44:46        4.908897        0.590590
FIRE:   78 14:44:46        4.698337        0.541257
FIRE:   79 14:44:46        4.555446        0.454663
FIRE:   80 14:44:46        4.500106        0.531959
FIRE:   81 14:44:46        4.471843        0.827947
FIRE:   82 14:44:46        4.436288        1.075837
FIRE:   83 14:44:46        4.399990        0.449951
FIRE:   84 14:44:46        4.387741        0.359140
FIRE:   85 14:44:46        4.385559        0.332656
FIRE:   86 14:44:46        4.381852        0.334715
FIRE:   87 14:44:47        4.377586        0.336933
FIRE:   88 14:44:47        4.373486        0.338451
FIRE:   89 14:44:47        4.369575        0.338454
FIRE:   90 14:44:47        4.365235        0.336485
FIRE:   91 14:44:47        4.359812        0.332477
FIRE:   92 14:44:47        4.352394        0.325824
FIRE:   93 14:44:47        4.343256        0.316223
FIRE:   94 14:44:47        4.333243        0.303834
FIRE:   95 14:44:47        4.322281        0.289949
FIRE:   96 14:44:47        4.308700        0.276325
FIRE:   97 14:44:47        4.291971        0.262996
FIRE:   98 14:44:47        4.274161        0.246617
FIRE:   99 14:44:47        4.254510        0.222599
FIRE:  100 14:44:47        4.231692        0.190546
FIRE:  101 14:44:47        4.207761        0.155948
FIRE:  102 14:44:47        4.179493        0.149058
FIRE:  103 14:44:47        4.150768        0.170825
FIRE:  104 14:44:47        4.122653        0.147485
FIRE:  105 14:44:47        4.101085        0.135227
FIRE:  106 14:44:47        4.089127        0.147468
FIRE:  107 14:44:47        4.089490        0.124257
FIRE:  108 14:44:47        4.088288        0.108580
FIRE:  109 14:44:47        4.086254        0.084457
FIRE:  110 14:44:47        4.083839        0.057400
FIRE:  111 14:44:47        4.081325        0.061291
FIRE:  112 14:44:47        4.078745        0.077180
FIRE:  113 14:44:47        4.075988        0.080855
FIRE:  114 14:44:47        4.073056        0.071645
FIRE:  115 14:44:48        4.069781        0.059598
FIRE:  116 14:44:48        4.066247        0.067849
FIRE:  117 14:44:48        4.062380        0.073869
FIRE:  118 14:44:48        4.058161        0.074727
FIRE:  119 14:44:48        4.054046        0.069231
FIRE:  120 14:44:48        4.050444        0.063964
FIRE:  121 14:44:48        4.047184        0.067650
FIRE:  122 14:44:48        4.044193        0.087235
FIRE:  123 14:44:48        4.042681        0.192248
FIRE:  124 14:44:48        4.040355        0.054594
FIRE:  125 14:44:48        4.040990        0.186217
FIRE:  126 14:44:48        4.040348        0.146633
FIRE:  127 14:44:48        4.039556        0.078420
FIRE:  128 14:44:48        4.039161        0.052890
FIRE:  129 14:44:48        4.039187        0.083702
FIRE:  130 14:44:48        4.039131        0.079069
FIRE:  131 14:44:48        4.039029        0.070200
FIRE:  132 14:44:48        4.038897        0.057983
FIRE:  133 14:44:48        4.038753        0.051841
FIRE:  134 14:44:48        4.038614        0.051923
FIRE:  135 14:44:48        4.038492        0.051967
FIRE:  136 14:44:48        4.038384        0.051948
FIRE:  137 14:44:48        4.038270        0.051838
FIRE:  138 14:44:48        4.038127        0.055871
FIRE:  139 14:44:48        4.037929        0.059104
FIRE:  140 14:44:48        4.037656        0.054409
FIRE:  141 14:44:49        4.037313        0.049860
FIRE:  142 14:44:49        4.036931        0.048839
FIRE:  143 14:44:49        4.036537        0.047605
FIRE:  144 14:44:49        4.036099        0.046252
FIRE:  145 14:44:49        4.035556        0.044852
FIRE:  146 14:44:49        4.034932        0.043346
FIRE:  147 14:44:49        4.034317        0.041448
FIRE:  148 14:44:49        4.033649        0.038859
FIRE:  149 14:44:49        4.032916        0.035496
FIRE:  150 14:44:49        4.032245        0.031623
FIRE:  151 14:44:49        4.031517        0.027806
FIRE:  152 14:44:49        4.030880        0.030382
FIRE:  153 14:44:49        4.030177        0.022188
FIRE:  154 14:44:49        4.029506        0.024980
FIRE:  155 14:44:49        4.028820        0.037734
FIRE:  156 14:44:49        4.028054        0.043527
FIRE:  157 14:44:49        4.027324        0.049915
FIRE:  158 14:44:49        4.027014        0.096619
FIRE:  159 14:44:49        4.026475        0.019784
FIRE:  160 14:44:49        4.026813        0.082316
FIRE:  161 14:44:49        4.026651        0.063411
FIRE:  162 14:44:49        4.026462        0.029992
FIRE:  163 14:44:49        4.026401        0.018256
FIRE:  164 14:44:49        4.026399        0.018240
FIRE:  165 14:44:50        4.026396        0.018207
FIRE:  166 14:44:50        4.026392        0.018158
FIRE:  167 14:44:50        4.026386        0.018091
FIRE:  168 14:44:50        4.026380        0.018005
FIRE:  169 14:44:50        4.026374        0.017900
FIRE:  170 14:44:50        4.026367        0.017774
FIRE:  171 14:44:50        4.026358        0.017610
FIRE:  172 14:44:50        4.026348        0.017400
FIRE:  173 14:44:50        4.026334        0.017132
FIRE:  174 14:44:50        4.026318        0.016795
FIRE:  175 14:44:50        4.026298        0.016378
FIRE:  176 14:44:50        4.026274        0.015866
FIRE:  177 14:44:50        4.026247        0.015248
FIRE:  178 14:44:50        4.026217        0.014516
FIRE:  179 14:44:50        4.026181        0.013663
FIRE:  180 14:44:50        4.026142        0.012670
FIRE:  181 14:44:50        4.026102        0.011503
FIRE:  182 14:44:50        4.026059        0.010138
FIRE:  183 14:44:50        4.026017        0.008572
