      Step     Time          Energy          fmax
FIRE:    0 13:08:57      289.303345      101.937434
FIRE:    1 13:08:57      240.115989       85.648017
FIRE:    2 13:08:57      200.704330       70.889897
FIRE:    3 13:08:57      170.003855       57.678332
FIRE:    4 13:08:57      146.646788       46.052436
FIRE:    5 13:08:57      128.755019       36.066163
FIRE:    6 13:08:57      114.073090       28.368204
FIRE:    7 13:08:58      100.696080       29.741086
FIRE:    8 13:08:58       87.726436       28.190927
FIRE:    9 13:08:58       75.430535       24.583950
FIRE:   10 13:08:58       64.497751       20.404660
FIRE:   11 13:08:58       55.302161       16.734613
FIRE:   12 13:08:58       47.683534       13.885776
FIRE:   13 13:08:58       41.164892       14.200065
FIRE:   14 13:08:58       35.303264       14.799868
FIRE:   15 13:08:58       29.903408       13.837531
FIRE:   16 13:08:58       25.021310       11.178034
FIRE:   17 13:08:59       20.830369        8.556029
FIRE:   18 13:08:59       17.451904        8.803523
FIRE:   19 13:08:59       14.844614        9.507601
FIRE:   20 13:08:59       12.825803        9.201556
FIRE:   21 13:08:59       11.209740        7.678606
FIRE:   22 13:08:59        9.921452        5.260080
FIRE:   23 13:08:59        8.980383        3.795838
FIRE:   24 13:08:59        8.405304        3.638664
FIRE:   25 13:08:59        8.140768        3.613984
FIRE:   26 13:08:59        8.051148        3.667376
FIRE:   27 13:08:59        6.594958        3.047014
FIRE:   28 13:08:59        5.974736        2.766558
FIRE:   29 13:08:59        5.843779        2.626819
FIRE:   30 13:08:59        5.413620        2.221229
FIRE:   31 13:08:59        5.150925        1.839463
FIRE:   32 13:09:00        4.946622        1.539151
FIRE:   33 13:09:00        4.556232        1.188862
FIRE:   34 13:09:00        4.200251        0.879920
FIRE:   35 13:09:00        3.990607        0.749791
FIRE:   36 13:09:00        3.835763        0.864285
FIRE:   37 13:09:00        3.622001        0.933344
FIRE:   38 13:09:00        3.363804        0.963244
FIRE:   39 13:09:00        3.118836        0.957813
FIRE:   40 13:09:00        2.885257        0.931041
FIRE:   41 13:09:00        2.636402        0.894322
FIRE:   42 13:09:00        2.375899        0.843139
FIRE:   43 13:09:00        2.136346        0.765739
FIRE:   44 13:09:00        1.939545        0.657170
FIRE:   45 13:09:00        1.772649        0.530700
FIRE:   46 13:09:00        1.615472        0.407153
FIRE:   47 13:09:01        1.480437        0.415930
FIRE:   48 13:09:01        1.388896        0.490205
FIRE:   49 13:09:01        1.313363        0.547089
FIRE:   50 13:09:01        1.233365        0.578142
FIRE:   51 13:09:01        1.175155        0.581073
FIRE:   52 13:09:01        1.124576        0.541535
FIRE:   53 13:09:01        1.066212        0.459652
FIRE:   54 13:09:01        1.026015        0.345924
FIRE:   55 13:09:01        0.976681        0.207960
FIRE:   56 13:09:01        0.944794        0.143709
FIRE:   57 13:09:01        0.932511        0.146621
FIRE:   58 13:09:02        0.929134        0.205973
FIRE:   59 13:09:02        0.959032        0.519447
FIRE:   60 13:09:02        0.915306        0.236518
FIRE:   61 13:09:02        0.909931        0.156606
FIRE:   62 13:09:02        0.905808        0.071736
FIRE:   63 13:09:02        0.907180        0.118510
FIRE:   64 13:09:02        0.906762        0.108705
FIRE:   65 13:09:02        0.906058        0.089971
FIRE:   66 13:09:02        0.905290        0.064026
FIRE:   67 13:09:02        0.904684        0.060215
FIRE:   68 13:09:03        0.904384        0.058002
FIRE:   69 13:09:03        0.904351        0.055050
FIRE:   70 13:09:03        0.904334        0.054968
FIRE:   71 13:09:03        0.904300        0.054804
FIRE:   72 13:09:03        0.904252        0.054557
FIRE:   73 13:09:03        0.904192        0.054227
FIRE:   74 13:09:03        0.904122        0.053810
FIRE:   75 13:09:03        0.904046        0.053306
FIRE:   76 13:09:03        0.903967        0.052712
FIRE:   77 13:09:03        0.903878        0.051947
FIRE:   78 13:09:03        0.903782        0.050972
FIRE:   79 13:09:04        0.903677        0.049743
FIRE:   80 13:09:04        0.903563        0.048218
FIRE:   81 13:09:04        0.903432        0.046363
FIRE:   82 13:09:04        0.903276        0.044151
FIRE:   83 13:09:04        0.903081        0.041560
FIRE:   84 13:09:04        0.902843        0.038563
FIRE:   85 13:09:04        0.902565        0.035127
FIRE:   86 13:09:04        0.902265        0.031218
FIRE:   87 13:09:04        0.901958        0.033665
FIRE:   88 13:09:04        0.901632        0.037952
FIRE:   89 13:09:04        0.901253        0.042261
FIRE:   90 13:09:04        0.900824        0.046291
FIRE:   91 13:09:04        0.900375        0.049604
FIRE:   92 13:09:05        0.899861        0.051722
FIRE:   93 13:09:05        0.899224        0.052177
FIRE:   94 13:09:05        0.898502        0.050365
FIRE:   95 13:09:05        0.897644        0.046083
FIRE:   96 13:09:05        0.896675        0.039462
FIRE:   97 13:09:05        0.895608        0.031326
FIRE:   98 13:09:05        0.894460        0.024107
FIRE:   99 13:09:05        0.893115        0.027514
FIRE:  100 13:09:05        0.891524        0.026058
FIRE:  101 13:09:05        0.889672        0.022989
FIRE:  102 13:09:05        0.887772        0.032075
FIRE:  103 13:09:05        0.887100        0.101959
FIRE:  104 13:09:05        0.885450        0.035819
FIRE:  105 13:09:05        0.885433        0.035521
FIRE:  106 13:09:06        0.885402        0.034933
FIRE:  107 13:09:06        0.885362        0.034072
FIRE:  108 13:09:06        0.885312        0.032968
FIRE:  109 13:09:06        0.885251        0.031665
FIRE:  110 13:09:06        0.885178        0.030217
FIRE:  111 13:09:06        0.885097        0.028678
FIRE:  112 13:09:06        0.885001        0.026939
FIRE:  113 13:09:06        0.884884        0.025068
FIRE:  114 13:09:06        0.884740        0.023180
FIRE:  115 13:09:06        0.884564        0.021451
FIRE:  116 13:09:06        0.884348        0.020113
FIRE:  117 13:09:06        0.884077        0.019419
FIRE:  118 13:09:07        0.883743        0.019621
FIRE:  119 13:09:07        0.883328        0.020834
FIRE:  120 13:09:07        0.882826        0.022970
FIRE:  121 13:09:07        0.882221        0.025518
FIRE:  122 13:09:07        0.881491        0.027570
FIRE:  123 13:09:07        0.880602        0.028070
FIRE:  124 13:09:07        0.879547        0.026519
FIRE:  125 13:09:07        0.878642        0.053806
FIRE:  126 13:09:07        0.881188        0.176518
FIRE:  127 13:09:07        0.876888        0.037610
FIRE:  128 13:09:07        0.876771        0.026128
FIRE:  129 13:09:07        0.876656        0.021921
FIRE:  130 13:09:07        0.876640        0.022227
FIRE:  131 13:09:07        0.876633        0.022245
FIRE:  132 13:09:08        0.876621        0.022282
FIRE:  133 13:09:08        0.876605        0.022337
FIRE:  134 13:09:08        0.876588        0.022412
FIRE:  135 13:09:08        0.876571        0.022507
FIRE:  136 13:09:08        0.876554        0.022623
FIRE:  137 13:09:08        0.876536        0.022756
FIRE:  138 13:09:08        0.876514        0.022920
FIRE:  139 13:09:08        0.876484        0.023116
FIRE:  140 13:09:08        0.876442        0.023348
FIRE:  141 13:09:08        0.876390        0.023619
FIRE:  142 13:09:08        0.876328        0.023931
FIRE:  143 13:09:08        0.876256        0.024285
FIRE:  144 13:09:08        0.876167        0.024672
FIRE:  145 13:09:08        0.876052        0.025076
FIRE:  146 13:09:08        0.875911        0.025479
FIRE:  147 13:09:08        0.875744        0.025854
FIRE:  148 13:09:08        0.875534        0.026164
FIRE:  149 13:09:08        0.875275        0.026368
FIRE:  150 13:09:08        0.874960        0.026427
FIRE:  151 13:09:08        0.874568        0.026328
FIRE:  152 13:09:09        0.874089        0.026100
FIRE:  153 13:09:09        0.873497        0.025840
FIRE:  154 13:09:09        0.872763        0.025719
FIRE:  155 13:09:09        0.871851        0.025979
FIRE:  156 13:09:09        0.870711        0.026829
FIRE:  157 13:09:09        0.869321        0.028314
FIRE:  158 13:09:09        0.868200        0.071987
FIRE:  159 13:09:09        0.874687        0.263413
FIRE:  160 13:09:09        0.866306        0.088382
FIRE:  161 13:09:09        0.865701        0.058870
FIRE:  162 13:09:09        0.865208        0.031501
FIRE:  163 13:09:09        0.865352        0.040636
FIRE:  164 13:09:09        0.865312        0.037249
FIRE:  165 13:09:09        0.865244        0.031550
FIRE:  166 13:09:09        0.865166        0.031540
FIRE:  167 13:09:09        0.865100        0.031536
FIRE:  168 13:09:09        0.865059        0.031542
FIRE:  169 13:09:09        0.865042        0.031559
FIRE:  170 13:09:09        0.865034        0.031582
FIRE:  171 13:09:09        0.865013        0.031610
FIRE:  172 13:09:09        0.864961        0.031639
FIRE:  173 13:09:09        0.864873        0.031669
FIRE:  174 13:09:09        0.864759        0.031706
FIRE:  175 13:09:09        0.864649        0.031761
FIRE:  176 13:09:10        0.864551        0.031842
FIRE:  177 13:09:10        0.864419        0.031941
FIRE:  178 13:09:10        0.864213        0.032053
FIRE:  179 13:09:10        0.863972        0.032199
FIRE:  180 13:09:10        0.863722        0.032405
FIRE:  181 13:09:10        0.863373        0.032660
FIRE:  182 13:09:10        0.862942        0.032989
FIRE:  183 13:09:10        0.862443        0.033424
FIRE:  184 13:09:10        0.861777        0.033961
FIRE:  185 13:09:10        0.860988        0.034669
FIRE:  186 13:09:10        0.859983        0.035563
FIRE:  187 13:09:10        0.858697        0.036689
FIRE:  188 13:09:10        0.857068        0.038162
FIRE:  189 13:09:10        0.854983        0.040112
FIRE:  190 13:09:10        0.852632        0.058038
FIRE:  191 13:09:10        0.853617        0.196932
FIRE:  192 13:09:10        0.848775        0.045867
FIRE:  193 13:09:10        0.848626        0.045876
FIRE:  194 13:09:10        0.848456        0.045924
FIRE:  195 13:09:10        0.848372        0.046042
FIRE:  196 13:09:10        0.848310        0.046210
FIRE:  197 13:09:10        0.848151        0.046393
FIRE:  198 13:09:10        0.847886        0.046585
FIRE:  199 13:09:11        0.847610        0.046811
FIRE:  200 13:09:11        0.847355        0.047122
FIRE:  201 13:09:11        0.847023        0.047506
FIRE:  202 13:09:11        0.846508        0.047951
FIRE:  203 13:09:11        0.845927        0.048516
FIRE:  204 13:09:11        0.845234        0.049224
FIRE:  205 13:09:11        0.844259        0.050059
FIRE:  206 13:09:11        0.843142        0.051126
FIRE:  207 13:09:11        0.841606        0.052390
FIRE:  208 13:09:11        0.839745        0.053987
FIRE:  209 13:09:11        0.837331        0.055912
FIRE:  210 13:09:11        0.834187        0.058210
FIRE:  211 13:09:11        0.830176        0.060974
FIRE:  212 13:09:11        0.825510        0.078786
FIRE:  213 13:09:11        0.825552        0.252999
FIRE:  214 13:09:11        0.817947        0.067549
FIRE:  215 13:09:11        0.817754        0.067586
FIRE:  216 13:09:11        0.817504        0.067689
FIRE:  217 13:09:11        0.817309        0.067886
FIRE:  218 13:09:11        0.817112        0.068158
FIRE:  219 13:09:11        0.816784        0.068464
FIRE:  220 13:09:11        0.816308        0.068790
FIRE:  221 13:09:12        0.815785        0.069159
FIRE:  222 13:09:12        0.815225        0.069632
FIRE:  223 13:09:12        0.814507        0.070194
FIRE:  224 13:09:12        0.813497        0.070822
FIRE:  225 13:09:12        0.812301        0.071562
FIRE:  226 13:09:12        0.810833        0.072410
FIRE:  227 13:09:12        0.808885        0.073326
FIRE:  228 13:09:12        0.806556        0.074374
FIRE:  229 13:09:12        0.803500        0.075498
FIRE:  230 13:09:12        0.799727        0.076822
FIRE:  231 13:09:12        0.794966        0.078468
FIRE:  232 13:09:12        0.788914        0.080769
FIRE:  233 13:09:12        0.781399        0.084608
FIRE:  234 13:09:12        0.773273        0.139329
FIRE:  235 13:09:12        0.776427        0.404333
FIRE:  236 13:09:13        0.758058        0.102118
FIRE:  237 13:09:13        0.757732        0.102147
FIRE:  238 13:09:13        0.757283        0.102284
FIRE:  239 13:09:13        0.756885        0.102605
FIRE:  240 13:09:13        0.756463        0.103083
FIRE:  241 13:09:13        0.755819        0.103630
FIRE:  242 13:09:13        0.754908        0.104230
FIRE:  243 13:09:13        0.753876        0.104947
FIRE:  244 13:09:13        0.752716        0.105950
FIRE:  245 13:09:13        0.751246        0.107252
FIRE:  246 13:09:13        0.749205        0.108854
FIRE:  247 13:09:13        0.746688        0.110951
FIRE:  248 13:09:13        0.743567        0.113684
FIRE:  249 13:09:13        0.739375        0.117066
FIRE:  250 13:09:13        0.734163        0.121369
FIRE:  251 13:09:13        0.727189        0.126482
FIRE:  252 13:09:13        0.718237        0.132454
FIRE:  253 13:09:13        0.706351        0.138824
FIRE:  254 13:09:13        0.690570        0.145167
FIRE:  255 13:09:13        0.669654        0.151624
FIRE:  256 13:09:14        0.642675        0.159897
FIRE:  257 13:09:14        0.620954        0.405633
FIRE:  258 13:09:14        0.603188        0.170147
FIRE:  259 13:09:14        0.602590        0.170293
FIRE:  260 13:09:14        0.601631        0.170652
FIRE:  261 13:09:14        0.600504        0.171282
FIRE:  262 13:09:14        0.599120        0.172140
FIRE:  263 13:09:14        0.597251        0.173125
FIRE:  264 13:09:14        0.594855        0.174200
FIRE:  265 13:09:14        0.592115        0.175403
FIRE:  266 13:09:14        0.588798        0.176904
FIRE:  267 13:09:14        0.584556        0.178653
FIRE:  268 13:09:14        0.579006        0.180585
FIRE:  269 13:09:14        0.572157        0.182780
FIRE:  270 13:09:15        0.563544        0.185148
FIRE:  271 13:09:15        0.552562        0.187541
FIRE:  272 13:09:15        0.538938        0.189953
FIRE:  273 13:09:15        0.521657        0.192097
FIRE:  274 13:09:15        0.500029        0.193862
FIRE:  275 13:09:15        0.473075        0.195028
FIRE:  276 13:09:15        0.439859        0.195253
FIRE:  277 13:09:15        0.401271        0.194510
FIRE:  278 13:09:15        0.370020        0.451554
FIRE:  279 13:09:15        0.348968        0.188858
FIRE:  280 13:09:15        0.361214        0.401032
FIRE:  281 13:09:15        0.354229        0.303417
FIRE:  282 13:09:15        0.346326        0.189036
FIRE:  283 13:09:15        0.343969        0.188525
FIRE:  284 13:09:15        0.343831        0.188510
FIRE:  285 13:09:15        0.343568        0.188484
FIRE:  286 13:09:15        0.343202        0.188456
FIRE:  287 13:09:15        0.342758        0.188433
FIRE:  288 13:09:15        0.342259        0.188425
FIRE:  289 13:09:16        0.341714        0.188436
FIRE:  290 13:09:16        0.341120        0.188462
FIRE:  291 13:09:16        0.340388        0.188501
FIRE:  292 13:09:16        0.339458        0.188542
FIRE:  293 13:09:16        0.338256        0.188573
FIRE:  294 13:09:16        0.336715        0.188583
FIRE:  295 13:09:16        0.334793        0.188575
FIRE:  296 13:09:16        0.332463        0.188560
FIRE:  297 13:09:16        0.329653        0.188532
FIRE:  298 13:09:16        0.326190        0.188444
FIRE:  299 13:09:16        0.321873        0.188235
FIRE:  300 13:09:16        0.316614        0.187880
FIRE:  301 13:09:16        0.310288        0.187326
FIRE:  302 13:09:16        0.302537        0.186413
FIRE:  303 13:09:16        0.293167        0.185010
FIRE:  304 13:09:16        0.281939        0.182926
FIRE:  305 13:09:16        0.268435        0.179838
FIRE:  306 13:09:16        0.252461        0.175425
FIRE:  307 13:09:17        0.233713        0.169213
FIRE:  308 13:09:17        0.212026        0.160627
FIRE:  309 13:09:17        0.187562        0.148995
FIRE:  310 13:09:17        0.161142        0.133504
FIRE:  311 13:09:17        0.137771        0.201309
FIRE:  312 13:09:17        0.148068        0.640411
FIRE:  313 13:09:17        0.110429        0.084924
FIRE:  314 13:09:17        0.110268        0.084766
FIRE:  315 13:09:17        0.110042        0.084487
FIRE:  316 13:09:17        0.109836        0.084120
FIRE:  317 13:09:17        0.109631        0.083655
FIRE:  318 13:09:17        0.109336        0.083068
FIRE:  319 13:09:17        0.108917        0.082350
FIRE:  320 13:09:17        0.108435        0.081527
FIRE:  321 13:09:17        0.107908        0.080514
FIRE:  322 13:09:17        0.107294        0.079258
FIRE:  323 13:09:17        0.106467        0.077677
FIRE:  324 13:09:17        0.105472        0.075733
FIRE:  325 13:09:17        0.104363        0.073365
FIRE:  326 13:09:17        0.102965        0.070456
FIRE:  327 13:09:17        0.101413        0.066946
FIRE:  328 13:09:17        0.099575        0.062706
FIRE:  329 13:09:18        0.097607        0.057634
FIRE:  330 13:09:18        0.095392        0.051621
FIRE:  331 13:09:18        0.093110        0.044520
FIRE:  332 13:09:18        0.090875        0.036050
FIRE:  333 13:09:18        0.088898        0.025926
FIRE:  334 13:09:18        0.087678        0.044452
FIRE:  335 13:09:18        0.090676        0.198794
FIRE:  336 13:09:18        0.087139        0.032073
FIRE:  337 13:09:18        0.087092        0.022857
FIRE:  338 13:09:18        0.087048        0.007377
