      Step     Time          Energy          fmax
FIRE:    0 14:04:28      150.301751      118.895027
FIRE:    1 14:04:28      101.634960       70.179811
FIRE:    2 14:04:28       75.338012       40.245895
FIRE:    3 14:04:29       62.259686       22.373094
FIRE:    4 14:04:29       55.877525       16.572649
FIRE:    5 14:04:29       51.682482       20.887261
FIRE:    6 14:04:29       47.274779       22.085823
FIRE:    7 14:04:29       42.080066       20.549310
FIRE:    8 14:04:29       36.495456       17.718874
FIRE:    9 14:04:29       31.154563       14.637451
FIRE:   10 14:04:29       26.444271       11.837063
FIRE:   11 14:04:29       22.466707        9.476662
FIRE:   12 14:04:29       19.172999        7.520034
FIRE:   13 14:04:29       16.476191        5.870249
FIRE:   14 14:04:29       14.302576        4.436750
FIRE:   15 14:04:29       12.599218        3.166442
FIRE:   16 14:04:29       11.320077        2.039679
FIRE:   17 14:04:29       10.408910        1.562723
FIRE:   18 14:04:29        9.783796        1.772969
FIRE:   19 14:04:29        9.340270        1.874288
FIRE:   20 14:04:29        8.982935        1.820186
FIRE:   21 14:04:29        8.659138        1.621296
FIRE:   22 14:04:29        8.353410        1.338016
FIRE:   23 14:04:29        8.067100        1.091122
FIRE:   24 14:04:29        7.794360        1.265537
FIRE:   25 14:04:29        7.513665        1.405330
FIRE:   26 14:04:29        7.205530        1.467257
FIRE:   27 14:04:29        6.868913        1.437613
FIRE:   28 14:04:30        6.553589        1.290961
FIRE:   29 14:04:30        6.415281        0.963710
FIRE:   30 14:04:30        6.111182        0.981227
FIRE:   31 14:04:30        5.925097        0.837569
FIRE:   32 14:04:30        5.833851        0.699606
FIRE:   33 14:04:30        5.746021        0.830422
FIRE:   34 14:04:30        5.650081        0.434772
FIRE:   35 14:04:30        5.609207        0.337910
FIRE:   36 14:04:30        5.592255        0.305010
FIRE:   37 14:04:30        5.573918        0.252224
FIRE:   38 14:04:30        5.559447        0.195942
FIRE:   39 14:04:30        5.541769        0.153985
FIRE:   40 14:04:30        5.519998        0.177296
FIRE:   41 14:04:30        5.500617        0.192619
FIRE:   42 14:04:30        5.486101        0.201433
FIRE:   43 14:04:30        5.471475        0.201144
FIRE:   44 14:04:30        5.454409        0.176550
FIRE:   45 14:04:30        5.439141        0.113213
FIRE:   46 14:04:30        5.428404        0.101292
FIRE:   47 14:04:30        5.420634        0.035487
FIRE:   48 14:04:30        5.420514        0.084640
FIRE:   49 14:04:30        5.419303        0.072389
FIRE:   50 14:04:30        5.417658        0.051348
FIRE:   51 14:04:30        5.416385        0.028780
FIRE:   52 14:04:30        5.415690        0.041632
FIRE:   53 14:04:30        5.415334        0.040095
FIRE:   54 14:04:30        5.415076        0.038212
FIRE:   55 14:04:31        5.414808        0.049049
FIRE:   56 14:04:31        5.414465        0.067496
FIRE:   57 14:04:31        5.413849        0.081817
FIRE:   58 14:04:31        5.412469        0.086775
FIRE:   59 14:04:31        5.410156        0.079781
FIRE:   60 14:04:31        5.407087        0.065018
FIRE:   61 14:04:31        5.402463        0.051361
FIRE:   62 14:04:31        5.394331        0.054320
FIRE:   63 14:04:31        5.379259        0.084628
FIRE:   64 14:04:31        5.348508        0.102742
FIRE:   65 14:04:31        5.294995        0.132031
FIRE:   66 14:04:31        5.255206        0.132568
FIRE:   67 14:04:31        5.249579        0.132811
FIRE:   68 14:04:31        5.242096        0.101350
FIRE:   69 14:04:31        5.235286        0.059531
FIRE:   70 14:04:31        5.231533        0.084654
FIRE:   71 14:04:31        5.229361        0.047740
FIRE:   72 14:04:31        5.228927        0.042572
FIRE:   73 14:04:31        5.228175        0.039937
FIRE:   74 14:04:31        5.227271        0.043010
FIRE:   75 14:04:31        5.226347        0.046291
FIRE:   76 14:04:31        5.225454        0.049197
FIRE:   77 14:04:31        5.224576        0.051278
FIRE:   78 14:04:31        5.223664        0.052399
FIRE:   79 14:04:31        5.222565        0.052801
FIRE:   80 14:04:31        5.221213        0.053088
FIRE:   81 14:04:31        5.219530        0.054528
FIRE:   82 14:04:31        5.217252        0.058900
FIRE:   83 14:04:32        5.213816        0.068077
FIRE:   84 14:04:32        5.208659        0.084050
FIRE:   85 14:04:32        5.200947        0.109276
FIRE:   86 14:04:32        5.187656        0.147916
FIRE:   87 14:04:32        5.160632        0.209579
FIRE:   88 14:04:32        5.101519        0.297862
FIRE:   89 14:04:32        4.997058        0.397485
FIRE:   90 14:04:32        4.864731        0.463598
FIRE:   91 14:04:32        4.715157        0.476805
FIRE:   92 14:04:32        4.563244        0.434086
FIRE:   93 14:04:32        4.423401        0.335426
FIRE:   94 14:04:32        4.314152        0.288841
FIRE:   95 14:04:32        4.250971        0.320435
FIRE:   96 14:04:32        4.232493        0.400053
FIRE:   97 14:04:32        4.169914        0.254254
FIRE:   98 14:04:32        4.126265        0.182361
FIRE:   99 14:04:32        4.110991        0.284587
FIRE:  100 14:04:32        4.103603        0.257384
FIRE:  101 14:04:32        4.091161        0.203796
FIRE:  102 14:04:32        4.077625        0.126417
FIRE:  103 14:04:32        4.067238        0.101029
FIRE:  104 14:04:32        4.062513        0.108138
FIRE:  105 14:04:32        4.061835        0.151039
FIRE:  106 14:04:32        4.061196        0.145300
FIRE:  107 14:04:32        4.059994        0.134092
FIRE:  108 14:04:32        4.058370        0.117944
FIRE:  109 14:04:32        4.056503        0.104205
FIRE:  110 14:04:33        4.054584        0.095076
FIRE:  111 14:04:33        4.052786        0.084882
FIRE:  112 14:04:33        4.051234        0.074002
FIRE:  113 14:04:33        4.049874        0.061705
FIRE:  114 14:04:33        4.048775        0.050494
FIRE:  115 14:04:33        4.047880        0.053274
FIRE:  116 14:04:33        4.046996        0.068332
FIRE:  117 14:04:33        4.045890        0.073607
FIRE:  118 14:04:33        4.044455        0.066812
FIRE:  119 14:04:33        4.042901        0.046310
FIRE:  120 14:04:33        4.041878        0.012025
FIRE:  121 14:04:33        4.042318        0.032022
FIRE:  122 14:04:33        4.042284        0.030525
FIRE:  123 14:04:33        4.042221        0.027606
FIRE:  124 14:04:33        4.042142        0.023408
FIRE:  125 14:04:33        4.042061        0.018135
FIRE:  126 14:04:33        4.041991        0.012054
FIRE:  127 14:04:33        4.041942        0.007450
