      Step     Time          Energy          fmax
FIRE:    0 16:36:45       63.414753       31.286470
FIRE:    1 16:36:45       47.356951       22.292709
FIRE:    2 16:36:45       35.746174       15.685743
FIRE:    3 16:36:45       27.470590       10.570995
FIRE:    4 16:36:45       21.719969        7.794284
FIRE:    5 16:36:45       17.813816        6.175844
FIRE:    6 16:36:45       15.203002        5.100783
FIRE:    7 16:36:45       13.491729        4.422422
FIRE:    8 16:36:45       12.406432        4.015800
FIRE:    9 16:36:45       11.736841        3.765518
FIRE:   10 16:36:45       11.273913        4.239285
FIRE:   11 16:36:45       10.793077        4.294381
FIRE:   12 16:36:45       10.113831        4.643055
FIRE:   13 16:36:45        9.197434        4.599658
FIRE:   14 16:36:45        8.171562        3.933773
FIRE:   15 16:36:45        7.241508        2.895844
FIRE:   16 16:36:45        6.563317        1.788247
FIRE:   17 16:36:45        6.191956        0.854694
FIRE:   18 16:36:46        6.100284        0.510860
FIRE:   19 16:36:46        6.043540        0.478523
FIRE:   20 16:36:46        5.951341        0.463970
FIRE:   21 16:36:46        5.849629        0.430583
FIRE:   22 16:36:46        5.746649        0.383392
FIRE:   23 16:36:46        5.627106        0.485401
FIRE:   24 16:36:46        5.478537        0.469748
FIRE:   25 16:36:46        5.306097        0.459546
FIRE:   26 16:36:46        5.091169        0.495632
FIRE:   27 16:36:46        4.878373        0.426017
FIRE:   28 16:36:46        4.692387        0.309196
FIRE:   29 16:36:46        4.557108        0.385576
FIRE:   30 16:36:46        4.486370        0.460174
FIRE:   31 16:36:46        4.489490        0.533096
FIRE:   32 16:36:46        4.480482        0.518136
FIRE:   33 16:36:46        4.464992        0.489664
FIRE:   34 16:36:46        4.446531        0.449962
FIRE:   35 16:36:47        4.427746        0.401663
FIRE:   36 16:36:47        4.409837        0.348013
FIRE:   37 16:36:47        4.393320        0.293365
FIRE:   38 16:36:47        4.378425        0.243046
FIRE:   39 16:36:47        4.363061        0.203108
FIRE:   40 16:36:47        4.345183        0.230535
FIRE:   41 16:36:47        4.321835        0.242889
FIRE:   42 16:36:47        4.290744        0.239750
FIRE:   43 16:36:47        4.250183        0.225175
FIRE:   44 16:36:47        4.197392        0.207550
FIRE:   45 16:36:47        4.130295        0.211248
FIRE:   46 16:36:47        4.057465        0.222898
FIRE:   47 16:36:47        3.981780        0.227643
FIRE:   48 16:36:47        3.901394        0.228633
FIRE:   49 16:36:47        3.815010        0.235734
FIRE:   50 16:36:47        3.724048        0.252357
FIRE:   51 16:36:47        3.630565        0.265119
FIRE:   52 16:36:47        3.534166        0.274617
FIRE:   53 16:36:47        3.433538        0.283190
FIRE:   54 16:36:47        3.327238        0.293110
FIRE:   55 16:36:47        3.215124        0.307994
FIRE:   56 16:36:48        3.098061        0.325734
FIRE:   57 16:36:48        2.976852        0.343554
FIRE:   58 16:36:48        2.851999        0.360272
FIRE:   59 16:36:48        2.724041        0.374550
FIRE:   60 16:36:48        2.594465        0.385423
FIRE:   61 16:36:48        2.466171        0.391995
FIRE:   62 16:36:48        2.342526        0.393129
FIRE:   63 16:36:48        2.226425        0.387619
FIRE:   64 16:36:48        2.120110        0.374050
FIRE:   65 16:36:48        2.024933        0.350873
FIRE:   66 16:36:48        1.941241        0.317112
FIRE:   67 16:36:48        1.869392        0.272969
FIRE:   68 16:36:48        1.810953        0.219664
FIRE:   69 16:36:48        1.769134        0.158521
FIRE:   70 16:36:48        1.748192        0.088988
FIRE:   71 16:36:48        1.750259        0.082855
FIRE:   72 16:36:48        1.746741        0.032717
FIRE:   73 16:36:48        1.746168        0.032225
FIRE:   74 16:36:49        1.745610        0.030524
FIRE:   75 16:36:49        1.745254        0.028048
FIRE:   76 16:36:49        1.744794        0.030161
FIRE:   77 16:36:49        1.744147        0.029316
FIRE:   78 16:36:49        1.743550        0.024682
FIRE:   79 16:36:49        1.743078        0.016808
FIRE:   80 16:36:49        1.742391        0.016557
FIRE:   81 16:36:49        1.741243        0.017021
FIRE:   82 16:36:49        1.739470        0.027200
FIRE:   83 16:36:49        1.735716        0.033980
FIRE:   84 16:36:49        1.727878        0.047216
FIRE:   85 16:36:49        1.712372        0.052851
FIRE:   86 16:36:49        1.685255        0.076783
FIRE:   87 16:36:49        1.653592        0.132273
FIRE:   88 16:36:49        1.647921        0.190589
FIRE:   89 16:36:49        1.637710        0.149483
FIRE:   90 16:36:49        1.634796        0.144745
FIRE:   91 16:36:49        1.631333        0.136810
FIRE:   92 16:36:49        1.628455        0.126827
FIRE:   93 16:36:49        1.624885        0.115078
FIRE:   94 16:36:50        1.620367        0.102290
FIRE:   95 16:36:50        1.616698        0.090004
FIRE:   96 16:36:50        1.614371        0.078799
FIRE:   97 16:36:50        1.611528        0.073790
FIRE:   98 16:36:50        1.608097        0.055983
FIRE:   99 16:36:50        1.605074        0.082758
FIRE:  100 16:36:50        1.600274        0.067311
FIRE:  101 16:36:50        1.594673        0.068310
FIRE:  102 16:36:50        1.588614        0.053884
FIRE:  103 16:36:50        1.584053        0.060984
FIRE:  104 16:36:50        1.580431        0.043366
FIRE:  105 16:36:50        1.577064        0.058762
FIRE:  106 16:36:50        1.573834        0.083617
FIRE:  107 16:36:50        1.572468        0.028085
FIRE:  108 16:36:50        1.572698        0.056303
FIRE:  109 16:36:50        1.572525        0.046883
FIRE:  110 16:36:50        1.572288        0.029669
FIRE:  111 16:36:50        1.572130        0.014887
FIRE:  112 16:36:51        1.572126        0.014817
FIRE:  113 16:36:51        1.572120        0.014754
FIRE:  114 16:36:51        1.572110        0.014630
FIRE:  115 16:36:51        1.572095        0.014446
FIRE:  116 16:36:51        1.572078        0.014205
FIRE:  117 16:36:51        1.572061        0.013911
FIRE:  118 16:36:51        1.572045        0.013568
FIRE:  119 16:36:51        1.572030        0.013183
FIRE:  120 16:36:51        1.572016        0.012722
FIRE:  121 16:36:51        1.572000        0.012190
FIRE:  122 16:36:51        1.571983        0.011598
FIRE:  123 16:36:51        1.571959        0.010960
FIRE:  124 16:36:51        1.571929        0.010285
FIRE:  125 16:36:51        1.571892        0.010439
FIRE:  126 16:36:51        1.571853        0.011025
FIRE:  127 16:36:51        1.571813        0.011677
FIRE:  128 16:36:51        1.571771        0.012343
FIRE:  129 16:36:51        1.571715        0.012962
FIRE:  130 16:36:51        1.571645        0.013475
FIRE:  131 16:36:51        1.571568        0.013830
FIRE:  132 16:36:52        1.571477        0.013986
FIRE:  133 16:36:52        1.571363        0.013875
FIRE:  134 16:36:52        1.571240        0.013288
FIRE:  135 16:36:52        1.571102        0.011968
FIRE:  136 16:36:52        1.570952        0.009864
