      Step     Time          Energy          fmax
FIRE:    0 16:33:50      122.659647      135.165389
FIRE:    1 16:33:50       92.564168       57.186035
FIRE:    2 16:33:50       83.105680       27.810701
FIRE:    3 16:33:50       76.917253       25.087888
FIRE:    4 16:33:50       69.944986       23.769892
FIRE:    5 16:33:50       64.167186       22.386383
FIRE:    6 16:33:50       60.017228       21.190632
FIRE:    7 16:33:50       54.963874       19.629624
FIRE:    8 16:33:50       50.619697       18.180854
FIRE:    9 16:33:50       46.689995       16.801175
FIRE:   10 16:33:50       42.714265       15.394763
FIRE:   11 16:33:50       39.358710       14.183666
FIRE:   12 16:33:50       36.305657       13.102884
FIRE:   13 16:33:50       33.315392       12.077865
FIRE:   14 16:33:50       30.745977       11.187184
FIRE:   15 16:33:50       28.351945       10.323292
FIRE:   16 16:33:50       26.094276        9.467770
FIRE:   17 16:33:50       24.125297        8.685303
FIRE:   18 16:33:50       22.278808        7.940415
FIRE:   19 16:33:51       20.583087        7.240345
FIRE:   20 16:33:51       19.086958        6.582962
FIRE:   21 16:33:51       17.700322        5.925136
FIRE:   22 16:33:51       16.472447        5.295100
FIRE:   23 16:33:51       15.398825        4.712134
FIRE:   24 16:33:51       14.439117        4.160419
FIRE:   25 16:33:51       13.624467        3.645567
FIRE:   26 16:33:51       12.917034        3.149859
FIRE:   27 16:33:51       12.310284        2.679750
FIRE:   28 16:33:51       11.802552        2.246762
FIRE:   29 16:33:51       11.370233        1.844537
FIRE:   30 16:33:51       11.022775        1.476340
FIRE:   31 16:33:51       10.742501        1.134908
FIRE:   32 16:33:51       10.526779        0.824958
FIRE:   33 16:33:51       10.357903        0.546887
FIRE:   34 16:33:51       10.223219        0.509720
FIRE:   35 16:33:51       10.109653        0.537804
FIRE:   36 16:33:52       10.005890        0.535488
FIRE:   37 16:33:52        9.911097        0.507779
FIRE:   38 16:33:52        9.827484        0.457419
FIRE:   39 16:33:52        9.771739        0.411265
FIRE:   40 16:33:52        9.757228        0.585950
FIRE:   41 16:33:52        9.772355        1.141999
FIRE:   42 16:33:52        9.754163        2.059670
FIRE:   43 16:33:52        9.663874        0.743820
FIRE:   44 16:33:52        9.675424        1.354652
FIRE:   45 16:33:52        9.662531        1.066891
FIRE:   46 16:33:52        9.646230        0.578911
FIRE:   47 16:33:52        9.637113        0.239948
FIRE:   48 16:33:52        9.637728        0.465883
FIRE:   49 16:33:52        9.637145        0.445559
FIRE:   50 16:33:52        9.636048        0.405685
FIRE:   51 16:33:52        9.634561        0.347865
FIRE:   52 16:33:52        9.632844        0.274615
FIRE:   53 16:33:53        9.631061        0.223626
FIRE:   54 16:33:53        9.629344        0.223090
FIRE:   55 16:33:53        9.627759        0.221914
FIRE:   56 16:33:53        9.626132        0.219802
FIRE:   57 16:33:53        9.624332        0.216576
FIRE:   58 16:33:53        9.622088        0.229895
FIRE:   59 16:33:53        9.619054        0.250240
FIRE:   60 16:33:53        9.614982        0.220835
FIRE:   61 16:33:53        9.609920        0.191057
FIRE:   62 16:33:53        9.604238        0.180399
FIRE:   63 16:33:53        9.598180        0.170484
FIRE:   64 16:33:53        9.591235        0.189033
FIRE:   65 16:33:53        9.582599        0.166983
FIRE:   66 16:33:53        9.572610        0.162927
FIRE:   67 16:33:53        9.562334        0.157304
FIRE:   68 16:33:53        9.550825        0.156528
FIRE:   69 16:33:53        9.538216        0.143801
FIRE:   70 16:33:53        9.525954        0.172034
FIRE:   71 16:33:54        9.512910        0.124424
FIRE:   72 16:33:54        9.501219        0.152077
FIRE:   73 16:33:54        9.490732        0.182794
FIRE:   74 16:33:54        9.481281        0.094742
FIRE:   75 16:33:54        9.472984        0.088045
FIRE:   76 16:33:54        9.464636        0.089333
FIRE:   77 16:33:54        9.456159        0.179590
FIRE:   78 16:33:54        9.457171        0.770534
FIRE:   79 16:33:54        9.447881        0.126082
FIRE:   80 16:33:54        9.447654        0.090414
FIRE:   81 16:33:54        9.447334        0.082499
FIRE:   82 16:33:54        9.447043        0.080508
FIRE:   83 16:33:54        9.446744        0.082504
FIRE:   84 16:33:54        9.446316        0.092155
FIRE:   85 16:33:54        9.445739        0.075692
FIRE:   86 16:33:54        9.445120        0.074486
FIRE:   87 16:33:54        9.444488        0.072781
FIRE:   88 16:33:54        9.443768        0.071539
FIRE:   89 16:33:54        9.442858        0.064606
FIRE:   90 16:33:55        9.441923        0.057530
FIRE:   91 16:33:55        9.441000        0.061229
FIRE:   92 16:33:55        9.440003        0.041601
FIRE:   93 16:33:55        9.439199        0.059147
FIRE:   94 16:33:55        9.438475        0.015880
FIRE:   95 16:33:55        9.438059        0.030709
FIRE:   96 16:33:55        9.438016        0.072191
FIRE:   97 16:33:55        9.437944        0.040422
FIRE:   98 16:33:55        9.437896        0.018927
FIRE:   99 16:33:55        9.437900        0.047356
FIRE:  100 16:33:55        9.437890        0.041997
FIRE:  101 16:33:55        9.437872        0.031902
FIRE:  102 16:33:55        9.437853        0.019032
FIRE:  103 16:33:55        9.437837        0.018743
FIRE:  104 16:33:55        9.437826        0.018453
FIRE:  105 16:33:55        9.437817        0.022294
FIRE:  106 16:33:55        9.437806        0.028200
FIRE:  107 16:33:55        9.437786        0.028503
FIRE:  108 16:33:56        9.437757        0.022107
FIRE:  109 16:33:56        9.437722        0.018036
FIRE:  110 16:33:56        9.437688        0.018117
FIRE:  111 16:33:56        9.437654        0.019927
FIRE:  112 16:33:56        9.437609        0.020980
FIRE:  113 16:33:56        9.437551        0.016973
FIRE:  114 16:33:56        9.437494        0.015948
FIRE:  115 16:33:56        9.437433        0.019770
FIRE:  116 16:33:56        9.437356        0.014100
FIRE:  117 16:33:56        9.437284        0.018735
FIRE:  118 16:33:56        9.437197        0.011026
FIRE:  119 16:33:56        9.437116        0.022771
FIRE:  120 16:33:56        9.437016        0.007683
