      Step     Time          Energy          fmax
FIRE:    0 12:41:14      130.487036       92.345356
FIRE:    1 12:41:15       95.399282       58.041627
FIRE:    2 12:41:15       72.394985       37.236000
FIRE:    3 12:41:16       57.168074       24.063871
FIRE:    4 12:41:16       47.068198       15.789322
FIRE:    5 12:41:16       40.308385       12.339144
FIRE:    6 12:41:17       35.548968       13.664333
FIRE:    7 12:41:17       31.747086       15.042209
FIRE:    8 12:41:17       28.155830       14.979270
FIRE:    9 12:41:17       24.463915       13.305158
FIRE:   10 12:41:18       20.779000       11.042275
FIRE:   11 12:41:18       17.428259       10.272534
FIRE:   12 12:41:18       14.720327        9.038593
FIRE:   13 12:41:18       12.821234        7.444098
FIRE:   14 12:41:19       11.732590        5.572837
FIRE:   15 12:41:19       11.315822        6.622450
FIRE:   16 12:41:19        9.923340        3.179105
FIRE:   17 12:41:20        9.016507        2.465740
FIRE:   18 12:41:20        8.777605        2.735373
FIRE:   19 12:41:20        8.682291        2.445947
FIRE:   20 12:41:20        8.517505        1.907441
FIRE:   21 12:41:21        8.323884        1.856620
FIRE:   22 12:41:46        8.139770        1.799151
FIRE:   23 12:41:46        7.984952        1.733907
FIRE:   24 12:41:46        7.853050        1.653894
FIRE:   25 12:41:46        7.720992        1.551582
FIRE:   26 12:41:46        7.551639        1.481079
FIRE:   27 12:41:46        7.335469        1.238294
FIRE:   28 12:41:46        7.093771        0.996014
FIRE:   29 12:41:46        6.875917        0.747910
FIRE:   30 12:41:46        6.719433        0.632479
FIRE:   31 12:41:47        6.605605        0.789890
FIRE:   32 12:41:47        6.496481        0.860269
FIRE:   33 12:41:47        6.393519        0.657113
FIRE:   34 12:41:47        6.317837        0.657000
FIRE:   35 12:41:47        6.229537        0.801369
FIRE:   36 12:41:47        6.083128        0.761060
FIRE:   37 12:41:47        5.907056        0.643444
FIRE:   38 12:41:47        5.752034        0.592498
FIRE:   39 12:41:47        5.604545        0.565366
FIRE:   40 12:41:47        5.436343        0.563229
FIRE:   41 12:41:47        5.269596        0.570616
FIRE:   42 12:41:47        5.127047        0.570680
FIRE:   43 12:41:47        4.996239        0.556841
FIRE:   44 12:41:47        4.852891        0.526233
FIRE:   45 12:41:47        4.696163        0.478280
FIRE:   46 12:41:47        4.549637        0.422602
FIRE:   47 12:41:47        4.417148        0.374874
FIRE:   48 12:41:47        4.284364        0.348901
FIRE:   49 12:41:47        4.158200        0.349528
FIRE:   50 12:41:47        4.049171        0.362768
FIRE:   51 12:41:47        3.949694        0.370168
FIRE:   52 12:41:47        3.850575        0.369776
FIRE:   53 12:41:47        3.749146        0.369507
FIRE:   54 12:41:47        3.642476        0.379952
FIRE:   55 12:41:47        3.531544        0.405741
FIRE:   56 12:41:47        3.424390        0.440513
FIRE:   57 12:41:47        3.323730        0.468331
FIRE:   58 12:41:47        3.224266        0.474316
FIRE:   59 12:41:48        3.123829        0.454889
FIRE:   60 12:41:48        3.027822        0.412409
FIRE:   61 12:41:48        2.942416        0.353303
FIRE:   62 12:41:48        2.867586        0.286333
FIRE:   63 12:41:48        2.800445        0.225028
FIRE:   64 12:41:48        2.740308        0.241254
FIRE:   65 12:41:48        2.688313        0.225180
FIRE:   66 12:41:48        2.646186        0.228218
FIRE:   67 12:41:48        2.612626        0.226734
FIRE:   68 12:41:48        2.583949        0.225647
FIRE:   69 12:41:48        2.561989        0.248772
FIRE:   70 12:41:48        2.558403        0.292236
FIRE:   71 12:41:48        2.532787        0.399819
FIRE:   72 12:41:48        2.518203        0.126926
FIRE:   73 12:41:48        2.519448        0.292004
FIRE:   74 12:41:48        2.515692        0.210870
FIRE:   75 12:41:48        2.511466        0.121782
FIRE:   76 12:41:48        2.509816        0.107711
FIRE:   77 12:41:48        2.509624        0.107221
FIRE:   78 12:41:49        2.509272        0.106258
FIRE:   79 12:41:49        2.508812        0.104849
FIRE:   80 12:41:49        2.508299        0.103028
FIRE:   81 12:41:49        2.507772        0.100834
FIRE:   82 12:41:49        2.507234        0.098319
FIRE:   83 12:41:49        2.506660        0.095546
FIRE:   84 12:41:49        2.505942        0.092253
FIRE:   85 12:41:49        2.505014        0.088412
FIRE:   86 12:41:49        2.503843        0.083989
FIRE:   87 12:41:49        2.502459        0.078938
FIRE:   88 12:41:49        2.500941        0.073187
FIRE:   89 12:41:49        2.499295        0.067697
FIRE:   90 12:41:49        2.497415        0.067362
FIRE:   91 12:41:49        2.495287        0.066605
FIRE:   92 12:41:49        2.493137        0.064642
FIRE:   93 12:41:49        2.490991        0.060402
FIRE:   94 12:41:49        2.488805        0.053574
FIRE:   95 12:41:49        2.486961        0.045237
FIRE:   96 12:41:50        2.485345        0.040145
FIRE:   97 12:41:50        2.484258        0.041737
FIRE:   98 12:41:50        2.483242        0.048560
FIRE:   99 12:41:50        2.482155        0.056603
FIRE:  100 12:41:50        2.480382        0.061021
FIRE:  101 12:41:50        2.477468        0.057864
FIRE:  102 12:41:50        2.473558        0.050988
FIRE:  103 12:41:50        2.469288        0.071310
FIRE:  104 12:41:50        2.467960        0.211093
FIRE:  105 12:41:50        2.464253        0.034306
FIRE:  106 12:41:50        2.464207        0.034287
FIRE:  107 12:41:50        2.464127        0.034227
FIRE:  108 12:41:50        2.464029        0.034090
FIRE:  109 12:41:50        2.463911        0.033832
FIRE:  110 12:41:50        2.463765        0.033431
FIRE:  111 12:41:50        2.463591        0.032892
FIRE:  112 12:41:51        2.463401        0.032247
FIRE:  113 12:41:51        2.463184        0.031481
FIRE:  114 12:41:51        2.462930        0.030673
FIRE:  115 12:41:51        2.462619        0.029885
FIRE:  116 12:41:51        2.462259        0.029083
FIRE:  117 12:41:51        2.461832        0.028141
FIRE:  118 12:41:51        2.461309        0.027083
FIRE:  119 12:41:51        2.460690        0.026392
FIRE:  120 12:41:51        2.459935        0.026682
FIRE:  121 12:41:51        2.459040        0.027663
FIRE:  122 12:41:51        2.457971        0.028555
FIRE:  123 12:41:51        2.456682        0.029285
FIRE:  124 12:41:51        2.455157        0.027649
FIRE:  125 12:41:51        2.453551        0.053080
FIRE:  126 12:41:51        2.452979        0.152647
FIRE:  127 12:41:51        2.451311        0.023119
FIRE:  128 12:41:51        2.451298        0.023137
FIRE:  129 12:41:52        2.451272        0.023173
FIRE:  130 12:41:52        2.451235        0.023233
FIRE:  131 12:41:52        2.451186        0.023318
FIRE:  132 12:41:52        2.451124        0.023430
FIRE:  133 12:41:52        2.451051        0.023564
FIRE:  134 12:41:52        2.450966        0.023710
FIRE:  135 12:41:52        2.450859        0.023870
FIRE:  136 12:41:52        2.450725        0.024024
FIRE:  137 12:41:52        2.450558        0.024149
FIRE:  138 12:41:52        2.450351        0.024226
FIRE:  139 12:41:52        2.450096        0.024248
FIRE:  140 12:41:52        2.449782        0.024198
FIRE:  141 12:41:52        2.449399        0.024009
FIRE:  142 12:41:52        2.448931        0.023603
FIRE:  143 12:41:52        2.448364        0.023054
FIRE:  144 12:41:52        2.447680        0.022550
FIRE:  145 12:41:52        2.446858        0.021979
FIRE:  146 12:41:52        2.445877        0.021570
FIRE:  147 12:41:53        2.444713        0.021221
FIRE:  148 12:41:53        2.443347        0.020880
FIRE:  149 12:41:53        2.441793        0.020102
FIRE:  150 12:41:53        2.441002        0.109218
FIRE:  151 12:41:53        2.440123        0.043507
FIRE:  152 12:41:53        2.440044        0.028967
FIRE:  153 12:41:53        2.439974        0.018724
FIRE:  154 12:41:53        2.439972        0.018868
FIRE:  155 12:41:53        2.439965        0.018846
FIRE:  156 12:41:53        2.439953        0.018804
FIRE:  157 12:41:53        2.439939        0.018744
FIRE:  158 12:41:53        2.439924        0.018671
FIRE:  159 12:41:53        2.439911        0.018592
FIRE:  160 12:41:53        2.439899        0.018513
FIRE:  161 12:41:53        2.439887        0.018443
FIRE:  162 12:41:53        2.439870        0.018383
FIRE:  163 12:41:53        2.439845        0.018336
FIRE:  164 12:41:54        2.439811        0.018307
FIRE:  165 12:41:54        2.439770        0.018291
FIRE:  166 12:41:54        2.439724        0.018272
FIRE:  167 12:41:54        2.439670        0.018220
FIRE:  168 12:41:54        2.439601        0.018108
FIRE:  169 12:41:54        2.439512        0.017925
FIRE:  170 12:41:54        2.439409        0.017700
FIRE:  171 12:41:54        2.439286        0.017504
FIRE:  172 12:41:54        2.439131        0.017380
FIRE:  173 12:41:54        2.438951        0.017248
FIRE:  174 12:41:54        2.438729        0.016960
FIRE:  175 12:41:54        2.438469        0.016558
FIRE:  176 12:41:54        2.438155        0.016302
FIRE:  177 12:41:54        2.437791        0.015929
FIRE:  178 12:41:54        2.437373        0.015201
FIRE:  179 12:41:54        2.436913        0.020584
FIRE:  180 12:41:54        2.436468        0.041813
FIRE:  181 12:41:55        2.436369        0.090763
FIRE:  182 12:41:55        2.435788        0.012796
FIRE:  183 12:41:55        2.436221        0.084329
FIRE:  184 12:41:55        2.436014        0.063447
FIRE:  185 12:41:55        2.435791        0.027042
FIRE:  186 12:41:55        2.435755        0.015536
FIRE:  187 12:41:55        2.435752        0.014515
FIRE:  188 12:41:55        2.435746        0.012771
FIRE:  189 12:41:55        2.435740        0.012747
FIRE:  190 12:41:55        2.435733        0.012717
FIRE:  191 12:41:55        2.435726        0.012682
FIRE:  192 12:41:55        2.435721        0.012646
FIRE:  193 12:41:55        2.435716        0.012611
FIRE:  194 12:41:55        2.435711        0.012577
FIRE:  195 12:41:55        2.435704        0.012547
FIRE:  196 12:41:55        2.435694        0.012524
FIRE:  197 12:41:55        2.435680        0.012511
FIRE:  198 12:41:55        2.435662        0.012505
FIRE:  199 12:41:56        2.435642        0.012501
FIRE:  200 12:41:56        2.435620        0.012484
FIRE:  201 12:41:56        2.435593        0.012438
FIRE:  202 12:41:56        2.435557        0.012352
FIRE:  203 12:41:56        2.435513        0.012224
FIRE:  204 12:41:56        2.435464        0.012079
FIRE:  205 12:41:56        2.435403        0.011953
FIRE:  206 12:41:56        2.435328        0.011843
FIRE:  207 12:41:56        2.435242        0.011678
FIRE:  208 12:41:56        2.435135        0.011404
FIRE:  209 12:41:56        2.435013        0.011097
FIRE:  210 12:41:56        2.434868        0.010838
FIRE:  211 12:41:56        2.434698        0.010414
FIRE:  212 12:41:56        2.434505        0.009919
