      Step     Time          Energy          fmax
FIRE:    0 01:03:45      130.142397       36.968626
FIRE:    1 01:03:45      115.630219       35.686572
FIRE:    2 01:03:45      104.247273       34.146663
FIRE:    3 01:03:45       94.180024       31.761409
FIRE:    4 01:03:45       84.743904       28.810884
FIRE:    5 01:03:45       75.836176       25.571755
FIRE:    6 01:03:45       67.569084       22.271330
FIRE:    7 01:03:45       60.087107       19.080536
FIRE:    8 01:03:45       53.487112       16.117985
FIRE:    9 01:03:45       47.793888       13.467591
FIRE:   10 01:03:45       42.945131       11.181235
FIRE:   11 01:03:45       38.815060        9.276673
FIRE:   12 01:03:45       35.259564        8.599696
FIRE:   13 01:03:45       32.163204        7.807519
FIRE:   14 01:03:45       29.460550        6.947060
FIRE:   15 01:03:45       27.121100        6.074813
FIRE:   16 01:03:45       25.118166        5.244631
FIRE:   17 01:03:45       23.404676        5.094812
FIRE:   18 01:03:45       21.913145        4.916897
FIRE:   19 01:03:45       20.572708        4.662829
FIRE:   20 01:03:45       19.325009        4.338766
FIRE:   21 01:03:45       18.130847        3.954160
FIRE:   22 01:03:45       16.975641        3.520780
FIRE:   23 01:03:45       15.863606        3.054670
FIRE:   24 01:03:45       14.810536        2.576567
FIRE:   25 01:03:45       13.836818        2.107170
FIRE:   26 01:03:45       12.962937        1.669048
FIRE:   27 01:03:45       12.201576        1.457627
FIRE:   28 01:03:46       11.554697        1.422563
FIRE:   29 01:03:46       11.017052        1.268977
FIRE:   30 01:03:46       10.580395        1.009542
FIRE:   31 01:03:46       10.237570        0.879588
FIRE:   32 01:03:46        9.980438        0.939252
FIRE:   33 01:03:46        9.796235        0.958588
FIRE:   34 01:03:46        9.669031        0.917014
FIRE:   35 01:03:46        9.585398        0.815941
FIRE:   36 01:03:46        9.536915        0.745239
FIRE:   37 01:03:46        9.520693        0.797056
FIRE:   38 01:03:46        9.234468        0.530484
FIRE:   39 01:03:46        9.102703        0.586577
FIRE:   40 01:03:46        9.005308        0.504563
FIRE:   41 01:03:46        8.929191        0.529618
FIRE:   42 01:03:46        8.837479        0.455428
FIRE:   43 01:03:46        8.755742        0.274311
FIRE:   44 01:03:46        8.776455        0.480816
FIRE:   45 01:03:46        8.712513        0.230022
FIRE:   46 01:03:46        8.717888        0.385005
FIRE:   47 01:03:46        8.705081        0.312677
FIRE:   48 01:03:46        8.689253        0.209478
FIRE:   49 01:03:46        8.680817        0.254748
FIRE:   50 01:03:46        8.679527        0.284627
FIRE:   51 01:03:46        8.678217        0.281009
FIRE:   52 01:03:46        8.675843        0.273984
FIRE:   53 01:03:46        8.672823        0.263989
FIRE:   54 01:03:46        8.669632        0.251705
FIRE:   55 01:03:46        8.666647        0.238111
FIRE:   56 01:03:46        8.664011        0.224543
FIRE:   57 01:03:46        8.661569        0.212526
FIRE:   58 01:03:46        8.658676        0.202483
FIRE:   59 01:03:46        8.654743        0.196113
FIRE:   60 01:03:47        8.649197        0.194897
FIRE:   61 01:03:47        8.641813        0.199666
FIRE:   62 01:03:47        8.632928        0.209800
FIRE:   63 01:03:47        8.623039        0.221979
FIRE:   64 01:03:47        8.611636        0.229829
FIRE:   65 01:03:47        8.596962        0.227065
FIRE:   66 01:03:47        8.578081        0.211072
FIRE:   67 01:03:47        8.555708        0.199539
FIRE:   68 01:03:47        8.527947        0.209218
FIRE:   69 01:03:47        8.490980        0.205436
FIRE:   70 01:03:47        8.444321        0.211158
FIRE:   71 01:03:47        8.381350        0.215788
FIRE:   72 01:03:47        8.302007        0.225492
FIRE:   73 01:03:47        8.217585        0.233525
FIRE:   74 01:03:47        8.132214        0.271369
FIRE:   75 01:03:47        8.047519        0.262004
FIRE:   76 01:03:47        7.966587        0.246023
FIRE:   77 01:03:47        7.888058        0.251871
FIRE:   78 01:03:47        7.809518        0.265692
FIRE:   79 01:03:47        7.727925        0.262958
FIRE:   80 01:03:47        7.645943        0.251595
FIRE:   81 01:03:47        7.570088        0.246773
FIRE:   82 01:03:47        7.506796        0.237985
FIRE:   83 01:03:47        7.452878        0.210956
FIRE:   84 01:03:47        7.403320        0.181272
FIRE:   85 01:03:47        7.362417        0.163547
FIRE:   86 01:03:47        7.338806        0.138020
FIRE:   87 01:03:47        7.324103        0.132159
FIRE:   88 01:03:47        7.313976        0.160927
FIRE:   89 01:03:47        7.316866        0.209881
FIRE:   90 01:03:47        7.308832        0.213955
FIRE:   91 01:03:47        7.297205        0.182133
FIRE:   92 01:03:48        7.292532        0.161382
FIRE:   93 01:03:48        7.290629        0.166251
FIRE:   94 01:03:48        7.287981        0.174149
FIRE:   95 01:03:48        7.285588        0.181338
FIRE:   96 01:03:48        7.283178        0.183355
FIRE:   97 01:03:48        7.279971        0.178096
FIRE:   98 01:03:48        7.275957        0.166568
FIRE:   99 01:03:48        7.271586        0.152395
FIRE:  100 01:03:48        7.266258        0.139210
FIRE:  101 01:03:48        7.259432        0.131876
FIRE:  102 01:03:48        7.251705        0.131066
FIRE:  103 01:03:48        7.243276        0.127306
FIRE:  104 01:03:48        7.232382        0.131029
FIRE:  105 01:03:48        7.220068        0.150376
FIRE:  106 01:03:48        7.205732        0.154136
FIRE:  107 01:03:48        7.189000        0.151626
FIRE:  108 01:03:48        7.168866        0.171844
FIRE:  109 01:03:48        7.144615        0.163310
FIRE:  110 01:03:48        7.114273        0.195649
FIRE:  111 01:03:48        7.087129        0.295123
FIRE:  112 01:03:48        7.078351        0.509852
FIRE:  113 01:03:48        7.035131        0.199648
FIRE:  114 01:03:48        7.033393        0.203649
FIRE:  115 01:03:48        7.031185        0.209913
FIRE:  116 01:03:48        7.029394        0.215731
FIRE:  117 01:03:48        7.027347        0.218840
FIRE:  118 01:03:48        7.023985        0.218650
FIRE:  119 01:03:48        7.019427        0.215649
FIRE:  120 01:03:48        7.014651        0.211336
FIRE:  121 01:03:48        7.009361        0.208358
FIRE:  122 01:03:48        7.002229        0.210441
FIRE:  123 01:03:49        6.992716        0.218198
FIRE:  124 01:03:49        6.981752        0.225892
FIRE:  125 01:03:49        6.967500        0.225791
FIRE:  126 01:03:49        6.949597        0.219113
FIRE:  127 01:03:49        6.927134        0.222894
FIRE:  128 01:03:49        6.898537        0.238811
FIRE:  129 01:03:49        6.861157        0.235432
FIRE:  130 01:03:49        6.813108        0.233265
FIRE:  131 01:03:49        6.755867        0.255521
FIRE:  132 01:03:49        6.697380        0.228506
FIRE:  133 01:03:49        6.636637        0.255244
FIRE:  134 01:03:49        6.573820        0.221625
FIRE:  135 01:03:49        6.512094        0.230915
FIRE:  136 01:03:49        6.453863        0.194403
FIRE:  137 01:03:49        6.400745        0.186177
FIRE:  138 01:03:49        6.354877        0.149351
FIRE:  139 01:03:49        6.318445        0.226372
FIRE:  140 01:03:49        6.292984        0.289683
FIRE:  141 01:03:49        6.374041        0.954334
FIRE:  142 01:03:49        6.281868        0.081746
FIRE:  143 01:03:49        6.281550        0.081465
FIRE:  144 01:03:49        6.281056        0.080902
FIRE:  145 01:03:49        6.280553        0.080040
FIRE:  146 01:03:49        6.280096        0.078850
FIRE:  147 01:03:49        6.279587        0.077321
FIRE:  148 01:03:49        6.278905        0.075445
FIRE:  149 01:03:49        6.278027        0.073210
FIRE:  150 01:03:49        6.276930        0.070309
FIRE:  151 01:03:49        6.275710        0.070251
FIRE:  152 01:03:49        6.274353        0.073686
FIRE:  153 01:03:49        6.272683        0.074763
FIRE:  154 01:03:50        6.270636        0.071443
FIRE:  155 01:03:50        6.268412        0.064005
FIRE:  156 01:03:50        6.265949        0.057602
FIRE:  157 01:03:50        6.263107        0.055767
FIRE:  158 01:03:50        6.260275        0.050290
FIRE:  159 01:03:50        6.257203        0.031056
FIRE:  160 01:03:50        6.254294        0.033486
FIRE:  161 01:03:50        6.251353        0.053323
FIRE:  162 01:03:50        6.248106        0.075246
FIRE:  163 01:03:50        6.245012        0.121328
FIRE:  164 01:03:50        6.242877        0.037786
FIRE:  165 01:03:50        6.243297        0.145904
FIRE:  166 01:03:50        6.242670        0.119797
FIRE:  167 01:03:50        6.241876        0.073682
FIRE:  168 01:03:50        6.241415        0.040511
FIRE:  169 01:03:50        6.241289        0.067470
FIRE:  170 01:03:50        6.241225        0.065359
FIRE:  171 01:03:50        6.241105        0.061275
FIRE:  172 01:03:50        6.240945        0.055496
FIRE:  173 01:03:50        6.240764        0.048439
FIRE:  174 01:03:50        6.240577        0.040663
FIRE:  175 01:03:50        6.240394        0.033235
FIRE:  176 01:03:50        6.240211        0.045181
FIRE:  177 01:03:50        6.239996        0.055737
FIRE:  178 01:03:50        6.239721        0.063214
FIRE:  179 01:03:50        6.239348        0.065924
FIRE:  180 01:03:50        6.238846        0.062503
FIRE:  181 01:03:50        6.238204        0.052519
FIRE:  182 01:03:50        6.237429        0.037532
FIRE:  183 01:03:50        6.236508        0.043224
FIRE:  184 01:03:50        6.235357        0.049614
FIRE:  185 01:03:51        6.233853        0.048433
FIRE:  186 01:03:51        6.231938        0.039533
FIRE:  187 01:03:51        6.229567        0.057403
FIRE:  188 01:03:51        6.226511        0.062523
FIRE:  189 01:03:51        6.222518        0.045112
FIRE:  190 01:03:51        6.217398        0.056256
FIRE:  191 01:03:51        6.210604        0.052262
FIRE:  192 01:03:51        6.201670        0.071454
FIRE:  193 01:03:51        6.189682        0.055858
FIRE:  194 01:03:51        6.173639        0.069160
FIRE:  195 01:03:51        6.151968        0.087349
FIRE:  196 01:03:51        6.122817        0.085753
FIRE:  197 01:03:51        6.084120        0.117076
FIRE:  198 01:03:51        6.043090        0.135334
FIRE:  199 01:03:51        6.025201        0.360619
FIRE:  200 01:03:51        6.011227        0.147454
FIRE:  201 01:03:51        6.010889        0.145932
FIRE:  202 01:03:51        6.010278        0.143070
FIRE:  203 01:03:51        6.009455        0.139182
FIRE:  204 01:03:51        6.008425        0.134621
FIRE:  205 01:03:51        6.007156        0.129659
FIRE:  206 01:03:51        6.005655        0.124399
FIRE:  207 01:03:51        6.003994        0.118747
FIRE:  208 01:03:51        6.002048        0.111740
FIRE:  209 01:03:51        5.999777        0.102711
FIRE:  210 01:03:51        5.997146        0.091227
FIRE:  211 01:03:51        5.994262        0.077651
FIRE:  212 01:03:51        5.991207        0.063280
FIRE:  213 01:03:51        5.988091        0.048883
FIRE:  214 01:03:51        5.985181        0.032963
FIRE:  215 01:03:52        5.982741        0.028576
FIRE:  216 01:03:52        5.981134        0.018784
FIRE:  217 01:03:52        5.980795        0.017988
FIRE:  218 01:03:52        5.980768        0.013368
FIRE:  219 01:03:52        5.980744        0.012981
FIRE:  220 01:03:52        5.980733        0.012687
FIRE:  221 01:03:52        5.980715        0.011728
FIRE:  222 01:03:52        5.980680        0.010483
FIRE:  223 01:03:52        5.980647        0.010186
FIRE:  224 01:03:52        5.980628        0.009708
