      Step     Time          Energy          fmax
FIRE:    0 16:37:23      483.726459      106.983253
FIRE:    1 16:37:23      432.928020       77.176417
FIRE:    2 16:37:23      394.957985       72.961729
FIRE:    3 16:37:23      365.113897       69.396404
FIRE:    4 16:37:23      340.295713       66.253928
FIRE:    5 16:37:23      318.941095       63.414498
FIRE:    6 16:37:23      300.285832       60.808832
FIRE:    7 16:37:23      283.635349       58.359205
FIRE:    8 16:37:23      268.223486       55.977766
FIRE:    9 16:37:23      253.535158       53.615620
FIRE:   10 16:37:23      239.440430       51.281899
FIRE:   11 16:37:23      225.984881       49.007157
FIRE:   12 16:37:23      213.134005       46.800528
FIRE:   13 16:37:23      200.765142       44.655472
FIRE:   14 16:37:23      188.820388       42.568496
FIRE:   15 16:37:23      177.350192       40.542192
FIRE:   16 16:37:23      166.410760       38.575847
FIRE:   17 16:37:23      155.989999       36.660777
FIRE:   18 16:37:23      146.045339       34.788362
FIRE:   19 16:37:24      136.564401       32.958980
FIRE:   20 16:37:24      127.564019       31.180614
FIRE:   21 16:37:24      119.050442       29.460547
FIRE:   22 16:37:24      111.003344       27.800267
FIRE:   23 16:37:24      103.396911       26.198030
FIRE:   24 16:37:24       96.219605       24.655353
FIRE:   25 16:37:24       89.467180       23.177003
FIRE:   26 16:37:24       83.127092       21.759393
FIRE:   27 16:37:24       77.178850       20.392096
FIRE:   28 16:37:24       71.604134       19.070264
FIRE:   29 16:37:24       66.391410       17.794068
FIRE:   30 16:37:24       61.531170       16.566457
FIRE:   31 16:37:24       57.010199       15.389286
FIRE:   32 16:37:24       52.812350       14.262414
FIRE:   33 16:37:24       48.922661       13.184790
FIRE:   34 16:37:24       45.328663       12.155290
FIRE:   35 16:37:24       42.018380       11.172568
FIRE:   36 16:37:24       38.978648       10.234613
FIRE:   37 16:37:24       36.195585        9.339855
FIRE:   38 16:37:24       33.655637        8.488580
FIRE:   39 16:37:25       31.345922        7.680130
FIRE:   40 16:37:25       29.254157        6.911896
FIRE:   41 16:37:25       27.367935        6.182680
FIRE:   42 16:37:25       25.674135        5.492474
FIRE:   43 16:37:25       24.159011        4.841557
FIRE:   44 16:37:25       22.808084        4.230161
FIRE:   45 16:37:25       21.605714        3.657372
FIRE:   46 16:37:25       20.534831        3.121412
FIRE:   47 16:37:25       19.576783        2.621291
FIRE:   48 16:37:25       18.711411        2.156904
FIRE:   49 16:37:25       17.917698        1.816590
FIRE:   50 16:37:25       17.175036        1.958521
FIRE:   51 16:37:25       16.465049        2.078860
FIRE:   52 16:37:25       15.773835        2.161867
FIRE:   53 16:37:25       15.094563        2.188103
FIRE:   54 16:37:25       14.430557        2.132342
FIRE:   55 16:37:25       13.799327        1.959960
FIRE:   56 16:37:25       13.238202        1.621674
FIRE:   57 16:37:25       12.811747        1.051631
FIRE:   58 16:37:26       12.620113        0.383812
FIRE:   59 16:37:26       12.815330        1.206307
FIRE:   60 16:37:26       12.708681        0.640302
FIRE:   61 16:37:26       12.619785        0.286024
FIRE:   62 16:37:26       12.611937        0.307643
FIRE:   63 16:37:26       12.600673        0.342207
FIRE:   64 16:37:26       12.588731        0.375508
FIRE:   65 16:37:26       12.574103        0.394709
FIRE:   66 16:37:26       12.554732        0.394958
FIRE:   67 16:37:26       12.532635        0.379593
FIRE:   68 16:37:26       12.511116        0.360207
FIRE:   69 16:37:26       12.486992        0.353514
FIRE:   70 16:37:26       12.456027        0.374195
FIRE:   71 16:37:26       12.418425        0.416624
FIRE:   72 16:37:26       12.371935        0.447717
FIRE:   73 16:37:26       12.307051        0.439714
FIRE:   74 16:37:26       12.224368        0.404252
FIRE:   75 16:37:26       12.134714        0.391858
FIRE:   76 16:37:26       12.061888        0.390866
FIRE:   77 16:37:26       12.001366        0.368787
FIRE:   78 16:37:26       11.924849        0.365291
FIRE:   79 16:37:27       11.815608        0.416684
FIRE:   80 16:37:27       11.685607        0.495158
FIRE:   81 16:37:27       11.547627        0.569664
FIRE:   82 16:37:27       11.401885        0.638796
FIRE:   83 16:37:27       11.243133        0.708846
FIRE:   84 16:37:27       11.067468        0.777432
FIRE:   85 16:37:27       10.872973        0.836269
FIRE:   86 16:37:27       10.659144        0.879913
FIRE:   87 16:37:27       10.426347        0.910320
FIRE:   88 16:37:27       10.174741        0.929717
FIRE:   89 16:37:27        9.907245        0.930317
FIRE:   90 16:37:27        9.628418        0.911796
FIRE:   91 16:37:27        9.344762        0.866071
FIRE:   92 16:37:27        9.065916        0.788158
FIRE:   93 16:37:27        8.804274        0.675025
FIRE:   94 16:37:27        8.573404        0.526058
FIRE:   95 16:37:27        8.385588        0.344568
FIRE:   96 16:37:27        8.247727        0.276149
FIRE:   97 16:37:27        8.158101        0.317633
FIRE:   98 16:37:28        8.109407        0.384165
FIRE:   99 16:37:28        8.090250        0.539075
FIRE:  100 16:37:28        7.969283        0.493861
FIRE:  101 16:37:28        7.887062        0.356845
FIRE:  102 16:37:28        7.830397        0.557159
FIRE:  103 16:37:28        7.784901        0.427931
FIRE:  104 16:37:28        7.763364        0.287563
FIRE:  105 16:37:28        7.743211        0.352642
FIRE:  106 16:37:28        7.732497        0.420043
FIRE:  107 16:37:28        7.712087        0.459342
FIRE:  108 16:37:28        7.675578        0.463677
FIRE:  109 16:37:28        7.641502        0.449541
FIRE:  110 16:37:28        7.615745        0.444232
FIRE:  111 16:37:28        7.578768        0.461987
FIRE:  112 16:37:28        7.533423        0.502144
FIRE:  113 16:37:28        7.495472        0.521882
FIRE:  114 16:37:28        7.443170        0.465978
FIRE:  115 16:37:28        7.393287        0.354347
FIRE:  116 16:37:28        7.336542        0.264802
FIRE:  117 16:37:28        7.298606        0.243519
FIRE:  118 16:37:29        7.268519        0.155213
FIRE:  119 16:37:29        7.264771        0.204498
FIRE:  120 16:37:29        7.259379        0.143399
FIRE:  121 16:37:29        7.257358        0.121632
FIRE:  122 16:37:29        7.256820        0.120996
FIRE:  123 16:37:29        7.255947        0.119495
FIRE:  124 16:37:29        7.255021        0.116723
FIRE:  125 16:37:29        7.254226        0.112239
FIRE:  126 16:37:29        7.253520        0.105881
FIRE:  127 16:37:29        7.252728        0.097891
FIRE:  128 16:37:29        7.251749        0.088600
FIRE:  129 16:37:29        7.250563        0.077064
FIRE:  130 16:37:29        7.249481        0.062978
FIRE:  131 16:37:29        7.248775        0.046473
FIRE:  132 16:37:29        7.248210        0.052074
FIRE:  133 16:37:29        7.247586        0.027189
FIRE:  134 16:37:29        7.247381        0.029762
FIRE:  135 16:37:29        7.247342        0.026065
FIRE:  136 16:37:29        7.247276        0.025200
FIRE:  137 16:37:29        7.247202        0.023902
FIRE:  138 16:37:29        7.247133        0.022163
FIRE:  139 16:37:30        7.247073        0.019999
FIRE:  140 16:37:30        7.247014        0.017483
FIRE:  141 16:37:30        7.246949        0.017552
FIRE:  142 16:37:30        7.246874        0.013565
FIRE:  143 16:37:30        7.246806        0.007658
