      Step     Time          Energy          fmax
FIRE:    0 13:57:51      137.805487       31.628849
FIRE:    1 13:57:51      128.696061       30.113656
FIRE:    2 13:57:51      120.152552       28.624976
FIRE:    3 13:57:51      112.115139       27.166668
FIRE:    4 13:57:51      104.539420       25.742403
FIRE:    5 13:57:51       97.392869       24.353189
FIRE:    6 13:57:51       90.650993       23.001814
FIRE:    7 13:57:51       84.293915       21.689924
FIRE:    8 13:57:51       78.304896       20.415793
FIRE:    9 13:57:51       72.670255       19.178655
FIRE:   10 13:57:51       67.377917       17.979555
FIRE:   11 13:57:52       62.416421       16.820418
FIRE:   12 13:57:52       57.773980       15.705506
FIRE:   13 13:57:52       53.438145       14.635181
FIRE:   14 13:57:52       49.397343       13.604526
FIRE:   15 13:57:52       45.640840       12.612454
FIRE:   16 13:57:52       42.157696       11.660054
FIRE:   17 13:57:52       38.936466       10.748882
FIRE:   18 13:57:52       35.965189        9.879645
FIRE:   19 13:57:52       33.232043        9.050398
FIRE:   20 13:57:52       30.725751        8.259708
FIRE:   21 13:57:52       28.435193        7.507362
FIRE:   22 13:57:52       26.349328        6.792739
FIRE:   23 13:57:52       24.457393        6.114716
FIRE:   24 13:57:52       22.748965        5.472160
FIRE:   25 13:57:52       21.213918        4.863950
FIRE:   26 13:57:52       19.842389        4.289174
FIRE:   27 13:57:52       18.624516        3.748801
FIRE:   28 13:57:52       17.549808        3.245320
FIRE:   29 13:57:52       16.607639        2.776272
FIRE:   30 13:57:52       15.788364        2.338265
FIRE:   31 13:57:52       15.082526        1.932749
FIRE:   32 13:57:52       14.479963        1.562838
FIRE:   33 13:57:52       13.970179        1.228587
FIRE:   34 13:57:52       13.543576        1.046228
FIRE:   35 13:57:52       13.191811        0.951012
FIRE:   36 13:57:53       12.908779        0.818428
FIRE:   37 13:57:53       12.693927        0.618835
FIRE:   38 13:57:53       12.557602        0.461968
FIRE:   39 13:57:53       12.528532        0.325498
FIRE:   40 13:57:53       12.454498        0.519972
FIRE:   41 13:57:53       12.402089        0.423259
FIRE:   42 13:57:53       12.360872        0.307788
FIRE:   43 13:57:53       12.312754        0.449670
FIRE:   44 13:57:53       12.213516        0.279609
FIRE:   45 13:57:53       12.141531        0.316419
FIRE:   46 13:57:53       12.070702        0.398613
FIRE:   47 13:57:53       11.983772        0.179484
FIRE:   48 13:57:53       11.943315        0.391754
FIRE:   49 13:57:53       11.877024        0.179498
FIRE:   50 13:57:53       11.841631        0.436663
FIRE:   51 13:57:53       11.782298        0.232124
FIRE:   52 13:57:53       11.746529        0.483800
FIRE:   53 13:57:53       11.726027        0.150764
FIRE:   54 13:57:53       11.730467        0.394959
FIRE:   55 13:57:53       11.725514        0.317373
FIRE:   56 13:57:53       11.718772        0.181604
FIRE:   57 13:57:53       11.714201        0.161351
FIRE:   58 13:57:53       11.712802        0.164102
FIRE:   59 13:57:53       11.712364        0.154432
FIRE:   60 13:57:53       11.711539        0.145465
FIRE:   61 13:57:53       11.710416        0.149087
FIRE:   62 13:57:53       11.709102        0.153485
FIRE:   63 13:57:53       11.707690        0.158317
FIRE:   64 13:57:54       11.706232        0.163193
FIRE:   65 13:57:54       11.704724        0.167713
FIRE:   66 13:57:54       11.702930        0.171899
FIRE:   67 13:57:54       11.700671        0.175247
FIRE:   68 13:57:54       11.697699        0.177238
FIRE:   69 13:57:54       11.693754        0.177402
FIRE:   70 13:57:54       11.688660        0.175451
FIRE:   71 13:57:54       11.682352        0.171588
FIRE:   72 13:57:54       11.674718        0.167045
FIRE:   73 13:57:54       11.665242        0.164386
FIRE:   74 13:57:54       11.652946        0.166563
FIRE:   75 13:57:54       11.636990        0.174798
FIRE:   76 13:57:54       11.616776        0.186252
FIRE:   77 13:57:54       11.590529        0.194370
FIRE:   78 13:57:54       11.555381        0.194216
FIRE:   79 13:57:54       11.508694        0.189878
FIRE:   80 13:57:54       11.444679        0.197196
FIRE:   81 13:57:54       11.356655        0.208043
FIRE:   82 13:57:54       11.256356        0.193539
FIRE:   83 13:57:54       11.156062        0.168641
FIRE:   84 13:57:54       11.062627        0.155020
FIRE:   85 13:57:54       10.983739        0.160490
FIRE:   86 13:57:54       10.930141        0.162294
FIRE:   87 13:57:54       10.907897        0.162887
FIRE:   88 13:57:54       10.911898        0.171682
FIRE:   89 13:57:54       10.901966        0.149684
FIRE:   90 13:57:54       10.886900        0.111390
FIRE:   91 13:57:54       10.872357        0.152285
FIRE:   92 13:57:55       10.860948        0.227977
FIRE:   93 13:57:55       10.850218        0.280262
FIRE:   94 13:57:55       10.835825        0.304480
FIRE:   95 13:57:55       10.815080        0.308815
FIRE:   96 13:57:55       10.784391        0.297274
FIRE:   97 13:57:55       10.742198        0.267229
FIRE:   98 13:57:55       10.682171        0.235188
FIRE:   99 13:57:55       10.600566        0.251363
FIRE:  100 13:57:55       10.498579        0.310358
FIRE:  101 13:57:55       10.377113        0.386629
FIRE:  102 13:57:55       10.237967        0.462416
FIRE:  103 13:57:55       10.082036        0.527096
FIRE:  104 13:57:55        9.911871        0.567469
FIRE:  105 13:57:55        9.734090        0.572294
FIRE:  106 13:57:55        9.563178        0.527809
FIRE:  107 13:57:55        9.422745        0.420123
FIRE:  108 13:57:55        9.348729        0.225923
FIRE:  109 13:57:55        9.375621        0.551144
FIRE:  110 13:57:55        9.319260        0.231541
FIRE:  111 13:57:55        9.313685        0.169662
FIRE:  112 13:57:55        9.306969        0.113804
FIRE:  113 13:57:55        9.302009        0.125828
FIRE:  114 13:57:55        9.297216        0.131732
FIRE:  115 13:57:55        9.290531        0.129663
FIRE:  116 13:57:55        9.283181        0.116151
FIRE:  117 13:57:55        9.278189        0.088608
FIRE:  118 13:57:55        9.274710        0.116133
FIRE:  119 13:57:56        9.270233        0.063781
FIRE:  120 13:57:56        9.270104        0.068565
FIRE:  121 13:57:56        9.269793        0.056494
FIRE:  122 13:57:56        9.269387        0.034416
FIRE:  123 13:57:56        9.269160        0.022077
FIRE:  124 13:57:56        9.269220        0.027321
FIRE:  125 13:57:56        9.269206        0.025971
FIRE:  126 13:57:56        9.269181        0.023340
FIRE:  127 13:57:56        9.269149        0.019564
FIRE:  128 13:57:56        9.269115        0.017275
FIRE:  129 13:57:56        9.269086        0.016230
FIRE:  130 13:57:56        9.269064        0.015020
FIRE:  131 13:57:56        9.269052        0.013658
FIRE:  132 13:57:56        9.269047        0.012052
FIRE:  133 13:57:56        9.269046        0.012034
FIRE:  134 13:57:56        9.269045        0.011998
FIRE:  135 13:57:56        9.269044        0.011945
FIRE:  136 13:57:56        9.269042        0.011873
FIRE:  137 13:57:56        9.269039        0.011783
FIRE:  138 13:57:56        9.269037        0.011673
FIRE:  139 13:57:56        9.269034        0.011544
FIRE:  140 13:57:56        9.269030        0.011378
FIRE:  141 13:57:56        9.269027        0.011164
FIRE:  142 13:57:56        9.269022        0.010890
FIRE:  143 13:57:56        9.269018        0.010541
FIRE:  144 13:57:56        9.269013        0.010098
FIRE:  145 13:57:56        9.269007        0.009543
