      Step     Time          Energy          fmax
FIRE:    0 12:18:01      356.715852      168.785214
FIRE:    1 12:18:01      281.576632      145.850622
FIRE:    2 12:18:01      221.930031      118.521345
FIRE:    3 12:18:01      176.122628       90.784558
FIRE:    4 12:18:02      142.025148       65.901944
FIRE:    5 12:18:02      117.027363       45.660979
FIRE:    6 12:18:02       98.431739       38.403801
FIRE:    7 12:18:02       83.939974       37.249326
FIRE:    8 12:18:02       71.942771       35.649720
FIRE:    9 12:18:02       61.570842       33.393735
FIRE:   10 12:18:03       52.437945       30.350342
FIRE:   11 12:18:03       44.381077       26.493924
FIRE:   12 12:18:03       37.339425       21.948000
FIRE:   13 12:18:03       31.327610       16.976022
FIRE:   14 12:18:03       26.417832       12.294671
FIRE:   15 12:18:03       22.694412        8.216569
FIRE:   16 12:18:03       20.184071        7.249040
FIRE:   17 12:18:03       18.772175        6.455588
FIRE:   18 12:18:03       18.163155        7.449643
FIRE:   19 12:18:03       17.953719        9.912975
FIRE:   20 12:18:04       15.208262        4.909927
FIRE:   21 12:18:04       13.666831        4.453842
FIRE:   22 12:18:04       12.510592        3.975915
FIRE:   23 12:18:04       11.529147        3.436190
FIRE:   24 12:18:04       10.624525        3.710440
FIRE:   25 12:18:04        9.680718        3.230647
FIRE:   26 12:18:04        8.781382        2.313928
FIRE:   27 12:18:04        8.019823        2.340554
FIRE:   28 12:18:04        7.389834        1.702264
FIRE:   29 12:18:04        6.869963        1.177790
FIRE:   30 12:18:04        6.449282        1.121884
FIRE:   31 12:18:04        6.107321        1.045344
FIRE:   32 12:18:05        5.825803        0.913882
FIRE:   33 12:18:05        5.598469        0.722882
FIRE:   34 12:18:05        5.422577        0.503912
FIRE:   35 12:18:05        5.293700        0.510115
FIRE:   36 12:18:05        5.206757        0.514114
FIRE:   37 12:18:05        5.156598        0.521106
FIRE:   38 12:18:05        5.133909        0.510238
FIRE:   39 12:18:05        5.031932        0.445332
FIRE:   40 12:18:05        4.960005        0.388172
FIRE:   41 12:18:05        4.909694        0.377475
FIRE:   42 12:18:05        4.905091        0.673693
FIRE:   43 12:18:05        4.887653        0.509802
FIRE:   44 12:18:05        4.865168        0.246200
FIRE:   45 12:18:06        4.849557        0.190058
FIRE:   46 12:18:06        4.842563        0.205000
FIRE:   47 12:18:06        4.840124        0.256905
FIRE:   48 12:18:06        4.839262        0.240802
FIRE:   49 12:18:06        4.837688        0.209763
FIRE:   50 12:18:06        4.835663        0.166076
FIRE:   51 12:18:06        4.833494        0.113063
FIRE:   52 12:18:06        4.831445        0.104901
FIRE:   53 12:18:06        4.829672        0.101486
FIRE:   54 12:18:06        4.828178        0.096931
FIRE:   55 12:18:06        4.826715        0.096685
FIRE:   56 12:18:06        4.825129        0.124389
FIRE:   57 12:18:06        4.823262        0.131007
FIRE:   58 12:18:06        4.821050        0.113732
FIRE:   59 12:18:07        4.818527        0.078947
FIRE:   60 12:18:07        4.815709        0.081461
FIRE:   61 12:18:07        4.812528        0.102065
FIRE:   62 12:18:07        4.809098        0.091155
FIRE:   63 12:18:07        4.805924        0.066310
FIRE:   64 12:18:07        4.803258        0.065029
FIRE:   65 12:18:07        4.800688        0.072677
FIRE:   66 12:18:07        4.797800        0.067905
FIRE:   67 12:18:07        4.794147        0.075543
FIRE:   68 12:18:07        4.790282        0.086402
FIRE:   69 12:18:07        4.783984        0.102338
FIRE:   70 12:18:07        4.773144        0.127138
FIRE:   71 12:18:07        4.753996        0.165037
FIRE:   72 12:18:08        4.715610        0.245350
FIRE:   73 12:18:08        4.630470        0.358549
FIRE:   74 12:18:08        4.506511        0.478767
FIRE:   75 12:18:08        4.349562        0.565271
FIRE:   76 12:18:08        4.171364        0.586178
FIRE:   77 12:18:08        3.994577        0.508467
FIRE:   78 12:18:08        3.848841        0.298498
FIRE:   79 12:18:08        3.768541        0.242163
FIRE:   80 12:18:08        3.757682        0.613319
FIRE:   81 12:18:08        3.655635        0.303824
FIRE:   82 12:18:08        3.610747        0.420870
FIRE:   83 12:18:09        3.592021        0.365227
FIRE:   84 12:18:09        3.564166        0.264145
FIRE:   85 12:18:09        3.535563        0.185660
FIRE:   86 12:18:09        3.508014        0.212839
FIRE:   87 12:18:09        3.478772        0.226158
FIRE:   88 12:18:09        3.442583        0.222981
FIRE:   89 12:18:09        3.399005        0.207977
FIRE:   90 12:18:09        3.351401        0.190793
FIRE:   91 12:18:09        3.310775        0.169856
FIRE:   92 12:18:09        3.282949        0.149411
FIRE:   93 12:18:09        3.269791        0.136140
FIRE:   94 12:18:09        3.267879        0.125937
FIRE:   95 12:18:10        3.264797        0.107716
FIRE:   96 12:18:10        3.261541        0.085105
FIRE:   97 12:18:10        3.258760        0.072045
FIRE:   98 12:18:10        3.256512        0.082596
FIRE:   99 12:18:10        3.254571        0.089112
FIRE:  100 12:18:10        3.252849        0.090782
FIRE:  101 12:18:10        3.251296        0.087166
FIRE:  102 12:18:10        3.250001        0.078743
FIRE:  103 12:18:10        3.248690        0.067925
FIRE:  104 12:18:10        3.247038        0.057333
FIRE:  105 12:18:10        3.244893        0.055587
FIRE:  106 12:18:11        3.242073        0.040163
FIRE:  107 12:18:11        3.239234        0.030051
FIRE:  108 12:18:11        3.237071        0.066790
FIRE:  109 12:18:11        3.234752        0.038802
FIRE:  110 12:18:11        3.233015        0.052071
FIRE:  111 12:18:11        3.230823        0.034179
FIRE:  112 12:18:11        3.229567        0.045075
FIRE:  113 12:18:11        3.226741        0.055153
FIRE:  114 12:18:11        3.223076        0.084905
FIRE:  115 12:18:11        3.233317        0.322921
FIRE:  116 12:18:11        3.217183        0.155310
FIRE:  117 12:18:11        3.215101        0.101751
FIRE:  118 12:18:11        3.213428        0.035768
FIRE:  119 12:18:11        3.213720        0.075193
FIRE:  120 12:18:12        3.213546        0.068650
FIRE:  121 12:18:12        3.213247        0.056227
FIRE:  122 12:18:12        3.212901        0.039347
FIRE:  123 12:18:12        3.212588        0.034415
FIRE:  124 12:18:12        3.212356        0.034802
FIRE:  125 12:18:12        3.212190        0.035458
FIRE:  126 12:18:12        3.212027        0.038776
FIRE:  127 12:18:12        3.211769        0.045559
FIRE:  128 12:18:12        3.211344        0.044531
FIRE:  129 12:18:12        3.210729        0.039576
FIRE:  130 12:18:12        3.209987        0.042423
FIRE:  131 12:18:12        3.209201        0.045729
FIRE:  132 12:18:13        3.208300        0.049195
FIRE:  133 12:18:13        3.207033        0.052577
FIRE:  134 12:18:13        3.205278        0.055821
FIRE:  135 12:18:13        3.203141        0.059279
FIRE:  136 12:18:13        3.200366        0.064015
FIRE:  137 12:18:13        3.196375        0.070917
FIRE:  138 12:18:13        3.190999        0.079563
FIRE:  139 12:18:13        3.183195        0.088724
FIRE:  140 12:18:13        3.171678        0.099683
FIRE:  141 12:18:13        3.153861        0.118290
FIRE:  142 12:18:13        3.124874        0.144694
FIRE:  143 12:18:14        3.077269        0.168369
FIRE:  144 12:18:14        3.014705        0.192654
FIRE:  145 12:18:14        2.951240        0.202888
FIRE:  146 12:18:14        2.886156        0.201117
FIRE:  147 12:18:14        2.813610        0.229534
FIRE:  148 12:18:14        2.737912        0.247810
FIRE:  149 12:18:14        2.666122        0.260513
FIRE:  150 12:18:14        2.599689        0.248036
FIRE:  151 12:18:14        2.532175        0.217431
FIRE:  152 12:18:14        2.451816        0.203690
FIRE:  153 12:18:15        2.353454        0.220739
FIRE:  154 12:18:15        2.242091        0.239407
FIRE:  155 12:18:15        2.138749        0.232713
FIRE:  156 12:18:15        2.073632        0.385584
FIRE:  157 12:18:15        2.045821        0.803102
FIRE:  158 12:18:15        1.980522        0.441457
FIRE:  159 12:18:15        1.936563        0.211422
FIRE:  160 12:18:15        1.911673        0.311872
FIRE:  161 12:18:15        1.883365        0.506028
FIRE:  162 12:18:15        1.819438        0.282447
FIRE:  163 12:18:15        1.761506        0.231985
FIRE:  164 12:18:15        1.710692        0.356320
FIRE:  165 12:18:16        1.652391        0.201619
FIRE:  166 12:18:16        1.604571        0.228245
FIRE:  167 12:18:16        1.574163        0.197467
FIRE:  168 12:18:16        1.554676        0.233608
FIRE:  169 12:18:16        1.548136        0.115461
FIRE:  170 12:18:16        1.543730        0.116589
FIRE:  171 12:18:16        1.542555        0.189301
FIRE:  172 12:18:16        1.541507        0.166839
FIRE:  173 12:18:16        1.539840        0.125064
FIRE:  174 12:18:17        1.538176        0.106984
FIRE:  175 12:18:17        1.536970        0.103273
FIRE:  176 12:18:17        1.536189        0.099821
FIRE:  177 12:18:17        1.535383        0.125847
FIRE:  178 12:18:17        1.534125        0.129239
FIRE:  179 12:18:17        1.532090        0.105507
FIRE:  180 12:18:17        1.529466        0.096381
FIRE:  181 12:18:17        1.526817        0.098831
FIRE:  182 12:18:17        1.524293        0.100706
FIRE:  183 12:18:17        1.521063        0.101521
FIRE:  184 12:18:17        1.516608        0.100835
FIRE:  185 12:18:18        1.511793        0.098176
FIRE:  186 12:18:18        1.506401        0.094671
FIRE:  187 12:18:18        1.499063        0.091756
FIRE:  188 12:18:18        1.491079        0.088088
FIRE:  189 12:18:18        1.480963        0.091322
FIRE:  190 12:18:18        1.469465        0.094009
FIRE:  191 12:18:18        1.455362        0.099402
FIRE:  192 12:18:18        1.440408        0.101875
FIRE:  193 12:18:18        1.424439        0.115336
FIRE:  194 12:18:18        1.409082        0.120579
FIRE:  195 12:18:18        1.398367        0.217277
FIRE:  196 12:18:18        1.394023        0.048756
FIRE:  197 12:18:19        1.395954        0.164366
FIRE:  198 12:18:19        1.394950        0.130071
FIRE:  199 12:18:19        1.393701        0.068576
FIRE:  200 12:18:19        1.393117        0.045070
FIRE:  201 12:18:19        1.393387        0.072404
FIRE:  202 12:18:19        1.393328        0.068640
FIRE:  203 12:18:19        1.393220        0.061313
FIRE:  204 12:18:19        1.393082        0.050823
FIRE:  205 12:18:19        1.392936        0.042689
FIRE:  206 12:18:19        1.392803        0.042828
FIRE:  207 12:18:20        1.392699        0.042945
FIRE:  208 12:18:20        1.392626        0.042994
FIRE:  209 12:18:20        1.392568        0.042920
FIRE:  210 12:18:20        1.392505        0.042660
FIRE:  211 12:18:20        1.392405        0.042150
FIRE:  212 12:18:20        1.392242        0.041330
FIRE:  213 12:18:20        1.392010        0.040156
FIRE:  214 12:18:20        1.391740        0.038622
FIRE:  215 12:18:20        1.391482        0.036790
FIRE:  216 12:18:20        1.391239        0.034859
FIRE:  217 12:18:20        1.390932        0.033038
FIRE:  218 12:18:21        1.390509        0.031435
FIRE:  219 12:18:21        1.390058        0.029996
FIRE:  220 12:18:21        1.389623        0.028225
FIRE:  221 12:18:21        1.389060        0.025604
FIRE:  222 12:18:21        1.388449        0.022220
FIRE:  223 12:18:21        1.387846        0.022531
FIRE:  224 12:18:21        1.387158        0.017250
FIRE:  225 12:18:21        1.386552        0.016792
FIRE:  226 12:18:22        1.386014        0.019866
FIRE:  227 12:18:22        1.385589        0.007125
