      Step     Time          Energy          fmax
FIRE:    0 16:39:52      378.604164      186.024886
FIRE:    1 16:39:52      302.678474      147.914936
FIRE:    2 16:39:52      246.740618      107.099334
FIRE:    3 16:39:52      208.654911       78.162044
FIRE:    4 16:39:52      183.231365       64.257931
FIRE:    5 16:39:52      165.023435       57.985321
FIRE:    6 16:39:52      151.326689       53.213549
FIRE:    7 16:39:52      141.104296       51.932027
FIRE:    8 16:39:52      132.465676       50.658006
FIRE:    9 16:39:52      123.333538       48.219399
FIRE:   10 16:39:52      112.933119       44.421351
FIRE:   11 16:39:52      101.828666       39.720436
FIRE:   12 16:39:52       90.956070       34.885473
FIRE:   13 16:39:53       80.696267       32.068302
FIRE:   14 16:39:53       70.767734       30.013768
FIRE:   15 16:39:53       61.041970       26.834353
FIRE:   16 16:39:53       51.943559       23.186469
FIRE:   17 16:39:53       43.842127       21.409725
FIRE:   18 16:39:53       36.655358       19.251210
FIRE:   19 16:39:53       30.154088       16.599219
FIRE:   20 16:39:53       24.266785       13.672858
FIRE:   21 16:39:53       19.069844       12.069959
FIRE:   22 16:39:53       14.658992       10.687405
FIRE:   23 16:39:53       11.078683        9.261747
FIRE:   24 16:39:53        8.332767        7.409613
FIRE:   25 16:39:53        6.396114        5.193519
FIRE:   26 16:39:53        5.201097        3.011489
FIRE:   27 16:39:53        4.624437        1.250267
FIRE:   28 16:39:53        4.493061        0.489965
FIRE:   29 16:39:53        4.456564        0.447795
FIRE:   30 16:39:53        4.430006        0.265247
FIRE:   31 16:39:53        4.407493        0.307643
FIRE:   32 16:39:53        4.391244        0.439755
FIRE:   33 16:39:53        4.353358        0.509666
FIRE:   34 16:39:53        4.289615        0.439885
FIRE:   35 16:39:53        4.238220        0.240616
FIRE:   36 16:39:53        4.281429        1.080693
FIRE:   37 16:39:53        4.262102        0.833063
FIRE:   38 16:39:53        4.238384        0.464414
FIRE:   39 16:39:53        4.224355        0.128547
FIRE:   40 16:39:53        4.223774        0.178552
FIRE:   41 16:39:53        4.223547        0.173477
FIRE:   42 16:39:53        4.223114        0.163450
FIRE:   43 16:39:53        4.222512        0.148723
FIRE:   44 16:39:53        4.221791        0.129696
FIRE:   45 16:39:53        4.221009        0.109419
FIRE:   46 16:39:53        4.220220        0.118594
FIRE:   47 16:39:53        4.219465        0.128146
FIRE:   48 16:39:54        4.218695        0.138518
FIRE:   49 16:39:54        4.217915        0.148957
FIRE:   50 16:39:54        4.217070        0.158386
FIRE:   51 16:39:54        4.216030        0.165614
FIRE:   52 16:39:54        4.214604        0.169524
FIRE:   53 16:39:54        4.212598        0.169212
FIRE:   54 16:39:54        4.209903        0.164276
FIRE:   55 16:39:54        4.206538        0.155447
FIRE:   56 16:39:54        4.202541        0.145672
FIRE:   57 16:39:54        4.197660        0.140689
FIRE:   58 16:39:54        4.191192        0.147090
FIRE:   59 16:39:54        4.182358        0.168883
FIRE:   60 16:39:54        4.170715        0.203270
FIRE:   61 16:39:54        4.155377        0.237501
FIRE:   62 16:39:54        4.134022        0.255212
FIRE:   63 16:39:54        4.104536        0.253049
FIRE:   64 16:39:54        4.064470        0.260873
FIRE:   65 16:39:54        4.008748        0.308258
FIRE:   66 16:39:54        3.932587        0.350405
FIRE:   67 16:39:54        3.851456        0.337048
FIRE:   68 16:39:54        3.769623        0.322501
FIRE:   69 16:39:54        3.691332        0.308010
FIRE:   70 16:39:54        3.621970        0.245693
FIRE:   71 16:39:54        3.567471        0.148819
FIRE:   72 16:39:54        3.533775        0.093847
FIRE:   73 16:39:54        3.527627        0.045327
FIRE:   74 16:39:54        3.527205        0.050811
FIRE:   75 16:39:54        3.526810        0.042477
FIRE:   76 16:39:54        3.526170        0.042874
FIRE:   77 16:39:54        3.525685        0.040126
FIRE:   78 16:39:54        3.525101        0.034631
FIRE:   79 16:39:54        3.524665        0.027918
FIRE:   80 16:39:54        3.524168        0.033374
FIRE:   81 16:39:54        3.523686        0.029384
FIRE:   82 16:39:55        3.522881        0.039491
FIRE:   83 16:39:55        3.521716        0.055971
FIRE:   84 16:39:55        3.519871        0.038051
FIRE:   85 16:39:55        3.517175        0.056079
FIRE:   86 16:39:55        3.513635        0.074618
FIRE:   87 16:39:55        3.510848        0.147041
FIRE:   88 16:39:55        3.506967        0.062225
FIRE:   89 16:39:55        3.509087        0.156839
FIRE:   90 16:39:55        3.507603        0.115086
FIRE:   91 16:39:55        3.506044        0.058346
FIRE:   92 16:39:55        3.505690        0.064938
FIRE:   93 16:39:55        3.505645        0.064756
FIRE:   94 16:39:55        3.505559        0.064397
FIRE:   95 16:39:55        3.505442        0.063875
FIRE:   96 16:39:55        3.505306        0.063216
FIRE:   97 16:39:55        3.505157        0.062466
FIRE:   98 16:39:55        3.505001        0.061690
FIRE:   99 16:39:55        3.504834        0.060972
FIRE:  100 16:39:55        3.504628        0.060344
FIRE:  101 16:39:55        3.504361        0.059941
FIRE:  102 16:39:55        3.504008        0.059907
FIRE:  103 16:39:55        3.503547        0.060362
FIRE:  104 16:39:55        3.502968        0.061343
FIRE:  105 16:39:55        3.502263        0.062746
FIRE:  106 16:39:55        3.501397        0.064322
FIRE:  107 16:39:55        3.500294        0.065782
FIRE:  108 16:39:55        3.498872        0.066955
FIRE:  109 16:39:55        3.497080        0.068012
FIRE:  110 16:39:55        3.494820        0.069755
FIRE:  111 16:39:55        3.491877        0.073254
FIRE:  112 16:39:55        3.488053        0.078622
FIRE:  113 16:39:55        3.483043        0.084716
FIRE:  114 16:39:55        3.476305        0.091318
FIRE:  115 16:39:55        3.467087        0.101818
FIRE:  116 16:39:56        3.453895        0.119703
FIRE:  117 16:39:56        3.434840        0.133361
FIRE:  118 16:39:56        3.408665        0.136678
FIRE:  119 16:39:56        3.376472        0.153347
FIRE:  120 16:39:56        3.342401        0.170437
FIRE:  121 16:39:56        3.306582        0.178979
FIRE:  122 16:39:56        3.269242        0.184858
FIRE:  123 16:39:56        3.228806        0.211127
FIRE:  124 16:39:56        3.181595        0.230801
FIRE:  125 16:39:56        3.133505        0.239263
FIRE:  126 16:39:56        3.082042        0.258229
FIRE:  127 16:39:56        3.024605        0.286949
FIRE:  128 16:39:56        2.958897        0.325591
FIRE:  129 16:39:56        2.884522        0.371723
FIRE:  130 16:39:56        2.799667        0.424292
FIRE:  131 16:39:56        2.702795        0.480580
FIRE:  132 16:39:56        2.592729        0.538961
FIRE:  133 16:39:56        2.468693        0.596786
FIRE:  134 16:39:56        2.330660        0.649311
FIRE:  135 16:39:56        2.179922        0.688753
FIRE:  136 16:39:56        2.019949        0.703016
FIRE:  137 16:39:56        1.857852        0.673656
FIRE:  138 16:39:56        1.706913        0.572705
FIRE:  139 16:39:56        1.590709        0.358449
FIRE:  140 16:39:56        1.547988        0.206715
FIRE:  141 16:39:56        1.538986        0.116252
FIRE:  142 16:39:56        1.537141        0.084378
FIRE:  143 16:39:56        1.535777        0.029699
FIRE:  144 16:39:56        1.536379        0.062445
FIRE:  145 16:39:56        1.536224        0.056666
FIRE:  146 16:39:56        1.535972        0.045688
FIRE:  147 16:39:56        1.535717        0.030608
FIRE:  148 16:39:56        1.535553        0.012916
FIRE:  149 16:39:56        1.535537        0.011926
FIRE:  150 16:39:56        1.535536        0.011731
FIRE:  151 16:39:57        1.535534        0.011346
FIRE:  152 16:39:57        1.535531        0.010778
FIRE:  153 16:39:57        1.535528        0.010038
FIRE:  154 16:39:57        1.535525        0.009141
