      Step     Time          Energy          fmax
FIRE:    0 11:04:10      333.300289      159.362706
FIRE:    1 11:04:10      260.001064       95.019896
FIRE:    2 11:04:10      218.315648       55.840778
FIRE:    3 11:04:10      200.871723       53.652860
FIRE:    4 11:04:10      200.134345       54.428128
FIRE:    5 11:04:10      182.530810       50.848805
FIRE:    6 11:04:10      173.665881       49.661011
FIRE:    7 11:04:10      161.633584       47.313197
FIRE:    8 11:04:10      147.987402       44.235349
FIRE:    9 11:04:10      136.910419       41.694418
FIRE:   10 11:04:10      127.977768       39.586792
FIRE:   11 11:04:10      119.261923       37.349409
FIRE:   12 11:04:10      110.203313       34.864424
FIRE:   13 11:04:10      101.572019       32.437577
FIRE:   14 11:04:10       93.940123       30.269290
FIRE:   15 11:04:10       87.064099       28.260426
FIRE:   16 11:04:10       80.475361       26.250661
FIRE:   17 11:04:10       74.095120       24.239283
FIRE:   18 11:04:10       68.141137       22.330486
FIRE:   19 11:04:10       62.735193       20.575270
FIRE:   20 11:04:10       57.778043       18.929459
FIRE:   21 11:04:11       53.133705       17.339509
FIRE:   22 11:04:11       48.779584       15.807020
FIRE:   23 11:04:11       44.767625       14.365343
FIRE:   24 11:04:11       41.120528       13.028026
FIRE:   25 11:04:11       37.799443       11.776591
FIRE:   26 11:04:11       34.752286       10.589255
FIRE:   27 11:04:11       31.959873        9.463675
FIRE:   28 11:04:11       29.429440        8.600314
FIRE:   29 11:04:11       27.161296        7.861912
FIRE:   30 11:04:11       25.134350        7.151867
FIRE:   31 11:04:11       23.321423        6.470159
FIRE:   32 11:04:11       21.707174        5.814303
FIRE:   33 11:04:11       20.287293        5.182238
FIRE:   34 11:04:11       19.055859        4.574837
FIRE:   35 11:04:11       17.997588        3.998899
FIRE:   36 11:04:11       17.092603        3.464392
FIRE:   37 11:04:11       16.325735        2.965745
FIRE:   38 11:04:11       15.688112        2.493831
FIRE:   39 11:04:11       15.169605        2.051457
FIRE:   40 11:04:11       14.755154        1.642807
FIRE:   41 11:04:11       14.428771        1.270744
FIRE:   42 11:04:11       14.177131        0.938983
FIRE:   43 11:04:11       13.989741        0.651903
FIRE:   44 11:04:11       13.859566        0.666998
FIRE:   45 11:04:11       13.786049        0.830257
FIRE:   46 11:04:11       13.776987        0.951540
FIRE:   47 11:04:11       13.639522        0.629481
FIRE:   48 11:04:12       13.607897        0.851349
FIRE:   49 11:04:12       13.659981        1.226333
FIRE:   50 11:04:12       13.532541        0.431856
FIRE:   51 11:04:12       13.543968        0.619510
FIRE:   52 11:04:12       13.532423        0.517298
FIRE:   53 11:04:12       13.516245        0.331806
FIRE:   54 11:04:12       13.504748        0.276776
FIRE:   55 11:04:12       13.503361        0.267760
FIRE:   56 11:04:12       13.503059        0.267468
FIRE:   57 11:04:12       13.502481        0.266857
FIRE:   58 11:04:12       13.501678        0.265874
FIRE:   59 11:04:12       13.500715        0.264446
FIRE:   60 11:04:12       13.499659        0.262493
FIRE:   61 11:04:12       13.498566        0.259939
FIRE:   62 11:04:12       13.497470        0.256737
FIRE:   63 11:04:12       13.496257        0.252445
FIRE:   64 11:04:12       13.494875        0.246883
FIRE:   65 11:04:12       13.493211        0.239936
FIRE:   66 11:04:12       13.491103        0.231523
FIRE:   67 11:04:12       13.488391        0.221519
FIRE:   68 11:04:12       13.485009        0.209618
FIRE:   69 11:04:12       13.481050        0.195243
FIRE:   70 11:04:12       13.476681        0.177646
FIRE:   71 11:04:12       13.471856        0.161087
FIRE:   72 11:04:12       13.466222        0.157291
FIRE:   73 11:04:13       13.459685        0.158132
FIRE:   74 11:04:13       13.452786        0.158930
FIRE:   75 11:04:13       13.445517        0.159668
FIRE:   76 11:04:13       13.437408        0.160338
FIRE:   77 11:04:13       13.429216        0.160883
FIRE:   78 11:04:13       13.420113        0.161427
FIRE:   79 11:04:13       13.410465        0.162219
FIRE:   80 11:04:13       13.399055        0.163739
FIRE:   81 11:04:13       13.386196        0.166422
FIRE:   82 11:04:13       13.371164        0.170288
FIRE:   83 11:04:13       13.353336        0.173841
FIRE:   84 11:04:13       13.332829        0.176553
FIRE:   85 11:04:13       13.311729        0.292691
FIRE:   86 11:04:13       13.316649        0.741327
FIRE:   87 11:04:13       13.267919        0.189617
FIRE:   88 11:04:13       13.267287        0.189768
FIRE:   89 11:04:13       13.266206        0.190066
FIRE:   90 11:04:13       13.264844        0.190516
FIRE:   91 11:04:13       13.263167        0.191136
FIRE:   92 11:04:13       13.261008        0.191946
FIRE:   93 11:04:13       13.258313        0.192961
FIRE:   94 11:04:13       13.255216        0.194189
FIRE:   95 11:04:13       13.251475        0.195804
FIRE:   96 11:04:13       13.246844        0.197888
FIRE:   97 11:04:13       13.240941        0.200513
FIRE:   98 11:04:13       13.233708        0.203739
FIRE:   99 11:04:13       13.224880        0.207619
FIRE:  100 11:04:13       13.213779        0.212246
FIRE:  101 11:04:13       13.200166        0.217854
FIRE:  102 11:04:14       13.182921        0.224964
FIRE:  103 11:04:14       13.161197        0.234368
FIRE:  104 11:04:14       13.133265        0.245617
FIRE:  105 11:04:14       13.097373        0.257286
FIRE:  106 11:04:14       13.051114        0.271386
FIRE:  107 11:04:14       12.990957        0.289700
FIRE:  108 11:04:14       12.928349        0.334621
FIRE:  109 11:04:14       12.878413        0.630237
FIRE:  110 11:04:14       12.841141        0.333926
FIRE:  111 11:04:14       12.839393        0.334339
FIRE:  112 11:04:14       12.836579        0.335139
FIRE:  113 11:04:14       12.833240        0.336307
FIRE:  114 11:04:14       12.829096        0.337845
FIRE:  115 11:04:14       12.823486        0.339753
FIRE:  116 11:04:14       12.816316        0.342018
FIRE:  117 11:04:14       12.808103        0.344612
FIRE:  118 11:04:14       12.798074        0.347848
FIRE:  119 11:04:14       12.785121        0.351859
FIRE:  120 11:04:14       12.768088        0.356796
FIRE:  121 11:04:14       12.746810        0.362836
FIRE:  122 11:04:14       12.719533        0.370268
FIRE:  123 11:04:14       12.684059        0.379521
FIRE:  124 11:04:14       12.638551        0.391267
FIRE:  125 11:04:14       12.578416        0.406506
FIRE:  126 11:04:14       12.498624        0.426732
FIRE:  127 11:04:14       12.390544        0.454109
FIRE:  128 11:04:14       12.263904        0.485977
FIRE:  129 11:04:14       12.124614        0.520638
FIRE:  130 11:04:14       11.972214        0.557477
FIRE:  131 11:04:15       11.805608        0.595637
FIRE:  132 11:04:15       11.623448        0.637033
FIRE:  133 11:04:15       11.427833        0.664212
FIRE:  134 11:04:15       11.226578        0.675862
FIRE:  135 11:04:15       11.031385        0.662490
FIRE:  136 11:04:15       10.863986        0.604431
FIRE:  137 11:04:15       10.755270        0.484368
FIRE:  138 11:04:15       10.719129        0.498562
FIRE:  139 11:04:15       10.651363        0.343180
FIRE:  140 11:04:15       10.646197        0.315142
FIRE:  141 11:04:15       10.635196        0.314987
FIRE:  142 11:04:15       10.624289        0.311792
FIRE:  143 11:04:15       10.610744        0.302476
FIRE:  144 11:04:15       10.602486        0.285195
FIRE:  145 11:04:15       10.598344        0.262866
FIRE:  146 11:04:15       10.589981        0.241629
FIRE:  147 11:04:15       10.578841        0.225453
FIRE:  148 11:04:15       10.560043        0.213065
FIRE:  149 11:04:15       10.543399        0.200875
FIRE:  150 11:04:15       10.528114        0.186341
FIRE:  151 11:04:15       10.509075        0.174454
FIRE:  152 11:04:15       10.475488        0.184726
FIRE:  153 11:04:15       10.433823        0.198892
FIRE:  154 11:04:15       10.386054        0.321866
FIRE:  155 11:04:15       10.342050        0.678545
FIRE:  156 11:04:15       10.296287        0.237105
FIRE:  157 11:04:15       10.294908        0.238267
FIRE:  158 11:04:15       10.292359        0.240550
FIRE:  159 11:04:15       10.288841        0.243888
FIRE:  160 11:04:16       10.284343        0.248184
FIRE:  161 11:04:16       10.278703        0.253324
FIRE:  162 11:04:16       10.271856        0.259194
FIRE:  163 11:04:16       10.263908        0.265701
FIRE:  164 11:04:16       10.253897        0.273561
FIRE:  165 11:04:16       10.241091        0.282984
FIRE:  166 11:04:16       10.224468        0.294224
FIRE:  167 11:04:16       10.203142        0.307589
FIRE:  168 11:04:16       10.175739        0.323432
FIRE:  169 11:04:16       10.140095        0.342120
FIRE:  170 11:04:16       10.093843        0.363969
FIRE:  171 11:04:16       10.032670        0.389066
FIRE:  172 11:04:16        9.951102        0.417623
FIRE:  173 11:04:16        9.840596        0.450500
FIRE:  174 11:04:16        9.713671        0.481876
FIRE:  175 11:04:16        9.578281        0.508419
FIRE:  176 11:04:16        9.435172        0.529375
FIRE:  177 11:04:16        9.285667        0.544119
FIRE:  178 11:04:16        9.131645        0.552297
FIRE:  179 11:04:16        8.974799        0.555562
FIRE:  180 11:04:16        8.817478        0.547146
FIRE:  181 11:04:16        8.664210        0.527720
FIRE:  182 11:04:16        8.518329        0.499038
FIRE:  183 11:04:16        8.383723        0.457856
FIRE:  184 11:04:16        8.264896        0.402411
FIRE:  185 11:04:16        8.165744        0.338311
FIRE:  186 11:04:16        8.088624        0.262682
FIRE:  187 11:04:16        8.039812        0.163839
FIRE:  188 11:04:16        8.021834        0.159136
FIRE:  189 11:04:17        8.031631        0.167988
FIRE:  190 11:04:17        8.018395        0.192098
FIRE:  191 11:04:17        8.173475        1.302189
FIRE:  192 11:04:17        8.210657        1.454941
FIRE:  193 11:04:17        8.042344        0.616661
FIRE:  194 11:04:17        8.025822        0.473594
FIRE:  195 11:04:17        8.019913        0.410786
FIRE:  196 11:04:17        8.011111        0.294310
FIRE:  197 11:04:17        8.003865        0.140395
FIRE:  198 11:04:17        8.001788        0.059512
FIRE:  199 11:04:17        8.001776        0.059431
FIRE:  200 11:04:17        8.001754        0.059268
FIRE:  201 11:04:17        8.001722        0.059020
FIRE:  202 11:04:17        8.001685        0.058684
FIRE:  203 11:04:17        8.001643        0.058256
FIRE:  204 11:04:17        8.001600        0.057729
FIRE:  205 11:04:17        8.001557        0.057097
FIRE:  206 11:04:17        8.001512        0.056273
FIRE:  207 11:04:17        8.001464        0.055213
FIRE:  208 11:04:17        8.001411        0.053877
FIRE:  209 11:04:17        8.001348        0.052232
FIRE:  210 11:04:17        8.001269        0.050245
FIRE:  211 11:04:17        8.001168        0.047872
FIRE:  212 11:04:17        8.001044        0.045049
FIRE:  213 11:04:17        8.000905        0.041675
FIRE:  214 11:04:17        8.000764        0.037624
FIRE:  215 11:04:17        8.000622        0.032819
FIRE:  216 11:04:18        8.000468        0.027287
FIRE:  217 11:04:18        8.000305        0.021048
FIRE:  218 11:04:18        8.000170        0.015512
FIRE:  219 11:04:18        8.000068        0.015556
FIRE:  220 11:04:18        7.999990        0.015111
FIRE:  221 11:04:18        7.999980        0.013625
FIRE:  222 11:04:18        7.999974        0.013521
FIRE:  223 11:04:18        7.999966        0.013315
FIRE:  224 11:04:18        7.999960        0.013003
FIRE:  225 11:04:18        7.999956        0.012575
FIRE:  226 11:04:18        7.999953        0.012050
FIRE:  227 11:04:18        7.999948        0.011455
FIRE:  228 11:04:18        7.999940        0.010808
FIRE:  229 11:04:18        7.999930        0.010039
FIRE:  230 11:04:18        7.999921        0.009114
