      Step     Time          Energy          fmax
FIRE:    0 12:08:56      237.624705      167.638099
FIRE:    1 12:08:56      175.521789      114.620555
FIRE:    2 12:08:56      134.532176       76.003151
FIRE:    3 12:08:56      108.835424       47.290446
FIRE:    4 12:08:56       94.097077       24.949323
FIRE:    5 12:08:56       87.015554       23.504955
FIRE:    6 12:08:56       85.155321       25.678699
FIRE:    7 12:08:56       74.507068       21.647211
FIRE:    8 12:08:56       66.128286       19.355069
FIRE:    9 12:08:56       59.191020       17.612969
FIRE:   10 12:08:57       52.399241       16.043552
FIRE:   11 12:08:57       45.969378       14.547643
FIRE:   12 12:08:57       40.778417       13.146709
FIRE:   13 12:08:57       37.601386       11.826380
FIRE:   14 12:08:57       36.592970       10.496516
FIRE:   15 12:08:57       36.123440       10.456393
FIRE:   16 12:08:57       35.367221       10.389190
FIRE:   17 12:08:57       34.560295       10.309240
FIRE:   18 12:08:57       33.835682       10.217083
FIRE:   19 12:08:57       33.155777       10.094782
FIRE:   20 12:08:57       32.387173        9.919286
FIRE:   21 12:08:57       31.432321        9.678025
FIRE:   22 12:08:57       30.161688        9.338171
FIRE:   23 12:08:57       28.628797        8.894489
FIRE:   24 12:08:57       26.954167        8.337695
FIRE:   25 12:08:57       25.177920        7.633638
FIRE:   26 12:08:57       23.297216        6.806457
FIRE:   27 12:08:57       21.474127        6.012027
FIRE:   28 12:08:57       19.800986        5.328264
FIRE:   29 12:08:57       18.332879        4.767685
FIRE:   30 12:08:57       17.012445        4.287369
FIRE:   31 12:08:57       15.780318        3.848627
FIRE:   32 12:08:57       14.651977        3.439520
FIRE:   33 12:08:57       13.666771        3.053687
FIRE:   34 12:08:58       12.814163        2.670226
FIRE:   35 12:08:58       12.050877        2.272522
FIRE:   36 12:08:58       11.367720        1.864815
FIRE:   37 12:08:58       10.789776        1.472194
FIRE:   38 12:08:58       10.329075        1.119654
FIRE:   39 12:08:58        9.976307        0.910114
FIRE:   40 12:08:58        9.727608        0.828330
FIRE:   41 12:08:58        9.580153        0.764700
FIRE:   42 12:08:58        9.511997        0.829853
FIRE:   43 12:08:58        9.506188        0.678875
FIRE:   44 12:08:58        9.476969        0.542067
FIRE:   45 12:08:58        9.436117        0.433667
FIRE:   46 12:08:58        9.401492        0.361916
FIRE:   47 12:08:58        9.377673        0.352318
FIRE:   48 12:08:58        9.360233        0.355233
FIRE:   49 12:08:58        9.346080        0.366603
FIRE:   50 12:08:58        9.332369        0.376871
FIRE:   51 12:08:58        9.311758        0.378091
FIRE:   52 12:08:58        9.282057        0.364729
FIRE:   53 12:08:58        9.245075        0.341919
FIRE:   54 12:08:58        9.194566        0.326277
FIRE:   55 12:08:58        9.133405        0.323853
FIRE:   56 12:08:58        9.063483        0.346993
FIRE:   57 12:08:59        8.982192        0.341077
FIRE:   58 12:08:59        8.883051        0.335762
FIRE:   59 12:08:59        8.779056        0.350850
FIRE:   60 12:08:59        8.678196        0.336925
FIRE:   61 12:08:59        8.578902        0.322754
FIRE:   62 12:08:59        8.472026        0.315431
FIRE:   63 12:08:59        8.352382        0.289830
FIRE:   64 12:08:59        8.213640        0.267764
FIRE:   65 12:08:59        8.051274        0.307430
FIRE:   66 12:08:59        7.863169        0.379661
FIRE:   67 12:08:59        7.646697        0.454088
FIRE:   68 12:08:59        7.402264        0.532742
FIRE:   69 12:08:59        7.132166        0.611837
FIRE:   70 12:08:59        6.843074        0.684185
FIRE:   71 12:08:59        6.543077        0.744365
FIRE:   72 12:08:59        6.242733        0.786455
FIRE:   73 12:08:59        5.953482        0.806625
FIRE:   74 12:08:59        5.680455        0.805110
FIRE:   75 12:08:59        5.411901        0.779033
FIRE:   76 12:08:59        5.126260        0.724316
FIRE:   77 12:08:59        4.817646        0.709426
FIRE:   78 12:08:59        4.507640        0.674149
FIRE:   79 12:08:59        4.227349        0.605519
FIRE:   80 12:08:59        3.999827        0.569103
FIRE:   81 12:09:00        3.839879        0.494248
FIRE:   82 12:09:00        3.754470        0.586172
FIRE:   83 12:09:00        3.734252        0.786801
FIRE:   84 12:09:00        3.601031        0.282454
FIRE:   85 12:09:00        3.576270        0.241306
FIRE:   86 12:09:00        3.563163        0.328394
FIRE:   87 12:09:00        3.557459        0.242085
FIRE:   88 12:09:00        3.550443        0.128804
FIRE:   89 12:09:00        3.546148        0.122241
FIRE:   90 12:09:00        3.543545        0.189129
FIRE:   91 12:09:00        3.538901        0.218758
FIRE:   92 12:09:00        3.531711        0.156416
FIRE:   93 12:09:00        3.525323        0.086742
FIRE:   94 12:09:00        3.522003        0.113313
FIRE:   95 12:09:00        3.519449        0.168462
FIRE:   96 12:09:00        3.515507        0.086600
FIRE:   97 12:09:00        3.515460        0.098640
FIRE:   98 12:09:00        3.515011        0.081516
FIRE:   99 12:09:00        3.514347        0.053174
FIRE:  100 12:09:00        3.513787        0.039100
FIRE:  101 12:09:00        3.513508        0.038099
FIRE:  102 12:09:00        3.513399        0.050536
FIRE:  103 12:09:00        3.513361        0.048006
FIRE:  104 12:09:00        3.513287        0.043061
FIRE:  105 12:09:01        3.513188        0.038007
FIRE:  106 12:09:01        3.513072        0.038356
FIRE:  107 12:09:01        3.512951        0.038768
FIRE:  108 12:09:01        3.512834        0.039227
FIRE:  109 12:09:01        3.512723        0.039717
FIRE:  110 12:09:01        3.512608        0.040271
FIRE:  111 12:09:01        3.512482        0.040872
FIRE:  112 12:09:01        3.512327        0.041498
FIRE:  113 12:09:01        3.512123        0.042125
FIRE:  114 12:09:01        3.511854        0.042733
FIRE:  115 12:09:01        3.511516        0.043304
FIRE:  116 12:09:01        3.511130        0.043833
FIRE:  117 12:09:01        3.510714        0.044332
FIRE:  118 12:09:01        3.510249        0.044835
FIRE:  119 12:09:01        3.509683        0.045354
FIRE:  120 12:09:01        3.509005        0.045820
FIRE:  121 12:09:01        3.508270        0.046046
FIRE:  122 12:09:01        3.507447        0.045826
FIRE:  123 12:09:01        3.506458        0.045037
FIRE:  124 12:09:01        3.505378        0.043520
FIRE:  125 12:09:01        3.504122        0.041317
FIRE:  126 12:09:01        3.502705        0.038467
FIRE:  127 12:09:01        3.501102        0.034732
FIRE:  128 12:09:01        3.499425        0.030150
FIRE:  129 12:09:02        3.497683        0.026550
FIRE:  130 12:09:02        3.496080        0.050243
FIRE:  131 12:09:02        3.495852        0.155516
FIRE:  132 12:09:02        3.494305        0.017238
FIRE:  133 12:09:02        3.494293        0.016986
FIRE:  134 12:09:02        3.494275        0.016594
FIRE:  135 12:09:02        3.494252        0.016544
FIRE:  136 12:09:02        3.494224        0.016726
FIRE:  137 12:09:02        3.494190        0.016851
FIRE:  138 12:09:02        3.494148        0.016909
FIRE:  139 12:09:02        3.494100        0.016919
FIRE:  140 12:09:02        3.494044        0.016927
FIRE:  141 12:09:02        3.493978        0.017009
FIRE:  142 12:09:02        3.493896        0.017227
FIRE:  143 12:09:02        3.493799        0.017551
FIRE:  144 12:09:02        3.493688        0.017804
FIRE:  145 12:09:02        3.493553        0.017837
FIRE:  146 12:09:02        3.493397        0.017781
FIRE:  147 12:09:02        3.493210        0.017906
FIRE:  148 12:09:02        3.492992        0.017793
FIRE:  149 12:09:02        3.492736        0.016873
FIRE:  150 12:09:02        3.492441        0.016094
FIRE:  151 12:09:03        3.492111        0.014266
FIRE:  152 12:09:03        3.491774        0.021111
FIRE:  153 12:09:03        3.491598        0.060127
FIRE:  154 12:09:03        3.491356        0.011067
FIRE:  155 12:09:03        3.491517        0.051812
FIRE:  156 12:09:03        3.491438        0.039777
FIRE:  157 12:09:03        3.491350        0.018611
FIRE:  158 12:09:03        3.491326        0.011136
FIRE:  159 12:09:03        3.491325        0.011151
FIRE:  160 12:09:03        3.491323        0.011179
FIRE:  161 12:09:04        3.491320        0.011219
FIRE:  162 12:09:04        3.491317        0.011269
FIRE:  163 12:09:04        3.491314        0.011324
FIRE:  164 12:09:04        3.491311        0.011382
FIRE:  165 12:09:04        3.491307        0.011437
FIRE:  166 12:09:04        3.491303        0.011490
FIRE:  167 12:09:04        3.491298        0.011534
FIRE:  168 12:09:04        3.491291        0.011564
FIRE:  169 12:09:04        3.491282        0.011575
FIRE:  170 12:09:04        3.491270        0.011564
FIRE:  171 12:09:04        3.491257        0.011538
FIRE:  172 12:09:04        3.491241        0.011515
FIRE:  173 12:09:04        3.491222        0.011518
FIRE:  174 12:09:04        3.491197        0.011566
FIRE:  175 12:09:04        3.491168        0.011648
FIRE:  176 12:09:04        3.491134        0.011712
FIRE:  177 12:09:04        3.491092        0.011678
FIRE:  178 12:09:04        3.491042        0.011526
FIRE:  179 12:09:04        3.490983        0.011346
FIRE:  180 12:09:04        3.490911        0.011228
FIRE:  181 12:09:05        3.490828        0.011008
FIRE:  182 12:09:05        3.490729        0.010512
FIRE:  183 12:09:05        3.490614        0.010112
FIRE:  184 12:09:05        3.490481        0.009629
