      Step     Time          Energy          fmax
FIRE:    0 16:33:43      350.710995      200.628881
FIRE:    1 16:33:43      272.190377      143.000820
FIRE:    2 16:33:43      213.459658       96.940703
FIRE:    3 16:33:43      171.034874       63.770523
FIRE:    4 16:33:43      141.329844       46.725945
FIRE:    5 16:33:43      120.779907       37.863672
FIRE:    6 16:33:43      106.087350       34.993457
FIRE:    7 16:33:43       94.687469       32.380986
FIRE:    8 16:33:43       85.053335       29.769278
FIRE:    9 16:33:43       76.685045       27.145345
FIRE:   10 16:33:43       69.605851       24.622669
FIRE:   11 16:33:43       63.797845       22.297542
FIRE:   12 16:33:43       58.905364       20.164360
FIRE:   13 16:33:43       54.367011       18.861299
FIRE:   14 16:33:43       49.792334       17.637432
FIRE:   15 16:33:43       45.188677       15.577569
FIRE:   16 16:33:43       40.831286       12.976212
FIRE:   17 16:33:43       36.952937       10.992120
FIRE:   18 16:33:43       33.559986        9.808374
FIRE:   19 16:33:43       30.500172        8.902984
FIRE:   20 16:33:44       27.646012        8.223531
FIRE:   21 16:33:44       24.990831        7.722483
FIRE:   22 16:33:44       22.600508        7.347062
FIRE:   23 16:33:44       20.502915        7.024905
FIRE:   24 16:33:44       18.646792        6.674603
FIRE:   25 16:33:44       16.976502        6.247824
FIRE:   26 16:33:44       15.501100        5.755604
FIRE:   27 16:33:44       14.254003        5.248738
FIRE:   28 16:33:44       13.199463        4.774727
FIRE:   29 16:33:44       12.248794        4.338630
FIRE:   30 16:33:44       11.359922        3.927671
FIRE:   31 16:33:44       10.556408        3.532428
FIRE:   32 16:33:44        9.871854        3.137022
FIRE:   33 16:33:44        9.302784        2.718423
FIRE:   34 16:33:44        8.829577        2.268063
FIRE:   35 16:33:44        8.445196        1.855146
FIRE:   36 16:33:44        8.147249        1.850447
FIRE:   37 16:33:44        7.922021        1.745026
FIRE:   38 16:33:44        7.751369        1.532914
FIRE:   39 16:33:44        7.629659        1.277271
FIRE:   40 16:33:44        7.562999        1.104206
FIRE:   41 16:33:44        7.550712        1.086178
FIRE:   42 16:33:44        7.160308        0.642619
FIRE:   43 16:33:44        6.943749        0.534727
FIRE:   44 16:33:45        6.833774        0.643670
FIRE:   45 16:33:45        6.722638        0.825215
FIRE:   46 16:33:45        6.540439        0.634065
FIRE:   47 16:33:45        6.366502        0.587359
FIRE:   48 16:33:45        6.246919        0.433853
FIRE:   49 16:33:45        6.157951        0.443977
FIRE:   50 16:33:45        6.065980        0.447640
FIRE:   51 16:33:45        5.952287        0.437357
FIRE:   52 16:33:45        5.811075        0.318737
FIRE:   53 16:33:45        5.703665        0.264696
FIRE:   54 16:33:45        5.657907        0.522880
FIRE:   55 16:33:45        5.713563        1.583710
FIRE:   56 16:33:45        5.658217        1.491928
FIRE:   57 16:33:45        5.592224        0.874573
FIRE:   58 16:33:45        5.564395        0.361606
FIRE:   59 16:33:45        5.561888        0.320789
FIRE:   60 16:33:45        5.557687        0.283644
FIRE:   61 16:33:45        5.552972        0.274533
FIRE:   62 16:33:45        5.548628        0.263776
FIRE:   63 16:33:45        5.544716        0.257388
FIRE:   64 16:33:45        5.540555        0.253483
FIRE:   65 16:33:45        5.535400        0.252433
FIRE:   66 16:33:45        5.528275        0.254723
FIRE:   67 16:33:45        5.519345        0.260647
FIRE:   68 16:33:45        5.509332        0.269444
FIRE:   69 16:33:45        5.497995        0.278773
FIRE:   70 16:33:46        5.483213        0.285682
FIRE:   71 16:33:46        5.463730        0.288250
FIRE:   72 16:33:46        5.441236        0.287610
FIRE:   73 16:33:46        5.414847        0.290519
FIRE:   74 16:33:46        5.381486        0.302171
FIRE:   75 16:33:46        5.342254        0.317087
FIRE:   76 16:33:46        5.292718        0.323410
FIRE:   77 16:33:46        5.234797        0.328993
FIRE:   78 16:33:46        5.161208        0.359176
FIRE:   79 16:33:46        5.069283        0.384517
FIRE:   80 16:33:46        4.971437        0.406115
FIRE:   81 16:33:46        4.871215        0.440027
FIRE:   82 16:33:46        4.768472        0.428898
FIRE:   83 16:33:46        4.662131        0.459872
FIRE:   84 16:33:46        4.554106        0.451427
FIRE:   85 16:33:46        4.446812        0.450949
FIRE:   86 16:33:46        4.340431        0.427882
FIRE:   87 16:33:46        4.236888        0.390843
FIRE:   88 16:33:46        4.139507        0.348342
FIRE:   89 16:33:46        4.052402        0.281212
FIRE:   90 16:33:46        3.981705        0.238165
FIRE:   91 16:33:46        3.935463        0.283350
FIRE:   92 16:33:46        3.920047        0.442558
FIRE:   93 16:33:46        4.155551        2.301075
FIRE:   94 16:33:46        3.984453        1.553826
FIRE:   95 16:33:46        3.923256        0.748994
FIRE:   96 16:33:47        3.905160        0.299128
FIRE:   97 16:33:47        3.904420        0.268800
FIRE:   98 16:33:47        3.903219        0.211056
FIRE:   99 16:33:47        3.902003        0.132040
FIRE:  100 16:33:47        3.901205        0.070535
FIRE:  101 16:33:47        3.901013        0.071452
FIRE:  102 16:33:47        3.900993        0.071330
FIRE:  103 16:33:47        3.900956        0.071088
FIRE:  104 16:33:47        3.900902        0.070733
FIRE:  105 16:33:47        3.900834        0.070274
FIRE:  106 16:33:47        3.900755        0.069723
FIRE:  107 16:33:47        3.900668        0.069095
FIRE:  108 16:33:47        3.900577        0.068409
FIRE:  109 16:33:47        3.900472        0.067605
FIRE:  110 16:33:47        3.900353        0.066694
FIRE:  111 16:33:47        3.900218        0.065699
FIRE:  112 16:33:47        3.900062        0.064657
FIRE:  113 16:33:47        3.899875        0.063614
FIRE:  114 16:33:47        3.899648        0.062611
FIRE:  115 16:33:47        3.899372        0.061662
FIRE:  116 16:33:47        3.899045        0.060725
FIRE:  117 16:33:47        3.898674        0.059645
FIRE:  118 16:33:47        3.898266        0.058098
FIRE:  119 16:33:47        3.897809        0.055626
FIRE:  120 16:33:47        3.897283        0.051810
FIRE:  121 16:33:48        3.896694        0.046511
FIRE:  122 16:33:48        3.896082        0.042115
FIRE:  123 16:33:48        3.895440        0.042373
FIRE:  124 16:33:48        3.894738        0.043341
FIRE:  125 16:33:48        3.894005        0.044247
FIRE:  126 16:33:48        3.893196        0.043445
FIRE:  127 16:33:48        3.892329        0.040673
FIRE:  128 16:33:48        3.891377        0.038007
FIRE:  129 16:33:48        3.890368        0.034514
FIRE:  130 16:33:48        3.889333        0.026198
FIRE:  131 16:33:48        3.888384        0.021721
FIRE:  132 16:33:48        3.887602        0.019541
FIRE:  133 16:33:48        3.887134        0.047097
FIRE:  134 16:33:48        3.887497        0.131843
FIRE:  135 16:33:48        3.886762        0.015911
FIRE:  136 16:33:48        3.887255        0.118056
FIRE:  137 16:33:48        3.887021        0.090161
FIRE:  138 16:33:48        3.886756        0.041320
FIRE:  139 16:33:48        3.886686        0.016700
FIRE:  140 16:33:48        3.886684        0.015728
FIRE:  141 16:33:48        3.886679        0.013848
FIRE:  142 16:33:48        3.886673        0.013032
FIRE:  143 16:33:48        3.886667        0.012816
FIRE:  144 16:33:48        3.886660        0.012563
FIRE:  145 16:33:48        3.886653        0.012288
FIRE:  146 16:33:49        3.886646        0.012004
FIRE:  147 16:33:49        3.886639        0.011699
FIRE:  148 16:33:49        3.886629        0.011387
FIRE:  149 16:33:49        3.886617        0.011084
FIRE:  150 16:33:49        3.886602        0.010798
FIRE:  151 16:33:49        3.886583        0.010524
FIRE:  152 16:33:49        3.886563        0.010229
FIRE:  153 16:33:49        3.886542        0.009832
