      Step     Time          Energy          fmax
FIRE:    0 11:07:39      138.362033       87.745862
FIRE:    1 11:07:39      107.372461       51.987251
FIRE:    2 11:07:39       86.981758       35.175755
FIRE:    3 11:07:39       73.523135       27.111987
FIRE:    4 11:07:39       64.194978       25.643148
FIRE:    5 11:07:39       56.764652       28.136465
FIRE:    6 11:07:39       50.279922       23.385132
FIRE:    7 11:07:39       44.868868       15.464878
FIRE:    8 11:07:39       40.793572       11.247602
FIRE:    9 11:07:39       38.030981       11.597644
FIRE:   10 11:07:39       36.196941       14.526680
FIRE:   11 11:07:39       34.627026       15.877450
FIRE:   12 11:07:39       32.660849       14.673135
FIRE:   13 11:07:39       30.096958       11.075269
FIRE:   14 11:07:39       27.223058       10.015739
FIRE:   15 11:07:39       24.383039        9.803525
FIRE:   16 11:07:39       21.767797        8.743456
FIRE:   17 11:07:39       19.506419        6.723618
FIRE:   18 11:07:39       17.736647        5.049358
FIRE:   19 11:07:39       16.545944        5.050714
FIRE:   20 11:07:39       15.836819        5.491279
FIRE:   21 11:07:39       15.311523        5.135432
FIRE:   22 11:07:39       14.667007        4.877308
FIRE:   23 11:07:39       13.803409        5.099015
FIRE:   24 11:07:39       12.833324        4.344613
FIRE:   25 11:07:39       11.941008        3.052289
FIRE:   26 11:07:39       11.247207        1.859967
FIRE:   27 11:07:39       10.757982        1.541869
FIRE:   28 11:07:39       10.401615        1.439651
FIRE:   29 11:07:39       10.101992        1.769436
FIRE:   30 11:07:39        9.822702        1.716517
FIRE:   31 11:07:40        9.579891        1.211499
FIRE:   32 11:07:40        9.424871        1.006114
FIRE:   33 11:07:40        9.378256        0.865113
FIRE:   34 11:07:40        9.176173        1.059280
FIRE:   35 11:07:40        9.077149        0.888365
FIRE:   36 11:07:40        9.019462        0.870950
FIRE:   37 11:07:40        8.973011        0.891928
FIRE:   38 11:07:40        8.938997        0.890135
FIRE:   39 11:07:40        8.863961        0.859361
FIRE:   40 11:07:40        8.764955        0.803252
FIRE:   41 11:07:40        8.689978        0.737334
FIRE:   42 11:07:40        8.615530        0.691273
FIRE:   43 11:07:40        8.508146        0.671165
FIRE:   44 11:07:40        8.404310        0.652921
FIRE:   45 11:07:40        8.262739        0.591941
FIRE:   46 11:07:40        8.087914        0.497152
FIRE:   47 11:07:40        7.915646        0.490704
FIRE:   48 11:07:40        7.726630        0.437988
FIRE:   49 11:07:40        7.555287        0.527850
FIRE:   50 11:07:40        7.377499        0.609063
FIRE:   51 11:07:40        7.200361        0.652240
FIRE:   52 11:07:40        7.023721        0.646962
FIRE:   53 11:07:40        6.848497        0.540462
FIRE:   54 11:07:40        6.711709        0.302212
FIRE:   55 11:07:40        6.651812        0.380084
FIRE:   56 11:07:40        6.657588        1.058698
FIRE:   57 11:07:40        6.584672        0.492693
FIRE:   58 11:07:40        6.554059        0.420688
FIRE:   59 11:07:40        6.547511        0.338229
FIRE:   60 11:07:40        6.538447        0.270277
FIRE:   61 11:07:40        6.531276        0.254996
FIRE:   62 11:07:40        6.526317        0.239944
FIRE:   63 11:07:40        6.519788        0.228297
FIRE:   64 11:07:41        6.508883        0.222424
FIRE:   65 11:07:41        6.494785        0.219090
FIRE:   66 11:07:41        6.479399        0.220580
FIRE:   67 11:07:41        6.463456        0.224541
FIRE:   68 11:07:41        6.440757        0.229759
FIRE:   69 11:07:41        6.407105        0.236885
FIRE:   70 11:07:41        6.366645        0.250041
FIRE:   71 11:07:41        6.311148        0.275746
FIRE:   72 11:07:41        6.232558        0.311382
FIRE:   73 11:07:41        6.136422        0.334275
FIRE:   74 11:07:41        6.031850        0.326523
FIRE:   75 11:07:41        5.923264        0.296300
FIRE:   76 11:07:41        5.816936        0.323576
FIRE:   77 11:07:41        5.734185        0.334858
FIRE:   78 11:07:41        5.667092        0.291713
FIRE:   79 11:07:41        5.613984        0.246640
FIRE:   80 11:07:41        5.575164        0.229363
FIRE:   81 11:07:41        5.535916        0.220549
FIRE:   82 11:07:41        5.505427        0.190813
FIRE:   83 11:07:41        5.484594        0.201465
FIRE:   84 11:07:41        5.472935        0.234173
FIRE:   85 11:07:41        5.463127        0.191145
FIRE:   86 11:07:41        5.456208        0.295447
FIRE:   87 11:07:41        5.447162        0.130318
FIRE:   88 11:07:41        5.450422        0.260698
FIRE:   89 11:07:41        5.447819        0.199516
FIRE:   90 11:07:41        5.444763        0.110755
FIRE:   91 11:07:41        5.443574        0.116717
FIRE:   92 11:07:41        5.443511        0.116353
FIRE:   93 11:07:41        5.443389        0.115636
FIRE:   94 11:07:41        5.443215        0.114585
FIRE:   95 11:07:42        5.442996        0.113234
FIRE:   96 11:07:42        5.442739        0.111626
FIRE:   97 11:07:42        5.442448        0.109816
FIRE:   98 11:07:42        5.442125        0.107866
FIRE:   99 11:07:42        5.441725        0.105619
FIRE:  100 11:07:42        5.441229        0.103097
FIRE:  101 11:07:42        5.440608        0.100324
FIRE:  102 11:07:42        5.439841        0.097293
FIRE:  103 11:07:42        5.438911        0.093927
FIRE:  104 11:07:42        5.437812        0.090014
FIRE:  105 11:07:42        5.436534        0.085182
FIRE:  106 11:07:42        5.435042        0.081444
FIRE:  107 11:07:42        5.433311        0.080099
FIRE:  108 11:07:42        5.431366        0.078158
FIRE:  109 11:07:42        5.429245        0.075477
FIRE:  110 11:07:42        5.426951        0.071846
FIRE:  111 11:07:42        5.424590        0.066893
FIRE:  112 11:07:42        5.422254        0.060027
FIRE:  113 11:07:42        5.420093        0.050600
FIRE:  114 11:07:42        5.418255        0.038049
FIRE:  115 11:07:42        5.416930        0.021960
FIRE:  116 11:07:42        5.416296        0.028594
FIRE:  117 11:07:42        5.416561        0.044198
FIRE:  118 11:07:42        5.416370        0.027750
FIRE:  119 11:07:42        5.416283        0.029987
FIRE:  120 11:07:42        5.416269        0.029779
FIRE:  121 11:07:42        5.416245        0.029387
FIRE:  122 11:07:42        5.416215        0.028854
FIRE:  123 11:07:42        5.416182        0.028243
FIRE:  124 11:07:42        5.416146        0.027627
FIRE:  125 11:07:42        5.416104        0.027071
FIRE:  126 11:07:42        5.416054        0.026611
FIRE:  127 11:07:43        5.415988        0.026217
FIRE:  128 11:07:43        5.415907        0.025863
FIRE:  129 11:07:43        5.415814        0.025428
FIRE:  130 11:07:43        5.415708        0.024680
FIRE:  131 11:07:43        5.415582        0.023358
FIRE:  132 11:07:43        5.415436        0.021330
FIRE:  133 11:07:43        5.415280        0.018774
FIRE:  134 11:07:43        5.415114        0.016227
FIRE:  135 11:07:43        5.414944        0.013847
FIRE:  136 11:07:43        5.414789        0.010613
FIRE:  137 11:07:43        5.414663        0.007720
