      Step     Time          Energy          fmax
FIRE:    0 13:24:09       67.482170       52.166917
FIRE:    1 13:24:09       59.934325       22.357049
FIRE:    2 13:24:09       56.256808       21.260301
FIRE:    3 13:24:09       50.808167       19.504861
FIRE:    4 13:24:09       44.368379       17.522201
FIRE:    5 13:24:09       39.619186       15.846335
FIRE:    6 13:24:09       34.571104       14.114437
FIRE:    7 13:24:09       30.488991       12.618959
FIRE:    8 13:24:09       27.105547       11.309674
FIRE:    9 13:24:09       23.810193       10.048393
FIRE:   10 13:24:09       21.111583        8.946147
FIRE:   11 13:24:09       18.817883        7.949415
FIRE:   12 13:24:09       16.646169        6.986986
FIRE:   13 13:24:09       14.855296        6.123615
FIRE:   14 13:24:09       13.301498        5.311512
FIRE:   15 13:24:09       11.884889        4.531078
FIRE:   16 13:24:09       10.738191        3.834215
FIRE:   17 13:24:09        9.746014        3.173560
FIRE:   18 13:24:09        8.897292        2.571476
FIRE:   19 13:24:09        8.234493        2.034121
FIRE:   20 13:24:09        7.676122        1.528989
FIRE:   21 13:24:09        7.244745        1.228774
FIRE:   22 13:24:10        6.916823        1.197318
FIRE:   23 13:24:10        6.659469        1.091629
FIRE:   24 13:24:10        6.483772        0.954351
FIRE:   25 13:24:10        6.362806        0.780626
FIRE:   26 13:24:10        6.306213        0.841610
FIRE:   27 13:24:10        6.301788        1.165198
FIRE:   28 13:24:10        6.225926        0.713993
FIRE:   29 13:24:10        6.146704        0.748462
FIRE:   30 13:24:10        6.078178        0.936540
FIRE:   31 13:24:10        5.977550        1.091264
FIRE:   32 13:24:10        5.856761        0.916633
FIRE:   33 13:24:10        5.741966        0.910042
FIRE:   34 13:24:10        5.628826        1.235048
FIRE:   35 13:24:10        5.483286        0.703934
FIRE:   36 13:24:10        5.451442        1.509188
FIRE:   37 13:24:10        5.407750        0.642961
FIRE:   38 13:24:10        5.408248        1.185203
FIRE:   39 13:24:10        5.399040        0.938101
FIRE:   40 13:24:10        5.387092        0.512171
FIRE:   41 13:24:10        5.379868        0.322500
FIRE:   42 13:24:10        5.378728        0.544502
FIRE:   43 13:24:10        5.378074        0.518298
FIRE:   44 13:24:10        5.376857        0.467724
FIRE:   45 13:24:10        5.375240        0.396675
FIRE:   46 13:24:10        5.373422        0.311779
FIRE:   47 13:24:10        5.371594        0.296793
FIRE:   48 13:24:10        5.369884        0.293288
FIRE:   49 13:24:10        5.368327        0.289150
FIRE:   50 13:24:10        5.366702        0.283747
FIRE:   51 13:24:11        5.364837        0.276720
FIRE:   52 13:24:11        5.362483        0.279483
FIRE:   53 13:24:11        5.359442        0.262556
FIRE:   54 13:24:11        5.355750        0.242090
FIRE:   55 13:24:11        5.351794        0.225140
FIRE:   56 13:24:11        5.348084        0.205419
FIRE:   57 13:24:11        5.344615        0.186389
FIRE:   58 13:24:11        5.340849        0.185033
FIRE:   59 13:24:11        5.336876        0.133677
FIRE:   60 13:24:11        5.333737        0.133989
FIRE:   61 13:24:11        5.331177        0.174073
FIRE:   62 13:24:11        5.328296        0.197948
FIRE:   63 13:24:11        5.326081        0.222492
FIRE:   64 13:24:11        5.323642        0.230200
FIRE:   65 13:24:11        5.320719        0.216871
FIRE:   66 13:24:11        5.318110        0.188192
FIRE:   67 13:24:11        5.315220        0.153597
FIRE:   68 13:24:11        5.312692        0.148476
FIRE:   69 13:24:11        5.309845        0.198065
FIRE:   70 13:24:11        5.304716        0.172210
FIRE:   71 13:24:11        5.296803        0.181033
FIRE:   72 13:24:11        5.285748        0.163134
FIRE:   73 13:24:11        5.271975        0.140764
FIRE:   74 13:24:11        5.256977        0.392301
FIRE:   75 13:24:11        5.299202        1.990498
FIRE:   76 13:24:11        5.254755        1.246248
FIRE:   77 13:24:11        5.236752        0.739707
FIRE:   78 13:24:11        5.226400        0.216037
FIRE:   79 13:24:11        5.226281        0.215689
FIRE:   80 13:24:11        5.226048        0.215011
FIRE:   81 13:24:11        5.225712        0.214040
FIRE:   82 13:24:11        5.225281        0.212830
FIRE:   83 13:24:12        5.224760        0.211452
FIRE:   84 13:24:12        5.224150        0.209983
FIRE:   85 13:24:12        5.223446        0.208497
FIRE:   86 13:24:12        5.222554        0.206898
FIRE:   87 13:24:12        5.221432        0.205215
FIRE:   88 13:24:12        5.220042        0.203437
FIRE:   89 13:24:12        5.218344        0.201477
FIRE:   90 13:24:12        5.216277        0.199172
FIRE:   91 13:24:12        5.213747        0.196364
FIRE:   92 13:24:12        5.210645        0.193109
FIRE:   93 13:24:12        5.206861        0.189992
FIRE:   94 13:24:12        5.202211        0.188258
FIRE:   95 13:24:12        5.196423        0.189297
FIRE:   96 13:24:12        5.189186        0.193680
FIRE:   97 13:24:12        5.180003        0.201246
FIRE:   98 13:24:12        5.168238        0.213491
FIRE:   99 13:24:12        5.152923        0.233780
FIRE:  100 13:24:12        5.132670        0.260496
FIRE:  101 13:24:12        5.105442        0.287399
FIRE:  102 13:24:12        5.068640        0.316531
FIRE:  103 13:24:12        5.018487        0.336725
FIRE:  104 13:24:12        4.951281        0.474658
FIRE:  105 13:24:12        4.902233        1.821060
FIRE:  106 13:24:12        4.846656        0.431104
FIRE:  107 13:24:12        4.843983        0.400143
FIRE:  108 13:24:12        4.840347        0.396859
FIRE:  109 13:24:12        4.837066        0.393907
FIRE:  110 13:24:13        4.833338        0.393315
FIRE:  111 13:24:13        4.827577        0.396193
FIRE:  112 13:24:13        4.819710        0.402371
FIRE:  113 13:24:13        4.811054        0.410544
FIRE:  114 13:24:13        4.801165        0.419449
FIRE:  115 13:24:13        4.788112        0.426638
FIRE:  116 13:24:13        4.770311        0.431139
FIRE:  117 13:24:13        4.748768        0.435438
FIRE:  118 13:24:13        4.720975        0.445884
FIRE:  119 13:24:13        4.684398        0.463936
FIRE:  120 13:24:13        4.638267        0.480381
FIRE:  121 13:24:13        4.577344        0.489265
FIRE:  122 13:24:13        4.498184        0.507307
FIRE:  123 13:24:13        4.394606        0.537724
FIRE:  124 13:24:13        4.257630        0.555933
FIRE:  125 13:24:13        4.087004        0.728660
FIRE:  126 13:24:13        3.919392        1.168157
FIRE:  127 13:24:13        3.755990        1.488715
FIRE:  128 13:24:13        3.596236        1.446833
FIRE:  129 13:24:13        3.476739        1.362778
FIRE:  130 13:24:13        3.459622        0.994395
FIRE:  131 13:24:14        3.448283        0.562750
FIRE:  132 13:24:14        3.441554        0.342764
FIRE:  133 13:24:14        3.441287        0.342236
FIRE:  134 13:24:14        3.440768        0.341182
FIRE:  135 13:24:14        3.440025        0.339607
FIRE:  136 13:24:14        3.439081        0.337517
FIRE:  137 13:24:14        3.437950        0.334922
FIRE:  138 13:24:14        3.436629        0.331837
FIRE:  139 13:24:14        3.435112        0.328273
FIRE:  140 13:24:14        3.433199        0.323779
FIRE:  141 13:24:14        3.430822        0.318122
FIRE:  142 13:24:14        3.427935        0.310984
FIRE:  143 13:24:14        3.424506        0.301937
FIRE:  144 13:24:14        3.420484        0.290456
FIRE:  145 13:24:14        3.415804        0.275936
FIRE:  146 13:24:15        3.410498        0.257653
FIRE:  147 13:24:15        3.404735        0.234714
FIRE:  148 13:24:15        3.398691        0.206103
FIRE:  149 13:24:15        3.392752        0.170515
FIRE:  150 13:24:15        3.387525        0.126458
FIRE:  151 13:24:15        3.383748        0.073208
FIRE:  152 13:24:15        3.382167        0.059543
FIRE:  153 13:24:15        3.383112        0.084740
FIRE:  154 13:24:15        3.383021        0.084068
FIRE:  155 13:24:15        3.382885        0.082455
FIRE:  156 13:24:15        3.382732        0.079425
FIRE:  157 13:24:15        3.382544        0.074617
FIRE:  158 13:24:15        3.382305        0.068024
FIRE:  159 13:24:15        3.382049        0.059944
FIRE:  160 13:24:15        3.381816        0.050990
FIRE:  161 13:24:15        3.381576        0.041166
FIRE:  162 13:24:15        3.381324        0.031110
FIRE:  163 13:24:15        3.381126        0.025059
FIRE:  164 13:24:15        3.380979        0.021533
FIRE:  165 13:24:16        3.380920        0.026640
FIRE:  166 13:24:16        3.380913        0.021757
FIRE:  167 13:24:16        3.380905        0.020745
FIRE:  168 13:24:16        3.380899        0.019372
FIRE:  169 13:24:16        3.380896        0.017831
FIRE:  170 13:24:16        3.380891        0.019359
FIRE:  171 13:24:16        3.380883        0.017612
FIRE:  172 13:24:16        3.380873        0.013710
FIRE:  173 13:24:16        3.380864        0.012339
FIRE:  174 13:24:16        3.380858        0.011968
FIRE:  175 13:24:16        3.380852        0.014279
FIRE:  176 13:24:16        3.380843        0.005780
