      Step     Time          Energy          fmax
FIRE:    0 14:46:45      136.757476       64.095872
FIRE:    1 14:46:45      108.579139       37.973048
FIRE:    2 14:46:45       88.727913       29.033889
FIRE:    3 14:46:45       73.644183       26.003203
FIRE:    4 14:46:45       61.423377       22.742182
FIRE:    5 14:46:45       51.185554       19.232227
FIRE:    6 14:46:45       42.578144       15.524880
FIRE:    7 14:46:45       35.462175       11.735928
FIRE:    8 14:46:45       29.731086        9.993444
FIRE:    9 14:46:45       25.249014        8.769483
FIRE:   10 14:46:45       21.787746        7.405995
FIRE:   11 14:46:45       19.016743        8.505421
FIRE:   12 14:46:45       16.576906        9.510897
FIRE:   13 14:46:45       14.206566        9.500763
FIRE:   14 14:46:45       11.834618        8.659992
FIRE:   15 14:46:46        9.560680        7.310185
FIRE:   16 14:46:46        7.543892        5.786608
FIRE:   17 14:46:46        5.898347        4.344363
FIRE:   18 14:46:46        4.648237        3.127612
FIRE:   19 14:46:46        3.738266        2.185507
FIRE:   20 14:46:46        3.071242        1.767216
FIRE:   21 14:46:46        2.552281        1.725279
FIRE:   22 14:46:46        2.119702        1.560920
FIRE:   23 14:46:46        1.750834        1.295948
FIRE:   24 14:46:46        1.449427        0.985221
FIRE:   25 14:46:46        1.230322        0.935013
FIRE:   26 14:46:46        1.107721        1.027421
FIRE:   27 14:46:46        1.098585        1.036019
FIRE:   28 14:46:46        0.731321        0.893739
FIRE:   29 14:46:46        0.439003        0.726001
FIRE:   30 14:46:46        0.213160        0.535839
FIRE:   31 14:46:46        0.060336        0.319457
FIRE:   32 14:46:46       -0.007259        0.222492
FIRE:   33 14:46:46       -0.004586        0.330015
FIRE:   34 14:46:46       -0.025172        0.236345
FIRE:   35 14:46:46       -0.048691        0.145717
FIRE:   36 14:46:46       -0.062006        0.141004
FIRE:   37 14:46:46       -0.068353        0.151568
FIRE:   38 14:46:46       -0.073185        0.124908
FIRE:   39 14:46:46       -0.076835        0.122633
FIRE:   40 14:46:46       -0.077997        0.117675
FIRE:   41 14:46:46       -0.080130        0.108108
FIRE:   42 14:46:47       -0.082884        0.094652
FIRE:   43 14:46:47       -0.085824        0.078488
FIRE:   44 14:46:47       -0.088511        0.061495
FIRE:   45 14:46:47       -0.090594        0.046824
FIRE:   46 14:46:47       -0.091905        0.039190
FIRE:   47 14:46:47       -0.092553        0.041480
FIRE:   48 14:46:47       -0.092726        0.051291
FIRE:   49 14:46:47       -0.092806        0.050232
FIRE:   50 14:46:47       -0.092960        0.048138
FIRE:   51 14:46:47       -0.093182        0.045166
FIRE:   52 14:46:47       -0.093457        0.041939
FIRE:   53 14:46:47       -0.093773        0.038767
FIRE:   54 14:46:47       -0.094113        0.035217
FIRE:   55 14:46:47       -0.094462        0.034225
FIRE:   56 14:46:47       -0.094842        0.034852
FIRE:   57 14:46:47       -0.095238        0.035136
FIRE:   58 14:46:47       -0.095633        0.034793
FIRE:   59 14:46:47       -0.096018        0.033501
FIRE:   60 14:46:47       -0.096398        0.032064
FIRE:   61 14:46:47       -0.096803        0.030278
FIRE:   62 14:46:47       -0.097279        0.027402
FIRE:   63 14:46:47       -0.097870        0.025504
FIRE:   64 14:46:47       -0.098590        0.023515
FIRE:   65 14:46:47       -0.099383        0.024047
FIRE:   66 14:46:47       -0.100127        0.026326
FIRE:   67 14:46:47       -0.100704        0.027949
FIRE:   68 14:46:48       -0.101146        0.028618
FIRE:   69 14:46:48       -0.101554        0.028132
FIRE:   70 14:46:48       -0.101863        0.026381
FIRE:   71 14:46:48       -0.101951        0.023584
FIRE:   72 14:46:48       -0.101987        0.023564
FIRE:   73 14:46:48       -0.102052        0.023525
FIRE:   74 14:46:48       -0.102136        0.023469
FIRE:   75 14:46:48       -0.102228        0.023401
FIRE:   76 14:46:48       -0.102325        0.023323
FIRE:   77 14:46:48       -0.102429        0.023240
FIRE:   78 14:46:48       -0.102546        0.023157
FIRE:   79 14:46:48       -0.102696        0.023072
FIRE:   80 14:46:48       -0.102885        0.022996
FIRE:   81 14:46:48       -0.103111        0.022945
FIRE:   82 14:46:48       -0.103362        0.022937
FIRE:   83 14:46:48       -0.103640        0.022986
FIRE:   84 14:46:48       -0.103966        0.023084
FIRE:   85 14:46:48       -0.104355        0.023212
FIRE:   86 14:46:48       -0.104798        0.023330
FIRE:   87 14:46:48       -0.105331        0.023347
FIRE:   88 14:46:48       -0.106008        0.023161
FIRE:   89 14:46:48       -0.106840        0.022695
FIRE:   90 14:46:48       -0.107883        0.021926
FIRE:   91 14:46:48       -0.109100        0.021011
FIRE:   92 14:46:48       -0.110475        0.020278
FIRE:   93 14:46:48       -0.111971        0.020205
FIRE:   94 14:46:48       -0.113344        0.050665
FIRE:   95 14:46:49       -0.108842        0.187715
FIRE:   96 14:46:49       -0.115102        0.073412
FIRE:   97 14:46:49       -0.115651        0.049537
FIRE:   98 14:46:49       -0.116087        0.023098
FIRE:   99 14:46:49       -0.115949        0.030158
FIRE:  100 14:46:49       -0.115988        0.027364
FIRE:  101 14:46:49       -0.116054        0.023058
FIRE:  102 14:46:49       -0.116128        0.023033
FIRE:  103 14:46:49       -0.116190        0.023015
FIRE:  104 14:46:49       -0.116228        0.023011
FIRE:  105 14:46:49       -0.116243        0.023023
FIRE:  106 14:46:49       -0.116250        0.023044
FIRE:  107 14:46:49       -0.116271        0.023069
FIRE:  108 14:46:49       -0.116321        0.023096
FIRE:  109 14:46:49       -0.116407        0.023127
FIRE:  110 14:46:49       -0.116514        0.023176
FIRE:  111 14:46:49       -0.116615        0.023271
FIRE:  112 14:46:49       -0.116705        0.023434
FIRE:  113 14:46:49       -0.116832        0.023661
FIRE:  114 14:46:49       -0.117028        0.023959
FIRE:  115 14:46:49       -0.117256        0.024385
FIRE:  116 14:46:49       -0.117497        0.025001
FIRE:  117 14:46:49       -0.117846        0.025801
FIRE:  118 14:46:49       -0.118281        0.026858
FIRE:  119 14:46:49       -0.118814        0.028247
FIRE:  120 14:46:49       -0.119551        0.029999
FIRE:  121 14:46:49       -0.120492        0.032243
FIRE:  122 14:46:50       -0.121781        0.035039
FIRE:  123 14:46:50       -0.123579        0.038461
FIRE:  124 14:46:50       -0.126098        0.042512
FIRE:  125 14:46:50       -0.129663        0.046846
FIRE:  126 14:46:50       -0.134274        0.057309
FIRE:  127 14:46:50       -0.135521        0.182864
FIRE:  128 14:46:50       -0.141842        0.052205
FIRE:  129 14:46:50       -0.142052        0.052266
FIRE:  130 14:46:50       -0.142325        0.052421
FIRE:  131 14:46:50       -0.142546        0.052699
FIRE:  132 14:46:50       -0.142780        0.053058
FIRE:  133 14:46:50       -0.143163        0.053428
FIRE:  134 14:46:50       -0.143703        0.053779
FIRE:  135 14:46:50       -0.144286        0.054114
FIRE:  136 14:46:50       -0.144920        0.054457
FIRE:  137 14:46:50       -0.145741        0.054725
FIRE:  138 14:46:50       -0.146868        0.054827
FIRE:  139 14:46:50       -0.148174        0.054716
FIRE:  140 14:46:50       -0.149785        0.054283
FIRE:  141 14:46:50       -0.151836        0.053417
FIRE:  142 14:46:50       -0.154235        0.052107
FIRE:  143 14:46:50       -0.157201        0.050293
FIRE:  144 14:46:50       -0.160674        0.048037
FIRE:  145 14:46:50       -0.164624        0.045271
FIRE:  146 14:46:50       -0.168895        0.041647
FIRE:  147 14:46:50       -0.172801        0.064195
FIRE:  148 14:46:50       -0.173429        0.138265
FIRE:  149 14:46:51       -0.177874        0.028285
FIRE:  150 14:46:51       -0.174499        0.124173
FIRE:  151 14:46:51       -0.176039        0.094422
FIRE:  152 14:46:51       -0.177721        0.042081
FIRE:  153 14:46:51       -0.178039        0.026994
FIRE:  154 14:46:51       -0.178056        0.026982
FIRE:  155 14:46:51       -0.178088        0.026958
FIRE:  156 14:46:51       -0.178128        0.026925
FIRE:  157 14:46:51       -0.178169        0.026883
FIRE:  158 14:46:51       -0.178205        0.026834
FIRE:  159 14:46:51       -0.178234        0.026777
FIRE:  160 14:46:51       -0.178257        0.026713
FIRE:  161 14:46:51       -0.178281        0.026632
FIRE:  162 14:46:51       -0.178313        0.026530
FIRE:  163 14:46:51       -0.178364        0.026404
FIRE:  164 14:46:51       -0.178437        0.026248
FIRE:  165 14:46:51       -0.178530        0.026056
FIRE:  166 14:46:51       -0.178631        0.025821
FIRE:  167 14:46:51       -0.178737        0.025532
FIRE:  168 14:46:51       -0.178865        0.025176
FIRE:  169 14:46:51       -0.179037        0.024737
FIRE:  170 14:46:51       -0.179242        0.024199
FIRE:  171 14:46:51       -0.179462        0.023536
FIRE:  172 14:46:51       -0.179732        0.022722
FIRE:  173 14:46:51       -0.180051        0.021727
FIRE:  174 14:46:51       -0.180393        0.020506
FIRE:  175 14:46:51       -0.180798        0.019028
FIRE:  176 14:46:52       -0.181218        0.017227
FIRE:  177 14:46:52       -0.181669        0.015078
FIRE:  178 14:46:52       -0.182117        0.012528
FIRE:  179 14:46:52       -0.182519        0.009481
