      Step     Time          Energy          fmax
FIRE:    0 14:46:34      191.688475       77.309513
FIRE:    1 14:46:34      155.788433       44.267631
FIRE:    2 14:46:34      136.597951       37.227919
FIRE:    3 14:46:34      126.264217       37.070432
FIRE:    4 14:46:34      118.147510       36.037840
FIRE:    5 14:46:34      110.809550       34.272890
FIRE:    6 14:46:34      105.341003       32.345899
FIRE:    7 14:46:34      100.412684       30.277590
FIRE:    8 14:46:34       93.457357       27.782816
FIRE:    9 14:46:34       84.432823       24.988934
FIRE:   10 14:46:34       75.095099       22.237677
FIRE:   11 14:46:34       66.453997       19.662018
FIRE:   12 14:46:34       58.510961       17.229133
FIRE:   13 14:46:34       51.098343       14.935876
FIRE:   14 14:46:34       44.244205       12.982820
FIRE:   15 14:46:34       38.043319       12.997331
FIRE:   16 14:46:34       32.525675       12.466546
FIRE:   17 14:46:34       27.674534       11.423521
FIRE:   18 14:46:34       23.476466        9.993586
FIRE:   19 14:46:34       19.924240        8.359186
FIRE:   20 14:46:35       16.990309        6.707543
FIRE:   21 14:46:35       14.608468        5.183842
FIRE:   22 14:46:35       12.689680        3.858218
FIRE:   23 14:46:35       11.158086        3.059921
FIRE:   24 14:46:35        9.974317        2.571420
FIRE:   25 14:46:35        9.125456        2.133375
FIRE:   26 14:46:35        8.595541        2.104967
FIRE:   27 14:46:35        8.347533        2.164498
FIRE:   28 14:46:35        8.323316        2.486098
FIRE:   29 14:46:35        7.121754        1.433168
FIRE:   30 14:46:35        6.546488        0.891174
FIRE:   31 14:46:35        6.288560        0.847506
FIRE:   32 14:46:35        6.115533        1.295570
FIRE:   33 14:46:35        5.914508        1.440588
FIRE:   34 14:46:35        5.701390        1.211566
FIRE:   35 14:46:35        5.576611        0.854651
FIRE:   36 14:46:35        5.577488        1.027491
FIRE:   37 14:46:35        5.308781        0.810805
FIRE:   38 14:46:35        5.073507        0.665724
FIRE:   39 14:46:35        4.901984        0.465376
FIRE:   40 14:46:35        4.790276        0.527936
FIRE:   41 14:46:35        4.667660        0.572042
FIRE:   42 14:46:35        4.568060        0.284741
FIRE:   43 14:46:35        4.568447        0.385731
FIRE:   44 14:46:35        4.549831        0.324346
FIRE:   45 14:46:35        4.522256        0.265249
FIRE:   46 14:46:35        4.495507        0.276813
FIRE:   47 14:46:36        4.471955        0.292671
FIRE:   48 14:46:36        4.449861        0.237081
FIRE:   49 14:46:36        4.429874        0.223207
FIRE:   50 14:46:36        4.414162        0.177314
FIRE:   51 14:46:36        4.400994        0.210616
FIRE:   52 14:46:36        4.388524        0.201739
FIRE:   53 14:46:36        4.379180        0.158483
FIRE:   54 14:46:36        4.376476        0.193757
FIRE:   55 14:46:36        4.374496        0.178095
FIRE:   56 14:46:36        4.370950        0.174167
FIRE:   57 14:46:36        4.366472        0.170890
FIRE:   58 14:46:36        4.361626        0.165994
FIRE:   59 14:46:36        4.356698        0.159357
FIRE:   60 14:46:36        4.351710        0.151092
FIRE:   61 14:46:36        4.346647        0.141467
FIRE:   62 14:46:36        4.341124        0.129606
FIRE:   63 14:46:36        4.335446        0.115561
FIRE:   64 14:46:36        4.329591        0.109814
FIRE:   65 14:46:36        4.322590        0.122499
FIRE:   66 14:46:36        4.313038        0.131233
FIRE:   67 14:46:36        4.299981        0.149685
FIRE:   68 14:46:36        4.281712        0.171400
FIRE:   69 14:46:36        4.254339        0.173372
FIRE:   70 14:46:36        4.213406        0.171036
FIRE:   71 14:46:36        4.150774        0.174112
FIRE:   72 14:46:36        4.049218        0.215696
FIRE:   73 14:46:36        3.884012        0.273590
FIRE:   74 14:46:36        3.683177        0.322698
FIRE:   75 14:46:36        3.453107        0.371454
FIRE:   76 14:46:37        3.200748        0.411459
FIRE:   77 14:46:37        2.934846        0.457822
FIRE:   78 14:46:37        2.665873        0.491390
FIRE:   79 14:46:37        2.406395        0.496451
FIRE:   80 14:46:37        2.169731        0.467001
FIRE:   81 14:46:37        1.962684        0.425469
FIRE:   82 14:46:37        1.778014        0.536846
FIRE:   83 14:46:37        1.606500        0.546498
FIRE:   84 14:46:37        1.465920        0.389244
FIRE:   85 14:46:37        1.395978        0.400504
FIRE:   86 14:46:37        1.410820        0.526107
FIRE:   87 14:46:37        1.343612        0.611891
FIRE:   88 14:46:37        1.267550        0.381834
FIRE:   89 14:46:37        1.273968        0.516483
FIRE:   90 14:46:37        1.258497        0.417978
FIRE:   91 14:46:37        1.237568        0.374660
FIRE:   92 14:46:37        1.222901        0.386172
FIRE:   93 14:46:37        1.217222        0.394697
FIRE:   94 14:46:37        1.211871        0.399807
FIRE:   95 14:46:37        1.197790        0.402630
FIRE:   96 14:46:37        1.173955        0.403452
FIRE:   97 14:46:37        1.143750        0.401076
FIRE:   98 14:46:37        1.115963        0.394397
FIRE:   99 14:46:37        1.087533        0.388046
FIRE:  100 14:46:37        1.041908        0.389865
FIRE:  101 14:46:37        0.977248        0.401503
FIRE:  102 14:46:38        0.907028        0.414436
FIRE:  103 14:46:38        0.811303        0.421064
FIRE:  104 14:46:38        0.685237        0.418194
FIRE:  105 14:46:38        0.568055        0.410994
FIRE:  106 14:46:38        0.447382        0.402024
FIRE:  107 14:46:38        0.345607        0.376885
FIRE:  108 14:46:38        0.262371        0.329375
FIRE:  109 14:46:38        0.200671        0.265080
FIRE:  110 14:46:38        0.159471        0.236544
FIRE:  111 14:46:38        0.124070        0.245608
FIRE:  112 14:46:38        0.091534        0.246705
FIRE:  113 14:46:38        0.045933        0.235598
FIRE:  114 14:46:38       -0.008691        0.208299
FIRE:  115 14:46:38       -0.061335        0.167813
FIRE:  116 14:46:38       -0.087516        0.140275
FIRE:  117 14:46:38       -0.099451        0.157330
FIRE:  118 14:46:38       -0.125257        0.128121
FIRE:  119 14:46:38       -0.135556        0.110574
FIRE:  120 14:46:38       -0.137458        0.109771
FIRE:  121 14:46:38       -0.140517        0.108379
FIRE:  122 14:46:38       -0.143806        0.106597
FIRE:  123 14:46:38       -0.146884        0.104344
FIRE:  124 14:46:38       -0.149972        0.101267
FIRE:  125 14:46:38       -0.153507        0.096998
FIRE:  126 14:46:38       -0.157661        0.091332
FIRE:  127 14:46:39       -0.162664        0.083406
FIRE:  128 14:46:39       -0.167788        0.072728
FIRE:  129 14:46:39       -0.172145        0.058601
FIRE:  130 14:46:39       -0.175851        0.049880
FIRE:  131 14:46:39       -0.178872        0.027199
FIRE:  132 14:46:39       -0.179700        0.041104
FIRE:  133 14:46:39       -0.179842        0.034455
FIRE:  134 14:46:39       -0.180054        0.022871
FIRE:  135 14:46:39       -0.180245        0.022286
FIRE:  136 14:46:39       -0.180373        0.021758
FIRE:  137 14:46:39       -0.180464        0.021243
FIRE:  138 14:46:39       -0.180567        0.023329
FIRE:  139 14:46:39       -0.180719        0.022408
FIRE:  140 14:46:39       -0.180947        0.019204
FIRE:  141 14:46:39       -0.181228        0.018273
FIRE:  142 14:46:39       -0.181500        0.017124
FIRE:  143 14:46:39       -0.181715        0.015689
FIRE:  144 14:46:39       -0.181942        0.014007
FIRE:  145 14:46:39       -0.182257        0.012133
FIRE:  146 14:46:39       -0.182485        0.009971
