      Step     Time          Energy          fmax
FIRE:    0 11:44:34      320.435179       83.417697
FIRE:    1 11:44:34      290.482510       77.054602
FIRE:    2 11:44:34      271.574098       64.986045
FIRE:    3 11:44:34      251.730573       50.179891
FIRE:    4 11:44:34      232.096195       44.396905
FIRE:    5 11:44:34      216.869274       42.006610
FIRE:    6 11:44:34      205.135660       40.106676
FIRE:    7 11:44:34      193.384929       38.255925
FIRE:    8 11:44:34      180.663156       36.327228
FIRE:    9 11:44:35      168.813710       34.529627
FIRE:   10 11:44:35      158.596922       32.940098
FIRE:   11 11:44:35      148.781862       31.393817
FIRE:   12 11:44:35      138.858622       29.814736
FIRE:   13 11:44:35      129.664526       28.301189
FIRE:   14 11:44:35      121.571116       26.899178
FIRE:   15 11:44:35      113.937635       25.528848
FIRE:   16 11:44:35      106.479365       24.159253
FIRE:   17 11:44:35       99.553262       22.845371
FIRE:   18 11:44:36       93.267486       21.603846
FIRE:   19 11:44:36       87.304059       20.393084
FIRE:   20 11:44:36       81.567839       19.202909
FIRE:   21 11:44:36       76.241855       18.062415
FIRE:   22 11:44:36       71.340831       16.977071
FIRE:   23 11:44:36       66.700704       15.928658
FIRE:   24 11:44:36       62.305245       14.918794
FIRE:   25 11:44:36       58.240723       13.957880
FIRE:   26 11:44:36       54.470310       13.039061
FIRE:   27 11:44:36       50.913277       12.150937
FIRE:   28 11:44:36       47.589951       11.298603
FIRE:   29 11:44:36       44.529628       10.488910
FIRE:   30 11:44:36       41.688922        9.715261
FIRE:   31 11:44:36       39.038799        8.973849
FIRE:   32 11:44:36       36.596433        8.268901
FIRE:   33 11:44:36       34.356258        7.599867
FIRE:   34 11:44:36       32.287801        6.961691
FIRE:   35 11:44:36       30.381703        6.353743
FIRE:   36 11:44:36       28.641773        5.778288
FIRE:   37 11:44:36       27.055183        5.234150
FIRE:   38 11:44:37       25.602416        4.718588
FIRE:   39 11:44:37       24.276711        4.232282
FIRE:   40 11:44:37       23.074387        3.777774
FIRE:   41 11:44:37       21.982372        3.353253
FIRE:   42 11:44:37       20.987522        2.954908
FIRE:   43 11:44:37       20.084699        2.582871
FIRE:   44 11:44:37       19.269816        2.238864
FIRE:   45 11:44:37       18.534706        1.923423
FIRE:   46 11:44:37       17.872354        1.636948
FIRE:   47 11:44:37       17.280512        1.379754
FIRE:   48 11:44:37       16.758735        1.150319
FIRE:   49 11:44:37       16.306343        0.948155
FIRE:   50 11:44:37       15.924885        0.887442
FIRE:   51 11:44:37       15.619091        0.808997
FIRE:   52 11:44:37       15.391815        0.855595
FIRE:   53 11:44:37       15.238736        0.989034
FIRE:   54 11:44:37       15.152988        1.187936
FIRE:   55 11:44:37       15.133354        1.308930
FIRE:   56 11:44:37       15.007177        0.632864
FIRE:   57 11:44:37       14.942053        0.501608
FIRE:   58 11:44:37       14.870728        0.647724
FIRE:   59 11:44:37       14.752817        0.666803
FIRE:   60 11:44:37       14.593099        0.822284
FIRE:   61 11:44:37       14.455514        1.013492
FIRE:   62 11:44:38       14.412599        0.366053
FIRE:   63 11:44:38       14.417745        0.882938
FIRE:   64 11:44:38       14.405552        0.681378
FIRE:   65 11:44:38       14.390376        0.345839
FIRE:   66 11:44:38       14.381905        0.331534
FIRE:   67 11:44:38       14.379957        0.477150
FIRE:   68 11:44:38       14.378747        0.452246
FIRE:   69 11:44:38       14.376508        0.404537
FIRE:   70 11:44:38       14.373557        0.338593
FIRE:   71 11:44:38       14.370269        0.322602
FIRE:   72 11:44:38       14.366973        0.319939
FIRE:   73 11:44:38       14.363854        0.316859
FIRE:   74 11:44:38       14.360887        0.313463
FIRE:   75 11:44:38       14.357527        0.309497
FIRE:   76 11:44:39       14.353307        0.305015
FIRE:   77 11:44:39       14.347648        0.300058
FIRE:   78 11:44:39       14.340153        0.294589
FIRE:   79 11:44:39       14.330923        0.288405
FIRE:   80 11:44:39       14.320585        0.281027
FIRE:   81 11:44:39       14.309520        0.271655
FIRE:   82 11:44:39       14.296912        0.259459
FIRE:   83 11:44:39       14.281726        0.253941
FIRE:   84 11:44:39       14.264966        0.249405
FIRE:   85 11:44:39       14.248082        0.243501
FIRE:   86 11:44:39       14.229207        0.235615
FIRE:   87 11:44:39       14.208519        0.226119
FIRE:   88 11:44:39       14.186260        0.218561
FIRE:   89 11:44:39       14.159016        0.217779
FIRE:   90 11:44:39       14.127936        0.225355
FIRE:   91 11:44:40       14.090216        0.243622
FIRE:   92 11:44:40       14.046119        0.284306
FIRE:   93 11:44:40       13.992503        0.353294
FIRE:   94 11:44:40       13.919898        0.440157
FIRE:   95 11:44:40       13.823267        0.507084
FIRE:   96 11:44:40       13.721036        0.454668
FIRE:   97 11:44:40       13.648049        0.152989
FIRE:   98 11:44:40       13.650619        0.444252
FIRE:   99 11:44:40       13.641647        0.361581
FIRE:  100 11:44:40       13.629352        0.240749
FIRE:  101 11:44:40       13.618365        0.123222
FIRE:  102 11:44:40       13.612909        0.119663
FIRE:  103 11:44:40       13.610402        0.129293
FIRE:  104 11:44:40       13.607859        0.151714
FIRE:  105 11:44:41       13.602974        0.178579
FIRE:  106 11:44:41       13.594186        0.165034
FIRE:  107 11:44:41       13.582282        0.142206
FIRE:  108 11:44:41       13.569025        0.151749
FIRE:  109 11:44:41       13.552612        0.166455
FIRE:  110 11:44:41       13.525033        0.201807
FIRE:  111 11:44:41       13.478754        0.265294
FIRE:  112 11:44:41       13.405725        0.389715
FIRE:  113 11:44:41       13.309761        0.551736
FIRE:  114 11:44:41       13.198855        0.915943
FIRE:  115 11:44:41       13.017306        0.953265
FIRE:  116 11:44:42       12.771970        1.197412
FIRE:  117 11:44:42       12.519634        1.365455
FIRE:  118 11:44:42       12.222408        1.372997
FIRE:  119 11:44:42       11.951934        1.180881
FIRE:  120 11:44:42       11.754041        0.627641
FIRE:  121 11:44:42       11.694271        0.477815
FIRE:  122 11:44:42       11.825920        2.030077
FIRE:  123 11:44:42       11.695084        1.046608
FIRE:  124 11:44:42       11.666139        0.659980
FIRE:  125 11:44:42       11.646289        0.155491
FIRE:  126 11:44:42       11.656687        0.553038
FIRE:  127 11:44:42       11.654169        0.501103
FIRE:  128 11:44:42       11.650008        0.402387
FIRE:  129 11:44:42       11.645627        0.266907
FIRE:  130 11:44:42       11.642472        0.128914
FIRE:  131 11:44:42       11.641403        0.122584
FIRE:  132 11:44:42       11.641368        0.122412
FIRE:  133 11:44:42       11.641300        0.122070
FIRE:  134 11:44:43       11.641198        0.121561
FIRE:  135 11:44:43       11.641067        0.120890
FIRE:  136 11:44:43       11.640907        0.120065
FIRE:  137 11:44:43       11.640721        0.119094
FIRE:  138 11:44:43       11.640513        0.117989
FIRE:  139 11:44:43       11.640257        0.116623
FIRE:  140 11:44:43       11.639948        0.114959
FIRE:  141 11:44:43       11.639575        0.112962
FIRE:  142 11:44:43       11.639127        0.110596
FIRE:  143 11:44:43       11.638588        0.107832
FIRE:  144 11:44:43       11.637940        0.104636
FIRE:  145 11:44:43       11.637163        0.100959
FIRE:  146 11:44:43       11.636241        0.096717
FIRE:  147 11:44:43       11.635170        0.091754
FIRE:  148 11:44:43       11.633958        0.085810
FIRE:  149 11:44:43       11.632616        0.078509
FIRE:  150 11:44:43       11.631154        0.069420
FIRE:  151 11:44:43       11.629593        0.058219
FIRE:  152 11:44:43       11.628012        0.044911
FIRE:  153 11:44:43       11.626521        0.035987
FIRE:  154 11:44:43       11.625191        0.038887
FIRE:  155 11:44:43       11.624132        0.043875
FIRE:  156 11:44:43       11.623396        0.049285
FIRE:  157 11:44:44       11.622931        0.054877
FIRE:  158 11:44:44       11.622581        0.059264
FIRE:  159 11:44:44       11.622086        0.061925
FIRE:  160 11:44:44       11.621153        0.063570
FIRE:  161 11:44:44       11.619518        0.063754
FIRE:  162 11:44:45       11.616934        0.061062
FIRE:  163 11:44:45       11.613380        0.057525
FIRE:  164 11:44:45       11.609010        0.052478
FIRE:  165 11:44:45       11.604022        0.046227
FIRE:  166 11:44:45       11.599061        0.157787
FIRE:  167 11:44:45       11.609689        0.674526
FIRE:  168 11:44:46       11.592647        0.276399
FIRE:  169 11:44:46       11.590490        0.179184
FIRE:  170 11:44:46       11.588748        0.055356
FIRE:  171 11:44:46       11.589071        0.140179
FIRE:  172 11:44:46       11.588897        0.128269
FIRE:  173 11:44:46       11.588595        0.105589
FIRE:  174 11:44:46       11.588247        0.074470
FIRE:  175 11:44:47       11.587934        0.056239
FIRE:  176 11:44:47       11.587703        0.057389
FIRE:  177 11:44:47       11.587543        0.058549
FIRE:  178 11:44:47       11.587390        0.063321
FIRE:  179 11:44:47       11.587151        0.076149
FIRE:  180 11:44:47       11.586751        0.074691
FIRE:  181 11:44:47       11.586173        0.062603
FIRE:  182 11:44:47       11.585481        0.063470
FIRE:  183 11:44:47       11.584779        0.064454
FIRE:  184 11:44:47       11.584025        0.065911
FIRE:  185 11:44:47       11.583001        0.068194
FIRE:  186 11:44:47       11.581627        0.071478
FIRE:  187 11:44:48       11.580099        0.075538
FIRE:  188 11:44:48       11.578306        0.079604
FIRE:  189 11:44:48       11.575889        0.083168
FIRE:  190 11:44:48       11.573062        0.086683
FIRE:  191 11:44:48       11.569392        0.091819
FIRE:  192 11:44:48       11.564749        0.098599
FIRE:  193 11:44:48       11.558598        0.104356
FIRE:  194 11:44:48       11.550601        0.110024
FIRE:  195 11:44:48       11.539562        0.120171
FIRE:  196 11:44:48       11.524123        0.128893
FIRE:  197 11:44:48       11.501824        0.144717
FIRE:  198 11:44:49       11.469154        0.201614
FIRE:  199 11:44:49       11.434415        0.703176
FIRE:  200 11:44:49       11.506922        1.960412
FIRE:  201 11:44:49       11.379433        0.939575
FIRE:  202 11:44:49       11.354226        0.607741
FIRE:  203 11:44:49       11.333903        0.304282
FIRE:  204 11:44:49       11.337190        0.471717
FIRE:  205 11:44:49       11.335017        0.429693
FIRE:  206 11:44:49       11.331269        0.349865
FIRE:  207 11:44:49       11.326922        0.306730
FIRE:  208 11:44:49       11.322955        0.308097
FIRE:  209 11:44:49       11.319918        0.309847
FIRE:  210 11:44:49       11.317618        0.311980
FIRE:  211 11:44:49       11.315262        0.314448
FIRE:  212 11:44:49       11.311593        0.317529
FIRE:  213 11:44:49       11.305667        0.321375
FIRE:  214 11:44:49       11.297191        0.326248
FIRE:  215 11:44:49       11.286875        0.332575
FIRE:  216 11:44:49       11.275645        0.340958
FIRE:  217 11:44:50       11.262449        0.351716
FIRE:  218 11:44:50       11.244161        0.364019
FIRE:  219 11:44:50       11.219666        0.374670
FIRE:  220 11:44:50       11.191310        0.375707
FIRE:  221 11:44:50       11.158315        0.351083
FIRE:  222 11:44:50       11.121036        0.270939
FIRE:  223 11:44:50       11.092988        0.205888
FIRE:  224 11:44:50       11.082061        0.559888
FIRE:  225 11:44:50       11.079364        0.538002
FIRE:  226 11:44:50       11.074452        0.496385
FIRE:  227 11:44:50       11.068075        0.438864
FIRE:  228 11:44:50       11.060978        0.370239
FIRE:  229 11:44:50       11.053739        0.295572
FIRE:  230 11:44:50       11.046759        0.219675
FIRE:  231 11:44:50       11.040249        0.167506
FIRE:  232 11:44:51       11.033510        0.173545
FIRE:  233 11:44:51       11.026120        0.211173
FIRE:  234 11:44:51       11.017408        0.241253
FIRE:  235 11:44:51       11.006705        0.255884
FIRE:  236 11:44:51       10.993218        0.250005
FIRE:  237 11:44:51       10.976637        0.215271
FIRE:  238 11:44:51       10.958222        0.141123
FIRE:  239 11:44:51       10.941152        0.109451
FIRE:  240 11:44:51       10.928652        0.163896
FIRE:  241 11:44:51       10.918439        0.211330
FIRE:  242 11:44:51       10.910415        0.137863
FIRE:  243 11:44:51       10.911016        0.295621
FIRE:  244 11:44:51       10.909088        0.243036
FIRE:  245 11:44:51       10.907086        0.157787
FIRE:  246 11:44:51       10.905186        0.108784
FIRE:  247 11:44:51       10.903216        0.116540
FIRE:  248 11:44:51       10.902083        0.132834
FIRE:  249 11:44:51       10.900865        0.127187
FIRE:  250 11:44:51       10.898828        0.100845
FIRE:  251 11:44:52       10.896806        0.071614
FIRE:  252 11:44:52       10.894652        0.060837
FIRE:  253 11:44:52       10.892970        0.063172
FIRE:  254 11:44:52       10.891122        0.084964
FIRE:  255 11:44:52       10.888951        0.095139
FIRE:  256 11:44:52       10.886109        0.047863
FIRE:  257 11:44:52       10.884007        0.070644
FIRE:  258 11:44:52       10.881561        0.072542
FIRE:  259 11:44:52       10.879720        0.177129
FIRE:  260 11:44:52       10.878256        0.063462
FIRE:  261 11:44:52       10.878983        0.161240
FIRE:  262 11:44:52       10.878483        0.120932
FIRE:  263 11:44:52       10.877922        0.063204
FIRE:  264 11:44:52       10.877751        0.061054
FIRE:  265 11:44:52       10.877738        0.061078
FIRE:  266 11:44:52       10.877713        0.061122
FIRE:  267 11:44:52       10.877679        0.061180
FIRE:  268 11:44:52       10.877638        0.061242
FIRE:  269 11:44:52       10.877591        0.061294
FIRE:  270 11:44:53       10.877541        0.061320
FIRE:  271 11:44:53       10.877486        0.061305
FIRE:  272 11:44:53       10.877419        0.061225
FIRE:  273 11:44:53       10.877334        0.061050
FIRE:  274 11:44:53       10.877225        0.060746
FIRE:  275 11:44:53       10.877087        0.060285
FIRE:  276 11:44:53       10.876919        0.059649
FIRE:  277 11:44:53       10.876720        0.058844
FIRE:  278 11:44:53       10.876485        0.057920
FIRE:  279 11:44:53       10.876203        0.056941
FIRE:  280 11:44:53       10.875860        0.055928
FIRE:  281 11:44:53       10.875460        0.054769
FIRE:  282 11:44:53       10.874997        0.053184
FIRE:  283 11:44:53       10.874449        0.050895
FIRE:  284 11:44:53       10.873819        0.047905
FIRE:  285 11:44:53       10.873092        0.044647
FIRE:  286 11:44:53       10.872256        0.041241
FIRE:  287 11:44:53       10.871296        0.036942
FIRE:  288 11:44:53       10.870203        0.032137
FIRE:  289 11:44:54       10.868949        0.028716
FIRE:  290 11:44:54       10.867512        0.025489
FIRE:  291 11:44:54       10.865892        0.037503
FIRE:  292 11:44:54       10.864316        0.095519
FIRE:  293 11:44:54       10.864464        0.254910
FIRE:  294 11:44:54       10.861765        0.024433
FIRE:  295 11:44:54       10.861748        0.024553
FIRE:  296 11:44:54       10.861717        0.024774
FIRE:  297 11:44:54       10.861673        0.025055
FIRE:  298 11:44:54       10.861617        0.025350
FIRE:  299 11:44:54       10.861546        0.025621
FIRE:  300 11:44:54       10.861460        0.025856
FIRE:  301 11:44:54       10.861361        0.026072
FIRE:  302 11:44:54       10.861237        0.026339
FIRE:  303 11:44:54       10.861082        0.026744
FIRE:  304 11:44:54       10.860888        0.027366
FIRE:  305 11:44:54       10.860649        0.028205
FIRE:  306 11:44:54       10.860356        0.029124
FIRE:  307 11:44:55       10.859994        0.029983
FIRE:  308 11:44:55       10.859555        0.030910
FIRE:  309 11:44:55       10.859015        0.032242
FIRE:  310 11:44:55       10.858358        0.033762
FIRE:  311 11:44:55       10.857553        0.034919
FIRE:  312 11:44:55       10.856562        0.036562
FIRE:  313 11:44:55       10.855335        0.037795
FIRE:  314 11:44:55       10.853804        0.039324
FIRE:  315 11:44:55       10.851908        0.039552
FIRE:  316 11:44:55       10.850198        0.132798
FIRE:  317 11:44:55       10.858558        0.542361
FIRE:  318 11:44:55       10.848252        0.207903
FIRE:  319 11:44:55       10.847219        0.135896
FIRE:  320 11:44:55       10.846428        0.042138
FIRE:  321 11:44:56       10.846745        0.102249
FIRE:  322 11:44:56       10.846670        0.093467
FIRE:  323 11:44:56       10.846541        0.076673
FIRE:  324 11:44:56       10.846400        0.053383
FIRE:  325 11:44:56       10.846287        0.041010
FIRE:  326 11:44:56       10.846228        0.041678
FIRE:  327 11:44:56       10.846218        0.042240
FIRE:  328 11:44:56       10.846215        0.042224
FIRE:  329 11:44:56       10.846209        0.042193
FIRE:  330 11:44:56       10.846201        0.042147
FIRE:  331 11:44:56       10.846190        0.042087
FIRE:  332 11:44:56       10.846177        0.042015
FIRE:  333 11:44:56       10.846163        0.041932
FIRE:  334 11:44:56       10.846148        0.041842
FIRE:  335 11:44:56       10.846130        0.041735
FIRE:  336 11:44:56       10.846110        0.041613
FIRE:  337 11:44:57       10.846086        0.041482
FIRE:  338 11:44:57       10.846059        0.041347
FIRE:  339 11:44:57       10.846027        0.041222
FIRE:  340 11:44:57       10.845987        0.041119
FIRE:  341 11:44:57       10.845935        0.041054
FIRE:  342 11:44:57       10.845869        0.041040
FIRE:  343 11:44:57       10.845787        0.041084
FIRE:  344 11:44:57       10.845686        0.041177
FIRE:  345 11:44:57       10.845567        0.041285
FIRE:  346 11:44:57       10.845424        0.041350
FIRE:  347 11:44:57       10.845246        0.041306
FIRE:  348 11:44:57       10.845024        0.041116
FIRE:  349 11:44:58       10.844755        0.040820
FIRE:  350 11:44:58       10.844430        0.040565
FIRE:  351 11:44:58       10.844026        0.040526
FIRE:  352 11:44:58       10.843530        0.040706
FIRE:  353 11:44:58       10.842925        0.040815
FIRE:  354 11:44:58       10.842172        0.040616
FIRE:  355 11:44:59       10.841248        0.040510
FIRE:  356 11:44:59       10.840094        0.041073
FIRE:  357 11:44:59       10.838659        0.041533
FIRE:  358 11:44:59       10.836860        0.041736
FIRE:  359 11:45:00       10.834596        0.043465
FIRE:  360 11:45:00       10.831782        0.046973
FIRE:  361 11:45:00       10.828681        0.123823
FIRE:  362 11:45:01       10.828708        0.357666
FIRE:  363 11:45:01       10.823440        0.049481
FIRE:  364 11:45:01       10.823362        0.049211
FIRE:  365 11:45:02       10.823247        0.048754
FIRE:  366 11:45:02       10.823131        0.048277
FIRE:  367 11:45:02       10.823000        0.047991
FIRE:  368 11:45:02       10.822814        0.048035
FIRE:  369 11:45:02       10.822563        0.048422
FIRE:  370 11:45:03       10.822275        0.049045
FIRE:  371 11:45:03       10.821942        0.049771
FIRE:  372 11:45:03       10.821523        0.050296
FIRE:  373 11:45:03       10.820959        0.050414
FIRE:  374 11:45:03       10.820265        0.050261
FIRE:  375 11:45:03       10.819410        0.050516
FIRE:  376 11:45:03       10.818296        0.051697
FIRE:  377 11:45:03       10.816930        0.053171
FIRE:  378 11:45:04       10.815163        0.053741
FIRE:  379 11:45:04       10.812955        0.054555
FIRE:  380 11:45:04       10.810121        0.057378
FIRE:  381 11:45:04       10.806471        0.058487
FIRE:  382 11:45:04       10.801737        0.061894
FIRE:  383 11:45:05       10.795565        0.063520
FIRE:  384 11:45:05       10.788337        0.167027
FIRE:  385 11:45:05       10.791042        0.601834
FIRE:  386 11:45:05       10.776778        0.140613
FIRE:  387 11:45:05       10.776255        0.097829
FIRE:  388 11:45:06       10.775677        0.075093
FIRE:  389 11:45:06       10.775409        0.073420
FIRE:  390 11:45:06       10.775219        0.099114
FIRE:  391 11:45:06       10.774682        0.102378
FIRE:  392 11:45:06       10.773784        0.073873
FIRE:  393 11:45:06       10.772867        0.075736
FIRE:  394 11:45:06       10.772034        0.077677
FIRE:  395 11:45:06       10.770919        0.082636
FIRE:  396 11:45:07       10.769179        0.078528
FIRE:  397 11:45:07       10.767242        0.077466
FIRE:  398 11:45:07       10.764891        0.077891
FIRE:  399 11:45:07       10.761572        0.081046
FIRE:  400 11:45:07       10.757737        0.084458
FIRE:  401 11:45:08       10.752403        0.084936
FIRE:  402 11:45:08       10.745827        0.086693
FIRE:  403 11:45:08       10.737119        0.094164
FIRE:  404 11:45:08       10.725438        0.095887
FIRE:  405 11:45:08       10.709791        0.105881
FIRE:  406 11:45:09       10.689142        0.191481
FIRE:  407 11:45:09       10.671583        0.608373
FIRE:  408 11:45:09       10.655652        0.125751
FIRE:  409 11:45:09       10.655163        0.126480
FIRE:  410 11:45:09       10.654298        0.127764
FIRE:  411 11:45:09       10.653151        0.129294
FIRE:  412 11:45:09       10.651684        0.130737
FIRE:  413 11:45:09       10.649774        0.131868
FIRE:  414 11:45:09       10.647380        0.132654
FIRE:  415 11:45:09       10.644571        0.133269
FIRE:  416 11:45:10       10.641032        0.134161
FIRE:  417 11:45:10       10.636468        0.135963
FIRE:  418 11:45:10       10.630479        0.139177
FIRE:  419 11:45:10       10.622789        0.143617
FIRE:  420 11:45:10       10.612846        0.148271
FIRE:  421 11:45:10       10.599739        0.152509
FIRE:  422 11:45:10       10.582574        0.157795
FIRE:  423 11:45:10       10.559579        0.166717
FIRE:  424 11:45:10       10.528536        0.178238
FIRE:  425 11:45:10       10.485413        0.191437
FIRE:  426 11:45:10       10.424079        0.224512
FIRE:  427 11:45:10       10.334289        0.269763
FIRE:  428 11:45:10       10.216101        0.324667
FIRE:  429 11:45:11       10.081403        0.381055
FIRE:  430 11:45:11        9.930724        0.434164
FIRE:  431 11:45:11        9.766529        0.477410
FIRE:  432 11:45:11        9.593406        0.500195
FIRE:  433 11:45:11        9.417860        0.494017
FIRE:  434 11:45:11        9.247540        0.453153
FIRE:  435 11:45:11        9.089725        0.378285
FIRE:  436 11:45:11        8.949458        0.289158
FIRE:  437 11:45:12        8.828706        0.290597
FIRE:  438 11:45:12        8.725211        0.297247
FIRE:  439 11:45:12        8.633292        0.309400
FIRE:  440 11:45:12        8.546636        0.323756
FIRE:  441 11:45:12        8.463233        0.326055
FIRE:  442 11:45:12        8.387457        0.310917
FIRE:  443 11:45:12        8.330072        0.265419
FIRE:  444 11:45:13        8.304371        0.353573
FIRE:  445 11:45:13        8.271805        0.280589
FIRE:  446 11:45:13        8.263324        0.149189
FIRE:  447 11:45:13        8.256117        0.131186
FIRE:  448 11:45:13        8.252868        0.155198
FIRE:  449 11:45:13        8.251322        0.136243
FIRE:  450 11:45:13        8.249600        0.109906
FIRE:  451 11:45:13        8.247602        0.101612
FIRE:  452 11:45:13        8.245543        0.093037
FIRE:  453 11:45:14        8.244437        0.083185
FIRE:  454 11:45:14        8.243341        0.106043
FIRE:  455 11:45:14        8.241941        0.126764
FIRE:  456 11:45:14        8.240136        0.121604
FIRE:  457 11:45:14        8.237244        0.088802
FIRE:  458 11:45:14        8.234605        0.073118
FIRE:  459 11:45:14        8.232230        0.039214
FIRE:  460 11:45:15        8.230386        0.081373
FIRE:  461 11:45:15        8.228085        0.083336
FIRE:  462 11:45:15        8.225613        0.114477
FIRE:  463 11:45:15        8.225059        0.189715
FIRE:  464 11:45:15        8.223450        0.042038
FIRE:  465 11:45:15        8.224148        0.152292
FIRE:  466 11:45:15        8.223752        0.119556
FIRE:  467 11:45:15        8.223268        0.061099
FIRE:  468 11:45:16        8.223056        0.032316
FIRE:  469 11:45:16        8.223051        0.032317
FIRE:  470 11:45:16        8.223042        0.032318
FIRE:  471 11:45:16        8.223029        0.032320
FIRE:  472 11:45:16        8.223011        0.032322
FIRE:  473 11:45:16        8.222989        0.032324
FIRE:  474 11:45:17        8.222965        0.032327
FIRE:  475 11:45:17        8.222937        0.032329
FIRE:  476 11:45:17        8.222902        0.032331
FIRE:  477 11:45:17        8.222859        0.032332
FIRE:  478 11:45:17        8.222807        0.032331
FIRE:  479 11:45:17        8.222743        0.032327
FIRE:  480 11:45:17        8.222667        0.032315
FIRE:  481 11:45:18        8.222575        0.032294
FIRE:  482 11:45:18        8.222466        0.032258
FIRE:  483 11:45:18        8.222336        0.032200
FIRE:  484 11:45:18        8.222180        0.032111
FIRE:  485 11:45:18        8.221990        0.031981
FIRE:  486 11:45:18        8.221761        0.031797
FIRE:  487 11:45:18        8.221484        0.031550
FIRE:  488 11:45:19        8.221153        0.031232
FIRE:  489 11:45:19        8.220760        0.030844
FIRE:  490 11:45:19        8.220297        0.030400
FIRE:  491 11:45:19        8.219750        0.029930
FIRE:  492 11:45:19        8.219096        0.029477
FIRE:  493 11:45:19        8.218309        0.029080
FIRE:  494 11:45:19        8.217370        0.028765
FIRE:  495 11:45:19        8.216251        0.028522
FIRE:  496 11:45:19        8.214923        0.028356
FIRE:  497 11:45:20        8.213515        0.070635
FIRE:  498 11:45:20        8.213289        0.206052
FIRE:  499 11:45:20        8.211426        0.028644
FIRE:  500 11:45:20        8.211411        0.028652
FIRE:  501 11:45:20        8.211384        0.028667
FIRE:  502 11:45:20        8.211348        0.028691
FIRE:  503 11:45:20        8.211303        0.028721
FIRE:  504 11:45:20        8.211245        0.028757
FIRE:  505 11:45:20        8.211174        0.028798
FIRE:  506 11:45:21        8.211091        0.028843
FIRE:  507 11:45:21        8.210988        0.028897
FIRE:  508 11:45:21        8.210860        0.028962
FIRE:  509 11:45:21        8.210696        0.029037
FIRE:  510 11:45:21        8.210491        0.029124
FIRE:  511 11:45:21        8.210239        0.029225
FIRE:  512 11:45:21        8.209922        0.029344
FIRE:  513 11:45:21        8.209533        0.029491
FIRE:  514 11:45:21        8.209048        0.029681
FIRE:  515 11:45:21        8.208450        0.029936
FIRE:  516 11:45:21        8.207709        0.030282
FIRE:  517 11:45:21        8.206787        0.030753
FIRE:  518 11:45:22        8.205638        0.031381
FIRE:  519 11:45:22        8.204198        0.032215
FIRE:  520 11:45:22        8.202427        0.035890
FIRE:  521 11:45:22        8.201076        0.149310
FIRE:  522 11:45:22        8.200061        0.034885
FIRE:  523 11:45:22        8.200034        0.034897
FIRE:  524 11:45:22        8.199990        0.034921
FIRE:  525 11:45:22        8.199938        0.034958
FIRE:  526 11:45:22        8.199874        0.035006
FIRE:  527 11:45:22        8.199789        0.035065
FIRE:  528 11:45:22        8.199679        0.035134
FIRE:  529 11:45:22        8.199554        0.035215
FIRE:  530 11:45:23        8.199402        0.035319
FIRE:  531 11:45:23        8.199209        0.035452
FIRE:  532 11:45:23        8.198958        0.035619
FIRE:  533 11:45:23        8.198647        0.035832
FIRE:  534 11:45:23        8.198260        0.036101
FIRE:  535 11:45:23        8.197767        0.036441
FIRE:  536 11:45:23        8.197156        0.036877
FIRE:  537 11:45:23        8.196380        0.037438
FIRE:  538 11:45:23        8.195408        0.038166
FIRE:  539 11:45:23        8.194180        0.039109
FIRE:  540 11:45:23        8.192620        0.040339
FIRE:  541 11:45:23        8.190646        0.041931
FIRE:  542 11:45:23        8.188274        0.069576
FIRE:  543 11:45:23        8.186550        0.198681
FIRE:  544 11:45:23        8.184738        0.046691
FIRE:  545 11:45:23        8.184709        0.046714
FIRE:  546 11:45:23        8.184652        0.046760
FIRE:  547 11:45:23        8.184568        0.046830
FIRE:  548 11:45:23        8.184455        0.046923
FIRE:  549 11:45:23        8.184314        0.047040
FIRE:  550 11:45:24        8.184144        0.047180
FIRE:  551 11:45:24        8.183944        0.047345
FIRE:  552 11:45:24        8.183689        0.047556
FIRE:  553 11:45:24        8.183365        0.047823
FIRE:  554 11:45:24        8.182954        0.048161
FIRE:  555 11:45:24        8.182434        0.048586
FIRE:  556 11:45:24        8.181779        0.049120
FIRE:  557 11:45:24        8.180950        0.049790
FIRE:  558 11:45:24        8.179904        0.050628
FIRE:  559 11:45:24        8.178580        0.051675
FIRE:  560 11:45:24        8.176897        0.052985
FIRE:  561 11:45:24        8.174747        0.054622
FIRE:  562 11:45:24        8.171985        0.056665
FIRE:  563 11:45:24        8.168405        0.059202
FIRE:  564 11:45:24        8.163724        0.062335
FIRE:  565 11:45:24        8.157571        0.066179
FIRE:  566 11:45:24        8.150186        0.141111
FIRE:  567 11:45:25        8.155003        0.620684
FIRE:  568 11:45:25        8.140524        0.229399
FIRE:  569 11:45:25        8.139131        0.152414
FIRE:  570 11:45:25        8.137931        0.077837
FIRE:  571 11:45:25        8.138026        0.106792
FIRE:  572 11:45:25        8.137921        0.097860
FIRE:  573 11:45:25        8.137737        0.080828
FIRE:  574 11:45:25        8.137516        0.078180
FIRE:  575 11:45:25        8.137305        0.078253
FIRE:  576 11:45:25        8.137130        0.078348
FIRE:  577 11:45:25        8.136987        0.078465
FIRE:  578 11:45:25        8.136844        0.078602
FIRE:  579 11:45:25        8.136640        0.078772
FIRE:  580 11:45:25        8.136328        0.078981
FIRE:  581 11:45:25        8.135885        0.079237
FIRE:  582 11:45:25        8.135337        0.079552
FIRE:  583 11:45:25        8.134734        0.079948
FIRE:  584 11:45:26        8.134049        0.080443
FIRE:  585 11:45:26        8.133148        0.081053
FIRE:  586 11:45:26        8.131945        0.081799
FIRE:  587 11:45:26        8.130521        0.082722
FIRE:  588 11:45:26        8.128808        0.083859
FIRE:  589 11:45:26        8.126548        0.085237
FIRE:  590 11:45:26        8.123804        0.086912
FIRE:  591 11:45:26        8.120317        0.088918
FIRE:  592 11:45:26        8.115919        0.091288
FIRE:  593 11:45:26        8.110298        0.094040
FIRE:  594 11:45:26        8.103210        0.097202
FIRE:  595 11:45:26        8.094066        0.100744
FIRE:  596 11:45:26        8.082329        0.104733
FIRE:  597 11:45:26        8.067460        0.109235
FIRE:  598 11:45:26        8.051063        0.291354
FIRE:  599 11:45:26        8.058965        0.921310
FIRE:  600 11:45:27        8.023257        0.176044
FIRE:  601 11:45:27        8.022381        0.125338
FIRE:  602 11:45:27        8.021334        0.120501
FIRE:  603 11:45:27        8.020691        0.120689
FIRE:  604 11:45:27        8.020152        0.120931
FIRE:  605 11:45:27        8.019060        0.126848
FIRE:  606 11:45:27        8.017338        0.121527
FIRE:  607 11:45:27        8.015490        0.121875
FIRE:  608 11:45:27        8.013673        0.122306
FIRE:  609 11:45:28        8.011354        0.122834
FIRE:  610 11:45:28        8.007913        0.123456
FIRE:  611 11:45:28        8.003977        0.124138
FIRE:  612 11:45:28        7.999300        0.124771
FIRE:  613 11:45:28        7.992926        0.125256
FIRE:  614 11:45:28        7.985667        0.125544
FIRE:  615 11:45:28        7.976087        0.125546
FIRE:  616 11:45:28        7.964841        0.125136
FIRE:  617 11:45:28        7.951078        0.124348
FIRE:  618 11:45:28        7.934327        0.122965
FIRE:  619 11:45:28        7.914889        0.154991
FIRE:  620 11:45:28        7.896276        0.376880
FIRE:  621 11:45:28        7.912526        1.122652
FIRE:  622 11:45:28        7.864611        0.185703
FIRE:  623 11:45:29        7.863762        0.135335
FIRE:  624 11:45:29        7.862745        0.116432
FIRE:  625 11:45:29        7.862161        0.116414
FIRE:  626 11:45:29        7.861777        0.122169
FIRE:  627 11:45:29        7.860939        0.136077
FIRE:  628 11:45:29        7.859488        0.116290
FIRE:  629 11:45:29        7.857872        0.116253
FIRE:  630 11:45:29        7.856353        0.116240
FIRE:  631 11:45:29        7.854564        0.116272
FIRE:  632 11:45:29        7.851797        0.116355
FIRE:  633 11:45:29        7.848526        0.116471
FIRE:  634 11:45:29        7.844956        0.116567
FIRE:  635 11:45:29        7.839916        0.116601
FIRE:  636 11:45:29        7.834314        0.116524
FIRE:  637 11:45:29        7.826975        0.116268
FIRE:  638 11:45:29        7.818706        0.115680
FIRE:  639 11:45:29        7.808058        0.114679
FIRE:  640 11:45:29        7.795507        0.113019
FIRE:  641 11:45:29        7.780626        0.110781
FIRE:  642 11:45:29        7.764265        0.200078
FIRE:  643 11:45:29        7.758776        0.657676
FIRE:  644 11:45:29        7.742013        0.107350
FIRE:  645 11:45:29        7.741820        0.107338
FIRE:  646 11:45:29        7.741485        0.107316
FIRE:  647 11:45:30        7.741056        0.107284
FIRE:  648 11:45:30        7.740523        0.107246
FIRE:  649 11:45:30        7.739839        0.107208
FIRE:  650 11:45:30        7.738985        0.107176
FIRE:  651 11:45:30        7.737991        0.107155
FIRE:  652 11:45:30        7.736766        0.107153
FIRE:  653 11:45:30        7.735229        0.107182
FIRE:  654 11:45:30        7.733257        0.107250
FIRE:  655 11:45:30        7.730806        0.107362
FIRE:  656 11:45:30        7.727785        0.107513
FIRE:  657 11:45:30        7.723975        0.107700
FIRE:  658 11:45:30        7.719293        0.107938
FIRE:  659 11:45:30        7.713452        0.108255
FIRE:  660 11:45:30        7.706258        0.108658
FIRE:  661 11:45:30        7.697331        0.109121
FIRE:  662 11:45:30        7.686281        0.109678
FIRE:  663 11:45:30        7.672576        0.110379
FIRE:  664 11:45:30        7.655604        0.110531
FIRE:  665 11:45:30        7.636094        0.177047
FIRE:  666 11:45:30        7.630799        0.683475
FIRE:  667 11:45:30        7.612732        0.108951
FIRE:  668 11:45:30        7.612372        0.084857
FIRE:  669 11:45:30        7.611890        0.084750
FIRE:  670 11:45:30        7.611490        0.084564
FIRE:  671 11:45:30        7.611091        0.084287
FIRE:  672 11:45:30        7.610470        0.083919
FIRE:  673 11:45:31        7.609582        0.083455
FIRE:  674 11:45:31        7.608601        0.082880
FIRE:  675 11:45:31        7.607559        0.082096
FIRE:  676 11:45:31        7.606287        0.081072
FIRE:  677 11:45:31        7.604545        0.079781
FIRE:  678 11:45:31        7.602529        0.078142
FIRE:  679 11:45:31        7.600212        0.076050
FIRE:  680 11:45:31        7.597255        0.073405
FIRE:  681 11:45:31        7.593992        0.069936
FIRE:  682 11:45:31        7.590011        0.065379
FIRE:  683 11:45:31        7.585689        0.059050
FIRE:  684 11:45:31        7.580908        0.058812
FIRE:  685 11:45:31        7.575888        0.046524
FIRE:  686 11:45:31        7.571149        0.065889
FIRE:  687 11:45:31        7.567873        0.162997
FIRE:  688 11:45:31        7.570465        0.399144
FIRE:  689 11:45:31        7.563715        0.025705
FIRE:  690 11:45:31        7.569019        0.365702
FIRE:  691 11:45:31        7.566638        0.276520
FIRE:  692 11:45:31        7.564043        0.120765
FIRE:  693 11:45:31        7.563561        0.063673
FIRE:  694 11:45:31        7.563537        0.059848
FIRE:  695 11:45:31        7.563495        0.052442
FIRE:  696 11:45:32        7.563443        0.041944
FIRE:  697 11:45:32        7.563389        0.029123
FIRE:  698 11:45:32        7.563345        0.022691
FIRE:  699 11:45:32        7.563313        0.022702
FIRE:  700 11:45:32        7.563292        0.022699
FIRE:  701 11:45:32        7.563275        0.026068
FIRE:  702 11:45:32        7.563249        0.033140
FIRE:  703 11:45:32        7.563204        0.035002
FIRE:  704 11:45:32        7.563133        0.030409
FIRE:  705 11:45:32        7.563041        0.022223
FIRE:  706 11:45:32        7.562945        0.021978
FIRE:  707 11:45:32        7.562858        0.021668
FIRE:  708 11:45:32        7.562760        0.025818
FIRE:  709 11:45:32        7.562622        0.021612
FIRE:  710 11:45:32        7.562454        0.020461
FIRE:  711 11:45:32        7.562297        0.019878
FIRE:  712 11:45:32        7.562113        0.022255
FIRE:  713 11:45:32        7.561883        0.018051
FIRE:  714 11:45:32        7.561667        0.021233
FIRE:  715 11:45:32        7.561397        0.015289
FIRE:  716 11:45:32        7.561144        0.024544
FIRE:  717 11:45:32        7.560840        0.011248
FIRE:  718 11:45:32        7.560587        0.026788
FIRE:  719 11:45:32        7.560340        0.030515
FIRE:  720 11:45:32        7.560119        0.023211
FIRE:  721 11:45:32        7.559990        0.030250
FIRE:  722 11:45:33        7.559949        0.006932
