      Step     Time          Energy          fmax
FIRE:    0 16:34:40      186.847640       43.997476
FIRE:    1 16:34:40      170.248570       39.936956
FIRE:    2 16:34:40      157.771507       36.863316
FIRE:    3 16:34:40      145.422137       34.568670
FIRE:    4 16:34:40      132.450782       32.633486
FIRE:    5 16:34:40      119.578704       30.579540
FIRE:    6 16:34:40      107.058698       29.711140
FIRE:    7 16:34:41       94.889460       30.146581
FIRE:    8 16:34:41       83.256853       28.337407
FIRE:    9 16:34:41       72.600887       24.555441
FIRE:   10 16:34:41       63.343691       19.660593
FIRE:   11 16:34:41       55.654850       14.661609
FIRE:   12 16:34:41       49.424473       12.667354
FIRE:   13 16:34:41       44.392158       12.215387
FIRE:   14 16:34:41       40.286158       11.808825
FIRE:   15 16:34:41       36.871852       11.434840
FIRE:   16 16:34:41       33.927901       11.037692
FIRE:   17 16:34:41       31.249200       10.544701
FIRE:   18 16:34:41       28.715992        9.910823
FIRE:   19 16:34:41       26.334074        9.146587
FIRE:   20 16:34:41       24.176639        8.307780
FIRE:   21 16:34:41       22.279797        7.466802
FIRE:   22 16:34:41       20.603499        6.673330
FIRE:   23 16:34:41       19.070148        5.945413
FIRE:   24 16:34:41       17.621261        5.278500
FIRE:   25 16:34:41       16.242997        4.659983
FIRE:   26 16:34:41       14.958429        4.076688
FIRE:   27 16:34:41       13.799041        3.521421
FIRE:   28 16:34:41       12.779199        2.985073
FIRE:   29 16:34:41       11.895045        2.456756
FIRE:   30 16:34:41       11.143407        1.947852
FIRE:   31 16:34:41       10.535352        1.486189
FIRE:   32 16:34:41       10.088630        1.100409
FIRE:   33 16:34:41        9.798691        1.244869
FIRE:   34 16:34:41        9.621509        1.375467
FIRE:   35 16:34:41        9.487162        1.607332
FIRE:   36 16:34:41        9.328984        1.694185
FIRE:   37 16:34:41        9.122773        1.426470
FIRE:   38 16:34:42        8.902660        1.233545
FIRE:   39 16:34:42        8.728743        0.955077
FIRE:   40 16:34:42        8.654488        0.949228
FIRE:   41 16:34:42        8.500578        1.203611
FIRE:   42 16:34:42        8.399800        0.875474
FIRE:   43 16:34:42        8.334580        0.822457
FIRE:   44 16:34:42        8.268781        0.725100
FIRE:   45 16:34:42        8.234809        0.674416
FIRE:   46 16:34:42        8.174020        0.835213
FIRE:   47 16:34:42        8.058125        0.605091
FIRE:   48 16:34:42        7.944850        0.667175
FIRE:   49 16:34:42        7.851371        0.704244
FIRE:   50 16:34:42        7.713187        0.684380
FIRE:   51 16:34:42        7.523650        0.597718
FIRE:   52 16:34:42        7.331440        0.567919
FIRE:   53 16:34:42        7.102767        0.586742
FIRE:   54 16:34:42        6.867986        0.556093
FIRE:   55 16:34:42        6.653557        0.587483
FIRE:   56 16:34:42        6.445337        0.576871
FIRE:   57 16:34:42        6.246453        0.693773
FIRE:   58 16:34:42        6.024621        0.578829
FIRE:   59 16:34:42        5.789734        0.562325
FIRE:   60 16:34:42        5.562609        0.613862
FIRE:   61 16:34:42        5.328584        0.609029
FIRE:   62 16:34:42        5.088274        0.675177
FIRE:   63 16:34:42        4.849937        0.735270
FIRE:   64 16:34:43        4.608025        0.771972
FIRE:   65 16:34:43        4.359253        0.791586
FIRE:   66 16:34:43        4.111419        0.805806
FIRE:   67 16:34:43        3.874595        0.819791
FIRE:   68 16:34:43        3.653836        0.834867
FIRE:   69 16:34:43        3.448170        0.851180
FIRE:   70 16:34:43        3.251721        0.867774
FIRE:   71 16:34:43        3.057784        0.882350
FIRE:   72 16:34:43        2.862410        0.889307
FIRE:   73 16:34:43        2.665411        0.875094
FIRE:   74 16:34:43        2.468802        0.837996
FIRE:   75 16:34:43        2.276102        0.781212
FIRE:   76 16:34:43        2.093293        0.707306
FIRE:   77 16:34:43        1.928833        0.613876
FIRE:   78 16:34:43        1.791557        0.505095
FIRE:   79 16:34:43        1.684338        0.520474
FIRE:   80 16:34:43        1.602008        0.550589
FIRE:   81 16:34:43        1.536678        0.566880
FIRE:   82 16:34:43        1.482515        0.560748
FIRE:   83 16:34:43        1.434080        0.528577
FIRE:   84 16:34:43        1.389640        0.472236
FIRE:   85 16:34:43        1.359650        0.397093
FIRE:   86 16:34:43        1.358997        0.362432
FIRE:   87 16:34:43        1.296210        0.266288
FIRE:   88 16:34:43        1.250240        0.197941
FIRE:   89 16:34:43        1.253126        0.232432
FIRE:   90 16:34:43        1.234040        0.201231
FIRE:   91 16:34:44        1.229578        0.177261
FIRE:   92 16:34:44        1.226610        0.135743
FIRE:   93 16:34:44        1.222969        0.135295
FIRE:   94 16:34:44        1.220926        0.131810
FIRE:   95 16:34:44        1.220328        0.124656
FIRE:   96 16:34:44        1.220048        0.124182
FIRE:   97 16:34:44        1.219540        0.123211
FIRE:   98 16:34:44        1.218895        0.121699
FIRE:   99 16:34:44        1.218218        0.119594
FIRE:  100 16:34:44        1.217599        0.116851
FIRE:  101 16:34:44        1.217079        0.113468
FIRE:  102 16:34:44        1.216638        0.109553
FIRE:  103 16:34:44        1.216158        0.104839
FIRE:  104 16:34:44        1.215537        0.099439
FIRE:  105 16:34:44        1.214678        0.093459
FIRE:  106 16:34:44        1.213576        0.086937
FIRE:  107 16:34:44        1.212364        0.079809
FIRE:  108 16:34:44        1.211229        0.071962
FIRE:  109 16:34:44        1.210142        0.063513
FIRE:  110 16:34:44        1.208841        0.056409
FIRE:  111 16:34:44        1.207264        0.061613
FIRE:  112 16:34:44        1.205694        0.063817
FIRE:  113 16:34:44        1.204057        0.063236
FIRE:  114 16:34:44        1.202042        0.060106
FIRE:  115 16:34:44        1.200094        0.053074
FIRE:  116 16:34:44        1.198266        0.039310
FIRE:  117 16:34:45        1.196761        0.022427
FIRE:  118 16:34:45        1.196021        0.023920
FIRE:  119 16:34:45        1.196174        0.039325
FIRE:  120 16:34:45        1.195996        0.024435
FIRE:  121 16:34:45        1.195882        0.022661
FIRE:  122 16:34:45        1.195907        0.028901
FIRE:  123 16:34:45        1.195883        0.025896
FIRE:  124 16:34:45        1.195845        0.020220
FIRE:  125 16:34:45        1.195806        0.018202
FIRE:  126 16:34:45        1.195779        0.017275
FIRE:  127 16:34:45        1.195767        0.016125
FIRE:  128 16:34:45        1.195764        0.014840
FIRE:  129 16:34:45        1.195762        0.014812
FIRE:  130 16:34:45        1.195759        0.014757
FIRE:  131 16:34:45        1.195754        0.014674
FIRE:  132 16:34:45        1.195749        0.014562
FIRE:  133 16:34:45        1.195743        0.014419
FIRE:  134 16:34:45        1.195737        0.014244
FIRE:  135 16:34:45        1.195731        0.014034
FIRE:  136 16:34:45        1.195725        0.013757
FIRE:  137 16:34:45        1.195718        0.013395
FIRE:  138 16:34:45        1.195712        0.012930
FIRE:  139 16:34:45        1.195706        0.012344
FIRE:  140 16:34:45        1.195698        0.011627
FIRE:  141 16:34:45        1.195688        0.010765
FIRE:  142 16:34:45        1.195675        0.009747
