      Step     Time          Energy          fmax
FIRE:    0 14:04:05      216.363065      170.189323
FIRE:    1 14:04:05      164.807519       80.782958
FIRE:    2 14:04:05      138.150715       34.957542
FIRE:    3 14:04:05      123.232498       24.295295
FIRE:    4 14:04:05      113.165380       25.072853
FIRE:    5 14:04:05      104.777988       24.435181
FIRE:    6 14:04:05       97.053092       22.114135
FIRE:    7 14:04:05       89.983768       18.685338
FIRE:    8 14:04:05       83.698875       17.935585
FIRE:    9 14:04:05       78.109930       17.229957
FIRE:   10 14:04:05       72.903113       16.494632
FIRE:   11 14:04:05       67.774053       15.694683
FIRE:   12 14:04:05       62.624503       14.836830
FIRE:   13 14:04:06       57.577164       13.957809
FIRE:   14 14:04:06       52.849801       13.103869
FIRE:   15 14:04:06       48.609079       12.307760
FIRE:   16 14:04:06       44.888663       11.569100
FIRE:   17 14:04:06       41.584586       10.866658
FIRE:   18 14:04:06       38.518049       10.168234
FIRE:   19 14:04:06       35.529086        9.445363
FIRE:   20 14:04:06       32.541959        8.686177
FIRE:   21 14:04:06       29.574333        7.895532
FIRE:   22 14:04:06       26.699945        7.090940
FIRE:   23 14:04:06       23.997375        6.294555
FIRE:   24 14:04:06       21.517790        5.523212
FIRE:   25 14:04:06       19.282233        4.787192
FIRE:   26 14:04:06       17.292937        4.094149
FIRE:   27 14:04:06       15.545933        3.450758
FIRE:   28 14:04:06       14.035981        2.863533
FIRE:   29 14:04:06       12.751942        2.335559
FIRE:   30 14:04:06       11.670462        2.155165
FIRE:   31 14:04:06       10.756126        2.260580
FIRE:   32 14:04:06        9.976532        2.140124
FIRE:   33 14:04:06        9.319083        1.801121
FIRE:   34 14:04:06        8.793631        1.306977
FIRE:   35 14:04:06        8.417597        0.768773
FIRE:   36 14:04:06        8.196757        0.625550
FIRE:   37 14:04:06        8.126614        0.707518
FIRE:   38 14:04:06        8.038759        1.179701
FIRE:   39 14:04:06        7.930021        0.880492
FIRE:   40 14:04:07        7.828363        0.657483
FIRE:   41 14:04:07        7.719076        0.598628
FIRE:   42 14:04:07        7.665964        0.833278
FIRE:   43 14:04:07        7.552892        0.989774
FIRE:   44 14:04:07        7.315783        0.729917
FIRE:   45 14:04:07        7.060718        0.667918
FIRE:   46 14:04:07        6.788100        0.778488
FIRE:   47 14:04:07        6.398030        0.805538
FIRE:   48 14:04:07        5.967743        0.729496
FIRE:   49 14:04:07        5.560392        0.677794
FIRE:   50 14:04:07        5.193057        0.654291
FIRE:   51 14:04:07        4.860308        0.616259
FIRE:   52 14:04:07        4.564324        0.600728
FIRE:   53 14:04:07        4.305528        0.643361
FIRE:   54 14:04:07        4.071351        0.658568
FIRE:   55 14:04:07        3.851966        0.629026
FIRE:   56 14:04:07        3.651728        0.546482
FIRE:   57 14:04:07        3.480274        0.561846
FIRE:   58 14:04:07        3.348891        0.509862
FIRE:   59 14:04:07        3.271138        0.450472
FIRE:   60 14:04:07        3.253682        0.518438
FIRE:   61 14:04:07        3.168378        0.323408
FIRE:   62 14:04:07        3.101943        0.203875
FIRE:   63 14:04:07        3.079745        0.288857
FIRE:   64 14:04:07        3.073581        0.262983
FIRE:   65 14:04:07        3.063609        0.214564
FIRE:   66 14:04:07        3.053054        0.149988
FIRE:   67 14:04:07        3.044024        0.130165
FIRE:   68 14:04:07        3.036526        0.158210
FIRE:   69 14:04:08        3.029414        0.178987
FIRE:   70 14:04:08        3.021886        0.166231
FIRE:   71 14:04:08        3.012907        0.146266
FIRE:   72 14:04:08        3.002289        0.150148
FIRE:   73 14:04:08        2.989524        0.148769
FIRE:   74 14:04:08        2.974904        0.141124
FIRE:   75 14:04:08        2.960594        0.131190
FIRE:   76 14:04:08        2.948328        0.125041
FIRE:   77 14:04:08        2.935228        0.119640
FIRE:   78 14:04:08        2.919409        0.111630
FIRE:   79 14:04:08        2.906456        0.125221
FIRE:   80 14:04:08        2.892529        0.116323
FIRE:   81 14:04:08        2.877166        0.114811
FIRE:   82 14:04:08        2.861859        0.169063
FIRE:   83 14:04:08        2.880570        0.562516
FIRE:   84 14:04:08        2.857799        0.105193
FIRE:   85 14:04:08        2.857228        0.075702
FIRE:   86 14:04:08        2.856554        0.039959
FIRE:   87 14:04:08        2.856227        0.035129
FIRE:   88 14:04:08        2.856178        0.069507
FIRE:   89 14:04:08        2.856123        0.064617
FIRE:   90 14:04:08        2.856025        0.055237
FIRE:   91 14:04:08        2.855909        0.042191
FIRE:   92 14:04:08        2.855802        0.026889
FIRE:   93 14:04:08        2.855724        0.016853
FIRE:   94 14:04:08        2.855682        0.015945
FIRE:   95 14:04:08        2.855666        0.025414
FIRE:   96 14:04:08        2.855652        0.034184
FIRE:   97 14:04:08        2.855618        0.037801
FIRE:   98 14:04:09        2.855550        0.034668
FIRE:   99 14:04:09        2.855457        0.024023
FIRE:  100 14:04:09        2.855377        0.011964
FIRE:  101 14:04:09        2.855351        0.015307
FIRE:  102 14:04:09        2.855348        0.014493
FIRE:  103 14:04:09        2.855343        0.012926
FIRE:  104 14:04:09        2.855336        0.011608
FIRE:  105 14:04:09        2.855328        0.011543
FIRE:  106 14:04:09        2.855320        0.011472
FIRE:  107 14:04:09        2.855313        0.011399
FIRE:  108 14:04:09        2.855307        0.011332
FIRE:  109 14:04:09        2.855300        0.011271
FIRE:  110 14:04:09        2.855292        0.011225
FIRE:  111 14:04:09        2.855282        0.011198
FIRE:  112 14:04:09        2.855269        0.011190
FIRE:  113 14:04:09        2.855254        0.011191
FIRE:  114 14:04:09        2.855237        0.011166
FIRE:  115 14:04:09        2.855221        0.011049
FIRE:  116 14:04:09        2.855203        0.010760
FIRE:  117 14:04:09        2.855180        0.010239
FIRE:  118 14:04:09        2.855154        0.009461
