      Step     Time          Energy          fmax
FIRE:    0 01:39:27      154.109157       82.862751
FIRE:    1 01:39:27      114.676010       58.622457
FIRE:    2 01:39:27       86.287740       44.002415
FIRE:    3 01:39:27       66.014072       32.210862
FIRE:    4 01:39:27       51.748295       23.023726
FIRE:    5 01:39:27       41.770654       18.175057
FIRE:    6 01:39:27       34.624996       18.305038
FIRE:    7 01:39:27       29.177555       17.252039
FIRE:    8 01:39:27       24.710010       14.892436
FIRE:    9 01:39:27       20.952352       11.367723
FIRE:   10 01:39:27       17.926528        7.050123
FIRE:   11 01:39:27       15.706907        7.336900
FIRE:   12 01:39:27       14.204690        8.616992
FIRE:   13 01:39:27       13.129941        9.020871
FIRE:   14 01:39:27       12.204690        8.084225
FIRE:   15 01:39:27       11.375177        5.761539
FIRE:   16 01:39:27       10.820818        3.612413
FIRE:   17 01:39:27       10.746975        3.924712
FIRE:   18 01:39:27        9.309394        1.890438
FIRE:   19 01:39:27        8.600901        1.475697
FIRE:   20 01:39:27        8.466475        1.232968
FIRE:   21 01:39:27        8.399210        1.205989
FIRE:   22 01:39:27        8.288926        1.176053
FIRE:   23 01:39:27        8.169798        1.136574
FIRE:   24 01:39:27        8.067098        1.091519
FIRE:   25 01:39:27        7.985289        1.043274
FIRE:   26 01:39:27        7.911298        0.991961
FIRE:   27 01:39:27        7.829888        0.935880
FIRE:   28 01:39:28        7.724739        0.866374
FIRE:   29 01:39:28        7.600605        0.780202
FIRE:   30 01:39:28        7.474261        0.675325
FIRE:   31 01:39:28        7.359355        0.552127
FIRE:   32 01:39:28        7.256215        0.453983
FIRE:   33 01:39:28        7.160413        0.483157
FIRE:   34 01:39:28        7.061150        0.497923
FIRE:   35 01:39:28        6.945271        0.442144
FIRE:   36 01:39:28        6.819539        0.475490
FIRE:   37 01:39:28        6.683070        0.547272
FIRE:   38 01:39:28        6.523469        0.574787
FIRE:   39 01:39:28        6.365066        0.560853
FIRE:   40 01:39:28        6.262186        0.498827
FIRE:   41 01:39:28        6.242855        0.644116
FIRE:   42 01:39:28        6.206471        0.509163
FIRE:   43 01:39:28        6.155165        0.419100
FIRE:   44 01:39:28        6.107902        0.430903
FIRE:   45 01:39:28        6.065805        0.431725
FIRE:   46 01:39:28        6.020604        0.423250
FIRE:   47 01:39:28        5.968500        0.407189
FIRE:   48 01:39:28        5.911762        0.388879
FIRE:   49 01:39:28        5.845812        0.353360
FIRE:   50 01:39:28        5.766637        0.317551
FIRE:   51 01:39:28        5.670081        0.371917
FIRE:   52 01:39:28        5.559286        0.406022
FIRE:   53 01:39:28        5.454802        0.401436
FIRE:   54 01:39:28        5.361235        0.378020
FIRE:   55 01:39:28        5.270428        0.350927
FIRE:   56 01:39:28        5.191036        0.318146
FIRE:   57 01:39:28        5.116813        0.254279
FIRE:   58 01:39:28        5.047826        0.170232
FIRE:   59 01:39:28        4.991428        0.169675
FIRE:   60 01:39:28        4.941863        0.187838
FIRE:   61 01:39:28        4.886202        0.212092
FIRE:   62 01:39:29        4.818752        0.246726
FIRE:   63 01:39:29        4.738473        0.274785
FIRE:   64 01:39:29        4.651017        0.267959
FIRE:   65 01:39:29        4.579723        0.264295
FIRE:   66 01:39:29        4.560344        0.333864
FIRE:   67 01:39:29        4.529721        0.192972
FIRE:   68 01:39:29        4.524302        0.166267
FIRE:   69 01:39:29        4.517623        0.147406
FIRE:   70 01:39:29        4.511239        0.162930
FIRE:   71 01:39:29        4.502211        0.177005
FIRE:   72 01:39:29        4.489406        0.187301
FIRE:   73 01:39:29        4.475581        0.192044
FIRE:   74 01:39:29        4.461604        0.191187
FIRE:   75 01:39:29        4.443415        0.185287
FIRE:   76 01:39:29        4.422696        0.173586
FIRE:   77 01:39:29        4.401642        0.154953
FIRE:   78 01:39:29        4.377232        0.127824
FIRE:   79 01:39:29        4.353754        0.111374
FIRE:   80 01:39:29        4.331829        0.095754
FIRE:   81 01:39:29        4.316790        0.112661
FIRE:   82 01:39:29        4.308036        0.114087
FIRE:   83 01:39:29        4.305046        0.083144
FIRE:   84 01:39:29        4.304181        0.084146
FIRE:   85 01:39:29        4.303722        0.079230
FIRE:   86 01:39:29        4.303019        0.077450
FIRE:   87 01:39:29        4.302340        0.075117
FIRE:   88 01:39:29        4.301789        0.072631
FIRE:   89 01:39:29        4.301215        0.070494
FIRE:   90 01:39:29        4.300403        0.069102
FIRE:   91 01:39:29        4.299290        0.068711
FIRE:   92 01:39:29        4.297862        0.069657
FIRE:   93 01:39:29        4.296310        0.072515
FIRE:   94 01:39:29        4.294577        0.077676
FIRE:   95 01:39:29        4.292208        0.084994
FIRE:   96 01:39:30        4.288986        0.093847
FIRE:   97 01:39:30        4.285040        0.102906
FIRE:   98 01:39:30        4.279565        0.111695
FIRE:   99 01:39:30        4.271382        0.124603
FIRE:  100 01:39:30        4.258809        0.158801
FIRE:  101 01:39:30        4.236428        0.226615
FIRE:  102 01:39:30        4.195169        0.308605
FIRE:  103 01:39:30        4.116137        0.351887
FIRE:  104 01:39:30        3.985668        0.456595
FIRE:  105 01:39:30        3.831445        0.472632
FIRE:  106 01:39:30        3.667215        0.466620
FIRE:  107 01:39:30        3.503230        0.456588
FIRE:  108 01:39:30        3.345968        0.441194
FIRE:  109 01:39:30        3.199674        0.413492
FIRE:  110 01:39:30        3.070283        0.331905
FIRE:  111 01:39:30        2.968334        0.156115
FIRE:  112 01:39:30        2.911210        0.175195
FIRE:  113 01:39:30        2.907063        0.558731
FIRE:  114 01:39:30        2.885093        0.143378
FIRE:  115 01:39:30        2.881085        0.083223
FIRE:  116 01:39:30        2.878789        0.076057
FIRE:  117 01:39:30        2.878676        0.075073
FIRE:  118 01:39:30        2.878482        0.073155
FIRE:  119 01:39:30        2.878250        0.070376
FIRE:  120 01:39:30        2.878006        0.066834
FIRE:  121 01:39:30        2.877748        0.062657
FIRE:  122 01:39:30        2.877463        0.057989
FIRE:  123 01:39:30        2.877151        0.052948
FIRE:  124 01:39:30        2.876803        0.047025
FIRE:  125 01:39:30        2.876453        0.040076
FIRE:  126 01:39:30        2.876116        0.031966
FIRE:  127 01:39:30        2.875784        0.022738
FIRE:  128 01:39:30        2.875505        0.017287
FIRE:  129 01:39:30        2.875313        0.016410
FIRE:  130 01:39:30        2.875194        0.011331
FIRE:  131 01:39:31        2.875229        0.013542
FIRE:  132 01:39:31        2.875215        0.012266
FIRE:  133 01:39:31        2.875195        0.011920
FIRE:  134 01:39:31        2.875176        0.011359
FIRE:  135 01:39:31        2.875163        0.010542
FIRE:  136 01:39:31        2.875152        0.010205
FIRE:  137 01:39:31        2.875138        0.010950
FIRE:  138 01:39:31        2.875122        0.009103
