      Step     Time          Energy          fmax
FIRE:    0 14:44:50      231.556291      109.263740
FIRE:    1 14:44:50      185.858992       54.391953
FIRE:    2 14:44:50      164.755740       41.552702
FIRE:    3 14:44:50      150.568197       53.434182
FIRE:    4 14:44:50      130.535250       52.591502
FIRE:    5 14:44:51      107.498292       41.453020
FIRE:    6 14:44:51       87.554956       29.509009
FIRE:    7 14:44:51       72.539147       20.990911
FIRE:    8 14:44:51       61.740661       16.369675
FIRE:    9 14:44:51       53.790943       14.532745
FIRE:   10 14:44:51       47.504691       13.511545
FIRE:   11 14:44:51       42.075078       12.364151
FIRE:   12 14:44:51       37.043404       11.243046
FIRE:   13 14:44:51       32.261895        9.833870
FIRE:   14 14:44:51       27.845437        8.044096
FIRE:   15 14:44:51       24.070255        6.541984
FIRE:   16 14:44:51       21.248339        5.232985
FIRE:   17 14:44:51       19.605302        4.974689
FIRE:   18 14:44:51       19.092600        5.245889
FIRE:   19 14:44:51       17.214894        4.011703
FIRE:   20 14:44:51       15.967574        3.927049
FIRE:   21 14:44:51       14.676355        3.809335
FIRE:   22 14:44:51       13.556605        3.550423
FIRE:   23 14:44:51       12.652617        3.206054
FIRE:   24 14:44:51       11.833972        2.774928
FIRE:   25 14:44:51       11.049629        2.410474
FIRE:   26 14:44:51       10.353696        2.119051
FIRE:   27 14:44:51        9.812111        1.807048
FIRE:   28 14:44:51        9.432332        1.496716
FIRE:   29 14:44:51        9.163097        1.197966
FIRE:   30 14:44:52        8.954328        0.914486
FIRE:   31 14:44:52        8.794923        0.709009
FIRE:   32 14:44:52        8.693333        0.827468
FIRE:   33 14:44:52        8.639207        0.919777
FIRE:   34 14:44:52        8.601142        0.990429
FIRE:   35 14:44:52        8.557874        1.031672
FIRE:   36 14:44:52        8.514574        1.032143
FIRE:   37 14:44:52        8.483222        0.986114
FIRE:   38 14:44:52        8.398043        0.967025
FIRE:   39 14:44:52        8.260980        0.896987
FIRE:   40 14:44:52        8.111810        0.757394
FIRE:   41 14:44:52        7.981862        0.601313
FIRE:   42 14:44:52        7.863730        0.501871
FIRE:   43 14:44:52        7.738180        0.461663
FIRE:   44 14:44:52        7.588943        0.447355
FIRE:   45 14:44:52        7.420697        0.446949
FIRE:   46 14:44:52        7.254362        0.462117
FIRE:   47 14:44:52        7.106003        0.477798
FIRE:   48 14:44:52        6.990620        0.449055
FIRE:   49 14:44:52        6.919893        0.333313
FIRE:   50 14:44:52        6.899297        0.271867
FIRE:   51 14:44:52        6.883823        0.257336
FIRE:   52 14:44:52        6.860835        0.237422
FIRE:   53 14:44:52        6.839224        0.221946
FIRE:   54 14:44:52        6.824756        0.211628
FIRE:   55 14:44:52        6.815706        0.195495
FIRE:   56 14:44:52        6.804960        0.167589
FIRE:   57 14:44:53        6.788390        0.196131
FIRE:   58 14:44:53        6.761773        0.254206
FIRE:   59 14:44:53        6.725781        0.306131
FIRE:   60 14:44:53        6.685659        0.344661
FIRE:   61 14:44:53        6.633232        0.376608
FIRE:   62 14:44:53        6.555201        0.404858
FIRE:   63 14:44:53        6.457405        0.432206
FIRE:   64 14:44:53        6.355699        0.464490
FIRE:   65 14:44:53        6.248130        0.502293
FIRE:   66 14:44:53        6.129975        0.540665
FIRE:   67 14:44:53        6.001069        0.573568
FIRE:   68 14:44:53        5.866931        0.597384
FIRE:   69 14:44:53        5.730806        0.612438
FIRE:   70 14:44:53        5.592747        0.620197
FIRE:   71 14:44:53        5.453511        0.620979
FIRE:   72 14:44:53        5.313492        0.615986
FIRE:   73 14:44:53        5.172868        0.609435
FIRE:   74 14:44:53        5.031257        0.606025
FIRE:   75 14:44:53        4.889361        0.603893
FIRE:   76 14:44:53        4.749426        0.598143
FIRE:   77 14:44:53        4.612865        0.589074
FIRE:   78 14:44:53        4.479584        0.578172
FIRE:   79 14:44:53        4.349092        0.563845
FIRE:   80 14:44:53        4.221473        0.543944
FIRE:   81 14:44:53        4.097561        0.521291
FIRE:   82 14:44:53        3.978251        0.498713
FIRE:   83 14:44:54        3.864042        0.474748
FIRE:   84 14:44:54        3.755127        0.446759
FIRE:   85 14:44:54        3.651577        0.415789
FIRE:   86 14:44:54        3.553305        0.385184
FIRE:   87 14:44:54        3.460513        0.353062
FIRE:   88 14:44:54        3.373981        0.317176
FIRE:   89 14:44:54        3.294544        0.279181
FIRE:   90 14:44:54        3.222325        0.245827
FIRE:   91 14:44:54        3.156894        0.229423
FIRE:   92 14:44:54        3.097927        0.210728
FIRE:   93 14:44:54        3.045230        0.191001
FIRE:   94 14:44:54        2.998624        0.171037
FIRE:   95 14:44:54        2.957829        0.150996
FIRE:   96 14:44:54        2.922391        0.131412
FIRE:   97 14:44:54        2.891952        0.111915
FIRE:   98 14:44:54        2.866774        0.091349
FIRE:   99 14:44:54        2.847421        0.070801
FIRE:  100 14:44:54        2.834155        0.050009
FIRE:  101 14:44:54        2.826921        0.101966
FIRE:  102 14:44:54        2.822983        0.036877
FIRE:  103 14:44:54        2.823176        0.035215
FIRE:  104 14:44:54        2.821199        0.060589
FIRE:  105 14:44:54        2.845456        0.549786
FIRE:  106 14:44:54        2.911825        1.065704
FIRE:  107 14:44:55        2.824320        0.258150
FIRE:  108 14:44:55        2.860034        0.682834
FIRE:  109 14:44:55        2.846733        0.563463
FIRE:  110 14:44:55        2.829038        0.344724
FIRE:  111 14:44:55        2.818888        0.063387
FIRE:  112 14:44:55        2.823289        0.235478
FIRE:  113 14:44:55        2.822865        0.224778
FIRE:  114 14:44:55        2.822094        0.203893
FIRE:  115 14:44:55        2.821114        0.173825
FIRE:  116 14:44:55        2.820100        0.136016
FIRE:  117 14:44:55        2.819232        0.092301
FIRE:  118 14:44:55        2.818662        0.045055
FIRE:  119 14:44:55        2.818488        0.012956
FIRE:  120 14:44:55        2.818488        0.012947
FIRE:  121 14:44:55        2.818487        0.012929
FIRE:  122 14:44:55        2.818486        0.012901
FIRE:  123 14:44:55        2.818484        0.012865
FIRE:  124 14:44:55        2.818483        0.012819
FIRE:  125 14:44:55        2.818481        0.012765
FIRE:  126 14:44:55        2.818479        0.012703
FIRE:  127 14:44:55        2.818476        0.012624
FIRE:  128 14:44:55        2.818473        0.012527
FIRE:  129 14:44:55        2.818468        0.012406
FIRE:  130 14:44:55        2.818463        0.012259
FIRE:  131 14:44:55        2.818457        0.012081
FIRE:  132 14:44:56        2.818450        0.011868
FIRE:  133 14:44:56        2.818441        0.011615
FIRE:  134 14:44:56        2.818430        0.011319
FIRE:  135 14:44:56        2.818417        0.010974
FIRE:  136 14:44:56        2.818401        0.010577
FIRE:  137 14:44:56        2.818383        0.010118
FIRE:  138 14:44:56        2.818360        0.009587
