      Step     Time          Energy          fmax
FIRE:    0 14:09:04      488.668603       88.407443
FIRE:    1 14:09:05      460.837265       84.317574
FIRE:    2 14:09:05      433.560464       80.280834
FIRE:    3 14:09:05      406.538556       76.243511
FIRE:    4 14:09:05      379.716477       72.182213
FIRE:    5 14:09:05      353.140247       68.089343
FIRE:    6 14:09:05      326.894072       63.971494
FIRE:    7 14:09:05      301.077971       59.847564
FIRE:    8 14:09:05      275.796704       55.735805
FIRE:    9 14:09:05      251.173628       51.659949
FIRE:   10 14:09:05      227.345375       47.648997
FIRE:   11 14:09:05      204.454396       43.734603
FIRE:   12 14:09:05      182.639407       39.948172
FIRE:   13 14:09:05      162.025345       36.317731
FIRE:   14 14:09:05      142.715977       32.864003
FIRE:   15 14:09:06      124.791525       29.601514
FIRE:   16 14:09:06      108.306891       26.540081
FIRE:   17 14:09:06       93.292951       23.682692
FIRE:   18 14:09:06       79.763939       21.023948
FIRE:   19 14:09:06       67.728089       18.552825
FIRE:   20 14:09:06       57.192400       16.261889
FIRE:   21 14:09:06       48.167938       14.142496
FIRE:   22 14:09:06       40.667794       12.185671
FIRE:   23 14:09:06       34.687389       10.383082
FIRE:   24 14:09:06       30.153878        8.728821
FIRE:   25 14:09:06       26.851911        7.224103
FIRE:   26 14:09:06       24.385594        8.886515
FIRE:   27 14:09:07       22.243837       10.677058
FIRE:   28 14:09:07       19.981485       11.092041
FIRE:   29 14:09:07       17.444593       10.093722
FIRE:   30 14:09:07       14.841029        8.074077
FIRE:   31 14:09:07       12.546661        5.632835
FIRE:   32 14:09:07       10.851629        3.312341
FIRE:   33 14:09:07        9.808581        2.519524
FIRE:   34 14:09:07        9.257041        2.924723
FIRE:   35 14:09:07        8.944713        3.190218
FIRE:   36 14:09:07        8.659655        3.181171
FIRE:   37 14:09:07        8.300542        2.899178
FIRE:   38 14:09:07        7.875788        2.403119
FIRE:   39 14:09:07        7.459986        1.793931
FIRE:   40 14:09:07        7.140633        1.189247
FIRE:   41 14:09:07        6.978273        0.731305
FIRE:   42 14:09:07        6.988443        0.624127
FIRE:   43 14:09:07        6.566319        0.551897
FIRE:   44 14:09:07        6.181519        0.530521
FIRE:   45 14:09:07        5.877589        0.484456
FIRE:   46 14:09:07        5.724531        0.332847
FIRE:   47 14:09:08        5.702442        0.713467
FIRE:   48 14:09:08        5.581195        0.335036
FIRE:   49 14:09:08        5.602936        0.388250
FIRE:   50 14:09:08        5.580561        0.369819
FIRE:   51 14:09:08        5.546899        0.342546
FIRE:   52 14:09:08        5.518883        0.293777
FIRE:   53 14:09:08        5.508130        0.225031
FIRE:   54 14:09:08        5.506544        0.225581
FIRE:   55 14:09:08        5.503586        0.226527
FIRE:   56 14:09:08        5.499627        0.227578
FIRE:   57 14:09:08        5.495091        0.228356
FIRE:   58 14:09:08        5.490329        0.228446
FIRE:   59 14:09:08        5.485519        0.227472
FIRE:   60 14:09:08        5.480620        0.225165
FIRE:   61 14:09:08        5.474859        0.220925
FIRE:   62 14:09:08        5.467748        0.214192
FIRE:   63 14:09:08        5.458804        0.204284
FIRE:   64 14:09:08        5.447860        0.190226
FIRE:   65 14:09:08        5.435358        0.170627
FIRE:   66 14:09:08        5.422242        0.143899
FIRE:   67 14:09:08        5.409247        0.109430
FIRE:   68 14:09:08        5.396609        0.082364
FIRE:   69 14:09:08        5.385623        0.088699
FIRE:   70 14:09:08        5.379302        0.097379
FIRE:   71 14:09:08        5.377910        0.123445
FIRE:   72 14:09:08        5.377452        0.125224
FIRE:   73 14:09:08        5.376614        0.128538
FIRE:   74 14:09:08        5.375515        0.132908
FIRE:   75 14:09:09        5.374259        0.137668
FIRE:   76 14:09:09        5.372877        0.142056
FIRE:   77 14:09:09        5.371329        0.145385
FIRE:   78 14:09:09        5.369548        0.147209
FIRE:   79 14:09:09        5.367278        0.147312
FIRE:   80 14:09:09        5.364476        0.145495
FIRE:   81 14:09:09        5.361173        0.142296
FIRE:   82 14:09:09        5.357308        0.139476
FIRE:   83 14:09:09        5.352534        0.139693
FIRE:   84 14:09:09        5.346361        0.144912
FIRE:   85 14:09:09        5.338404        0.154550
FIRE:   86 14:09:09        5.327874        0.164904
FIRE:   87 14:09:09        5.313126        0.172652
FIRE:   88 14:09:09        5.292368        0.180299
FIRE:   89 14:09:09        5.262795        0.198615
FIRE:   90 14:09:09        5.219563        0.235580
FIRE:   91 14:09:09        5.154209        0.282566
FIRE:   92 14:09:09        5.073455        0.323758
FIRE:   93 14:09:09        4.981345        0.364397
FIRE:   94 14:09:09        4.881622        0.396524
FIRE:   95 14:09:09        4.782956        0.402690
FIRE:   96 14:09:09        4.699325        0.358334
FIRE:   97 14:09:09        4.652205        0.237044
FIRE:   98 14:09:09        4.647841        0.193857
FIRE:   99 14:09:09        4.622714        0.129965
FIRE:  100 14:09:09        4.609359        0.099641
FIRE:  101 14:09:10        4.608585        0.093904
FIRE:  102 14:09:10        4.607378        0.083126
FIRE:  103 14:09:10        4.606145        0.068605
FIRE:  104 14:09:10        4.605057        0.052907
FIRE:  105 14:09:10        4.604016        0.055056
FIRE:  106 14:09:10        4.602923        0.054576
FIRE:  107 14:09:10        4.601860        0.051591
FIRE:  108 14:09:10        4.600931        0.045923
FIRE:  109 14:09:10        4.600323        0.037919
FIRE:  110 14:09:10        4.600000        0.027515
FIRE:  111 14:09:10        4.599894        0.015857
FIRE:  112 14:09:10        4.599856        0.014321
FIRE:  113 14:09:10        4.599792        0.013973
FIRE:  114 14:09:10        4.599723        0.014521
FIRE:  115 14:09:10        4.599664        0.014861
FIRE:  116 14:09:10        4.599623        0.014670
FIRE:  117 14:09:10        4.599597        0.013684
FIRE:  118 14:09:10        4.599578        0.011839
FIRE:  119 14:09:10        4.599559        0.008916
