      Step     Time          Energy          fmax
FIRE:    0 12:43:21      222.492388      103.956153
FIRE:    1 12:43:21      173.409757       69.657063
FIRE:    2 12:43:21      142.129901       47.004954
FIRE:    3 12:43:21      123.783116       28.367356
FIRE:    4 12:43:22      114.350966       29.866514
FIRE:    5 12:43:22      110.000295       32.456409
FIRE:    6 12:43:22      107.472793       32.231854
FIRE:    7 12:43:22      104.287206       33.818736
FIRE:    8 12:43:22       98.412328       38.862817
FIRE:    9 12:43:22       89.539051       35.344440
FIRE:   10 12:43:22       79.446047       26.573797
FIRE:   11 12:43:22       69.957288       22.195030
FIRE:   12 12:43:22       61.762897       19.271411
FIRE:   13 12:43:22       54.898312       15.338154
FIRE:   14 12:43:22       49.308717       13.544000
FIRE:   15 12:43:22       44.958094       12.273292
FIRE:   16 12:43:22       41.618989       11.140673
FIRE:   17 12:43:22       38.743691       10.082836
FIRE:   18 12:43:22       35.836295        9.037394
FIRE:   19 12:43:22       32.842067        8.012821
FIRE:   20 12:43:22       29.989022        7.082337
FIRE:   21 12:43:22       27.387150        6.322460
FIRE:   22 12:43:22       25.032334        5.759129
FIRE:   23 12:43:22       23.049656        5.368939
FIRE:   24 12:43:22       21.669527        5.101718
FIRE:   25 12:43:22       20.911233        6.483783
FIRE:   26 12:43:22       20.386663        8.918070
FIRE:   27 12:43:22       19.635554        7.970120
FIRE:   28 12:43:22       18.629647        4.467549
FIRE:   29 12:43:22       17.611305        4.200553
FIRE:   30 12:43:22       16.688938        3.731406
FIRE:   31 12:43:22       15.938765        3.088681
FIRE:   32 12:43:22       15.443078        2.383292
FIRE:   33 12:43:23       15.140465        2.509715
FIRE:   34 12:43:23       14.854976        3.288282
FIRE:   35 12:43:23       14.451439        3.231254
FIRE:   36 12:43:23       13.947293        2.493505
FIRE:   37 12:43:23       13.462515        1.503276
FIRE:   38 12:43:23       13.087356        1.125844
FIRE:   39 12:43:23       12.818464        1.130562
FIRE:   40 12:43:23       12.589457        1.352247
FIRE:   41 12:43:23       12.342463        1.578910
FIRE:   42 12:43:23       12.063123        1.706568
FIRE:   43 12:43:23       11.779009        1.442927
FIRE:   44 12:43:23       11.542058        0.855245
FIRE:   45 12:43:23       11.393844        0.786992
FIRE:   46 12:43:23       11.337174        0.830272
FIRE:   47 12:43:23       11.097738        0.984467
FIRE:   48 12:43:23       10.948140        0.758815
FIRE:   49 12:43:23       10.747913        0.678343
FIRE:   50 12:43:23       10.470920        0.571279
FIRE:   51 12:43:23       10.292593        0.850157
FIRE:   52 12:43:23       10.076390        0.821331
FIRE:   53 12:43:24        9.852731        0.562241
FIRE:   54 12:43:24        9.664254        0.593011
FIRE:   55 12:43:24        9.476654        0.809474
FIRE:   56 12:43:24        9.275825        0.860752
FIRE:   57 12:43:24        9.074716        0.780417
FIRE:   58 12:43:24        8.858920        0.685183
FIRE:   59 12:43:24        8.647135        0.620992
FIRE:   60 12:43:24        8.462312        0.572620
FIRE:   61 12:43:24        8.297425        0.624974
FIRE:   62 12:43:24        8.136709        0.615797
FIRE:   63 12:43:24        7.982711        0.618785
FIRE:   64 12:43:24        7.833483        0.894779
FIRE:   65 12:43:24        7.687069        1.209247
FIRE:   66 12:43:24        7.561967        1.453977
FIRE:   67 12:43:24        7.404436        1.843407
FIRE:   68 12:43:24        7.197282        1.016032
FIRE:   69 12:43:24        7.112394        0.585261
FIRE:   70 12:43:24        7.063406        0.641928
FIRE:   71 12:43:24        7.008559        0.468968
FIRE:   72 12:43:25        6.999483        0.458969
FIRE:   73 12:43:25        6.988941        0.442591
FIRE:   74 12:43:25        6.979380        0.427319
FIRE:   75 12:43:25        6.965193        0.419918
FIRE:   76 12:43:25        6.944403        0.421128
FIRE:   77 12:43:25        6.921615        0.425846
FIRE:   78 12:43:25        6.898118        0.425801
FIRE:   79 12:43:25        6.866433        0.414514
FIRE:   80 12:43:25        6.826500        0.389861
FIRE:   81 12:43:25        6.781733        0.361394
FIRE:   82 12:43:25        6.724572        0.343938
FIRE:   83 12:43:25        6.659520        0.328470
FIRE:   84 12:43:25        6.585578        0.277824
FIRE:   85 12:43:25        6.519015        0.283233
FIRE:   86 12:43:25        6.466032        0.265694
FIRE:   87 12:43:25        6.435262        0.227488
FIRE:   88 12:43:25        6.421529        0.186011
FIRE:   89 12:43:25        6.418698        0.179627
FIRE:   90 12:43:25        6.414419        0.168572
FIRE:   91 12:43:26        6.409321        0.155202
FIRE:   92 12:43:26        6.403260        0.141330
FIRE:   93 12:43:26        6.397065        0.127588
FIRE:   94 12:43:26        6.391395        0.122638
FIRE:   95 12:43:26        6.385630        0.126068
FIRE:   96 12:43:26        6.379117        0.129353
FIRE:   97 12:43:26        6.371734        0.131422
FIRE:   98 12:43:26        6.362495        0.133429
FIRE:   99 12:43:26        6.351182        0.138231
FIRE:  100 12:43:26        6.335801        0.146968
FIRE:  101 12:43:26        6.314085        0.156171
FIRE:  102 12:43:26        6.282046        0.170076
FIRE:  103 12:43:26        6.235198        0.195293
FIRE:  104 12:43:26        6.181084        0.222958
FIRE:  105 12:43:26        6.125680        0.254251
FIRE:  106 12:43:26        6.067984        0.286439
FIRE:  107 12:43:26        6.005688        0.313343
FIRE:  108 12:43:26        5.937172        0.334532
FIRE:  109 12:43:26        5.862339        0.352676
FIRE:  110 12:43:26        5.781790        0.370191
FIRE:  111 12:43:27        5.695544        0.389666
FIRE:  112 12:43:27        5.603924        0.409216
FIRE:  113 12:43:27        5.508571        0.417140
FIRE:  114 12:43:27        5.412968        0.409971
FIRE:  115 12:43:27        5.319953        0.393373
FIRE:  116 12:43:27        5.232157        0.365524
FIRE:  117 12:43:27        5.152642        0.323524
FIRE:  118 12:43:27        5.084739        0.265309
FIRE:  119 12:43:27        5.032059        0.189272
FIRE:  120 12:43:27        4.998346        0.094120
FIRE:  121 12:43:27        4.986547        0.081035
FIRE:  122 12:43:27        4.982652        0.082300
FIRE:  123 12:43:27        4.981867        0.295341
FIRE:  124 12:43:27        4.978839        0.121766
FIRE:  125 12:43:27        4.978329        0.075586
FIRE:  126 12:43:27        4.977912        0.050478
FIRE:  127 12:43:27        4.977920        0.068183
FIRE:  128 12:43:27        4.977868        0.061563
FIRE:  129 12:43:27        4.977779        0.049677
FIRE:  130 12:43:27        4.977676        0.048596
FIRE:  131 12:43:28        4.977582        0.047270
FIRE:  132 12:43:28        4.977508        0.045786
FIRE:  133 12:43:28        4.977449        0.044259
FIRE:  134 12:43:28        4.977386        0.042793
FIRE:  135 12:43:28        4.977293        0.041309
FIRE:  136 12:43:28        4.977154        0.039847
FIRE:  137 12:43:28        4.976975        0.038406
FIRE:  138 12:43:28        4.976782        0.036895
FIRE:  139 12:43:28        4.976602        0.035035
FIRE:  140 12:43:28        4.976409        0.032440
FIRE:  141 12:43:28        4.976162        0.028860
FIRE:  142 12:43:28        4.975893        0.024319
FIRE:  143 12:43:28        4.975663        0.026243
FIRE:  144 12:43:28        4.975414        0.022477
FIRE:  145 12:43:28        4.975184        0.011648
FIRE:  146 12:43:28        4.975028        0.019234
FIRE:  147 12:43:28        4.974924        0.009994
