      Step     Time          Energy          fmax
FIRE:    0 14:03:13      251.427540      133.669351
FIRE:    1 14:03:13      192.580464       86.074680
FIRE:    2 14:03:13      151.817137       57.558824
FIRE:    3 14:03:13      123.878054       41.233157
FIRE:    4 14:03:13      105.143120       28.832309
FIRE:    5 14:03:13       92.670857       24.409953
FIRE:    6 14:03:13       83.591411       28.919154
FIRE:    7 14:03:13       75.533379       30.881054
FIRE:    8 14:03:13       67.403726       27.796798
FIRE:    9 14:03:14       59.432329       23.150541
FIRE:   10 14:03:14       52.072852       20.424489
FIRE:   11 14:03:14       45.309587       19.111243
FIRE:   12 14:03:14       38.974360       17.079078
FIRE:   13 14:03:14       33.139953       13.976786
FIRE:   14 14:03:14       28.029806       10.799343
FIRE:   15 14:03:14       23.763869        8.583210
FIRE:   16 14:03:14       20.278686        7.496019
FIRE:   17 14:03:14       17.423161        6.836748
FIRE:   18 14:03:14       15.076548        5.982589
FIRE:   19 14:03:14       13.188173        4.810644
FIRE:   20 14:03:14       11.745217        3.901536
FIRE:   21 14:03:14       10.722650        3.706555
FIRE:   22 14:03:14       10.057688        3.388914
FIRE:   23 14:03:14        9.661871        2.964695
FIRE:   24 14:03:14        9.448826        2.543289
FIRE:   25 14:03:14        9.346250        2.515641
FIRE:   26 14:03:14        8.407751        1.403825
FIRE:   27 14:03:14        7.908085        0.846940
FIRE:   28 14:03:14        7.614283        0.937911
FIRE:   29 14:03:14        7.336605        1.222813
FIRE:   30 14:03:14        6.997587        0.955210
FIRE:   31 14:03:14        6.684455        0.662135
FIRE:   32 14:03:14        6.474865        0.658352
FIRE:   33 14:03:14        6.366351        0.618497
FIRE:   34 14:03:14        6.280682        0.871769
FIRE:   35 14:03:14        6.120868        0.875844
FIRE:   36 14:03:15        5.896304        0.762446
FIRE:   37 14:03:15        5.675548        0.568153
FIRE:   38 14:03:15        5.466500        0.680462
FIRE:   39 14:03:15        5.244100        0.641437
FIRE:   40 14:03:15        5.005251        0.606282
FIRE:   41 14:03:15        4.770596        0.603760
FIRE:   42 14:03:15        4.558041        0.636074
FIRE:   43 14:03:15        4.363967        0.752156
FIRE:   44 14:03:15        4.187145        0.691623
FIRE:   45 14:03:15        4.030202        0.564347
FIRE:   46 14:03:15        3.878929        0.471438
FIRE:   47 14:03:15        3.727846        0.435934
FIRE:   48 14:03:15        3.586566        0.544200
FIRE:   49 14:03:15        3.460774        0.621922
FIRE:   50 14:03:15        3.355092        0.581743
FIRE:   51 14:03:15        3.282800        0.502043
FIRE:   52 14:03:15        3.252947        0.701560
FIRE:   53 14:03:15        3.090935        0.300484
FIRE:   54 14:03:15        3.065104        0.331752
FIRE:   55 14:03:15        3.027705        0.186858
FIRE:   56 14:03:15        3.004487        0.123071
FIRE:   57 14:03:15        3.006806        0.236060
FIRE:   58 14:03:15        3.001893        0.206560
FIRE:   59 14:03:15        2.994154        0.152110
FIRE:   60 14:03:15        2.986720        0.099511
FIRE:   61 14:03:16        2.982151        0.107911
FIRE:   62 14:03:16        2.980787        0.114296
FIRE:   63 14:03:16        2.980555        0.113545
FIRE:   64 14:03:16        2.980109        0.112072
FIRE:   65 14:03:16        2.979483        0.109931
FIRE:   66 14:03:16        2.978722        0.107205
FIRE:   67 14:03:16        2.977874        0.103996
FIRE:   68 14:03:16        2.976981        0.100425
FIRE:   69 14:03:16        2.976075        0.096631
FIRE:   70 14:03:16        2.975072        0.092351
FIRE:   71 14:03:16        2.973961        0.087729
FIRE:   72 14:03:16        2.972695        0.082985
FIRE:   73 14:03:16        2.971195        0.078395
FIRE:   74 14:03:16        2.969371        0.074245
FIRE:   75 14:03:16        2.967158        0.070775
FIRE:   76 14:03:16        2.964567        0.068085
FIRE:   77 14:03:16        2.961702        0.065963
FIRE:   78 14:03:16        2.958674        0.063634
FIRE:   79 14:03:16        2.955452        0.059755
FIRE:   80 14:03:16        2.951826        0.055409
FIRE:   81 14:03:16        2.947672        0.056134
FIRE:   82 14:03:16        2.943130        0.057999
FIRE:   83 14:03:16        2.938178        0.058046
FIRE:   84 14:03:16        2.932348        0.054697
FIRE:   85 14:03:16        2.925553        0.050898
FIRE:   86 14:03:16        2.917609        0.053196
FIRE:   87 14:03:16        2.907720        0.062431
FIRE:   88 14:03:16        2.895339        0.079162
FIRE:   89 14:03:16        2.877801        0.108242
FIRE:   90 14:03:16        2.850332        0.129240
FIRE:   91 14:03:17        2.814915        0.145078
FIRE:   92 14:03:17        2.772035        0.159812
FIRE:   93 14:03:17        2.722867        0.178177
FIRE:   94 14:03:17        2.668946        0.188016
FIRE:   95 14:03:17        2.613114        0.189156
FIRE:   96 14:03:17        2.557433        0.185881
FIRE:   97 14:03:17        2.504469        0.170307
FIRE:   98 14:03:17        2.456845        0.146679
FIRE:   99 14:03:17        2.416303        0.130661
FIRE:  100 14:03:17        2.384572        0.108228
FIRE:  101 14:03:17        2.362820        0.079513
FIRE:  102 14:03:17        2.352907        0.048066
FIRE:  103 14:03:17        2.355794        0.107070
FIRE:  104 14:03:17        2.351993        0.085960
FIRE:  105 14:03:17        2.346892        0.061984
FIRE:  106 14:03:17        2.343543        0.108941
FIRE:  107 14:03:17        2.341243        0.030577
FIRE:  108 14:03:17        2.342280        0.088759
FIRE:  109 14:03:17        2.341628        0.068541
FIRE:  110 14:03:17        2.340851        0.033048
FIRE:  111 14:03:17        2.340540        0.026334
FIRE:  112 14:03:17        2.340528        0.026299
FIRE:  113 14:03:17        2.340504        0.026226
FIRE:  114 14:03:17        2.340470        0.026116
FIRE:  115 14:03:17        2.340427        0.025967
FIRE:  116 14:03:17        2.340377        0.025777
FIRE:  117 14:03:17        2.340319        0.025543
FIRE:  118 14:03:18        2.340254        0.025267
FIRE:  119 14:03:18        2.340175        0.024912
FIRE:  120 14:03:18        2.340076        0.024463
FIRE:  121 14:03:18        2.339953        0.023908
FIRE:  122 14:03:18        2.339802        0.023237
FIRE:  123 14:03:18        2.339620        0.022447
FIRE:  124 14:03:18        2.339404        0.021550
FIRE:  125 14:03:18        2.339154        0.020573
FIRE:  126 14:03:18        2.338862        0.019561
FIRE:  127 14:03:18        2.338525        0.018549
FIRE:  128 14:03:18        2.338144        0.017528
FIRE:  129 14:03:18        2.337728        0.016852
FIRE:  130 14:03:18        2.337279        0.016007
FIRE:  131 14:03:18        2.336815        0.014743
FIRE:  132 14:03:18        2.336363        0.013000
FIRE:  133 14:03:18        2.335954        0.010789
FIRE:  134 14:03:18        2.335625        0.008103
