      Step     Time          Energy          fmax
FIRE:    0 14:47:47       81.127276       26.167590
FIRE:    1 14:47:47       71.814305       18.069927
FIRE:    2 14:47:47       72.811684       19.498372
FIRE:    3 14:47:47       68.502381       17.685408
FIRE:    4 14:47:47       68.115792       16.739013
FIRE:    5 14:47:47       67.220141       16.675583
FIRE:    6 14:47:47       65.913373       16.633386
FIRE:    7 14:47:47       64.788303       16.694415
FIRE:    8 14:47:47       64.036332       16.815295
FIRE:    9 14:47:47       63.271054       16.821244
FIRE:   10 14:47:47       62.015867       16.567008
FIRE:   11 14:47:47       60.205655       16.042233
FIRE:   12 14:47:47       57.965580       15.282335
FIRE:   13 14:47:47       55.744480       14.459655
FIRE:   14 14:47:47       53.456136       13.699425
FIRE:   15 14:47:47       50.452869       12.952831
FIRE:   16 14:47:47       47.218765       12.315947
FIRE:   17 14:47:47       44.441569       11.823768
FIRE:   18 14:47:47       42.000070       11.303685
FIRE:   19 14:47:47       39.521369       10.606114
FIRE:   20 14:47:47       37.107607        9.799321
FIRE:   21 14:47:48       34.976637        9.038419
FIRE:   22 14:47:48       33.035270        8.380305
FIRE:   23 14:47:48       31.150327        7.802572
FIRE:   24 14:47:48       29.377321        7.298909
FIRE:   25 14:47:48       27.791440        6.843818
FIRE:   26 14:47:48       26.343062        6.366996
FIRE:   27 14:47:48       24.975287        5.854623
FIRE:   28 14:47:48       23.713820        5.335785
FIRE:   29 14:47:48       22.586361        4.844690
FIRE:   30 14:47:48       21.565641        4.396528
FIRE:   31 14:47:48       20.630097        3.987925
FIRE:   32 14:47:48       19.793235        3.610622
FIRE:   33 14:47:48       19.061695        3.248530
FIRE:   34 14:47:48       18.417163        2.884927
FIRE:   35 14:47:48       17.849705        2.521874
FIRE:   36 14:47:48       17.364776        2.178270
FIRE:   37 14:47:48       16.958359        1.865627
FIRE:   38 14:47:48       16.617882        1.578094
FIRE:   39 14:47:48       16.340186        1.308717
FIRE:   40 14:47:48       16.124246        1.054404
FIRE:   41 14:47:48       15.960007        0.815280
FIRE:   42 14:47:48       15.839212        0.598055
FIRE:   43 14:47:48       15.756810        0.424001
FIRE:   44 14:47:48       15.702302        0.496319
FIRE:   45 14:47:49       15.665006        0.571915
FIRE:   46 14:47:49       15.636440        0.640136
FIRE:   47 14:47:49       15.606601        0.689456
FIRE:   48 14:47:49       15.565843        0.714963
FIRE:   49 14:47:49       15.508144        0.719745
FIRE:   50 14:47:49       15.430196        0.714751
FIRE:   51 14:47:49       15.328555        0.714130
FIRE:   52 14:47:49       15.200663        0.727738
FIRE:   53 14:47:49       15.047767        0.756976
FIRE:   54 14:47:49       14.873134        0.795557
FIRE:   55 14:47:49       14.679769        0.833978
FIRE:   56 14:47:49       14.469807        0.864407
FIRE:   57 14:47:49       14.245337        0.883494
FIRE:   58 14:47:49       14.009039        0.892869
FIRE:   59 14:47:49       13.763699        0.897237
FIRE:   60 14:47:49       13.511640        0.899015
FIRE:   61 14:47:49       13.255477        0.895733
FIRE:   62 14:47:49       12.998358        0.887962
FIRE:   63 14:47:49       12.742416        0.878988
FIRE:   64 14:47:49       12.487968        0.867644
FIRE:   65 14:47:49       12.234065        0.850557
FIRE:   66 14:47:49       11.979684        0.827078
FIRE:   67 14:47:49       11.724170        0.801042
FIRE:   68 14:47:50       11.466412        0.822525
FIRE:   69 14:47:50       11.204780        0.902093
FIRE:   70 14:47:50       10.938782        0.970440
FIRE:   71 14:47:50       10.669936        1.027097
FIRE:   72 14:47:50       10.399729        1.071272
FIRE:   73 14:47:50       10.129006        1.102051
FIRE:   74 14:47:50        9.859147        1.118845
FIRE:   75 14:47:50        9.591902        1.121284
FIRE:   76 14:47:50        9.329221        1.109192
FIRE:   77 14:47:50        9.073673        1.082943
FIRE:   78 14:47:50        8.828157        1.043504
FIRE:   79 14:47:50        8.595420        0.992134
FIRE:   80 14:47:50        8.378340        0.930096
FIRE:   81 14:47:50        8.180057        0.858231
FIRE:   82 14:47:50        8.003518        0.776597
FIRE:   83 14:47:50        7.851442        0.684957
FIRE:   84 14:47:50        7.726588        0.583734
FIRE:   85 14:47:50        7.631408        0.474173
FIRE:   86 14:47:50        7.567832        0.357309
FIRE:   87 14:47:50        7.537406        0.231838
FIRE:   88 14:47:50        7.540847        0.214024
FIRE:   89 14:47:50        7.522305        0.104780
FIRE:   90 14:47:50        7.540762        0.467756
FIRE:   91 14:47:51        7.553743        0.604388
FIRE:   92 14:47:51        7.521656        0.236239
FIRE:   93 14:47:51        7.521920        0.242293
FIRE:   94 14:47:51        7.520209        0.209097
FIRE:   95 14:47:51        7.517693        0.146969
FIRE:   96 14:47:51        7.515711        0.064001
FIRE:   97 14:47:51        7.515314        0.056106
FIRE:   98 14:47:51        7.515304        0.055873
FIRE:   99 14:47:51        7.515283        0.055414
FIRE:  100 14:47:51        7.515255        0.054738
FIRE:  101 14:47:51        7.515222        0.053861
FIRE:  102 14:47:51        7.515187        0.052806
FIRE:  103 14:47:51        7.515151        0.051599
FIRE:  104 14:47:51        7.515117        0.050277
FIRE:  105 14:47:51        7.515083        0.048738
FIRE:  106 14:47:51        7.515047        0.047019
FIRE:  107 14:47:51        7.515007        0.045196
FIRE:  108 14:47:51        7.514959        0.043360
FIRE:  109 14:47:51        7.514897        0.041599
FIRE:  110 14:47:51        7.514816        0.039965
FIRE:  111 14:47:51        7.514721        0.038435
FIRE:  112 14:47:51        7.514620        0.036830
FIRE:  113 14:47:51        7.514523        0.034703
FIRE:  114 14:47:51        7.514427        0.031461
FIRE:  115 14:47:52        7.514322        0.026700
FIRE:  116 14:47:52        7.514221        0.020315
FIRE:  117 14:47:52        7.514156        0.012944
FIRE:  118 14:47:52        7.514113        0.008930
