      Step     Time          Energy          fmax
FIRE:    0 14:42:23      162.036948       87.283307
FIRE:    1 14:42:23      123.598200       44.129019
FIRE:    2 14:42:23      104.422425       27.693586
FIRE:    3 14:42:23       96.437636       26.266197
FIRE:    4 14:42:23       92.714266       25.427837
FIRE:    5 14:42:23       87.900133       26.475796
FIRE:    6 14:42:23       80.348190       22.607472
FIRE:    7 14:42:23       71.898005       20.569707
FIRE:    8 14:42:23       64.749959       18.942928
FIRE:    9 14:42:23       60.151868       17.901117
FIRE:   10 14:42:23       58.030778       17.391069
FIRE:   11 14:42:23       56.796966       17.018556
FIRE:   12 14:42:23       53.998565       17.212556
FIRE:   13 14:42:23       48.789585       14.902412
FIRE:   14 14:42:23       42.776123       13.326850
FIRE:   15 14:42:24       37.561142       11.896912
FIRE:   16 14:42:24       33.691743       10.766054
FIRE:   17 14:42:24       31.010231        9.903599
FIRE:   18 14:42:24       28.967813        9.176180
FIRE:   19 14:42:24       26.990784        8.457185
FIRE:   20 14:42:24       24.825256        7.690819
FIRE:   21 14:42:24       22.599236        6.904204
FIRE:   22 14:42:24       20.578837        6.155088
FIRE:   23 14:42:24       18.887972        5.470795
FIRE:   24 14:42:24       17.447549        4.830815
FIRE:   25 14:42:24       16.135420        4.208447
FIRE:   26 14:42:24       14.923182        3.599189
FIRE:   27 14:42:24       13.865151        3.019701
FIRE:   28 14:42:24       13.007093        2.490395
FIRE:   29 14:42:24       12.321230        2.015794
FIRE:   30 14:42:24       11.745663        1.588450
FIRE:   31 14:42:24       11.258130        1.205060
FIRE:   32 14:42:24       10.873305        0.874540
FIRE:   33 14:42:24       10.589544        0.595539
FIRE:   34 14:42:24       10.379045        0.499132
FIRE:   35 14:42:24       10.231517        0.327845
FIRE:   36 14:42:24       10.166040        0.178989
FIRE:   37 14:42:24       10.198490        0.270662
FIRE:   38 14:42:24       10.303127        1.171156
FIRE:   39 14:42:24       10.311721        1.361790
FIRE:   40 14:42:25       10.149619        0.526829
FIRE:   41 14:42:25       10.148379        0.542429
FIRE:   42 14:42:25       10.139604        0.468398
FIRE:   43 14:42:25       10.126570        0.330690
FIRE:   44 14:42:25       10.115922        0.150560
FIRE:   45 14:42:25       10.112774        0.144751
FIRE:   46 14:42:25       10.112675        0.144480
FIRE:   47 14:42:25       10.112481        0.143941
FIRE:   48 14:42:25       10.112202        0.143147
FIRE:   49 14:42:25       10.111848        0.142113
FIRE:   50 14:42:25       10.111434        0.140862
FIRE:   51 14:42:25       10.110971        0.139424
FIRE:   52 14:42:25       10.110469        0.137837
FIRE:   53 14:42:25       10.109874        0.135958
FIRE:   54 14:42:25       10.109169        0.133803
FIRE:   55 14:42:25       10.108327        0.131420
FIRE:   56 14:42:25       10.107308        0.128902
FIRE:   57 14:42:25       10.106064        0.126383
FIRE:   58 14:42:25       10.104552        0.124039
FIRE:   59 14:42:25       10.102747        0.122068
FIRE:   60 14:42:25       10.100645        0.120664
FIRE:   61 14:42:25       10.098217        0.119957
FIRE:   62 14:42:26       10.095353        0.119972
FIRE:   63 14:42:26       10.091879        0.120671
FIRE:   64 14:42:26       10.087656        0.122086
FIRE:   65 14:42:26       10.082546        0.124421
FIRE:   66 14:42:26       10.076190        0.127857
FIRE:   67 14:42:26       10.068177        0.131973
FIRE:   68 14:42:26       10.058314        0.135155
FIRE:   69 14:42:26       10.046257        0.135336
FIRE:   70 14:42:26       10.032012        0.132943
FIRE:   71 14:42:26       10.015670        0.131797
FIRE:   72 14:42:26        9.998034        0.130299
FIRE:   73 14:42:26        9.980690        0.121338
FIRE:   74 14:42:26        9.966129        0.119376
FIRE:   75 14:42:26        9.955813        0.116839
FIRE:   76 14:42:26        9.948992        0.219158
FIRE:   77 14:42:26        9.942471        0.147058
FIRE:   78 14:42:26        9.941801        0.162379
FIRE:   79 14:42:26        9.940488        0.139770
FIRE:   80 14:42:26        9.938595        0.143777
FIRE:   81 14:42:26        9.937007        0.148739
FIRE:   82 14:42:26        9.935974        0.153457
FIRE:   83 14:42:26        9.934889        0.156821
FIRE:   84 14:42:26        9.933056        0.158373
FIRE:   85 14:42:26        9.930397        0.158158
FIRE:   86 14:42:27        9.927125        0.156362
FIRE:   87 14:42:27        9.923946        0.153953
FIRE:   88 14:42:27        9.920579        0.153264
FIRE:   89 14:42:27        9.915803        0.156255
FIRE:   90 14:42:27        9.909835        0.163295
FIRE:   91 14:42:27        9.903831        0.171435
FIRE:   92 14:42:27        9.896128        0.175785
FIRE:   93 14:42:27        9.886901        0.176616
FIRE:   94 14:42:27        9.876240        0.184054
FIRE:   95 14:42:27        9.862339        0.203167
FIRE:   96 14:42:27        9.844591        0.221657
FIRE:   97 14:42:27        9.820964        0.237655
FIRE:   98 14:42:27        9.787497        0.271772
FIRE:   99 14:42:27        9.740178        0.292923
FIRE:  100 14:42:27        9.674928        0.329087
FIRE:  101 14:42:27        9.600555        0.362647
FIRE:  102 14:42:27        9.516330        0.418628
FIRE:  103 14:42:27        9.420812        0.459609
FIRE:  104 14:42:27        9.312569        0.521406
FIRE:  105 14:42:27        9.191496        0.581630
FIRE:  106 14:42:27        9.055577        0.645058
FIRE:  107 14:42:27        8.903100        0.709066
FIRE:  108 14:42:27        8.736211        0.764002
FIRE:  109 14:42:27        8.554518        0.816663
FIRE:  110 14:42:28        8.358475        0.869238
FIRE:  111 14:42:28        8.148600        0.919010
FIRE:  112 14:42:28        7.927316        0.959857
FIRE:  113 14:42:28        7.697944        0.986126
FIRE:  114 14:42:28        7.465443        0.994631
FIRE:  115 14:42:28        7.236327        0.983396
FIRE:  116 14:42:28        7.018735        0.946667
FIRE:  117 14:42:28        6.823499        0.872494
FIRE:  118 14:42:28        6.662407        0.759631
FIRE:  119 14:42:28        6.543085        0.614531
FIRE:  120 14:42:28        6.464812        0.442011
FIRE:  121 14:42:28        6.415668        0.279733
FIRE:  122 14:42:28        6.373668        0.335873
FIRE:  123 14:42:28        6.317229        0.346597
FIRE:  124 14:42:28        6.240525        0.305092
FIRE:  125 14:42:28        6.158716        0.279505
FIRE:  126 14:42:28        6.096668        0.267098
FIRE:  127 14:42:28        6.068722        0.321992
FIRE:  128 14:42:28        5.981380        0.182141
FIRE:  129 14:42:28        5.986876        0.566767
FIRE:  130 14:42:28        5.986052        0.688943
FIRE:  131 14:42:28        5.942008        0.295469
FIRE:  132 14:42:28        5.935189        0.271663
FIRE:  133 14:42:29        5.932720        0.238061
FIRE:  134 14:42:29        5.928814        0.176941
FIRE:  135 14:42:29        5.924989        0.162670
FIRE:  136 14:42:29        5.922365        0.162311
FIRE:  137 14:42:29        5.920851        0.159849
FIRE:  138 14:42:29        5.919299        0.164983
FIRE:  139 14:42:29        5.916673        0.174251
FIRE:  140 14:42:29        5.912336        0.145288
FIRE:  141 14:42:29        5.907034        0.122828
FIRE:  142 14:42:29        5.902486        0.106178
FIRE:  143 14:42:29        5.898954        0.120819
FIRE:  144 14:42:29        5.894031        0.132168
FIRE:  145 14:42:29        5.886870        0.070577
FIRE:  146 14:42:29        5.880650        0.079717
FIRE:  147 14:42:29        5.874795        0.124437
FIRE:  148 14:42:29        5.867329        0.053088
FIRE:  149 14:42:29        5.865024        0.124745
FIRE:  150 14:42:29        5.864261        0.094910
FIRE:  151 14:42:29        5.863384        0.046455
FIRE:  152 14:42:29        5.863064        0.048120
FIRE:  153 14:42:29        5.863040        0.047994
FIRE:  154 14:42:30        5.862995        0.047746
FIRE:  155 14:42:30        5.862932        0.047387
FIRE:  156 14:42:30        5.862856        0.046931
FIRE:  157 14:42:30        5.862772        0.046399
FIRE:  158 14:42:30        5.862681        0.045816
FIRE:  159 14:42:30        5.862585        0.045211
FIRE:  160 14:42:30        5.862471        0.044549
FIRE:  161 14:42:30        5.862332        0.043856
FIRE:  162 14:42:30        5.862164        0.043164
FIRE:  163 14:42:30        5.861964        0.042497
FIRE:  164 14:42:30        5.861734        0.041861
FIRE:  165 14:42:30        5.861481        0.041221
FIRE:  166 14:42:30        5.861201        0.040502
FIRE:  167 14:42:30        5.860878        0.039635
FIRE:  168 14:42:30        5.860506        0.038646
FIRE:  169 14:42:30        5.860098        0.037760
FIRE:  170 14:42:30        5.859654        0.037372
FIRE:  171 14:42:30        5.859167        0.037657
FIRE:  172 14:42:30        5.858673        0.038052
FIRE:  173 14:42:30        5.858163        0.037241
FIRE:  174 14:42:30        5.857655        0.034567
FIRE:  175 14:42:30        5.857132        0.030602
FIRE:  176 14:42:30        5.856613        0.023921
FIRE:  177 14:42:31        5.856107        0.015206
FIRE:  178 14:42:31        5.855688        0.016443
FIRE:  179 14:42:31        5.855490        0.026133
FIRE:  180 14:42:31        5.855417        0.008364
