      Step     Time          Energy          fmax
FIRE:    0 12:08:08      292.625303       79.180577
FIRE:    1 12:08:08      242.332750       68.238042
FIRE:    2 12:08:08      199.620778       58.410873
FIRE:    3 12:08:08      163.531317       49.579052
FIRE:    4 12:08:08      133.252260       41.616099
FIRE:    5 12:08:08      108.101546       34.386713
FIRE:    6 12:08:08       87.516896       27.743166
FIRE:    7 12:08:08       71.050457       21.519541
FIRE:    8 12:08:08       58.364819       17.328873
FIRE:    9 12:08:08       49.227833       15.111651
FIRE:   10 12:08:08       43.488987       13.479530
FIRE:   11 12:08:08       40.951928       12.401374
FIRE:   12 12:08:09       41.093780       11.788648
FIRE:   13 12:08:09       36.732104       11.129859
FIRE:   14 12:08:09       34.667011       10.685610
FIRE:   15 12:08:09       32.582223       10.035129
FIRE:   16 12:08:09       29.810114        9.119910
FIRE:   17 12:08:09       27.022885        8.139254
FIRE:   18 12:08:09       24.716672        7.230936
FIRE:   19 12:08:09       22.916551        6.428766
FIRE:   20 12:08:09       21.362062        5.705824
FIRE:   21 12:08:09       19.840733        5.033614
FIRE:   22 12:08:09       18.367396        4.414115
FIRE:   23 12:08:09       17.075052        3.861641
FIRE:   24 12:08:09       16.032878        3.370396
FIRE:   25 12:08:09       15.192070        2.906820
FIRE:   26 12:08:09       14.470370        2.438059
FIRE:   27 12:08:09       13.837727        1.955305
FIRE:   28 12:08:09       13.315328        1.474920
FIRE:   29 12:08:09       12.925521        1.030111
FIRE:   30 12:08:09       12.644575        0.647257
FIRE:   31 12:08:09       12.419414        0.523639
FIRE:   32 12:08:09       12.217768        0.574224
FIRE:   33 12:08:09       12.034923        0.556207
FIRE:   34 12:08:10       11.887119        0.405629
FIRE:   35 12:08:10       11.827100        0.408045
FIRE:   36 12:08:10       11.807074        0.411317
FIRE:   37 12:08:10       11.795622        0.417502
FIRE:   38 12:08:10       11.792911        0.418065
FIRE:   39 12:08:10       11.788260        0.419207
FIRE:   40 12:08:10       11.782647        0.420968
FIRE:   41 12:08:10       11.776471        0.423406
FIRE:   42 12:08:10       11.769227        0.426560
FIRE:   43 12:08:10       11.760037        0.430437
FIRE:   44 12:08:10       11.748483        0.435039
FIRE:   45 12:08:10       11.733339        0.440981
FIRE:   46 12:08:10       11.714645        0.448551
FIRE:   47 12:08:10       11.691552        0.457985
FIRE:   48 12:08:10       11.661431        0.469466
FIRE:   49 12:08:10       11.621844        0.483485
FIRE:   50 12:08:10       11.571522        0.501377
FIRE:   51 12:08:10       11.505680        0.525414
FIRE:   52 12:08:10       11.417524        0.558220
FIRE:   53 12:08:10       11.302560        0.601137
FIRE:   54 12:08:10       11.177502        0.645412
FIRE:   55 12:08:10       11.044170        0.691468
FIRE:   56 12:08:10       10.900721        0.740204
FIRE:   57 12:08:10       10.747426        0.791203
FIRE:   58 12:08:10       10.584255        0.843350
FIRE:   59 12:08:11       10.410262        0.895995
FIRE:   60 12:08:11       10.225800        0.949432
FIRE:   61 12:08:11       10.030431        1.004229
FIRE:   62 12:08:11        9.823795        1.060304
FIRE:   63 12:08:11        9.606061        1.116626
FIRE:   64 12:08:11        9.377270        1.171544
FIRE:   65 12:08:11        9.137716        1.223584
FIRE:   66 12:08:11        8.888059        1.272164
FIRE:   67 12:08:11        8.628957        1.317459
FIRE:   68 12:08:11        8.361031        1.359659
FIRE:   69 12:08:11        8.084985        1.398498
FIRE:   70 12:08:11        7.801593        1.433272
FIRE:   71 12:08:11        7.511704        1.463148
FIRE:   72 12:08:11        7.216303        1.487525
FIRE:   73 12:08:11        6.916429        1.506984
FIRE:   74 12:08:11        6.612733        1.524830
FIRE:   75 12:08:11        6.305720        1.535094
FIRE:   76 12:08:11        5.998568        1.524512
FIRE:   77 12:08:11        5.694298        1.505268
FIRE:   78 12:08:11        5.394193        1.479289
FIRE:   79 12:08:11        5.099799        1.444059
FIRE:   80 12:08:11        4.812978        1.398520
FIRE:   81 12:08:11        4.535640        1.342842
FIRE:   82 12:08:12        4.269451        1.279074
FIRE:   83 12:08:12        4.015341        1.211965
FIRE:   84 12:08:12        3.773440        1.141672
FIRE:   85 12:08:12        3.545232        1.053906
FIRE:   86 12:08:12        3.334344        0.946033
FIRE:   87 12:08:12        3.142356        0.833364
FIRE:   88 12:08:12        2.968198        0.720138
FIRE:   89 12:08:12        2.809658        0.608048
FIRE:   90 12:08:12        2.662985        0.501893
FIRE:   91 12:08:12        2.522624        0.406359
FIRE:   92 12:08:12        2.381723        0.331003
FIRE:   93 12:08:12        2.235371        0.356133
FIRE:   94 12:08:12        2.087378        0.337393
FIRE:   95 12:08:12        1.954644        0.384253
FIRE:   96 12:08:12        1.875947        0.513961
FIRE:   97 12:08:12        1.904591        0.676593
FIRE:   98 12:08:12        1.794887        0.294757
FIRE:   99 12:08:12        1.757031        0.323185
FIRE:  100 12:08:12        1.730706        0.338540
FIRE:  101 12:08:12        1.702484        0.267805
FIRE:  102 12:08:12        1.674951        0.212366
FIRE:  103 12:08:12        1.652957        0.282422
FIRE:  104 12:08:13        1.644582        0.294846
FIRE:  105 12:08:13        1.640960        0.289225
FIRE:  106 12:08:13        1.635233        0.277581
FIRE:  107 12:08:13        1.629572        0.259328
FIRE:  108 12:08:13        1.625378        0.234388
FIRE:  109 12:08:13        1.622180        0.204811
FIRE:  110 12:08:13        1.618403        0.173995
FIRE:  111 12:08:13        1.613336        0.144378
FIRE:  112 12:08:13        1.607367        0.114114
FIRE:  113 12:08:13        1.602859        0.083359
FIRE:  114 12:08:13        1.600529        0.073577
FIRE:  115 12:08:13        1.597541        0.079938
FIRE:  116 12:08:13        1.592365        0.088693
FIRE:  117 12:08:13        1.588154        0.103396
FIRE:  118 12:08:13        1.584707        0.095805
FIRE:  119 12:08:13        1.578773        0.048283
FIRE:  120 12:08:13        1.578489        0.077071
FIRE:  121 12:08:13        1.577561        0.056043
FIRE:  122 12:08:13        1.576645        0.018756
FIRE:  123 12:08:13        1.576688        0.024868
FIRE:  124 12:08:13        1.576660        0.022947
FIRE:  125 12:08:14        1.576613        0.019264
FIRE:  126 12:08:14        1.576561        0.014120
FIRE:  127 12:08:14        1.576518        0.007934
