      Step     Time          Energy          fmax
FIRE:    0 00:06:51       75.449236       44.227840
FIRE:    1 00:06:51       57.084337       27.008422
FIRE:    2 00:06:51       45.199045       15.668300
FIRE:    3 00:06:51       37.559683       12.304071
FIRE:    4 00:06:51       32.613074       10.044820
FIRE:    5 00:06:51       29.249476        8.592419
FIRE:    6 00:06:51       26.626478       10.009290
FIRE:    7 00:06:51       24.132465       11.644943
FIRE:    8 00:06:51       21.474145       11.022237
FIRE:    9 00:06:51       18.827418        8.623069
FIRE:   10 00:06:51       16.543466        6.251052
FIRE:   11 00:06:51       14.775418        5.678444
FIRE:   12 00:06:51       13.403601        5.160643
FIRE:   13 00:06:51       12.197730        4.749821
FIRE:   14 00:06:51       11.019673        4.624945
FIRE:   15 00:06:51        9.901750        3.860344
FIRE:   16 00:06:51        8.927125        2.974947
FIRE:   17 00:06:51        8.105517        2.764614
FIRE:   18 00:06:52        7.413491        2.031685
FIRE:   19 00:06:52        6.867683        1.626390
FIRE:   20 00:06:52        6.485384        1.787237
FIRE:   21 00:06:52        6.207551        1.955289
FIRE:   22 00:06:52        5.941473        1.818244
FIRE:   23 00:06:52        5.668365        1.428460
FIRE:   24 00:06:52        5.453701        0.945479
FIRE:   25 00:06:52        5.354336        0.844452
FIRE:   26 00:06:52        5.348443        1.005384
FIRE:   27 00:06:52        5.228316        1.551287
FIRE:   28 00:06:52        5.054489        0.984495
FIRE:   29 00:06:52        5.026949        1.166729
FIRE:   30 00:06:52        4.989081        0.955797
FIRE:   31 00:06:52        4.935553        0.951366
FIRE:   32 00:06:52        4.891126        0.942779
FIRE:   33 00:06:52        4.860567        0.929699
FIRE:   34 00:06:52        4.825728        0.913749
FIRE:   35 00:06:52        4.768326        0.896541
FIRE:   36 00:06:52        4.688611        0.878420
FIRE:   37 00:06:52        4.593989        0.856242
FIRE:   38 00:06:52        4.502041        0.827474
FIRE:   39 00:06:52        4.399019        0.792173
FIRE:   40 00:06:52        4.251663        0.753405
FIRE:   41 00:06:52        4.070960        0.712945
FIRE:   42 00:06:52        3.876639        0.671252
FIRE:   43 00:06:52        3.647778        0.637690
FIRE:   44 00:06:52        3.418637        0.612750
FIRE:   45 00:06:52        3.202373        0.607873
FIRE:   46 00:06:53        2.977816        0.577111
FIRE:   47 00:06:53        2.763230        0.548767
FIRE:   48 00:06:53        2.581117        0.497176
FIRE:   49 00:06:53        2.434497        0.411453
FIRE:   50 00:06:53        2.323926        0.410000
FIRE:   51 00:06:53        2.237522        0.395901
FIRE:   52 00:06:53        2.151754        0.400489
FIRE:   53 00:06:53        2.066113        0.311674
FIRE:   54 00:06:53        2.007112        0.293149
FIRE:   55 00:06:53        1.983006        0.371816
FIRE:   56 00:06:53        1.926459        0.258895
FIRE:   57 00:06:53        1.866376        0.244993
FIRE:   58 00:06:53        1.810720        0.268884
FIRE:   59 00:06:53        1.751895        0.284589
FIRE:   60 00:06:53        1.691995        0.286050
FIRE:   61 00:06:53        1.626030        0.265994
FIRE:   62 00:06:53        1.562412        0.218288
FIRE:   63 00:06:53        1.505350        0.220106
FIRE:   64 00:06:53        1.462060        0.221329
FIRE:   65 00:06:53        1.428459        0.207882
FIRE:   66 00:06:53        1.385219        0.178359
FIRE:   67 00:06:53        1.335680        0.177960
FIRE:   68 00:06:53        1.286366        0.131592
FIRE:   69 00:06:53        1.248327        0.182820
FIRE:   70 00:06:53        1.212391        0.152280
FIRE:   71 00:06:53        1.174771        0.165289
FIRE:   72 00:06:53        1.132244        0.149712
FIRE:   73 00:06:53        1.088825        0.172069
FIRE:   74 00:06:54        1.044308        0.182626
FIRE:   75 00:06:54        0.990057        0.189421
FIRE:   76 00:06:54        0.925851        0.197892
FIRE:   77 00:06:54        0.854292        0.215396
FIRE:   78 00:06:54        0.779478        0.237382
FIRE:   79 00:06:54        0.701346        0.259056
FIRE:   80 00:06:54        0.620299        0.278051
FIRE:   81 00:06:54        0.539211        0.289171
FIRE:   82 00:06:54        0.463267        0.288093
FIRE:   83 00:06:54        0.394582        0.274758
FIRE:   84 00:06:54        0.331794        0.251971
FIRE:   85 00:06:54        0.273619        0.223738
FIRE:   86 00:06:54        0.225581        0.190197
FIRE:   87 00:06:54        0.197874        0.147366
FIRE:   88 00:06:54        0.192479        0.175380
FIRE:   89 00:06:54        0.160153        0.122453
FIRE:   90 00:06:54        0.158763        0.291804
FIRE:   91 00:06:54        0.144395        0.157293
FIRE:   92 00:06:54        0.142363        0.108276
FIRE:   93 00:06:54        0.139985        0.107413
FIRE:   94 00:06:54        0.138094        0.105450
FIRE:   95 00:06:54        0.135933        0.102483
FIRE:   96 00:06:54        0.133532        0.098545
FIRE:   97 00:06:54        0.132098        0.093411
FIRE:   98 00:06:54        0.131443        0.093211
FIRE:   99 00:06:54        0.130154        0.081299
FIRE:  100 00:06:54        0.128323        0.074917
FIRE:  101 00:06:55        0.126279        0.083748
FIRE:  102 00:06:55        0.122883        0.062106
FIRE:  103 00:06:55        0.119855        0.073769
FIRE:  104 00:06:55        0.116901        0.049111
FIRE:  105 00:06:55        0.114897        0.100302
FIRE:  106 00:06:55        0.111600        0.039552
FIRE:  107 00:06:55        0.108759        0.050924
FIRE:  108 00:06:55        0.108020        0.138950
FIRE:  109 00:06:55        0.106806        0.050567
FIRE:  110 00:06:55        0.106871        0.089023
FIRE:  111 00:06:55        0.106705        0.074461
FIRE:  112 00:06:55        0.106476        0.047994
FIRE:  113 00:06:55        0.106317        0.028446
FIRE:  114 00:06:55        0.106289        0.032335
FIRE:  115 00:06:55        0.106282        0.031183
FIRE:  116 00:06:55        0.106269        0.028933
FIRE:  117 00:06:55        0.106250        0.027579
FIRE:  118 00:06:55        0.106228        0.027521
FIRE:  119 00:06:55        0.106206        0.027442
FIRE:  120 00:06:55        0.106183        0.027338
FIRE:  121 00:06:55        0.106161        0.027205
FIRE:  122 00:06:55        0.106138        0.027022
FIRE:  123 00:06:55        0.106113        0.026772
FIRE:  124 00:06:55        0.106083        0.026444
FIRE:  125 00:06:55        0.106047        0.026022
FIRE:  126 00:06:55        0.106002        0.025492
FIRE:  127 00:06:55        0.105949        0.024838
FIRE:  128 00:06:56        0.105894        0.024047
FIRE:  129 00:06:56        0.105839        0.023119
FIRE:  130 00:06:56        0.105777        0.022082
FIRE:  131 00:06:56        0.105699        0.020963
FIRE:  132 00:06:56        0.105606        0.019765
FIRE:  133 00:06:56        0.105505        0.018463
FIRE:  134 00:06:56        0.105386        0.017043
FIRE:  135 00:06:56        0.105246        0.015545
FIRE:  136 00:06:56        0.105104        0.014095
FIRE:  137 00:06:56        0.104946        0.012823
FIRE:  138 00:06:56        0.104787        0.011730
FIRE:  139 00:06:56        0.104618        0.010782
FIRE:  140 00:06:56        0.104468        0.009924
