      Step     Time          Energy          fmax
FIRE:    0 11:16:02      225.677843       77.105743
FIRE:    1 11:16:02      191.380135       57.240387
FIRE:    2 11:16:02      165.555229       41.754707
FIRE:    3 11:16:02      145.446964       33.750424
FIRE:    4 11:16:02      128.929826       33.234589
FIRE:    5 11:16:02      114.706142       33.550015
FIRE:    6 11:16:02      102.232700       31.500491
FIRE:    7 11:16:02       91.390729       27.785648
FIRE:    8 11:16:03       82.136624       22.935320
FIRE:    9 11:16:03       74.413538       17.176846
FIRE:   10 11:16:03       68.215033       13.480671
FIRE:   11 11:16:03       63.707639       14.143692
FIRE:   12 11:16:03       61.102633       15.186943
FIRE:   13 11:16:03       59.997086       24.585521
FIRE:   14 11:16:03       53.001155       13.800060
FIRE:   15 11:16:03       50.307076       12.415753
FIRE:   16 11:16:03       47.815135       11.239848
FIRE:   17 11:16:03       44.293541       10.080363
FIRE:   18 11:16:03       40.673360        9.172435
FIRE:   19 11:16:03       37.541623        8.604296
FIRE:   20 11:16:03       34.912481        8.270161
FIRE:   21 11:16:03       32.593922        7.982260
FIRE:   22 11:16:03       30.428236        7.598174
FIRE:   23 11:16:03       28.380731        7.092355
FIRE:   24 11:16:03       26.489132        6.524605
FIRE:   25 11:16:03       24.762522        5.955325
FIRE:   26 11:16:03       23.161000        5.395659
FIRE:   27 11:16:03       21.643898        4.837922
FIRE:   28 11:16:03       20.212397        4.287606
FIRE:   29 11:16:03       18.905163        3.765988
FIRE:   30 11:16:03       17.754548        3.295335
FIRE:   31 11:16:03       16.750871        2.878714
FIRE:   32 11:16:03       15.855809        2.501270
FIRE:   33 11:16:03       15.046809        2.146604
FIRE:   34 11:16:04       14.334528        1.809226
FIRE:   35 11:16:04       13.737151        1.491117
FIRE:   36 11:16:04       13.251842        1.186599
FIRE:   37 11:16:04       12.856423        0.889292
FIRE:   38 11:16:04       12.531393        0.647061
FIRE:   39 11:16:04       12.271719        0.516622
FIRE:   40 11:16:04       12.080804        0.421124
FIRE:   41 11:16:04       11.958242        0.386002
FIRE:   42 11:16:04       11.894974        0.442567
FIRE:   43 11:16:04       11.881681        0.641158
FIRE:   44 11:16:04       11.723898        0.519147
FIRE:   45 11:16:04       11.551617        0.397115
FIRE:   46 11:16:04       11.428515        0.259905
FIRE:   47 11:16:04       11.347309        0.128227
FIRE:   48 11:16:04       11.328763        0.179722
FIRE:   49 11:16:04       11.325567        0.051187
FIRE:   50 11:16:04       11.326113        0.097953
FIRE:   51 11:16:04       11.325535        0.075848
FIRE:   52 11:16:04       11.324833        0.036506
FIRE:   53 11:16:04       11.324536        0.030883
FIRE:   54 11:16:04       11.324529        0.030820
FIRE:   55 11:16:04       11.324516        0.030694
FIRE:   56 11:16:04       11.324496        0.030506
FIRE:   57 11:16:04       11.324471        0.030256
FIRE:   58 11:16:04       11.324442        0.029946
FIRE:   59 11:16:05       11.324408        0.029577
FIRE:   60 11:16:05       11.324370        0.029151
FIRE:   61 11:16:05       11.324323        0.028616
FIRE:   62 11:16:05       11.324267        0.027955
FIRE:   63 11:16:05       11.324199        0.027148
FIRE:   64 11:16:05       11.324117        0.026178
FIRE:   65 11:16:05       11.324020        0.025028
FIRE:   66 11:16:05       11.323907        0.023692
FIRE:   67 11:16:05       11.323779        0.022173
FIRE:   68 11:16:05       11.323633        0.020491
FIRE:   69 11:16:05       11.323467        0.019001
FIRE:   70 11:16:05       11.323279        0.022084
FIRE:   71 11:16:05       11.323067        0.025227
FIRE:   72 11:16:05       11.322818        0.028267
FIRE:   73 11:16:05       11.322515        0.030955
FIRE:   74 11:16:05       11.322136        0.032939
FIRE:   75 11:16:05       11.321648        0.033854
FIRE:   76 11:16:05       11.321020        0.033467
FIRE:   77 11:16:05       11.320219        0.031811
FIRE:   78 11:16:05       11.319221        0.029030
FIRE:   79 11:16:05       11.317989        0.025627
FIRE:   80 11:16:05       11.316457        0.023280
FIRE:   81 11:16:05       11.314514        0.025438
FIRE:   82 11:16:05       11.312133        0.032527
FIRE:   83 11:16:05       11.310624        0.107583
FIRE:   84 11:16:05       11.308690        0.030686
FIRE:   85 11:16:06       11.308656        0.030644
FIRE:   86 11:16:06       11.308596        0.030578
FIRE:   87 11:16:06       11.308517        0.030526
FIRE:   88 11:16:06       11.308417        0.030539
FIRE:   89 11:16:06       11.308289        0.030659
FIRE:   90 11:16:06       11.308129        0.030900
FIRE:   91 11:16:06       11.307943        0.031237
FIRE:   92 11:16:06       11.307715        0.031661
FIRE:   93 11:16:06       11.307426        0.032110
FIRE:   94 11:16:06       11.307055        0.032531
FIRE:   95 11:16:06       11.306592        0.032935
FIRE:   96 11:16:06       11.306016        0.033456
FIRE:   97 11:16:06       11.305287        0.034209
FIRE:   98 11:16:06       11.304381        0.035011
FIRE:   99 11:16:06       11.303238        0.035553
FIRE:  100 11:16:06       11.301812        0.036051
FIRE:  101 11:16:06       11.300024        0.036784
FIRE:  102 11:16:06       11.297783        0.036747
FIRE:  103 11:16:06       11.294990        0.037458
FIRE:  104 11:16:06       11.291649        0.036360
FIRE:  105 11:16:06       11.288966        0.114073
FIRE:  106 11:16:06       11.287127        0.037791
FIRE:  107 11:16:07       11.287094        0.037817
FIRE:  108 11:16:07       11.287031        0.037864
FIRE:  109 11:16:07       11.286936        0.037919
FIRE:  110 11:16:07       11.286811        0.037969
FIRE:  111 11:16:07       11.286654        0.038004
FIRE:  112 11:16:07       11.286465        0.038022
FIRE:  113 11:16:07       11.286245        0.038032
FIRE:  114 11:16:08       11.285965        0.038050
FIRE:  115 11:16:08       11.285611        0.038104
FIRE:  116 11:16:08       11.285165        0.038216
FIRE:  117 11:16:08       11.284606        0.038379
FIRE:  118 11:16:08       11.283910        0.038535
FIRE:  119 11:16:08       11.283043        0.038631
FIRE:  120 11:16:08       11.281969        0.038717
FIRE:  121 11:16:08       11.280640        0.038920
FIRE:  122 11:16:08       11.279002        0.039118
FIRE:  123 11:16:08       11.276988        0.039007
FIRE:  124 11:16:08       11.274524        0.038927
FIRE:  125 11:16:08       11.271527        0.038573
FIRE:  126 11:16:08       11.267911        0.037818
FIRE:  127 11:16:08       11.263609        0.036567
FIRE:  128 11:16:08       11.258630        0.034801
FIRE:  129 11:16:09       11.254465        0.114018
FIRE:  130 11:16:09       11.295538        0.694459
FIRE:  131 11:16:09       11.279158        0.530898
FIRE:  132 11:16:09       11.258280        0.307999
FIRE:  133 11:16:09       11.247768        0.053510
FIRE:  134 11:16:09       11.247709        0.048025
FIRE:  135 11:16:09       11.247613        0.037657
FIRE:  136 11:16:09       11.247514        0.030692
FIRE:  137 11:16:09       11.247444        0.030193
FIRE:  138 11:16:09       11.247414        0.029633
FIRE:  139 11:16:09       11.247407        0.029095
FIRE:  140 11:16:09       11.247403        0.029101
FIRE:  141 11:16:09       11.247395        0.029111
FIRE:  142 11:16:09       11.247384        0.029126
FIRE:  143 11:16:09       11.247370        0.029142
FIRE:  144 11:16:09       11.247355        0.029159
FIRE:  145 11:16:09       11.247338        0.029174
FIRE:  146 11:16:09       11.247322        0.029182
FIRE:  147 11:16:09       11.247303        0.029181
FIRE:  148 11:16:10       11.247284        0.029161
FIRE:  149 11:16:10       11.247263        0.029112
FIRE:  150 11:16:10       11.247239        0.029021
FIRE:  151 11:16:10       11.247209        0.028874
FIRE:  152 11:16:10       11.247169        0.028657
FIRE:  153 11:16:10       11.247117        0.028357
FIRE:  154 11:16:10       11.247051        0.027964
FIRE:  155 11:16:10       11.246972        0.027474
FIRE:  156 11:16:10       11.246882        0.026901
FIRE:  157 11:16:10       11.246777        0.026291
FIRE:  158 11:16:10       11.246645        0.025696
FIRE:  159 11:16:10       11.246481        0.025148
FIRE:  160 11:16:10       11.246288        0.024616
FIRE:  161 11:16:10       11.246062        0.024005
FIRE:  162 11:16:10       11.245784        0.023239
FIRE:  163 11:16:10       11.245455        0.022391
FIRE:  164 11:16:10       11.245070        0.021768
FIRE:  165 11:16:10       11.244610        0.021532
FIRE:  166 11:16:10       11.244081        0.021247
FIRE:  167 11:16:11       11.243471        0.020535
FIRE:  168 11:16:11       11.242778        0.020069
FIRE:  169 11:16:11       11.242011        0.019059
FIRE:  170 11:16:11       11.241190        0.017192
FIRE:  171 11:16:11       11.240442        0.032817
FIRE:  172 11:16:11       11.240390        0.090909
FIRE:  173 11:16:11       11.239540        0.011665
FIRE:  174 11:16:11       11.240206        0.083637
FIRE:  175 11:16:11       11.239900        0.062865
FIRE:  176 11:16:11       11.239573        0.026605
FIRE:  177 11:16:11       11.239522        0.015945
FIRE:  178 11:16:11       11.239518        0.014946
FIRE:  179 11:16:11       11.239511        0.013011
FIRE:  180 11:16:11       11.239503        0.011178
FIRE:  181 11:16:11       11.239495        0.011239
FIRE:  182 11:16:12       11.239488        0.011304
FIRE:  183 11:16:12       11.239483        0.011363
FIRE:  184 11:16:12       11.239479        0.011406
FIRE:  185 11:16:12       11.239476        0.011430
FIRE:  186 11:16:12       11.239472        0.011423
FIRE:  187 11:16:12       11.239464        0.011380
FIRE:  188 11:16:12       11.239451        0.011291
FIRE:  189 11:16:12       11.239435        0.011153
FIRE:  190 11:16:12       11.239419        0.010969
FIRE:  191 11:16:12       11.239402        0.010767
FIRE:  192 11:16:12       11.239382        0.010592
FIRE:  193 11:16:12       11.239354        0.010476
FIRE:  194 11:16:12       11.239319        0.010414
FIRE:  195 11:16:12       11.239283        0.010330
FIRE:  196 11:16:12       11.239238        0.010114
FIRE:  197 11:16:12       11.239181        0.009733
