      Step     Time          Energy          fmax
FIRE:    0 12:03:32      265.506330      177.393616
FIRE:    1 12:03:32      200.344083      106.161452
FIRE:    2 12:03:32      159.488380       60.383041
FIRE:    3 12:03:32      134.172348       43.171932
FIRE:    4 12:03:32      117.477776       49.165029
FIRE:    5 12:03:32      104.339160       50.681742
FIRE:    6 12:03:32       92.063926       47.036767
FIRE:    7 12:03:32       80.145576       39.630344
FIRE:    8 12:03:32       69.138315       30.686404
FIRE:    9 12:03:32       59.767848       22.147544
FIRE:   10 12:03:32       52.368917       14.998359
FIRE:   11 12:03:32       46.858420       10.271766
FIRE:   12 12:03:32       42.901350       10.174650
FIRE:   13 12:03:32       40.092558       12.081953
FIRE:   14 12:03:32       38.105559       12.681441
FIRE:   15 12:03:32       36.700259       12.137286
FIRE:   16 12:03:32       35.577621       11.410624
FIRE:   17 12:03:33       34.246548       14.023810
FIRE:   18 12:03:33       32.193378       14.363800
FIRE:   19 12:03:33       29.371400       11.985788
FIRE:   20 12:03:33       26.383304        7.664401
FIRE:   21 12:03:33       23.979143        7.475514
FIRE:   22 12:03:33       22.403734        8.010042
FIRE:   23 12:03:33       21.162736       10.287265
FIRE:   24 12:03:33       19.581650        9.676720
FIRE:   25 12:03:33       17.695020        6.500400
FIRE:   26 12:03:33       16.121570        4.665570
FIRE:   27 12:03:33       15.196136        3.880707
FIRE:   28 12:03:33       14.698250        3.290179
FIRE:   29 12:03:33       14.212764        3.653737
FIRE:   30 12:03:33       13.510464        4.046732
FIRE:   31 12:03:33       12.669682        3.679832
FIRE:   32 12:03:33       11.923073        2.678842
FIRE:   33 12:03:33       11.428113        1.606810
FIRE:   34 12:03:33       11.184855        1.631324
FIRE:   35 12:03:33       11.056125        2.450160
FIRE:   36 12:03:33       10.884428        2.634737
FIRE:   37 12:03:33       10.628149        2.079404
FIRE:   38 12:03:33       10.388609        1.193904
FIRE:   39 12:03:33       10.288507        0.889462
FIRE:   40 12:03:33        9.968536        0.771800
FIRE:   41 12:03:33        9.749864        0.593760
FIRE:   42 12:03:34        9.623812        0.811017
FIRE:   43 12:03:34        9.496036        0.993698
FIRE:   44 12:03:34        9.300882        0.976231
FIRE:   45 12:03:34        9.083205        1.066974
FIRE:   46 12:03:34        8.972969        1.022294
FIRE:   47 12:03:34        8.868100        0.831707
FIRE:   48 12:03:34        8.754913        0.593662
FIRE:   49 12:03:34        8.679154        0.414826
FIRE:   50 12:03:34        8.601509        0.522831
FIRE:   51 12:03:34        8.489071        0.461097
FIRE:   52 12:03:34        8.398161        0.459361
FIRE:   53 12:03:34        8.318808        0.369764
FIRE:   54 12:03:34        8.245507        0.390991
FIRE:   55 12:03:34        8.157572        0.317502
FIRE:   56 12:03:34        8.083339        0.342886
FIRE:   57 12:03:34        8.020411        0.339722
FIRE:   58 12:03:34        7.953063        0.312654
FIRE:   59 12:03:34        7.906086        0.365309
FIRE:   60 12:03:34        7.878361        0.385112
FIRE:   61 12:03:34        7.868714        0.212573
FIRE:   62 12:03:34        7.866534        0.137745
FIRE:   63 12:03:34        7.864978        0.114759
FIRE:   64 12:03:34        7.864774        0.117559
FIRE:   65 12:03:35        7.864464        0.117177
FIRE:   66 12:03:35        7.863954        0.116424
FIRE:   67 12:03:35        7.863407        0.115335
FIRE:   68 12:03:35        7.862967        0.113979
FIRE:   69 12:03:35        7.862670        0.112499
FIRE:   70 12:03:35        7.862423        0.111094
FIRE:   71 12:03:35        7.862092        0.109895
FIRE:   72 12:03:35        7.861539        0.108848
FIRE:   73 12:03:35        7.860745        0.107920
FIRE:   74 12:03:35        7.859841        0.106891
FIRE:   75 12:03:35        7.859010        0.105257
FIRE:   76 12:03:35        7.858177        0.102463
FIRE:   77 12:03:35        7.857032        0.098315
FIRE:   78 12:03:35        7.855589        0.092790
FIRE:   79 12:03:35        7.854225        0.086083
FIRE:   80 12:03:35        7.852674        0.078828
FIRE:   81 12:03:35        7.850749        0.070657
FIRE:   82 12:03:35        7.848977        0.059894
FIRE:   83 12:03:35        7.846821        0.047914
FIRE:   84 12:03:35        7.844908        0.045252
FIRE:   85 12:03:35        7.842561        0.044481
FIRE:   86 12:03:35        7.840307        0.046664
FIRE:   87 12:03:35        7.838328        0.068187
FIRE:   88 12:03:35        7.836943        0.098990
FIRE:   89 12:03:35        7.835940        0.036167
FIRE:   90 12:03:36        7.836294        0.072429
FIRE:   91 12:03:36        7.836108        0.058695
FIRE:   92 12:03:36        7.835867        0.033762
FIRE:   93 12:03:36        7.835733        0.032132
FIRE:   94 12:03:36        7.835761        0.033435
FIRE:   95 12:03:36        7.835752        0.033294
FIRE:   96 12:03:36        7.835734        0.033019
FIRE:   97 12:03:36        7.835712        0.032621
FIRE:   98 12:03:36        7.835687        0.032114
FIRE:   99 12:03:36        7.835663        0.031520
FIRE:  100 12:03:36        7.835642        0.030866
FIRE:  101 12:03:36        7.835625        0.030184
FIRE:  102 12:03:36        7.835609        0.029449
FIRE:  103 12:03:36        7.835591        0.028706
FIRE:  104 12:03:36        7.835566        0.027999
FIRE:  105 12:03:36        7.835531        0.027363
FIRE:  106 12:03:36        7.835482        0.026813
FIRE:  107 12:03:36        7.835424        0.026321
FIRE:  108 12:03:36        7.835363        0.025772
FIRE:  109 12:03:36        7.835301        0.024927
FIRE:  110 12:03:36        7.835229        0.023534
FIRE:  111 12:03:36        7.835138        0.021453
FIRE:  112 12:03:36        7.835039        0.018749
FIRE:  113 12:03:36        7.834943        0.015904
FIRE:  114 12:03:37        7.834835        0.013480
FIRE:  115 12:03:37        7.834724        0.012214
FIRE:  116 12:03:37        7.834621        0.013383
FIRE:  117 12:03:37        7.834516        0.014828
FIRE:  118 12:03:37        7.834426        0.014923
FIRE:  119 12:03:37        7.834338        0.014377
FIRE:  120 12:03:37        7.834265        0.014233
FIRE:  121 12:03:37        7.834197        0.011060
FIRE:  122 12:03:37        7.834138        0.009981
