      Step     Time          Energy          fmax
FIRE:    0 13:12:00      562.610317      149.676316
FIRE:    1 13:12:00      498.963310       90.544229
FIRE:    2 13:12:00      459.757227       82.539440
FIRE:    3 13:12:00      438.732035       79.362726
FIRE:    4 13:12:00      428.612202       77.301729
FIRE:    5 13:12:00      420.821637       75.578972
FIRE:    6 13:12:00      407.762187       73.483578
FIRE:    7 13:12:00      387.174956       70.788931
FIRE:    8 13:12:00      362.188526       67.769780
FIRE:    9 13:12:00      337.464891       64.845962
FIRE:   10 13:12:00      315.891494       62.271679
FIRE:   11 13:12:01      298.205765       60.084054
FIRE:   12 13:12:01      283.452003       58.136457
FIRE:   13 13:12:01      269.799149       56.194623
FIRE:   14 13:12:01      255.706303       54.077027
FIRE:   15 13:12:01      240.740333       51.747568
FIRE:   16 13:12:01      225.511500       49.304724
FIRE:   17 13:12:01      210.938535       46.893455
FIRE:   18 13:12:01      197.582507       44.617405
FIRE:   19 13:12:01      185.449676       42.494333
FIRE:   20 13:12:01      174.183292       40.489446
FIRE:   21 13:12:01      163.387088       38.558959
FIRE:   22 13:12:01      152.847690       36.675466
FIRE:   23 13:12:01      142.574535       34.835756
FIRE:   24 13:12:01      132.709628       33.052173
FIRE:   25 13:12:01      123.401157       31.337763
FIRE:   26 13:12:01      114.714975       29.694994
FIRE:   27 13:12:01      106.615365       28.113313
FIRE:   28 13:12:01       99.006547       26.575214
FIRE:   29 13:12:01       91.796903       25.065521
FIRE:   30 13:12:01       84.942664       23.578531
FIRE:   31 13:12:01       78.450394       22.124678
FIRE:   32 13:12:01       72.347512       20.728836
FIRE:   33 13:12:01       66.648970       19.394412
FIRE:   34 13:12:02       61.349002       18.110708
FIRE:   35 13:12:02       56.423543       16.876986
FIRE:   36 13:12:02       51.840825       15.692955
FIRE:   37 13:12:02       47.573709       14.556245
FIRE:   38 13:12:02       43.605536       13.464767
FIRE:   39 13:12:02       39.928904       12.417657
FIRE:   40 13:12:02       36.540596       11.414805
FIRE:   41 13:12:02       33.436205       10.455980
FIRE:   42 13:12:02       30.606864        9.540201
FIRE:   43 13:12:02       28.038972        8.665659
FIRE:   44 13:12:02       25.716339        7.830147
FIRE:   45 13:12:02       23.623191        7.031692
FIRE:   46 13:12:02       21.746370        6.269057
FIRE:   47 13:12:02       20.075847        5.541851
FIRE:   48 13:12:02       18.603692        4.850268
FIRE:   49 13:12:02       17.322357        4.194585
FIRE:   50 13:12:02       16.223241        3.574695
FIRE:   51 13:12:02       15.296232        2.989846
FIRE:   52 13:12:02       14.530307        2.438723
FIRE:   53 13:12:02       13.914707        1.919781
FIRE:   54 13:12:02       13.439936        1.431641
FIRE:   55 13:12:02       13.098020        0.973325
FIRE:   56 13:12:02       12.881888        0.544200
FIRE:   57 13:12:02       12.783961        0.191700
FIRE:   58 13:12:02       12.793583        0.229692
FIRE:   59 13:12:03       12.780014        0.345132
FIRE:   60 13:12:03       12.767504        0.208799
FIRE:   61 13:12:03       12.763512        0.199314
FIRE:   62 13:12:03       12.760299        0.200409
FIRE:   63 13:12:03       12.759681        0.201817
FIRE:   64 13:12:03       12.759154        0.201850
FIRE:   65 13:12:03       12.758237        0.201922
FIRE:   66 13:12:03       12.757147        0.202045
FIRE:   67 13:12:03       12.756089        0.202237
FIRE:   68 13:12:03       12.755151        0.202525
FIRE:   69 13:12:03       12.754251        0.202927
FIRE:   70 13:12:03       12.753206        0.203448
FIRE:   71 13:12:03       12.751692        0.204162
FIRE:   72 13:12:03       12.749549        0.205110
FIRE:   73 13:12:03       12.746817        0.206344
FIRE:   74 13:12:03       12.743705        0.207914
FIRE:   75 13:12:03       12.740193        0.209845
FIRE:   76 13:12:03       12.735719        0.212132
FIRE:   77 13:12:03       12.729772        0.214820
FIRE:   78 13:12:03       12.722563        0.218105
FIRE:   79 13:12:03       12.713833        0.222352
FIRE:   80 13:12:03       12.702269        0.227912
FIRE:   81 13:12:03       12.687846        0.235072
FIRE:   82 13:12:03       12.669245        0.243848
FIRE:   83 13:12:03       12.645202        0.254730
FIRE:   84 13:12:03       12.613727        0.269244
FIRE:   85 13:12:03       12.572385        0.288535
FIRE:   86 13:12:04       12.516257        0.312886
FIRE:   87 13:12:04       12.450702        0.341603
FIRE:   88 13:12:04       12.379289        0.371211
FIRE:   89 13:12:04       12.301924        0.402600
FIRE:   90 13:12:04       12.218168        0.435940
FIRE:   91 13:12:04       12.127554        0.470269
FIRE:   92 13:12:04       12.029941        0.506216
FIRE:   93 13:12:04       11.924932        0.543843
FIRE:   94 13:12:04       11.812296        0.582452
FIRE:   95 13:12:04       11.691847        0.622048
FIRE:   96 13:12:04       11.563325        0.662899
FIRE:   97 13:12:04       11.426579        0.704759
FIRE:   98 13:12:04       11.281408        0.747230
FIRE:   99 13:12:04       11.127686        0.790108
FIRE:  100 13:12:04       10.965361        0.832969
FIRE:  101 13:12:04       10.794551        0.874629
FIRE:  102 13:12:04       10.615697        0.913333
FIRE:  103 13:12:04       10.429531        0.947559
FIRE:  104 13:12:04       10.237006        0.976646
FIRE:  105 13:12:04       10.039145        1.000562
FIRE:  106 13:12:04        9.836965        1.019217
FIRE:  107 13:12:04        9.631556        1.032067
FIRE:  108 13:12:04        9.424168        1.038145
FIRE:  109 13:12:04        9.216267        1.036289
FIRE:  110 13:12:04        9.009535        1.025608
FIRE:  111 13:12:04        8.805700        1.006965
FIRE:  112 13:12:05        8.606087        0.982365
FIRE:  113 13:12:05        8.412998        0.937426
FIRE:  114 13:12:05        8.231521        0.868199
FIRE:  115 13:12:05        8.065273        0.784985
FIRE:  116 13:12:05        7.917229        0.685203
FIRE:  117 13:12:05        7.791070        0.565475
FIRE:  118 13:12:05        7.691018        0.423598
FIRE:  119 13:12:05        7.621662        0.258164
FIRE:  120 13:12:05        7.587745        0.069372
FIRE:  121 13:12:05        7.593590        0.138158
FIRE:  122 13:12:05        7.589453        0.100205
FIRE:  123 13:12:05        7.585613        0.034493
FIRE:  124 13:12:05        7.588461        0.146145
FIRE:  125 13:12:05        7.585526        0.041777
FIRE:  126 13:12:05        7.585370        0.030500
FIRE:  127 13:12:05        7.585219        0.028882
FIRE:  128 13:12:05        7.585200        0.026598
FIRE:  129 13:12:05        7.585189        0.026515
FIRE:  130 13:12:05        7.585171        0.026346
FIRE:  131 13:12:05        7.585149        0.026084
FIRE:  132 13:12:05        7.585126        0.025717
FIRE:  133 13:12:06        7.585105        0.025227
FIRE:  134 13:12:06        7.585087        0.024599
FIRE:  135 13:12:06        7.585069        0.023832
FIRE:  136 13:12:06        7.585047        0.022834
FIRE:  137 13:12:06        7.585018        0.021573
FIRE:  138 13:12:06        7.584981        0.020008
FIRE:  139 13:12:06        7.584940        0.018092
FIRE:  140 13:12:06        7.584902        0.015769
FIRE:  141 13:12:06        7.584871        0.013035
FIRE:  142 13:12:06        7.584841        0.010006
FIRE:  143 13:12:06        7.584811        0.006756
