      Step     Time          Energy          fmax
FIRE:    0 12:30:18      172.582648       68.021727
FIRE:    1 12:30:18      136.938895       58.095393
FIRE:    2 12:30:18      110.565056       47.700981
FIRE:    3 12:30:18       91.078785       37.641010
FIRE:    4 12:30:18       76.379096       28.552172
FIRE:    5 12:30:18       64.944741       20.853840
FIRE:    6 12:30:18       56.068897       18.460899
FIRE:    7 12:30:19       49.576866       17.671575
FIRE:    8 12:30:19       45.151699       17.071786
FIRE:    9 12:30:19       41.910546       16.469741
FIRE:   10 12:30:19       38.976006       15.647607
FIRE:   11 12:30:19       36.190141       14.640866
FIRE:   12 12:30:19       33.782304       13.657786
FIRE:   13 12:30:19       31.525071       12.758050
FIRE:   14 12:30:19       29.040432       11.847030
FIRE:   15 12:30:19       26.512759       10.959640
FIRE:   16 12:30:19       24.329470       10.164733
FIRE:   17 12:30:19       22.429318        9.377122
FIRE:   18 12:30:19       20.710696        8.542928
FIRE:   19 12:30:19       19.369591        7.756367
FIRE:   20 12:30:19       18.366964        7.051060
FIRE:   21 12:30:19       17.393931        6.346092
FIRE:   22 12:30:19       16.330944        5.650467
FIRE:   23 12:30:19       15.177320        4.996247
FIRE:   24 12:30:19       13.921807        4.354470
FIRE:   25 12:30:19       12.672467        3.714992
FIRE:   26 12:30:19       11.620014        3.123131
FIRE:   27 12:30:19       10.825379        2.595750
FIRE:   28 12:30:19       10.222794        2.102694
FIRE:   29 12:30:20        9.783805        1.648136
FIRE:   30 12:30:20        9.469128        1.232027
FIRE:   31 12:30:20        9.217155        1.030402
FIRE:   32 12:30:20        9.033027        1.071384
FIRE:   33 12:30:20        8.933915        1.068606
FIRE:   34 12:30:20        8.927679        1.023445
FIRE:   35 12:30:20        8.713684        2.157223
FIRE:   36 12:30:20        9.199794        5.762900
FIRE:   37 12:30:20        8.536784        1.799217
FIRE:   38 12:30:20        8.486325        1.252266
FIRE:   39 12:30:20        8.432569        0.922174
FIRE:   40 12:30:20        8.412868        0.886014
FIRE:   41 12:30:20        8.409541        0.886184
FIRE:   42 12:30:20        8.403298        0.886406
FIRE:   43 12:30:20        8.394832        0.886447
FIRE:   44 12:30:20        8.384896        0.885968
FIRE:   45 12:30:20        8.374050        0.884560
FIRE:   46 12:30:20        8.362456        0.881801
FIRE:   47 12:30:20        8.349855        0.877345
FIRE:   48 12:30:20        8.334149        0.870192
FIRE:   49 12:30:20        8.314040        0.859518
FIRE:   50 12:30:20        8.288408        0.844457
FIRE:   51 12:30:21        8.256934        0.824192
FIRE:   52 12:30:21        8.220205        0.798236
FIRE:   53 12:30:21        8.178448        0.766993
FIRE:   54 12:30:21        8.129944        0.731947
FIRE:   55 12:30:21        8.072721        0.694337
FIRE:   56 12:30:21        8.008362        0.652898
FIRE:   57 12:30:21        7.938609        0.602485
FIRE:   58 12:30:21        7.860405        0.537603
FIRE:   59 12:30:21        7.776546        0.458191
FIRE:   60 12:30:21        7.688490        0.454610
FIRE:   61 12:30:21        7.599886        0.487801
FIRE:   62 12:30:21        7.518491        0.497425
FIRE:   63 12:30:21        7.453524        0.474519
FIRE:   64 12:30:21        7.403570        0.441049
FIRE:   65 12:30:21        7.360060        0.361168
FIRE:   66 12:30:21        7.316080        0.291590
FIRE:   67 12:30:21        7.272733        0.270455
FIRE:   68 12:30:21        7.228460        0.320659
FIRE:   69 12:30:21        7.186257        0.391539
FIRE:   70 12:30:21        7.145710        0.569724
FIRE:   71 12:30:21        7.110861        0.532616
FIRE:   72 12:30:21        7.096123        0.196598
FIRE:   73 12:30:22        7.094715        0.176493
FIRE:   74 12:30:22        7.092726        0.181473
FIRE:   75 12:30:22        7.090898        0.186469
FIRE:   76 12:30:22        7.089100        0.188298
FIRE:   77 12:30:22        7.086842        0.184935
FIRE:   78 12:30:22        7.084237        0.176711
FIRE:   79 12:30:22        7.081765        0.166033
FIRE:   80 12:30:22        7.079012        0.155371
FIRE:   81 12:30:22        7.075051        0.147846
FIRE:   82 12:30:22        7.069596        0.144726
FIRE:   83 12:30:22        7.062958        0.157623
FIRE:   84 12:30:22        7.053767        0.174286
FIRE:   85 12:30:22        7.041131        0.195619
FIRE:   86 12:30:22        7.023555        0.220197
FIRE:   87 12:30:22        6.998146        0.245135
FIRE:   88 12:30:22        6.961678        0.269781
FIRE:   89 12:30:22        6.910172        0.278672
FIRE:   90 12:30:22        6.845130        0.248379
FIRE:   91 12:30:22        6.787178        0.277165
FIRE:   92 12:30:22        6.777245        0.406488
FIRE:   93 12:30:22        6.764581        0.336175
FIRE:   94 12:30:22        6.748473        0.228896
FIRE:   95 12:30:23        6.734738        0.182856
FIRE:   96 12:30:23        6.725885        0.148250
FIRE:   97 12:30:23        6.723506        0.129086
FIRE:   98 12:30:23        6.722903        0.129459
FIRE:   99 12:30:23        6.721840        0.130393
FIRE:  100 12:30:23        6.720522        0.132205
FIRE:  101 12:30:23        6.719098        0.135200
FIRE:  102 12:30:23        6.717603        0.139495
FIRE:  103 12:30:23        6.716010        0.144932
FIRE:  104 12:30:23        6.714338        0.151120
FIRE:  105 12:30:23        6.712522        0.158151
FIRE:  106 12:30:23        6.710714        0.164869
FIRE:  107 12:30:23        6.708859        0.169068
FIRE:  108 12:30:23        6.706619        0.168501
FIRE:  109 12:30:23        6.703807        0.161992
FIRE:  110 12:30:23        6.700492        0.150215
FIRE:  111 12:30:23        6.696515        0.135544
FIRE:  112 12:30:23        6.692081        0.120240
FIRE:  113 12:30:23        6.687763        0.105143
FIRE:  114 12:30:23        6.683261        0.091806
FIRE:  115 12:30:23        6.678374        0.088082
FIRE:  116 12:30:24        6.672629        0.095151
FIRE:  117 12:30:24        6.666240        0.097938
FIRE:  118 12:30:24        6.658780        0.088143
FIRE:  119 12:30:24        6.649417        0.076914
FIRE:  120 12:30:24        6.639008        0.159818
FIRE:  121 12:30:24        6.631821        0.354529
FIRE:  122 12:30:24        6.624276        0.069958
FIRE:  123 12:30:24        6.628773        0.311788
FIRE:  124 12:30:24        6.626423        0.242004
FIRE:  125 12:30:24        6.623684        0.115668
FIRE:  126 12:30:24        6.622820        0.066948
FIRE:  127 12:30:24        6.622785        0.066919
FIRE:  128 12:30:24        6.622717        0.066868
FIRE:  129 12:30:24        6.622624        0.066811
FIRE:  130 12:30:24        6.622512        0.066767
FIRE:  131 12:30:24        6.622385        0.066764
FIRE:  132 12:30:24        6.622248        0.066826
FIRE:  133 12:30:24        6.622099        0.066976
FIRE:  134 12:30:24        6.621916        0.067261
FIRE:  135 12:30:24        6.621686        0.067724
FIRE:  136 12:30:24        6.621391        0.068404
FIRE:  137 12:30:25        6.621017        0.069328
FIRE:  138 12:30:25        6.620555        0.070492
FIRE:  139 12:30:25        6.620002        0.071829
FIRE:  140 12:30:25        6.619347        0.073162
FIRE:  141 12:30:25        6.618553        0.074223
FIRE:  142 12:30:25        6.617578        0.074783
FIRE:  143 12:30:25        6.616417        0.074841
FIRE:  144 12:30:25        6.615056        0.074732
FIRE:  145 12:30:25        6.613429        0.074896
FIRE:  146 12:30:25        6.611524        0.075400
FIRE:  147 12:30:25        6.609309        0.075540
FIRE:  148 12:30:25        6.606725        0.075005
FIRE:  149 12:30:25        6.603751        0.075212
FIRE:  150 12:30:25        6.600358        0.075846
FIRE:  151 12:30:25        6.596515        0.072727
FIRE:  152 12:30:25        6.592262        0.068752
FIRE:  153 12:30:25        6.587827        0.062251
FIRE:  154 12:30:25        6.584429        0.158347
FIRE:  155 12:30:25        6.587790        0.404481
FIRE:  156 12:30:25        6.579016        0.037057
FIRE:  157 12:30:25        6.586600        0.398675
FIRE:  158 12:30:26        6.582958        0.287391
FIRE:  159 12:30:26        6.579363        0.102423
FIRE:  160 12:30:26        6.579254        0.100969
FIRE:  161 12:30:26        6.579191        0.094844
FIRE:  162 12:30:26        6.579079        0.082956
FIRE:  163 12:30:26        6.578946        0.066017
FIRE:  164 12:30:26        6.578820        0.045074
FIRE:  165 12:30:26        6.578731        0.035484
FIRE:  166 12:30:26        6.578694        0.035896
FIRE:  167 12:30:26        6.578701        0.036296
FIRE:  168 12:30:26        6.578699        0.036288
FIRE:  169 12:30:26        6.578695        0.036274
FIRE:  170 12:30:26        6.578690        0.036252
FIRE:  171 12:30:26        6.578683        0.036223
FIRE:  172 12:30:26        6.578676        0.036189
FIRE:  173 12:30:26        6.578667        0.036149
FIRE:  174 12:30:26        6.578658        0.036106
FIRE:  175 12:30:26        6.578647        0.036054
FIRE:  176 12:30:26        6.578635        0.035993
FIRE:  177 12:30:26        6.578622        0.035925
FIRE:  178 12:30:26        6.578607        0.035852
FIRE:  179 12:30:26        6.578591        0.035776
FIRE:  180 12:30:27        6.578573        0.035701
FIRE:  181 12:30:27        6.578550        0.035633
FIRE:  182 12:30:27        6.578522        0.035574
FIRE:  183 12:30:27        6.578485        0.035524
FIRE:  184 12:30:27        6.578439        0.035482
FIRE:  185 12:30:27        6.578382        0.035436
FIRE:  186 12:30:27        6.578317        0.035357
FIRE:  187 12:30:27        6.578242        0.035196
FIRE:  188 12:30:27        6.578152        0.034884
FIRE:  189 12:30:27        6.578040        0.034358
FIRE:  190 12:30:27        6.577907        0.033579
FIRE:  191 12:30:27        6.577754        0.032558
FIRE:  192 12:30:27        6.577573        0.031363
FIRE:  193 12:30:27        6.577359        0.030031
FIRE:  194 12:30:27        6.577117        0.028490
FIRE:  195 12:30:27        6.576837        0.026605
FIRE:  196 12:30:27        6.576525        0.024478
FIRE:  197 12:30:27        6.576178        0.022460
FIRE:  198 12:30:27        6.575810        0.020326
FIRE:  199 12:30:27        6.575428        0.017333
FIRE:  200 12:30:27        6.575052        0.014029
FIRE:  201 12:30:27        6.574726        0.022285
FIRE:  202 12:30:27        6.574547        0.048804
FIRE:  203 12:30:28        6.574429        0.009067
