      Step     Time          Energy          fmax
BFGS:    0 11:19:36       18.153412       71.055505
BFGS:    1 11:19:36      -37.655636       17.602443
BFGS:    2 11:19:37      -50.838997       11.090634
BFGS:    3 11:19:37      -58.052074        5.751931
BFGS:    4 11:19:38      -61.726944        2.409360
BFGS:    5 11:19:39      -62.947895        1.195648
BFGS:    6 11:19:40      -63.508907        1.331973
BFGS:    7 11:19:40      -63.828007        1.564189
BFGS:    8 11:19:40      -64.100548        1.608238
BFGS:    9 11:19:40      -64.675934        1.340788
BFGS:   10 11:19:41      -65.280273        1.433278
BFGS:   11 11:19:41      -65.740555        1.812252
BFGS:   12 11:19:41      -66.242729        1.820023
BFGS:   13 11:19:41      -66.553413        1.358511
BFGS:   14 11:19:42      -66.817596        0.592889
BFGS:   15 11:19:42      -66.893372        0.712328
BFGS:   16 11:19:42      -66.924599        0.700975
BFGS:   17 11:19:42      -66.974709        0.664666
BFGS:   18 11:19:42      -67.118546        0.574306
BFGS:   19 11:19:43      -67.210037        0.592540
BFGS:   20 11:19:43      -67.307419        0.763464
BFGS:   21 11:19:43      -67.430992        0.781917
BFGS:   22 11:19:44      -67.522820        0.647996
BFGS:   23 11:19:44      -67.670967        0.631293
BFGS:   24 11:19:44      -67.910561        0.769099
BFGS:   25 11:19:44      -68.311226        0.855517
BFGS:   26 11:19:45      -68.716049        0.941749
BFGS:   27 11:19:45      -69.181007        0.968124
BFGS:   28 11:19:45      -69.921921        0.909475
BFGS:   29 11:19:45      -71.037354        0.932411
BFGS:   30 11:19:46      -72.363586        0.890685
BFGS:   31 11:19:46      -73.508186        0.743299
BFGS:   32 11:19:46      -74.280708        0.748130
BFGS:   33 11:19:47      -74.637642        1.385696
BFGS:   34 11:19:47      -74.894897        1.627639
BFGS:   35 11:19:47      -75.196434        1.485188
BFGS:   36 11:19:48      -75.458519        1.152209
BFGS:   37 11:19:48      -75.678741        0.690344
BFGS:   38 11:19:48      -75.887512        0.825637
BFGS:   39 11:19:49      -76.065819        0.973531
BFGS:   40 11:19:49      -76.215355        0.921433
BFGS:   41 11:19:49      -76.418091        0.790061
BFGS:   42 11:19:50      -76.681015        0.736051
BFGS:   43 11:19:50      -76.845703        0.528241
BFGS:   44 11:19:50      -76.934303        0.375917
BFGS:   45 11:19:51      -76.987793        0.447996
BFGS:   46 11:19:51      -77.035500        0.385678
BFGS:   47 11:19:51      -77.079147        0.292470
BFGS:   48 11:19:52      -77.108505        0.333707
BFGS:   49 11:19:52      -77.134964        0.389683
BFGS:   50 11:19:52      -77.175064        0.422451
BFGS:   51 11:19:53      -77.214684        0.405666
BFGS:   52 11:19:53      -77.267250        0.323538
BFGS:   53 11:19:53      -77.303856        0.248781
BFGS:   54 11:19:54      -77.310539        0.240546
BFGS:   55 11:19:54      -77.322052        0.219610
BFGS:   56 11:19:54      -77.341866        0.208283
BFGS:   57 11:19:55      -77.373398        0.162393
BFGS:   58 11:19:55      -77.398712        0.154096
BFGS:   59 11:19:55      -77.414368        0.123517
BFGS:   60 11:19:56      -77.420349        0.133323
BFGS:   61 11:19:56      -77.422920        0.126467
BFGS:   62 11:19:56      -77.428993        0.121344
BFGS:   63 11:19:57      -77.437614        0.129670
BFGS:   64 11:19:57      -77.451233        0.164437
BFGS:   65 11:19:57      -77.466537        0.199294
BFGS:   66 11:19:58      -77.480118        0.207078
BFGS:   67 11:19:58      -77.487282        0.183625
BFGS:   68 11:19:58      -77.490227        0.167390
BFGS:   69 11:19:58      -77.494560        0.150242
BFGS:   70 11:19:59      -77.500923        0.157400
BFGS:   71 11:19:59      -77.517029        0.150061
BFGS:   72 11:19:59      -77.538696        0.151945
BFGS:   73 11:20:00      -77.558884        0.190218
BFGS:   74 11:20:00      -77.565659        0.153440
BFGS:   75 11:20:00      -77.567825        0.153991
BFGS:   76 11:20:01      -77.569534        0.142061
BFGS:   77 11:20:01      -77.570702        0.134165
BFGS:   78 11:20:01      -77.571541        0.134217
BFGS:   79 11:20:02      -77.574097        0.150329
BFGS:   80 11:20:02      -77.577888        0.168046
BFGS:   81 11:20:02      -77.585876        0.201853
BFGS:   82 11:20:03      -77.594040        0.245426
BFGS:   83 11:20:03      -77.603569        0.272714
BFGS:   84 11:20:04      -77.620171        0.259325
BFGS:   85 11:20:04      -77.646126        0.264577
BFGS:   86 11:20:04      -77.680466        0.268800
BFGS:   87 11:20:05      -77.721321        0.272905
BFGS:   88 11:20:05      -77.761269        0.300519
BFGS:   89 11:20:06      -77.790825        0.340100
BFGS:   90 11:20:06      -77.871582        0.425500
BFGS:   91 11:20:06      -77.967964        0.513470
BFGS:   92 11:20:07      -78.057610        0.585796
BFGS:   93 11:20:07      -78.128769        0.626048
BFGS:   94 11:20:08      -78.177971        0.635853
BFGS:   95 11:20:08      -78.222229        0.610078
BFGS:   96 11:20:08      -78.262596        0.556347
BFGS:   97 11:20:09      -78.306282        0.490341
BFGS:   98 11:20:09      -78.357124        0.512223
BFGS:   99 11:20:10      -78.405960        0.534238
BFGS:  100 11:20:10      -78.455269        0.558412
BFGS:  101 11:20:11      -78.510300        0.562838
BFGS:  102 11:20:11      -78.579811        0.545851
BFGS:  103 11:20:11      -78.663376        0.453564
BFGS:  104 11:20:12      -78.716797        0.392369
BFGS:  105 11:20:12      -78.795029        0.389141
BFGS:  106 11:20:13      -78.965141        0.445335
BFGS:  107 11:20:13      -79.121559        0.462711
BFGS:  108 11:20:13      -79.247650        0.453783
BFGS:  109 11:20:14      -79.330124        0.412875
BFGS:  110 11:20:14      -79.398262        0.390196
BFGS:  111 11:20:15      -79.501320        0.522641
BFGS:  112 11:20:15      -79.570213        0.559696
BFGS:  113 11:20:16      -79.600601        0.491844
BFGS:  114 11:20:16      -79.616455        0.433079
BFGS:  115 11:20:17      -79.627586        0.392981
BFGS:  116 11:20:17      -79.645157        0.377620
BFGS:  117 11:20:17      -79.708694        0.376128
BFGS:  118 11:20:18      -79.797684        0.370001
BFGS:  119 11:20:18      -79.902008        0.456776
BFGS:  120 11:20:19      -80.020805        0.509965
BFGS:  121 11:20:19      -80.148407        0.530346
BFGS:  122 11:20:19      -80.280746        0.518946
BFGS:  123 11:20:20      -80.415009        0.472957
BFGS:  124 11:20:20      -80.547234        0.390056
BFGS:  125 11:20:21      -80.667130        0.275933
BFGS:  126 11:20:21      -80.734825        0.210826
BFGS:  127 11:20:22      -80.754158        0.198343
BFGS:  128 11:20:22      -80.775223        0.184331
BFGS:  129 11:20:23      -80.782806        0.151353
BFGS:  130 11:20:23      -80.788551        0.130690
BFGS:  131 11:20:23      -80.792656        0.125871
BFGS:  132 11:20:24      -80.795784        0.152055
BFGS:  133 11:20:24      -80.798309        0.168489
BFGS:  134 11:20:25      -80.803757        0.192493
BFGS:  135 11:20:25      -80.810760        0.204033
BFGS:  136 11:20:26      -80.821419        0.195682
BFGS:  137 11:20:26      -80.834061        0.163380
BFGS:  138 11:20:26      -80.847481        0.120458
BFGS:  139 11:20:27      -80.860138        0.104598
BFGS:  140 11:20:27      -80.868477        0.064104
BFGS:  141 11:20:28      -80.870979        0.035956
BFGS:  142 11:20:28      -80.871727        0.033476
BFGS:  143 11:20:28      -80.872009        0.037302
BFGS:  144 11:20:29      -80.872047        0.040305
BFGS:  145 11:20:29      -80.872055        0.041514
BFGS:  146 11:20:30      -80.872070        0.043553
BFGS:  147 11:20:30      -80.872108        0.046074
BFGS:  148 11:20:31      -80.872231        0.051312
BFGS:  149 11:20:31      -80.872574        0.060694
BFGS:  150 11:20:31      -80.873413        0.079447
BFGS:  151 11:20:32      -80.875305        0.110550
BFGS:  152 11:20:32      -80.878227        0.136986
BFGS:  153 11:20:33      -80.882500        0.159665
BFGS:  154 11:20:33      -80.888100        0.179439
BFGS:  155 11:20:34      -80.895004        0.196672
BFGS:  156 11:20:34      -80.903221        0.211548
BFGS:  157 11:20:35      -80.912659        0.224166
BFGS:  158 11:20:35      -80.923271        0.234577
BFGS:  159 11:20:36      -80.934975        0.242790
BFGS:  160 11:20:36      -80.947754        0.248836
BFGS:  161 11:20:36      -80.961502        0.252805
BFGS:  162 11:20:37      -80.976227        0.254807
BFGS:  163 11:20:37      -80.991798        0.254959
BFGS:  164 11:20:38      -81.008171        0.253384
BFGS:  165 11:20:38      -81.025269        0.250325
BFGS:  166 11:20:39      -81.042992        0.246084
BFGS:  167 11:20:39      -81.061195        0.241151
BFGS:  168 11:20:40      -81.079788        0.236028
BFGS:  169 11:20:40      -81.098587        0.231218
BFGS:  170 11:20:41      -81.117455        0.226873
BFGS:  171 11:20:41      -81.136307        0.222869
BFGS:  172 11:20:41      -81.155144        0.218593
BFGS:  173 11:20:42      -81.173981        0.213537
BFGS:  174 11:20:42      -81.192825        0.207276
BFGS:  175 11:20:43      -81.211708        0.199747
BFGS:  176 11:20:43      -81.230202        0.191096
BFGS:  177 11:20:44      -81.248154        0.181596
BFGS:  178 11:20:44      -81.265556        0.171247
BFGS:  179 11:20:44      -81.282394        0.160169
BFGS:  180 11:20:45      -81.298691        0.148279
BFGS:  181 11:20:45      -81.314362        0.135635
BFGS:  182 11:20:45      -81.329277        0.122103
BFGS:  183 11:20:46      -81.343323        0.110539
BFGS:  184 11:20:47      -81.356232        0.098939
BFGS:  185 11:20:47      -81.367661        0.085949
BFGS:  186 11:20:47      -81.377151        0.066290
BFGS:  187 11:20:48      -81.384239        0.048033
BFGS:  188 11:20:48      -81.388206        0.023456
BFGS:  189 11:20:49      -81.388741        0.012859
BFGS:  190 11:20:49      -81.389061        0.010142
BFGS:  191 11:20:49      -81.389168        0.011345
BFGS:  192 11:20:50      -81.389320        0.009630
