      Step     Time          Energy          fmax
FIRE:    0 13:04:14      160.031102       64.076200
FIRE:    1 13:04:14      127.147139       49.180385
FIRE:    2 13:04:14      102.066196       37.859610
FIRE:    3 13:04:14       83.059194       29.250090
FIRE:    4 13:04:14       68.674530       22.692357
FIRE:    5 13:04:14       57.650558       17.702455
FIRE:    6 13:04:14       48.914507       15.855682
FIRE:    7 13:04:14       41.670510       14.249452
FIRE:    8 13:04:14       35.456419       12.518819
FIRE:    9 13:04:14       30.133413       10.723381
FIRE:   10 13:04:14       25.719154        8.972967
FIRE:   11 13:04:14       22.204423        7.375899
FIRE:   12 13:04:14       19.469328        5.988189
FIRE:   13 13:04:14       17.292430        5.204035
FIRE:   14 13:04:14       15.424117        5.803437
FIRE:   15 13:04:14       13.671063        6.024643
FIRE:   16 13:04:14       11.940565        5.760165
FIRE:   17 13:04:14       10.239096        5.078068
FIRE:   18 13:04:14        8.637355        4.125198
FIRE:   19 13:04:14        7.217602        3.062993
FIRE:   20 13:04:14        6.036222        2.140383
FIRE:   21 13:04:14        5.107070        1.983050
FIRE:   22 13:04:14        4.404000        1.806316
FIRE:   23 13:04:15        3.870752        2.216894
FIRE:   24 13:04:15        3.438436        2.524812
FIRE:   25 13:04:15        3.054147        2.635190
FIRE:   26 13:04:15        2.699952        2.466208
FIRE:   27 13:04:15        2.398257        1.999516
FIRE:   28 13:04:15        2.196716        1.311405
FIRE:   29 13:04:15        2.135245        0.601343
FIRE:   30 13:04:15        1.805027        0.608420
FIRE:   31 13:04:15        1.550979        0.554977
FIRE:   32 13:04:15        1.358817        0.465618
FIRE:   33 13:04:15        1.231776        0.347693
FIRE:   34 13:04:15        1.172647        0.264453
FIRE:   35 13:04:15        1.176903        0.414380
FIRE:   36 13:04:15        1.158179        0.390817
FIRE:   37 13:04:15        1.129232        0.347681
FIRE:   38 13:04:15        1.100990        0.291595
FIRE:   39 13:04:15        1.079778        0.230381
FIRE:   40 13:04:15        1.064167        0.172314
FIRE:   41 13:04:15        1.048397        0.169388
FIRE:   42 13:04:15        1.028749        0.169901
FIRE:   43 13:04:15        1.003644        0.155106
FIRE:   44 13:04:15        0.978333        0.119503
FIRE:   45 13:04:15        0.958627        0.092851
FIRE:   46 13:04:15        0.940691        0.118430
FIRE:   47 13:04:15        0.921630        0.128197
FIRE:   48 13:04:15        0.910036        0.103531
FIRE:   49 13:04:15        0.900700        0.057337
FIRE:   50 13:04:15        0.894366        0.097064
FIRE:   51 13:04:15        0.892143        0.055286
FIRE:   52 13:04:15        0.891197        0.068001
FIRE:   53 13:04:15        0.890819        0.052245
FIRE:   54 13:04:15        0.890365        0.035560
FIRE:   55 13:04:15        0.890139        0.033368
FIRE:   56 13:04:15        0.890105        0.041120
FIRE:   57 13:04:15        0.890065        0.039036
FIRE:   58 13:04:15        0.889993        0.035019
FIRE:   59 13:04:16        0.889902        0.029787
FIRE:   60 13:04:16        0.889807        0.029337
FIRE:   61 13:04:16        0.889722        0.028749
FIRE:   62 13:04:16        0.889651        0.028012
FIRE:   63 13:04:16        0.889593        0.027133
FIRE:   64 13:04:16        0.889531        0.026033
FIRE:   65 13:04:16        0.889449        0.027036
FIRE:   66 13:04:16        0.889330        0.026997
FIRE:   67 13:04:16        0.889171        0.022939
FIRE:   68 13:04:16        0.888988        0.021927
FIRE:   69 13:04:16        0.888809        0.023968
FIRE:   70 13:04:16        0.888635        0.026162
FIRE:   71 13:04:16        0.888423        0.028385
FIRE:   72 13:04:16        0.888146        0.030479
FIRE:   73 13:04:16        0.887852        0.032208
FIRE:   74 13:04:16        0.887547        0.033247
FIRE:   75 13:04:16        0.887149        0.033380
FIRE:   76 13:04:16        0.886719        0.032329
FIRE:   77 13:04:16        0.886243        0.030020
FIRE:   78 13:04:16        0.885694        0.026687
FIRE:   79 13:04:16        0.885095        0.022905
FIRE:   80 13:04:16        0.884428        0.019795
FIRE:   81 13:04:16        0.883602        0.018645
FIRE:   82 13:04:16        0.882608        0.019881
FIRE:   83 13:04:16        0.881387        0.024058
FIRE:   84 13:04:16        0.880039        0.029290
FIRE:   85 13:04:16        0.879838        0.105190
FIRE:   86 13:04:16        0.878120        0.029683
FIRE:   87 13:04:16        0.878091        0.029523
FIRE:   88 13:04:16        0.878050        0.029206
FIRE:   89 13:04:16        0.878010        0.028738
FIRE:   90 13:04:16        0.877967        0.028137
FIRE:   91 13:04:16        0.877905        0.027435
FIRE:   92 13:04:16        0.877822        0.026669
FIRE:   93 13:04:16        0.877730        0.025876
FIRE:   94 13:04:16        0.877626        0.025012
FIRE:   95 13:04:17        0.877499        0.024134
FIRE:   96 13:04:17        0.877328        0.023314
FIRE:   97 13:04:17        0.877122        0.022662
FIRE:   98 13:04:17        0.876873        0.022300
FIRE:   99 13:04:17        0.876551        0.022334
FIRE:  100 13:04:17        0.876169        0.022915
FIRE:  101 13:04:17        0.875683        0.024016
FIRE:  102 13:04:17        0.875098        0.025505
FIRE:  103 13:04:17        0.874375        0.027003
FIRE:  104 13:04:17        0.873477        0.028051
FIRE:  105 13:04:17        0.872371        0.028267
FIRE:  106 13:04:17        0.871092        0.028961
FIRE:  107 13:04:17        0.870404        0.087259
FIRE:  108 13:04:17        0.869206        0.027389
FIRE:  109 13:04:17        0.869190        0.027430
FIRE:  110 13:04:17        0.869160        0.027513
FIRE:  111 13:04:17        0.869118        0.027633
FIRE:  112 13:04:17        0.869064        0.027789
FIRE:  113 13:04:17        0.868994        0.027973
FIRE:  114 13:04:17        0.868910        0.028179
FIRE:  115 13:04:17        0.868811        0.028402
FIRE:  116 13:04:17        0.868686        0.028662
FIRE:  117 13:04:17        0.868528        0.028957
FIRE:  118 13:04:17        0.868328        0.029279
FIRE:  119 13:04:17        0.868075        0.029618
FIRE:  120 13:04:18        0.867760        0.029955
FIRE:  121 13:04:18        0.867362        0.030275
FIRE:  122 13:04:18        0.866864        0.030571
FIRE:  123 13:04:18        0.866237        0.030862
FIRE:  124 13:04:18        0.865449        0.031197
FIRE:  125 13:04:18        0.864453        0.031679
FIRE:  126 13:04:18        0.863185        0.032479
FIRE:  127 13:04:18        0.861560        0.033796
FIRE:  128 13:04:18        0.859453        0.035819
FIRE:  129 13:04:18        0.856763        0.038670
FIRE:  130 13:04:18        0.854797        0.109890
FIRE:  131 13:04:18        0.853009        0.042263
FIRE:  132 13:04:18        0.852930        0.042269
FIRE:  133 13:04:18        0.852823        0.042297
FIRE:  134 13:04:18        0.852731        0.042361
FIRE:  135 13:04:18        0.852626        0.042456
FIRE:  136 13:04:18        0.852462        0.042569
FIRE:  137 13:04:18        0.852238        0.042702
FIRE:  138 13:04:18        0.851993        0.042868
FIRE:  139 13:04:18        0.851718        0.043101
FIRE:  140 13:04:18        0.851355        0.043401
FIRE:  141 13:04:18        0.850861        0.043783
FIRE:  142 13:04:18        0.850274        0.044302
FIRE:  143 13:04:18        0.849525        0.044989
FIRE:  144 13:04:18        0.848554        0.045883
FIRE:  145 13:04:18        0.847349        0.047058
FIRE:  146 13:04:18        0.845779        0.048543
FIRE:  147 13:04:18        0.843764        0.050434
FIRE:  148 13:04:18        0.841172        0.052800
FIRE:  149 13:04:18        0.837810        0.055641
FIRE:  150 13:04:18        0.833577        0.058991
FIRE:  151 13:04:19        0.829304        0.115676
FIRE:  152 13:04:19        0.835732        0.340745
FIRE:  153 13:04:19        0.820258        0.065901
FIRE:  154 13:04:19        0.819883        0.065927
FIRE:  155 13:04:19        0.819458        0.066055
FIRE:  156 13:04:19        0.819252        0.066360
FIRE:  157 13:04:19        0.819120        0.066790
FIRE:  158 13:04:19        0.818755        0.067244
FIRE:  159 13:04:19        0.818120        0.067695
FIRE:  160 13:04:19        0.817446        0.068196
FIRE:  161 13:04:19        0.816838        0.068856
FIRE:  162 13:04:19        0.816075        0.069623
FIRE:  163 13:04:19        0.814859        0.070422
FIRE:  164 13:04:19        0.813466        0.071333
FIRE:  165 13:04:19        0.811863        0.072359
FIRE:  166 13:04:19        0.809565        0.073366
FIRE:  167 13:04:19        0.806974        0.074504
FIRE:  168 13:04:19        0.803398        0.075625
FIRE:  169 13:04:19        0.799172        0.077009
FIRE:  170 13:04:19        0.793628        0.078729
FIRE:  171 13:04:19        0.786499        0.081419
FIRE:  172 13:04:19        0.777340        0.086530
FIRE:  173 13:04:19        0.765708        0.096608
FIRE:  174 13:04:19        0.757545        0.270429
FIRE:  175 13:04:19        0.747633        0.112718
FIRE:  176 13:04:19        0.747327        0.112776
FIRE:  177 13:04:19        0.746842        0.112937
FIRE:  178 13:04:19        0.746283        0.113247
FIRE:  179 13:04:19        0.745600        0.113697
FIRE:  180 13:04:19        0.744667        0.114246
FIRE:  181 13:04:19        0.743458        0.114895
FIRE:  182 13:04:19        0.742066        0.115695
FIRE:  183 13:04:19        0.740373        0.116801
FIRE:  184 13:04:19        0.738188        0.118262
FIRE:  185 13:04:19        0.735282        0.120139
FIRE:  186 13:04:19        0.731628        0.122607
FIRE:  187 13:04:20        0.726943        0.125765
FIRE:  188 13:04:20        0.720789        0.129642
FIRE:  189 13:04:20        0.712904        0.134324
FIRE:  190 13:04:20        0.702486        0.139608
FIRE:  191 13:04:20        0.688877        0.145408
FIRE:  192 13:04:20        0.670954        0.151769
FIRE:  193 13:04:20        0.647227        0.159468
FIRE:  194 13:04:20        0.616026        0.169455
FIRE:  195 13:04:20        0.579327        0.230015
FIRE:  196 13:04:20        0.568760        0.588295
FIRE:  197 13:04:20        0.527656        0.184004
FIRE:  198 13:04:20        0.526237        0.183914
FIRE:  199 13:04:20        0.524372        0.184048
FIRE:  200 13:04:20        0.522834        0.184674
FIRE:  201 13:04:20        0.521197        0.185627
FIRE:  202 13:04:20        0.518555        0.186556
FIRE:  203 13:04:20        0.514835        0.187398
FIRE:  204 13:04:20        0.510783        0.188392
FIRE:  205 13:04:20        0.506360        0.189824
FIRE:  206 13:04:20        0.500628        0.191425
FIRE:  207 13:04:20        0.492732        0.192946
FIRE:  208 13:04:20        0.483497        0.194751
FIRE:  209 13:04:20        0.472021        0.196549
FIRE:  210 13:04:20        0.457194        0.197914
FIRE:  211 13:04:20        0.439511        0.199019
FIRE:  212 13:04:20        0.417014        0.199002
FIRE:  213 13:04:20        0.389597        0.197701
FIRE:  214 13:04:20        0.356732        0.194611
FIRE:  215 13:04:20        0.318380        0.188902
FIRE:  216 13:04:20        0.278437        0.253418
FIRE:  217 13:04:20        0.253955        0.472038
FIRE:  218 13:04:20        0.227188        0.163213
FIRE:  219 13:04:20        0.244759        0.423967
FIRE:  220 13:04:20        0.235474        0.318306
FIRE:  221 13:04:20        0.225288        0.162291
FIRE:  222 13:04:21        0.223001        0.161415
FIRE:  223 13:04:21        0.222836        0.161366
FIRE:  224 13:04:21        0.222527        0.161278
FIRE:  225 13:04:21        0.222115        0.161165
FIRE:  226 13:04:21        0.221643        0.161044
FIRE:  227 13:04:21        0.221150        0.160929
FIRE:  228 13:04:21        0.220654        0.160829
FIRE:  229 13:04:21        0.220146        0.160738
FIRE:  230 13:04:21        0.219536        0.160633
FIRE:  231 13:04:21        0.218751        0.160488
FIRE:  232 13:04:21        0.217705        0.160272
FIRE:  233 13:04:21        0.216336        0.159962
FIRE:  234 13:04:21        0.214635        0.159556
FIRE:  235 13:04:21        0.212630        0.159062
FIRE:  236 13:04:21        0.210280        0.158458
FIRE:  237 13:04:21        0.207385        0.157646
FIRE:  238 13:04:21        0.203746        0.156522
FIRE:  239 13:04:21        0.199390        0.155047
FIRE:  240 13:04:21        0.194283        0.153132
FIRE:  241 13:04:21        0.188048        0.150524
FIRE:  242 13:04:21        0.180690        0.147060
FIRE:  243 13:04:21        0.172111        0.142470
FIRE:  244 13:04:21        0.162086        0.136358
FIRE:  245 13:04:21        0.150735        0.128319
FIRE:  246 13:04:21        0.138229        0.117820
FIRE:  247 13:04:21        0.124909        0.104252
FIRE:  248 13:04:21        0.111771        0.086981
FIRE:  249 13:04:21        0.101057        0.112745
FIRE:  250 13:04:21        0.098621        0.262383
FIRE:  251 13:04:21        0.091056        0.038842
FIRE:  252 13:04:21        0.096208        0.220874
FIRE:  253 13:04:21        0.094098        0.172923
FIRE:  254 13:04:21        0.091601        0.087536
FIRE:  255 13:04:21        0.090740        0.037156
FIRE:  256 13:04:22        0.090734        0.037137
FIRE:  257 13:04:22        0.090722        0.037099
FIRE:  258 13:04:22        0.090706        0.037041
FIRE:  259 13:04:22        0.090687        0.036966
FIRE:  260 13:04:22        0.090667        0.036872
FIRE:  261 13:04:22        0.090646        0.036760
FIRE:  262 13:04:22        0.090624        0.036630
FIRE:  263 13:04:22        0.090599        0.036464
FIRE:  264 13:04:22        0.090568        0.036257
FIRE:  265 13:04:22        0.090528        0.036001
FIRE:  266 13:04:22        0.090475        0.035685
FIRE:  267 13:04:22        0.090409        0.035299
FIRE:  268 13:04:22        0.090331        0.034827
FIRE:  269 13:04:22        0.090240        0.034251
FIRE:  270 13:04:22        0.090133        0.033553
FIRE:  271 13:04:22        0.090003        0.032712
FIRE:  272 13:04:22        0.089846        0.031706
FIRE:  273 13:04:22        0.089666        0.030507
FIRE:  274 13:04:22        0.089459        0.029089
FIRE:  275 13:04:22        0.089216        0.027427
FIRE:  276 13:04:22        0.088946        0.025492
FIRE:  277 13:04:22        0.088642        0.023263
FIRE:  278 13:04:22        0.088318        0.020711
FIRE:  279 13:04:22        0.087977        0.017826
FIRE:  280 13:04:22        0.087646        0.014553
FIRE:  281 13:04:22        0.087364        0.010856
FIRE:  282 13:04:22        0.087187        0.020910
FIRE:  283 13:04:22        0.087152        0.032230
FIRE:  284 13:04:22        0.087044        0.008528
