      Step     Time          Energy          fmax
FIRE:    0 14:00:50      173.597168      109.616695
FIRE:    1 14:00:50      119.432261       65.822555
FIRE:    2 14:00:50       85.851557       40.659955
FIRE:    3 14:00:50       67.075859       32.092715
FIRE:    4 14:00:50       59.360274       23.777348
FIRE:    5 14:00:50       59.385090       25.503253
FIRE:    6 14:00:50       49.618088       19.377812
FIRE:    7 14:00:50       48.000691       19.129972
FIRE:    8 14:00:50       46.873086       18.751657
FIRE:    9 14:00:50       45.252201       18.180495
FIRE:   10 14:00:50       43.868207       17.639614
FIRE:   11 14:00:50       42.927311       17.210611
FIRE:   12 14:00:50       42.003796       16.791545
FIRE:   13 14:00:50       40.625406       16.254816
FIRE:   14 14:00:50       38.763982       15.593003
FIRE:   15 14:00:50       36.585572       14.841306
FIRE:   16 14:00:50       34.594315       14.136483
FIRE:   17 14:00:50       32.716370       13.413562
FIRE:   18 14:00:50       30.268344       12.411169
FIRE:   19 14:00:50       27.527505       11.237568
FIRE:   20 14:00:50       25.242763       10.199900
FIRE:   21 14:00:51       23.286848        9.307860
FIRE:   22 14:00:51       21.293337        8.444442
FIRE:   23 14:00:51       19.365218        7.631962
FIRE:   24 14:00:51       17.743887        6.911304
FIRE:   25 14:00:51       16.371377        6.220952
FIRE:   26 14:00:51       15.104296        5.488040
FIRE:   27 14:00:51       13.984300        4.743094
FIRE:   28 14:00:51       13.088343        4.053730
FIRE:   29 14:00:51       12.352778        3.428222
FIRE:   30 14:00:51       11.700631        2.849625
FIRE:   31 14:00:51       11.139775        2.328987
FIRE:   32 14:00:51       10.681800        1.868512
FIRE:   33 14:00:51       10.291291        1.438165
FIRE:   34 14:00:51        9.949595        1.025838
FIRE:   35 14:00:51        9.677874        0.951647
FIRE:   36 14:00:51        9.492517        0.970631
FIRE:   37 14:00:51        9.381556        0.972300
FIRE:   38 14:00:51        9.310816        1.059582
FIRE:   39 14:00:51        9.217120        1.336644
FIRE:   40 14:00:51        9.039472        1.288034
FIRE:   41 14:00:51        8.786069        1.046737
FIRE:   42 14:00:51        8.520928        1.088520
FIRE:   43 14:00:51        8.285224        1.101793
FIRE:   44 14:00:51        8.070688        1.085104
FIRE:   45 14:00:51        7.852273        1.042928
FIRE:   46 14:00:51        7.618034        0.980950
FIRE:   47 14:00:51        7.374060        0.898006
FIRE:   48 14:00:52        7.134558        0.786651
FIRE:   49 14:00:52        6.915768        0.646680
FIRE:   50 14:00:52        6.735330        0.487894
FIRE:   51 14:00:52        6.610971        0.318396
FIRE:   52 14:00:52        6.551979        0.360965
FIRE:   53 14:00:52        6.530965        0.644559
FIRE:   54 14:00:52        6.414359        0.455836
FIRE:   55 14:00:52        6.372465        0.594202
FIRE:   56 14:00:52        6.347409        0.501458
FIRE:   57 14:00:52        6.335433        0.392987
FIRE:   58 14:00:52        6.332238        0.400434
FIRE:   59 14:00:52        6.326844        0.414295
FIRE:   60 14:00:52        6.320620        0.432136
FIRE:   61 14:00:52        6.314358        0.449677
FIRE:   62 14:00:52        6.307667        0.461442
FIRE:   63 14:00:52        6.299452        0.463158
FIRE:   64 14:00:52        6.289079        0.453361
FIRE:   65 14:00:52        6.275605        0.430981
FIRE:   66 14:00:52        6.259896        0.399465
FIRE:   67 14:00:52        6.242283        0.368804
FIRE:   68 14:00:52        6.220785        0.351745
FIRE:   69 14:00:52        6.193418        0.356410
FIRE:   70 14:00:52        6.161444        0.379221
FIRE:   71 14:00:52        6.124253        0.393327
FIRE:   72 14:00:53        6.077633        0.374367
FIRE:   73 14:00:53        6.022937        0.346536
FIRE:   74 14:00:53        5.954995        0.365978
FIRE:   75 14:00:53        5.873894        0.414827
FIRE:   76 14:00:53        5.774747        0.386948
FIRE:   77 14:00:53        5.676326        0.387783
FIRE:   78 14:00:53        5.583559        0.424538
FIRE:   79 14:00:53        5.494352        0.380067
FIRE:   80 14:00:53        5.409034        0.365571
FIRE:   81 14:00:53        5.328470        0.341737
FIRE:   82 14:00:53        5.254115        0.273414
FIRE:   83 14:00:53        5.185669        0.263139
FIRE:   84 14:00:53        5.121510        0.225505
FIRE:   85 14:00:53        5.061948        0.200127
FIRE:   86 14:00:53        5.008125        0.188135
FIRE:   87 14:00:53        4.958956        0.149124
FIRE:   88 14:00:53        4.913699        0.152589
FIRE:   89 14:00:53        4.873100        0.127083
FIRE:   90 14:00:53        4.836364        0.146387
FIRE:   91 14:00:53        4.801981        0.139638
FIRE:   92 14:00:53        4.770837        0.204722
FIRE:   93 14:00:53        4.740234        0.245957
FIRE:   94 14:00:53        4.710525        0.294179
FIRE:   95 14:00:53        5.333118        2.398790
FIRE:   96 14:00:53        4.714688        0.425318
FIRE:   97 14:00:54        4.697318        0.209833
FIRE:   98 14:00:54        4.694135        0.175320
FIRE:   99 14:00:54        4.692881        0.151641
FIRE:  100 14:00:54        4.691075        0.123802
FIRE:  101 14:00:54        4.689668        0.128012
FIRE:  102 14:00:54        4.689183        0.132845
FIRE:  103 14:00:54        4.689131        0.132794
FIRE:  104 14:00:54        4.689031        0.132698
FIRE:  105 14:00:54        4.688888        0.132564
FIRE:  106 14:00:54        4.688709        0.132405
FIRE:  107 14:00:54        4.688501        0.132240
FIRE:  108 14:00:54        4.688269        0.132088
FIRE:  109 14:00:54        4.688017        0.131970
FIRE:  110 14:00:54        4.687713        0.131903
FIRE:  111 14:00:54        4.687343        0.131929
FIRE:  112 14:00:54        4.686882        0.132095
FIRE:  113 14:00:54        4.686298        0.132453
FIRE:  114 14:00:54        4.685554        0.133046
FIRE:  115 14:00:54        4.684616        0.133897
FIRE:  116 14:00:54        4.683461        0.134986
FIRE:  117 14:00:54        4.682058        0.136215
FIRE:  118 14:00:54        4.680344        0.137401
FIRE:  119 14:00:54        4.678212        0.138345
FIRE:  120 14:00:54        4.675555        0.139000
FIRE:  121 14:00:54        4.672302        0.139662
FIRE:  122 14:00:54        4.668311        0.140973
FIRE:  123 14:00:54        4.663333        0.143464
FIRE:  124 14:00:55        4.657184        0.146872
FIRE:  125 14:00:55        4.649539        0.149909
FIRE:  126 14:00:55        4.639973        0.152086
FIRE:  127 14:00:55        4.627954        0.155456
FIRE:  128 14:00:55        4.612730        0.160974
FIRE:  129 14:00:55        4.593207        0.165684
FIRE:  130 14:00:55        4.567862        0.173929
FIRE:  131 14:00:55        4.534405        0.181969
FIRE:  132 14:00:55        4.489675        0.197458
FIRE:  133 14:00:55        4.438283        0.246611
FIRE:  134 14:00:55        4.445290        0.832376
FIRE:  135 14:00:55        4.389948        0.427781
FIRE:  136 14:00:55        4.375959        0.261997
FIRE:  137 14:00:55        4.366043        0.224563
FIRE:  138 14:00:55        4.369700        0.252508
FIRE:  139 14:00:55        4.368297        0.237981
FIRE:  140 14:00:55        4.365943        0.235841
FIRE:  141 14:00:55        4.363361        0.233174
FIRE:  142 14:00:55        4.361262        0.230493
FIRE:  143 14:00:55        4.360005        0.228328
FIRE:  144 14:00:55        4.359348        0.227072
FIRE:  145 14:00:55        4.358653        0.226737
FIRE:  146 14:00:55        4.357174        0.227276
FIRE:  147 14:00:55        4.354421        0.228797
FIRE:  148 14:00:55        4.350454        0.231529
FIRE:  149 14:00:55        4.346033        0.235724
FIRE:  150 14:00:56        4.341875        0.241032
FIRE:  151 14:00:56        4.337099        0.245765
FIRE:  152 14:00:56        4.329877        0.248220
FIRE:  153 14:00:56        4.320386        0.248426
FIRE:  154 14:00:56        4.310289        0.249231
FIRE:  155 14:00:56        4.297255        0.253831
FIRE:  156 14:00:56        4.279820        0.263213
FIRE:  157 14:00:56        4.259858        0.273639
FIRE:  158 14:00:56        4.232706        0.277451
FIRE:  159 14:00:56        4.200324        0.282249
FIRE:  160 14:00:56        4.157260        0.296352
FIRE:  161 14:00:56        4.102506        0.306717
FIRE:  162 14:00:56        4.032681        0.316342
FIRE:  163 14:00:56        3.949485        0.338107
FIRE:  164 14:00:56        3.886878        0.599012
FIRE:  165 14:00:56        3.843855        0.331519
FIRE:  166 14:00:56        3.842808        0.331611
FIRE:  167 14:00:56        3.840769        0.331843
FIRE:  168 14:00:56        3.837787        0.332274
FIRE:  169 14:00:56        3.833849        0.332931
FIRE:  170 14:00:56        3.828901        0.333784
FIRE:  171 14:00:56        3.822912        0.334759
FIRE:  172 14:00:56        3.815911        0.335762
FIRE:  173 14:00:56        3.807023        0.336787
FIRE:  174 14:00:56        3.795767        0.337694
FIRE:  175 14:00:56        3.781520        0.338449
FIRE:  176 14:00:56        3.763631        0.339364
FIRE:  177 14:00:57        3.741256        0.340986
FIRE:  178 14:00:57        3.713255        0.343432
FIRE:  179 14:00:57        3.678433        0.345740
FIRE:  180 14:00:57        3.635119        0.346387
FIRE:  181 14:00:57        3.581553        0.345862
FIRE:  182 14:00:57        3.515583        0.345223
FIRE:  183 14:00:57        3.435047        0.341349
FIRE:  184 14:00:57        3.338329        0.333052
FIRE:  185 14:00:57        3.245749        0.320042
FIRE:  186 14:00:57        3.167246        0.355683
FIRE:  187 14:00:57        3.107440        0.586336
FIRE:  188 14:00:57        3.071440        0.281621
FIRE:  189 14:00:57        3.069008        0.280647
FIRE:  190 14:00:57        3.066115        0.279627
FIRE:  191 14:00:57        3.064179        0.279220
FIRE:  192 14:00:57        3.062124        0.278849
FIRE:  193 14:00:57        3.058278        0.277634
FIRE:  194 14:00:57        3.052854        0.275616
FIRE:  195 14:00:57        3.047412        0.273522
FIRE:  196 14:00:57        3.041794        0.271391
FIRE:  197 14:00:57        3.034119        0.268440
FIRE:  198 14:00:57        3.023732        0.264481
FIRE:  199 14:00:57        3.012554        0.260502
FIRE:  200 14:00:57        2.998395        0.255099
FIRE:  201 14:00:58        2.981331        0.247819
FIRE:  202 14:00:58        2.961698        0.239045
FIRE:  203 14:00:58        2.938859        0.228597
FIRE:  204 14:00:58        2.912300        0.214041
FIRE:  205 14:00:58        2.883807        0.196332
FIRE:  206 14:00:58        2.856139        0.185396
FIRE:  207 14:00:58        2.835735        0.347050
FIRE:  208 14:00:58        2.824075        0.145388
FIRE:  209 14:00:58        2.828912        0.260168
FIRE:  210 14:00:58        2.826543        0.209467
FIRE:  211 14:00:58        2.823511        0.145361
FIRE:  212 14:00:58        2.821918        0.142954
FIRE:  213 14:00:58        2.822386        0.141494
FIRE:  214 14:00:58        2.822264        0.141453
FIRE:  215 14:00:58        2.822038        0.141377
FIRE:  216 14:00:58        2.821743        0.141278
FIRE:  217 14:00:58        2.821421        0.141169
FIRE:  218 14:00:58        2.821111        0.141059
FIRE:  219 14:00:58        2.820844        0.140945
FIRE:  220 14:00:58        2.820627        0.140810
FIRE:  221 14:00:58        2.820426        0.140605
FIRE:  222 14:00:58        2.820201        0.140274
FIRE:  223 14:00:59        2.819888        0.139749
FIRE:  224 14:00:59        2.819419        0.138960
FIRE:  225 14:00:59        2.818760        0.137851
FIRE:  226 14:00:59        2.817945        0.136407
FIRE:  227 14:00:59        2.817058        0.134662
FIRE:  228 14:00:59        2.816117        0.132673
FIRE:  229 14:00:59        2.814965        0.130461
FIRE:  230 14:00:59        2.813438        0.127994
FIRE:  231 14:00:59        2.811630        0.125243
FIRE:  232 14:00:59        2.809675        0.121947
FIRE:  233 14:00:59        2.807285        0.117563
FIRE:  234 14:00:59        2.804455        0.111906
FIRE:  235 14:00:59        2.801400        0.105447
FIRE:  236 14:00:59        2.797785        0.098527
FIRE:  237 14:00:59        2.794023        0.090454
FIRE:  238 14:00:59        2.789898        0.079853
FIRE:  239 14:00:59        2.785780        0.068507
FIRE:  240 14:00:59        2.782020        0.055649
FIRE:  241 14:00:59        2.779505        0.089051
FIRE:  242 14:00:59        2.779182        0.160498
FIRE:  243 14:00:59        2.776921        0.033014
FIRE:  244 14:00:59        2.778139        0.120955
FIRE:  245 14:01:00        2.777658        0.096701
FIRE:  246 14:01:00        2.777059        0.053107
FIRE:  247 14:01:00        2.776791        0.022178
FIRE:  248 14:01:00        2.776992        0.049004
FIRE:  249 14:01:00        2.776970        0.046581
FIRE:  250 14:01:00        2.776931        0.041855
FIRE:  251 14:01:00        2.776883        0.035061
FIRE:  252 14:01:00        2.776834        0.026541
FIRE:  253 14:01:01        2.776793        0.021877
FIRE:  254 14:01:01        2.776768        0.021625
FIRE:  255 14:01:01        2.776762        0.021355
FIRE:  256 14:01:01        2.776762        0.021353
FIRE:  257 14:01:01        2.776762        0.021349
FIRE:  258 14:01:01        2.776761        0.021343
FIRE:  259 14:01:01        2.776761        0.021335
FIRE:  260 14:01:01        2.776760        0.021324
FIRE:  261 14:01:01        2.776759        0.021312
FIRE:  262 14:01:01        2.776758        0.021297
FIRE:  263 14:01:01        2.776757        0.021278
FIRE:  264 14:01:01        2.776755        0.021253
FIRE:  265 14:01:01        2.776753        0.021221
FIRE:  266 14:01:01        2.776751        0.021180
FIRE:  267 14:01:01        2.776748        0.021127
FIRE:  268 14:01:01        2.776745        0.021059
FIRE:  269 14:01:01        2.776741        0.020971
FIRE:  270 14:01:01        2.776736        0.020860
FIRE:  271 14:01:01        2.776730        0.020719
FIRE:  272 14:01:02        2.776723        0.020541
FIRE:  273 14:01:02        2.776714        0.020320
FIRE:  274 14:01:02        2.776703        0.020047
FIRE:  275 14:01:02        2.776690        0.019716
FIRE:  276 14:01:02        2.776674        0.019320
FIRE:  277 14:01:02        2.776656        0.018853
FIRE:  278 14:01:02        2.776633        0.018311
FIRE:  279 14:01:02        2.776607        0.017680
FIRE:  280 14:01:02        2.776577        0.016937
FIRE:  281 14:01:02        2.776542        0.016052
FIRE:  282 14:01:02        2.776501        0.015001
FIRE:  283 14:01:02        2.776456        0.013784
FIRE:  284 14:01:02        2.776406        0.012436
FIRE:  285 14:01:02        2.776351        0.010961
FIRE:  286 14:01:02        2.776295        0.009300
