      Step     Time          Energy          fmax
FIRE:    0 13:28:16      322.256303      117.484178
FIRE:    1 13:28:16      262.694774       88.413784
FIRE:    2 13:28:16      215.826737       68.022267
FIRE:    3 13:28:16      178.475118       53.362969
FIRE:    4 13:28:16      148.246932       42.580407
FIRE:    5 13:28:16      123.394628       34.922217
FIRE:    6 13:28:16      102.780249       32.204742
FIRE:    7 13:28:16       85.736183       27.100044
FIRE:    8 13:28:16       71.794280       19.965900
FIRE:    9 13:28:16       60.529999       20.250222
FIRE:   10 13:28:16       51.531679       21.412060
FIRE:   11 13:28:16       44.494113       19.534285
FIRE:   12 13:28:16       39.246555       15.467128
FIRE:   13 13:28:16       35.616340       10.368643
FIRE:   14 13:28:16       33.208154       10.410913
FIRE:   15 13:28:16       31.320352       13.117256
FIRE:   16 13:28:16       29.148295       14.279433
FIRE:   17 13:28:16       26.229224       13.466458
FIRE:   18 13:28:16       22.765420       10.964299
FIRE:   19 13:28:16       19.409964        7.562985
FIRE:   20 13:28:16       16.758552        5.561418
FIRE:   21 13:28:16       15.061802        5.007964
FIRE:   22 13:28:17       14.188936        4.496346
FIRE:   23 13:28:17       13.768562        4.939834
FIRE:   24 13:28:17       13.397582        5.539845
FIRE:   25 13:28:17       12.792560        5.322461
FIRE:   26 13:28:17       11.908344        4.768356
FIRE:   27 13:28:17       10.936243        3.604635
FIRE:   28 13:28:17       10.162328        2.079651
FIRE:   29 13:28:17        9.795334        1.314575
FIRE:   30 13:28:17        9.792731        2.473258
FIRE:   31 13:28:17        9.214831        1.465699
FIRE:   32 13:28:17        8.837925        1.583392
FIRE:   33 13:28:17        8.651482        0.994202
FIRE:   34 13:28:17        8.483824        0.870043
FIRE:   35 13:28:17        8.321383        1.113393
FIRE:   36 13:28:17        8.054193        0.982883
FIRE:   37 13:28:17        7.745974        0.647042
FIRE:   38 13:28:17        7.509577        0.625724
FIRE:   39 13:28:17        7.327835        0.747733
FIRE:   40 13:28:17        7.130255        1.065543
FIRE:   41 13:28:17        6.945917        1.105785
FIRE:   42 13:28:17        6.776614        0.870814
FIRE:   43 13:28:17        6.644642        0.493787
FIRE:   44 13:28:17        6.607555        0.441658
FIRE:   45 13:28:17        6.599298        0.378700
FIRE:   46 13:28:18        6.584854        0.366890
FIRE:   47 13:28:18        6.567089        0.350079
FIRE:   48 13:28:18        6.548123        0.329547
FIRE:   49 13:28:18        6.528596        0.307071
FIRE:   50 13:28:18        6.508023        0.284517
FIRE:   51 13:28:18        6.485685        0.266397
FIRE:   52 13:28:18        6.458537        0.278874
FIRE:   53 13:28:18        6.425945        0.292759
FIRE:   54 13:28:18        6.387479        0.305115
FIRE:   55 13:28:18        6.342179        0.312336
FIRE:   56 13:28:18        6.288351        0.310842
FIRE:   57 13:28:18        6.224523        0.299219
FIRE:   58 13:28:18        6.147991        0.284856
FIRE:   59 13:28:18        6.047577        0.287339
FIRE:   60 13:28:18        5.919316        0.316467
FIRE:   61 13:28:18        5.773028        0.351450
FIRE:   62 13:28:18        5.617159        0.376403
FIRE:   63 13:28:19        5.457076        0.408782
FIRE:   64 13:28:19        5.293986        0.442099
FIRE:   65 13:28:19        5.134556        0.346128
FIRE:   66 13:28:19        4.987660        0.280402
FIRE:   67 13:28:19        4.864154        0.232408
FIRE:   68 13:28:19        4.781905        0.239164
FIRE:   69 13:28:19        4.742617        0.413343
FIRE:   70 13:28:19        4.712773        0.512725
FIRE:   71 13:28:19        4.661643        0.427076
FIRE:   72 13:28:19        4.615807        0.339861
FIRE:   73 13:28:19        4.596394        0.528272
FIRE:   74 13:28:19        4.542511        0.228530
FIRE:   75 13:28:19        4.534458        0.222926
FIRE:   76 13:28:19        4.524363        0.212728
FIRE:   77 13:28:19        4.514025        0.217535
FIRE:   78 13:28:19        4.500724        0.226331
FIRE:   79 13:28:19        4.485108        0.230625
FIRE:   80 13:28:19        4.468874        0.227897
FIRE:   81 13:28:19        4.450048        0.222044
FIRE:   82 13:28:19        4.425478        0.219702
FIRE:   83 13:28:19        4.395250        0.228702
FIRE:   84 13:28:19        4.353387        0.248694
FIRE:   85 13:28:19        4.297897        0.267194
FIRE:   86 13:28:19        4.229063        0.283367
FIRE:   87 13:28:20        4.153267        0.305258
FIRE:   88 13:28:20        4.069893        0.319120
FIRE:   89 13:28:20        3.979347        0.325902
FIRE:   90 13:28:20        3.882388        0.342187
FIRE:   91 13:28:20        3.780617        0.366348
FIRE:   92 13:28:20        3.678760        0.381024
FIRE:   93 13:28:20        3.579234        0.378046
FIRE:   94 13:28:20        3.484336        0.359494
FIRE:   95 13:28:20        3.395436        0.326755
FIRE:   96 13:28:20        3.313941        0.278332
FIRE:   97 13:28:20        3.242505        0.235004
FIRE:   98 13:28:20        3.183403        0.225087
FIRE:   99 13:28:20        3.136969        0.199825
FIRE:  100 13:28:20        3.103004        0.161074
FIRE:  101 13:28:20        3.083936        0.110680
FIRE:  102 13:28:20        3.082549        0.132041
FIRE:  103 13:28:20        3.071952        0.098006
FIRE:  104 13:28:20        3.062207        0.131014
FIRE:  105 13:28:20        3.056403        0.249095
FIRE:  106 13:28:20        3.050229        0.054182
FIRE:  107 13:28:20        3.049994        0.053081
FIRE:  108 13:28:20        3.049631        0.050952
FIRE:  109 13:28:21        3.049254        0.047968
FIRE:  110 13:28:21        3.048888        0.044451
FIRE:  111 13:28:21        3.048506        0.040744
FIRE:  112 13:28:21        3.048114        0.037027
FIRE:  113 13:28:21        3.047732        0.033327
FIRE:  114 13:28:21        3.047287        0.031195
FIRE:  115 13:28:21        3.046726        0.032852
FIRE:  116 13:28:21        3.046109        0.033646
FIRE:  117 13:28:21        3.045515        0.032841
FIRE:  118 13:28:21        3.044889        0.030213
FIRE:  119 13:28:21        3.044282        0.026402
FIRE:  120 13:28:21        3.043790        0.021542
FIRE:  121 13:28:21        3.043465        0.017178
FIRE:  122 13:28:21        3.043310        0.024766
FIRE:  123 13:28:21        3.043280        0.012768
FIRE:  124 13:28:21        3.043262        0.007385
