      Step     Time          Energy          fmax
FIRE:    0 16:42:01      277.571920      229.215170
FIRE:    1 16:42:01      206.016519      174.815849
FIRE:    2 16:42:01      153.219059      128.743986
FIRE:    3 16:42:01      116.023082       91.859182
FIRE:    4 16:42:01       91.079978       63.576930
FIRE:    5 16:42:01       74.882905       44.820227
FIRE:    6 16:42:01       63.750026       41.712687
FIRE:    7 16:42:01       54.539388       42.048682
FIRE:    8 16:42:01       45.568577       39.453301
FIRE:    9 16:42:01       36.940131       31.351879
FIRE:   10 16:42:01       29.532250       22.842188
FIRE:   11 16:42:01       23.873645       18.663641
FIRE:   12 16:42:01       19.844430       15.854092
FIRE:   13 16:42:01       16.962553       14.439292
FIRE:   14 16:42:01       14.704776       12.797988
FIRE:   15 16:42:01       12.650741       10.964415
FIRE:   16 16:42:01       10.554363        9.196849
FIRE:   17 16:42:01        8.416410        7.443901
FIRE:   18 16:42:01        6.448018        5.548015
FIRE:   19 16:42:01        4.895320        3.735319
FIRE:   20 16:42:01        3.878613        2.188803
FIRE:   21 16:42:01        3.369197        0.970460
FIRE:   22 16:42:01        3.251274        0.659804
FIRE:   23 16:42:01        3.199704        0.598180
FIRE:   24 16:42:01        3.167535        0.594086
FIRE:   25 16:42:01        3.114907        0.389704
FIRE:   26 16:42:01        3.074750        0.281919
FIRE:   27 16:42:01        3.067050        0.431108
FIRE:   28 16:42:02        3.059958        0.358181
FIRE:   29 16:42:02        3.049371        0.227577
FIRE:   30 16:42:02        3.039636        0.218895
FIRE:   31 16:42:02        3.032145        0.216617
FIRE:   32 16:42:02        3.024459        0.243179
FIRE:   33 16:42:02        3.013984        0.271477
FIRE:   34 16:42:02        3.001057        0.306391
FIRE:   35 16:42:02        2.986565        0.342198
FIRE:   36 16:42:02        2.971322        0.368181
FIRE:   37 16:42:02        2.951532        0.373016
FIRE:   38 16:42:02        2.924239        0.347953
FIRE:   39 16:42:02        2.894880        0.287540
FIRE:   40 16:42:02        2.867907        0.205170
FIRE:   41 16:42:02        2.844614        0.138057
FIRE:   42 16:42:02        2.836534        0.207150
FIRE:   43 16:42:02        2.834462        0.167510
FIRE:   44 16:42:02        2.831294        0.151349
FIRE:   45 16:42:02        2.828120        0.131965
FIRE:   46 16:42:02        2.825241        0.110388
FIRE:   47 16:42:02        2.822301        0.121698
FIRE:   48 16:42:02        2.819266        0.099579
FIRE:   49 16:42:02        2.816734        0.105191
FIRE:   50 16:42:02        2.815020        0.118825
FIRE:   51 16:42:02        2.813640        0.123218
FIRE:   52 16:42:02        2.811673        0.115611
FIRE:   53 16:42:02        2.809328        0.097713
FIRE:   54 16:42:02        2.806429        0.092405
FIRE:   55 16:42:02        2.801704        0.075496
FIRE:   56 16:42:02        2.796537        0.069970
FIRE:   57 16:42:02        2.791770        0.055590
FIRE:   58 16:42:02        2.788782        0.071794
FIRE:   59 16:42:02        2.784860        0.082307
FIRE:   60 16:42:02        2.779024        0.113690
FIRE:   61 16:42:02        2.771533        0.091963
FIRE:   62 16:42:02        2.762871        0.146714
FIRE:   63 16:42:03        2.749239        0.151249
FIRE:   64 16:42:03        2.734465        0.486511
FIRE:   65 16:42:03        2.716173        0.134978
FIRE:   66 16:42:03        2.715638        0.135484
FIRE:   67 16:42:03        2.714598        0.136228
FIRE:   68 16:42:03        2.713079        0.136734
FIRE:   69 16:42:03        2.711070        0.136504
FIRE:   70 16:42:03        2.708529        0.135274
FIRE:   71 16:42:03        2.705418        0.133225
FIRE:   72 16:42:03        2.701721        0.131035
FIRE:   73 16:42:03        2.696930        0.129603
FIRE:   74 16:42:03        2.690727        0.130508
FIRE:   75 16:42:03        2.682704        0.134857
FIRE:   76 16:42:03        2.672458        0.141658
FIRE:   77 16:42:03        2.659641        0.146862
FIRE:   78 16:42:03        2.644107        0.145367
FIRE:   79 16:42:03        2.626578        0.135498
FIRE:   80 16:42:03        2.609598        0.118063
FIRE:   81 16:42:03        2.598599        0.082838
FIRE:   82 16:42:03        2.598611        0.096785
FIRE:   83 16:42:03        2.597810        0.084035
FIRE:   84 16:42:03        2.596366        0.063664
FIRE:   85 16:42:03        2.594481        0.064246
FIRE:   86 16:42:03        2.592346        0.057419
FIRE:   87 16:42:03        2.590208        0.051288
FIRE:   88 16:42:03        2.588364        0.048279
FIRE:   89 16:42:03        2.587002        0.045939
FIRE:   90 16:42:03        2.586096        0.047417
FIRE:   91 16:42:03        2.585762        0.050413
FIRE:   92 16:42:03        2.585725        0.049841
FIRE:   93 16:42:03        2.585652        0.048774
FIRE:   94 16:42:03        2.585548        0.047367
FIRE:   95 16:42:03        2.585416        0.045840
FIRE:   96 16:42:03        2.585258        0.044437
FIRE:   97 16:42:04        2.585078        0.043378
FIRE:   98 16:42:04        2.584876        0.042795
FIRE:   99 16:42:04        2.584634        0.042715
FIRE:  100 16:42:04        2.584349        0.043072
FIRE:  101 16:42:04        2.584023        0.043494
FIRE:  102 16:42:04        2.583653        0.043310
FIRE:  103 16:42:04        2.583231        0.041924
FIRE:  104 16:42:04        2.582752        0.039484
FIRE:  105 16:42:04        2.582199        0.037312
FIRE:  106 16:42:04        2.581533        0.036888
FIRE:  107 16:42:04        2.580716        0.037695
FIRE:  108 16:42:04        2.579702        0.037019
FIRE:  109 16:42:04        2.578457        0.034818
FIRE:  110 16:42:04        2.576943        0.037000
FIRE:  111 16:42:04        2.575047        0.042865
FIRE:  112 16:42:04        2.572441        0.046235
FIRE:  113 16:42:04        2.568474        0.061463
FIRE:  114 16:42:04        2.562045        0.072111
FIRE:  115 16:42:04        2.551053        0.108608
FIRE:  116 16:42:04        2.530979        0.113644
FIRE:  117 16:42:04        2.502072        0.313417
FIRE:  118 16:42:04        2.495054        0.726179
FIRE:  119 16:42:04        2.454999        0.417057
FIRE:  120 16:42:04        2.441387        0.360994
FIRE:  121 16:42:04        2.431738        0.288747
FIRE:  122 16:42:04        2.429997        0.303176
FIRE:  123 16:42:04        2.428017        0.275687
FIRE:  124 16:42:04        2.424565        0.252306
FIRE:  125 16:42:04        2.420462        0.274906
FIRE:  126 16:42:04        2.416476        0.300425
FIRE:  127 16:42:04        2.412908        0.325374
FIRE:  128 16:42:04        2.409359        0.346359
FIRE:  129 16:42:04        2.405008        0.361288
FIRE:  130 16:42:04        2.398460        0.369912
FIRE:  131 16:42:04        2.388992        0.370775
FIRE:  132 16:42:04        2.376651        0.364119
FIRE:  133 16:42:05        2.361773        0.354243
FIRE:  134 16:42:05        2.343242        0.351731
FIRE:  135 16:42:05        2.317750        0.369779
FIRE:  136 16:42:05        2.282229        0.415884
FIRE:  137 16:42:05        2.235280        0.482583
FIRE:  138 16:42:05        2.171145        0.548084
FIRE:  139 16:42:05        2.078331        0.593128
FIRE:  140 16:42:05        1.950216        0.590937
FIRE:  141 16:42:05        1.816873        0.598071
FIRE:  142 16:42:05        1.684523        0.595637
FIRE:  143 16:42:05        1.560931        0.529287
FIRE:  144 16:42:05        1.454974        0.379110
FIRE:  145 16:42:05        1.381112        0.243572
FIRE:  146 16:42:05        1.351563        0.172510
FIRE:  147 16:42:05        1.377700        0.371452
FIRE:  148 16:42:05        1.370835        0.319252
FIRE:  149 16:42:05        1.362008        0.223369
FIRE:  150 16:42:05        1.354843        0.107299
FIRE:  151 16:42:05        1.350555        0.131576
FIRE:  152 16:42:05        1.348779        0.109561
FIRE:  153 16:42:05        1.348477        0.102867
FIRE:  154 16:42:05        1.347981        0.089904
FIRE:  155 16:42:05        1.347459        0.071511
FIRE:  156 16:42:05        1.347052        0.048992
FIRE:  157 16:42:05        1.346826        0.029653
FIRE:  158 16:42:05        1.346773        0.025688
FIRE:  159 16:42:05        1.346766        0.025219
FIRE:  160 16:42:05        1.346752        0.024298
FIRE:  161 16:42:05        1.346735        0.022955
FIRE:  162 16:42:05        1.346717        0.021235
FIRE:  163 16:42:05        1.346701        0.019192
FIRE:  164 16:42:05        1.346687        0.016894
FIRE:  165 16:42:06        1.346678        0.014438
FIRE:  166 16:42:06        1.346672        0.011727
FIRE:  167 16:42:06        1.346668        0.012092
FIRE:  168 16:42:06        1.346661        0.013767
FIRE:  169 16:42:06        1.346651        0.013112
FIRE:  170 16:42:06        1.346637        0.010477
FIRE:  171 16:42:06        1.346622        0.010630
FIRE:  172 16:42:06        1.346612        0.010034
FIRE:  173 16:42:06        1.346608        0.008697
