      Step     Time          Energy          fmax
FIRE:    0 11:36:26      444.572205      287.777104
FIRE:    1 11:36:26      346.311043      190.604421
FIRE:    2 11:36:26      280.594990      126.453501
FIRE:    3 11:36:26      235.382967       86.962559
FIRE:    4 11:36:27      201.623870       91.774649
FIRE:    5 11:36:27      173.393576       88.205997
FIRE:    6 11:36:27      148.132558       77.181620
FIRE:    7 11:36:27      125.649951       61.791814
FIRE:    8 11:36:27      106.517806       45.236425
FIRE:    9 11:36:27       91.196776       29.837078
FIRE:   10 11:36:27       79.620611       18.121067
FIRE:   11 11:36:27       71.273124       17.081978
FIRE:   12 11:36:27       65.421242       16.344956
FIRE:   13 11:36:27       61.311472       15.791026
FIRE:   14 11:36:27       58.251492       15.300002
FIRE:   15 11:36:27       55.614169       18.714213
FIRE:   16 11:36:27       52.889593       20.270018
FIRE:   17 11:36:27       49.826632       19.837041
FIRE:   18 11:36:27       46.539786       17.767286
FIRE:   19 11:36:27       43.420758       14.651713
FIRE:   20 11:36:27       40.849434       11.098832
FIRE:   21 11:36:27       38.861229        9.868939
FIRE:   22 11:36:27       37.037469       10.186528
FIRE:   23 11:36:27       34.816725       10.986523
FIRE:   24 11:36:27       32.056484       10.058164
FIRE:   25 11:36:27       29.223466        7.857017
FIRE:   26 11:36:27       26.901316        6.267550
FIRE:   27 11:36:27       25.206262        5.705284
FIRE:   28 11:36:28       23.717755        7.982944
FIRE:   29 11:36:28       21.985598        8.191444
FIRE:   30 11:36:28       19.999936        6.692627
FIRE:   31 11:36:28       18.069076        4.702140
FIRE:   32 11:36:28       16.440295        3.345101
FIRE:   33 11:36:28       15.176178        3.134751
FIRE:   34 11:36:28       14.237354        3.018418
FIRE:   35 11:36:28       13.545432        2.929351
FIRE:   36 11:36:28       13.008151        2.806930
FIRE:   37 11:36:28       12.525593        2.611505
FIRE:   38 11:36:28       12.007926        2.764891
FIRE:   39 11:36:28       11.408951        2.776554
FIRE:   40 11:36:28       10.746191        2.530095
FIRE:   41 11:36:28       10.087195        2.099446
FIRE:   42 11:36:28        9.512919        1.588401
FIRE:   43 11:36:28        9.082483        1.093498
FIRE:   44 11:36:28        8.812254        0.853216
FIRE:   45 11:36:28        8.674549        1.052892
FIRE:   46 11:36:28        8.621476        1.109325
FIRE:   47 11:36:28        8.223326        0.961790
FIRE:   48 11:36:28        7.895004        0.951036
FIRE:   49 11:36:28        7.543113        0.829867
FIRE:   50 11:36:28        7.258220        0.555929
FIRE:   51 11:36:29        7.100283        0.391432
FIRE:   52 11:36:29        7.093377        0.742553
FIRE:   53 11:36:29        7.008489        0.305501
FIRE:   54 11:36:29        6.952054        0.401040
FIRE:   55 11:36:29        6.898670        0.487575
FIRE:   56 11:36:29        6.778088        0.505598
FIRE:   57 11:36:29        6.620533        0.458358
FIRE:   58 11:36:29        6.463573        0.414830
FIRE:   59 11:36:29        6.296878        0.397232
FIRE:   60 11:36:29        6.109015        0.444595
FIRE:   61 11:36:29        5.907960        0.523541
FIRE:   62 11:36:29        5.684943        0.609690
FIRE:   63 11:36:29        5.441416        0.678199
FIRE:   64 11:36:29        5.184494        0.724244
FIRE:   65 11:36:29        4.940545        0.732820
FIRE:   66 11:36:29        4.763848        0.697165
FIRE:   67 11:36:29        4.692665        0.763360
FIRE:   68 11:36:29        4.584601        0.632658
FIRE:   69 11:36:29        4.538323        0.603565
FIRE:   70 11:36:29        4.395277        0.607826
FIRE:   71 11:36:29        4.253719        0.612150
FIRE:   72 11:36:29        4.103464        0.602998
FIRE:   73 11:36:29        3.939242        0.581482
FIRE:   74 11:36:29        3.815413        0.542710
FIRE:   75 11:36:30        3.665227        0.519198
FIRE:   76 11:36:30        3.519158        0.504657
FIRE:   77 11:36:30        3.392532        0.482596
FIRE:   78 11:36:30        3.266161        0.457043
FIRE:   79 11:36:30        3.152463        0.431727
FIRE:   80 11:36:30        3.039889        0.408289
FIRE:   81 11:36:30        2.943398        0.378801
FIRE:   82 11:36:30        2.854657        0.331351
FIRE:   83 11:36:30        2.783179        0.263029
FIRE:   84 11:36:30        2.729739        0.178635
FIRE:   85 11:36:30        2.701620        0.166007
FIRE:   86 11:36:30        2.695885        0.143780
FIRE:   87 11:36:30        2.679342        0.229120
FIRE:   88 11:36:30        2.672771        0.072949
FIRE:   89 11:36:30        2.673263        0.178502
FIRE:   90 11:36:30        2.671810        0.134568
FIRE:   91 11:36:30        2.670097        0.058086
FIRE:   92 11:36:30        2.669353        0.060404
FIRE:   93 11:36:30        2.669477        0.094437
FIRE:   94 11:36:30        2.669345        0.088163
FIRE:   95 11:36:30        2.669107        0.076043
FIRE:   96 11:36:30        2.668814        0.058929
FIRE:   97 11:36:30        2.668521        0.055796
FIRE:   98 11:36:30        2.668275        0.053556
FIRE:   99 11:36:30        2.668098        0.051193
FIRE:  100 11:36:31        2.667975        0.048895
FIRE:  101 11:36:31        2.667854        0.046616
FIRE:  102 11:36:31        2.667681        0.050092
FIRE:  103 11:36:31        2.667410        0.049584
FIRE:  104 11:36:31        2.667038        0.041172
FIRE:  105 11:36:31        2.666631        0.039964
FIRE:  106 11:36:31        2.666291        0.038716
FIRE:  107 11:36:31        2.666030        0.036652
FIRE:  108 11:36:31        2.665728        0.033158
FIRE:  109 11:36:31        2.665352        0.028399
FIRE:  110 11:36:31        2.665068        0.026835
FIRE:  111 11:36:31        2.664869        0.030747
FIRE:  112 11:36:31        2.664559        0.021558
FIRE:  113 11:36:31        2.664328        0.029499
FIRE:  114 11:36:31        2.664112        0.030875
FIRE:  115 11:36:31        2.663849        0.013911
FIRE:  116 11:36:31        2.663780        0.030148
FIRE:  117 11:36:31        2.663737        0.020547
FIRE:  118 11:36:31        2.663696        0.008502
