      Step     Time          Energy          fmax
FIRE:    0 12:45:55      158.194943       80.253915
FIRE:    1 12:45:55      117.838866       60.554824
FIRE:    2 12:45:55       88.202783       44.902616
FIRE:    3 12:45:55       66.686976       32.551103
FIRE:    4 12:45:55       51.278261       22.992650
FIRE:    5 12:45:55       40.406683       15.782145
FIRE:    6 12:45:55       32.855922       10.497841
FIRE:    7 12:45:55       27.694589        9.095541
FIRE:    8 12:45:55       24.214336        7.978433
FIRE:    9 12:45:55       21.886343        7.049961
FIRE:   10 12:45:56       20.310819        6.332430
FIRE:   11 12:45:56       19.177316        6.128228
FIRE:   12 12:45:56       18.245526        5.925784
FIRE:   13 12:45:56       17.336158        5.658281
FIRE:   14 12:45:56       16.337019        5.276951
FIRE:   15 12:45:56       15.212563        4.763942
FIRE:   16 12:45:56       13.994430        4.141639
FIRE:   17 12:45:56       12.747402        3.715831
FIRE:   18 12:45:56       11.529874        3.395435
FIRE:   19 12:45:56       10.377714        2.866580
FIRE:   20 12:45:56        9.309014        2.620395
FIRE:   21 12:45:56        8.331594        2.556511
FIRE:   22 12:45:56        7.443691        2.495429
FIRE:   23 12:45:56        6.640016        2.358113
FIRE:   24 12:45:56        5.923401        2.097845
FIRE:   25 12:45:56        5.311158        1.711528
FIRE:   26 12:45:56        4.829810        1.239841
FIRE:   27 12:45:56        4.502578        0.898944
FIRE:   28 12:45:56        4.337282        0.716550
FIRE:   29 12:45:56        4.322560        0.832886
FIRE:   30 12:45:56        3.937079        0.771530
FIRE:   31 12:45:56        3.661800        0.717651
FIRE:   32 12:45:57        3.393846        0.639241
FIRE:   33 12:45:57        3.144632        0.555176
FIRE:   34 12:45:57        2.961471        0.450249
FIRE:   35 12:45:57        2.854679        0.498658
FIRE:   36 12:45:57        2.800053        0.467347
FIRE:   37 12:45:57        2.737418        0.307950
FIRE:   38 12:45:57        2.690688        0.229102
FIRE:   39 12:45:57        2.668558        0.306358
FIRE:   40 12:45:57        2.633706        0.287160
FIRE:   41 12:45:57        2.586792        0.241395
FIRE:   42 12:45:57        2.538189        0.250149
FIRE:   43 12:45:57        2.493447        0.235524
FIRE:   44 12:45:57        2.452821        0.260874
FIRE:   45 12:45:57        2.400252        0.272018
FIRE:   46 12:45:57        2.345160        0.277238
FIRE:   47 12:45:57        2.285886        0.321733
FIRE:   48 12:45:57        2.191844        0.288782
FIRE:   49 12:45:57        2.089786        0.300686
FIRE:   50 12:45:57        1.983803        0.318995
FIRE:   51 12:45:57        1.882650        0.332047
FIRE:   52 12:45:58        1.776174        0.340760
FIRE:   53 12:45:58        1.686260        0.329608
FIRE:   54 12:45:58        1.605729        0.282807
FIRE:   55 12:45:58        1.550672        0.253726
FIRE:   56 12:45:58        1.510844        0.388451
FIRE:   57 12:45:58        1.470127        0.352242
FIRE:   58 12:45:58        1.423513        0.261814
FIRE:   59 12:45:58        1.385584        0.287984
FIRE:   60 12:45:58        1.343222        0.239030
FIRE:   61 12:45:58        1.300448        0.156371
FIRE:   62 12:45:58        1.267213        0.224488
FIRE:   63 12:45:58        1.231378        0.236386
FIRE:   64 12:45:58        1.201216        0.143383
FIRE:   65 12:45:58        1.189258        0.189213
FIRE:   66 12:45:58        1.173614        0.367816
FIRE:   67 12:45:58        1.143500        0.163281
FIRE:   68 12:45:58        1.148124        0.366556
FIRE:   69 12:45:58        1.139178        0.242128
FIRE:   70 12:45:58        1.131357        0.100418
FIRE:   71 12:45:58        1.131166        0.175931
FIRE:   72 12:45:58        1.130539        0.161746
FIRE:   73 12:45:58        1.129445        0.134769
FIRE:   74 12:45:58        1.128150        0.100212
FIRE:   75 12:45:58        1.126933        0.101054
FIRE:   76 12:45:59        1.125966        0.101682
FIRE:   77 12:45:59        1.125223        0.101863
FIRE:   78 12:45:59        1.124498        0.101464
FIRE:   79 12:45:59        1.123434        0.106763
FIRE:   80 12:45:59        1.121766        0.104723
FIRE:   81 12:45:59        1.119419        0.098424
FIRE:   82 12:45:59        1.116630        0.100570
FIRE:   83 12:45:59        1.113735        0.103373
FIRE:   84 12:45:59        1.110527        0.106914
FIRE:   85 12:45:59        1.106221        0.110873
FIRE:   86 12:45:59        1.100604        0.115080
FIRE:   87 12:45:59        1.094367        0.119455
FIRE:   88 12:45:59        1.086859        0.122741
FIRE:   89 12:45:59        1.076965        0.123740
FIRE:   90 12:45:59        1.065574        0.123239
FIRE:   91 12:45:59        1.050903        0.121772
FIRE:   92 12:45:59        1.033554        0.119954
FIRE:   93 12:45:59        1.011228        0.116303
FIRE:   94 12:45:59        0.983860        0.115586
FIRE:   95 12:45:59        0.950358        0.134241
FIRE:   96 12:45:59        0.913926        0.190447
FIRE:   97 12:45:59        0.882699        0.263227
FIRE:   98 12:45:59        0.858435        0.305386
FIRE:   99 12:45:59        0.849375        0.094611
FIRE:  100 12:46:00        0.854539        0.300018
FIRE:  101 12:46:00        0.850909        0.213985
FIRE:  102 12:46:00        0.847305        0.086849
FIRE:  103 12:46:00        0.846934        0.085454
FIRE:  104 12:46:00        0.846816        0.083106
FIRE:  105 12:46:00        0.846601        0.082993
FIRE:  106 12:46:00        0.846324        0.082832
FIRE:  107 12:46:00        0.846025        0.082628
FIRE:  108 12:46:00        0.845737        0.082373
FIRE:  109 12:46:00        0.845472        0.082043
FIRE:  110 12:46:00        0.845220        0.081605
FIRE:  111 12:46:00        0.844918        0.080964
FIRE:  112 12:46:00        0.844514        0.080042
FIRE:  113 12:46:00        0.843956        0.078770
FIRE:  114 12:46:00        0.843224        0.077099
FIRE:  115 12:46:00        0.842353        0.075037
FIRE:  116 12:46:00        0.841394        0.072660
FIRE:  117 12:46:00        0.840307        0.070086
FIRE:  118 12:46:00        0.838957        0.067404
FIRE:  119 12:46:00        0.837298        0.064666
FIRE:  120 12:46:00        0.835470        0.061811
FIRE:  121 12:46:00        0.833433        0.058412
FIRE:  122 12:46:01        0.831050        0.054061
FIRE:  123 12:46:01        0.828602        0.049001
FIRE:  124 12:46:01        0.825999        0.043742
FIRE:  125 12:46:01        0.823605        0.037646
FIRE:  126 12:46:01        0.821436        0.028304
FIRE:  127 12:46:01        0.820018        0.017793
FIRE:  128 12:46:01        0.819862        0.058806
FIRE:  129 12:46:01        0.819630        0.029233
FIRE:  130 12:46:01        0.819565        0.015338
FIRE:  131 12:46:01        0.819560        0.013567
FIRE:  132 12:46:01        0.819551        0.010299
FIRE:  133 12:46:01        0.819542        0.006201
