      Step     Time          Energy          fmax
FIRE:    0 14:03:47      354.345589      330.493798
FIRE:    1 14:03:47      253.192008      183.790502
FIRE:    2 14:03:47      187.004424      108.212632
FIRE:    3 14:03:47      141.947732       79.192944
FIRE:    4 14:03:47      110.322498       58.218571
FIRE:    5 14:03:47       87.570976       44.601179
FIRE:    6 14:03:47       70.808416       36.427355
FIRE:    7 14:03:47       58.150872       31.141522
FIRE:    8 14:03:47       48.372949       26.702896
FIRE:    9 14:03:47       40.745642       22.163346
FIRE:   10 14:03:47       34.854272       17.414831
FIRE:   11 14:03:47       30.446102       12.841862
FIRE:   12 14:03:47       27.324765       10.207010
FIRE:   13 14:03:47       25.300976        9.535749
FIRE:   14 14:03:47       24.169975       10.668954
FIRE:   15 14:03:47       23.681118       13.882271
FIRE:   16 14:03:47       18.917869        7.039592
FIRE:   17 14:03:47       15.986346        5.286156
FIRE:   18 14:03:47       14.203830        4.668326
FIRE:   19 14:03:47       13.043611        4.236645
FIRE:   20 14:03:48       12.090461        4.666700
FIRE:   21 14:03:48       11.155433        3.945851
FIRE:   22 14:03:48       10.239289        4.538056
FIRE:   23 14:03:48        9.339661        4.565173
FIRE:   24 14:03:48        8.518789        3.011348
FIRE:   25 14:03:48        7.894884        2.486202
FIRE:   26 14:03:48        7.458840        2.163983
FIRE:   27 14:03:48        7.102681        1.623637
FIRE:   28 14:03:48        6.769331        1.716570
FIRE:   29 14:03:48        6.483718        1.348413
FIRE:   30 14:03:48        6.294462        0.982444
FIRE:   31 14:03:48        6.215255        0.850886
FIRE:   32 14:03:48        6.155347        0.611164
FIRE:   33 14:03:48        6.076260        0.497319
FIRE:   34 14:03:48        6.005731        0.493970
FIRE:   35 14:03:48        5.936784        0.630965
FIRE:   36 14:03:48        5.862200        0.543376
FIRE:   37 14:03:48        5.794044        0.434039
FIRE:   38 14:03:48        5.737332        0.482720
FIRE:   39 14:03:48        5.671419        0.446227
FIRE:   40 14:03:48        5.588582        0.414389
FIRE:   41 14:03:48        5.506261        0.335366
FIRE:   42 14:03:48        5.444227        0.440428
FIRE:   43 14:03:48        5.408949        0.372211
FIRE:   44 14:03:48        5.398817        0.347895
FIRE:   45 14:03:48        5.382221        0.303464
FIRE:   46 14:03:49        5.364353        0.246264
FIRE:   47 14:03:49        5.349166        0.185885
FIRE:   48 14:03:49        5.337756        0.180090
FIRE:   49 14:03:49        5.328945        0.190294
FIRE:   50 14:03:49        5.321271        0.164170
FIRE:   51 14:03:49        5.313316        0.150809
FIRE:   52 14:03:49        5.304907        0.173404
FIRE:   53 14:03:49        5.295007        0.175106
FIRE:   54 14:03:49        5.282081        0.154805
FIRE:   55 14:03:49        5.266812        0.142408
FIRE:   56 14:03:49        5.250603        0.161055
FIRE:   57 14:03:49        5.230325        0.146307
FIRE:   58 14:03:49        5.207319        0.152366
FIRE:   59 14:03:49        5.182940        0.166264
FIRE:   60 14:03:49        5.155136        0.183510
FIRE:   61 14:03:49        5.115521        0.184710
FIRE:   62 14:03:49        5.051553        0.235836
FIRE:   63 14:03:49        4.980479        0.254576
FIRE:   64 14:03:49        4.901852        0.250726
FIRE:   65 14:03:49        4.814316        0.260157
FIRE:   66 14:03:49        4.717484        0.278816
FIRE:   67 14:03:49        4.613640        0.289111
FIRE:   68 14:03:49        4.502116        0.296862
FIRE:   69 14:03:49        4.381529        0.303847
FIRE:   70 14:03:49        4.254238        0.303836
FIRE:   71 14:03:49        4.125490        0.300917
FIRE:   72 14:03:49        4.001368        0.307358
FIRE:   73 14:03:49        3.886333        0.307201
FIRE:   74 14:03:49        3.783949        0.300421
FIRE:   75 14:03:49        3.697380        0.284996
FIRE:   76 14:03:50        3.627401        0.258960
FIRE:   77 14:03:50        3.567147        0.289068
FIRE:   78 14:03:50        3.508524        0.279901
FIRE:   79 14:03:50        3.452511        0.201791
FIRE:   80 14:03:50        3.400557        0.214836
FIRE:   81 14:03:50        3.355476        0.173282
FIRE:   82 14:03:50        3.326856        0.147094
FIRE:   83 14:03:50        3.318475        0.242677
FIRE:   84 14:03:50        3.284626        0.192466
FIRE:   85 14:03:50        3.274575        0.144103
FIRE:   86 14:03:50        3.266373        0.182433
FIRE:   87 14:03:50        3.253389        0.144526
FIRE:   88 14:03:50        3.235209        0.172140
FIRE:   89 14:03:50        3.210549        0.164509
FIRE:   90 14:03:50        3.182755        0.183909
FIRE:   91 14:03:50        3.149810        0.170206
FIRE:   92 14:03:50        3.112523        0.225654
FIRE:   93 14:03:50        3.079967        0.304231
FIRE:   94 14:03:50        3.038116        0.211339
FIRE:   95 14:03:50        2.996606        0.296531
FIRE:   96 14:03:50        2.960391        0.379528
FIRE:   97 14:03:50        2.941470        0.208623
FIRE:   98 14:03:50        2.937039        0.368387
FIRE:   99 14:03:50        2.930930        0.262373
FIRE:  100 14:03:50        2.923826        0.205005
FIRE:  101 14:03:50        2.920043        0.210534
FIRE:  102 14:03:50        2.917809        0.265204
FIRE:  103 14:03:50        2.912521        0.291604
FIRE:  104 14:03:51        2.903140        0.220687
FIRE:  105 14:03:51        2.892855        0.212732
FIRE:  106 14:03:51        2.884018        0.208931
FIRE:  107 14:03:51        2.874441        0.206646
FIRE:  108 14:03:51        2.858890        0.208488
FIRE:  109 14:03:51        2.840838        0.213771
FIRE:  110 14:03:51        2.822570        0.217282
FIRE:  111 14:03:51        2.795996        0.214560
FIRE:  112 14:03:51        2.768131        0.209103
FIRE:  113 14:03:51        2.731115        0.211983
FIRE:  114 14:03:51        2.692429        0.236973
FIRE:  115 14:03:51        2.643017        0.209720
FIRE:  116 14:03:51        2.592545        0.191884
FIRE:  117 14:03:51        2.549775        0.168454
FIRE:  118 14:03:51        2.514074        0.264999
FIRE:  119 14:03:51        2.481886        0.248344
FIRE:  120 14:03:51        2.454517        0.246125
FIRE:  121 14:03:51        2.432506        0.251981
FIRE:  122 14:03:51        2.426755        0.160055
FIRE:  123 14:03:51        2.424839        0.106415
FIRE:  124 14:03:51        2.423119        0.099865
FIRE:  125 14:03:51        2.422520        0.107462
FIRE:  126 14:03:51        2.422265        0.096806
FIRE:  127 14:03:51        2.421820        0.094574
FIRE:  128 14:03:51        2.421286        0.095786
FIRE:  129 14:03:51        2.420755        0.097074
FIRE:  130 14:03:51        2.420268        0.098188
FIRE:  131 14:03:52        2.419789        0.098893
FIRE:  132 14:03:52        2.419242        0.099044
FIRE:  133 14:03:52        2.418484        0.098504
FIRE:  134 14:03:52        2.417460        0.097102
FIRE:  135 14:03:52        2.416211        0.094747
FIRE:  136 14:03:52        2.414852        0.091584
FIRE:  137 14:03:52        2.413397        0.088250
FIRE:  138 14:03:52        2.411647        0.085661
FIRE:  139 14:03:52        2.409495        0.084323
FIRE:  140 14:03:52        2.407153        0.083656
FIRE:  141 14:03:52        2.404548        0.081712
FIRE:  142 14:03:52        2.401379        0.077234
FIRE:  143 14:03:52        2.397880        0.071541
FIRE:  144 14:03:52        2.393675        0.070395
FIRE:  145 14:03:52        2.388911        0.071736
FIRE:  146 14:03:52        2.383228        0.071361
FIRE:  147 14:03:52        2.376677        0.070930
FIRE:  148 14:03:52        2.369182        0.069168
FIRE:  149 14:03:52        2.361109        0.132563
FIRE:  150 14:03:52        2.354536        0.283744
FIRE:  151 14:03:52        2.349654        0.061933
FIRE:  152 14:03:52        2.352205        0.239688
FIRE:  153 14:03:52        2.350828        0.186657
FIRE:  154 14:03:53        2.349173        0.092367
FIRE:  155 14:03:53        2.348500        0.062457
FIRE:  156 14:03:53        2.348478        0.062425
FIRE:  157 14:03:53        2.348436        0.062362
FIRE:  158 14:03:53        2.348375        0.062275
FIRE:  159 14:03:53        2.348296        0.062169
FIRE:  160 14:03:53        2.348201        0.062055
FIRE:  161 14:03:53        2.348090        0.061944
FIRE:  162 14:03:53        2.347965        0.061847
FIRE:  163 14:03:53        2.347807        0.061771
FIRE:  164 14:03:53        2.347609        0.061735
FIRE:  165 14:03:53        2.347358        0.061762
FIRE:  166 14:03:53        2.347042        0.061870
FIRE:  167 14:03:53        2.346647        0.062066
FIRE:  168 14:03:53        2.346160        0.062331
FIRE:  169 14:03:53        2.345564        0.062612
FIRE:  170 14:03:53        2.344830        0.062829
FIRE:  171 14:03:53        2.343923        0.062913
FIRE:  172 14:03:53        2.342805        0.062872
FIRE:  173 14:03:53        2.341437        0.062859
FIRE:  174 14:03:53        2.339750        0.063126
FIRE:  175 14:03:53        2.337664        0.063795
FIRE:  176 14:03:53        2.335086        0.064618
FIRE:  177 14:03:53        2.331871        0.065231
FIRE:  178 14:03:53        2.327849        0.065980
FIRE:  179 14:03:54        2.322761        0.067740
FIRE:  180 14:03:54        2.316266        0.069968
FIRE:  181 14:03:54        2.307858        0.072266
FIRE:  182 14:03:54        2.296830        0.076522
FIRE:  183 14:03:54        2.282358        0.078351
FIRE:  184 14:03:54        2.264946        0.195285
FIRE:  185 14:03:54        2.262335        0.676651
FIRE:  186 14:03:54        2.239093        0.132824
FIRE:  187 14:03:54        2.238462        0.094644
FIRE:  188 14:03:54        2.237666        0.083908
FIRE:  189 14:03:54        2.237079        0.082593
FIRE:  190 14:03:54        2.236498        0.094121
FIRE:  191 14:03:54        2.235495        0.099089
FIRE:  192 14:03:54        2.234032        0.082440
FIRE:  193 14:03:54        2.232454        0.083478
FIRE:  194 14:03:54        2.230797        0.084341
FIRE:  195 14:03:54        2.228665        0.084217
FIRE:  196 14:03:54        2.225677        0.082758
FIRE:  197 14:03:54        2.222240        0.080602
FIRE:  198 14:03:54        2.218055        0.079657
FIRE:  199 14:03:54        2.212626        0.080723
FIRE:  200 14:03:54        2.206364        0.082156
FIRE:  201 14:03:54        2.198454        0.080552
FIRE:  202 14:03:54        2.189232        0.080425
FIRE:  203 14:03:54        2.178652        0.087839
FIRE:  204 14:03:54        2.166781        0.111967
FIRE:  205 14:03:55        2.154719        0.182302
FIRE:  206 14:03:55        2.146861        0.376605
FIRE:  207 14:03:55        2.140000        0.069344
FIRE:  208 14:03:55        2.144155        0.330488
FIRE:  209 14:03:55        2.142069        0.253678
FIRE:  210 14:03:55        2.139671        0.119607
FIRE:  211 14:03:55        2.138899        0.067187
FIRE:  212 14:03:55        2.138873        0.067214
FIRE:  213 14:03:55        2.138823        0.067265
FIRE:  214 14:03:55        2.138754        0.067336
FIRE:  215 14:03:55        2.138668        0.067419
FIRE:  216 14:03:55        2.138571        0.067501
FIRE:  217 14:03:55        2.138463        0.067567
FIRE:  218 14:03:55        2.138345        0.067598
FIRE:  219 14:03:55        2.138200        0.067573
FIRE:  220 14:03:55        2.138018        0.067455
FIRE:  221 14:03:55        2.137786        0.067202
FIRE:  222 14:03:55        2.137490        0.066774
FIRE:  223 14:03:55        2.137121        0.066146
FIRE:  224 14:03:55        2.136673        0.065327
FIRE:  225 14:03:55        2.136138        0.064370
FIRE:  226 14:03:55        2.135489        0.063364
FIRE:  227 14:03:55        2.134691        0.062389
FIRE:  228 14:03:55        2.133727        0.061441
FIRE:  229 14:03:55        2.132586        0.060340
FIRE:  230 14:03:56        2.131222        0.058762
FIRE:  231 14:03:56        2.129599        0.056552
FIRE:  232 14:03:56        2.127712        0.054048
FIRE:  233 14:03:56        2.125506        0.051691
FIRE:  234 14:03:56        2.122996        0.048948
FIRE:  235 14:03:56        2.120168        0.044781
FIRE:  236 14:03:56        2.117076        0.040424
FIRE:  237 14:03:56        2.113817        0.034909
FIRE:  238 14:03:56        2.110611        0.038441
FIRE:  239 14:03:56        2.108245        0.120003
FIRE:  240 14:03:56        2.109238        0.285631
FIRE:  241 14:03:56        2.105270        0.022755
FIRE:  242 14:03:56        2.108431        0.265149
FIRE:  243 14:03:56        2.107052        0.202002
FIRE:  244 14:03:56        2.105530        0.091977
FIRE:  245 14:03:56        2.105202        0.040696
FIRE:  246 14:03:56        2.105191        0.038439
FIRE:  247 14:03:56        2.105172        0.034093
FIRE:  248 14:03:56        2.105149        0.028020
FIRE:  249 14:03:56        2.105124        0.020874
FIRE:  250 14:03:56        2.105103        0.019744
FIRE:  251 14:03:56        2.105088        0.019612
FIRE:  252 14:03:56        2.105078        0.019486
FIRE:  253 14:03:56        2.105069        0.019367
FIRE:  254 14:03:56        2.105057        0.023379
FIRE:  255 14:03:56        2.105036        0.024780
FIRE:  256 14:03:57        2.105003        0.022549
FIRE:  257 14:03:57        2.104959        0.019187
FIRE:  258 14:03:57        2.104910        0.019216
FIRE:  259 14:03:57        2.104863        0.019213
FIRE:  260 14:03:57        2.104810        0.019109
FIRE:  261 14:03:57        2.104736        0.018860
FIRE:  262 14:03:57        2.104640        0.018460
FIRE:  263 14:03:57        2.104540        0.017988
FIRE:  264 14:03:57        2.104421        0.017623
FIRE:  265 14:03:57        2.104264        0.017433
FIRE:  266 14:03:57        2.104092        0.017235
FIRE:  267 14:03:57        2.103875        0.016698
FIRE:  268 14:03:57        2.103626        0.016713
FIRE:  269 14:03:57        2.103317        0.015722
FIRE:  270 14:03:57        2.102971        0.019011
FIRE:  271 14:03:57        2.102555        0.021724
FIRE:  272 14:03:57        2.102067        0.019310
FIRE:  273 14:03:57        2.101522        0.030906
FIRE:  274 14:03:57        2.101065        0.071497
FIRE:  275 14:03:57        2.100798        0.015043
FIRE:  276 14:03:57        2.100948        0.065807
FIRE:  277 14:03:57        2.100859        0.050187
FIRE:  278 14:03:57        2.100758        0.023537
FIRE:  279 14:03:57        2.100727        0.015140
FIRE:  280 14:03:57        2.100725        0.015132
FIRE:  281 14:03:58        2.100722        0.015115
FIRE:  282 14:03:58        2.100717        0.015091
FIRE:  283 14:03:58        2.100710        0.015062
FIRE:  284 14:03:58        2.100703        0.015030
FIRE:  285 14:03:58        2.100696        0.014997
FIRE:  286 14:03:58        2.100687        0.014966
FIRE:  287 14:03:58        2.100677        0.014938
FIRE:  288 14:03:58        2.100664        0.014916
FIRE:  289 14:03:58        2.100647        0.014904
FIRE:  290 14:03:58        2.100625        0.014905
FIRE:  291 14:03:58        2.100598        0.014918
FIRE:  292 14:03:58        2.100565        0.014939
FIRE:  293 14:03:58        2.100525        0.014954
FIRE:  294 14:03:58        2.100475        0.014948
FIRE:  295 14:03:58        2.100413        0.014909
FIRE:  296 14:03:58        2.100337        0.014845
FIRE:  297 14:03:58        2.100244        0.014794
FIRE:  298 14:03:58        2.100129        0.014799
FIRE:  299 14:03:58        2.099988        0.014864
FIRE:  300 14:03:58        2.099814        0.014947
FIRE:  301 14:03:58        2.099599        0.015130
FIRE:  302 14:03:58        2.099335        0.015392
FIRE:  303 14:03:58        2.099007        0.015839
FIRE:  304 14:03:58        2.098599        0.016142
FIRE:  305 14:03:58        2.098091        0.016554
FIRE:  306 14:03:58        2.097452        0.017161
FIRE:  307 14:03:59        2.096656        0.022035
FIRE:  308 14:03:59        2.095833        0.067416
FIRE:  309 14:03:59        2.096943        0.237676
FIRE:  310 14:03:59        2.094471        0.059932
FIRE:  311 14:03:59        2.094369        0.041900
FIRE:  312 14:03:59        2.094269        0.020140
FIRE:  313 14:03:59        2.094253        0.026410
FIRE:  314 14:03:59        2.094247        0.024798
FIRE:  315 14:03:59        2.094235        0.021786
FIRE:  316 14:03:59        2.094220        0.019920
FIRE:  317 14:03:59        2.094203        0.020020
FIRE:  318 14:03:59        2.094186        0.020131
FIRE:  319 14:03:59        2.094170        0.020243
FIRE:  320 14:03:59        2.094152        0.020345
FIRE:  321 14:03:59        2.094129        0.020437
FIRE:  322 14:03:59        2.094098        0.020511
FIRE:  323 14:03:59        2.094057        0.020558
FIRE:  324 14:03:59        2.094004        0.020581
FIRE:  325 14:03:59        2.093941        0.020599
FIRE:  326 14:03:59        2.093867        0.020649
FIRE:  327 14:03:59        2.093775        0.020781
FIRE:  328 14:03:59        2.093655        0.021030
FIRE:  329 14:03:59        2.093508        0.021390
FIRE:  330 14:03:59        2.093330        0.021779
FIRE:  331 14:04:00        2.093104        0.022095
FIRE:  332 14:04:00        2.092823        0.022359
FIRE:  333 14:04:00        2.092474        0.022788
FIRE:  334 14:04:00        2.092030        0.023514
FIRE:  335 14:04:00        2.091473        0.024261
FIRE:  336 14:04:00        2.090761        0.024902
FIRE:  337 14:04:00        2.089839        0.026135
FIRE:  338 14:04:00        2.088634        0.027522
FIRE:  339 14:04:00        2.087028        0.029300
FIRE:  340 14:04:00        2.084872        0.032414
FIRE:  341 14:04:00        2.082338        0.107684
FIRE:  342 14:04:00        2.084925        0.382942
FIRE:  343 14:04:00        2.078161        0.118440
FIRE:  344 14:04:00        2.077787        0.082098
FIRE:  345 14:04:00        2.077435        0.040666
FIRE:  346 14:04:00        2.077382        0.051651
FIRE:  347 14:04:00        2.077353        0.048177
FIRE:  348 14:04:00        2.077302        0.041748
FIRE:  349 14:04:00        2.077235        0.041429
FIRE:  350 14:04:00        2.077165        0.041325
FIRE:  351 14:04:00        2.077095        0.041234
FIRE:  352 14:04:00        2.077027        0.041175
FIRE:  353 14:04:00        2.076953        0.041167
FIRE:  354 14:04:00        2.076856        0.041225
FIRE:  355 14:04:01        2.076723        0.041373
FIRE:  356 14:04:01        2.076542        0.041631
FIRE:  357 14:04:01        2.076316        0.042011
FIRE:  358 14:04:01        2.076049        0.042498
FIRE:  359 14:04:01        2.075732        0.043038
FIRE:  360 14:04:01        2.075326        0.043553
FIRE:  361 14:04:01        2.074800        0.044009
FIRE:  362 14:04:01        2.074156        0.044495
FIRE:  363 14:04:01        2.073364        0.045240
FIRE:  364 14:04:01        2.072341        0.046443
FIRE:  365 14:04:01        2.071066        0.048075
FIRE:  366 14:04:01        2.069443        0.049758
FIRE:  367 14:04:01        2.067363        0.051467
FIRE:  368 14:04:01        2.064680        0.054019
FIRE:  369 14:04:01        2.061197        0.057533
FIRE:  370 14:04:01        2.056592        0.060884
FIRE:  371 14:04:01        2.050453        0.065972
FIRE:  372 14:04:01        2.042185        0.071250
FIRE:  373 14:04:01        2.031124        0.078934
FIRE:  374 14:04:01        2.018460        0.232617
FIRE:  375 14:04:01        2.035290        0.839498
FIRE:  376 14:04:01        1.999196        0.257697
FIRE:  377 14:04:01        1.997286        0.174736
FIRE:  378 14:04:01        1.995560        0.091256
FIRE:  379 14:04:02        1.995453        0.108864
FIRE:  380 14:04:02        1.995309        0.100306
FIRE:  381 14:04:02        1.995054        0.092406
FIRE:  382 14:04:02        1.994736        0.092037
FIRE:  383 14:04:02        1.994410        0.091615
FIRE:  384 14:04:02        1.994110        0.091188
FIRE:  385 14:04:02        1.993833        0.090809
FIRE:  386 14:04:02        1.993543        0.090517
FIRE:  387 14:04:02        1.993154        0.090318
FIRE:  388 14:04:02        1.992600        0.090247
FIRE:  389 14:04:02        1.991843        0.090338
FIRE:  390 14:04:02        1.990903        0.090603
FIRE:  391 14:04:02        1.989829        0.090995
FIRE:  392 14:04:02        1.988583        0.091354
FIRE:  393 14:04:02        1.986989        0.091462
FIRE:  394 14:04:02        1.984924        0.091217
FIRE:  395 14:04:02        1.982467        0.090806
FIRE:  396 14:04:02        1.979526        0.090716
FIRE:  397 14:04:02        1.975782        0.091284
FIRE:  398 14:04:02        1.971309        0.092273
FIRE:  399 14:04:02        1.965822        0.092568
FIRE:  400 14:04:02        1.959187        0.091990
FIRE:  401 14:04:02        1.951175        0.092142
FIRE:  402 14:04:02        1.941789        0.092261
FIRE:  403 14:04:02        1.930893        0.088942
FIRE:  404 14:04:02        1.918872        0.086377
FIRE:  405 14:04:03        1.906828        0.109176
FIRE:  406 14:04:03        1.898809        0.267628
FIRE:  407 14:04:03        1.894188        0.066944
FIRE:  408 14:04:03        1.896493        0.220529
FIRE:  409 14:04:03        1.895243        0.170292
FIRE:  410 14:04:03        1.893755        0.083004
FIRE:  411 14:04:03        1.893156        0.064371
FIRE:  412 14:04:03        1.893138        0.064322
FIRE:  413 14:04:03        1.893104        0.064226
FIRE:  414 14:04:03        1.893054        0.064086
FIRE:  415 14:04:03        1.892989        0.063904
FIRE:  416 14:04:03        1.892911        0.063687
FIRE:  417 14:04:03        1.892820        0.063439
FIRE:  418 14:04:03        1.892718        0.063169
FIRE:  419 14:04:03        1.892590        0.062850
FIRE:  420 14:04:03        1.892429        0.062481
FIRE:  421 14:04:03        1.892228        0.062061
FIRE:  422 14:04:03        1.891976        0.061586
FIRE:  423 14:04:03        1.891666        0.061048
FIRE:  424 14:04:03        1.891287        0.060425
FIRE:  425 14:04:03        1.890831        0.059680
FIRE:  426 14:04:03        1.890282        0.058757
FIRE:  427 14:04:03        1.889621        0.057604
FIRE:  428 14:04:03        1.888832        0.056197
FIRE:  429 14:04:04        1.887906        0.054587
FIRE:  430 14:04:04        1.886824        0.052885
FIRE:  431 14:04:04        1.885570        0.051158
FIRE:  432 14:04:04        1.884146        0.049269
FIRE:  433 14:04:04        1.882546        0.046966
FIRE:  434 14:04:04        1.880795        0.044341
FIRE:  435 14:04:04        1.878920        0.041692
FIRE:  436 14:04:04        1.876979        0.038029
FIRE:  437 14:04:04        1.875063        0.033131
FIRE:  438 14:04:04        1.873332        0.027369
FIRE:  439 14:04:04        1.872271        0.072405
FIRE:  440 14:04:04        1.873109        0.173298
FIRE:  441 14:04:04        1.871246        0.022994
FIRE:  442 14:04:04        1.872562        0.151559
FIRE:  443 14:04:04        1.872007        0.116723
FIRE:  444 14:04:04        1.871368        0.055686
FIRE:  445 14:04:04        1.871178        0.016982
FIRE:  446 14:04:04        1.871176        0.016087
FIRE:  447 14:04:04        1.871172        0.014348
FIRE:  448 14:04:04        1.871166        0.012157
FIRE:  449 14:04:04        1.871160        0.012035
FIRE:  450 14:04:04        1.871154        0.011896
FIRE:  451 14:04:04        1.871148        0.011749
FIRE:  452 14:04:04        1.871143        0.011607
FIRE:  453 14:04:04        1.871138        0.011469
FIRE:  454 14:04:04        1.871131        0.011352
FIRE:  455 14:04:05        1.871122        0.011272
FIRE:  456 14:04:05        1.871110        0.011244
FIRE:  457 14:04:05        1.871094        0.011275
FIRE:  458 14:04:05        1.871075        0.011355
FIRE:  459 14:04:05        1.871055        0.011445
FIRE:  460 14:04:05        1.871033        0.011472
FIRE:  461 14:04:05        1.871005        0.011369
FIRE:  462 14:04:05        1.870972        0.011106
FIRE:  463 14:04:05        1.870936        0.010737
FIRE:  464 14:04:05        1.870896        0.010437
FIRE:  465 14:04:05        1.870848        0.010294
FIRE:  466 14:04:05        1.870800        0.010109
FIRE:  467 14:04:05        1.870744        0.009488
