      Step     Time          Energy          fmax
FIRE:    0 16:39:32      174.455167      107.520808
FIRE:    1 16:39:32      135.082964       65.976405
FIRE:    2 16:39:33      108.762186       41.160708
FIRE:    3 16:39:33       91.346407       29.186721
FIRE:    4 16:39:33       79.494045       21.271486
FIRE:    5 16:39:33       70.770490       21.127755
FIRE:    6 16:39:33       63.852208       19.028045
FIRE:    7 16:39:33       58.360048       15.926779
FIRE:    8 16:39:33       54.242197       12.356830
FIRE:    9 16:39:33       51.128069       11.668328
FIRE:   10 16:39:33       48.065595       16.020164
FIRE:   11 16:39:33       44.260413       14.488708
FIRE:   12 16:39:33       39.954508       11.785006
FIRE:   13 16:39:33       36.017370        9.562824
FIRE:   14 16:39:33       32.902336        9.096776
FIRE:   15 16:39:33       30.467172        9.126553
FIRE:   16 16:39:33       28.534119        8.424173
FIRE:   17 16:39:33       27.145990        8.018660
FIRE:   18 16:39:33       26.162164        7.607995
FIRE:   19 16:39:33       25.111797        7.285716
FIRE:   20 16:39:33       23.905763        6.604086
FIRE:   21 16:39:33       22.831554        6.116390
FIRE:   22 16:39:33       21.819690        5.641757
FIRE:   23 16:39:33       20.705845        5.126905
FIRE:   24 16:39:33       19.626103        5.406931
FIRE:   25 16:39:33       18.614687        5.437406
FIRE:   26 16:39:33       17.495702        5.459771
FIRE:   27 16:39:33       16.331432        5.686387
FIRE:   28 16:39:33       15.206918        5.886192
FIRE:   29 16:39:33       14.077047        5.608082
FIRE:   30 16:39:33       12.993393        4.674775
FIRE:   31 16:39:33       12.056093        3.189385
FIRE:   32 16:39:34       11.340261        2.606599
FIRE:   33 16:39:34       10.921973        3.692026
FIRE:   34 16:39:34       10.785879        5.977756
FIRE:   35 16:39:34       10.087139        1.639509
FIRE:   36 16:39:34        9.897469        2.713870
FIRE:   37 16:39:34        9.684044        1.906467
FIRE:   38 16:39:34        9.287695        1.175503
FIRE:   39 16:39:34        9.308230        2.492314
FIRE:   40 16:39:34        9.182769        1.512633
FIRE:   41 16:39:34        9.089622        0.446586
FIRE:   42 16:39:34        9.076834        0.850165
FIRE:   43 16:39:34        9.069319        0.811181
FIRE:   44 16:39:34        9.055866        0.735341
FIRE:   45 16:39:34        9.038962        0.626891
FIRE:   46 16:39:34        9.021018        0.492479
FIRE:   47 16:39:34        9.003494        0.342299
FIRE:   48 16:39:34        8.986504        0.363606
FIRE:   49 16:39:34        8.969023        0.503730
FIRE:   50 16:39:34        8.947288        0.607030
FIRE:   51 16:39:34        8.918532        0.644618
FIRE:   52 16:39:34        8.880137        0.591955
FIRE:   53 16:39:34        8.830646        0.445290
FIRE:   54 16:39:34        8.769708        0.328715
FIRE:   55 16:39:34        8.695886        0.399135
FIRE:   56 16:39:34        8.602467        0.413864
FIRE:   57 16:39:34        8.477221        0.374242
FIRE:   58 16:39:34        8.314534        0.390728
FIRE:   59 16:39:34        8.122316        0.445918
FIRE:   60 16:39:34        7.936309        0.539827
FIRE:   61 16:39:35        7.776410        0.465583
FIRE:   62 16:39:35        7.671527        0.278130
FIRE:   63 16:39:35        7.659556        0.432253
FIRE:   64 16:39:35        7.643918        0.344417
FIRE:   65 16:39:35        7.620674        0.287681
FIRE:   66 16:39:35        7.598832        0.277423
FIRE:   67 16:39:35        7.582610        0.241011
FIRE:   68 16:39:35        7.571421        0.214808
FIRE:   69 16:39:35        7.562673        0.216789
FIRE:   70 16:39:35        7.554807        0.178605
FIRE:   71 16:39:35        7.547805        0.197334
FIRE:   72 16:39:35        7.542685        0.212013
FIRE:   73 16:39:35        7.536271        0.181110
FIRE:   74 16:39:35        7.525952        0.182628
FIRE:   75 16:39:35        7.516745        0.160794
FIRE:   76 16:39:35        7.513633        0.127246
FIRE:   77 16:39:35        7.512384        0.113904
FIRE:   78 16:39:35        7.510472        0.100994
FIRE:   79 16:39:35        7.508659        0.083079
FIRE:   80 16:39:35        7.507344        0.064901
FIRE:   81 16:39:35        7.506328        0.069794
FIRE:   82 16:39:35        7.505196        0.073759
FIRE:   83 16:39:35        7.503801        0.065778
FIRE:   84 16:39:35        7.502145        0.069915
FIRE:   85 16:39:35        7.500456        0.084119
FIRE:   86 16:39:35        7.498520        0.097204
FIRE:   87 16:39:35        7.495781        0.104790
FIRE:   88 16:39:35        7.492348        0.104268
FIRE:   89 16:39:35        7.488746        0.098401
FIRE:   90 16:39:35        7.483820        0.097595
FIRE:   91 16:39:35        7.476628        0.108550
FIRE:   92 16:39:36        7.467440        0.125211
FIRE:   93 16:39:36        7.454561        0.132510
FIRE:   94 16:39:36        7.437475        0.131523
FIRE:   95 16:39:36        7.412997        0.144694
FIRE:   96 16:39:36        7.378947        0.149043
FIRE:   97 16:39:36        7.336218        0.193234
FIRE:   98 16:39:36        7.299824        0.378109
FIRE:   99 16:39:36        7.279320        0.641261
FIRE:  100 16:39:36        7.248746        0.341753
FIRE:  101 16:39:36        7.241400        0.215641
FIRE:  102 16:39:36        7.235462        0.160308
FIRE:  103 16:39:36        7.235396        0.190070
FIRE:  104 16:39:36        7.234595        0.171952
FIRE:  105 16:39:36        7.233203        0.165808
FIRE:  106 16:39:36        7.231557        0.163754
FIRE:  107 16:39:36        7.229982        0.161251
FIRE:  108 16:39:36        7.228638        0.158605
FIRE:  109 16:39:36        7.227430        0.156823
FIRE:  110 16:39:36        7.226082        0.158474
FIRE:  111 16:39:36        7.224114        0.159156
FIRE:  112 16:39:36        7.221230        0.158526
FIRE:  113 16:39:36        7.217402        0.156471
FIRE:  114 16:39:36        7.212923        0.158028
FIRE:  115 16:39:36        7.207990        0.160094
FIRE:  116 16:39:36        7.202020        0.160345
FIRE:  117 16:39:36        7.194074        0.157644
FIRE:  118 16:39:36        7.184233        0.153181
FIRE:  119 16:39:36        7.173007        0.157524
FIRE:  120 16:39:36        7.159090        0.158294
FIRE:  121 16:39:36        7.142192        0.154309
FIRE:  122 16:39:37        7.122991        0.151097
FIRE:  123 16:39:37        7.100187        0.153396
FIRE:  124 16:39:37        7.075551        0.153116
FIRE:  125 16:39:37        7.049446        0.138962
FIRE:  126 16:39:37        7.024437        0.129160
FIRE:  127 16:39:37        7.004403        0.104943
FIRE:  128 16:39:37        6.994092        0.090828
FIRE:  129 16:39:37        6.994602        0.169553
FIRE:  130 16:39:37        6.991882        0.125392
FIRE:  131 16:39:37        6.990516        0.121603
FIRE:  132 16:39:37        6.990058        0.121937
FIRE:  133 16:39:37        6.989316        0.122460
FIRE:  134 16:39:37        6.988507        0.122919
FIRE:  135 16:39:37        6.987722        0.123034
FIRE:  136 16:39:37        6.986857        0.122609
FIRE:  137 16:39:37        6.985749        0.121589
FIRE:  138 16:39:37        6.984352        0.119987
FIRE:  139 16:39:37        6.982620        0.117597
FIRE:  140 16:39:37        6.980730        0.114425
FIRE:  141 16:39:37        6.978665        0.110834
FIRE:  142 16:39:37        6.976115        0.107314
FIRE:  143 16:39:37        6.973087        0.103689
FIRE:  144 16:39:37        6.969955        0.098434
FIRE:  145 16:39:37        6.966390        0.089873
FIRE:  146 16:39:37        6.962579        0.077912
FIRE:  147 16:39:37        6.958720        0.066145
FIRE:  148 16:39:37        6.954940        0.054906
FIRE:  149 16:39:37        6.951231        0.048248
FIRE:  150 16:39:37        6.947872        0.054898
FIRE:  151 16:39:37        6.944804        0.095971
FIRE:  152 16:39:37        6.941848        0.176812
FIRE:  153 16:39:37        6.940495        0.057213
FIRE:  154 16:39:37        6.940538        0.111670
FIRE:  155 16:39:38        6.940295        0.088796
FIRE:  156 16:39:38        6.939952        0.055741
FIRE:  157 16:39:38        6.939682        0.055105
FIRE:  158 16:39:38        6.939541        0.054452
FIRE:  159 16:39:38        6.939416        0.080094
FIRE:  160 16:39:38        6.939166        0.087943
FIRE:  161 16:39:38        6.938759        0.074072
FIRE:  162 16:39:38        6.938228        0.051897
FIRE:  163 16:39:38        6.937717        0.051033
FIRE:  164 16:39:38        6.937223        0.049839
FIRE:  165 16:39:38        6.936510        0.048350
FIRE:  166 16:39:38        6.935532        0.046236
FIRE:  167 16:39:38        6.934546        0.052865
FIRE:  168 16:39:38        6.933339        0.062326
FIRE:  169 16:39:38        6.931770        0.041642
FIRE:  170 16:39:38        6.930054        0.042139
FIRE:  171 16:39:38        6.927745        0.038568
FIRE:  172 16:39:38        6.924958        0.056944
FIRE:  173 16:39:38        6.921189        0.043028
FIRE:  174 16:39:38        6.915862        0.046139
FIRE:  175 16:39:38        6.908034        0.058020
FIRE:  176 16:39:38        6.896135        0.066050
FIRE:  177 16:39:38        6.880404        0.163178
FIRE:  178 16:39:38        6.885473        0.513740
FIRE:  179 16:39:38        6.859261        0.177798
FIRE:  180 16:39:38        6.857896        0.117244
FIRE:  181 16:39:38        6.856534        0.113149
FIRE:  182 16:39:38        6.856117        0.108699
FIRE:  183 16:39:38        6.855999        0.108683
FIRE:  184 16:39:38        6.855784        0.108651
FIRE:  185 16:39:38        6.855505        0.108597
FIRE:  186 16:39:39        6.855197        0.108506
FIRE:  187 16:39:39        6.854881        0.108346
FIRE:  188 16:39:39        6.854556        0.108073
FIRE:  189 16:39:39        6.854202        0.107646
FIRE:  190 16:39:39        6.853745        0.106954
FIRE:  191 16:39:39        6.853136        0.105915
FIRE:  192 16:39:39        6.852347        0.104460
FIRE:  193 16:39:39        6.851388        0.102568
FIRE:  194 16:39:39        6.850282        0.100303
FIRE:  195 16:39:39        6.848993        0.097833
FIRE:  196 16:39:39        6.847411        0.095388
FIRE:  197 16:39:39        6.845478        0.093188
FIRE:  198 16:39:39        6.843254        0.091287
FIRE:  199 16:39:39        6.840675        0.089253
FIRE:  200 16:39:39        6.837617        0.086413
FIRE:  201 16:39:39        6.834211        0.082542
FIRE:  202 16:39:39        6.830398        0.078113
FIRE:  203 16:39:39        6.826427        0.073055
FIRE:  204 16:39:39        6.822481        0.064388
FIRE:  205 16:39:39        6.819024        0.049344
FIRE:  206 16:39:39        6.816460        0.052631
FIRE:  207 16:39:39        6.815184        0.074193
FIRE:  208 16:39:39        6.814845        0.029767
FIRE:  209 16:39:39        6.814769        0.032695
FIRE:  210 16:39:39        6.814748        0.028415
FIRE:  211 16:39:39        6.814714        0.022145
FIRE:  212 16:39:39        6.814679        0.022370
FIRE:  213 16:39:39        6.814652        0.022500
FIRE:  214 16:39:39        6.814631        0.022410
FIRE:  215 16:39:39        6.814608        0.022030
FIRE:  216 16:39:39        6.814576        0.021346
FIRE:  217 16:39:39        6.814530        0.020253
FIRE:  218 16:39:39        6.814477        0.018706
FIRE:  219 16:39:40        6.814431        0.016731
FIRE:  220 16:39:40        6.814392        0.014579
FIRE:  221 16:39:40        6.814344        0.012535
FIRE:  222 16:39:40        6.814287        0.010656
FIRE:  223 16:39:40        6.814249        0.011489
FIRE:  224 16:39:40        6.814215        0.013948
FIRE:  225 16:39:40        6.814179        0.005477
