      Step     Time          Energy          fmax
FIRE:    0 16:34:36      442.940749       95.019342
FIRE:    1 16:34:36      392.413606      104.062852
FIRE:    2 16:34:36      345.604746      105.831647
FIRE:    3 16:34:36      302.779378      100.513089
FIRE:    4 16:34:36      264.860839       89.722953
FIRE:    5 16:34:36      232.502216       75.687377
FIRE:    6 16:34:36      205.644974       60.577946
FIRE:    7 16:34:36      183.460114       46.143896
FIRE:    8 16:34:36      164.576535       34.941804
FIRE:    9 16:34:36      147.753073       32.134455
FIRE:   10 16:34:36      132.377532       29.519342
FIRE:   11 16:34:36      118.405728       27.075450
FIRE:   12 16:34:36      105.895210       24.808295
FIRE:   13 16:34:36       94.690134       22.708466
FIRE:   14 16:34:36       84.518940       20.751476
FIRE:   15 16:34:36       75.261136       18.933038
FIRE:   16 16:34:36       67.072491       17.297123
FIRE:   17 16:34:36       60.321887       15.919628
FIRE:   18 16:34:36       55.411139       14.880145
FIRE:   19 16:34:36       52.437326       14.192211
FIRE:   20 16:34:36       50.771938       13.720523
FIRE:   21 16:34:36       49.182331       16.130099
FIRE:   22 16:34:36       46.541790       16.081615
FIRE:   23 16:34:36       42.843252       12.028936
FIRE:   24 16:34:36       39.172552       10.511120
FIRE:   25 16:34:37       36.461419        9.693999
FIRE:   26 16:34:37       34.567912        9.058598
FIRE:   27 16:34:37       32.710314        8.568013
FIRE:   28 16:34:37       30.409517        8.215706
FIRE:   29 16:34:37       27.814865        7.025298
FIRE:   30 16:34:37       25.437496        6.337684
FIRE:   31 16:34:37       23.640895        5.778324
FIRE:   32 16:34:37       22.273122        5.296412
FIRE:   33 16:34:37       20.936290        4.915367
FIRE:   34 16:34:37       19.478425        4.229309
FIRE:   35 16:34:37       18.050205        3.648033
FIRE:   36 16:34:37       16.861147        3.113957
FIRE:   37 16:34:37       15.957649        2.657947
FIRE:   38 16:34:37       15.226534        2.258812
FIRE:   39 16:34:37       14.577548        1.892006
FIRE:   40 16:34:37       14.006283        1.685833
FIRE:   41 16:34:37       13.553762        1.655255
FIRE:   42 16:34:37       13.242003        1.609549
FIRE:   43 16:34:37       13.029568        1.555962
FIRE:   44 16:34:37       12.843647        1.770071
FIRE:   45 16:34:37       12.634825        1.736975
FIRE:   46 16:34:37       12.398852        1.434349
FIRE:   47 16:34:37       12.163466        1.408214
FIRE:   48 16:34:37       11.957742        1.413475
FIRE:   49 16:34:37       11.790603        1.434796
FIRE:   50 16:34:37       11.651964        1.463834
FIRE:   51 16:34:37       11.524988        1.487891
FIRE:   52 16:34:37       11.396795        1.492516
FIRE:   53 16:34:37       11.261314        1.464953
FIRE:   54 16:34:37       11.117851        1.401045
FIRE:   55 16:34:38       10.967965        1.301912
FIRE:   56 16:34:38       10.814636        1.169840
FIRE:   57 16:34:38       10.668028        1.063752
FIRE:   58 16:34:38       10.558872        1.207663
FIRE:   59 16:34:38       10.547097        1.695033
FIRE:   60 16:34:38       10.144479        0.756793
FIRE:   61 16:34:38        9.999847        1.432524
FIRE:   62 16:34:38        9.793368        0.677769
FIRE:   63 16:34:38        9.605310        0.627667
FIRE:   64 16:34:38        9.412710        0.656753
FIRE:   65 16:34:38        9.236937        0.696880
FIRE:   66 16:34:38        9.154523        0.394841
FIRE:   67 16:34:38        9.167361        0.648603
FIRE:   68 16:34:38        9.102566        0.292228
FIRE:   69 16:34:38        9.091287        0.245240
FIRE:   70 16:34:38        9.083718        0.255969
FIRE:   71 16:34:38        9.079730        0.249410
FIRE:   72 16:34:38        9.071987        0.226127
FIRE:   73 16:34:38        9.064137        0.224278
FIRE:   74 16:34:38        9.058300        0.173847
FIRE:   75 16:34:38        9.049790        0.167985
FIRE:   76 16:34:38        9.040036        0.174845
FIRE:   77 16:34:38        9.033736        0.173433
FIRE:   78 16:34:38        9.024012        0.143432
FIRE:   79 16:34:38        9.016568        0.127030
FIRE:   80 16:34:38        9.006528        0.146662
FIRE:   81 16:34:38        8.997270        0.150734
FIRE:   82 16:34:38        8.983302        0.151353
FIRE:   83 16:34:38        8.961203        0.166390
FIRE:   84 16:34:38        8.928567        0.278742
FIRE:   85 16:34:39        8.874495        0.476358
FIRE:   86 16:34:39        8.834643        0.672326
FIRE:   87 16:34:39        8.779514        0.134136
FIRE:   88 16:34:39        8.777891        0.136083
FIRE:   89 16:34:39        8.774944        0.141333
FIRE:   90 16:34:39        8.770964        0.147225
FIRE:   91 16:34:39        8.765991        0.152026
FIRE:   92 16:34:39        8.759943        0.154520
FIRE:   93 16:34:39        8.752959        0.154484
FIRE:   94 16:34:39        8.745449        0.152843
FIRE:   95 16:34:39        8.736955        0.151330
FIRE:   96 16:34:39        8.727534        0.152698
FIRE:   97 16:34:39        8.717538        0.158240
FIRE:   98 16:34:39        8.707819        0.164532
FIRE:   99 16:34:39        8.698231        0.164730
FIRE:  100 16:34:39        8.687813        0.158779
FIRE:  101 16:34:39        8.674778        0.156847
FIRE:  102 16:34:39        8.657107        0.164318
FIRE:  103 16:34:39        8.634351        0.166911
FIRE:  104 16:34:39        8.607104        0.151252
FIRE:  105 16:34:39        8.579283        0.133323
FIRE:  106 16:34:39        8.556357        0.084649
FIRE:  107 16:34:39        8.543864        0.196101
FIRE:  108 16:34:39        8.541135        0.162652
FIRE:  109 16:34:39        8.537191        0.104260
FIRE:  110 16:34:39        8.533797        0.054639
FIRE:  111 16:34:39        8.531920        0.067971
FIRE:  112 16:34:39        8.531429        0.063802
FIRE:  113 16:34:40        8.531304        0.060493
FIRE:  114 16:34:40        8.531073        0.054068
FIRE:  115 16:34:40        8.530768        0.044913
FIRE:  116 16:34:40        8.530425        0.042997
FIRE:  117 16:34:40        8.530077        0.043918
FIRE:  118 16:34:40        8.529744        0.044380
FIRE:  119 16:34:40        8.529435        0.044248
FIRE:  120 16:34:40        8.529116        0.043447
FIRE:  121 16:34:40        8.528771        0.042086
FIRE:  122 16:34:40        8.528366        0.040534
FIRE:  123 16:34:40        8.527856        0.039269
FIRE:  124 16:34:40        8.527214        0.038584
FIRE:  125 16:34:40        8.526466        0.038227
FIRE:  126 16:34:40        8.525651        0.037266
FIRE:  127 16:34:40        8.524781        0.034946
FIRE:  128 16:34:40        8.523860        0.032140
FIRE:  129 16:34:40        8.522929        0.030429
FIRE:  130 16:34:40        8.522075        0.027285
FIRE:  131 16:34:40        8.521259        0.018645
FIRE:  132 16:34:40        8.520680        0.007544
