      Step     Time          Energy          fmax
FIRE:    0 13:42:31      547.567352      279.706389
FIRE:    1 13:42:31      426.895995      203.029609
FIRE:    2 13:42:31      340.423906      149.567949
FIRE:    3 13:42:31      277.216337      111.593014
FIRE:    4 13:42:31      228.950774       84.334968
FIRE:    5 13:42:32      190.374263       70.269303
FIRE:    6 13:42:32      159.342343       49.889304
FIRE:    7 13:42:32      135.335790       38.591857
FIRE:    8 13:42:32      117.734850       29.511176
FIRE:    9 13:42:32      105.036805       26.729265
FIRE:   10 13:42:32       95.303177       33.041559
FIRE:   11 13:42:32       87.214222       28.597541
FIRE:   12 13:42:32       80.538929       23.912864
FIRE:   13 13:42:32       75.716122       23.503155
FIRE:   14 13:42:32       72.164367       23.060238
FIRE:   15 13:42:32       68.587813       22.284826
FIRE:   16 13:42:32       65.050996       21.253151
FIRE:   17 13:42:32       62.240336       20.289420
FIRE:   18 13:42:32       59.515463       19.476299
FIRE:   19 13:42:32       56.413961       18.736063
FIRE:   20 13:42:32       53.557607       18.126138
FIRE:   21 13:42:32       51.019515       17.444563
FIRE:   22 13:42:32       48.200932       16.493010
FIRE:   23 13:42:32       45.501618       15.430792
FIRE:   24 13:42:32       43.086788       14.495470
FIRE:   25 13:42:32       40.536841       13.657531
FIRE:   26 13:42:32       38.096547       12.925854
FIRE:   27 13:42:32       35.881916       12.178472
FIRE:   28 13:42:32       33.610291       11.287436
FIRE:   29 13:42:32       31.505610       10.380331
FIRE:   30 13:42:32       29.558239        9.580959
FIRE:   31 13:42:33       27.642116        8.871116
FIRE:   32 13:42:33       25.926007        8.244168
FIRE:   33 13:42:33       24.326408        7.582488
FIRE:   34 13:42:33       22.811227        6.875938
FIRE:   35 13:42:33       21.470377        6.224661
FIRE:   36 13:42:33       20.214851        5.647861
FIRE:   37 13:42:33       19.051181        5.135688
FIRE:   38 13:42:33       18.012488        4.654772
FIRE:   39 13:42:33       17.034213        4.160607
FIRE:   40 13:42:33       16.130850        3.675051
FIRE:   41 13:42:33       15.309129        3.243660
FIRE:   42 13:42:33       14.529742        2.865005
FIRE:   43 13:42:33       13.803526        2.533419
FIRE:   44 13:42:33       13.134417        2.230889
FIRE:   45 13:42:33       12.500413        1.937743
FIRE:   46 13:42:33       11.910215        1.665646
FIRE:   47 13:42:33       11.373666        1.439629
FIRE:   48 13:42:33       10.881821        1.267156
FIRE:   49 13:42:33       10.441072        1.137320
FIRE:   50 13:42:33       10.064341        1.044084
FIRE:   51 13:42:33        9.748140        0.972509
FIRE:   52 13:42:33        9.487368        1.034457
FIRE:   53 13:42:33        9.282402        1.113119
FIRE:   54 13:42:33        9.129299        1.157921
FIRE:   55 13:42:33        9.016568        1.184344
FIRE:   56 13:42:33        8.926554        1.247688
FIRE:   57 13:42:34        8.840256        1.384321
FIRE:   58 13:42:34        8.747786        1.377104
FIRE:   59 13:42:34        8.657994        1.226571
FIRE:   60 13:42:34        8.595458        0.980490
FIRE:   61 13:42:34        8.587113        0.933118
FIRE:   62 13:42:34        8.287669        0.473151
FIRE:   63 13:42:34        8.183839        0.655787
FIRE:   64 13:42:34        8.054661        0.524031
FIRE:   65 13:42:34        8.076455        0.720600
FIRE:   66 13:42:34        7.928384        0.515011
FIRE:   67 13:42:34        7.906399        0.483900
FIRE:   68 13:42:34        7.877442        0.425440
FIRE:   69 13:42:34        7.851807        0.351457
FIRE:   70 13:42:34        7.828737        0.283172
FIRE:   71 13:42:34        7.804720        0.239177
FIRE:   72 13:42:34        7.779088        0.238551
FIRE:   73 13:42:34        7.753283        0.231116
FIRE:   74 13:42:34        7.728575        0.242456
FIRE:   75 13:42:34        7.699921        0.237508
FIRE:   76 13:42:34        7.661709        0.202751
FIRE:   77 13:42:34        7.623816        0.234107
FIRE:   78 13:42:34        7.586971        0.237461
FIRE:   79 13:42:34        7.535968        0.218937
FIRE:   80 13:42:34        7.469632        0.129342
FIRE:   81 13:42:34        7.414842        0.484799
FIRE:   82 13:42:34        7.384849        1.374824
FIRE:   83 13:42:35        7.356344        0.419264
FIRE:   84 13:42:35        7.354022        0.305608
FIRE:   85 13:42:35        7.351097        0.184444
FIRE:   86 13:42:35        7.349242        0.181713
FIRE:   87 13:42:35        7.347967        0.289369
FIRE:   88 13:42:35        7.345496        0.317081
FIRE:   89 13:42:35        7.341524        0.210419
FIRE:   90 13:42:35        7.337444        0.166912
FIRE:   91 13:42:35        7.333770        0.169516
FIRE:   92 13:42:35        7.329103        0.246476
FIRE:   93 13:42:35        7.321742        0.156862
FIRE:   94 13:42:35        7.313065        0.155799
FIRE:   95 13:42:35        7.302646        0.232271
FIRE:   96 13:42:35        7.287160        0.163231
FIRE:   97 13:42:35        7.268125        0.219892
FIRE:   98 13:42:35        7.239663        0.188110
FIRE:   99 13:42:35        7.199027        0.251635
FIRE:  100 13:42:35        7.131395        0.240026
FIRE:  101 13:42:35        7.010509        0.302525
FIRE:  102 13:42:35        6.809803        0.349093
FIRE:  103 13:42:35        6.617476        0.372072
FIRE:  104 13:42:36        6.574812        0.585463
FIRE:  105 13:42:36        6.533953        0.369057
FIRE:  106 13:42:36        6.496991        0.330891
FIRE:  107 13:42:36        6.479962        0.306024
FIRE:  108 13:42:36        6.466540        0.350260
FIRE:  109 13:42:36        6.437993        0.337668
FIRE:  110 13:42:36        6.396644        0.273154
FIRE:  111 13:42:36        6.348787        0.292513
FIRE:  112 13:42:36        6.303214        0.318596
FIRE:  113 13:42:36        6.262609        0.326408
FIRE:  114 13:42:36        6.206733        0.298736
FIRE:  115 13:42:36        6.129561        0.304037
FIRE:  116 13:42:36        6.062823        0.334982
FIRE:  117 13:42:36        5.977092        0.348155
FIRE:  118 13:42:36        5.905218        0.348586
FIRE:  119 13:42:36        5.834864        0.536486
FIRE:  120 13:42:36        5.769558        1.098781
FIRE:  121 13:42:36        5.748296        0.552585
FIRE:  122 13:42:36        5.743616        0.372510
FIRE:  123 13:42:36        5.738488        0.285331
FIRE:  124 13:42:36        5.736014        0.287265
FIRE:  125 13:42:37        5.733381        0.436846
FIRE:  126 13:42:37        5.726929        0.382622
FIRE:  127 13:42:37        5.718158        0.284191
FIRE:  128 13:42:37        5.710534        0.282162
FIRE:  129 13:42:37        5.702689        0.299620
FIRE:  130 13:42:37        5.690860        0.279788
FIRE:  131 13:42:37        5.675519        0.276947
FIRE:  132 13:42:37        5.659695        0.274976
FIRE:  133 13:42:37        5.638272        0.268494
FIRE:  134 13:42:37        5.612818        0.259567
FIRE:  135 13:42:37        5.582380        0.248979
FIRE:  136 13:42:37        5.544888        0.235840
FIRE:  137 13:42:37        5.499763        0.223347
FIRE:  138 13:42:37        5.447061        0.214331
FIRE:  139 13:42:37        5.383918        0.199499
FIRE:  140 13:42:37        5.319830        0.197630
FIRE:  141 13:42:37        5.262756        0.202001
FIRE:  142 13:42:37        5.214261        0.192617
FIRE:  143 13:42:37        5.183555        0.333774
FIRE:  144 13:42:37        5.183303        0.639448
FIRE:  145 13:42:37        5.163530        0.511259
FIRE:  146 13:42:37        5.144088        0.287052
FIRE:  147 13:42:37        5.135139        0.142762
FIRE:  148 13:42:37        5.134949        0.142415
FIRE:  149 13:42:37        5.134610        0.141751
FIRE:  150 13:42:37        5.134188        0.140821
FIRE:  151 13:42:38        5.133739        0.139683
FIRE:  152 13:42:38        5.133285        0.138391
FIRE:  153 13:42:38        5.132798        0.136991
FIRE:  154 13:42:38        5.132232        0.135518
FIRE:  155 13:42:38        5.131474        0.133831
FIRE:  156 13:42:38        5.130493        0.131924
FIRE:  157 13:42:38        5.129319        0.129786
FIRE:  158 13:42:38        5.128010        0.127369
FIRE:  159 13:42:38        5.126531        0.124530
FIRE:  160 13:42:38        5.124739        0.121096
FIRE:  161 13:42:38        5.122620        0.117065
FIRE:  162 13:42:38        5.120315        0.112769
FIRE:  163 13:42:38        5.117682        0.108664
FIRE:  164 13:42:38        5.114638        0.104957
FIRE:  165 13:42:38        5.111324        0.101096
FIRE:  166 13:42:38        5.107471        0.095898
FIRE:  167 13:42:38        5.103260        0.089554
FIRE:  168 13:42:38        5.098537        0.082149
FIRE:  169 13:42:38        5.093453        0.069965
FIRE:  170 13:42:38        5.088313        0.053934
FIRE:  171 13:42:38        5.083667        0.034773
FIRE:  172 13:42:38        5.081257        0.119347
FIRE:  173 13:42:38        5.079837        0.031104
FIRE:  174 13:42:38        5.080515        0.091838
FIRE:  175 13:42:38        5.080177        0.072756
FIRE:  176 13:42:38        5.079758        0.038950
FIRE:  177 13:42:38        5.079568        0.029444
FIRE:  178 13:42:38        5.079664        0.042153
FIRE:  179 13:42:39        5.079644        0.040081
FIRE:  180 13:42:39        5.079608        0.036063
FIRE:  181 13:42:39        5.079561        0.030364
FIRE:  182 13:42:39        5.079512        0.028984
FIRE:  183 13:42:39        5.079467        0.028770
FIRE:  184 13:42:39        5.079433        0.028518
FIRE:  185 13:42:39        5.079410        0.028235
FIRE:  186 13:42:39        5.079391        0.027905
FIRE:  187 13:42:39        5.079372        0.027543
FIRE:  188 13:42:39        5.079339        0.027161
FIRE:  189 13:42:39        5.079286        0.026767
FIRE:  190 13:42:39        5.079209        0.026357
FIRE:  191 13:42:39        5.079119        0.025908
FIRE:  192 13:42:39        5.079035        0.025364
FIRE:  193 13:42:39        5.078957        0.024638
FIRE:  194 13:42:39        5.078858        0.023682
FIRE:  195 13:42:39        5.078722        0.022462
FIRE:  196 13:42:39        5.078579        0.020977
FIRE:  197 13:42:39        5.078444        0.021957
FIRE:  198 13:42:39        5.078267        0.022617
FIRE:  199 13:42:39        5.078072        0.022926
FIRE:  200 13:42:39        5.077870        0.023302
FIRE:  201 13:42:39        5.077617        0.023900
FIRE:  202 13:42:39        5.077361        0.023894
FIRE:  203 13:42:39        5.077069        0.022656
FIRE:  204 13:42:39        5.076765        0.021319
FIRE:  205 13:42:39        5.076477        0.018885
FIRE:  206 13:42:40        5.076264        0.026662
FIRE:  207 13:42:40        5.076237        0.051760
FIRE:  208 13:42:40        5.075968        0.010928
FIRE:  209 13:42:40        5.076140        0.044187
FIRE:  210 13:42:40        5.076066        0.034676
FIRE:  211 13:42:40        5.075978        0.017845
FIRE:  212 13:42:40        5.075946        0.010566
FIRE:  213 13:42:40        5.075946        0.010557
FIRE:  214 13:42:40        5.075945        0.010540
FIRE:  215 13:42:40        5.075944        0.010515
FIRE:  216 13:42:40        5.075943        0.010483
FIRE:  217 13:42:40        5.075942        0.010444
FIRE:  218 13:42:40        5.075940        0.010401
FIRE:  219 13:42:40        5.075938        0.010354
FIRE:  220 13:42:40        5.075936        0.010300
FIRE:  221 13:42:40        5.075934        0.010240
FIRE:  222 13:42:40        5.075931        0.010172
FIRE:  223 13:42:40        5.075927        0.010098
FIRE:  224 13:42:40        5.075923        0.010015
FIRE:  225 13:42:40        5.075917        0.009916
