      Step     Time          Energy          fmax
FIRE:    0 13:49:10      193.516988       60.289096
FIRE:    1 13:49:10      205.014889      157.884821
FIRE:    2 13:49:10      187.985065       80.364311
FIRE:    3 13:49:10      181.623722       57.633157
FIRE:    4 13:49:10      180.298843       57.369541
FIRE:    5 13:49:10      178.678005       57.021441
FIRE:    6 13:49:10      177.318369       56.685642
FIRE:    7 13:49:10      175.516238       56.241645
FIRE:    8 13:49:10      172.630669       55.577991
FIRE:    9 13:49:10      169.116815       54.773563
FIRE:   10 13:49:11      165.678238       53.950959
FIRE:   11 13:49:11      161.637978       52.963076
FIRE:   12 13:49:11      156.161722       51.647012
FIRE:   13 13:49:11      149.688526       50.063781
FIRE:   14 13:49:11      142.432058       48.231482
FIRE:   15 13:49:11      133.371109       45.935673
FIRE:   16 13:49:11      124.438233       43.588307
FIRE:   17 13:49:11      115.672202       41.245145
FIRE:   18 13:49:11      107.521590       39.008017
FIRE:   19 13:49:11       99.832625       36.840723
FIRE:   20 13:49:11       92.488705       34.720840
FIRE:   21 13:49:11       85.714042       32.702555
FIRE:   22 13:49:11       79.204964       30.720639
FIRE:   23 13:49:11       73.214306       28.837153
FIRE:   24 13:49:11       67.520810       26.998879
FIRE:   25 13:49:11       62.235672       25.237594
FIRE:   26 13:49:11       57.297223       23.543598
FIRE:   27 13:49:11       52.677555       21.912052
FIRE:   28 13:49:11       48.415447       20.355918
FIRE:   29 13:49:11       44.430917       18.854772
FIRE:   30 13:49:11       40.773357       17.424003
FIRE:   31 13:49:12       37.384633       16.049319
FIRE:   32 13:49:12       34.277560       14.739081
FIRE:   33 13:49:12       31.433478       13.495896
FIRE:   34 13:49:12       28.829339       12.314320
FIRE:   35 13:49:12       26.468938       11.190233
FIRE:   36 13:49:12       24.322486       10.119313
FIRE:   37 13:49:12       22.392565        9.108422
FIRE:   38 13:49:12       20.655475        8.154658
FIRE:   39 13:49:12       19.101502        7.260480
FIRE:   40 13:49:12       17.716055        6.425629
FIRE:   41 13:49:12       16.481392        5.649368
FIRE:   42 13:49:12       15.386856        4.933434
FIRE:   43 13:49:12       14.412213        4.276392
FIRE:   44 13:49:12       13.545248        3.683095
FIRE:   45 13:49:12       12.768474        3.155618
FIRE:   46 13:49:12       12.069495        2.695085
FIRE:   47 13:49:12       11.439936        2.297233
FIRE:   48 13:49:12       10.876007        1.959031
FIRE:   49 13:49:12       10.382966        1.681318
FIRE:   50 13:49:12        9.969205        1.456994
FIRE:   51 13:49:13        9.643214        1.271962
FIRE:   52 13:49:13        9.395934        1.104598
FIRE:   53 13:49:13        9.198201        0.936508
FIRE:   54 13:49:13        9.017814        0.838013
FIRE:   55 13:49:13        8.835491        0.782054
FIRE:   56 13:49:13        8.656174        0.594004
FIRE:   57 13:49:13        8.504941        0.454025
FIRE:   58 13:49:13        8.404751        0.570064
FIRE:   59 13:49:13        8.350047        0.655301
FIRE:   60 13:49:13        8.310693        0.720128
FIRE:   61 13:49:13        8.256874        0.772388
FIRE:   62 13:49:13        8.172839        0.698748
FIRE:   63 13:49:13        8.065539        0.506825
FIRE:   64 13:49:13        7.967625        0.375282
FIRE:   65 13:49:13        7.913890        0.682486
FIRE:   66 13:49:13        7.882670        1.028370
FIRE:   67 13:49:13        7.809154        1.088367
FIRE:   68 13:49:13        7.675336        0.757081
FIRE:   69 13:49:13        7.546927        0.480411
FIRE:   70 13:49:13        7.479108        0.622439
FIRE:   71 13:49:14        7.427785        0.761995
FIRE:   72 13:49:14        7.337372        0.809433
FIRE:   73 13:49:14        7.210853        0.594843
FIRE:   74 13:49:14        7.097669        0.675241
FIRE:   75 13:49:14        7.023107        0.654455
FIRE:   76 13:49:14        6.953338        0.693849
FIRE:   77 13:49:14        6.875313        0.609559
FIRE:   78 13:49:14        6.833175        0.826669
FIRE:   79 13:49:14        7.015839        3.057192
FIRE:   80 13:49:14        6.934152        2.422440
FIRE:   81 13:49:15        6.755380        0.396880
FIRE:   82 13:49:15        6.820112        1.520706
FIRE:   83 13:49:15        6.793151        1.265408
FIRE:   84 13:49:15        6.756855        0.795041
FIRE:   85 13:49:15        6.734947        0.172088
FIRE:   86 13:49:15        6.741396        0.510275
FIRE:   87 13:49:15        6.740476        0.484897
FIRE:   88 13:49:15        6.738798        0.435605
FIRE:   89 13:49:15        6.736653        0.365219
FIRE:   90 13:49:15        6.734400        0.277704
FIRE:   91 13:49:15        6.732398        0.177995
FIRE:   92 13:49:15        6.730927        0.111109
FIRE:   93 13:49:15        6.730107        0.100612
FIRE:   94 13:49:15        6.729817        0.130191
FIRE:   95 13:49:15        6.729783        0.128418
FIRE:   96 13:49:15        6.729717        0.124897
FIRE:   97 13:49:15        6.729620        0.119676
FIRE:   98 13:49:15        6.729494        0.112836
FIRE:   99 13:49:15        6.729343        0.104486
FIRE:  100 13:49:15        6.729170        0.094768
FIRE:  101 13:49:15        6.728979        0.093047
FIRE:  102 13:49:15        6.728750        0.093896
FIRE:  103 13:49:15        6.728482        0.094869
FIRE:  104 13:49:15        6.728172        0.095939
FIRE:  105 13:49:15        6.727820        0.097048
FIRE:  106 13:49:16        6.727419        0.098096
FIRE:  107 13:49:16        6.726960        0.098932
FIRE:  108 13:49:16        6.726425        0.099357
FIRE:  109 13:49:16        6.725785        0.099133
FIRE:  110 13:49:16        6.725012        0.098005
FIRE:  111 13:49:16        6.724086        0.095742
FIRE:  112 13:49:16        6.723014        0.092207
FIRE:  113 13:49:16        6.721834        0.087487
FIRE:  114 13:49:16        6.720584        0.082087
FIRE:  115 13:49:16        6.719245        0.076956
FIRE:  116 13:49:16        6.717764        0.073022
FIRE:  117 13:49:16        6.716169        0.070495
FIRE:  118 13:49:16        6.714564        0.067993
FIRE:  119 13:49:16        6.712893        0.062676
FIRE:  120 13:49:16        6.711109        0.052967
FIRE:  121 13:49:16        6.709404        0.053594
FIRE:  122 13:49:16        6.707759        0.054139
FIRE:  123 13:49:16        6.706525        0.050764
FIRE:  124 13:49:16        6.705757        0.045039
FIRE:  125 13:49:16        6.705562        0.041739
FIRE:  126 13:49:16        6.705491        0.041819
FIRE:  127 13:49:16        6.705377        0.042043
FIRE:  128 13:49:16        6.705240        0.042502
FIRE:  129 13:49:16        6.705069        0.043253
FIRE:  130 13:49:16        6.704857        0.044303
FIRE:  131 13:49:16        6.704627        0.045610
FIRE:  132 13:49:16        6.704401        0.047024
FIRE:  133 13:49:17        6.704139        0.048390
FIRE:  134 13:49:17        6.703831        0.049298
FIRE:  135 13:49:17        6.703494        0.049349
FIRE:  136 13:49:17        6.703102        0.048524
FIRE:  137 13:49:17        6.702663        0.047135
FIRE:  138 13:49:17        6.702177        0.044965
FIRE:  139 13:49:17        6.701671        0.040790
FIRE:  140 13:49:17        6.701141        0.035574
FIRE:  141 13:49:17        6.700567        0.032090
FIRE:  142 13:49:17        6.699895        0.028120
FIRE:  143 13:49:17        6.699099        0.026672
FIRE:  144 13:49:17        6.698324        0.057166
FIRE:  145 13:49:17        6.698805        0.207133
FIRE:  146 13:49:17        6.697373        0.036511
FIRE:  147 13:49:17        6.697348        0.026282
FIRE:  148 13:49:17        6.697318        0.022521
FIRE:  149 13:49:17        6.697305        0.022214
FIRE:  150 13:49:17        6.697299        0.022899
FIRE:  151 13:49:17        6.697280        0.025519
FIRE:  152 13:49:18        6.697245        0.021135
FIRE:  153 13:49:18        6.697208        0.020773
FIRE:  154 13:49:18        6.697180        0.020369
FIRE:  155 13:49:18        6.697151        0.021361
FIRE:  156 13:49:18        6.697101        0.019314
FIRE:  157 13:49:18        6.697044        0.018696
FIRE:  158 13:49:18        6.696993        0.018189
FIRE:  159 13:49:18        6.696915        0.017877
FIRE:  160 13:49:18        6.696838        0.017793
FIRE:  161 13:49:18        6.696739        0.017685
FIRE:  162 13:49:18        6.696645        0.019963
FIRE:  163 13:49:18        6.696516        0.017595
FIRE:  164 13:49:18        6.696389        0.017136
FIRE:  165 13:49:18        6.696269        0.031316
FIRE:  166 13:49:18        6.696181        0.056536
FIRE:  167 13:49:18        6.696078        0.014412
FIRE:  168 13:49:18        6.696131        0.044048
FIRE:  169 13:49:18        6.696106        0.034504
FIRE:  170 13:49:18        6.696074        0.017501
FIRE:  171 13:49:18        6.696061        0.014070
FIRE:  172 13:49:18        6.696061        0.014065
FIRE:  173 13:49:18        6.696060        0.014055
FIRE:  174 13:49:19        6.696059        0.014040
FIRE:  175 13:49:19        6.696058        0.014020
FIRE:  176 13:49:19        6.696057        0.013996
FIRE:  177 13:49:19        6.696056        0.013967
FIRE:  178 13:49:19        6.696054        0.013935
FIRE:  179 13:49:19        6.696052        0.013895
FIRE:  180 13:49:19        6.696050        0.013847
FIRE:  181 13:49:19        6.696047        0.013789
FIRE:  182 13:49:19        6.696043        0.013721
FIRE:  183 13:49:19        6.696038        0.013638
FIRE:  184 13:49:19        6.696032        0.013540
FIRE:  185 13:49:19        6.696025        0.013423
FIRE:  186 13:49:19        6.696016        0.013281
FIRE:  187 13:49:19        6.696006        0.013109
FIRE:  188 13:49:19        6.695993        0.012906
FIRE:  189 13:49:19        6.695977        0.012671
FIRE:  190 13:49:19        6.695959        0.012409
FIRE:  191 13:49:19        6.695938        0.012123
FIRE:  192 13:49:19        6.695912        0.011806
FIRE:  193 13:49:19        6.695883        0.011440
FIRE:  194 13:49:20        6.695849        0.011016
FIRE:  195 13:49:20        6.695809        0.010536
FIRE:  196 13:49:20        6.695764        0.009950
