      Step     Time          Energy          fmax
FIRE:    0 12:42:22      118.803197       81.007173
FIRE:    1 12:42:23       84.719038       53.054218
FIRE:    2 12:42:23       62.655352       33.620319
FIRE:    3 12:42:23       48.795506       20.521321
FIRE:    4 12:42:23       40.206723       16.402579
FIRE:    5 12:42:23       34.649777       17.110786
FIRE:    6 12:42:23       30.616230       16.559074
FIRE:    7 12:42:23       27.367039       14.720336
FIRE:    8 12:42:23       24.708249       11.955245
FIRE:    9 12:42:23       22.676616        8.892143
FIRE:   10 12:42:23       21.214728        6.815728
FIRE:   11 12:42:23       20.068590        7.131222
FIRE:   12 12:42:23       18.894465        7.063400
FIRE:   13 12:42:23       17.441112        6.574436
FIRE:   14 12:42:23       15.672932        5.765778
FIRE:   15 12:42:23       13.745578        4.772346
FIRE:   16 12:42:23       11.877648        3.965447
FIRE:   17 12:42:23       10.216497        3.780668
FIRE:   18 12:42:23        8.805140        3.651064
FIRE:   19 12:42:23        7.635998        3.271672
FIRE:   20 12:42:24        6.709016        2.603223
FIRE:   21 12:42:24        6.035071        1.812626
FIRE:   22 12:42:24        5.602792        1.210424
FIRE:   23 12:42:24        5.368221        1.641650
FIRE:   24 12:42:24        5.259001        1.827066
FIRE:   25 12:42:24        5.207627        1.688321
FIRE:   26 12:42:24        4.891399        0.767317
FIRE:   27 12:42:24        4.832299        0.508744
FIRE:   28 12:42:24        4.795588        0.388152
FIRE:   29 12:42:24        4.752351        0.393139
FIRE:   30 12:42:24        4.708442        0.403717
FIRE:   31 12:42:24        4.663956        0.414460
FIRE:   32 12:42:24        4.625792        0.423838
FIRE:   33 12:42:24        4.571230        0.425252
FIRE:   34 12:42:24        4.494803        0.402763
FIRE:   35 12:42:24        4.411585        0.325873
FIRE:   36 12:42:24        4.338009        0.269701
FIRE:   37 12:42:24        4.328588        0.301149
FIRE:   38 12:42:24        4.322491        0.226641
FIRE:   39 12:42:24        4.313582        0.184725
FIRE:   40 12:42:24        4.305325        0.164403
FIRE:   41 12:42:25        4.298544        0.164474
FIRE:   42 12:42:25        4.292514        0.155541
FIRE:   43 12:42:25        4.287923        0.103578
FIRE:   44 12:42:25        4.286382        0.112200
FIRE:   45 12:42:25        4.286236        0.112323
FIRE:   46 12:42:25        4.285957        0.112549
FIRE:   47 12:42:25        4.285568        0.112835
FIRE:   48 12:42:25        4.285096        0.113123
FIRE:   49 12:42:25        4.284566        0.113340
FIRE:   50 12:42:25        4.283995        0.113407
FIRE:   51 12:42:25        4.283388        0.113257
FIRE:   52 12:42:25        4.282674        0.112785
FIRE:   53 12:42:25        4.281829        0.111886
FIRE:   54 12:42:25        4.280828        0.110496
FIRE:   55 12:42:25        4.279655        0.108645
FIRE:   56 12:42:25        4.278298        0.106513
FIRE:   57 12:42:25        4.276721        0.104452
FIRE:   58 12:42:25        4.274849        0.102879
FIRE:   59 12:42:25        4.272611        0.102041
FIRE:   60 12:42:25        4.269969        0.101748
FIRE:   61 12:42:25        4.266837        0.101291
FIRE:   62 12:42:25        4.263110        0.099954
FIRE:   63 12:42:25        4.258880        0.097966
FIRE:   64 12:42:26        4.254130        0.096898
FIRE:   65 12:42:26        4.248691        0.096633
FIRE:   66 12:42:26        4.242463        0.092881
FIRE:   67 12:42:26        4.235490        0.083778
FIRE:   68 12:42:26        4.227771        0.073282
FIRE:   69 12:42:26        4.219429        0.056243
FIRE:   70 12:42:26        4.210703        0.062690
FIRE:   71 12:42:26        4.202841        0.157098
FIRE:   72 12:42:26        4.201004        0.379420
FIRE:   73 12:42:26        4.191612        0.035143
FIRE:   74 12:42:26        4.198275        0.325759
FIRE:   75 12:42:26        4.195307        0.250610
FIRE:   76 12:42:26        4.191909        0.118000
FIRE:   77 12:42:26        4.190943        0.046489
FIRE:   78 12:42:26        4.190920        0.044240
FIRE:   79 12:42:26        4.190876        0.039933
FIRE:   80 12:42:26        4.190818        0.038336
FIRE:   81 12:42:26        4.190751        0.038083
FIRE:   82 12:42:26        4.190680        0.037815
FIRE:   83 12:42:26        4.190609        0.037566
FIRE:   84 12:42:26        4.190538        0.037374
FIRE:   85 12:42:26        4.190453        0.037269
FIRE:   86 12:42:26        4.190346        0.037313
FIRE:   87 12:42:26        4.190206        0.037569
FIRE:   88 12:42:26        4.190021        0.038094
FIRE:   89 12:42:26        4.189787        0.038914
FIRE:   90 12:42:26        4.189509        0.039994
FIRE:   91 12:42:26        4.189186        0.041198
FIRE:   92 12:42:26        4.188795        0.042305
FIRE:   93 12:42:26        4.188303        0.043122
FIRE:   94 12:42:27        4.187700        0.043616
FIRE:   95 12:42:27        4.186992        0.044077
FIRE:   96 12:42:27        4.186129        0.045018
FIRE:   97 12:42:27        4.185070        0.046554
FIRE:   98 12:42:27        4.183814        0.047820
FIRE:   99 12:42:27        4.182270        0.047677
FIRE:  100 12:42:27        4.180426        0.046591
FIRE:  101 12:42:27        4.178181        0.046118
FIRE:  102 12:42:27        4.175510        0.043889
FIRE:  103 12:42:27        4.172395        0.038533
FIRE:  104 12:42:27        4.168945        0.040748
FIRE:  105 12:42:27        4.165562        0.075385
FIRE:  106 12:42:27        4.163689        0.175672
FIRE:  107 12:42:27        4.161486        0.019685
FIRE:  108 12:42:27        4.162929        0.147231
FIRE:  109 12:42:27        4.162264        0.113558
FIRE:  110 12:42:27        4.161492        0.054120
FIRE:  111 12:42:27        4.161243        0.021203
FIRE:  112 12:42:27        4.161237        0.020412
FIRE:  113 12:42:27        4.161226        0.020365
FIRE:  114 12:42:27        4.161210        0.020300
FIRE:  115 12:42:27        4.161191        0.020221
FIRE:  116 12:42:27        4.161169        0.020138
FIRE:  117 12:42:27        4.161146        0.020060
FIRE:  118 12:42:27        4.161120        0.019997
FIRE:  119 12:42:27        4.161090        0.019957
FIRE:  120 12:42:27        4.161051        0.019958
FIRE:  121 12:42:27        4.161001        0.020020
FIRE:  122 12:42:27        4.160937        0.020158
FIRE:  123 12:42:27        4.160858        0.020380
FIRE:  124 12:42:27        4.160762        0.020670
FIRE:  125 12:42:27        4.160647        0.020980
FIRE:  126 12:42:27        4.160509        0.021236
FIRE:  127 12:42:27        4.160340        0.021366
FIRE:  128 12:42:28        4.160135        0.021343
FIRE:  129 12:42:28        4.159895        0.021238
FIRE:  130 12:42:28        4.159609        0.021182
FIRE:  131 12:42:28        4.159273        0.021162
FIRE:  132 12:42:28        4.158890        0.020817
FIRE:  133 12:42:28        4.158450        0.019697
FIRE:  134 12:42:28        4.157970        0.017901
FIRE:  135 12:42:28        4.157459        0.015778
FIRE:  136 12:42:28        4.156955        0.012167
FIRE:  137 12:42:29        4.156516        0.007534
