      Step     Time          Energy          fmax
FIRE:    0 00:08:16      238.666247       53.171116
FIRE:    1 00:08:16      209.617661       48.813220
FIRE:    2 00:08:16      188.821357       45.343032
FIRE:    3 00:08:16      173.284717       42.490961
FIRE:    4 00:08:16      160.766879       40.031734
FIRE:    5 00:08:16      150.227693       37.862012
FIRE:    6 00:08:16      141.158927       35.924061
FIRE:    7 00:08:16      132.859620       34.113390
FIRE:    8 00:08:17      124.644967       32.322798
FIRE:    9 00:08:17      116.343616       30.527387
FIRE:   10 00:08:17      108.176145       28.761643
FIRE:   11 00:08:17      100.346390       27.054155
FIRE:   12 00:08:17       92.899983       25.405230
FIRE:   13 00:08:17       85.862001       23.814952
FIRE:   14 00:08:17       79.312282       22.297347
FIRE:   15 00:08:17       73.289772       20.862833
FIRE:   16 00:08:17       67.724182       19.503094
FIRE:   17 00:08:17       62.515963       18.199365
FIRE:   18 00:08:17       57.624845       16.943835
FIRE:   19 00:08:17       53.051940       15.738327
FIRE:   20 00:08:17       48.786902       14.583003
FIRE:   21 00:08:17       44.807042       13.475648
FIRE:   22 00:08:17       41.105929       12.417076
FIRE:   23 00:08:17       37.693132       11.411207
FIRE:   24 00:08:17       34.568721       10.459935
FIRE:   25 00:08:17       31.713966        9.560973
FIRE:   26 00:08:17       29.106718        8.710960
FIRE:   27 00:08:17       26.732554        7.908084
FIRE:   28 00:08:17       24.578667        7.151193
FIRE:   29 00:08:17       22.627382        6.438462
FIRE:   30 00:08:17       20.860948        5.767703
FIRE:   31 00:08:17       19.267485        5.137318
FIRE:   32 00:08:17       17.838543        4.546478
FIRE:   33 00:08:17       16.563713        3.994471
FIRE:   34 00:08:17       15.430937        3.480240
FIRE:   35 00:08:17       14.429463        3.003021
FIRE:   36 00:08:18       13.549684        2.564095
FIRE:   37 00:08:18       12.780636        2.165761
FIRE:   38 00:08:18       12.110506        1.805297
FIRE:   39 00:08:18       11.529349        1.479701
FIRE:   40 00:08:18       11.029145        1.189103
FIRE:   41 00:08:18       10.602521        0.933876
FIRE:   42 00:08:18       10.242320        0.713586
FIRE:   43 00:08:18        9.942536        0.527338
FIRE:   44 00:08:18        9.699208        0.412547
FIRE:   45 00:08:18        9.510657        0.318666
FIRE:   46 00:08:18        9.379525        0.256105
FIRE:   47 00:08:18        9.314965        0.169532
FIRE:   48 00:08:18        9.329016        0.222345
FIRE:   49 00:08:18        9.314917        0.214482
FIRE:   50 00:08:18        9.294953        0.096336
FIRE:   51 00:08:18        9.291298        0.147524
FIRE:   52 00:08:18        9.289044        0.113697
FIRE:   53 00:08:18        9.286253        0.054780
FIRE:   54 00:08:18        9.284812        0.041266
FIRE:   55 00:08:18        9.284881        0.068296
FIRE:   56 00:08:18        9.284716        0.064313
FIRE:   57 00:08:18        9.284413        0.056559
FIRE:   58 00:08:18        9.284020        0.045463
FIRE:   59 00:08:18        9.283598        0.038308
FIRE:   60 00:08:18        9.283202        0.034579
FIRE:   61 00:08:18        9.282870        0.031922
FIRE:   62 00:08:18        9.282610        0.030767
FIRE:   63 00:08:18        9.282371        0.030805
FIRE:   64 00:08:19        9.282104        0.037916
FIRE:   65 00:08:19        9.281740        0.041549
FIRE:   66 00:08:19        9.281239        0.037536
FIRE:   67 00:08:19        9.280639        0.024970
FIRE:   68 00:08:19        9.280086        0.015613
FIRE:   69 00:08:19        9.279737        0.024455
FIRE:   70 00:08:19        9.279534        0.029830
FIRE:   71 00:08:19        9.279311        0.027107
FIRE:   72 00:08:19        9.279165        0.018186
FIRE:   73 00:08:19        9.279160        0.018084
FIRE:   74 00:08:19        9.279152        0.017894
FIRE:   75 00:08:19        9.279140        0.017643
FIRE:   76 00:08:19        9.279124        0.017371
FIRE:   77 00:08:19        9.279106        0.017128
FIRE:   78 00:08:19        9.279085        0.016962
FIRE:   79 00:08:19        9.279062        0.016914
FIRE:   80 00:08:19        9.279033        0.017023
FIRE:   81 00:08:19        9.278998        0.017324
FIRE:   82 00:08:19        9.278955        0.017800
FIRE:   83 00:08:19        9.278905        0.018343
FIRE:   84 00:08:19        9.278846        0.018733
FIRE:   85 00:08:19        9.278777        0.018700
FIRE:   86 00:08:19        9.278695        0.018110
FIRE:   87 00:08:19        9.278598        0.017203
FIRE:   88 00:08:19        9.278481        0.016660
FIRE:   89 00:08:19        9.278336        0.017095
FIRE:   90 00:08:19        9.278156        0.018170
FIRE:   91 00:08:19        9.277934        0.018423
FIRE:   92 00:08:19        9.277662        0.017224
FIRE:   93 00:08:20        9.277336        0.016584
FIRE:   94 00:08:20        9.276952        0.016997
FIRE:   95 00:08:20        9.276499        0.015433
FIRE:   96 00:08:20        9.276023        0.029509
FIRE:   97 00:08:20        9.276857        0.146892
FIRE:   98 00:08:20        9.275655        0.067204
FIRE:   99 00:08:20        9.275463        0.042730
FIRE:  100 00:08:20        9.275328        0.015663
FIRE:  101 00:08:20        9.275400        0.035470
FIRE:  102 00:08:20        9.275383        0.032243
FIRE:  103 00:08:20        9.275356        0.026086
FIRE:  104 00:08:20        9.275328        0.017570
FIRE:  105 00:08:20        9.275306        0.015662
FIRE:  106 00:08:20        9.275297        0.015661
FIRE:  107 00:08:20        9.275299        0.015658
FIRE:  108 00:08:20        9.275298        0.015658
FIRE:  109 00:08:20        9.275297        0.015658
FIRE:  110 00:08:20        9.275295        0.015658
FIRE:  111 00:08:20        9.275293        0.015658
FIRE:  112 00:08:20        9.275290        0.015658
FIRE:  113 00:08:20        9.275287        0.015657
FIRE:  114 00:08:20        9.275284        0.015657
FIRE:  115 00:08:20        9.275281        0.015656
FIRE:  116 00:08:20        9.275277        0.015655
FIRE:  117 00:08:20        9.275274        0.015654
FIRE:  118 00:08:20        9.275270        0.015653
FIRE:  119 00:08:21        9.275265        0.015652
FIRE:  120 00:08:21        9.275258        0.015651
FIRE:  121 00:08:21        9.275250        0.015651
FIRE:  122 00:08:21        9.275239        0.015651
FIRE:  123 00:08:21        9.275226        0.015652
FIRE:  124 00:08:21        9.275210        0.015653
FIRE:  125 00:08:21        9.275192        0.015655
FIRE:  126 00:08:21        9.275171        0.015658
FIRE:  127 00:08:21        9.275143        0.015660
FIRE:  128 00:08:21        9.275110        0.015663
FIRE:  129 00:08:21        9.275070        0.015665
FIRE:  130 00:08:21        9.275022        0.015664
FIRE:  131 00:08:21        9.274963        0.015662
FIRE:  132 00:08:21        9.274893        0.015659
FIRE:  133 00:08:21        9.274807        0.015658
FIRE:  134 00:08:21        9.274703        0.015665
FIRE:  135 00:08:21        9.274577        0.015678
FIRE:  136 00:08:21        9.274424        0.015695
FIRE:  137 00:08:21        9.274238        0.015716
FIRE:  138 00:08:21        9.274012        0.015747
FIRE:  139 00:08:21        9.273740        0.015807
FIRE:  140 00:08:21        9.273430        0.018648
FIRE:  141 00:08:21        9.273193        0.050349
FIRE:  142 00:08:21        9.273007        0.016095
FIRE:  143 00:08:21        9.273122        0.045000
FIRE:  144 00:08:21        9.273059        0.033958
FIRE:  145 00:08:21        9.272989        0.016122
FIRE:  146 00:08:21        9.272970        0.016122
FIRE:  147 00:08:22        9.272969        0.016122
FIRE:  148 00:08:22        9.272967        0.016121
FIRE:  149 00:08:22        9.272964        0.016121
FIRE:  150 00:08:22        9.272960        0.016121
FIRE:  151 00:08:22        9.272956        0.016120
FIRE:  152 00:08:22        9.272952        0.016120
FIRE:  153 00:08:22        9.272948        0.016119
FIRE:  154 00:08:22        9.272942        0.016119
FIRE:  155 00:08:22        9.272935        0.016120
FIRE:  156 00:08:22        9.272926        0.016121
FIRE:  157 00:08:22        9.272915        0.016124
FIRE:  158 00:08:22        9.272900        0.016129
FIRE:  159 00:08:22        9.272882        0.016136
FIRE:  160 00:08:22        9.272861        0.016147
FIRE:  161 00:08:22        9.272835        0.016162
FIRE:  162 00:08:22        9.272802        0.016181
FIRE:  163 00:08:22        9.272762        0.016203
FIRE:  164 00:08:22        9.272713        0.016226
FIRE:  165 00:08:22        9.272652        0.016251
FIRE:  166 00:08:22        9.272578        0.016279
FIRE:  167 00:08:22        9.272488        0.016316
FIRE:  168 00:08:22        9.272376        0.016372
FIRE:  169 00:08:22        9.272240        0.016451
FIRE:  170 00:08:22        9.272072        0.016550
FIRE:  171 00:08:22        9.271866        0.016667
FIRE:  172 00:08:22        9.271612        0.016814
FIRE:  173 00:08:22        9.271299        0.017020
FIRE:  174 00:08:22        9.270923        0.017294
FIRE:  175 00:08:22        9.270582        0.044943
FIRE:  176 00:08:23        9.271434        0.149602
FIRE:  177 00:08:23        9.269955        0.034986
FIRE:  178 00:08:23        9.269907        0.024210
FIRE:  179 00:08:23        9.269860        0.018202
FIRE:  180 00:08:23        9.269856        0.018136
FIRE:  181 00:08:23        9.269853        0.018136
FIRE:  182 00:08:23        9.269848        0.018135
FIRE:  183 00:08:23        9.269842        0.018133
FIRE:  184 00:08:23        9.269835        0.018131
FIRE:  185 00:08:23        9.269828        0.018129
FIRE:  186 00:08:23        9.269822        0.018127
FIRE:  187 00:08:23        9.269816        0.018126
FIRE:  188 00:08:23        9.269808        0.018127
FIRE:  189 00:08:23        9.269796        0.018131
FIRE:  190 00:08:23        9.269781        0.018139
FIRE:  191 00:08:23        9.269761        0.018152
FIRE:  192 00:08:23        9.269738        0.018174
FIRE:  193 00:08:23        9.269711        0.018204
FIRE:  194 00:08:23        9.269677        0.018244
FIRE:  195 00:08:23        9.269634        0.018292
FIRE:  196 00:08:23        9.269580        0.018345
FIRE:  197 00:08:23        9.269517        0.018401
FIRE:  198 00:08:23        9.269438        0.018460
FIRE:  199 00:08:23        9.269340        0.018526
FIRE:  200 00:08:23        9.269221        0.018610
FIRE:  201 00:08:23        9.269072        0.018731
FIRE:  202 00:08:23        9.268891        0.018904
FIRE:  203 00:08:23        9.268667        0.019119
FIRE:  204 00:08:24        9.268389        0.019348
FIRE:  205 00:08:24        9.268045        0.019617
FIRE:  206 00:08:24        9.267616        0.019997
FIRE:  207 00:08:24        9.267103        0.020463
FIRE:  208 00:08:24        9.266711        0.064264
FIRE:  209 00:08:24        9.266409        0.021066
FIRE:  210 00:08:24        9.266404        0.021068
FIRE:  211 00:08:24        9.266394        0.021072
FIRE:  212 00:08:24        9.266380        0.021080
FIRE:  213 00:08:24        9.266361        0.021092
FIRE:  214 00:08:24        9.266338        0.021108
FIRE:  215 00:08:24        9.266309        0.021131
FIRE:  216 00:08:24        9.266276        0.021160
FIRE:  217 00:08:24        9.266234        0.021201
FIRE:  218 00:08:24        9.266180        0.021256
FIRE:  219 00:08:24        9.266113        0.021323
FIRE:  220 00:08:24        9.266028        0.021403
FIRE:  221 00:08:24        9.265922        0.021494
FIRE:  222 00:08:24        9.265790        0.021596
FIRE:  223 00:08:24        9.265624        0.021722
FIRE:  224 00:08:24        9.265418        0.021893
FIRE:  225 00:08:24        9.265161        0.022126
FIRE:  226 00:08:24        9.264839        0.022422
FIRE:  227 00:08:24        9.264437        0.022768
FIRE:  228 00:08:24        9.263932        0.023181
FIRE:  229 00:08:24        9.263296        0.023731
FIRE:  230 00:08:24        9.262506        0.024416
FIRE:  231 00:08:24        9.261804        0.067860
FIRE:  232 00:08:24        9.265742        0.283693
FIRE:  233 00:08:25        9.261181        0.117500
FIRE:  234 00:08:25        9.260623        0.076083
FIRE:  235 00:08:25        9.260211        0.026832
FIRE:  236 00:08:25        9.260408        0.059509
FIRE:  237 00:08:25        9.260365        0.054266
FIRE:  238 00:08:25        9.260293        0.044248
FIRE:  239 00:08:25        9.260214        0.030355
FIRE:  240 00:08:25        9.260154        0.026489
FIRE:  241 00:08:25        9.260127        0.026492
FIRE:  242 00:08:25        9.260130        0.026492
FIRE:  243 00:08:25        9.260128        0.026492
FIRE:  244 00:08:25        9.260125        0.026492
FIRE:  245 00:08:25        9.260121        0.026493
FIRE:  246 00:08:25        9.260115        0.026494
FIRE:  247 00:08:25        9.260108        0.026495
FIRE:  248 00:08:25        9.260101        0.026496
FIRE:  249 00:08:25        9.260094        0.026497
FIRE:  250 00:08:25        9.260086        0.026499
FIRE:  251 00:08:25        9.260077        0.026502
FIRE:  252 00:08:25        9.260067        0.026506
FIRE:  253 00:08:25        9.260055        0.026511
FIRE:  254 00:08:25        9.260042        0.026519
FIRE:  255 00:08:25        9.260026        0.026530
FIRE:  256 00:08:25        9.260004        0.026545
FIRE:  257 00:08:25        9.259976        0.026566
FIRE:  258 00:08:25        9.259941        0.026595
FIRE:  259 00:08:25        9.259899        0.026632
FIRE:  260 00:08:25        9.259849        0.026680
FIRE:  261 00:08:26        9.259790        0.026741
FIRE:  262 00:08:26        9.259716        0.026814
FIRE:  263 00:08:26        9.259624        0.026901
FIRE:  264 00:08:26        9.259512        0.027003
FIRE:  265 00:08:26        9.259378        0.027120
FIRE:  266 00:08:26        9.259210        0.027257
FIRE:  267 00:08:26        9.259006        0.027420
FIRE:  268 00:08:26        9.258757        0.027620
FIRE:  269 00:08:26        9.258447        0.027875
FIRE:  270 00:08:26        9.258069        0.028209
FIRE:  271 00:08:26        9.257599        0.028633
FIRE:  272 00:08:26        9.257016        0.029133
FIRE:  273 00:08:26        9.256293        0.029723
FIRE:  274 00:08:26        9.255396        0.030475
FIRE:  275 00:08:26        9.254319        0.031401
FIRE:  276 00:08:26        9.253271        0.077066
FIRE:  277 00:08:26        9.254425        0.219789
FIRE:  278 00:08:26        9.251200        0.035292
FIRE:  279 00:08:26        9.251145        0.034373
FIRE:  280 00:08:26        9.251079        0.034295
FIRE:  281 00:08:26        9.251040        0.034191
FIRE:  282 00:08:26        9.251010        0.034095
FIRE:  283 00:08:26        9.250948        0.034036
FIRE:  284 00:08:26        9.250845        0.034035
FIRE:  285 00:08:26        9.250731        0.034103
FIRE:  286 00:08:26        9.250621        0.034262
FIRE:  287 00:08:26        9.250488        0.034511
FIRE:  288 00:08:26        9.250285        0.034821
FIRE:  289 00:08:27        9.250043        0.035138
FIRE:  290 00:08:27        9.249768        0.035399
FIRE:  291 00:08:27        9.249384        0.035593
FIRE:  292 00:08:27        9.248944        0.035764
FIRE:  293 00:08:27        9.248355        0.036090
FIRE:  294 00:08:27        9.247660        0.036792
FIRE:  295 00:08:27        9.246751        0.037791
FIRE:  296 00:08:27        9.245608        0.038695
FIRE:  297 00:08:27        9.244158        0.039544
FIRE:  298 00:08:27        9.242315        0.041136
FIRE:  299 00:08:27        9.240420        0.089566
FIRE:  300 00:08:27        9.244100        0.330547
FIRE:  301 00:08:27        9.237394        0.095580
FIRE:  302 00:08:27        9.237039        0.064940
FIRE:  303 00:08:27        9.236715        0.046064
FIRE:  304 00:08:27        9.236714        0.045869
FIRE:  305 00:08:27        9.236691        0.045867
FIRE:  306 00:08:27        9.236650        0.045863
FIRE:  307 00:08:27        9.236600        0.045856
FIRE:  308 00:08:27        9.236549        0.045848
FIRE:  309 00:08:27        9.236504        0.045840
FIRE:  310 00:08:27        9.236464        0.045834
FIRE:  311 00:08:27        9.236424        0.045835
FIRE:  312 00:08:27        9.236371        0.045847
FIRE:  313 00:08:27        9.236293        0.045876
FIRE:  314 00:08:27        9.236184        0.045929
FIRE:  315 00:08:27        9.236046        0.046017
FIRE:  316 00:08:27        9.235888        0.046147
FIRE:  317 00:08:28        9.235709        0.046327
FIRE:  318 00:08:28        9.235481        0.046561
FIRE:  319 00:08:28        9.235181        0.046847
FIRE:  320 00:08:28        9.234817        0.047179
FIRE:  321 00:08:28        9.234386        0.047554
FIRE:  322 00:08:28        9.233830        0.047973
FIRE:  323 00:08:28        9.233147        0.048446
FIRE:  324 00:08:28        9.232307        0.049011
FIRE:  325 00:08:28        9.231244        0.049760
FIRE:  326 00:08:28        9.229925        0.050827
FIRE:  327 00:08:28        9.228268        0.052237
FIRE:  328 00:08:28        9.226156        0.053847
FIRE:  329 00:08:28        9.223463        0.055757
FIRE:  330 00:08:28        9.219978        0.058248
FIRE:  331 00:08:28        9.215416        0.061709
FIRE:  332 00:08:28        9.209710        0.077979
FIRE:  333 00:08:28        9.209660        0.361356
FIRE:  334 00:08:28        9.202274        0.138061
FIRE:  335 00:08:28        9.201502        0.090581
FIRE:  336 00:08:28        9.200830        0.072656
FIRE:  337 00:08:28        9.200834        0.072662
FIRE:  338 00:08:28        9.200770        0.072667
FIRE:  339 00:08:28        9.200658        0.072677
FIRE:  340 00:08:28        9.200522        0.072690
FIRE:  341 00:08:28        9.200388        0.072708
FIRE:  342 00:08:28        9.200269        0.072733
FIRE:  343 00:08:28        9.200164        0.072770
FIRE:  344 00:08:28        9.200053        0.072826
FIRE:  345 00:08:29        9.199900        0.072913
FIRE:  346 00:08:29        9.199675        0.073044
FIRE:  347 00:08:29        9.199365        0.073232
FIRE:  348 00:08:29        9.198984        0.073491
FIRE:  349 00:08:29        9.198555        0.073835
FIRE:  350 00:08:29        9.198055        0.074272
FIRE:  351 00:08:29        9.197399        0.074813
FIRE:  352 00:08:29        9.196541        0.075468
FIRE:  353 00:08:29        9.195523        0.076252
FIRE:  354 00:08:29        9.194278        0.077204
FIRE:  355 00:08:29        9.192656        0.078364
FIRE:  356 00:08:29        9.190684        0.079756
FIRE:  357 00:08:29        9.188162        0.081434
FIRE:  358 00:08:29        9.184997        0.083600
FIRE:  359 00:08:29        9.180907        0.086616
FIRE:  360 00:08:29        9.175682        0.090699
FIRE:  361 00:08:29        9.168830        0.095970
FIRE:  362 00:08:29        9.159727        0.103510
FIRE:  363 00:08:29        9.147665        0.114196
FIRE:  364 00:08:29        9.134335        0.287886
FIRE:  365 00:08:29        9.157301        0.969334
FIRE:  366 00:08:29        9.107916        0.288444
FIRE:  367 00:08:29        9.104948        0.198116
FIRE:  368 00:08:29        9.102057        0.152163
FIRE:  369 00:08:29        9.101589        0.151258
FIRE:  370 00:08:29        9.101392        0.151290
FIRE:  371 00:08:29        9.101032        0.151349
FIRE:  372 00:08:29        9.100569        0.151432
FIRE:  373 00:08:29        9.100063        0.151530
FIRE:  374 00:08:30        9.099555        0.151643
FIRE:  375 00:08:30        9.099049        0.151770
FIRE:  376 00:08:30        9.098509        0.151916
FIRE:  377 00:08:30        9.097808        0.152113
FIRE:  378 00:08:30        9.096849        0.152386
FIRE:  379 00:08:30        9.095556        0.152773
FIRE:  380 00:08:30        9.093910        0.153329
FIRE:  381 00:08:30        9.091939        0.154138
FIRE:  382 00:08:30        9.089589        0.155313
FIRE:  383 00:08:30        9.086612        0.156978
FIRE:  384 00:08:30        9.082728        0.159233
FIRE:  385 00:08:30        9.077885        0.162106
FIRE:  386 00:08:30        9.071916        0.165540
FIRE:  387 00:08:30        9.064183        0.169492
FIRE:  388 00:08:30        9.054322        0.174153
FIRE:  389 00:08:30        9.041631        0.180241
FIRE:  390 00:08:30        9.024778        0.188831
FIRE:  391 00:08:30        9.002174        0.200637
FIRE:  392 00:08:30        8.970884        0.215654
FIRE:  393 00:08:30        8.926325        0.235046
FIRE:  394 00:08:30        8.860255        0.262060
FIRE:  395 00:08:30        8.769637        0.296271
FIRE:  396 00:08:30        8.660301        0.326373
FIRE:  397 00:08:30        8.531263        0.355292
FIRE:  398 00:08:30        8.382687        0.384683
FIRE:  399 00:08:30        8.219560        0.410198
FIRE:  400 00:08:30        8.051663        0.431678
FIRE:  401 00:08:31        7.890887        0.456076
FIRE:  402 00:08:31        7.744180        0.492677
FIRE:  403 00:08:31        7.614944        0.541525
FIRE:  404 00:08:31        7.505958        0.590265
FIRE:  405 00:08:31        7.409835        0.623422
FIRE:  406 00:08:31        7.311539        0.626781
FIRE:  407 00:08:31        7.205394        0.594147
FIRE:  408 00:08:31        7.101820        0.523222
FIRE:  409 00:08:31        7.015769        0.423919
FIRE:  410 00:08:31        6.950054        0.316362
FIRE:  411 00:08:31        6.889736        0.238545
FIRE:  412 00:08:31        6.812914        0.280243
FIRE:  413 00:08:31        6.708203        0.289562
FIRE:  414 00:08:31        6.578649        0.282051
FIRE:  415 00:08:31        6.433052        0.397330
FIRE:  416 00:08:31        6.281059        0.531603
FIRE:  417 00:08:31        6.127786        0.657425
FIRE:  418 00:08:31        5.971024        0.758075
FIRE:  419 00:08:31        5.804656        0.831651
FIRE:  420 00:08:31        5.623204        0.882736
FIRE:  421 00:08:31        5.424379        0.917461
FIRE:  422 00:08:31        5.209397        0.943103
FIRE:  423 00:08:31        4.982976        0.960366
FIRE:  424 00:08:31        4.752006        0.968449
FIRE:  425 00:08:31        4.522703        0.971211
FIRE:  426 00:08:31        4.299346        0.966271
FIRE:  427 00:08:31        4.084083        0.947365
FIRE:  428 00:08:31        3.875992        0.915161
FIRE:  429 00:08:32        3.671209        0.872856
FIRE:  430 00:08:32        3.465146        0.825515
FIRE:  431 00:08:32        3.255104        0.774908
FIRE:  432 00:08:32        3.043804        0.718688
FIRE:  433 00:08:32        2.837760        0.652985
FIRE:  434 00:08:32        2.646237        0.575705
FIRE:  435 00:08:32        2.476548        0.494707
FIRE:  436 00:08:32        2.330734        0.411290
FIRE:  437 00:08:32        2.206502        0.354397
FIRE:  438 00:08:32        2.101493        0.330796
FIRE:  439 00:08:32        2.017081        0.295803
FIRE:  440 00:08:32        1.957002        0.252351
FIRE:  441 00:08:32        1.920486        0.207525
FIRE:  442 00:08:32        1.900070        0.184199
FIRE:  443 00:08:32        1.890003        0.227351
FIRE:  444 00:08:32        1.927058        0.509021
FIRE:  445 00:08:32        1.863812        0.070590
FIRE:  446 00:08:32        1.863456        0.067018
FIRE:  447 00:08:32        1.862925        0.060289
FIRE:  448 00:08:32        1.862391        0.051176
FIRE:  449 00:08:32        1.861878        0.040849
FIRE:  450 00:08:32        1.861322        0.030554
FIRE:  451 00:08:32        1.860699        0.024992
FIRE:  452 00:08:32        1.860095        0.018599
FIRE:  453 00:08:32        1.859610        0.019594
FIRE:  454 00:08:32        1.859229        0.024530
FIRE:  455 00:08:32        1.858743        0.026597
FIRE:  456 00:08:32        1.858145        0.027681
FIRE:  457 00:08:32        1.857513        0.029359
FIRE:  458 00:08:33        1.856607        0.027443
FIRE:  459 00:08:33        1.855589        0.017545
FIRE:  460 00:08:33        1.854740        0.029496
FIRE:  461 00:08:33        1.854245        0.073740
FIRE:  462 00:08:33        1.853943        0.017599
FIRE:  463 00:08:33        1.854045        0.058247
FIRE:  464 00:08:33        1.853974        0.045814
FIRE:  465 00:08:33        1.853884        0.023769
FIRE:  466 00:08:33        1.853839        0.014113
FIRE:  467 00:08:33        1.853848        0.026871
FIRE:  468 00:08:33        1.853843        0.025478
FIRE:  469 00:08:33        1.853833        0.022776
FIRE:  470 00:08:33        1.853822        0.018937
FIRE:  471 00:08:33        1.853808        0.014244
FIRE:  472 00:08:33        1.853796        0.012794
FIRE:  473 00:08:33        1.853785        0.012571
FIRE:  474 00:08:33        1.853776        0.012307
FIRE:  475 00:08:33        1.853766        0.011970
FIRE:  476 00:08:33        1.853755        0.012430
FIRE:  477 00:08:33        1.853739        0.014188
FIRE:  478 00:08:33        1.853717        0.013587
FIRE:  479 00:08:33        1.853688        0.010324
FIRE:  480 00:08:33        1.853655        0.008888
