      Step     Time          Energy          fmax
FIRE:    0 13:03:24      313.982313      146.597495
FIRE:    1 13:03:24      262.213301       87.462272
FIRE:    2 13:03:24      226.881300       93.425487
FIRE:    3 13:03:24      195.628532       82.581107
FIRE:    4 13:03:25      168.660969       58.145364
FIRE:    5 13:03:25      148.803271       27.131463
FIRE:    6 13:03:25      136.999718       24.191417
FIRE:    7 13:03:25      131.482313       51.525617
FIRE:    8 13:03:25      127.530498       83.343167
FIRE:    9 13:03:25      118.901741       89.761281
FIRE:   10 13:03:25      104.897783       67.649626
FIRE:   11 13:03:25       91.222755       35.279374
FIRE:   12 13:03:25       81.528076       17.352040
FIRE:   13 13:03:25       75.386311       16.521105
FIRE:   14 13:03:25       70.535932       22.242790
FIRE:   15 13:03:25       65.350711       24.738701
FIRE:   16 13:03:25       59.583744       21.736333
FIRE:   17 13:03:25       53.841919       15.517612
FIRE:   18 13:03:25       48.702884       11.957593
FIRE:   19 13:03:25       44.315632       11.122873
FIRE:   20 13:03:25       40.497073       10.365368
FIRE:   21 13:03:25       36.962069       10.340399
FIRE:   22 13:03:25       33.556629       10.241179
FIRE:   23 13:03:25       30.418829        7.997220
FIRE:   24 13:03:25       27.789292        7.223442
FIRE:   25 13:03:26       25.598694        6.511372
FIRE:   26 13:03:26       23.522075        5.818645
FIRE:   27 13:03:26       21.416832        5.158095
FIRE:   28 13:03:26       19.413034        4.472256
FIRE:   29 13:03:26       17.690157        3.862040
FIRE:   30 13:03:26       16.258699        3.291057
FIRE:   31 13:03:26       15.007063        3.294976
FIRE:   32 13:03:26       13.881029        2.430798
FIRE:   33 13:03:26       12.895223        2.162737
FIRE:   34 13:03:26       12.065025        1.975381
FIRE:   35 13:03:26       11.377536        1.746735
FIRE:   36 13:03:26       10.806678        1.478686
FIRE:   37 13:03:26       10.334793        1.154246
FIRE:   38 13:03:27        9.965162        0.834807
FIRE:   39 13:03:27        9.725801        0.684524
FIRE:   40 13:03:27        9.662446        0.666425
FIRE:   41 13:03:27        9.559676        0.931558
FIRE:   42 13:03:27        9.511628        1.501369
FIRE:   43 13:03:27        9.398892        0.528075
FIRE:   44 13:03:27        9.377359        0.773015
FIRE:   45 13:03:27        9.365860        0.661404
FIRE:   46 13:03:27        9.347645        0.465318
FIRE:   47 13:03:27        9.329125        0.351654
FIRE:   48 13:03:27        9.313842        0.350979
FIRE:   49 13:03:27        9.299733        0.402903
FIRE:   50 13:03:27        9.281523        0.494627
FIRE:   51 13:03:27        9.255755        0.485110
FIRE:   52 13:03:27        9.219340        0.370951
FIRE:   53 13:03:27        9.175359        0.363877
FIRE:   54 13:03:27        9.127442        0.369340
FIRE:   55 13:03:27        9.072027        0.372633
FIRE:   56 13:03:27        9.001827        0.372116
FIRE:   57 13:03:27        8.921815        0.366534
FIRE:   58 13:03:27        8.850890        0.357124
FIRE:   59 13:03:27        8.799454        0.350917
FIRE:   60 13:03:27        8.754761        0.487052
FIRE:   61 13:03:28        8.693864        0.349281
FIRE:   62 13:03:28        8.633622        0.533803
FIRE:   63 13:03:28        8.532532        0.360021
FIRE:   64 13:03:28        8.421971        0.420147
FIRE:   65 13:03:28        8.262442        0.338370
FIRE:   66 13:03:28        8.115678        0.455658
FIRE:   67 13:03:28        7.953755        0.542332
FIRE:   68 13:03:28        7.771732        0.580951
FIRE:   69 13:03:28        7.571406        0.577452
FIRE:   70 13:03:28        7.381498        0.542110
FIRE:   71 13:03:28        7.213957        0.494224
FIRE:   72 13:03:28        7.063620        0.449084
FIRE:   73 13:03:28        6.924727        0.420620
FIRE:   74 13:03:28        6.792475        0.398356
FIRE:   75 13:03:28        6.683759        0.368216
FIRE:   76 13:03:28        6.620418        0.382976
FIRE:   77 13:03:28        6.600170        0.538522
FIRE:   78 13:03:28        6.505427        0.431539
FIRE:   79 13:03:28        6.481690        0.281621
FIRE:   80 13:03:28        6.470313        0.414217
FIRE:   81 13:03:28        6.444856        0.248085
FIRE:   82 13:03:29        6.430969        0.351019
FIRE:   83 13:03:29        6.399456        0.227317
FIRE:   84 13:03:29        6.372157        0.294608
FIRE:   85 13:03:29        6.345409        0.225401
FIRE:   86 13:03:29        6.325196        0.336999
FIRE:   87 13:03:29        6.319793        0.201955
FIRE:   88 13:03:29        6.314875        0.184845
FIRE:   89 13:03:29        6.313359        0.198090
FIRE:   90 13:03:29        6.312769        0.181623
FIRE:   91 13:03:29        6.311742        0.180496
FIRE:   92 13:03:29        6.310523        0.179069
FIRE:   93 13:03:29        6.309348        0.177535
FIRE:   94 13:03:29        6.308332        0.175991
FIRE:   95 13:03:29        6.307412        0.174401
FIRE:   96 13:03:29        6.306404        0.172644
FIRE:   97 13:03:29        6.304996        0.170366
FIRE:   98 13:03:29        6.303041        0.167409
FIRE:   99 13:03:29        6.300606        0.163759
FIRE:  100 13:03:29        6.297960        0.159537
FIRE:  101 13:03:29        6.295217        0.154727
FIRE:  102 13:03:30        6.291951        0.148937
FIRE:  103 13:03:30        6.287746        0.141785
FIRE:  104 13:03:30        6.283038        0.133501
FIRE:  105 13:03:30        6.278211        0.124099
FIRE:  106 13:03:30        6.272550        0.112616
FIRE:  107 13:03:30        6.266641        0.098837
FIRE:  108 13:03:30        6.260594        0.082283
FIRE:  109 13:03:30        6.254469        0.068477
FIRE:  110 13:03:30        6.248925        0.061702
FIRE:  111 13:03:30        6.244801        0.083096
FIRE:  112 13:03:30        6.241643        0.058619
FIRE:  113 13:03:30        6.239791        0.045012
FIRE:  114 13:03:30        6.238724        0.054266
FIRE:  115 13:03:30        6.237777        0.064713
FIRE:  116 13:03:30        6.236563        0.070900
FIRE:  117 13:03:30        6.235594        0.098181
FIRE:  118 13:03:30        6.234611        0.066706
FIRE:  119 13:03:30        6.234690        0.093114
FIRE:  120 13:03:30        6.234366        0.069156
FIRE:  121 13:03:30        6.233982        0.062572
FIRE:  122 13:03:30        6.233801        0.061572
FIRE:  123 13:03:30        6.233769        0.060125
FIRE:  124 13:03:31        6.233731        0.060096
FIRE:  125 13:03:31        6.233661        0.060029
FIRE:  126 13:03:31        6.233572        0.059913
FIRE:  127 13:03:31        6.233477        0.059729
FIRE:  128 13:03:31        6.233389        0.059457
FIRE:  129 13:03:31        6.233311        0.059083
FIRE:  130 13:03:31        6.233240        0.058604
FIRE:  131 13:03:31        6.233159        0.057971
FIRE:  132 13:03:31        6.233050        0.057171
FIRE:  133 13:03:31        6.232897        0.056188
FIRE:  134 13:03:31        6.232692        0.054984
FIRE:  135 13:03:31        6.232449        0.053491
FIRE:  136 13:03:31        6.232191        0.051618
FIRE:  137 13:03:31        6.231914        0.049321
FIRE:  138 13:03:31        6.231578        0.046634
FIRE:  139 13:03:31        6.231166        0.043534
FIRE:  140 13:03:31        6.230734        0.039823
FIRE:  141 13:03:31        6.230290        0.035290
FIRE:  142 13:03:31        6.229786        0.029908
FIRE:  143 13:03:31        6.229326        0.023501
FIRE:  144 13:03:31        6.228879        0.017288
FIRE:  145 13:03:32        6.228565        0.024916
FIRE:  146 13:03:32        6.228317        0.008566
