      Step     Time          Energy          fmax
FIRE:    0 11:20:41       92.184732       53.761124
FIRE:    1 11:20:41       75.621110       35.813861
FIRE:    2 11:20:41       63.729258       22.957674
FIRE:    3 11:20:41       54.474842       15.396721
FIRE:    4 11:20:41       47.043985       15.347343
FIRE:    5 11:20:41       41.083232       16.671672
FIRE:    6 11:20:41       36.192867       17.343208
FIRE:    7 11:20:41       31.916758       16.858421
FIRE:    8 11:20:41       27.957085       14.986693
FIRE:    9 11:20:41       24.335457       11.970007
FIRE:   10 11:20:41       21.276878        8.194418
FIRE:   11 11:20:41       19.033500        4.716858
FIRE:   12 11:20:41       17.763093        4.473076
FIRE:   13 11:20:42       17.400058        6.612929
FIRE:   14 11:20:42       16.035254        4.249509
FIRE:   15 11:20:42       14.898745        4.079690
FIRE:   16 11:20:42       14.002790        3.696172
FIRE:   17 11:20:42       13.099114        3.046423
FIRE:   18 11:20:42       12.357374        2.401276
FIRE:   19 11:20:42       11.774613        1.895629
FIRE:   20 11:20:42       11.345504        1.513997
FIRE:   21 11:20:42       11.103038        1.196255
FIRE:   22 11:20:43       10.949302        1.570887
FIRE:   23 11:20:43       10.762822        1.097825
FIRE:   24 11:20:43       10.601069        1.028597
FIRE:   25 11:20:43       10.465827        1.157742
FIRE:   26 11:20:43       10.249185        0.870493
FIRE:   27 11:20:43        9.981343        0.816691
FIRE:   28 11:20:43        9.774574        0.667454
FIRE:   29 11:20:43        9.668631        0.719975
FIRE:   30 11:20:43        9.698296        0.708393
FIRE:   31 11:20:43        9.660130        0.491346
FIRE:   32 11:20:43        9.614284        0.321372
FIRE:   33 11:20:43        9.588712        0.278157
FIRE:   34 11:20:44        9.579876        0.373529
FIRE:   35 11:20:44        9.576681        0.336445
FIRE:   36 11:20:44        9.571038        0.323563
FIRE:   37 11:20:44        9.564185        0.312911
FIRE:   38 11:20:44        9.557401        0.299487
FIRE:   39 11:20:44        9.551510        0.284129
FIRE:   40 11:20:44        9.546508        0.268144
FIRE:   41 11:20:44        9.541622        0.253062
FIRE:   42 11:20:44        9.535175        0.245746
FIRE:   43 11:20:44        9.525934        0.244302
FIRE:   44 11:20:44        9.513331        0.257594
FIRE:   45 11:20:44        9.498029        0.273223
FIRE:   46 11:20:44        9.481269        0.289835
FIRE:   47 11:20:44        9.462421        0.303813
FIRE:   48 11:20:44        9.438171        0.311036
FIRE:   49 11:20:44        9.406835        0.310994
FIRE:   50 11:20:45        9.370937        0.310013
FIRE:   51 11:20:45        9.329218        0.317746
FIRE:   52 11:20:45        9.275435        0.337698
FIRE:   53 11:20:45        9.211618        0.365474
FIRE:   54 11:20:45        9.135900        0.376509
FIRE:   55 11:20:45        9.046799        0.351385
FIRE:   56 11:20:45        8.957628        0.315633
FIRE:   57 11:20:45        8.866107        0.292651
FIRE:   58 11:20:45        8.773504        0.285241
FIRE:   59 11:20:45        8.679794        0.285134
FIRE:   60 11:20:45        8.583919        0.281800
FIRE:   61 11:20:45        8.484793        0.293928
FIRE:   62 11:20:45        8.382359        0.307119
FIRE:   63 11:20:45        8.275881        0.314547
FIRE:   64 11:20:45        8.165766        0.322430
FIRE:   65 11:20:45        8.051380        0.330509
FIRE:   66 11:20:45        7.933438        0.337052
FIRE:   67 11:20:45        7.811956        0.346386
FIRE:   68 11:20:45        7.687790        0.359397
FIRE:   69 11:20:45        7.561300        0.371647
FIRE:   70 11:20:45        7.433647        0.379023
FIRE:   71 11:20:46        7.305386        0.378131
FIRE:   72 11:20:46        7.177870        0.369762
FIRE:   73 11:20:46        7.052248        0.357490
FIRE:   74 11:20:46        6.930159        0.343421
FIRE:   75 11:20:46        6.813274        0.326332
FIRE:   76 11:20:46        6.703518        0.303974
FIRE:   77 11:20:46        6.602887        0.275856
FIRE:   78 11:20:46        6.513757        0.243190
FIRE:   79 11:20:46        6.439527        0.206584
FIRE:   80 11:20:46        6.383169        0.165262
FIRE:   81 11:20:46        6.345641        0.119324
FIRE:   82 11:20:46        6.325079        0.120193
FIRE:   83 11:20:46        6.318330        0.129733
FIRE:   84 11:20:46        6.303083        0.074161
FIRE:   85 11:20:46        6.324445        0.587876
FIRE:   86 11:20:46        6.334609        0.864023
FIRE:   87 11:20:46        6.307581        0.315687
FIRE:   88 11:20:46        6.311005        0.482662
FIRE:   89 11:20:47        6.308044        0.392986
FIRE:   90 11:20:47        6.304207        0.234027
FIRE:   91 11:20:47        6.302081        0.044930
FIRE:   92 11:20:47        6.302740        0.145333
FIRE:   93 11:20:47        6.302646        0.138911
FIRE:   94 11:20:47        6.302473        0.126327
FIRE:   95 11:20:47        6.302247        0.108100
FIRE:   96 11:20:47        6.302001        0.085010
FIRE:   97 11:20:47        6.301771        0.058924
FIRE:   98 11:20:47        6.301586        0.039721
FIRE:   99 11:20:47        6.301462        0.038575
FIRE:  100 11:20:47        6.301391        0.038228
FIRE:  101 11:20:47        6.301355        0.056520
FIRE:  102 11:20:47        6.301306        0.074543
FIRE:  103 11:20:48        6.301191        0.081697
FIRE:  104 11:20:48        6.300976        0.075342
FIRE:  105 11:20:48        6.300675        0.053978
FIRE:  106 11:20:48        6.300371        0.029976
FIRE:  107 11:20:48        6.300172        0.026335
FIRE:  108 11:20:48        6.300060        0.052869
FIRE:  109 11:20:48        6.299890        0.057261
FIRE:  110 11:20:48        6.299632        0.030822
FIRE:  111 11:20:48        6.299498        0.020316
FIRE:  112 11:20:48        6.299494        0.018175
FIRE:  113 11:20:48        6.299486        0.014305
FIRE:  114 11:20:48        6.299478        0.014041
FIRE:  115 11:20:49        6.299470        0.013721
FIRE:  116 11:20:49        6.299464        0.013374
FIRE:  117 11:20:49        6.299459        0.013036
FIRE:  118 11:20:49        6.299453        0.012736
FIRE:  119 11:20:49        6.299443        0.012459
FIRE:  120 11:20:49        6.299428        0.012216
FIRE:  121 11:20:49        6.299410        0.011996
FIRE:  122 11:20:49        6.299392        0.011746
FIRE:  123 11:20:49        6.299371        0.011365
FIRE:  124 11:20:49        6.299345        0.010763
FIRE:  125 11:20:49        6.299312        0.009902
