      Step     Time          Energy          fmax
FIRE:    0 14:08:59      116.985755       46.005180
FIRE:    1 14:08:59       97.318283       37.920241
FIRE:    2 14:08:59       87.692434       36.294938
FIRE:    3 14:08:59       80.034802       34.491986
FIRE:    4 14:08:59       72.011281       32.113818
FIRE:    5 14:08:59       65.314989       29.873908
FIRE:    6 14:08:59       60.655317       28.084305
FIRE:    7 14:08:59       56.265837       26.282808
FIRE:    8 14:09:00       51.068735       24.190528
FIRE:    9 14:09:00       46.242396       22.171792
FIRE:   10 14:09:00       42.491545       20.456428
FIRE:   11 14:09:00       39.046585       18.805168
FIRE:   12 14:09:00       35.477792       17.080265
FIRE:   13 14:09:00       32.170199       15.424934
FIRE:   14 14:09:00       29.446984       13.968401
FIRE:   15 14:09:00       27.005064       12.611511
FIRE:   16 14:09:00       24.606588       11.271113
FIRE:   17 14:09:00       22.442926       10.021573
FIRE:   18 14:09:00       20.629423        8.907581
FIRE:   19 14:09:00       19.006942        7.859702
FIRE:   20 14:09:00       17.499958        6.847081
FIRE:   21 14:09:00       16.182839        5.915106
FIRE:   22 14:09:00       15.086486        5.082580
FIRE:   23 14:09:00       14.133340        4.317067
FIRE:   24 14:09:00       13.291937        3.604988
FIRE:   25 14:09:00       12.596632        2.963196
FIRE:   26 14:09:00       12.039529        2.389166
FIRE:   27 14:09:00       11.578052        1.862027
FIRE:   28 14:09:00       11.204075        1.384526
FIRE:   29 14:09:00       10.923297        0.970319
FIRE:   30 14:09:00       10.714581        0.610568
FIRE:   31 14:09:00       10.555747        0.575412
FIRE:   32 14:09:00       10.440803        0.576049
FIRE:   33 14:09:00       10.356767        0.570540
FIRE:   34 14:09:00       10.282697        0.561180
FIRE:   35 14:09:01       10.201542        0.605110
FIRE:   36 14:09:01       10.102729        0.754794
FIRE:   37 14:09:01        9.980657        0.878657
FIRE:   38 14:09:01        9.831213        0.978829
FIRE:   39 14:09:01        9.644514        1.213051
FIRE:   40 14:09:01        9.396451        1.645525
FIRE:   41 14:09:01        9.051801        2.028718
FIRE:   42 14:09:01        8.603248        2.159394
FIRE:   43 14:09:01        8.147100        1.585828
FIRE:   44 14:09:01        7.996074        1.000524
FIRE:   45 14:09:01        7.804452        1.347371
FIRE:   46 14:09:01        7.622837        0.677884
FIRE:   47 14:09:01        7.580988        0.545662
FIRE:   48 14:09:01        7.522677        0.574733
FIRE:   49 14:09:01        7.453757        0.623021
FIRE:   50 14:09:01        7.362051        0.654597
FIRE:   51 14:09:01        7.249630        0.449862
FIRE:   52 14:09:01        7.137328        0.355669
FIRE:   53 14:09:01        7.037497        0.379936
FIRE:   54 14:09:01        6.935002        0.317063
FIRE:   55 14:09:01        6.846252        0.287822
FIRE:   56 14:09:01        6.782021        0.398078
FIRE:   57 14:09:01        6.712160        0.405296
FIRE:   58 14:09:01        6.623732        0.479811
FIRE:   59 14:09:01        6.510815        0.530597
FIRE:   60 14:09:01        6.386889        0.509170
FIRE:   61 14:09:01        6.274710        0.428315
FIRE:   62 14:09:01        6.178204        0.303368
FIRE:   63 14:09:02        6.108082        0.139317
FIRE:   64 14:09:02        6.077992        0.258147
FIRE:   65 14:09:02        6.075592        0.368147
FIRE:   66 14:09:02        6.061232        0.339213
FIRE:   67 14:09:02        6.040207        0.284734
FIRE:   68 14:09:02        6.021493        0.213410
FIRE:   69 14:09:02        6.007323        0.208595
FIRE:   70 14:09:02        5.993656        0.215470
FIRE:   71 14:09:02        5.979579        0.199081
FIRE:   72 14:09:02        5.968639        0.216775
FIRE:   73 14:09:02        5.958663        0.215602
FIRE:   74 14:09:02        5.940423        0.201468
FIRE:   75 14:09:02        5.909363        0.175808
FIRE:   76 14:09:02        5.876119        0.128737
FIRE:   77 14:09:02        5.842506        0.132322
FIRE:   78 14:09:02        5.803666        0.176256
FIRE:   79 14:09:02        5.759549        0.217599
FIRE:   80 14:09:02        5.697607        0.196689
FIRE:   81 14:09:02        5.625849        0.171285
FIRE:   82 14:09:02        5.539578        0.217568
FIRE:   83 14:09:02        5.436060        0.256660
FIRE:   84 14:09:02        5.320610        0.267920
FIRE:   85 14:09:02        5.205833        0.218229
FIRE:   86 14:09:02        5.124497        0.192626
FIRE:   87 14:09:02        5.131354        0.330678
FIRE:   88 14:09:02        5.090093        0.097063
FIRE:   89 14:09:02        5.100753        0.193370
FIRE:   90 14:09:02        5.093694        0.162658
FIRE:   91 14:09:02        5.083263        0.121028
FIRE:   92 14:09:03        5.074523        0.095732
FIRE:   93 14:09:03        5.071831        0.083359
FIRE:   94 14:09:03        5.071405        0.082443
FIRE:   95 14:09:03        5.070633        0.080656
FIRE:   96 14:09:03        5.069622        0.078329
FIRE:   97 14:09:03        5.068445        0.081636
FIRE:   98 14:09:03        5.067144        0.085986
FIRE:   99 14:09:03        5.065764        0.090939
FIRE:  100 14:09:03        5.064346        0.095688
FIRE:  101 14:09:03        5.062714        0.099554
FIRE:  102 14:09:03        5.060729        0.101174
FIRE:  103 14:09:03        5.058254        0.099679
FIRE:  104 14:09:03        5.055223        0.095353
FIRE:  105 14:09:03        5.051564        0.089464
FIRE:  106 14:09:03        5.047378        0.082690
FIRE:  107 14:09:03        5.042845        0.074131
FIRE:  108 14:09:03        5.038059        0.065368
FIRE:  109 14:09:03        5.032913        0.061434
FIRE:  110 14:09:03        5.027576        0.055973
FIRE:  111 14:09:03        5.022798        0.044096
FIRE:  112 14:09:03        5.019353        0.073713
FIRE:  113 14:09:03        5.019675        0.206183
FIRE:  114 14:09:03        5.016275        0.028966
FIRE:  115 14:09:03        5.018504        0.172278
FIRE:  116 14:09:03        5.017584        0.134836
FIRE:  117 14:09:04        5.016494        0.068217
FIRE:  118 14:09:04        5.016117        0.012941
FIRE:  119 14:09:04        5.016115        0.012258
FIRE:  120 14:09:04        5.016110        0.010932
FIRE:  121 14:09:04        5.016104        0.009040
