      Step     Time          Energy          fmax
FIRE:    0 16:35:06      209.234023       59.892341
FIRE:    1 16:35:06      189.211114       54.906136
FIRE:    2 16:35:06      172.754397       50.796868
FIRE:    3 16:35:06      159.120176       47.374665
FIRE:    4 16:35:06      147.653724       44.477122
FIRE:    5 16:35:06      137.807182       41.973316
FIRE:    6 16:35:06      129.145492       39.760897
FIRE:    7 16:35:06      121.340486       37.762539
FIRE:    8 16:35:06      114.152686       35.911102
FIRE:    9 16:35:06      107.426138       34.161015
FIRE:   10 16:35:06      101.064658       32.488324
FIRE:   11 16:35:06       95.012076       30.877691
FIRE:   12 16:35:06       89.237788       29.319766
FIRE:   13 16:35:06       83.726152       27.809888
FIRE:   14 16:35:06       78.469353       26.346052
FIRE:   15 16:35:07       73.463039       24.927742
FIRE:   16 16:35:07       68.703831       23.555453
FIRE:   17 16:35:07       64.188057       22.229827
FIRE:   18 16:35:07       59.911354       20.950697
FIRE:   19 16:35:07       55.868451       19.719842
FIRE:   20 16:35:07       52.052979       18.536659
FIRE:   21 16:35:07       48.458876       17.394817
FIRE:   22 16:35:07       45.080268       16.293717
FIRE:   23 16:35:07       41.910683       15.234124
FIRE:   24 16:35:07       38.943221       14.215809
FIRE:   25 16:35:07       36.170844       13.237629
FIRE:   26 16:35:07       33.586596       12.298162
FIRE:   27 16:35:07       31.183250       11.401090
FIRE:   28 16:35:07       28.952670       10.546802
FIRE:   29 16:35:07       26.887740        9.727350
FIRE:   30 16:35:07       24.982071        8.942331
FIRE:   31 16:35:07       23.229243        8.190774
FIRE:   32 16:35:07       21.623274        7.469738
FIRE:   33 16:35:07       20.158388        6.781636
FIRE:   34 16:35:07       18.826773        6.140809
FIRE:   35 16:35:07       17.619514        5.537315
FIRE:   36 16:35:07       16.531063        4.956745
FIRE:   37 16:35:07       15.556703        4.401622
FIRE:   38 16:35:08       14.690961        3.874265
FIRE:   39 16:35:08       13.928006        3.374808
FIRE:   40 16:35:08       13.261909        2.902662
FIRE:   41 16:35:08       12.686669        2.457045
FIRE:   42 16:35:08       12.196151        2.037135
FIRE:   43 16:35:08       11.783964        1.642162
FIRE:   44 16:35:08       11.443304        1.271515
FIRE:   45 16:35:08       11.166791        0.924848
FIRE:   46 16:35:08       10.946366        0.848254
FIRE:   47 16:35:08       10.773373        0.918742
FIRE:   48 16:35:08       10.638829        0.982473
FIRE:   49 16:35:08       10.533776        1.039089
FIRE:   50 16:35:08       10.449548        1.088510
FIRE:   51 16:35:08       10.377924        1.130859
FIRE:   52 16:35:08       10.311239        1.166362
FIRE:   53 16:35:08       10.242535        1.195282
FIRE:   54 16:35:08       10.165635        1.217743
FIRE:   55 16:35:08       10.074732        1.233423
FIRE:   56 16:35:08        9.964502        1.307948
FIRE:   57 16:35:08        9.831455        1.371023
FIRE:   58 16:35:08        9.673647        1.414745
FIRE:   59 16:35:08        9.490156        1.439174
FIRE:   60 16:35:08        9.281123        1.444788
FIRE:   61 16:35:08        9.047796        1.432158
FIRE:   62 16:35:08        8.792466        1.401798
FIRE:   63 16:35:09        8.518278        1.354218
FIRE:   64 16:35:09        8.228915        1.290131
FIRE:   65 16:35:09        7.928080        1.210630
FIRE:   66 16:35:09        7.619327        1.115704
FIRE:   67 16:35:09        7.307318        1.003475
FIRE:   68 16:35:09        6.996728        0.922605
FIRE:   69 16:35:09        6.689797        0.870436
FIRE:   70 16:35:09        6.387476        0.818872
FIRE:   71 16:35:09        6.090541        0.766554
FIRE:   72 16:35:09        5.798977        0.716666
FIRE:   73 16:35:09        5.511363        0.672734
FIRE:   74 16:35:09        5.225495        0.636097
FIRE:   75 16:35:09        4.939030        0.607071
FIRE:   76 16:35:09        4.649827        0.585443
FIRE:   77 16:35:09        4.356193        0.596693
FIRE:   78 16:35:09        4.057092        0.755818
FIRE:   79 16:35:09        3.752295        0.903373
FIRE:   80 16:35:09        3.442213        1.036234
FIRE:   81 16:35:09        3.127862        1.151667
FIRE:   82 16:35:09        2.814293        1.247374
FIRE:   83 16:35:09        2.506634        1.321811
FIRE:   84 16:35:09        2.210223        1.374444
FIRE:   85 16:35:09        1.931904        1.405829
FIRE:   86 16:35:09        1.679281        1.417727
FIRE:   87 16:35:09        1.459749        1.412775
FIRE:   88 16:35:10        1.278987        1.394448
FIRE:   89 16:35:10        1.141412        1.368825
FIRE:   90 16:35:10        1.053873        1.341022
FIRE:   91 16:35:10        1.021482        1.313017
FIRE:   92 16:35:10        0.738299        0.961513
FIRE:   93 16:35:10        0.548485        0.653264
FIRE:   94 16:35:10        0.429070        0.398246
FIRE:   95 16:35:10        0.349976        0.397751
FIRE:   96 16:35:10        0.280116        0.388487
FIRE:   97 16:35:10        0.202026        0.346725
FIRE:   98 16:35:10        0.118046        0.279511
FIRE:   99 16:35:10        0.042903        0.193075
FIRE:  100 16:35:10       -0.006666        0.115383
FIRE:  101 16:35:10       -0.025850        0.174970
FIRE:  102 16:35:10       -0.031423        0.212493
FIRE:  103 16:35:10       -0.047925        0.159585
FIRE:  104 16:35:10       -0.057730        0.076812
FIRE:  105 16:35:10       -0.058046        0.075481
FIRE:  106 16:35:10       -0.058638        0.072921
FIRE:  107 16:35:10       -0.059444        0.069337
FIRE:  108 16:35:10       -0.060402        0.065023
FIRE:  109 16:35:10       -0.061477        0.060343
FIRE:  110 16:35:10       -0.062671        0.055692
FIRE:  111 16:35:11       -0.063998        0.051433
FIRE:  112 16:35:11       -0.065629        0.047505
FIRE:  113 16:35:11       -0.067581        0.044290
FIRE:  114 16:35:11       -0.069798        0.042062
FIRE:  115 16:35:11       -0.072180        0.040693
FIRE:  116 16:35:11       -0.074679        0.039256
FIRE:  117 16:35:11       -0.077293        0.036071
FIRE:  118 16:35:11       -0.079855        0.029386
FIRE:  119 16:35:11       -0.082125        0.019043
FIRE:  120 16:35:11       -0.084085        0.010662
FIRE:  121 16:35:11       -0.085485        0.008605
