      Step     Time          Energy          fmax
FIRE:    0 12:29:46       70.070515       32.013481
FIRE:    1 12:29:46       56.548229       26.038097
FIRE:    2 12:29:46       46.846559       24.513584
FIRE:    3 12:29:46       39.349141       22.890346
FIRE:    4 12:29:46       33.114282       20.794132
FIRE:    5 12:29:47       27.726739       18.020932
FIRE:    6 12:29:47       23.123172       14.502637
FIRE:    7 12:29:47       19.442588       10.180902
FIRE:    8 12:29:47       16.941736        5.600627
FIRE:    9 12:29:47       15.950543        6.863223
FIRE:   10 12:29:47       15.175031        5.271724
FIRE:   11 12:29:47       14.136349        3.540193
FIRE:   12 12:29:47       13.369745        3.344499
FIRE:   13 12:29:47       13.036684        3.299935
FIRE:   14 12:29:47       12.821874        4.053024
FIRE:   15 12:29:47       12.327572        3.902675
FIRE:   16 12:29:47       11.588495        2.970827
FIRE:   17 12:29:47       10.923748        2.726377
FIRE:   18 12:29:47       10.516139        2.902716
FIRE:   19 12:29:47       10.059080        2.622294
FIRE:   20 12:29:47        9.587159        1.468680
FIRE:   21 12:29:47        9.277755        1.189088
FIRE:   22 12:29:47        9.079940        1.673696
FIRE:   23 12:29:48        8.903235        1.460663
FIRE:   24 12:29:48        8.731179        1.015591
FIRE:   25 12:29:48        8.668755        0.541746
FIRE:   26 12:29:48        8.659188        0.522907
FIRE:   27 12:29:48        8.642462        0.504611
FIRE:   28 12:29:48        8.622062        0.478908
FIRE:   29 12:29:48        8.600681        0.448195
FIRE:   30 12:29:48        8.578905        0.415961
FIRE:   31 12:29:48        8.555323        0.386133
FIRE:   32 12:29:48        8.527957        0.361859
FIRE:   33 12:29:48        8.492160        0.343328
FIRE:   34 12:29:48        8.447541        0.331833
FIRE:   35 12:29:48        8.397073        0.374221
FIRE:   36 12:29:48        8.345445        0.447430
FIRE:   37 12:29:48        8.294211        0.509166
FIRE:   38 12:29:48        8.241178        0.542061
FIRE:   39 12:29:48        8.187948        0.541980
FIRE:   40 12:29:48        8.139874        0.516959
FIRE:   41 12:29:48        8.081684        0.474588
FIRE:   42 12:29:48        7.998259        0.411711
FIRE:   43 12:29:49        7.905587        0.315701
FIRE:   44 12:29:49        7.822350        0.392291
FIRE:   45 12:29:49        7.757978        0.486637
FIRE:   46 12:29:49        7.694658        0.566612
FIRE:   47 12:29:49        7.607136        0.619206
FIRE:   48 12:29:49        7.498860        0.634166
FIRE:   49 12:29:49        7.378738        0.620741
FIRE:   50 12:29:49        7.254482        0.596885
FIRE:   51 12:29:49        7.127273        0.580283
FIRE:   52 12:29:49        6.995731        0.581227
FIRE:   53 12:29:49        6.862206        0.593160
FIRE:   54 12:29:49        6.727632        0.597229
FIRE:   55 12:29:49        6.592201        0.582583
FIRE:   56 12:29:49        6.460516        0.553575
FIRE:   57 12:29:49        6.334880        0.519066
FIRE:   58 12:29:49        6.216753        0.476946
FIRE:   59 12:29:49        6.109666        0.409180
FIRE:   60 12:29:49        6.018316        0.332113
FIRE:   61 12:29:50        5.946455        0.350137
FIRE:   62 12:29:50        5.892711        0.363098
FIRE:   63 12:29:50        5.850299        0.369295
FIRE:   64 12:29:50        5.815327        0.358353
FIRE:   65 12:29:50        5.790804        0.318938
FIRE:   66 12:29:50        5.778660        0.371906
FIRE:   67 12:29:50        5.737610        0.183745
FIRE:   68 12:29:50        5.715353        0.690566
FIRE:   69 12:29:50        5.708645        0.665180
FIRE:   70 12:29:50        5.691258        0.334547
FIRE:   71 12:29:50        5.684968        0.233511
FIRE:   72 12:29:50        5.684416        0.231917
FIRE:   73 12:29:50        5.683460        0.228834
FIRE:   74 12:29:50        5.682322        0.224492
FIRE:   75 12:29:50        5.681174        0.219287
FIRE:   76 12:29:50        5.680039        0.213818
FIRE:   77 12:29:50        5.678777        0.208753
FIRE:   78 12:29:50        5.677213        0.204581
FIRE:   79 12:29:50        5.675033        0.201240
FIRE:   80 12:29:51        5.672191        0.198839
FIRE:   81 12:29:51        5.668820        0.196925
FIRE:   82 12:29:51        5.664950        0.194271
FIRE:   83 12:29:51        5.660151        0.189379
FIRE:   84 12:29:51        5.653901        0.181419
FIRE:   85 12:29:51        5.646284        0.171154
FIRE:   86 12:29:51        5.637132        0.162308
FIRE:   87 12:29:51        5.625293        0.159155
FIRE:   88 12:29:51        5.610553        0.161044
FIRE:   89 12:29:51        5.591578        0.161731
FIRE:   90 12:29:51        5.566749        0.162071
FIRE:   91 12:29:51        5.533601        0.177071
FIRE:   92 12:29:51        5.489070        0.206550
FIRE:   93 12:29:51        5.427752        0.237193
FIRE:   94 12:29:51        5.351973        0.294345
FIRE:   95 12:29:51        5.273273        0.326932
FIRE:   96 12:29:52        5.197120        0.355179
FIRE:   97 12:29:52        5.131402        0.338745
FIRE:   98 12:29:52        5.080643        0.297678
FIRE:   99 12:29:52        5.035094        0.231808
FIRE:  100 12:29:52        4.983131        0.217302
FIRE:  101 12:29:52        4.924455        0.242082
FIRE:  102 12:29:52        4.857100        0.232459
FIRE:  103 12:29:52        4.787053        0.192046
FIRE:  104 12:29:52        4.723010        0.225458
FIRE:  105 12:29:52        4.658385        0.295197
FIRE:  106 12:29:52        4.592160        0.353148
FIRE:  107 12:29:52        4.527541        0.381258
FIRE:  108 12:29:52        4.459556        0.384030
FIRE:  109 12:29:52        4.385326        0.373034
FIRE:  110 12:29:52        4.305777        0.356699
FIRE:  111 12:29:52        4.224868        0.337112
FIRE:  112 12:29:52        4.147618        0.311545
FIRE:  113 12:29:52        4.074805        0.279020
FIRE:  114 12:29:53        4.002190        0.243505
FIRE:  115 12:29:53        3.929620        0.207621
FIRE:  116 12:29:53        3.863932        0.175807
FIRE:  117 12:29:53        3.812127        0.140751
FIRE:  118 12:29:53        3.780827        0.090794
FIRE:  119 12:29:53        3.775860        0.112366
FIRE:  120 12:29:53        3.769998        0.227762
FIRE:  121 12:29:53        3.763216        0.092755
FIRE:  122 12:29:53        3.762396        0.072912
FIRE:  123 12:29:53        3.761800        0.070483
FIRE:  124 12:29:53        3.761716        0.066757
FIRE:  125 12:29:53        3.761600        0.066374
FIRE:  126 12:29:53        3.761404        0.065635
FIRE:  127 12:29:53        3.761190        0.064585
FIRE:  128 12:29:53        3.761007        0.063260
FIRE:  129 12:29:53        3.760872        0.061694
FIRE:  130 12:29:53        3.760755        0.059948
FIRE:  131 12:29:54        3.760607        0.058085
FIRE:  132 12:29:54        3.760372        0.055938
FIRE:  133 12:29:54        3.760038        0.053507
FIRE:  134 12:29:54        3.759650        0.050800
FIRE:  135 12:29:54        3.759273        0.047814
FIRE:  136 12:29:54        3.758884        0.044521
FIRE:  137 12:29:54        3.758370        0.040891
FIRE:  138 12:29:54        3.757720        0.042579
FIRE:  139 12:29:54        3.757060        0.044565
FIRE:  140 12:29:54        3.756295        0.045798
FIRE:  141 12:29:54        3.755316        0.045906
FIRE:  142 12:29:54        3.754292        0.045140
FIRE:  143 12:29:54        3.752994        0.044350
FIRE:  144 12:29:54        3.751634        0.042598
FIRE:  145 12:29:54        3.750004        0.037903
FIRE:  146 12:29:54        3.748344        0.032533
FIRE:  147 12:29:54        3.746720        0.040334
FIRE:  148 12:29:55        3.745171        0.059428
FIRE:  149 12:29:55        3.744072        0.098207
FIRE:  150 12:29:55        3.742945        0.024760
FIRE:  151 12:29:55        3.743582        0.080364
FIRE:  152 12:29:55        3.743282        0.063076
FIRE:  153 12:29:55        3.742919        0.032358
FIRE:  154 12:29:55        3.742772        0.023580
FIRE:  155 12:29:55        3.742769        0.023557
FIRE:  156 12:29:55        3.742764        0.023512
FIRE:  157 12:29:55        3.742756        0.023446
FIRE:  158 12:29:55        3.742746        0.023361
FIRE:  159 12:29:55        3.742733        0.023260
FIRE:  160 12:29:55        3.742719        0.023146
FIRE:  161 12:29:55        3.742703        0.023059
FIRE:  162 12:29:55        3.742682        0.023018
FIRE:  163 12:29:55        3.742657        0.022985
FIRE:  164 12:29:55        3.742625        0.022969
FIRE:  165 12:29:56        3.742585        0.022976
FIRE:  166 12:29:56        3.742535        0.023012
FIRE:  167 12:29:56        3.742475        0.023075
FIRE:  168 12:29:56        3.742403        0.023156
FIRE:  169 12:29:56        3.742315        0.023235
FIRE:  170 12:29:56        3.742209        0.023288
FIRE:  171 12:29:56        3.742082        0.023304
FIRE:  172 12:29:56        3.741931        0.023296
FIRE:  173 12:29:56        3.741751        0.023288
FIRE:  174 12:29:56        3.741537        0.023257
FIRE:  175 12:29:56        3.741285        0.023061
FIRE:  176 12:29:56        3.740987        0.022501
FIRE:  177 12:29:56        3.740641        0.021532
FIRE:  178 12:29:56        3.740242        0.020291
FIRE:  179 12:29:56        3.739790        0.018581
FIRE:  180 12:29:57        3.739287        0.016430
FIRE:  181 12:29:57        3.738740        0.014729
FIRE:  182 12:29:57        3.738204        0.022264
FIRE:  183 12:29:57        3.737924        0.057267
FIRE:  184 12:29:57        3.737551        0.011237
FIRE:  185 12:29:57        3.737798        0.048972
FIRE:  186 12:29:57        3.737685        0.037816
FIRE:  187 12:29:57        3.737553        0.018313
FIRE:  188 12:29:57        3.737511        0.011429
FIRE:  189 12:29:57        3.737510        0.011420
FIRE:  190 12:29:57        3.737508        0.011403
FIRE:  191 12:29:57        3.737505        0.011379
FIRE:  192 12:29:57        3.737502        0.011350
FIRE:  193 12:29:57        3.737498        0.011319
FIRE:  194 12:29:57        3.737494        0.011289
FIRE:  195 12:29:58        3.737490        0.011263
FIRE:  196 12:29:58        3.737485        0.011244
FIRE:  197 12:29:58        3.737478        0.011237
FIRE:  198 12:29:58        3.737470        0.011248
FIRE:  199 12:29:58        3.737459        0.011282
FIRE:  200 12:29:58        3.737445        0.011341
FIRE:  201 12:29:58        3.737429        0.011419
FIRE:  202 12:29:58        3.737409        0.011502
FIRE:  203 12:29:58        3.737385        0.011565
FIRE:  204 12:29:58        3.737356        0.011586
FIRE:  205 12:29:58        3.737320        0.011557
FIRE:  206 12:29:58        3.737277        0.011507
FIRE:  207 12:29:58        3.737225        0.011483
FIRE:  208 12:29:58        3.737163        0.011494
FIRE:  209 12:29:58        3.737090        0.011442
FIRE:  210 12:29:58        3.737002        0.011203
FIRE:  211 12:29:58        3.736900        0.010848
FIRE:  212 12:29:59        3.736779        0.010566
FIRE:  213 12:29:59        3.736641        0.010074
FIRE:  214 12:29:59        3.736483        0.009392
