      Step     Time          Energy          fmax
BFGS:    0 09:43:36       12.068474      129.747193
BFGS:    1 09:43:36      -40.751251       38.546537
BFGS:    2 09:43:37      -58.287144       38.690132
BFGS:    3 09:43:37      -68.550323       15.410458
BFGS:    4 09:43:38      -73.015732        6.729985
BFGS:    5 09:43:38      -74.551529        4.172116
BFGS:    6 09:43:39      -75.548630        2.037805
BFGS:    7 09:43:39      -75.846558        1.497056
BFGS:    8 09:43:39      -76.140762        1.351242
BFGS:    9 09:43:40      -76.419205        0.755168
BFGS:   10 09:43:41      -76.577682        0.705886
BFGS:   11 09:43:41      -76.685959        0.692077
BFGS:   12 09:43:41      -76.808670        0.758753
BFGS:   13 09:43:41      -77.028076        0.995862
BFGS:   14 09:43:42      -77.294792        1.051397
BFGS:   15 09:43:42      -77.516548        0.996150
BFGS:   16 09:43:42      -77.720375        0.797289
BFGS:   17 09:43:42      -77.796989        0.772839
BFGS:   18 09:43:43      -77.952110        0.790335
BFGS:   19 09:43:43      -78.079277        0.904659
BFGS:   20 09:43:43      -78.200417        0.709576
BFGS:   21 09:43:44      -78.266731        0.621520
BFGS:   22 09:43:44      -78.369415        0.730370
BFGS:   23 09:43:44      -78.492104        0.822250
BFGS:   24 09:43:44      -78.601349        0.736106
BFGS:   25 09:43:45      -78.680290        0.659719
BFGS:   26 09:43:45      -78.770813        0.619793
BFGS:   27 09:43:45      -78.843124        0.574348
BFGS:   28 09:43:46      -78.894066        0.622549
BFGS:   29 09:43:46      -78.935585        0.570741
BFGS:   30 09:43:46      -78.983467        0.496747
BFGS:   31 09:43:46      -79.035049        0.478202
BFGS:   32 09:43:47      -79.088867        0.505499
BFGS:   33 09:43:47      -79.137772        0.507518
BFGS:   34 09:43:47      -79.177971        0.440940
BFGS:   35 09:43:48      -79.215500        0.452170
BFGS:   36 09:43:48      -79.275978        0.462250
BFGS:   37 09:43:48      -79.328850        0.471937
BFGS:   38 09:43:49      -79.362953        0.585802
BFGS:   39 09:43:49      -79.380882        0.483063
BFGS:   40 09:43:49      -79.397957        0.366706
BFGS:   41 09:43:49      -79.423912        0.242017
BFGS:   42 09:43:50      -79.439926        0.269356
BFGS:   43 09:43:50      -79.449707        0.260111
BFGS:   44 09:43:50      -79.462837        0.243168
BFGS:   45 09:43:51      -79.486855        0.295021
BFGS:   46 09:43:51      -79.515205        0.343599
BFGS:   47 09:43:51      -79.540031        0.377233
BFGS:   48 09:43:51      -79.564789        0.394575
BFGS:   49 09:43:52      -79.592751        0.411661
BFGS:   50 09:43:52      -79.632301        0.347454
BFGS:   51 09:43:52      -79.672295        0.546049
BFGS:   52 09:43:53      -79.704720        0.550508
BFGS:   53 09:43:53      -79.729462        0.564573
BFGS:   54 09:43:53      -79.764618        0.488545
BFGS:   55 09:43:53      -79.846664        0.670858
BFGS:   56 09:43:54      -79.954689        0.849679
BFGS:   57 09:43:54      -80.054443        0.782819
BFGS:   58 09:43:54      -80.136116        0.737391
BFGS:   59 09:43:55      -80.199905        0.639551
BFGS:   60 09:43:55      -80.267471        0.531717
BFGS:   61 09:43:55      -80.377785        0.660393
BFGS:   62 09:43:56      -80.408913        0.517839
BFGS:   63 09:43:56      -80.484619        0.546611
BFGS:   64 09:43:56      -80.588882        0.575536
BFGS:   65 09:43:56      -80.652252        0.496059
BFGS:   66 09:43:57      -80.702133        0.481114
BFGS:   67 09:43:57      -80.730583        0.387434
BFGS:   68 09:43:57      -80.767334        0.346991
BFGS:   69 09:43:58      -80.813118        0.419808
BFGS:   70 09:43:58      -80.833855        0.478305
BFGS:   71 09:43:58      -80.851585        0.399425
BFGS:   72 09:43:58      -80.878288        0.256734
BFGS:   73 09:43:59      -80.911606        0.384333
BFGS:   74 09:43:59      -80.933037        0.385865
BFGS:   75 09:43:59      -80.949913        0.302245
BFGS:   76 09:43:59      -80.968010        0.259456
BFGS:   77 09:44:00      -80.991982        0.251597
BFGS:   78 09:44:00      -81.013985        0.285915
BFGS:   79 09:44:00      -81.031204        0.343603
BFGS:   80 09:44:01      -81.047867        0.316906
BFGS:   81 09:44:01      -81.069496        0.329303
BFGS:   82 09:44:01      -81.095947        0.391445
BFGS:   83 09:44:01      -81.122139        0.437656
BFGS:   84 09:44:02      -81.147781        0.403371
BFGS:   85 09:44:02      -81.178970        0.466450
BFGS:   86 09:44:02      -81.223312        0.560893
BFGS:   87 09:44:03      -81.272728        0.478218
BFGS:   88 09:44:03      -81.312813        0.456354
BFGS:   89 09:44:03      -81.334747        0.361189
BFGS:   90 09:44:03      -81.355698        0.313160
BFGS:   91 09:44:04      -81.373795        0.242406
BFGS:   92 09:44:04      -81.384644        0.214043
BFGS:   93 09:44:04      -81.391541        0.194880
BFGS:   94 09:44:05      -81.398232        0.164094
BFGS:   95 09:44:05      -81.407417        0.193190
BFGS:   96 09:44:05      -81.416321        0.223948
BFGS:   97 09:44:05      -81.423782        0.207703
BFGS:   98 09:44:06      -81.431473        0.211305
BFGS:   99 09:44:06      -81.442284        0.193769
BFGS:  100 09:44:06      -81.455276        0.195801
BFGS:  101 09:44:07      -81.466888        0.256205
BFGS:  102 09:44:07      -81.477203        0.233948
BFGS:  103 09:44:07      -81.489388        0.227979
BFGS:  104 09:44:07      -81.508736        0.246244
BFGS:  105 09:44:08      -81.531517        0.275991
BFGS:  106 09:44:08      -81.547737        0.235113
BFGS:  107 09:44:08      -81.557884        0.209013
BFGS:  108 09:44:08      -81.565193        0.184819
BFGS:  109 09:44:09      -81.572380        0.165053
BFGS:  110 09:44:09      -81.577362        0.166608
BFGS:  111 09:44:09      -81.580688        0.138659
BFGS:  112 09:44:10      -81.583405        0.102761
BFGS:  113 09:44:10      -81.586655        0.098555
BFGS:  114 09:44:10      -81.590080        0.132572
BFGS:  115 09:44:10      -81.592934        0.135361
BFGS:  116 09:44:11      -81.595718        0.134285
BFGS:  117 09:44:11      -81.599396        0.137491
BFGS:  118 09:44:11      -81.603714        0.117893
BFGS:  119 09:44:11      -81.607155        0.133220
BFGS:  120 09:44:12      -81.609505        0.129966
BFGS:  121 09:44:12      -81.611549        0.094483
BFGS:  122 09:44:12      -81.613777        0.072744
BFGS:  123 09:44:13      -81.616013        0.078305
BFGS:  124 09:44:13      -81.617584        0.100270
BFGS:  125 09:44:13      -81.618752        0.094651
BFGS:  126 09:44:13      -81.620155        0.070790
BFGS:  127 09:44:14      -81.621674        0.061772
BFGS:  128 09:44:14      -81.622681        0.065248
BFGS:  129 09:44:14      -81.623154        0.066275
BFGS:  130 09:44:14      -81.623535        0.062254
BFGS:  131 09:44:15      -81.624084        0.051991
BFGS:  132 09:44:15      -81.624718        0.041582
BFGS:  133 09:44:15      -81.625175        0.038137
BFGS:  134 09:44:16      -81.625374        0.027918
BFGS:  135 09:44:16      -81.625481        0.020245
BFGS:  136 09:44:16      -81.625595        0.017288
BFGS:  137 09:44:16      -81.625702        0.015991
BFGS:  138 09:44:17      -81.625771        0.015260
BFGS:  139 09:44:17      -81.625824        0.016284
BFGS:  140 09:44:17      -81.625832        0.014376
BFGS:  141 09:44:18      -81.625885        0.013920
BFGS:  142 09:44:18      -81.625946        0.011707
BFGS:  143 09:44:18      -81.625969        0.011876
BFGS:  144 09:44:18      -81.625999        0.012395
BFGS:  145 09:44:19      -81.626038        0.009559
