      Step     Time          Energy          fmax
FIRE:    0 15:03:58      114.881427       51.810898
FIRE:    1 15:03:58       97.979867       25.988629
FIRE:    2 15:03:58       88.151306       19.617350
FIRE:    3 15:03:58       82.107452       18.534311
FIRE:    4 15:03:58       78.292885       17.788697
FIRE:    5 15:03:58       75.625979       17.237785
FIRE:    6 15:03:58       73.024652       16.674852
FIRE:    7 15:03:58       69.593700       15.886219
FIRE:    8 15:03:58       65.109287       14.917886
FIRE:    9 15:03:58       60.174781       14.037169
FIRE:   10 15:03:58       55.490031       13.130549
FIRE:   11 15:03:58       51.385452       12.250912
FIRE:   12 15:03:58       47.880227       11.420906
FIRE:   13 15:03:58       44.858803       10.647231
FIRE:   14 15:03:58       42.179151        9.929542
FIRE:   15 15:03:58       39.721410        9.263592
FIRE:   16 15:03:58       37.407050        8.644102
FIRE:   17 15:03:58       35.202378        8.065710
FIRE:   18 15:03:58       33.108892        7.522610
FIRE:   19 15:03:58       31.145271        7.008737
FIRE:   20 15:03:59       29.330097        6.518985
FIRE:   21 15:03:59       27.672504        6.051262
FIRE:   22 15:03:59       26.171573        5.601376
FIRE:   23 15:03:59       24.820074        5.164249
FIRE:   24 15:03:59       23.607590        4.738846
FIRE:   25 15:03:59       22.522710        4.325286
FIRE:   26 15:03:59       21.554608        3.924066
FIRE:   27 15:03:59       20.693684        3.535865
FIRE:   28 15:03:59       19.931629        3.161134
FIRE:   29 15:03:59       19.261231        2.800069
FIRE:   30 15:03:59       18.676015        2.452992
FIRE:   31 15:03:59       18.169828        2.120534
FIRE:   32 15:03:59       17.736605        1.803613
FIRE:   33 15:03:59       17.369924        1.503331
FIRE:   34 15:03:59       17.062731        1.220722
FIRE:   35 15:03:59       16.807173        1.047902
FIRE:   36 15:03:59       16.594485        1.060018
FIRE:   37 15:03:59       16.415087        1.066455
FIRE:   38 15:03:59       16.259133        1.066009
FIRE:   39 15:03:59       16.117677        1.057773
FIRE:   40 15:03:59       15.984751        1.041453
FIRE:   41 15:03:59       15.860404        1.017885
FIRE:   42 15:03:59       15.750326        0.989830
FIRE:   43 15:03:59       15.652686        0.961958
FIRE:   44 15:03:59       15.537839        1.197514
FIRE:   45 15:03:59       15.352139        1.401417
FIRE:   46 15:03:59       15.056086        1.342096
FIRE:   47 15:04:00       14.654018        1.543415
FIRE:   48 15:04:00       14.199258        1.422663
FIRE:   49 15:04:00       13.853575        0.796422
FIRE:   50 15:04:00       13.971238        3.142622
FIRE:   51 15:04:00       13.692958        1.216547
FIRE:   52 15:04:00       13.407818        1.428679
FIRE:   53 15:04:00       13.290932        0.751483
FIRE:   54 15:04:00       13.195142        0.795279
FIRE:   55 15:04:00       13.064328        0.840245
FIRE:   56 15:04:00       12.865324        0.752204
FIRE:   57 15:04:00       12.672790        0.605715
FIRE:   58 15:04:00       12.596457        0.701128
FIRE:   59 15:04:00       12.587384        0.594880
FIRE:   60 15:04:00       12.573342        0.522178
FIRE:   61 15:04:00       12.559576        0.519395
FIRE:   62 15:04:00       12.549094        0.514949
FIRE:   63 15:04:00       12.541248        0.508422
FIRE:   64 15:04:00       12.533163        0.499801
FIRE:   65 15:04:00       12.522240        0.489253
FIRE:   66 15:04:00       12.505512        0.475510
FIRE:   67 15:04:00       12.482341        0.457950
FIRE:   68 15:04:00       12.454680        0.435814
FIRE:   69 15:04:00       12.426459        0.408343
FIRE:   70 15:04:00       12.397494        0.377149
FIRE:   71 15:04:00       12.359944        0.368110
FIRE:   72 15:04:00       12.312717        0.375991
FIRE:   73 15:04:00       12.265461        0.387921
FIRE:   74 15:04:01       12.213941        0.380912
FIRE:   75 15:04:01       12.151363        0.348721
FIRE:   76 15:04:01       12.088584        0.310353
FIRE:   77 15:04:01       12.013255        0.311706
FIRE:   78 15:04:01       11.934469        0.341241
FIRE:   79 15:04:01       11.849736        0.348841
FIRE:   80 15:04:01       11.759681        0.340170
FIRE:   81 15:04:01       11.666069        0.347202
FIRE:   82 15:04:01       11.568787        0.367158
FIRE:   83 15:04:01       11.472416        0.375945
FIRE:   84 15:04:01       11.374761        0.375462
FIRE:   85 15:04:01       11.279572        0.382275
FIRE:   86 15:04:01       11.181942        0.400242
FIRE:   87 15:04:01       11.083849        0.413268
FIRE:   88 15:04:01       10.981679        0.421096
FIRE:   89 15:04:01       10.876118        0.429292
FIRE:   90 15:04:01       10.763566        0.441833
FIRE:   91 15:04:01       10.644659        0.456913
FIRE:   92 15:04:01       10.517579        0.471822
FIRE:   93 15:04:01       10.383932        0.486369
FIRE:   94 15:04:01       10.243419        0.502851
FIRE:   95 15:04:01       10.097810        0.516965
FIRE:   96 15:04:01        9.948438        0.527439
FIRE:   97 15:04:01        9.797029        0.532859
FIRE:   98 15:04:01        9.645887        0.532255
FIRE:   99 15:04:01        9.497810        0.523175
FIRE:  100 15:04:01        9.356412        0.506630
FIRE:  101 15:04:01        9.225372        0.473870
FIRE:  102 15:04:02        9.109926        0.423963
FIRE:  103 15:04:02        9.014519        0.363843
FIRE:  104 15:04:02        8.941938        0.294691
FIRE:  105 15:04:02        8.893947        0.215493
FIRE:  106 15:04:02        8.870109        0.182382
FIRE:  107 15:04:02        8.867668        0.217498
FIRE:  108 15:04:02        8.845485        0.121448
FIRE:  109 15:04:02        8.833160        0.322773
FIRE:  110 15:04:02        8.828590        0.213611
FIRE:  111 15:04:02        8.826137        0.139120
FIRE:  112 15:04:02        8.824314        0.068522
FIRE:  113 15:04:02        8.824946        0.131634
FIRE:  114 15:04:02        8.824655        0.117832
FIRE:  115 15:04:02        8.824180        0.092307
FIRE:  116 15:04:02        8.823688        0.066145
FIRE:  117 15:04:02        8.823328        0.066968
FIRE:  118 15:04:02        8.823153        0.067676
FIRE:  119 15:04:02        8.823081        0.068115
FIRE:  120 15:04:02        8.822976        0.074504
FIRE:  121 15:04:02        8.822713        0.078491
FIRE:  122 15:04:02        8.822231        0.067962
FIRE:  123 15:04:02        8.821595        0.065783
FIRE:  124 15:04:02        8.820994        0.063552
FIRE:  125 15:04:02        8.820536        0.060533
FIRE:  126 15:04:02        8.819987        0.058902
FIRE:  127 15:04:03        8.819097        0.054118
FIRE:  128 15:04:03        8.818137        0.051186
FIRE:  129 15:04:03        8.817349        0.049534
FIRE:  130 15:04:03        8.816268        0.042896
FIRE:  131 15:04:03        8.815143        0.042370
FIRE:  132 15:04:03        8.814113        0.040679
FIRE:  133 15:04:03        8.812916        0.023187
FIRE:  134 15:04:03        8.811835        0.031228
FIRE:  135 15:04:03        8.810900        0.046652
FIRE:  136 15:04:03        8.809983        0.028270
FIRE:  137 15:04:03        8.809381        0.036069
FIRE:  138 15:04:03        8.809274        0.062035
FIRE:  139 15:04:03        8.808987        0.013724
FIRE:  140 15:04:03        8.809133        0.046340
FIRE:  141 15:04:03        8.809073        0.036990
FIRE:  142 15:04:03        8.808999        0.020262
FIRE:  143 15:04:03        8.808967        0.005392
