      Step     Time          Energy          fmax
FIRE:    0 13:15:18       97.935647       64.172226
FIRE:    1 13:15:18       73.807264       37.049242
FIRE:    2 13:15:18       58.017712       21.541255
FIRE:    3 13:15:18       47.753384       14.136196
FIRE:    4 13:15:18       41.228384       11.570513
FIRE:    5 13:15:19       37.098030       10.644231
FIRE:    6 13:15:19       34.212577        9.876819
FIRE:    7 13:15:19       31.664230       10.075340
FIRE:    8 13:15:19       28.896488        9.483135
FIRE:    9 13:15:19       25.838509        7.765600
FIRE:   10 13:15:19       22.789799        6.557067
FIRE:   11 13:15:19       20.134325        5.716129
FIRE:   12 13:15:19       18.081384        6.513175
FIRE:   13 13:15:19       16.549864        7.502991
FIRE:   14 13:15:19       15.262112        7.916163
FIRE:   15 13:15:19       13.984059        7.580928
FIRE:   16 13:15:19       12.681345        6.537678
FIRE:   17 13:15:19       11.474420        5.002341
FIRE:   18 13:15:19       10.483276        3.212631
FIRE:   19 13:15:19        9.740291        2.647354
FIRE:   20 13:15:19        9.217964        2.389960
FIRE:   21 13:15:19        8.860508        4.099454
FIRE:   22 13:15:19        8.545337        5.244383
FIRE:   23 13:15:19        8.124842        5.037941
FIRE:   24 13:15:19        7.622011        3.509960
FIRE:   25 13:15:19        7.227021        1.618406
FIRE:   26 13:15:19        7.069096        1.141706
FIRE:   27 13:15:19        7.134354        1.315447
FIRE:   28 13:15:19        6.978989        1.021889
FIRE:   29 13:15:19        6.914342        0.433446
FIRE:   30 13:15:19        6.901104        0.459872
FIRE:   31 13:15:19        6.893226        0.359137
FIRE:   32 13:15:19        6.881932        0.272912
FIRE:   33 13:15:19        6.872545        0.218176
FIRE:   34 13:15:19        6.866190        0.273272
FIRE:   35 13:15:19        6.858917        0.343205
FIRE:   36 13:15:19        6.847192        0.291969
FIRE:   37 13:15:20        6.831245        0.302839
FIRE:   38 13:15:20        6.810657        0.334866
FIRE:   39 13:15:20        6.783399        0.377279
FIRE:   40 13:15:20        6.742253        0.433407
FIRE:   41 13:15:20        6.678785        0.504755
FIRE:   42 13:15:20        6.581625        0.587675
FIRE:   43 13:15:20        6.424617        0.656830
FIRE:   44 13:15:20        6.196608        0.588071
FIRE:   45 13:15:20        6.024037        0.623891
FIRE:   46 13:15:20        5.983499        1.643001
FIRE:   47 13:15:20        5.907804        1.126717
FIRE:   48 13:15:20        5.828477        0.446164
FIRE:   49 13:15:20        5.789614        0.408294
FIRE:   50 13:15:20        5.776065        0.522886
FIRE:   51 13:15:20        5.756676        0.685862
FIRE:   52 13:15:20        5.715592        0.712898
FIRE:   53 13:15:20        5.654509        0.613805
FIRE:   54 13:15:20        5.583081        0.347078
FIRE:   55 13:15:20        5.540284        0.182384
FIRE:   56 13:15:20        5.553978        0.639202
FIRE:   57 13:15:20        5.547730        0.572012
FIRE:   58 13:15:20        5.537519        0.449622
FIRE:   59 13:15:20        5.526824        0.292180
FIRE:   60 13:15:20        5.518791        0.175158
FIRE:   61 13:15:20        5.515019        0.149577
FIRE:   62 13:15:20        5.514804        0.174794
FIRE:   63 13:15:20        5.514644        0.171740
FIRE:   64 13:15:20        5.514331        0.165679
FIRE:   65 13:15:20        5.513880        0.156710
FIRE:   66 13:15:20        5.513312        0.144987
FIRE:   67 13:15:20        5.512652        0.130727
FIRE:   68 13:15:20        5.511929        0.127535
FIRE:   69 13:15:20        5.511170        0.127788
FIRE:   70 13:15:21        5.510320        0.127984
FIRE:   71 13:15:21        5.509400        0.128020
FIRE:   72 13:15:21        5.508431        0.127718
FIRE:   73 13:15:21        5.507423        0.126801
FIRE:   74 13:15:21        5.506351        0.124887
FIRE:   75 13:15:21        5.505142        0.121530
FIRE:   76 13:15:21        5.503687        0.116271
FIRE:   77 13:15:21        5.501885        0.108713
FIRE:   78 13:15:21        5.499719        0.098632
FIRE:   79 13:15:21        5.497306        0.092707
FIRE:   80 13:15:21        5.494846        0.098640
FIRE:   81 13:15:21        5.492414        0.103692
FIRE:   82 13:15:21        5.489795        0.106039
FIRE:   83 13:15:21        5.486755        0.104585
FIRE:   84 13:15:21        5.483441        0.099724
FIRE:   85 13:15:21        5.480101        0.094882
FIRE:   86 13:15:21        5.476186        0.095495
FIRE:   87 13:15:21        5.471108        0.104022
FIRE:   88 13:15:21        5.465001        0.116503
FIRE:   89 13:15:21        5.456754        0.124114
FIRE:   90 13:15:21        5.445337        0.124418
FIRE:   91 13:15:21        5.430075        0.128463
FIRE:   92 13:15:21        5.409558        0.146182
FIRE:   93 13:15:21        5.381491        0.157299
FIRE:   94 13:15:21        5.340669        0.171976
FIRE:   95 13:15:21        5.287352        0.216636
FIRE:   96 13:15:21        5.221231        0.237050
FIRE:   97 13:15:21        5.140642        0.277943
FIRE:   98 13:15:21        5.043486        0.322628
FIRE:   99 13:15:21        4.928758        0.358370
FIRE:  100 13:15:21        4.798352        0.389084
FIRE:  101 13:15:21        4.658532        0.415698
FIRE:  102 13:15:21        4.521351        0.435825
FIRE:  103 13:15:22        4.398348        0.451565
FIRE:  104 13:15:22        4.293727        0.464450
FIRE:  105 13:15:22        4.200999        0.474949
FIRE:  106 13:15:22        4.112907        0.481349
FIRE:  107 13:15:22        4.023106        0.482059
FIRE:  108 13:15:22        3.926893        0.474594
FIRE:  109 13:15:22        3.830306        0.457082
FIRE:  110 13:15:22        3.739136        0.422986
FIRE:  111 13:15:22        3.653084        0.377521
FIRE:  112 13:15:22        3.572601        0.327510
FIRE:  113 13:15:22        3.500008        0.274418
FIRE:  114 13:15:22        3.435497        0.357308
FIRE:  115 13:15:22        3.375741        0.522643
FIRE:  116 13:15:22        3.310178        0.604623
FIRE:  117 13:15:22        3.231411        0.566747
FIRE:  118 13:15:22        3.146850        0.414185
FIRE:  119 13:15:22        3.071720        0.252650
FIRE:  120 13:15:22        3.015478        0.417755
FIRE:  121 13:15:22        2.973131        0.533916
FIRE:  122 13:15:22        2.930338        0.498333
FIRE:  123 13:15:22        2.884098        0.447602
FIRE:  124 13:15:22        2.848120        0.298318
FIRE:  125 13:15:22        2.832804        0.334741
FIRE:  126 13:15:22        2.803168        0.183099
FIRE:  127 13:15:22        2.797633        0.099999
FIRE:  128 13:15:22        2.795189        0.099682
FIRE:  129 13:15:22        2.794443        0.094898
FIRE:  130 13:15:22        2.793494        0.091826
FIRE:  131 13:15:23        2.792870        0.087334
FIRE:  132 13:15:23        2.792496        0.081975
FIRE:  133 13:15:23        2.791887        0.077620
FIRE:  134 13:15:23        2.790871        0.071383
FIRE:  135 13:15:23        2.789766        0.066604
FIRE:  136 13:15:23        2.788895        0.061494
FIRE:  137 13:15:23        2.788145        0.060090
FIRE:  138 13:15:23        2.786926        0.049040
FIRE:  139 13:15:23        2.785457        0.042355
FIRE:  140 13:15:23        2.784211        0.047595
FIRE:  141 13:15:23        2.782361        0.043010
FIRE:  142 13:15:23        2.780386        0.034474
FIRE:  143 13:15:23        2.778373        0.034579
FIRE:  144 13:15:23        2.776484        0.040826
FIRE:  145 13:15:23        2.774567        0.028222
FIRE:  146 13:15:23        2.773413        0.054675
FIRE:  147 13:15:23        2.772348        0.066480
FIRE:  148 13:15:23        2.771697        0.022198
FIRE:  149 13:15:23        2.771780        0.037526
FIRE:  150 13:15:23        2.771705        0.030053
FIRE:  151 13:15:23        2.771601        0.018923
FIRE:  152 13:15:23        2.771530        0.014610
FIRE:  153 13:15:23        2.771522        0.016206
FIRE:  154 13:15:23        2.771519        0.015546
FIRE:  155 13:15:23        2.771514        0.014259
FIRE:  156 13:15:23        2.771506        0.013393
FIRE:  157 13:15:23        2.771498        0.013370
FIRE:  158 13:15:23        2.771489        0.013331
FIRE:  159 13:15:23        2.771480        0.013272
FIRE:  160 13:15:23        2.771471        0.013186
FIRE:  161 13:15:24        2.771462        0.013053
FIRE:  162 13:15:24        2.771452        0.012856
FIRE:  163 13:15:24        2.771439        0.012579
FIRE:  164 13:15:24        2.771422        0.012206
FIRE:  165 13:15:24        2.771401        0.011723
FIRE:  166 13:15:24        2.771376        0.011122
FIRE:  167 13:15:24        2.771349        0.010410
FIRE:  168 13:15:24        2.771320        0.009627
