      Step     Time          Energy          fmax
FIRE:    0 01:11:47      244.410574       72.291164
FIRE:    1 01:11:48      204.295401       65.103143
FIRE:    2 01:11:48      171.623636       57.498045
FIRE:    3 01:11:48      145.275525       49.545431
FIRE:    4 01:11:48      124.145837       41.515384
FIRE:    5 01:11:48      106.940044       33.787306
FIRE:    6 01:11:48       92.376963       28.179460
FIRE:    7 01:11:48       79.675355       27.367223
FIRE:    8 01:11:48       68.683030       23.089356
FIRE:    9 01:11:48       59.580065       17.949387
FIRE:   10 01:11:48       52.312679       14.643178
FIRE:   11 01:11:48       46.407948       13.072912
FIRE:   12 01:11:48       41.236456       13.123393
FIRE:   13 01:11:48       36.361722       13.254796
FIRE:   14 01:11:48       31.671686       12.112905
FIRE:   15 01:11:48       27.297601       10.024667
FIRE:   16 01:11:48       23.451192        7.367674
FIRE:   17 01:11:48       20.295263        5.632832
FIRE:   18 01:11:48       17.882871        4.876393
FIRE:   19 01:11:48       16.148266        4.289903
FIRE:   20 01:11:48       14.930158        3.842324
FIRE:   21 01:11:48       14.032628        4.347476
FIRE:   22 01:11:48       13.299234        4.779776
FIRE:   23 01:11:48       12.654813        4.309078
FIRE:   24 01:11:48       12.110141        3.066362
FIRE:   25 01:11:48       11.719038        2.144226
FIRE:   26 01:11:48       11.512847        1.858697
FIRE:   27 01:11:48       11.451221        2.028589
FIRE:   28 01:11:48       11.073270        2.035859
FIRE:   29 01:11:48       10.814495        1.251515
FIRE:   30 01:11:48       10.588696        1.974468
FIRE:   31 01:11:48       10.152079        1.103965
FIRE:   32 01:11:48        9.926073        1.205663
FIRE:   33 01:11:48        9.750062        1.022921
FIRE:   34 01:11:48        9.608652        0.656196
FIRE:   35 01:11:48        9.514053        0.921238
FIRE:   36 01:11:48        9.389670        0.483252
FIRE:   37 01:11:49        9.289820        0.490739
FIRE:   38 01:11:49        9.182189        0.604385
FIRE:   39 01:11:49        9.070085        0.236809
FIRE:   40 01:11:49        9.072097        0.434940
FIRE:   41 01:11:49        9.049018        0.345792
FIRE:   42 01:11:49        9.025437        0.339246
FIRE:   43 01:11:49        9.014701        0.326988
FIRE:   44 01:11:49        9.005504        0.327674
FIRE:   45 01:11:49        8.986007        0.304354
FIRE:   46 01:11:49        8.959209        0.298881
FIRE:   47 01:11:49        8.932157        0.295016
FIRE:   48 01:11:49        8.900282        0.291982
FIRE:   49 01:11:49        8.855993        0.295262
FIRE:   50 01:11:49        8.795761        0.314989
FIRE:   51 01:11:49        8.714205        0.358291
FIRE:   52 01:11:49        8.599604        0.419314
FIRE:   53 01:11:49        8.453360        0.463303
FIRE:   54 01:11:49        8.282576        0.465025
FIRE:   55 01:11:49        8.101096        0.434336
FIRE:   56 01:11:49        7.916479        0.397570
FIRE:   57 01:11:49        7.753315        0.301615
FIRE:   58 01:11:49        7.653044        0.201716
FIRE:   59 01:11:49        7.661569        0.407442
FIRE:   60 01:11:49        7.630993        0.247312
FIRE:   61 01:11:49        7.605889        0.181475
FIRE:   62 01:11:49        7.600312        0.175457
FIRE:   63 01:11:49        7.598208        0.165244
FIRE:   64 01:11:49        7.594706        0.163595
FIRE:   65 01:11:49        7.590788        0.162053
FIRE:   66 01:11:49        7.587123        0.161378
FIRE:   67 01:11:49        7.583754        0.162015
FIRE:   68 01:11:49        7.580325        0.163832
FIRE:   69 01:11:49        7.576550        0.166197
FIRE:   70 01:11:49        7.571950        0.168325
FIRE:   71 01:11:49        7.566519        0.168321
FIRE:   72 01:11:50        7.560007        0.163450
FIRE:   73 01:11:50        7.552030        0.151422
FIRE:   74 01:11:50        7.543259        0.132384
FIRE:   75 01:11:50        7.535046        0.111218
FIRE:   76 01:11:50        7.526349        0.095806
FIRE:   77 01:11:50        7.517148        0.087895
FIRE:   78 01:11:50        7.508833        0.076638
FIRE:   79 01:11:50        7.502224        0.056350
FIRE:   80 01:11:50        7.496609        0.039623
FIRE:   81 01:11:50        7.492751        0.038849
FIRE:   82 01:11:50        7.492462        0.098511
FIRE:   83 01:11:50        7.491079        0.043040
FIRE:   84 01:11:50        7.490813        0.038953
FIRE:   85 01:11:50        7.490716        0.032968
FIRE:   86 01:11:50        7.490571        0.028875
FIRE:   87 01:11:50        7.490449        0.028271
FIRE:   88 01:11:50        7.490394        0.027337
FIRE:   89 01:11:50        7.490388        0.026064
FIRE:   90 01:11:50        7.490381        0.026010
FIRE:   91 01:11:50        7.490368        0.025904
FIRE:   92 01:11:50        7.490351        0.025746
FIRE:   93 01:11:50        7.490330        0.025540
FIRE:   94 01:11:50        7.490309        0.025287
FIRE:   95 01:11:50        7.490288        0.024992
FIRE:   96 01:11:50        7.490269        0.024659
FIRE:   97 01:11:50        7.490251        0.024258
FIRE:   98 01:11:50        7.490232        0.023791
FIRE:   99 01:11:50        7.490211        0.023272
FIRE:  100 01:11:50        7.490184        0.022716
FIRE:  101 01:11:50        7.490146        0.022144
FIRE:  102 01:11:50        7.490096        0.021575
FIRE:  103 01:11:50        7.490036        0.021027
FIRE:  104 01:11:50        7.489969        0.020514
FIRE:  105 01:11:50        7.489898        0.020039
FIRE:  106 01:11:50        7.489812        0.019593
FIRE:  107 01:11:50        7.489701        0.019175
FIRE:  108 01:11:51        7.489571        0.018812
FIRE:  109 01:11:51        7.489430        0.018573
FIRE:  110 01:11:51        7.489263        0.018492
FIRE:  111 01:11:51        7.489063        0.018446
FIRE:  112 01:11:51        7.488844        0.018046
FIRE:  113 01:11:51        7.488576        0.017037
FIRE:  114 01:11:51        7.488277        0.015736
FIRE:  115 01:11:51        7.487909        0.015016
FIRE:  116 01:11:51        7.487471        0.014962
FIRE:  117 01:11:51        7.486940        0.015424
FIRE:  118 01:11:51        7.486279        0.017068
FIRE:  119 01:11:51        7.485461        0.024645
FIRE:  120 01:11:51        7.484644        0.049377
FIRE:  121 01:11:51        7.484147        0.019942
FIRE:  122 01:11:51        7.484390        0.047748
FIRE:  123 01:11:51        7.484225        0.036634
FIRE:  124 01:11:51        7.484037        0.020443
FIRE:  125 01:11:51        7.483970        0.021132
FIRE:  126 01:11:51        7.483966        0.021131
FIRE:  127 01:11:51        7.483957        0.021130
FIRE:  128 01:11:51        7.483945        0.021130
FIRE:  129 01:11:51        7.483930        0.021134
FIRE:  130 01:11:51        7.483913        0.021144
FIRE:  131 01:11:51        7.483893        0.021165
FIRE:  132 01:11:51        7.483871        0.021200
FIRE:  133 01:11:51        7.483844        0.021259
FIRE:  134 01:11:51        7.483809        0.021350
FIRE:  135 01:11:51        7.483763        0.021486
FIRE:  136 01:11:51        7.483705        0.021675
FIRE:  137 01:11:51        7.483632        0.021925
FIRE:  138 01:11:51        7.483541        0.022236
FIRE:  139 01:11:51        7.483428        0.022603
FIRE:  140 01:11:51        7.483286        0.023014
FIRE:  141 01:11:51        7.483105        0.023468
FIRE:  142 01:11:51        7.482875        0.023999
FIRE:  143 01:11:51        7.482584        0.024688
FIRE:  144 01:11:52        7.482207        0.025646
FIRE:  145 01:11:52        7.481717        0.026953
FIRE:  146 01:11:52        7.481071        0.028619
FIRE:  147 01:11:52        7.480199        0.030704
FIRE:  148 01:11:52        7.479000        0.033525
FIRE:  149 01:11:52        7.477293        0.037508
FIRE:  150 01:11:52        7.474773        0.042800
FIRE:  151 01:11:52        7.470862        0.049986
FIRE:  152 01:11:52        7.464427        0.060511
FIRE:  153 01:11:52        7.453102        0.074728
FIRE:  154 01:11:52        7.431821        0.096139
FIRE:  155 01:11:52        7.390147        0.176127
FIRE:  156 01:11:52        7.351156        0.357765
FIRE:  157 01:11:52        7.294531        0.487876
FIRE:  158 01:11:52        7.274022        0.434807
FIRE:  159 01:11:52        7.247906        0.273574
FIRE:  160 01:11:52        7.226916        0.198286
FIRE:  161 01:11:52        7.223115        0.363316
FIRE:  162 01:11:52        7.218367        0.335224
FIRE:  163 01:11:52        7.210477        0.287111
FIRE:  164 01:11:52        7.201740        0.234670
FIRE:  165 01:11:52        7.193822        0.202442
FIRE:  166 01:11:52        7.186772        0.213033
FIRE:  167 01:11:52        7.179140        0.221507
FIRE:  168 01:11:52        7.169167        0.227545
FIRE:  169 01:11:52        7.154205        0.231443
FIRE:  170 01:11:52        7.133222        0.232812
FIRE:  171 01:11:52        7.106606        0.231643
FIRE:  172 01:11:52        7.074935        0.249519
FIRE:  173 01:11:52        7.035556        0.288462
FIRE:  174 01:11:52        6.982459        0.291171
FIRE:  175 01:11:52        6.913667        0.250802
FIRE:  176 01:11:52        6.834661        0.301456
FIRE:  177 01:11:52        6.752119        0.350210
FIRE:  178 01:11:52        6.673027        0.388633
FIRE:  179 01:11:52        6.578532        0.471804
FIRE:  180 01:11:53        6.440732        0.467196
FIRE:  181 01:11:53        6.301080        0.503687
FIRE:  182 01:11:53        6.149599        0.518346
FIRE:  183 01:11:53        5.964738        0.500709
FIRE:  184 01:11:53        5.785182        0.440864
FIRE:  185 01:11:53        5.652891        0.344847
FIRE:  186 01:11:53        5.582291        0.231271
FIRE:  187 01:11:53        5.593488        0.360707
FIRE:  188 01:11:53        5.565416        0.225145
FIRE:  189 01:11:53        5.544419        0.104128
FIRE:  190 01:11:53        5.543183        0.125853
FIRE:  191 01:11:53        5.541550        0.112665
FIRE:  192 01:11:53        5.538981        0.087829
FIRE:  193 01:11:53        5.536539        0.075244
FIRE:  194 01:11:53        5.535133        0.070041
FIRE:  195 01:11:53        5.534950        0.062662
FIRE:  196 01:11:53        5.534890        0.062506
FIRE:  197 01:11:53        5.534774        0.062188
FIRE:  198 01:11:53        5.534613        0.061702
FIRE:  199 01:11:53        5.534420        0.061034
FIRE:  200 01:11:53        5.534209        0.060165
FIRE:  201 01:11:53        5.533995        0.059071
FIRE:  202 01:11:53        5.533790        0.057726
FIRE:  203 01:11:53        5.533582        0.055916
FIRE:  204 01:11:53        5.533376        0.053510
FIRE:  205 01:11:53        5.533169        0.050384
FIRE:  206 01:11:53        5.532946        0.046442
FIRE:  207 01:11:53        5.532682        0.041619
FIRE:  208 01:11:53        5.532361        0.035860
FIRE:  209 01:11:53        5.531994        0.029113
FIRE:  210 01:11:53        5.531637        0.022537
FIRE:  211 01:11:53        5.531371        0.019461
FIRE:  212 01:11:53        5.531215        0.016091
FIRE:  213 01:11:54        5.531102        0.014444
FIRE:  214 01:11:54        5.531011        0.018378
FIRE:  215 01:11:54        5.531012        0.022191
FIRE:  216 01:11:54        5.530998        0.022085
FIRE:  217 01:11:54        5.530973        0.021966
FIRE:  218 01:11:54        5.530938        0.021783
FIRE:  219 01:11:54        5.530894        0.021533
FIRE:  220 01:11:54        5.530845        0.021212
FIRE:  221 01:11:54        5.530789        0.020821
FIRE:  222 01:11:54        5.530729        0.020361
FIRE:  223 01:11:54        5.530656        0.019783
FIRE:  224 01:11:54        5.530569        0.019080
FIRE:  225 01:11:54        5.530469        0.018257
FIRE:  226 01:11:54        5.530356        0.017345
FIRE:  227 01:11:54        5.530229        0.016404
FIRE:  228 01:11:54        5.530081        0.015520
FIRE:  229 01:11:54        5.529905        0.017389
FIRE:  230 01:11:54        5.529691        0.019294
FIRE:  231 01:11:54        5.529415        0.021039
FIRE:  232 01:11:54        5.529047        0.022462
FIRE:  233 01:11:54        5.528553        0.023487
FIRE:  234 01:11:54        5.527893        0.024055
FIRE:  235 01:11:54        5.527013        0.024041
FIRE:  236 01:11:54        5.525845        0.023576
FIRE:  237 01:11:54        5.524272        0.027052
FIRE:  238 01:11:54        5.522089        0.031003
FIRE:  239 01:11:54        5.518971        0.034124
FIRE:  240 01:11:54        5.514447        0.037488
FIRE:  241 01:11:54        5.508157        0.071704
FIRE:  242 01:11:54        5.521356        0.672444
FIRE:  243 01:11:54        5.541796        0.967653
FIRE:  244 01:11:54        5.504152        0.370861
FIRE:  245 01:11:54        5.506507        0.439513
FIRE:  246 01:11:55        5.503881        0.372612
FIRE:  247 01:11:55        5.500144        0.249345
FIRE:  248 01:11:55        5.497435        0.088794
FIRE:  249 01:11:55        5.497227        0.083264
FIRE:  250 01:11:55        5.497194        0.080116
FIRE:  251 01:11:55        5.497132        0.073943
FIRE:  252 01:11:55        5.497048        0.064992
FIRE:  253 01:11:55        5.496949        0.053634
FIRE:  254 01:11:55        5.496847        0.047384
FIRE:  255 01:11:55        5.496749        0.047393
FIRE:  256 01:11:55        5.496660        0.047404
FIRE:  257 01:11:55        5.496573        0.047416
FIRE:  258 01:11:55        5.496485        0.047432
FIRE:  259 01:11:55        5.496385        0.047452
FIRE:  260 01:11:55        5.496251        0.047479
FIRE:  261 01:11:55        5.496061        0.047513
FIRE:  262 01:11:55        5.495800        0.047560
FIRE:  263 01:11:55        5.495471        0.047623
FIRE:  264 01:11:55        5.495095        0.047711
FIRE:  265 01:11:55        5.494675        0.047838
FIRE:  266 01:11:55        5.494162        0.048024
FIRE:  267 01:11:55        5.493485        0.048294
FIRE:  268 01:11:55        5.492638        0.048690
FIRE:  269 01:11:55        5.491649        0.049268
FIRE:  270 01:11:55        5.490418        0.050087
FIRE:  271 01:11:55        5.488838        0.051203
FIRE:  272 01:11:55        5.486936        0.052681
FIRE:  273 01:11:55        5.484504        0.054538
FIRE:  274 01:11:55        5.481479        0.056778
FIRE:  275 01:11:55        5.477602        0.059373
FIRE:  276 01:11:55        5.472705        0.062288
FIRE:  277 01:11:56        5.466347        0.065475
FIRE:  278 01:11:56        5.458042        0.068845
FIRE:  279 01:11:56        5.447095        0.072259
FIRE:  280 01:11:56        5.432948        0.115213
FIRE:  281 01:11:56        5.420060        0.388271
FIRE:  282 01:11:56        5.450992        1.123204
FIRE:  283 01:11:56        5.398259        0.405700
FIRE:  284 01:11:56        5.393507        0.268813
FIRE:  285 01:11:56        5.389494        0.086181
FIRE:  286 01:11:56        5.390036        0.185052
FIRE:  287 01:11:56        5.389695        0.169490
FIRE:  288 01:11:56        5.389099        0.139715
FIRE:  289 01:11:56        5.388396        0.098391
FIRE:  290 01:11:56        5.387736        0.086726
FIRE:  291 01:11:56        5.387215        0.086847
FIRE:  292 01:11:56        5.386822        0.086988
FIRE:  293 01:11:56        5.386448        0.087152
FIRE:  294 01:11:56        5.385899        0.101340
FIRE:  295 01:11:56        5.385018        0.102731
FIRE:  296 01:11:56        5.383732        0.087957
FIRE:  297 01:11:56        5.382124        0.088374
FIRE:  298 01:11:56        5.380371        0.088897
FIRE:  299 01:11:56        5.378422        0.089557
FIRE:  300 01:11:56        5.375830        0.090389
FIRE:  301 01:11:56        5.372267        0.091434
FIRE:  302 01:11:56        5.367963        0.092744
FIRE:  303 01:11:56        5.362745        0.094392
FIRE:  304 01:11:56        5.355617        0.096461
FIRE:  305 01:11:56        5.346534        0.099053
FIRE:  306 01:11:56        5.334542        0.102223
FIRE:  307 01:11:56        5.318220        0.105798
FIRE:  308 01:11:56        5.295962        0.117110
FIRE:  309 01:11:56        5.264951        0.135668
FIRE:  310 01:11:56        5.221163        0.154136
FIRE:  311 01:11:57        5.167874        0.152777
FIRE:  312 01:11:57        5.120145        0.129191
FIRE:  313 01:11:57        5.085984        0.129355
FIRE:  314 01:11:57        5.068319        0.108945
FIRE:  315 01:11:57        5.064934        0.125625
FIRE:  316 01:11:57        5.061890        0.106200
FIRE:  317 01:11:57        5.058620        0.102737
FIRE:  318 01:11:57        5.054893        0.043273
FIRE:  319 01:11:57        5.052611        0.091445
FIRE:  320 01:11:57        5.050038        0.059692
FIRE:  321 01:11:57        5.048523        0.075814
FIRE:  322 01:11:57        5.047203        0.068010
FIRE:  323 01:11:57        5.046089        0.066393
FIRE:  324 01:11:57        5.044034        0.083014
FIRE:  325 01:11:57        5.040020        0.060647
FIRE:  326 01:11:57        5.035206        0.052611
FIRE:  327 01:11:57        5.030794        0.094682
FIRE:  328 01:11:57        5.029544        0.291371
FIRE:  329 01:11:57        5.024813        0.051708
FIRE:  330 01:11:57        5.024703        0.051645
FIRE:  331 01:11:57        5.024508        0.051515
FIRE:  332 01:11:57        5.024254        0.051310
FIRE:  333 01:11:57        5.023946        0.051017
FIRE:  334 01:11:57        5.023574        0.050617
FIRE:  335 01:11:57        5.023140        0.050088
FIRE:  336 01:11:57        5.022667        0.049404
FIRE:  337 01:11:57        5.022113        0.048438
FIRE:  338 01:11:57        5.021446        0.047108
FIRE:  339 01:11:57        5.020619        0.045343
FIRE:  340 01:11:57        5.019622        0.046797
FIRE:  341 01:11:57        5.018405        0.049571
FIRE:  342 01:11:58        5.016895        0.052523
FIRE:  343 01:11:58        5.015047        0.055382
FIRE:  344 01:11:58        5.012696        0.057795
FIRE:  345 01:11:58        5.009670        0.059441
FIRE:  346 01:11:58        5.005702        0.060356
FIRE:  347 01:11:58        5.000484        0.061149
FIRE:  348 01:11:58        4.993559        0.063058
FIRE:  349 01:11:58        4.984221        0.067836
FIRE:  350 01:11:58        4.972852        0.200176
FIRE:  351 01:11:58        4.975762        0.658671
FIRE:  352 01:11:58        4.951910        0.130968
FIRE:  353 01:11:58        4.951152        0.091694
FIRE:  354 01:11:58        4.950207        0.091765
FIRE:  355 01:11:58        4.949534        0.092227
FIRE:  356 01:11:58        4.948877        0.092835
FIRE:  357 01:11:58        4.947701        0.094100
FIRE:  358 01:11:58        4.945952        0.094591
FIRE:  359 01:11:58        4.944053        0.095723
FIRE:  360 01:11:58        4.942045        0.097174
FIRE:  361 01:11:58        4.939419        0.099040
FIRE:  362 01:11:58        4.935634        0.101417
FIRE:  363 01:11:58        4.931116        0.104377
FIRE:  364 01:11:58        4.925434        0.108037
FIRE:  365 01:11:58        4.917670        0.112501
FIRE:  366 01:11:58        4.908074        0.117863
FIRE:  367 01:11:58        4.894954        0.124302
FIRE:  368 01:11:58        4.877942        0.132049
FIRE:  369 01:11:58        4.854989        0.141564
FIRE:  370 01:11:58        4.823533        0.153591
FIRE:  371 01:11:58        4.780361        0.168848
FIRE:  372 01:11:58        4.733648        0.183503
FIRE:  373 01:11:58        4.683323        0.197011
FIRE:  374 01:11:58        4.628174        0.209376
FIRE:  375 01:11:58        4.568187        0.220472
FIRE:  376 01:11:58        4.505296        0.229869
FIRE:  377 01:11:59        4.440398        0.237212
FIRE:  378 01:11:59        4.372600        0.242559
FIRE:  379 01:11:59        4.301984        0.246689
FIRE:  380 01:11:59        4.229727        0.249572
FIRE:  381 01:11:59        4.155594        0.247717
FIRE:  382 01:11:59        4.081117        0.239608
FIRE:  383 01:11:59        4.007246        0.228796
FIRE:  384 01:11:59        3.933945        0.216837
FIRE:  385 01:11:59        3.861932        0.200888
FIRE:  386 01:11:59        3.792157        0.178737
FIRE:  387 01:11:59        3.725704        0.154767
FIRE:  388 01:11:59        3.662554        0.152265
FIRE:  389 01:11:59        3.602770        0.151555
FIRE:  390 01:11:59        3.546997        0.146070
FIRE:  391 01:11:59        3.496602        0.136650
FIRE:  392 01:11:59        3.452436        0.123900
FIRE:  393 01:11:59        3.415030        0.104554
FIRE:  394 01:11:59        3.385496        0.076166
FIRE:  395 01:11:59        3.364714        0.092397
FIRE:  396 01:11:59        3.352940        0.112559
FIRE:  397 01:11:59        3.349831        0.127651
FIRE:  398 01:11:59        3.341111        0.098515
FIRE:  399 01:11:59        3.339033        0.406045
FIRE:  400 01:11:59        3.332127        0.174496
FIRE:  401 01:11:59        3.331100        0.111991
FIRE:  402 01:11:59        3.330160        0.052207
FIRE:  403 01:11:59        3.329984        0.087353
FIRE:  404 01:11:59        3.329887        0.079520
FIRE:  405 01:11:59        3.329715        0.064578
FIRE:  406 01:11:59        3.329507        0.048426
FIRE:  407 01:11:59        3.329300        0.047741
FIRE:  408 01:11:59        3.329116        0.046841
FIRE:  409 01:11:59        3.328952        0.045716
FIRE:  410 01:12:00        3.328781        0.044389
FIRE:  411 01:12:00        3.328554        0.048909
FIRE:  412 01:12:00        3.328241        0.046422
FIRE:  413 01:12:00        3.327846        0.038159
FIRE:  414 01:12:00        3.327413        0.035119
FIRE:  415 01:12:00        3.326992        0.031450
FIRE:  416 01:12:00        3.326548        0.037864
FIRE:  417 01:12:00        3.326005        0.032642
FIRE:  418 01:12:00        3.325408        0.021495
FIRE:  419 01:12:00        3.324869        0.029289
FIRE:  420 01:12:00        3.324306        0.029521
FIRE:  421 01:12:00        3.323780        0.015823
FIRE:  422 01:12:00        3.323412        0.029851
FIRE:  423 01:12:00        3.323120        0.013766
FIRE:  424 01:12:00        3.322976        0.023189
FIRE:  425 01:12:00        3.322851        0.022949
FIRE:  426 01:12:00        3.322815        0.018300
FIRE:  427 01:12:00        3.322766        0.017906
FIRE:  428 01:12:00        3.322717        0.017354
FIRE:  429 01:12:00        3.322652        0.017769
FIRE:  430 01:12:00        3.322565        0.015875
FIRE:  431 01:12:00        3.322474        0.014881
FIRE:  432 01:12:00        3.322391        0.013609
FIRE:  433 01:12:00        3.322294        0.013087
FIRE:  434 01:12:00        3.322182        0.009689
