      Step     Time          Energy          fmax
FIRE:    0 13:15:24      107.459022       89.518663
FIRE:    1 13:15:24       81.242657       59.915402
FIRE:    2 13:15:24       63.601399       38.719211
FIRE:    3 13:15:24       52.029975       23.463335
FIRE:    4 13:15:24       44.710867       13.143144
FIRE:    5 13:15:24       40.240860       12.699775
FIRE:    6 13:15:24       37.418000       12.193440
FIRE:    7 13:15:24       35.219696       11.572162
FIRE:    8 13:15:24       32.901342       11.605720
FIRE:    9 13:15:24       30.181214       10.384321
FIRE:   10 13:15:24       27.195084        8.878281
FIRE:   11 13:15:24       24.199010        8.420048
FIRE:   12 13:15:24       21.341683        8.262689
FIRE:   13 13:15:24       18.677403        7.748816
FIRE:   14 13:15:24       16.258295        6.871407
FIRE:   15 13:15:24       14.162680        5.696315
FIRE:   16 13:15:24       12.471063        4.283839
FIRE:   17 13:15:24       11.243862        2.635159
FIRE:   18 13:15:24       10.517507        2.300623
FIRE:   19 13:15:24       10.271030        3.453744
FIRE:   20 13:15:24        9.627706        1.488360
FIRE:   21 13:15:25        9.276117        1.485892
FIRE:   22 13:15:25        9.112508        1.472776
FIRE:   23 13:15:25        9.009532        1.223294
FIRE:   24 13:15:25        8.958511        1.061984
FIRE:   25 13:15:25        8.878756        0.784319
FIRE:   26 13:15:25        8.801392        0.573089
FIRE:   27 13:15:25        8.751125        0.323639
FIRE:   28 13:15:25        8.736162        0.405974
FIRE:   29 13:15:25        8.735048        0.401369
FIRE:   30 13:15:25        8.732864        0.392376
FIRE:   31 13:15:25        8.729691        0.379430
FIRE:   32 13:15:25        8.725640        0.363198
FIRE:   33 13:15:25        8.720839        0.344561
FIRE:   34 13:15:25        8.715413        0.342372
FIRE:   35 13:15:25        8.709476        0.343809
FIRE:   36 13:15:25        8.702413        0.345665
FIRE:   37 13:15:25        8.694074        0.348075
FIRE:   38 13:15:25        8.684216        0.351224
FIRE:   39 13:15:25        8.672440        0.355353
FIRE:   40 13:15:25        8.658138        0.360738
FIRE:   41 13:15:25        8.640515        0.367638
FIRE:   42 13:15:25        8.618711        0.376195
FIRE:   43 13:15:25        8.591999        0.386302
FIRE:   44 13:15:25        8.559864        0.397546
FIRE:   45 13:15:25        8.521600        0.409475
FIRE:   46 13:15:25        8.475285        0.422372
FIRE:   47 13:15:25        8.416886        0.438079
FIRE:   48 13:15:25        8.340536        0.459394
FIRE:   49 13:15:25        8.238681        0.487830
FIRE:   50 13:15:25        8.098551        0.521089
FIRE:   51 13:15:25        7.914849        0.553050
FIRE:   52 13:15:25        7.707673        0.584815
FIRE:   53 13:15:25        7.476670        0.616268
FIRE:   54 13:15:25        7.217007        0.642371
FIRE:   55 13:15:26        6.923515        0.662722
FIRE:   56 13:15:26        6.599669        0.669825
FIRE:   57 13:15:26        6.263377        0.654029
FIRE:   58 13:15:26        5.944781        0.645551
FIRE:   59 13:15:26        5.679099        0.689910
FIRE:   60 13:15:26        5.456028        1.168673
FIRE:   61 13:15:26        5.185098        1.362866
FIRE:   62 13:15:26        4.863740        0.841581
FIRE:   63 13:15:26        4.605245        0.563131
FIRE:   64 13:15:26        4.433099        1.005961
FIRE:   65 13:15:26        4.273897        1.225314
FIRE:   66 13:15:26        4.084920        0.874121
FIRE:   67 13:15:26        3.942563        0.673360
FIRE:   68 13:15:26        3.835683        1.278102
FIRE:   69 13:15:26        3.621957        0.983113
FIRE:   70 13:15:26        3.378033        0.805940
FIRE:   71 13:15:26        3.149836        0.932047
FIRE:   72 13:15:26        2.945388        0.719652
FIRE:   73 13:15:26        2.818597        0.474899
FIRE:   74 13:15:26        2.778110        0.973038
FIRE:   75 13:15:26        2.658294        0.516321
FIRE:   76 13:15:26        2.600217        0.305609
FIRE:   77 13:15:26        2.590339        0.482000
FIRE:   78 13:15:26        2.575810        0.361783
FIRE:   79 13:15:26        2.558034        0.218519
FIRE:   80 13:15:26        2.547818        0.219634
FIRE:   81 13:15:26        2.543724        0.306955
FIRE:   82 13:15:26        2.536144        0.326085
FIRE:   83 13:15:26        2.520663        0.255476
FIRE:   84 13:15:26        2.501491        0.234745
FIRE:   85 13:15:26        2.484537        0.215399
FIRE:   86 13:15:27        2.472758        0.204081
FIRE:   87 13:15:27        2.457686        0.207141
FIRE:   88 13:15:27        2.436494        0.212478
FIRE:   89 13:15:27        2.419032        0.216242
FIRE:   90 13:15:27        2.401188        0.192656
FIRE:   91 13:15:27        2.378690        0.166533
FIRE:   92 13:15:27        2.355709        0.191038
FIRE:   93 13:15:27        2.332020        0.197084
FIRE:   94 13:15:27        2.305377        0.145093
FIRE:   95 13:15:27        2.287103        0.163502
FIRE:   96 13:15:27        2.276543        0.192142
FIRE:   97 13:15:27        2.270501        0.131946
FIRE:   98 13:15:27        2.268106        0.128841
FIRE:   99 13:15:27        2.267517        0.117458
FIRE:  100 13:15:27        2.266544        0.118513
FIRE:  101 13:15:27        2.265467        0.119756
FIRE:  102 13:15:27        2.264452        0.120651
FIRE:  103 13:15:27        2.263432        0.120508
FIRE:  104 13:15:27        2.262202        0.118812
FIRE:  105 13:15:27        2.260650        0.115400
FIRE:  106 13:15:27        2.258658        0.109858
FIRE:  107 13:15:27        2.256447        0.102443
FIRE:  108 13:15:27        2.254184        0.094244
FIRE:  109 13:15:27        2.251608        0.086829
FIRE:  110 13:15:27        2.248463        0.081142
FIRE:  111 13:15:27        2.245152        0.076627
FIRE:  112 13:15:27        2.241733        0.069632
FIRE:  113 13:15:27        2.237805        0.059459
FIRE:  114 13:15:27        2.233959        0.055055
FIRE:  115 13:15:27        2.229670        0.058328
FIRE:  116 13:15:27        2.225513        0.063745
FIRE:  117 13:15:27        2.220813        0.056416
FIRE:  118 13:15:27        2.215763        0.055866
FIRE:  119 13:15:28        2.210331        0.057834
FIRE:  120 13:15:28        2.205391        0.113738
FIRE:  121 13:15:28        2.203909        0.226669
FIRE:  122 13:15:28        2.198211        0.035742
FIRE:  123 13:15:28        2.202205        0.195926
FIRE:  124 13:15:28        2.200512        0.153484
FIRE:  125 13:15:28        2.198517        0.077237
FIRE:  126 13:15:28        2.197864        0.034324
FIRE:  127 13:15:28        2.197855        0.034204
FIRE:  128 13:15:28        2.197837        0.033969
FIRE:  129 13:15:28        2.197814        0.033631
FIRE:  130 13:15:28        2.197786        0.033208
FIRE:  131 13:15:28        2.197755        0.032724
FIRE:  132 13:15:28        2.197723        0.032208
FIRE:  133 13:15:28        2.197690        0.031696
FIRE:  134 13:15:28        2.197650        0.031174
FIRE:  135 13:15:28        2.197601        0.030683
FIRE:  136 13:15:28        2.197537        0.030272
FIRE:  137 13:15:28        2.197455        0.029975
FIRE:  138 13:15:28        2.197352        0.029802
FIRE:  139 13:15:28        2.197229        0.029703
FIRE:  140 13:15:28        2.197085        0.029533
FIRE:  141 13:15:28        2.196913        0.029073
FIRE:  142 13:15:28        2.196701        0.028127
FIRE:  143 13:15:28        2.196445        0.026663
FIRE:  144 13:15:28        2.196147        0.024988
FIRE:  145 13:15:28        2.195794        0.023682
FIRE:  146 13:15:28        2.195372        0.023007
FIRE:  147 13:15:28        2.194884        0.022652
FIRE:  148 13:15:28        2.194304        0.022391
FIRE:  149 13:15:28        2.193630        0.021744
FIRE:  150 13:15:28        2.192831        0.022732
FIRE:  151 13:15:28        2.191889        0.022879
FIRE:  152 13:15:28        2.190776        0.021590
FIRE:  153 13:15:29        2.189481        0.024247
FIRE:  154 13:15:29        2.188091        0.043017
FIRE:  155 13:15:29        2.187194        0.098499
FIRE:  156 13:15:29        2.186078        0.021293
FIRE:  157 13:15:29        2.186809        0.088100
FIRE:  158 13:15:29        2.186446        0.067518
FIRE:  159 13:15:29        2.186033        0.031134
FIRE:  160 13:15:29        2.185919        0.022169
FIRE:  161 13:15:29        2.185914        0.022085
FIRE:  162 13:15:29        2.185904        0.021921
FIRE:  163 13:15:29        2.185891        0.021690
FIRE:  164 13:15:29        2.185876        0.021407
FIRE:  165 13:15:29        2.185859        0.021096
FIRE:  166 13:15:29        2.185841        0.020784
FIRE:  167 13:15:29        2.185822        0.020500
FIRE:  168 13:15:29        2.185799        0.020249
FIRE:  169 13:15:29        2.185770        0.020071
FIRE:  170 13:15:29        2.185732        0.020006
FIRE:  171 13:15:29        2.185682        0.020087
FIRE:  172 13:15:29        2.185620        0.020318
FIRE:  173 13:15:29        2.185545        0.020653
FIRE:  174 13:15:29        2.185455        0.020965
FIRE:  175 13:15:29        2.185344        0.021075
FIRE:  176 13:15:29        2.185205        0.020846
FIRE:  177 13:15:29        2.185033        0.020310
FIRE:  178 13:15:29        2.184826        0.019787
FIRE:  179 13:15:29        2.184570        0.019717
FIRE:  180 13:15:29        2.184254        0.020162
FIRE:  181 13:15:29        2.183871        0.020558
FIRE:  182 13:15:29        2.183395        0.020381
FIRE:  183 13:15:29        2.182815        0.020348
FIRE:  184 13:15:29        2.182098        0.021346
FIRE:  185 13:15:29        2.181213        0.021417
FIRE:  186 13:15:29        2.180119        0.021378
FIRE:  187 13:15:29        2.178772        0.022734
FIRE:  188 13:15:30        2.177198        0.032980
FIRE:  189 13:15:30        2.176077        0.095575
FIRE:  190 13:15:30        2.175035        0.021675
FIRE:  191 13:15:30        2.175021        0.021775
FIRE:  192 13:15:30        2.174992        0.021950
FIRE:  193 13:15:30        2.174950        0.022153
FIRE:  194 13:15:30        2.174895        0.022326
FIRE:  195 13:15:30        2.174826        0.022422
FIRE:  196 13:15:30        2.174742        0.022423
FIRE:  197 13:15:30        2.174644        0.022350
FIRE:  198 13:15:30        2.174520        0.022244
FIRE:  199 13:15:30        2.174363        0.022191
FIRE:  200 13:15:30        2.174165        0.022276
FIRE:  201 13:15:30        2.173917        0.022485
FIRE:  202 13:15:30        2.173607        0.022649
FIRE:  203 13:15:30        2.173221        0.022580
FIRE:  204 13:15:30        2.172742        0.022417
FIRE:  205 13:15:30        2.172148        0.022596
FIRE:  206 13:15:30        2.171414        0.022951
FIRE:  207 13:15:30        2.170507        0.022805
FIRE:  208 13:15:30        2.169390        0.023176
FIRE:  209 13:15:30        2.168019        0.023270
FIRE:  210 13:15:30        2.166340        0.023281
FIRE:  211 13:15:30        2.164293        0.023438
FIRE:  212 13:15:30        2.161821        0.021918
FIRE:  213 13:15:30        2.159677        0.089592
FIRE:  214 13:15:30        2.181459        0.491320
FIRE:  215 13:15:30        2.166810        0.339609
FIRE:  216 13:15:30        2.158894        0.186224
FIRE:  217 13:15:30        2.155527        0.044233
FIRE:  218 13:15:30        2.155484        0.039804
FIRE:  219 13:15:30        2.155412        0.031443
FIRE:  220 13:15:30        2.155337        0.020982
FIRE:  221 13:15:31        2.155281        0.021715
FIRE:  222 13:15:31        2.155253        0.022386
FIRE:  223 13:15:31        2.155241        0.022852
FIRE:  224 13:15:31        2.155222        0.023054
FIRE:  225 13:15:31        2.155176        0.024105
FIRE:  226 13:15:31        2.155094        0.023198
FIRE:  227 13:15:31        2.154987        0.022769
FIRE:  228 13:15:31        2.154883        0.022017
FIRE:  229 13:15:31        2.154790        0.021389
FIRE:  230 13:15:31        2.154663        0.021385
FIRE:  231 13:15:31        2.154468        0.022254
FIRE:  232 13:15:31        2.154247        0.023770
FIRE:  233 13:15:31        2.154017        0.024670
FIRE:  234 13:15:31        2.153690        0.023782
FIRE:  235 13:15:31        2.153313        0.021433
FIRE:  236 13:15:31        2.152866        0.020479
FIRE:  237 13:15:31        2.152311        0.021848
FIRE:  238 13:15:31        2.151648        0.021284
FIRE:  239 13:15:31        2.150887        0.020903
FIRE:  240 13:15:31        2.149947        0.021543
FIRE:  241 13:15:31        2.148856        0.018786
FIRE:  242 13:15:31        2.147659        0.028524
FIRE:  243 13:15:31        2.146861        0.084381
FIRE:  244 13:15:31        2.146117        0.018439
FIRE:  245 13:15:31        2.146613        0.075573
FIRE:  246 13:15:31        2.146340        0.055714
FIRE:  247 13:15:31        2.146051        0.021390
FIRE:  248 13:15:31        2.146002        0.018207
FIRE:  249 13:15:31        2.145996        0.017115
FIRE:  250 13:15:31        2.145985        0.017102
FIRE:  251 13:15:31        2.145971        0.017338
FIRE:  252 13:15:31        2.145956        0.017626
FIRE:  253 13:15:32        2.145940        0.017941
FIRE:  254 13:15:32        2.145926        0.018253
FIRE:  255 13:15:32        2.145911        0.018526
FIRE:  256 13:15:32        2.145894        0.018748
FIRE:  257 13:15:32        2.145871        0.018876
FIRE:  258 13:15:32        2.145840        0.018867
FIRE:  259 13:15:32        2.145798        0.018693
FIRE:  260 13:15:32        2.145747        0.018355
FIRE:  261 13:15:32        2.145687        0.017917
FIRE:  262 13:15:32        2.145618        0.017525
FIRE:  263 13:15:32        2.145532        0.017355
FIRE:  264 13:15:32        2.145421        0.017506
FIRE:  265 13:15:32        2.145289        0.017885
FIRE:  266 13:15:32        2.145132        0.018099
FIRE:  267 13:15:32        2.144937        0.017748
FIRE:  268 13:15:32        2.144704        0.016967
FIRE:  269 13:15:32        2.144425        0.016646
FIRE:  270 13:15:32        2.144088        0.017102
FIRE:  271 13:15:32        2.143688        0.016860
FIRE:  272 13:15:32        2.143218        0.015672
FIRE:  273 13:15:32        2.142665        0.016227
FIRE:  274 13:15:32        2.142026        0.014653
FIRE:  275 13:15:32        2.141310        0.015191
FIRE:  276 13:15:32        2.140637        0.038454
FIRE:  277 13:15:32        2.140870        0.110348
FIRE:  278 13:15:32        2.139654        0.011448
FIRE:  279 13:15:32        2.139646        0.011566
FIRE:  280 13:15:32        2.139634        0.011766
FIRE:  281 13:15:32        2.139621        0.011978
FIRE:  282 13:15:32        2.139608        0.012156
FIRE:  283 13:15:32        2.139590        0.012239
FIRE:  284 13:15:32        2.139564        0.012113
FIRE:  285 13:15:33        2.139535        0.011833
FIRE:  286 13:15:33        2.139502        0.011482
FIRE:  287 13:15:33        2.139462        0.011274
FIRE:  288 13:15:33        2.139408        0.011322
FIRE:  289 13:15:33        2.139343        0.011629
FIRE:  290 13:15:33        2.139266        0.011776
FIRE:  291 13:15:33        2.139168        0.011366
FIRE:  292 13:15:33        2.139053        0.010681
FIRE:  293 13:15:33        2.138912        0.010651
FIRE:  294 13:15:33        2.138749        0.010843
FIRE:  295 13:15:33        2.138554        0.009772
