      Step     Time          Energy          fmax
FIRE:    0 11:31:23      200.871762      195.505877
FIRE:    1 11:31:23      150.823065       80.066323
FIRE:    2 11:31:23      122.385006       50.981905
FIRE:    3 11:31:23      104.325658       30.546006
FIRE:    4 11:31:23       91.859418       23.468469
FIRE:    5 11:31:23       82.710524       22.066376
FIRE:    6 11:31:23       75.539714       20.497375
FIRE:    7 11:31:23       69.277043       25.032546
FIRE:    8 11:31:23       62.937770       28.460101
FIRE:    9 11:31:23       56.043958       27.638849
FIRE:   10 11:31:23       48.893732       23.228568
FIRE:   11 11:31:24       42.237615       16.948689
FIRE:   12 11:31:24       36.661549       10.727927
FIRE:   13 11:31:24       32.288748        9.439391
FIRE:   14 11:31:24       28.877322        8.841080
FIRE:   15 11:31:24       26.083264        8.351422
FIRE:   16 11:31:24       23.667355        7.853853
FIRE:   17 11:31:24       21.557094        7.285355
FIRE:   18 11:31:24       19.801689        6.642501
FIRE:   19 11:31:24       18.457897        5.950002
FIRE:   20 11:31:24       17.452234        6.474489
FIRE:   21 11:31:24       16.535703        8.150133
FIRE:   22 11:31:24       15.433111        8.450194
FIRE:   23 11:31:24       14.106365        7.019913
FIRE:   24 11:31:24       12.784449        4.862661
FIRE:   25 11:31:24       11.690552        3.375723
FIRE:   26 11:31:24       10.857987        3.007160
FIRE:   27 11:31:24       10.186580        2.930021
FIRE:   28 11:31:24        9.570601        2.618540
FIRE:   29 11:31:24        8.963950        2.269027
FIRE:   30 11:31:24        8.385077        1.883917
FIRE:   31 11:31:24        7.882718        1.986235
FIRE:   32 11:31:24        7.491883        2.114486
FIRE:   33 11:31:24        7.212371        1.959770
FIRE:   34 11:31:24        7.034752        1.523546
FIRE:   35 11:31:25        6.956897        1.073102
FIRE:   36 11:31:25        6.979614        0.873079
FIRE:   37 11:31:25        6.768708        0.390927
FIRE:   38 11:31:25        6.777461        0.695196
FIRE:   39 11:31:25        6.641165        0.321055
FIRE:   40 11:31:25        6.651457        0.559634
FIRE:   41 11:31:25        6.619950        0.437238
FIRE:   42 11:31:25        6.579124        0.243994
FIRE:   43 11:31:25        6.552995        0.266104
FIRE:   44 11:31:25        6.543434        0.424737
FIRE:   45 11:31:25        6.540411        0.405175
FIRE:   46 11:31:25        6.534723        0.367611
FIRE:   47 11:31:25        6.526997        0.315122
FIRE:   48 11:31:25        6.517965        0.297773
FIRE:   49 11:31:25        6.508259        0.288784
FIRE:   50 11:31:25        6.498225        0.285001
FIRE:   51 11:31:25        6.487811        0.286384
FIRE:   52 11:31:25        6.475365        0.291180
FIRE:   53 11:31:25        6.459677        0.295195
FIRE:   54 11:31:25        6.439241        0.291472
FIRE:   55 11:31:25        6.412979        0.270576
FIRE:   56 11:31:25        6.381466        0.220049
FIRE:   57 11:31:25        6.348293        0.202036
FIRE:   58 11:31:25        6.320076        0.212047
FIRE:   59 11:31:26        6.300708        0.383879
FIRE:   60 11:31:26        6.280803        0.525998
FIRE:   61 11:31:26        6.250618        0.323659
FIRE:   62 11:31:26        6.237094        0.407286
FIRE:   63 11:31:26        6.234541        0.354588
FIRE:   64 11:31:26        6.230545        0.257636
FIRE:   65 11:31:26        6.226619        0.144643
FIRE:   66 11:31:26        6.223676        0.143749
FIRE:   67 11:31:26        6.221396        0.143479
FIRE:   68 11:31:26        6.218755        0.173082
FIRE:   69 11:31:26        6.215106        0.193292
FIRE:   70 11:31:26        6.210080        0.165175
FIRE:   71 11:31:26        6.204342        0.146272
FIRE:   72 11:31:26        6.198417        0.150984
FIRE:   73 11:31:26        6.191271        0.157953
FIRE:   74 11:31:26        6.181119        0.166361
FIRE:   75 11:31:26        6.167818        0.176240
FIRE:   76 11:31:26        6.151463        0.186145
FIRE:   77 11:31:26        6.128890        0.190383
FIRE:   78 11:31:26        6.098608        0.186730
FIRE:   79 11:31:26        6.060485        0.191756
FIRE:   80 11:31:26        6.011387        0.220346
FIRE:   81 11:31:26        5.950610        0.250511
FIRE:   82 11:31:26        5.885954        0.269055
FIRE:   83 11:31:27        5.822141        0.273398
FIRE:   84 11:31:27        5.760814        0.279742
FIRE:   85 11:31:27        5.701923        0.289329
FIRE:   86 11:31:27        5.643168        0.292081
FIRE:   87 11:31:27        5.581346        0.287618
FIRE:   88 11:31:27        5.514589        0.289594
FIRE:   89 11:31:27        5.441541        0.298226
FIRE:   90 11:31:27        5.364341        0.304866
FIRE:   91 11:31:27        5.286065        0.298284
FIRE:   92 11:31:27        5.210812        0.273385
FIRE:   93 11:31:27        5.139686        0.241795
FIRE:   94 11:31:27        5.071657        0.203505
FIRE:   95 11:31:27        5.010983        0.161012
FIRE:   96 11:31:27        4.965852        0.127311
FIRE:   97 11:31:27        4.938285        0.102739
FIRE:   98 11:31:27        4.926331        0.077531
FIRE:   99 11:31:27        4.919860        0.101774
FIRE:  100 11:31:27        4.917269        0.081576
FIRE:  101 11:31:27        4.915548        0.075458
FIRE:  102 11:31:27        4.913627        0.069818
FIRE:  103 11:31:27        4.910642        0.067343
FIRE:  104 11:31:27        4.907692        0.066764
FIRE:  105 11:31:28        4.904910        0.062918
FIRE:  106 11:31:28        4.902632        0.051368
FIRE:  107 11:31:28        4.899854        0.037815
FIRE:  108 11:31:28        4.897219        0.033915
FIRE:  109 11:31:28        4.894706        0.033127
FIRE:  110 11:31:28        4.892010        0.041617
FIRE:  111 11:31:28        4.888000        0.038392
FIRE:  112 11:31:28        4.881642        0.045596
FIRE:  113 11:31:28        4.870646        0.089216
FIRE:  114 11:31:28        4.854393        0.238094
FIRE:  115 11:31:28        4.873415        0.567495
FIRE:  116 11:31:28        4.822294        0.341476
FIRE:  117 11:31:28        4.805623        0.209790
FIRE:  118 11:31:28        4.792809        0.124732
FIRE:  119 11:31:28        4.794069        0.197507
FIRE:  120 11:31:28        4.792143        0.177094
FIRE:  121 11:31:28        4.788847        0.155969
FIRE:  122 11:31:28        4.785066        0.139117
FIRE:  123 11:31:28        4.781633        0.128171
FIRE:  124 11:31:28        4.778910        0.128340
FIRE:  125 11:31:28        4.776579        0.136725
FIRE:  126 11:31:28        4.773894        0.145438
FIRE:  127 11:31:28        4.769751        0.148660
FIRE:  128 11:31:28        4.763535        0.142207
FIRE:  129 11:31:28        4.755415        0.126631
FIRE:  130 11:31:28        4.746477        0.118604
FIRE:  131 11:31:29        4.737610        0.114326
FIRE:  132 11:31:29        4.728082        0.108102
FIRE:  133 11:31:29        4.717676        0.099251
FIRE:  134 11:31:29        4.710370        0.088858
FIRE:  135 11:31:29        4.708526        0.127793
FIRE:  136 11:31:29        4.707561        0.120307
FIRE:  137 11:31:29        4.705873        0.106746
FIRE:  138 11:31:29        4.703839        0.106394
FIRE:  139 11:31:29        4.701787        0.107083
FIRE:  140 11:31:29        4.699856        0.107923
FIRE:  141 11:31:29        4.697987        0.108791
FIRE:  142 11:31:29        4.696077        0.109475
FIRE:  143 11:31:29        4.693920        0.109698
FIRE:  144 11:31:29        4.691653        0.108832
FIRE:  145 11:31:29        4.689356        0.105987
FIRE:  146 11:31:29        4.686626        0.100400
FIRE:  147 11:31:29        4.682767        0.091840
FIRE:  148 11:31:29        4.677606        0.080845
FIRE:  149 11:31:29        4.671517        0.069027
FIRE:  150 11:31:29        4.664400        0.072890
FIRE:  151 11:31:29        4.656680        0.082249
FIRE:  152 11:31:29        4.648841        0.082350
FIRE:  153 11:31:29        4.640091        0.065111
FIRE:  154 11:31:29        4.633348        0.055847
FIRE:  155 11:31:29        4.630543        0.061226
FIRE:  156 11:31:30        4.630019        0.045761
FIRE:  157 11:31:30        4.629450        0.033456
FIRE:  158 11:31:30        4.629230        0.027756
FIRE:  159 11:31:30        4.629200        0.026515
FIRE:  160 11:31:30        4.629146        0.026104
FIRE:  161 11:31:30        4.629081        0.025476
FIRE:  162 11:31:30        4.629013        0.024614
FIRE:  163 11:31:30        4.628950        0.023496
FIRE:  164 11:31:30        4.628890        0.022117
FIRE:  165 11:31:30        4.628827        0.020493
FIRE:  166 11:31:30        4.628748        0.018440
FIRE:  167 11:31:30        4.628652        0.017049
FIRE:  168 11:31:30        4.628547        0.015583
FIRE:  169 11:31:30        4.628449        0.013935
FIRE:  170 11:31:30        4.628365        0.012021
FIRE:  171 11:31:30        4.628289        0.009780
