      Step     Time          Energy          fmax
FIRE:    0 13:23:20       75.386774       42.862640
FIRE:    1 13:23:20       60.364980       34.647052
FIRE:    2 13:23:20       47.471148       27.439433
FIRE:    3 13:23:20       36.660312       21.247590
FIRE:    4 13:23:20       27.828949       16.037226
FIRE:    5 13:23:20       20.837948       11.742693
FIRE:    6 13:23:20       15.546449        8.270519
FIRE:    7 13:23:20       11.844622        5.532435
FIRE:    8 13:23:20        9.693710        3.426774
FIRE:    9 13:23:20        9.088727        3.932322
FIRE:   10 13:23:20        8.773956        2.959384
FIRE:   11 13:23:20        8.318885        2.281879
FIRE:   12 13:23:20        7.870862        2.234472
FIRE:   13 13:23:20        7.460685        1.980127
FIRE:   14 13:23:20        7.093299        1.586220
FIRE:   15 13:23:20        6.835033        1.195815
FIRE:   16 13:23:20        6.781003        1.015317
FIRE:   17 13:23:20        6.773765        0.983301
FIRE:   18 13:23:20        6.759837        0.965599
FIRE:   19 13:23:20        6.740234        0.947254
FIRE:   20 13:23:20        6.716291        0.924262
FIRE:   21 13:23:20        6.689480        0.897680
FIRE:   22 13:23:20        6.661231        0.868602
FIRE:   23 13:23:20        6.632783        0.838063
FIRE:   24 13:23:20        6.602253        0.803656
FIRE:   25 13:23:20        6.570649        0.765832
FIRE:   26 13:23:20        6.538985        0.724960
FIRE:   27 13:23:20        6.507984        0.680878
FIRE:   28 13:23:20        6.477692        0.632307
FIRE:   29 13:23:20        6.447108        0.576481
FIRE:   30 13:23:21        6.414260        0.509523
FIRE:   31 13:23:21        6.377435        0.427867
FIRE:   32 13:23:21        6.337714        0.330426
FIRE:   33 13:23:21        6.301333        0.220440
FIRE:   34 13:23:21        6.279072        0.105037
FIRE:   35 13:23:21        6.279910        0.140441
FIRE:   36 13:23:21        6.279625        0.136317
FIRE:   37 13:23:21        6.279088        0.128144
FIRE:   38 13:23:21        6.278362        0.116077
FIRE:   39 13:23:21        6.277529        0.100364
FIRE:   40 13:23:21        6.276685        0.086847
FIRE:   41 13:23:21        6.275923        0.087500
FIRE:   42 13:23:21        6.275322        0.088112
FIRE:   43 13:23:21        6.274903        0.088590
FIRE:   44 13:23:21        6.274728        0.088601
FIRE:   45 13:23:21        6.274743        0.087831
FIRE:   46 13:23:21        6.274723        0.087729
FIRE:   47 13:23:21        6.274683        0.087526
FIRE:   48 13:23:21        6.274624        0.087228
FIRE:   49 13:23:21        6.274550        0.086841
FIRE:   50 13:23:21        6.274462        0.086373
FIRE:   51 13:23:21        6.274364        0.085837
FIRE:   52 13:23:21        6.274258        0.085245
FIRE:   53 13:23:21        6.274136        0.084544
FIRE:   54 13:23:21        6.273999        0.083739
FIRE:   55 13:23:22        6.273848        0.082850
FIRE:   56 13:23:22        6.273685        0.081914
FIRE:   57 13:23:22        6.273509        0.080996
FIRE:   58 13:23:22        6.273310        0.080177
FIRE:   59 13:23:22        6.273072        0.079540
FIRE:   60 13:23:22        6.272770        0.079157
FIRE:   61 13:23:22        6.272374        0.079074
FIRE:   62 13:23:22        6.271856        0.079297
FIRE:   63 13:23:22        6.271197        0.079790
FIRE:   64 13:23:22        6.270388        0.080496
FIRE:   65 13:23:22        6.269400        0.081429
FIRE:   66 13:23:22        6.268141        0.082852
FIRE:   67 13:23:22        6.266447        0.085478
FIRE:   68 13:23:22        6.264120        0.090543
FIRE:   69 13:23:22        6.260961        0.099524
FIRE:   70 13:23:22        6.256622        0.113256
FIRE:   71 13:23:22        6.250412        0.131453
FIRE:   72 13:23:22        6.241378        0.154285
FIRE:   73 13:23:22        6.228054        0.184578
FIRE:   74 13:23:22        6.207585        0.226045
FIRE:   75 13:23:22        6.175193        0.278775
FIRE:   76 13:23:22        6.121585        0.344539
FIRE:   77 13:23:22        6.037140        0.430819
FIRE:   78 13:23:22        5.935005        0.511420
FIRE:   79 13:23:22        5.816060        0.593828
FIRE:   80 13:23:22        5.680443        0.678570
FIRE:   81 13:23:23        5.527965        0.757709
FIRE:   82 13:23:23        5.362867        0.800392
FIRE:   83 13:23:23        5.188413        0.844490
FIRE:   84 13:23:23        5.005212        0.885201
FIRE:   85 13:23:23        4.814186        0.922039
FIRE:   86 13:23:23        4.618494        0.926243
FIRE:   87 13:23:23        4.423832        0.909296
FIRE:   88 13:23:23        4.232932        0.878536
FIRE:   89 13:23:23        4.048609        0.833723
FIRE:   90 13:23:23        3.873705        0.775459
FIRE:   91 13:23:23        3.710775        0.705286
FIRE:   92 13:23:23        3.561819        0.626618
FIRE:   93 13:23:23        3.427996        0.546018
FIRE:   94 13:23:23        3.308802        0.475175
FIRE:   95 13:23:23        3.203630        0.399553
FIRE:   96 13:23:23        3.112656        0.336551
FIRE:   97 13:23:23        3.032395        0.299004
FIRE:   98 13:23:23        2.959783        0.275147
FIRE:   99 13:23:23        2.892942        0.268291
FIRE:  100 13:23:23        2.828362        0.286132
FIRE:  101 13:23:23        2.760880        0.336180
FIRE:  102 13:23:23        2.686944        0.373498
FIRE:  103 13:23:23        2.607442        0.414257
FIRE:  104 13:23:23        2.519326        0.468232
FIRE:  105 13:23:23        2.420842        0.521692
FIRE:  106 13:23:23        2.311844        0.566889
FIRE:  107 13:23:24        2.193440        0.600623
FIRE:  108 13:23:24        2.067630        0.622272
FIRE:  109 13:23:24        1.937982        0.620303
FIRE:  110 13:23:24        1.810242        0.585472
FIRE:  111 13:23:24        1.692379        0.508839
FIRE:  112 13:23:24        1.593214        0.368114
FIRE:  113 13:23:24        1.525645        0.170471
FIRE:  114 13:23:24        1.500555        0.122978
FIRE:  115 13:23:24        1.495150        0.028989
FIRE:  116 13:23:24        1.503431        0.225721
FIRE:  117 13:23:24        1.503118        0.229010
FIRE:  118 13:23:25        1.498002        0.110179
FIRE:  119 13:23:25        1.496659        0.067317
FIRE:  120 13:23:25        1.496499        0.058785
FIRE:  121 13:23:25        1.496242        0.051128
FIRE:  122 13:23:25        1.495986        0.049597
FIRE:  123 13:23:25        1.495807        0.050485
FIRE:  124 13:23:25        1.495713        0.050651
FIRE:  125 13:23:25        1.495640        0.048867
FIRE:  126 13:23:25        1.495522        0.045090
FIRE:  127 13:23:25        1.495316        0.038764
FIRE:  128 13:23:25        1.495059        0.029667
FIRE:  129 13:23:25        1.494872        0.017956
FIRE:  130 13:23:25        1.494840        0.024464
FIRE:  131 13:23:25        1.494830        0.022739
FIRE:  132 13:23:25        1.494812        0.019412
FIRE:  133 13:23:25        1.494793        0.014724
FIRE:  134 13:23:25        1.494775        0.009018
