      Step     Time          Energy          fmax
FIRE:    0 13:15:57      152.830938       60.389703
FIRE:    1 13:15:57      132.412664       28.560503
FIRE:    2 13:15:57      123.859892       24.175289
FIRE:    3 13:15:57      121.401239       38.180445
FIRE:    4 13:15:57      110.042795       22.984523
FIRE:    5 13:15:57      103.594672       23.038709
FIRE:    6 13:15:57       94.692747       24.396672
FIRE:    7 13:15:57       84.443232       20.839522
FIRE:    8 13:15:57       74.921988       19.679308
FIRE:    9 13:15:57       66.598576       18.810609
FIRE:   10 13:15:57       59.295283       17.866200
FIRE:   11 13:15:57       52.881985       16.831313
FIRE:   12 13:15:57       47.436033       15.727661
FIRE:   13 13:15:57       43.092550       14.592846
FIRE:   14 13:15:57       39.828327       13.461875
FIRE:   15 13:15:57       37.284970       12.362136
FIRE:   16 13:15:57       34.838091       11.374356
FIRE:   17 13:15:57       32.022956       10.767857
FIRE:   18 13:15:57       28.944745        9.908505
FIRE:   19 13:15:57       26.077136        8.992565
FIRE:   20 13:15:57       23.744328        8.179933
FIRE:   21 13:15:58       21.899029        7.491134
FIRE:   22 13:15:58       20.253648        6.842694
FIRE:   23 13:15:58       18.572984        6.159976
FIRE:   24 13:15:58       16.849346        5.449385
FIRE:   25 13:15:58       15.244187        4.780239
FIRE:   26 13:15:58       13.900529        4.212987
FIRE:   27 13:15:58       12.822173        3.738554
FIRE:   28 13:15:58       11.903385        3.290068
FIRE:   29 13:15:58       11.058395        2.817665
FIRE:   30 13:15:58       10.291226        2.324178
FIRE:   31 13:15:58        9.656882        1.845863
FIRE:   32 13:15:58        9.181993        1.409766
FIRE:   33 13:15:58        8.830962        1.011974
FIRE:   34 13:15:58        8.552194        1.024632
FIRE:   35 13:15:58        8.326247        0.792254
FIRE:   36 13:15:58        8.159941        0.715032
FIRE:   37 13:15:58        8.060403        0.686752
FIRE:   38 13:15:58        8.023667        0.572713
FIRE:   39 13:15:58        7.993399        1.162612
FIRE:   40 13:15:58        7.897503        0.228423
FIRE:   41 13:15:58        7.955221        0.988862
FIRE:   42 13:15:59        7.925091        0.747335
FIRE:   43 13:15:59        7.891095        0.336569
FIRE:   44 13:15:59        7.881243        0.193034
FIRE:   45 13:15:59        7.880869        0.192694
FIRE:   46 13:15:59        7.880161        0.191983
FIRE:   47 13:15:59        7.879192        0.190838
FIRE:   48 13:15:59        7.878050        0.189177
FIRE:   49 13:15:59        7.876813        0.186913
FIRE:   50 13:15:59        7.875532        0.183980
FIRE:   51 13:15:59        7.874214        0.180357
FIRE:   52 13:15:59        7.872681        0.175595
FIRE:   53 13:15:59        7.870826        0.169540
FIRE:   54 13:15:59        7.868528        0.162055
FIRE:   55 13:15:59        7.865715        0.152970
FIRE:   56 13:15:59        7.862453        0.142032
FIRE:   57 13:15:59        7.858948        0.128949
FIRE:   58 13:15:59        7.855345        0.117378
FIRE:   59 13:15:59        7.851515        0.105632
FIRE:   60 13:15:59        7.847387        0.096983
FIRE:   61 13:15:59        7.843418        0.103896
FIRE:   62 13:15:59        7.839751        0.111044
FIRE:   63 13:15:59        7.835859        0.118770
FIRE:   64 13:15:59        7.831973        0.123781
FIRE:   65 13:15:59        7.827349        0.120552
FIRE:   66 13:15:59        7.821688        0.108037
FIRE:   67 13:15:59        7.814823        0.092343
FIRE:   68 13:15:59        7.807728        0.073677
FIRE:   69 13:16:00        7.801476        0.052816
FIRE:   70 13:16:00        7.797502        0.065497
FIRE:   71 13:16:00        7.794925        0.090309
FIRE:   72 13:16:00        7.792821        0.188082
FIRE:   73 13:16:00        7.790253        0.064602
FIRE:   74 13:16:00        7.790850        0.144549
FIRE:   75 13:16:00        7.790252        0.113453
FIRE:   76 13:16:00        7.789493        0.058608
FIRE:   77 13:16:00        7.789088        0.055165
FIRE:   78 13:16:00        7.789125        0.069795
FIRE:   79 13:16:00        7.789083        0.066245
FIRE:   80 13:16:00        7.789006        0.059360
FIRE:   81 13:16:00        7.788906        0.051053
FIRE:   82 13:16:00        7.788797        0.050756
FIRE:   83 13:16:00        7.788693        0.050334
FIRE:   84 13:16:00        7.788604        0.049757
FIRE:   85 13:16:00        7.788530        0.048998
FIRE:   86 13:16:00        7.788459        0.047946
FIRE:   87 13:16:00        7.788378        0.046562
FIRE:   88 13:16:01        7.788270        0.044811
FIRE:   89 13:16:01        7.788122        0.042652
FIRE:   90 13:16:01        7.787938        0.040029
FIRE:   91 13:16:01        7.787748        0.036866
FIRE:   92 13:16:01        7.787591        0.033101
FIRE:   93 13:16:01        7.787459        0.028897
FIRE:   94 13:16:01        7.787307        0.024628
FIRE:   95 13:16:01        7.787141        0.024386
FIRE:   96 13:16:01        7.787028        0.025714
FIRE:   97 13:16:01        7.786923        0.027191
FIRE:   98 13:16:01        7.786738        0.028979
FIRE:   99 13:16:01        7.786540        0.030372
FIRE:  100 13:16:01        7.786254        0.029926
FIRE:  101 13:16:01        7.785861        0.027214
FIRE:  102 13:16:01        7.785444        0.024034
FIRE:  103 13:16:01        7.785018        0.021573
FIRE:  104 13:16:01        7.784599        0.016760
FIRE:  105 13:16:01        7.784182        0.019359
FIRE:  106 13:16:01        7.783697        0.039184
FIRE:  107 13:16:01        7.783278        0.074610
FIRE:  108 13:16:01        7.782896        0.018014
FIRE:  109 13:16:01        7.783103        0.063547
FIRE:  110 13:16:01        7.782995        0.049321
FIRE:  111 13:16:01        7.782866        0.024125
FIRE:  112 13:16:01        7.782818        0.016635
FIRE:  113 13:16:01        7.782817        0.016614
FIRE:  114 13:16:01        7.782814        0.016572
FIRE:  115 13:16:01        7.782810        0.016509
FIRE:  116 13:16:02        7.782805        0.016426
FIRE:  117 13:16:02        7.782799        0.016324
FIRE:  118 13:16:02        7.782792        0.016204
FIRE:  119 13:16:02        7.782785        0.016069
FIRE:  120 13:16:02        7.782776        0.015903
FIRE:  121 13:16:02        7.782764        0.015702
FIRE:  122 13:16:02        7.782750        0.015461
FIRE:  123 13:16:02        7.782732        0.015176
FIRE:  124 13:16:02        7.782709        0.014840
FIRE:  125 13:16:02        7.782683        0.014442
FIRE:  126 13:16:02        7.782651        0.014057
FIRE:  127 13:16:02        7.782613        0.014319
FIRE:  128 13:16:02        7.782566        0.014646
FIRE:  129 13:16:02        7.782511        0.015025
FIRE:  130 13:16:02        7.782445        0.015394
FIRE:  131 13:16:02        7.782365        0.015650
FIRE:  132 13:16:02        7.782269        0.015729
FIRE:  133 13:16:02        7.782154        0.015678
FIRE:  134 13:16:02        7.782016        0.015581
FIRE:  135 13:16:02        7.781853        0.015319
FIRE:  136 13:16:02        7.781660        0.014683
FIRE:  137 13:16:02        7.781434        0.014020
FIRE:  138 13:16:02        7.781171        0.013489
FIRE:  139 13:16:02        7.780863        0.012659
FIRE:  140 13:16:02        7.780523        0.018173
FIRE:  141 13:16:02        7.780255        0.048575
FIRE:  142 13:16:02        7.780094        0.012360
FIRE:  143 13:16:03        7.780186        0.041750
FIRE:  144 13:16:03        7.780137        0.032159
FIRE:  145 13:16:03        7.780080        0.015249
FIRE:  146 13:16:03        7.780060        0.012297
FIRE:  147 13:16:03        7.780059        0.012305
FIRE:  148 13:16:03        7.780058        0.012322
FIRE:  149 13:16:03        7.780055        0.012346
FIRE:  150 13:16:03        7.780053        0.012374
FIRE:  151 13:16:03        7.780050        0.012405
FIRE:  152 13:16:03        7.780047        0.012436
FIRE:  153 13:16:03        7.780043        0.012463
FIRE:  154 13:16:03        7.780038        0.012486
FIRE:  155 13:16:03        7.780032        0.012500
FIRE:  156 13:16:03        7.780024        0.012498
FIRE:  157 13:16:03        7.780015        0.012478
FIRE:  158 13:16:03        7.780002        0.012436
FIRE:  159 13:16:03        7.779988        0.012377
FIRE:  160 13:16:03        7.779969        0.012313
FIRE:  161 13:16:03        7.779947        0.012265
FIRE:  162 13:16:03        7.779920        0.012249
FIRE:  163 13:16:03        7.779886        0.012267
FIRE:  164 13:16:03        7.779846        0.012285
FIRE:  165 13:16:03        7.779796        0.012252
FIRE:  166 13:16:03        7.779735        0.012147
FIRE:  167 13:16:03        7.779663        0.012039
FIRE:  168 13:16:03        7.779575        0.012014
FIRE:  169 13:16:03        7.779469        0.011983
FIRE:  170 13:16:03        7.779341        0.011779
FIRE:  171 13:16:03        7.779188        0.011635
FIRE:  172 13:16:04        7.779006        0.011546
FIRE:  173 13:16:04        7.778790        0.011104
FIRE:  174 13:16:04        7.778546        0.014539
FIRE:  175 13:16:04        7.778350        0.040801
FIRE:  176 13:16:04        7.778234        0.010704
FIRE:  177 13:16:04        7.778301        0.035646
FIRE:  178 13:16:04        7.778264        0.027258
FIRE:  179 13:16:04        7.778222        0.012513
FIRE:  180 13:16:04        7.778208        0.010618
FIRE:  181 13:16:04        7.778208        0.010627
FIRE:  182 13:16:04        7.778207        0.010645
FIRE:  183 13:16:04        7.778205        0.010670
FIRE:  184 13:16:04        7.778203        0.010700
FIRE:  185 13:16:04        7.778200        0.010733
FIRE:  186 13:16:04        7.778198        0.010766
FIRE:  187 13:16:04        7.778195        0.010796
FIRE:  188 13:16:04        7.778191        0.010822
FIRE:  189 13:16:04        7.778186        0.010839
FIRE:  190 13:16:04        7.778181        0.010843
FIRE:  191 13:16:04        7.778173        0.010828
FIRE:  192 13:16:04        7.778164        0.010795
FIRE:  193 13:16:05        7.778152        0.010747
FIRE:  194 13:16:05        7.778138        0.010699
FIRE:  195 13:16:05        7.778121        0.010670
FIRE:  196 13:16:05        7.778099        0.010676
FIRE:  197 13:16:05        7.778073        0.010717
FIRE:  198 13:16:05        7.778041        0.010756
FIRE:  199 13:16:05        7.778002        0.010743
FIRE:  200 13:16:05        7.777954        0.010665
FIRE:  201 13:16:05        7.777896        0.010599
FIRE:  202 13:16:05        7.777826        0.010620
FIRE:  203 13:16:05        7.777741        0.010625
FIRE:  204 13:16:05        7.777637        0.010475
FIRE:  205 13:16:05        7.777513        0.010431
FIRE:  206 13:16:05        7.777363        0.010412
FIRE:  207 13:16:05        7.777184        0.010136
FIRE:  208 13:16:05        7.776980        0.013093
FIRE:  209 13:16:05        7.776820        0.038067
FIRE:  210 13:16:05        7.776718        0.009998
