      Step     Time          Energy          fmax
FIRE:    0 13:46:12      133.699457       44.788049
FIRE:    1 13:46:12      114.625481       31.729129
FIRE:    2 13:46:12       99.849895       29.011139
FIRE:    3 13:46:12       87.166892       24.659640
FIRE:    4 13:46:12       76.725582       19.877948
FIRE:    5 13:46:12       68.459466       18.039259
FIRE:    6 13:46:12       61.558554       18.115213
FIRE:    7 13:46:12       55.218350       17.701751
FIRE:    8 13:46:12       49.090418       16.045874
FIRE:    9 13:46:12       43.259354       15.734466
FIRE:   10 13:46:12       37.934286       15.123940
FIRE:   11 13:46:12       33.296843       13.189367
FIRE:   12 13:46:12       29.541490        9.956560
FIRE:   13 13:46:12       26.941186        7.259823
FIRE:   14 13:46:12       25.819121        6.893389
FIRE:   15 13:46:12       26.304684        8.585519
FIRE:   16 13:46:12       23.468069        6.193119
FIRE:   17 13:46:12       22.457452        5.938918
FIRE:   18 13:46:12       21.329051        5.645298
FIRE:   19 13:46:12       19.784414        5.229982
FIRE:   20 13:46:12       18.174931        4.772448
FIRE:   21 13:46:12       16.690339        4.322354
FIRE:   22 13:46:12       15.425341        3.906652
FIRE:   23 13:46:12       14.354178        3.513891
FIRE:   24 13:46:12       13.388202        3.122019
FIRE:   25 13:46:12       12.493277        2.724043
FIRE:   26 13:46:12       11.684889        2.323700
FIRE:   27 13:46:12       10.959103        1.922068
FIRE:   28 13:46:12       10.306837        1.525251
FIRE:   29 13:46:12        9.745914        1.150353
FIRE:   30 13:46:13        9.297577        0.851831
FIRE:   31 13:46:13        8.956898        0.699872
FIRE:   32 13:46:13        8.699708        0.562184
FIRE:   33 13:46:13        8.506273        0.504911
FIRE:   34 13:46:13        8.369764        0.441253
FIRE:   35 13:46:13        8.293333        0.470986
FIRE:   36 13:46:13        8.287711        0.475200
FIRE:   37 13:46:13        8.263705        0.462023
FIRE:   38 13:46:13        8.228272        0.427331
FIRE:   39 13:46:13        8.187562        0.365763
FIRE:   40 13:46:13        8.146393        0.285213
FIRE:   41 13:46:13        8.114957        0.204024
FIRE:   42 13:46:13        8.087947        0.166261
FIRE:   43 13:46:13        8.056130        0.224769
FIRE:   44 13:46:13        7.998474        0.297923
FIRE:   45 13:46:13        7.887497        0.335878
FIRE:   46 13:46:13        7.733038        0.327959
FIRE:   47 13:46:13        7.556119        0.352725
FIRE:   48 13:46:13        7.360228        0.438190
FIRE:   49 13:46:13        7.146768        0.517061
FIRE:   50 13:46:13        6.921391        0.579125
FIRE:   51 13:46:13        6.698920        0.617642
FIRE:   52 13:46:13        6.508064        0.628234
FIRE:   53 13:46:13        6.374127        0.609810
FIRE:   54 13:46:13        6.282963        0.694679
FIRE:   55 13:46:13        6.180348        0.568414
FIRE:   56 13:46:13        6.054822        0.570327
FIRE:   57 13:46:14        5.922744        0.374649
FIRE:   58 13:46:14        5.846044        0.282362
FIRE:   59 13:46:14        5.828519        0.465399
FIRE:   60 13:46:14        5.828959        0.740935
FIRE:   61 13:46:14        5.755368        0.305746
FIRE:   62 13:46:14        5.750433        0.217232
FIRE:   63 13:46:14        5.744537        0.144448
FIRE:   64 13:46:14        5.741080        0.136328
FIRE:   65 13:46:14        5.738911        0.186300
FIRE:   66 13:46:14        5.735035        0.203674
FIRE:   67 13:46:14        5.729129        0.146689
FIRE:   68 13:46:14        5.723142        0.129837
FIRE:   69 13:46:14        5.717602        0.141775
FIRE:   70 13:46:14        5.711061        0.154147
FIRE:   71 13:46:14        5.702548        0.162832
FIRE:   72 13:46:14        5.694647        0.164224
FIRE:   73 13:46:14        5.685271        0.161601
FIRE:   74 13:46:14        5.672588        0.158577
FIRE:   75 13:46:14        5.660217        0.152170
FIRE:   76 13:46:14        5.641905        0.143269
FIRE:   77 13:46:14        5.621345        0.159741
FIRE:   78 13:46:14        5.593141        0.157731
FIRE:   79 13:46:14        5.555881        0.151695
FIRE:   80 13:46:14        5.512156        0.213530
FIRE:   81 13:46:14        5.473517        0.386349
FIRE:   82 13:46:14        5.438559        0.564016
FIRE:   83 13:46:14        5.416113        0.185217
FIRE:   84 13:46:14        5.413848        0.142682
FIRE:   85 13:46:14        5.410511        0.142233
FIRE:   86 13:46:14        5.406913        0.141342
FIRE:   87 13:46:14        5.402434        0.144455
FIRE:   88 13:46:15        5.396156        0.147454
FIRE:   89 13:46:15        5.388313        0.149317
FIRE:   90 13:46:15        5.379771        0.150692
FIRE:   91 13:46:15        5.369360        0.153051
FIRE:   92 13:46:15        5.355252        0.157890
FIRE:   93 13:46:15        5.336395        0.165077
FIRE:   94 13:46:15        5.311995        0.172076
FIRE:   95 13:46:15        5.277997        0.176584
FIRE:   96 13:46:15        5.231169        0.179183
FIRE:   97 13:46:15        5.166197        0.183302
FIRE:   98 13:46:15        5.078535        0.186519
FIRE:   99 13:46:15        4.984922        0.177435
FIRE:  100 13:46:15        4.905765        0.151927
FIRE:  101 13:46:15        4.849280        0.163715
FIRE:  102 13:46:15        4.818547        0.156181
FIRE:  103 13:46:15        4.811122        0.158997
FIRE:  104 13:46:15        4.807645        0.156857
FIRE:  105 13:46:15        4.801644        0.151788
FIRE:  106 13:46:15        4.794071        0.142666
FIRE:  107 13:46:15        4.785999        0.128488
FIRE:  108 13:46:15        4.778788        0.108933
FIRE:  109 13:46:15        4.773191        0.085633
FIRE:  110 13:46:15        4.769585        0.062096
FIRE:  111 13:46:15        4.767393        0.042243
FIRE:  112 13:46:15        4.765944        0.053818
FIRE:  113 13:46:16        4.763903        0.059404
FIRE:  114 13:46:16        4.759973        0.059316
FIRE:  115 13:46:16        4.754251        0.047593
FIRE:  116 13:46:16        4.748641        0.040053
FIRE:  117 13:46:16        4.745991        0.050323
FIRE:  118 13:46:16        4.745609        0.050344
FIRE:  119 13:46:16        4.745160        0.050439
FIRE:  120 13:46:16        4.744605        0.050586
FIRE:  121 13:46:16        4.743792        0.050826
FIRE:  122 13:46:16        4.742952        0.051349
FIRE:  123 13:46:16        4.742127        0.052028
FIRE:  124 13:46:16        4.741160        0.052208
FIRE:  125 13:46:16        4.740104        0.050956
FIRE:  126 13:46:16        4.738851        0.047545
FIRE:  127 13:46:16        4.737346        0.042466
FIRE:  128 13:46:16        4.735627        0.036201
FIRE:  129 13:46:16        4.733801        0.027657
FIRE:  130 13:46:16        4.731905        0.033824
FIRE:  131 13:46:16        4.730142        0.037735
FIRE:  132 13:46:16        4.728854        0.089338
FIRE:  133 13:46:16        4.728267        0.031805
FIRE:  134 13:46:16        4.728460        0.066207
FIRE:  135 13:46:17        4.728327        0.051998
FIRE:  136 13:46:17        4.728157        0.031300
FIRE:  137 13:46:17        4.728066        0.029916
FIRE:  138 13:46:17        4.728075        0.031038
FIRE:  139 13:46:17        4.728067        0.029512
FIRE:  140 13:46:17        4.728050        0.028412
FIRE:  141 13:46:17        4.728029        0.028439
FIRE:  142 13:46:17        4.728005        0.028461
FIRE:  143 13:46:17        4.727981        0.028466
FIRE:  144 13:46:17        4.727960        0.028438
FIRE:  145 13:46:17        4.727940        0.028361
FIRE:  146 13:46:17        4.727920        0.028204
FIRE:  147 13:46:17        4.727897        0.027939
FIRE:  148 13:46:17        4.727865        0.027539
FIRE:  149 13:46:17        4.727821        0.026977
FIRE:  150 13:46:17        4.727762        0.026228
FIRE:  151 13:46:17        4.727694        0.025280
FIRE:  152 13:46:17        4.727619        0.024152
FIRE:  153 13:46:17        4.727538        0.022934
FIRE:  154 13:46:18        4.727437        0.021743
FIRE:  155 13:46:18        4.727310        0.020655
FIRE:  156 13:46:18        4.727169        0.019624
FIRE:  157 13:46:18        4.727012        0.018448
FIRE:  158 13:46:18        4.726818        0.016977
FIRE:  159 13:46:18        4.726604        0.015367
FIRE:  160 13:46:18        4.726362        0.014244
FIRE:  161 13:46:18        4.726094        0.013733
FIRE:  162 13:46:18        4.725809        0.012709
FIRE:  163 13:46:18        4.725530        0.013950
FIRE:  164 13:46:18        4.725255        0.013383
FIRE:  165 13:46:18        4.725010        0.014992
FIRE:  166 13:46:18        4.724837        0.025586
FIRE:  167 13:46:18        4.724868        0.059251
FIRE:  168 13:46:18        4.724669        0.005866
