      Step     Time          Energy          fmax
FIRE:    0 12:52:54      296.655648      226.700325
FIRE:    1 12:52:54      214.014010      134.626433
FIRE:    2 12:52:54      161.867422       88.236526
FIRE:    3 12:52:54      128.370174       64.271097
FIRE:    4 12:52:54      106.331159       46.479639
FIRE:    5 12:52:54       91.417340       32.862518
FIRE:    6 12:52:54       81.026346       22.557617
FIRE:    7 12:52:54       73.524255       18.053138
FIRE:    8 12:52:54       67.747609       17.213222
FIRE:    9 12:52:54       62.880811       16.267253
FIRE:   10 12:52:54       58.499407       15.135045
FIRE:   11 12:52:54       54.560765       13.859947
FIRE:   12 12:52:55       51.198035       12.906607
FIRE:   13 12:52:55       48.452013       13.753544
FIRE:   14 12:52:55       46.152667       15.874917
FIRE:   15 12:52:55       43.990561       16.539740
FIRE:   16 12:52:55       41.691255       15.390555
FIRE:   17 12:52:55       39.148193       12.610979
FIRE:   18 12:52:55       36.390753       10.586883
FIRE:   19 12:52:55       33.499968       10.812097
FIRE:   20 12:52:55       30.623479        9.534661
FIRE:   21 12:52:55       27.968183        7.380976
FIRE:   22 12:52:55       25.658887        6.696189
FIRE:   23 12:52:55       23.641024        6.818207
FIRE:   24 12:52:55       21.770167        6.759972
FIRE:   25 12:52:55       19.990585        5.727893
FIRE:   26 12:52:55       18.390853        5.268207
FIRE:   27 12:52:55       17.045643        4.787912
FIRE:   28 12:52:55       15.858111        4.826210
FIRE:   29 12:52:55       14.676240        4.787424
FIRE:   30 12:52:55       13.490726        3.729549
FIRE:   31 12:52:55       12.415597        2.800256
FIRE:   32 12:52:55       11.542750        2.382424
FIRE:   33 12:52:55       10.867470        2.026652
FIRE:   34 12:52:56       10.324804        2.596538
FIRE:   35 12:52:56        9.847246        2.972878
FIRE:   36 12:52:56        9.404313        2.801809
FIRE:   37 12:52:56        9.015109        2.114894
FIRE:   38 12:52:56        8.734449        1.022286
FIRE:   39 12:52:56        8.611139        1.071070
FIRE:   40 12:52:56        8.612814        1.479868
FIRE:   41 12:52:56        8.678600        2.008921
FIRE:   42 12:52:56        8.555416        1.422917
FIRE:   43 12:52:56        8.463977        0.582590
FIRE:   44 12:52:56        8.447469        0.520641
FIRE:   45 12:52:56        8.444287        0.465235
FIRE:   46 12:52:56        8.439133        0.360456
FIRE:   47 12:52:56        8.433882        0.218701
FIRE:   48 12:52:56        8.430162        0.159281
FIRE:   49 12:52:56        8.428348        0.163518
FIRE:   50 12:52:56        8.427283        0.232877
FIRE:   51 12:52:56        8.425479        0.260288
FIRE:   52 12:52:56        8.421876        0.242404
FIRE:   53 12:52:56        8.416820        0.168167
FIRE:   54 12:52:56        8.412245        0.088233
FIRE:   55 12:52:56        8.410049        0.134356
FIRE:   56 12:52:56        8.408841        0.208261
FIRE:   57 12:52:56        8.405985        0.174801
FIRE:   58 12:52:56        8.402474        0.096732
FIRE:   59 12:52:57        8.401422        0.147185
FIRE:   60 12:52:57        8.400990        0.129631
FIRE:   61 12:52:57        8.400262        0.099383
FIRE:   62 12:52:57        8.399441        0.094931
FIRE:   63 12:52:57        8.398688        0.093528
FIRE:   64 12:52:57        8.398024        0.091655
FIRE:   65 12:52:57        8.397335        0.089305
FIRE:   66 12:52:57        8.396488        0.086551
FIRE:   67 12:52:57        8.395317        0.083184
FIRE:   68 12:52:57        8.393870        0.086575
FIRE:   69 12:52:57        8.392343        0.092995
FIRE:   70 12:52:57        8.390800        0.099534
FIRE:   71 12:52:57        8.388900        0.105331
FIRE:   72 12:52:57        8.386350        0.109851
FIRE:   73 12:52:57        8.383341        0.113241
FIRE:   74 12:52:57        8.379629        0.116876
FIRE:   75 12:52:57        8.374440        0.121775
FIRE:   76 12:52:57        8.368035        0.126301
FIRE:   77 12:52:57        8.359721        0.126890
FIRE:   78 12:52:57        8.349321        0.124248
FIRE:   79 12:52:57        8.335738        0.126346
FIRE:   80 12:52:57        8.318022        0.134050
FIRE:   81 12:52:57        8.293965        0.143437
FIRE:   82 12:52:57        8.261389        0.167428
FIRE:   83 12:52:58        8.220206        0.329033
FIRE:   84 12:52:58        8.187911        0.724009
FIRE:   85 12:52:58        8.161049        0.203501
FIRE:   86 12:52:58        8.160027        0.204107
FIRE:   87 12:52:58        8.158243        0.205094
FIRE:   88 12:52:58        8.155921        0.206107
FIRE:   89 12:52:58        8.152983        0.206827
FIRE:   90 12:52:58        8.149164        0.207112
FIRE:   91 12:52:58        8.144369        0.207016
FIRE:   92 12:52:58        8.138766        0.206773
FIRE:   93 12:52:58        8.131768        0.206837
FIRE:   94 12:52:58        8.122807        0.208055
FIRE:   95 12:52:58        8.111074        0.211235
FIRE:   96 12:52:58        8.096086        0.216488
FIRE:   97 12:52:58        8.076876        0.223135
FIRE:   98 12:52:58        8.051709        0.230794
FIRE:   99 12:52:58        8.019137        0.240677
FIRE:  100 12:52:58        7.976095        0.254628
FIRE:  101 12:52:58        7.919446        0.269868
FIRE:  102 12:52:58        7.843985        0.282410
FIRE:  103 12:52:58        7.756323        0.296233
FIRE:  104 12:52:58        7.664112        0.310138
FIRE:  105 12:52:58        7.568011        0.328875
FIRE:  106 12:52:59        7.468895        0.342176
FIRE:  107 12:52:59        7.368112        0.353341
FIRE:  108 12:52:59        7.267083        0.362961
FIRE:  109 12:52:59        7.167665        0.365288
FIRE:  110 12:52:59        7.071857        0.359031
FIRE:  111 12:52:59        6.981560        0.344792
FIRE:  112 12:52:59        6.898502        0.319158
FIRE:  113 12:52:59        6.824042        0.280897
FIRE:  114 12:52:59        6.759611        0.235570
FIRE:  115 12:52:59        6.707018        0.188509
FIRE:  116 12:52:59        6.668372        0.139955
FIRE:  117 12:52:59        6.645039        0.088740
FIRE:  118 12:52:59        6.637529        0.093771
FIRE:  119 12:52:59        6.635252        0.061782
FIRE:  120 12:52:59        6.637800        0.297677
FIRE:  121 12:52:59        6.633626        0.166391
FIRE:  122 12:52:59        6.632443        0.100966
FIRE:  123 12:52:59        6.631677        0.045090
FIRE:  124 12:52:59        6.632075        0.096585
FIRE:  125 12:52:59        6.631955        0.087200
FIRE:  126 12:52:59        6.631756        0.069360
FIRE:  127 12:52:59        6.631547        0.044867
FIRE:  128 12:52:59        6.631393        0.041992
FIRE:  129 12:53:00        6.631329        0.040275
FIRE:  130 12:53:00        6.631328        0.038564
FIRE:  131 12:53:00        6.631322        0.038567
FIRE:  132 12:53:00        6.631309        0.038572
FIRE:  133 12:53:00        6.631291        0.038578
FIRE:  134 12:53:00        6.631269        0.038581
FIRE:  135 12:53:00        6.631244        0.038578
FIRE:  136 12:53:00        6.631217        0.038563
FIRE:  137 12:53:00        6.631189        0.038531
FIRE:  138 12:53:00        6.631159        0.038467
FIRE:  139 12:53:00        6.631127        0.038351
FIRE:  140 12:53:00        6.631093        0.038155
FIRE:  141 12:53:00        6.631055        0.037844
FIRE:  142 12:53:00        6.631009        0.037383
FIRE:  143 12:53:00        6.630952        0.036729
FIRE:  144 12:53:00        6.630878        0.035844
FIRE:  145 12:53:00        6.630785        0.034686
FIRE:  146 12:53:00        6.630675        0.033225
FIRE:  147 12:53:00        6.630553        0.031462
FIRE:  148 12:53:00        6.630422        0.029461
FIRE:  149 12:53:00        6.630272        0.027349
FIRE:  150 12:53:01        6.630094        0.025239
FIRE:  151 12:53:01        6.629899        0.023141
FIRE:  152 12:53:01        6.629701        0.020859
FIRE:  153 12:53:01        6.629491        0.018083
FIRE:  154 12:53:01        6.629280        0.014756
FIRE:  155 12:53:01        6.629095        0.011700
FIRE:  156 12:53:01        6.628929        0.010076
FIRE:  157 12:53:01        6.628813        0.011316
FIRE:  158 12:53:01        6.628736        0.011478
FIRE:  159 12:53:01        6.628686        0.012422
FIRE:  160 12:53:01        6.628644        0.013189
FIRE:  161 12:53:01        6.628572        0.014608
FIRE:  162 12:53:01        6.628439        0.020780
FIRE:  163 12:53:01        6.628261        0.034764
FIRE:  164 12:53:01        6.628159        0.014986
FIRE:  165 12:53:01        6.628176        0.029001
FIRE:  166 12:53:01        6.628149        0.022545
FIRE:  167 12:53:01        6.628115        0.014161
FIRE:  168 12:53:01        6.628094        0.014032
FIRE:  169 12:53:01        6.628089        0.013928
FIRE:  170 12:53:01        6.628087        0.013815
FIRE:  171 12:53:01        6.628082        0.013776
FIRE:  172 12:53:02        6.628076        0.013719
FIRE:  173 12:53:02        6.628069        0.013646
FIRE:  174 12:53:02        6.628062        0.013557
FIRE:  175 12:53:02        6.628056        0.013455
FIRE:  176 12:53:02        6.628049        0.013340
FIRE:  177 12:53:02        6.628041        0.013201
FIRE:  178 12:53:02        6.628032        0.013033
FIRE:  179 12:53:02        6.628019        0.012833
FIRE:  180 12:53:02        6.628003        0.012593
FIRE:  181 12:53:02        6.627982        0.012305
FIRE:  182 12:53:02        6.627958        0.011956
FIRE:  183 12:53:02        6.627932        0.011531
FIRE:  184 12:53:02        6.627902        0.011017
FIRE:  185 12:53:02        6.627865        0.010463
FIRE:  186 12:53:02        6.627822        0.010232
FIRE:  187 12:53:02        6.627777        0.009951
