      Step     Time          Energy          fmax
FIRE:    0 16:35:05      123.012426       35.119371
FIRE:    1 16:35:05      112.969584       32.979949
FIRE:    2 16:35:05      103.941468       30.974049
FIRE:    3 16:35:05       95.610191       29.055241
FIRE:    4 16:35:05       87.806810       27.203902
FIRE:    5 16:35:05       80.458369       25.412067
FIRE:    6 16:35:05       73.545934       23.679461
FIRE:    7 16:35:05       67.073021       22.009373
FIRE:    8 16:35:05       61.045114       20.405395
FIRE:    9 16:35:05       55.462349       18.870186
FIRE:   10 16:35:05       50.315263       17.404497
FIRE:   11 16:35:05       45.586111       16.007239
FIRE:   12 16:35:05       41.252466       14.676088
FIRE:   13 16:35:05       37.290841       13.408211
FIRE:   14 16:35:05       33.679196       12.200858
FIRE:   15 16:35:06       30.398045       11.051702
FIRE:   16 16:35:06       27.430427        9.958924
FIRE:   17 16:35:06       24.761225        8.921126
FIRE:   18 16:35:06       22.376317        7.937149
FIRE:   19 16:35:06       20.261876        7.005890
FIRE:   20 16:35:06       18.404002        6.126163
FIRE:   21 16:35:06       16.788650        5.296620
FIRE:   22 16:35:06       15.401781        4.515734
FIRE:   23 16:35:06       14.229594        3.781823
FIRE:   24 16:35:06       13.258733        3.093106
FIRE:   25 16:35:06       12.476434        2.447760
FIRE:   26 16:35:06       11.870566        1.843926
FIRE:   27 16:35:06       11.429649        1.279606
FIRE:   28 16:35:06       11.142868        0.752413
FIRE:   29 16:35:06       11.000153        0.259543
FIRE:   30 16:35:06       10.991835        0.199362
FIRE:   31 16:35:06       10.979617        0.081837
FIRE:   32 16:35:06       10.978187        0.101185
FIRE:   33 16:35:07       10.976868        0.086219
FIRE:   34 16:35:07       10.974822        0.086864
FIRE:   35 16:35:07       10.972830        0.087923
FIRE:   36 16:35:07       10.971272        0.089523
FIRE:   37 16:35:07       10.969797        0.091767
FIRE:   38 16:35:07       10.967691        0.094713
FIRE:   39 16:35:07       10.964498        0.098441
FIRE:   40 16:35:07       10.959773        0.103611
FIRE:   41 16:35:07       10.953720        0.110734
FIRE:   42 16:35:07       10.946327        0.120121
FIRE:   43 16:35:07       10.936141        0.131031
FIRE:   44 16:35:07       10.920835        0.141254
FIRE:   45 16:35:07       10.899574        0.148494
FIRE:   46 16:35:07       10.872017        0.154425
FIRE:   47 16:35:07       10.840237        0.164110
FIRE:   48 16:35:07       10.805718        0.178827
FIRE:   49 16:35:07       10.768410        0.197284
FIRE:   50 16:35:07       10.726911        0.218436
FIRE:   51 16:35:07       10.680757        0.241789
FIRE:   52 16:35:08       10.629931        0.267230
FIRE:   53 16:35:08       10.573861        0.294783
FIRE:   54 16:35:08       10.511946        0.324508
FIRE:   55 16:35:08       10.443834        0.356545
FIRE:   56 16:35:08       10.369117        0.391193
FIRE:   57 16:35:08       10.287191        0.428993
FIRE:   58 16:35:08       10.197294        0.470862
FIRE:   59 16:35:08       10.098491        0.518072
FIRE:   60 16:35:08        9.989633        0.571476
FIRE:   61 16:35:08        9.869591        0.629433
FIRE:   62 16:35:08        9.737930        0.686496
FIRE:   63 16:35:08        9.595394        0.737632
FIRE:   64 16:35:08        9.443191        0.783939
FIRE:   65 16:35:08        9.281826        0.830155
FIRE:   66 16:35:08        9.110940        0.879297
FIRE:   67 16:35:09        8.929842        0.931824
FIRE:   68 16:35:09        8.737905        0.987054
FIRE:   69 16:35:09        8.534684        1.044108
FIRE:   70 16:35:09        8.319913        1.102197
FIRE:   71 16:35:09        8.093470        1.160631
FIRE:   72 16:35:09        7.855358        1.218774
FIRE:   73 16:35:09        7.605698        1.276001
FIRE:   74 16:35:09        7.344733        1.331676
FIRE:   75 16:35:09        7.072828        1.385134
FIRE:   76 16:35:09        6.790484        1.435677
FIRE:   77 16:35:09        6.498342        1.482574
FIRE:   78 16:35:09        6.197190        1.525060
FIRE:   79 16:35:09        5.887967        1.562345
FIRE:   80 16:35:09        5.571768        1.593637
FIRE:   81 16:35:09        5.249837        1.618229
FIRE:   82 16:35:09        4.923511        1.635956
FIRE:   83 16:35:09        4.594018        1.648029
FIRE:   84 16:35:10        4.262558        1.651485
FIRE:   85 16:35:10        3.931622        1.640004
FIRE:   86 16:35:10        3.603345        1.622662
FIRE:   87 16:35:10        3.278317        1.601400
FIRE:   88 16:35:10        2.958898        1.557938
FIRE:   89 16:35:10        2.649788        1.494302
FIRE:   90 16:35:10        2.353509        1.421567
FIRE:   91 16:35:10        2.071746        1.338645
FIRE:   92 16:35:10        1.806497        1.244320
FIRE:   93 16:35:10        1.559716        1.139974
FIRE:   94 16:35:10        1.332774        1.029723
FIRE:   95 16:35:10        1.126373        0.913803
FIRE:   96 16:35:10        0.942581        0.777261
FIRE:   97 16:35:10        0.785643        0.617015
FIRE:   98 16:35:10        0.657855        0.449539
FIRE:   99 16:35:10        0.558878        0.360421
FIRE:  100 16:35:11        0.487525        0.355538
FIRE:  101 16:35:11        0.442573        0.339843
FIRE:  102 16:35:11        0.423030        0.312585
FIRE:  103 16:35:11        0.427821        0.334685
FIRE:  104 16:35:11        0.384110        0.136911
FIRE:  105 16:35:11        0.390688        0.164238
FIRE:  106 16:35:11        0.386779        0.140222
FIRE:  107 16:35:11        0.381263        0.095467
FIRE:  108 16:35:11        0.377418        0.036292
FIRE:  109 16:35:11        0.377511        0.046646
FIRE:  110 16:35:11        0.377453        0.045193
FIRE:  111 16:35:11        0.377346        0.042342
FIRE:  112 16:35:11        0.377206        0.038202
FIRE:  113 16:35:11        0.377053        0.032928
FIRE:  114 16:35:11        0.376910        0.026720
FIRE:  115 16:35:11        0.376796        0.019812
FIRE:  116 16:35:11        0.376726        0.012488
FIRE:  117 16:35:12        0.376704        0.008345
