      Step     Time          Energy          fmax
FIRE:    0 14:27:39      219.281793      197.568951
FIRE:    1 14:27:39      131.875875      119.357025
FIRE:    2 14:27:39       79.888422       70.082692
FIRE:    3 14:27:39       49.890903       39.581403
FIRE:    4 14:27:39       33.222985       20.981001
FIRE:    5 14:27:39       24.448699       11.441251
FIRE:    6 14:27:39       20.280614        9.216395
FIRE:    7 14:27:39       18.823450        7.591573
FIRE:    8 14:27:40       19.050907        5.848359
FIRE:    9 14:27:40       17.809925        5.222093
FIRE:   10 14:27:40       15.930150        4.794565
FIRE:   11 14:27:40       14.142251        4.367753
FIRE:   12 14:27:40       12.873569        4.035234
FIRE:   13 14:27:40       12.043847        3.755986
FIRE:   14 14:27:40       11.239225        3.776009
FIRE:   15 14:27:40       10.269634        2.937749
FIRE:   16 14:27:40        9.346284        2.417348
FIRE:   17 14:27:40        8.704204        1.977051
FIRE:   18 14:27:40        8.271940        1.914150
FIRE:   19 14:27:40        7.875646        1.632724
FIRE:   20 14:27:40        7.448351        1.291937
FIRE:   21 14:27:40        7.037460        1.072596
FIRE:   22 14:27:40        6.723489        0.674045
FIRE:   23 14:27:40        6.557675        0.567914
FIRE:   24 14:27:40        6.520857        0.702001
FIRE:   25 14:27:40        6.509036        0.701122
FIRE:   26 14:27:40        6.487630        0.698911
FIRE:   27 14:27:40        6.460140        0.694553
FIRE:   28 14:27:40        6.429880        0.687072
FIRE:   29 14:27:40        6.398770        0.675606
FIRE:   30 14:27:40        6.366896        0.659726
FIRE:   31 14:27:41        6.333000        0.639619
FIRE:   32 14:27:41        6.291272        0.613315
FIRE:   33 14:27:41        6.238672        0.580821
FIRE:   34 14:27:41        6.172855        0.543117
FIRE:   35 14:27:41        6.092646        0.502769
FIRE:   36 14:27:41        5.996535        0.464629
FIRE:   37 14:27:41        5.878961        0.435166
FIRE:   38 14:27:41        5.729634        0.415758
FIRE:   39 14:27:41        5.542857        0.403852
FIRE:   40 14:27:41        5.344677        0.395305
FIRE:   41 14:27:41        5.165659        0.381518
FIRE:   42 14:27:41        5.012285        0.351176
FIRE:   43 14:27:41        4.901968        0.291551
FIRE:   44 14:27:41        4.861211        0.236165
FIRE:   45 14:27:41        4.854519        0.238614
FIRE:   46 14:27:41        4.841409        0.244662
FIRE:   47 14:27:41        4.822269        0.256065
FIRE:   48 14:27:41        4.797325        0.274304
FIRE:   49 14:27:41        4.766325        0.299923
FIRE:   50 14:27:41        4.728297        0.332430
FIRE:   51 14:27:41        4.681420        0.370592
FIRE:   52 14:27:41        4.616006        0.417411
FIRE:   53 14:27:41        4.521944        0.471622
FIRE:   54 14:27:41        4.383787        0.526660
FIRE:   55 14:27:41        4.183558        0.549377
FIRE:   56 14:27:41        3.964122        0.444558
FIRE:   57 14:27:41        3.830779        0.332516
FIRE:   58 14:27:41        3.867297        0.976008
FIRE:   59 14:27:41        3.824907        0.717826
FIRE:   60 14:27:42        3.776944        0.332977
FIRE:   61 14:27:42        3.753469        0.189792
FIRE:   62 14:27:42        3.751743        0.283862
FIRE:   63 14:27:42        3.749851        0.269523
FIRE:   64 14:27:42        3.746355        0.241582
FIRE:   65 14:27:42        3.741786        0.201679
FIRE:   66 14:27:42        3.736806        0.159121
FIRE:   67 14:27:42        3.732080        0.153397
FIRE:   68 14:27:42        3.728113        0.146398
FIRE:   69 14:27:42        3.725083        0.138506
FIRE:   70 14:27:42        3.722531        0.137578
FIRE:   71 14:27:42        3.719905        0.180593
FIRE:   72 14:27:42        3.716269        0.203950
FIRE:   73 14:27:42        3.710778        0.197767
FIRE:   74 14:27:42        3.703324        0.157131
FIRE:   75 14:27:42        3.694984        0.102033
FIRE:   76 14:27:42        3.687439        0.105783
FIRE:   77 14:27:42        3.680792        0.112853
FIRE:   78 14:27:42        3.672906        0.124605
FIRE:   79 14:27:42        3.662819        0.141642
FIRE:   80 14:27:42        3.652930        0.162136
FIRE:   81 14:27:42        3.643732        0.176407
FIRE:   82 14:27:42        3.632063        0.174513
FIRE:   83 14:27:42        3.620201        0.157181
FIRE:   84 14:27:42        3.607749        0.139645
FIRE:   85 14:27:42        3.595229        0.128896
FIRE:   86 14:27:42        3.582287        0.106377
FIRE:   87 14:27:42        3.570568        0.120608
FIRE:   88 14:27:43        3.555544        0.137191
FIRE:   89 14:27:43        3.536289        0.067975
FIRE:   90 14:27:43        3.516062        0.053920
FIRE:   91 14:27:43        3.502108        0.148046
FIRE:   92 14:27:43        3.517358        0.431216
FIRE:   93 14:27:43        3.494234        0.212180
FIRE:   94 14:27:43        3.490162        0.136703
FIRE:   95 14:27:43        3.487228        0.046535
FIRE:   96 14:27:43        3.488802        0.113654
FIRE:   97 14:27:43        3.488463        0.103285
FIRE:   98 14:27:43        3.487902        0.083570
FIRE:   99 14:27:43        3.487309        0.056509
FIRE:  100 14:27:43        3.486879        0.043664
FIRE:  101 14:27:43        3.486732        0.041991
FIRE:  102 14:27:43        3.486729        0.041972
FIRE:  103 14:27:43        3.486721        0.041936
FIRE:  104 14:27:43        3.486710        0.041880
FIRE:  105 14:27:43        3.486696        0.041805
FIRE:  106 14:27:43        3.486679        0.041712
FIRE:  107 14:27:43        3.486658        0.041598
FIRE:  108 14:27:43        3.486635        0.041464
FIRE:  109 14:27:43        3.486607        0.041291
FIRE:  110 14:27:43        3.486572        0.041070
FIRE:  111 14:27:43        3.486529        0.040788
FIRE:  112 14:27:43        3.486477        0.040431
FIRE:  113 14:27:43        3.486415        0.039983
FIRE:  114 14:27:43        3.486338        0.039425
FIRE:  115 14:27:43        3.486245        0.038739
FIRE:  116 14:27:43        3.486132        0.037910
FIRE:  117 14:27:44        3.485998        0.036930
FIRE:  118 14:27:44        3.485838        0.035802
FIRE:  119 14:27:44        3.485651        0.034552
FIRE:  120 14:27:44        3.485430        0.033224
FIRE:  121 14:27:44        3.485167        0.031882
FIRE:  122 14:27:44        3.484855        0.030589
FIRE:  123 14:27:44        3.484487        0.029394
FIRE:  124 14:27:44        3.484050        0.028336
FIRE:  125 14:27:44        3.483529        0.027488
FIRE:  126 14:27:44        3.482916        0.027022
FIRE:  127 14:27:44        3.482194        0.027133
FIRE:  128 14:27:44        3.481346        0.027762
FIRE:  129 14:27:44        3.480345        0.028470
FIRE:  130 14:27:44        3.479158        0.028997
FIRE:  131 14:27:44        3.477746        0.029283
FIRE:  132 14:27:44        3.476071        0.028300
FIRE:  133 14:27:44        3.474077        0.026753
FIRE:  134 14:27:44        3.471742        0.028585
FIRE:  135 14:27:44        3.469875        0.093863
FIRE:  136 14:27:44        3.468550        0.021945
FIRE:  137 14:27:44        3.468525        0.022002
FIRE:  138 14:27:45        3.468477        0.022109
FIRE:  139 14:27:45        3.468407        0.022258
FIRE:  140 14:27:45        3.468313        0.022435
FIRE:  141 14:27:45        3.468195        0.022628
FIRE:  142 14:27:45        3.468051        0.022833
FIRE:  143 14:27:45        3.467882        0.023052
FIRE:  144 14:27:45        3.467664        0.023319
FIRE:  145 14:27:45        3.467384        0.023655
FIRE:  146 14:27:45        3.467023        0.024076
FIRE:  147 14:27:45        3.466557        0.024566
FIRE:  148 14:27:45        3.465956        0.025065
FIRE:  149 14:27:45        3.465171        0.025487
FIRE:  150 14:27:45        3.464140        0.025770
FIRE:  151 14:27:45        3.462769        0.025870
FIRE:  152 14:27:45        3.460917        0.025616
FIRE:  153 14:27:45        3.458356        0.024711
FIRE:  154 14:27:45        3.454697        0.025865
FIRE:  155 14:27:45        3.449200        0.030373
FIRE:  156 14:27:45        3.440354        0.041124
FIRE:  157 14:27:45        3.424803        0.063793
FIRE:  158 14:27:45        3.394856        0.103094
FIRE:  159 14:27:45        3.341841        0.257278
FIRE:  160 14:27:45        3.300175        0.536431
FIRE:  161 14:27:46        3.250711        0.289958
FIRE:  162 14:27:46        3.239225        0.214370
FIRE:  163 14:27:46        3.225692        0.218675
FIRE:  164 14:27:46        3.214407        0.224197
FIRE:  165 14:27:46        3.197899        0.259661
FIRE:  166 14:27:46        3.169856        0.236421
FIRE:  167 14:27:46        3.133707        0.244134
FIRE:  168 14:27:46        3.094193        0.254691
FIRE:  169 14:27:46        3.041607        0.270688
FIRE:  170 14:27:46        2.964055        0.289626
FIRE:  171 14:27:46        2.858624        0.304940
FIRE:  172 14:27:46        2.721040        0.312212
FIRE:  173 14:27:46        2.559845        0.299276
FIRE:  174 14:27:46        2.405845        0.260635
FIRE:  175 14:27:46        2.268037        0.202083
FIRE:  176 14:27:46        2.156699        0.180473
FIRE:  177 14:27:46        2.081934        0.237748
FIRE:  178 14:27:46        2.037613        0.315837
FIRE:  179 14:27:46        2.002965        0.296132
FIRE:  180 14:27:46        1.984914        0.163036
FIRE:  181 14:27:47        1.975153        0.146831
FIRE:  182 14:27:47        1.962168        0.122323
FIRE:  183 14:27:47        1.953547        0.093080
FIRE:  184 14:27:47        1.951980        0.063388
FIRE:  185 14:27:47        1.951638        0.061617
FIRE:  186 14:27:47        1.951033        0.060337
FIRE:  187 14:27:47        1.950296        0.058590
FIRE:  188 14:27:47        1.949570        0.056543
FIRE:  189 14:27:47        1.948961        0.054371
FIRE:  190 14:27:47        1.948508        0.052237
FIRE:  191 14:27:47        1.948175        0.050271
FIRE:  192 14:27:47        1.947860        0.048364
FIRE:  193 14:27:47        1.947486        0.046560
FIRE:  194 14:27:47        1.946979        0.044868
FIRE:  195 14:27:47        1.946294        0.043280
FIRE:  196 14:27:47        1.945451        0.041780
FIRE:  197 14:27:47        1.944546        0.040354
FIRE:  198 14:27:47        1.943679        0.038990
FIRE:  199 14:27:47        1.942739        0.037654
FIRE:  200 14:27:47        1.941435        0.036294
FIRE:  201 14:27:47        1.939784        0.034985
FIRE:  202 14:27:47        1.937998        0.034000
FIRE:  203 14:27:47        1.935745        0.033912
FIRE:  204 14:27:47        1.933154        0.036094
FIRE:  205 14:27:47        1.930544        0.039519
FIRE:  206 14:27:47        1.927689        0.035501
FIRE:  207 14:27:47        1.924951        0.021675
FIRE:  208 14:27:47        1.922693        0.051526
FIRE:  209 14:27:48        1.925937        0.186227
FIRE:  210 14:27:48        1.919976        0.035177
FIRE:  211 14:27:48        1.919870        0.025154
FIRE:  212 14:27:48        1.919763        0.013253
FIRE:  213 14:27:48        1.919746        0.012467
FIRE:  214 14:27:48        1.919742        0.012444
FIRE:  215 14:27:48        1.919734        0.012399
FIRE:  216 14:27:48        1.919724        0.012331
FIRE:  217 14:27:48        1.919713        0.012242
FIRE:  218 14:27:48        1.919704        0.012131
FIRE:  219 14:27:48        1.919697        0.012000
FIRE:  220 14:27:48        1.919690        0.011851
FIRE:  221 14:27:48        1.919682        0.011675
FIRE:  222 14:27:48        1.919671        0.011474
FIRE:  223 14:27:48        1.919655        0.011254
FIRE:  224 14:27:48        1.919636        0.011025
FIRE:  225 14:27:48        1.919614        0.010801
FIRE:  226 14:27:48        1.919591        0.010606
FIRE:  227 14:27:48        1.919563        0.010456
FIRE:  228 14:27:48        1.919526        0.010354
FIRE:  229 14:27:48        1.919481        0.010278
FIRE:  230 14:27:48        1.919433        0.010162
FIRE:  231 14:27:48        1.919375        0.009905
