      Step     Time          Energy          fmax
FIRE:    0 15:46:00      156.116925      119.518992
FIRE:    1 15:46:00      125.527307       54.799356
FIRE:    2 15:46:00      107.475973       30.246696
FIRE:    3 15:46:00       95.798268       24.024785
FIRE:    4 15:46:00       86.544606       22.108224
FIRE:    5 15:46:00       77.904256       24.138688
FIRE:    6 15:46:00       69.610822       22.385166
FIRE:    7 15:46:00       61.984172       18.479619
FIRE:    8 15:46:00       55.320169       17.225863
FIRE:    9 15:46:00       49.775150       16.003715
FIRE:   10 15:46:00       45.276395       14.820110
FIRE:   11 15:46:00       41.606579       13.666616
FIRE:   12 15:46:00       38.646562       12.560479
FIRE:   13 15:46:00       36.311819       11.534176
FIRE:   14 15:46:00       34.304824       10.595073
FIRE:   15 15:46:00       32.239612        9.745590
FIRE:   16 15:46:00       29.870475        8.986221
FIRE:   17 15:46:00       27.217205        8.294830
FIRE:   18 15:46:00       24.576889        7.661099
FIRE:   19 15:46:00       22.261505        7.084620
FIRE:   20 15:46:00       20.370199        6.547159
FIRE:   21 15:46:00       18.889254        6.036857
FIRE:   22 15:46:00       17.726560        5.539880
FIRE:   23 15:46:01       16.774807        5.046513
FIRE:   24 15:46:01       15.954530        4.563484
FIRE:   25 15:46:01       15.197598        4.088132
FIRE:   26 15:46:01       14.478192        3.628417
FIRE:   27 15:46:01       13.780375        3.192608
FIRE:   28 15:46:01       13.121520        2.789963
FIRE:   29 15:46:01       12.515342        2.418681
FIRE:   30 15:46:01       11.983411        2.080683
FIRE:   31 15:46:01       11.525689        1.773541
FIRE:   32 15:46:01       11.135034        1.496619
FIRE:   33 15:46:01       10.789612        1.244904
FIRE:   34 15:46:01       10.467130        1.112675
FIRE:   35 15:46:01       10.151665        1.150940
FIRE:   36 15:46:01        9.839226        1.180795
FIRE:   37 15:46:01        9.537109        1.194414
FIRE:   38 15:46:01        9.261053        1.179319
FIRE:   39 15:46:01        9.030781        1.124098
FIRE:   40 15:46:01        8.868255        1.022596
FIRE:   41 15:46:01        8.777575        0.883057
FIRE:   42 15:46:01        8.729437        1.313317
FIRE:   43 15:46:01        8.657676        1.637406
FIRE:   44 15:46:01        8.498691        1.689405
FIRE:   45 15:46:01        8.246075        1.463679
FIRE:   46 15:46:01        7.952724        1.083639
FIRE:   47 15:46:01        7.675138        0.936300
FIRE:   48 15:46:01        7.432606        1.032006
FIRE:   49 15:46:02        7.216850        1.036584
FIRE:   50 15:46:02        7.020524        0.898067
FIRE:   51 15:46:02        6.848872        0.659618
FIRE:   52 15:46:02        6.713883        0.608149
FIRE:   53 15:46:02        6.626165        0.674270
FIRE:   54 15:46:02        6.585437        1.090713
FIRE:   55 15:46:02        6.275225        0.553804
FIRE:   56 15:46:02        6.181774        1.156010
FIRE:   57 15:46:02        6.154067        3.384456
FIRE:   58 15:46:02        6.011353        0.828109
FIRE:   59 15:46:02        6.004462        0.642660
FIRE:   60 15:46:02        5.993743        0.472148
FIRE:   61 15:46:02        5.981913        0.468987
FIRE:   62 15:46:02        5.968327        0.576908
FIRE:   63 15:46:02        5.950526        0.606499
FIRE:   64 15:46:02        5.928194        0.439436
FIRE:   65 15:46:02        5.903701        0.424325
FIRE:   66 15:46:02        5.875786        0.407726
FIRE:   67 15:46:02        5.841443        0.458312
FIRE:   68 15:46:02        5.797993        0.380846
FIRE:   69 15:46:02        5.748841        0.369578
FIRE:   70 15:46:03        5.691884        0.350537
FIRE:   71 15:46:03        5.624924        0.318870
FIRE:   72 15:46:03        5.548581        0.443797
FIRE:   73 15:46:03        5.457000        0.461734
FIRE:   74 15:46:03        5.344125        0.325294
FIRE:   75 15:46:03        5.201212        0.669291
FIRE:   76 15:46:03        5.041409        0.859980
FIRE:   77 15:46:03        4.879468        0.848647
FIRE:   78 15:46:03        4.727146        0.627764
FIRE:   79 15:46:03        4.594090        0.376822
FIRE:   80 15:46:03        4.476022        0.418792
FIRE:   81 15:46:03        4.355755        0.518272
FIRE:   82 15:46:03        4.219219        0.536708
FIRE:   83 15:46:03        4.057732        0.524805
FIRE:   84 15:46:04        3.869782        0.557012
FIRE:   85 15:46:04        3.675497        0.512897
FIRE:   86 15:46:04        3.497204        0.469987
FIRE:   87 15:46:04        3.338804        0.464535
FIRE:   88 15:46:04        3.194512        0.441728
FIRE:   89 15:46:04        3.058087        0.409396
FIRE:   90 15:46:04        2.926649        0.372553
FIRE:   91 15:46:04        2.804135        0.371866
FIRE:   92 15:46:04        2.692821        0.347213
FIRE:   93 15:46:04        2.592020        0.308738
FIRE:   94 15:46:04        2.507812        0.261621
FIRE:   95 15:46:05        2.460474        0.222075
FIRE:   96 15:46:05        2.491304        0.441373
FIRE:   97 15:46:05        2.415061        0.326721
FIRE:   98 15:46:05        2.398111        0.877480
FIRE:   99 15:46:05        2.382763        0.158537
FIRE:  100 15:46:05        2.384959        0.819812
FIRE:  101 15:46:05        2.380099        0.621504
FIRE:  102 15:46:05        2.374277        0.277928
FIRE:  103 15:46:05        2.371420        0.178904
FIRE:  104 15:46:05        2.371029        0.468451
FIRE:  105 15:46:05        2.370495        0.441228
FIRE:  106 15:46:05        2.369518        0.388584
FIRE:  107 15:46:05        2.368257        0.314120
FIRE:  108 15:46:05        2.366895        0.223229
FIRE:  109 15:46:05        2.365587        0.144216
FIRE:  110 15:46:05        2.364407        0.144020
FIRE:  111 15:46:05        2.363320        0.143741
FIRE:  112 15:46:05        2.362075        0.210091
FIRE:  113 15:46:05        2.360440        0.257981
FIRE:  114 15:46:05        2.358156        0.265278
FIRE:  115 15:46:05        2.355072        0.222739
FIRE:  116 15:46:05        2.351276        0.139844
FIRE:  117 15:46:05        2.347029        0.138461
FIRE:  118 15:46:05        2.342335        0.171991
FIRE:  119 15:46:05        2.336593        0.213745
FIRE:  120 15:46:06        2.329257        0.149884
FIRE:  121 15:46:06        2.320709        0.132761
FIRE:  122 15:46:06        2.311129        0.183307
FIRE:  123 15:46:06        2.299328        0.138118
FIRE:  124 15:46:06        2.285627        0.124267
FIRE:  125 15:46:06        2.269914        0.164034
FIRE:  126 15:46:06        2.251289        0.115241
FIRE:  127 15:46:06        2.230029        0.128663
FIRE:  128 15:46:06        2.205437        0.170812
FIRE:  129 15:46:06        2.176244        0.147068
FIRE:  130 15:46:06        2.141287        0.178974
FIRE:  131 15:46:06        2.097955        0.211513
FIRE:  132 15:46:06        2.045417        0.241331
FIRE:  133 15:46:06        1.992804        0.790444
FIRE:  134 15:46:06        1.983870        1.870244
FIRE:  135 15:46:06        1.925365        0.314486
FIRE:  136 15:46:06        1.923886        0.259496
FIRE:  137 15:46:06        1.921677        0.257764
FIRE:  138 15:46:06        1.919413        0.255666
FIRE:  139 15:46:06        1.916901        0.252898
FIRE:  140 15:46:07        1.913430        0.248916
FIRE:  141 15:46:07        1.908784        0.243626
FIRE:  142 15:46:07        1.903474        0.237542
FIRE:  143 15:46:07        1.897379        0.230611
FIRE:  144 15:46:07        1.889926        0.222925
FIRE:  145 15:46:07        1.880045        0.214271
FIRE:  146 15:46:08        1.867899        0.205062
FIRE:  147 15:46:08        1.853368        0.195069
FIRE:  148 15:46:08        1.834673        0.182993
FIRE:  149 15:46:08        1.811969        0.170495
FIRE:  150 15:46:08        1.783268        0.159251
FIRE:  151 15:46:08        1.747639        0.156967
FIRE:  152 15:46:09        1.702091        0.166830
FIRE:  153 15:46:09        1.644649        0.174329
FIRE:  154 15:46:09        1.572249        0.194929
FIRE:  155 15:46:09        1.489148        0.226714
FIRE:  156 15:46:09        1.410539        0.253594
FIRE:  157 15:46:09        1.339812        0.216835
FIRE:  158 15:46:09        1.280683        0.226925
FIRE:  159 15:46:09        1.232613        0.153781
FIRE:  160 15:46:09        1.191934        0.155534
FIRE:  161 15:46:09        1.155104        0.165173
FIRE:  162 15:46:09        1.122770        0.149144
FIRE:  163 15:46:09        1.099596        0.137816
FIRE:  164 15:46:09        1.097440        0.111316
FIRE:  165 15:46:09        1.091938        0.140588
FIRE:  166 15:46:09        1.084944        0.074435
FIRE:  167 15:46:10        1.081849        0.060190
FIRE:  168 15:46:10        1.081351        0.048403
FIRE:  169 15:46:10        1.080788        0.044615
FIRE:  170 15:46:10        1.080244        0.040526
FIRE:  171 15:46:10        1.079615        0.033112
FIRE:  172 15:46:10        1.079125        0.030409
FIRE:  173 15:46:10        1.078750        0.039316
FIRE:  174 15:46:10        1.078224        0.026814
FIRE:  175 15:46:10        1.077594        0.041337
FIRE:  176 15:46:10        1.076952        0.027167
FIRE:  177 15:46:10        1.076346        0.030566
FIRE:  178 15:46:10        1.075956        0.024877
FIRE:  179 15:46:11        1.075607        0.033873
FIRE:  180 15:46:11        1.075346        0.041271
FIRE:  181 15:46:11        1.075294        0.023554
FIRE:  182 15:46:11        1.075255        0.019351
FIRE:  183 15:46:11        1.075236        0.032504
FIRE:  184 15:46:11        1.075196        0.024617
FIRE:  185 15:46:11        1.075149        0.009431
