      Step     Time          Energy          fmax
FIRE:    0 13:14:03      413.018833       78.024233
FIRE:    1 13:14:03      368.097012       74.016604
FIRE:    2 13:14:03      326.380961       70.692182
FIRE:    3 13:14:03      287.632262       67.395420
FIRE:    4 13:14:03      251.844805       63.622780
FIRE:    5 13:14:04      219.170066       59.101035
FIRE:    6 13:14:04      189.824411       53.778426
FIRE:    7 13:14:04      163.988853       47.779700
FIRE:    8 13:14:04      141.704354       41.329299
FIRE:    9 13:14:04      122.821710       34.752294
FIRE:   10 13:14:04      106.959353       28.440014
FIRE:   11 13:14:05       93.549403       22.843965
FIRE:   12 13:14:05       81.972122       18.443998
FIRE:   13 13:14:05       71.718974       16.767708
FIRE:   14 13:14:05       62.474872       14.944524
FIRE:   15 13:14:05       54.084059       13.585920
FIRE:   16 13:14:06       46.481945       13.102876
FIRE:   17 13:14:06       39.662061       12.299089
FIRE:   18 13:14:06       33.673247       11.119742
FIRE:   19 13:14:07       28.599019        9.762178
FIRE:   20 13:14:07       24.493527        8.479360
FIRE:   21 13:14:07       21.314602        7.397667
FIRE:   22 13:14:07       18.866525        6.959929
FIRE:   23 13:14:07       16.783468       11.376863
FIRE:   24 13:14:08       14.655635       13.580218
FIRE:   25 13:14:08       12.283140       12.974790
FIRE:   26 13:14:08        9.812583       10.286326
FIRE:   27 13:14:08        7.561441        6.949477
FIRE:   28 13:14:08        5.751819        4.056154
FIRE:   29 13:14:08        4.439369        2.765627
FIRE:   30 13:14:09        3.578233        2.071311
FIRE:   31 13:14:09        3.095256        1.388050
FIRE:   32 13:14:09        2.924617        1.263168
FIRE:   33 13:14:09        3.000790        2.037753
FIRE:   34 13:14:09        2.683882        1.049347
FIRE:   35 13:14:09        2.718423        2.183727
FIRE:   36 13:14:09        2.491736        0.937905
FIRE:   37 13:14:09        2.456888        0.939496
FIRE:   38 13:14:09        2.410097        0.925430
FIRE:   39 13:14:09        2.369321        0.883775
FIRE:   40 13:14:10        2.325114        0.828240
FIRE:   41 13:14:10        2.257927        0.779211
FIRE:   42 13:14:10        2.175932        0.731876
FIRE:   43 13:14:10        2.107155        0.664429
FIRE:   44 13:14:10        2.041814        0.655732
FIRE:   45 13:14:10        1.956931        0.473854
FIRE:   46 13:14:10        1.900286        0.681610
FIRE:   47 13:14:10        1.842225        0.483381
FIRE:   48 13:14:10        1.828877        1.130339
FIRE:   49 13:14:10        1.805738        0.609909
FIRE:   50 13:14:10        1.791744        0.249617
FIRE:   51 13:14:10        1.794539        0.759983
FIRE:   52 13:14:10        1.791132        0.673224
FIRE:   53 13:14:10        1.785560        0.510396
FIRE:   54 13:14:10        1.779731        0.291713
FIRE:   55 13:14:11        1.775313        0.220078
FIRE:   56 13:14:11        1.772772        0.213898
FIRE:   57 13:14:11        1.771048        0.354556
FIRE:   58 13:14:11        1.768555        0.445386
FIRE:   59 13:14:11        1.763785        0.446640
FIRE:   60 13:14:11        1.756431        0.342062
FIRE:   61 13:14:11        1.747906        0.164163
FIRE:   62 13:14:11        1.740581        0.148376
FIRE:   63 13:14:11        1.734277        0.323945
FIRE:   64 13:14:11        1.725557        0.337893
FIRE:   65 13:14:11        1.713976        0.142167
FIRE:   66 13:14:11        1.704459        0.202001
FIRE:   67 13:14:11        1.695348        0.317332
FIRE:   68 13:14:11        1.682715        0.172450
FIRE:   69 13:14:11        1.673645        0.311080
FIRE:   70 13:14:11        1.661053        0.167158
FIRE:   71 13:14:11        1.652200        0.378570
FIRE:   72 13:14:11        1.638742        0.117660
FIRE:   73 13:14:11        1.633895        0.481463
FIRE:   74 13:14:11        1.630003        0.208974
FIRE:   75 13:14:12        1.629364        0.179891
FIRE:   76 13:14:12        1.629153        0.154456
FIRE:   77 13:14:12        1.628822        0.107263
FIRE:   78 13:14:12        1.628503        0.060005
FIRE:   79 13:14:12        1.628289        0.058882
FIRE:   80 13:14:12        1.628164        0.074164
FIRE:   81 13:14:12        1.628025        0.106616
FIRE:   82 13:14:12        1.627788        0.113790
FIRE:   83 13:14:12        1.627400        0.093201
FIRE:   84 13:14:12        1.626926        0.048305
FIRE:   85 13:14:12        1.626513        0.044727
FIRE:   86 13:14:12        1.626196        0.077997
FIRE:   87 13:14:12        1.625790        0.085656
FIRE:   88 13:14:12        1.625260        0.034434
FIRE:   89 13:14:12        1.624913        0.052992
FIRE:   90 13:14:12        1.624668        0.079299
FIRE:   91 13:14:12        1.624322        0.020682
FIRE:   92 13:14:12        1.624263        0.080459
FIRE:   93 13:14:12        1.624198        0.060813
FIRE:   94 13:14:12        1.624118        0.026429
FIRE:   95 13:14:12        1.624073        0.016618
FIRE:   96 13:14:12        1.624060        0.044020
FIRE:   97 13:14:12        1.624054        0.041330
FIRE:   98 13:14:12        1.624041        0.036120
FIRE:   99 13:14:13        1.624024        0.028736
FIRE:  100 13:14:13        1.624006        0.019701
FIRE:  101 13:14:13        1.623988        0.016906
FIRE:  102 13:14:13        1.623971        0.016954
FIRE:  103 13:14:13        1.623955        0.017009
FIRE:  104 13:14:13        1.623937        0.017077
FIRE:  105 13:14:13        1.623914        0.021881
FIRE:  106 13:14:13        1.623883        0.022970
FIRE:  107 13:14:13        1.623842        0.019174
FIRE:  108 13:14:13        1.623792        0.017490
FIRE:  109 13:14:13        1.623738        0.017628
FIRE:  110 13:14:13        1.623681        0.017772
FIRE:  111 13:14:13        1.623614        0.018043
FIRE:  112 13:14:13        1.623534        0.018032
FIRE:  113 13:14:13        1.623447        0.018099
FIRE:  114 13:14:13        1.623358        0.018064
FIRE:  115 13:14:13        1.623257        0.017876
FIRE:  116 13:14:13        1.623152        0.017445
FIRE:  117 13:14:13        1.623043        0.016668
FIRE:  118 13:14:13        1.622924        0.015458
FIRE:  119 13:14:13        1.622801        0.013681
FIRE:  120 13:14:13        1.622679        0.016759
FIRE:  121 13:14:13        1.622561        0.010221
FIRE:  122 13:14:13        1.622471        0.008037
