      Step     Time          Energy          fmax
BFGS:    0 09:47:47      -68.595650        7.920931
BFGS:    1 09:47:47      -72.690910        4.079297
BFGS:    2 09:47:47      -74.759880        2.312442
BFGS:    3 09:47:48      -75.787964        1.720954
BFGS:    4 09:47:49      -76.341995        1.595690
BFGS:    5 09:47:49      -76.705086        1.350280
BFGS:    6 09:47:50      -76.908813        1.025474
BFGS:    7 09:47:50      -77.067688        0.873427
BFGS:    8 09:47:51      -77.190483        0.743270
BFGS:    9 09:47:52      -77.281517        0.815410
BFGS:   10 09:47:52      -77.397919        0.958163
BFGS:   11 09:47:52      -77.517151        0.933372
BFGS:   12 09:47:53      -77.626991        0.767256
BFGS:   13 09:47:53      -77.721947        0.824927
BFGS:   14 09:47:53      -77.806602        0.790335
BFGS:   15 09:47:54      -77.937157        0.815133
BFGS:   16 09:47:54      -78.054367        0.720642
BFGS:   17 09:47:54      -78.176941        0.869057
BFGS:   18 09:47:55      -78.263672        1.036296
BFGS:   19 09:47:55      -78.378395        0.897083
BFGS:   20 09:47:55      -78.492332        0.703074
BFGS:   21 09:47:56      -78.551506        0.731867
BFGS:   22 09:47:56      -78.591476        0.638122
BFGS:   23 09:47:56      -78.631355        0.572013
BFGS:   24 09:47:56      -78.692894        0.400454
BFGS:   25 09:47:57      -78.740753        0.375846
BFGS:   26 09:47:57      -78.777710        0.404434
BFGS:   27 09:47:57      -78.810913        0.463726
BFGS:   28 09:47:58      -78.876396        0.499261
BFGS:   29 09:47:58      -78.944153        0.527594
BFGS:   30 09:47:58      -79.001923        0.458716
BFGS:   31 09:47:59      -79.048416        0.466335
BFGS:   32 09:47:59      -79.101974        0.557137
BFGS:   33 09:47:59      -79.167694        0.595873
BFGS:   34 09:48:00      -79.232658        0.534801
BFGS:   35 09:48:00      -79.269859        0.387147
BFGS:   36 09:48:00      -79.295464        0.368582
BFGS:   37 09:48:01      -79.333138        0.507075
BFGS:   38 09:48:01      -79.370605        0.497426
BFGS:   39 09:48:01      -79.403038        0.458437
BFGS:   40 09:48:02      -79.435982        0.538299
BFGS:   41 09:48:02      -79.499329        0.615631
BFGS:   42 09:48:02      -79.593864        0.682736
BFGS:   43 09:48:03      -79.682457        0.732966
BFGS:   44 09:48:03      -79.759926        0.771962
BFGS:   45 09:48:03      -79.819580        0.687636
BFGS:   46 09:48:04      -79.886864        0.551383
BFGS:   47 09:48:04      -79.973251        0.515581
BFGS:   48 09:48:04      -80.032829        0.539586
BFGS:   49 09:48:05      -80.078995        0.547244
BFGS:   50 09:48:05      -80.138580        0.640844
BFGS:   51 09:48:05      -80.213890        0.645510
BFGS:   52 09:48:06      -80.276993        0.498291
BFGS:   53 09:48:06      -80.313286        0.461389
BFGS:   54 09:48:06      -80.341194        0.398389
BFGS:   55 09:48:06      -80.382736        0.389829
BFGS:   56 09:48:07      -80.434128        0.475763
BFGS:   57 09:48:07      -80.464615        0.393238
BFGS:   58 09:48:07      -80.489616        0.334117
BFGS:   59 09:48:08      -80.513557        0.316661
BFGS:   60 09:48:08      -80.546974        0.425616
BFGS:   61 09:48:08      -80.598503        0.546440
BFGS:   62 09:48:09      -80.641273        0.508591
BFGS:   63 09:48:09      -80.670845        0.529587
BFGS:   64 09:48:09      -80.722870        0.530558
BFGS:   65 09:48:10      -80.761215        0.480102
BFGS:   66 09:48:10      -80.799988        0.363675
BFGS:   67 09:48:10      -80.830383        0.457190
BFGS:   68 09:48:11      -80.850258        0.423891
BFGS:   69 09:48:11      -80.877388        0.380269
BFGS:   70 09:48:11      -80.931145        0.395862
BFGS:   71 09:48:12      -80.978287        0.403498
BFGS:   72 09:48:12      -81.006340        0.412734
BFGS:   73 09:48:12      -81.050125        0.450030
BFGS:   74 09:48:13      -81.090225        0.575305
BFGS:   75 09:48:13      -81.128372        0.602009
BFGS:   76 09:48:13      -81.160156        0.601204
BFGS:   77 09:48:14      -81.191795        0.479857
BFGS:   78 09:48:14      -81.228279        0.404341
BFGS:   79 09:48:14      -81.270424        0.399964
BFGS:   80 09:48:15      -81.291588        0.440526
BFGS:   81 09:48:15      -81.311272        0.403822
BFGS:   82 09:48:15      -81.335663        0.293432
BFGS:   83 09:48:15      -81.356552        0.214202
BFGS:   84 09:48:16      -81.370499        0.234544
BFGS:   85 09:48:16      -81.379517        0.206894
BFGS:   86 09:48:16      -81.389511        0.201697
BFGS:   87 09:48:17      -81.405624        0.228354
BFGS:   88 09:48:17      -81.425133        0.246487
BFGS:   89 09:48:17      -81.441093        0.284459
BFGS:   90 09:48:18      -81.454880        0.270152
BFGS:   91 09:48:18      -81.468094        0.228961
BFGS:   92 09:48:18      -81.483452        0.259927
BFGS:   93 09:48:19      -81.497093        0.264416
BFGS:   94 09:48:19      -81.510033        0.223348
BFGS:   95 09:48:19      -81.519936        0.197489
BFGS:   96 09:48:20      -81.528389        0.218493
BFGS:   97 09:48:20      -81.537483        0.248889
BFGS:   98 09:48:20      -81.546883        0.211075
BFGS:   99 09:48:21      -81.554321        0.167463
BFGS:  100 09:48:21      -81.561981        0.209021
BFGS:  101 09:48:21      -81.569527        0.198997
BFGS:  102 09:48:22      -81.577911        0.177530
BFGS:  103 09:48:22      -81.586830        0.156917
BFGS:  104 09:48:22      -81.595291        0.157205
BFGS:  105 09:48:23      -81.602135        0.179396
BFGS:  106 09:48:23      -81.608276        0.230498
BFGS:  107 09:48:23      -81.616104        0.340321
BFGS:  108 09:48:23      -81.627541        0.318348
BFGS:  109 09:48:24      -81.643372        0.309466
BFGS:  110 09:48:24      -81.653893        0.354580
BFGS:  111 09:48:24      -81.665993        0.298480
BFGS:  112 09:48:25      -81.685135        0.239812
BFGS:  113 09:48:25      -81.708939        0.246895
BFGS:  114 09:48:25      -81.730080        0.255577
BFGS:  115 09:48:26      -81.740044        0.222887
BFGS:  116 09:48:26      -81.748444        0.211674
BFGS:  117 09:48:26      -81.762802        0.199337
BFGS:  118 09:48:27      -81.780174        0.234717
BFGS:  119 09:48:27      -81.794968        0.235697
BFGS:  120 09:48:27      -81.804245        0.188838
BFGS:  121 09:48:28      -81.812462        0.202763
BFGS:  122 09:48:28      -81.823959        0.229868
BFGS:  123 09:48:28      -81.842773        0.250764
BFGS:  124 09:48:29      -81.858383        0.205195
BFGS:  125 09:48:29      -81.866707        0.176752
BFGS:  126 09:48:29      -81.872345        0.158850
BFGS:  127 09:48:29      -81.879654        0.187692
BFGS:  128 09:48:30      -81.888863        0.259798
BFGS:  129 09:48:30      -81.897774        0.219724
BFGS:  130 09:48:30      -81.904922        0.215831
BFGS:  131 09:48:31      -81.911987        0.197356
BFGS:  132 09:48:31      -81.919380        0.151820
BFGS:  133 09:48:31      -81.924911        0.133252
BFGS:  134 09:48:32      -81.927460        0.091040
BFGS:  135 09:48:32      -81.928726        0.079995
BFGS:  136 09:48:32      -81.930000        0.060581
BFGS:  137 09:48:33      -81.931389        0.057839
BFGS:  138 09:48:33      -81.932404        0.054204
BFGS:  139 09:48:33      -81.933113        0.055750
BFGS:  140 09:48:34      -81.933777        0.053998
BFGS:  141 09:48:34      -81.934555        0.046543
BFGS:  142 09:48:34      -81.935249        0.047132
BFGS:  143 09:48:34      -81.935692        0.034270
BFGS:  144 09:48:35      -81.935944        0.032824
BFGS:  145 09:48:35      -81.936249        0.029686
BFGS:  146 09:48:35      -81.936592        0.034207
BFGS:  147 09:48:36      -81.936844        0.032246
BFGS:  148 09:48:36      -81.936996        0.023868
BFGS:  149 09:48:36      -81.937119        0.024230
BFGS:  150 09:48:37      -81.937233        0.022006
BFGS:  151 09:48:37      -81.937378        0.018239
BFGS:  152 09:48:37      -81.937469        0.015634
BFGS:  153 09:48:38      -81.937523        0.012334
BFGS:  154 09:48:38      -81.937576        0.010987
BFGS:  155 09:48:38      -81.937622        0.011003
BFGS:  156 09:48:39      -81.937660        0.013544
BFGS:  157 09:48:39      -81.937691        0.013978
BFGS:  158 09:48:39      -81.937721        0.012138
BFGS:  159 09:48:39      -81.937767        0.012569
BFGS:  160 09:48:40      -81.937828        0.015192
BFGS:  161 09:48:40      -81.937881        0.016096
BFGS:  162 09:48:40      -81.937920        0.016806
BFGS:  163 09:48:41      -81.937965        0.015915
BFGS:  164 09:48:41      -81.938011        0.013645
BFGS:  165 09:48:41      -81.938072        0.011604
BFGS:  166 09:48:42      -81.938087        0.009026
